<?xml version="1.0" encoding="UTF-8"?>
<testsuite name="Connect_Console.connect_console_financial_service.connect_console_kyc_request_information.connect_console_kyc_request_information_mutations.mutations" tests="2" skipped="0" failures="0" errors="0" timestamp="2023-07-17T14:31:30" hostname="DESKTOP-0SGIEQL" time="1.291">
  <properties/>
  <testcase name="KycBulkRequest" classname="Connect_Console.connect_console_financial_service.connect_console_kyc_request_information.connect_console_kyc_request_information_mutations.mutations" time="0.475"/>
  <testcase name="KycRequest" classname="Connect_Console.connect_console_financial_service.connect_console_kyc_request_information.connect_console_kyc_request_information_mutations.mutations" time="0.815"/>
  <system-out><![CDATA[HTTP/1.1 200 OK
Date: Mon, 17 Jul 2023 14:31:31 GMT
Content-Type: application/json; charset=utf-8
Transfer-Encoding: chunked
Connection: keep-alive
x-powered-by: Express
access-control-allow-origin: *
etag: W/"7c-sMA37C6irskN+GJp+gS9p9IkBz0"
strict-transport-security: max-age=15724800; includeSubDomains
CF-Cache-Status: DYNAMIC
Report-To: {"endpoints":[{"url":"https:\/\/a.nel.cloudflare.com\/report\/v3?s=vyWLLzvrEZuvmSkW78yD5SgUkuYwotoo8Jta2nYiOhYTuk3L7GCGby%2FE8laLzQVgmiVpT0uV1S1UX5G14hja4oG8aHbCNiZTbl3TGMhBKfKykBEsj26eUykpmYYtfU6HSa7IY7IOLxPy90561pI5ouQBLO21WvSH90VaGGd4iJUES1wG8g%3D%3D"}],"group":"cf-nel","max_age":604800}
NEL: {"success_fraction":0,"report_to":"cf-nel","max_age":604800}
Server: cloudflare
CF-RAY: 7e83306429503378-DAC
Content-Encoding: gzip
alt-svc: h3=":443"; ma=86400

{
    "data": {
        "connectConsoleFinancialServiceKycRequestInformationClientKycBulkRequest": "File has been successfully uploaded."
    }
}
Message is: File has been successfully uploaded.
Array is not null
HTTP/1.1 200 OK
Date: Mon, 17 Jul 2023 14:31:32 GMT
Content-Type: application/json; charset=utf-8
Transfer-Encoding: chunked
Connection: keep-alive
x-powered-by: Express
access-control-allow-origin: *
etag: W/"9d-obPA3hprrU5tXnfn2WTM48qx4Pg"
strict-transport-security: max-age=15724800; includeSubDomains
CF-Cache-Status: DYNAMIC
Report-To: {"endpoints":[{"url":"https:\/\/a.nel.cloudflare.com\/report\/v3?s=nu9V0gBYfdkN3K%2BsW1St64SWCnpqi3cxg4qlqnSJTID0dbtnFj8H4P1t9vO5Iaw0D55bF4JOupZViWOJupkK4SG%2FFw89AeMKA1WvxzKX7vQVTIQFglGUKOTR0sGrc8GtZg9ipbS7oVEFCjT6w3K65S%2BIiGs%2FQI9HvV1YinUmo1guctW5Ow%3D%3D"}],"group":"cf-nel","max_age":604800}
NEL: {"success_fraction":0,"report_to":"cf-nel","max_age":604800}
Server: cloudflare
CF-RAY: 7e8330686b613366-DAC
Content-Encoding: gzip
alt-svc: h3=":443"; ma=86400

{
    "data": {
        "connectConsoleFinancialServiceKycRequestInformationClientKycRequest": {
            "id": "afa674c1-97ed-4401-948b-bb413046633e",
            "kyc_request_no": "KLS3R3P44P"
        }
    }
}
{"data":{"connectConsoleFinancialServiceKycRequestInformationClientKycRequest":{"id":"afa674c1-97ed-4401-948b-bb413046633e","kyc_request_no":"KLS3R3P44P"}}}

kyc_request_no is KLS3R3P44P
Expected Matching true
Array is not null
]]></system-out>
  <system-err><![CDATA[]]></system-err>
</testsuite>
