<?xml version="1.0" encoding="UTF-8"?>
<testsuite name="Connect_Console.connect_console_financial_service.connect_console_kyc_request_information.connect_console_kyc_request_information_queries.queries" tests="4" skipped="0" failures="1" errors="0" timestamp="2023-07-17T14:30:54" hostname="DESKTOP-0SGIEQL" time="36.138">
  <properties/>
  <testcase name="KycRequestInformation" classname="Connect_Console.connect_console_financial_service.connect_console_kyc_request_information.connect_console_kyc_request_information_queries.queries" time="6.383">
    <failure message="java.lang.AssertionError: 1 expectation failed.&#10;Expected status code &lt;200&gt; but was &lt;400&gt;.&#10;" type="java.lang.AssertionError">java.lang.AssertionError: 1 expectation failed.
Expected status code &lt;200&gt; but was &lt;400&gt;.

	at sun.reflect.NativeConstructorAccessorImpl.newInstance0(Native Method)
	at sun.reflect.NativeConstructorAccessorImpl.newInstance(NativeConstructorAccessorImpl.java:62)
	at sun.reflect.DelegatingConstructorAccessorImpl.newInstance(DelegatingConstructorAccessorImpl.java:45)
	at java.lang.reflect.Constructor.newInstance(Constructor.java:423)
	at org.codehaus.groovy.reflection.CachedConstructor.invoke(CachedConstructor.java:72)
	at org.codehaus.groovy.reflection.CachedConstructor.doConstructorInvoke(CachedConstructor.java:59)
	at org.codehaus.groovy.runtime.callsite.ConstructorSite$ConstructorSiteNoUnwrap.callConstructor(ConstructorSite.java:84)
	at org.codehaus.groovy.runtime.callsite.CallSiteArray.defaultCallConstructor(CallSiteArray.java:59)
	at org.codehaus.groovy.runtime.callsite.AbstractCallSite.callConstructor(AbstractCallSite.java:263)
	at org.codehaus.groovy.runtime.callsite.AbstractCallSite.callConstructor(AbstractCallSite.java:277)
	at io.restassured.internal.ResponseSpecificationImpl$HamcrestAssertionClosure.validate(ResponseSpecificationImpl.groovy:493)
	at io.restassured.internal.ResponseSpecificationImpl$HamcrestAssertionClosure$validate$1.call(Unknown Source)
	at org.codehaus.groovy.runtime.callsite.CallSiteArray.defaultCall(CallSiteArray.java:47)
	at org.codehaus.groovy.runtime.callsite.AbstractCallSite.call(AbstractCallSite.java:125)
	at org.codehaus.groovy.runtime.callsite.AbstractCallSite.call(AbstractCallSite.java:139)
	at io.restassured.internal.ResponseSpecificationImpl.validateResponseIfRequired(ResponseSpecificationImpl.groovy:674)
	at sun.reflect.NativeMethodAccessorImpl.invoke0(Native Method)
	at sun.reflect.NativeMethodAccessorImpl.invoke(NativeMethodAccessorImpl.java:62)
	at sun.reflect.DelegatingMethodAccessorImpl.invoke(DelegatingMethodAccessorImpl.java:43)
	at java.lang.reflect.Method.invoke(Method.java:498)
	at org.codehaus.groovy.runtime.callsite.PlainObjectMetaMethodSite.doInvoke(PlainObjectMetaMethodSite.java:43)
	at org.codehaus.groovy.runtime.callsite.PogoMetaMethodSite$PogoCachedMethodSiteNoUnwrapNoCoerce.invoke(PogoMetaMethodSite.java:193)
	at org.codehaus.groovy.runtime.callsite.PogoMetaMethodSite.callCurrent(PogoMetaMethodSite.java:61)
	at org.codehaus.groovy.runtime.callsite.CallSiteArray.defaultCallCurrent(CallSiteArray.java:51)
	at org.codehaus.groovy.runtime.callsite.AbstractCallSite.callCurrent(AbstractCallSite.java:171)
	at org.codehaus.groovy.runtime.callsite.AbstractCallSite.callCurrent(AbstractCallSite.java:185)
	at io.restassured.internal.ResponseSpecificationImpl.statusCode(ResponseSpecificationImpl.groovy:126)
	at io.restassured.specification.ResponseSpecification$statusCode$0.callCurrent(Unknown Source)
	at org.codehaus.groovy.runtime.callsite.CallSiteArray.defaultCallCurrent(CallSiteArray.java:51)
	at org.codehaus.groovy.runtime.callsite.AbstractCallSite.callCurrent(AbstractCallSite.java:171)
	at org.codehaus.groovy.runtime.callsite.AbstractCallSite.callCurrent(AbstractCallSite.java:185)
	at io.restassured.internal.ResponseSpecificationImpl.statusCode(ResponseSpecificationImpl.groovy:134)
	at io.restassured.internal.ValidatableResponseOptionsImpl.statusCode(ValidatableResponseOptionsImpl.java:89)
	at io.restassured.internal.ValidatableResponseImpl.super$2$statusCode(ValidatableResponseImpl.groovy)
	at sun.reflect.NativeMethodAccessorImpl.invoke0(Native Method)
	at sun.reflect.NativeMethodAccessorImpl.invoke(NativeMethodAccessorImpl.java:62)
	at sun.reflect.DelegatingMethodAccessorImpl.invoke(DelegatingMethodAccessorImpl.java:43)
	at java.lang.reflect.Method.invoke(Method.java:498)
	at org.codehaus.groovy.reflection.CachedMethod.invoke(CachedMethod.java:107)
	at groovy.lang.MetaMethod.doMethodInvoke(MetaMethod.java:323)
	at groovy.lang.MetaClassImpl.invokeMethod(MetaClassImpl.java:1268)
	at org.codehaus.groovy.runtime.ScriptBytecodeAdapter.invokeMethodOnSuperN(ScriptBytecodeAdapter.java:144)
	at io.restassured.internal.ValidatableResponseImpl.statusCode(ValidatableResponseImpl.groovy:142)
	at io.restassured.internal.ValidatableResponseImpl.statusCode(ValidatableResponseImpl.groovy)
	at Connect_Console.connect_console_financial_service.TestCase.queryKycRequestInformation(TestCase.java:163)
	at Connect_Console.connect_console_financial_service.connect_console_kyc_request_information.connect_console_kyc_request_information_queries.queries.KycRequestInformation(queries.java:29)
	at sun.reflect.NativeMethodAccessorImpl.invoke0(Native Method)
	at sun.reflect.NativeMethodAccessorImpl.invoke(NativeMethodAccessorImpl.java:62)
	at sun.reflect.DelegatingMethodAccessorImpl.invoke(DelegatingMethodAccessorImpl.java:43)
	at java.lang.reflect.Method.invoke(Method.java:498)
	at org.testng.internal.MethodInvocationHelper.invokeMethod(MethodInvocationHelper.java:134)
	at org.testng.internal.TestInvoker.invokeMethod(TestInvoker.java:597)
	at org.testng.internal.TestInvoker.invokeTestMethod(TestInvoker.java:173)
	at org.testng.internal.MethodRunner.runInSequence(MethodRunner.java:46)
	at org.testng.internal.TestInvoker$MethodInvocationAgent.invoke(TestInvoker.java:816)
	at org.testng.internal.TestInvoker.invokeTestMethods(TestInvoker.java:146)
	at org.testng.internal.TestMethodWorker.invokeTestMethods(TestMethodWorker.java:146)
	at org.testng.internal.TestMethodWorker.run(TestMethodWorker.java:128)
	at java.util.ArrayList.forEach(ArrayList.java:1259)
	at org.testng.TestRunner.privateRun(TestRunner.java:766)
	at org.testng.TestRunner.run(TestRunner.java:587)
	at org.testng.SuiteRunner.runTest(SuiteRunner.java:384)
	at org.testng.SuiteRunner.runSequentially(SuiteRunner.java:378)
	at org.testng.SuiteRunner.privateRun(SuiteRunner.java:337)
	at org.testng.SuiteRunner.run(SuiteRunner.java:286)
	at org.testng.SuiteRunnerWorker.runSuite(SuiteRunnerWorker.java:53)
	at org.testng.SuiteRunnerWorker.run(SuiteRunnerWorker.java:96)
	at org.testng.TestNG.runSuitesSequentially(TestNG.java:1187)
	at org.testng.TestNG.runSuitesLocally(TestNG.java:1109)
	at org.testng.TestNG.runSuites(TestNG.java:1039)
	at org.testng.TestNG.run(TestNG.java:1007)
	at org.gradle.api.internal.tasks.testing.testng.TestNGTestClassProcessor.runTests(TestNGTestClassProcessor.java:141)
	at org.gradle.api.internal.tasks.testing.testng.TestNGTestClassProcessor.stop(TestNGTestClassProcessor.java:90)
	at org.gradle.api.internal.tasks.testing.SuiteTestClassProcessor.stop(SuiteTestClassProcessor.java:61)
	at sun.reflect.NativeMethodAccessorImpl.invoke0(Native Method)
	at sun.reflect.NativeMethodAccessorImpl.invoke(NativeMethodAccessorImpl.java:62)
	at sun.reflect.DelegatingMethodAccessorImpl.invoke(DelegatingMethodAccessorImpl.java:43)
	at java.lang.reflect.Method.invoke(Method.java:498)
	at org.gradle.internal.dispatch.ReflectionDispatch.dispatch(ReflectionDispatch.java:36)
	at org.gradle.internal.dispatch.ReflectionDispatch.dispatch(ReflectionDispatch.java:24)
	at org.gradle.internal.dispatch.ContextClassLoaderDispatch.dispatch(ContextClassLoaderDispatch.java:33)
	at org.gradle.internal.dispatch.ProxyDispatchAdapter$DispatchingInvocationHandler.invoke(ProxyDispatchAdapter.java:94)
	at com.sun.proxy.$Proxy2.stop(Unknown Source)
	at org.gradle.api.internal.tasks.testing.worker.TestWorker$3.run(TestWorker.java:193)
	at org.gradle.api.internal.tasks.testing.worker.TestWorker.executeAndMaintainThreadName(TestWorker.java:129)
	at org.gradle.api.internal.tasks.testing.worker.TestWorker.execute(TestWorker.java:100)
	at org.gradle.api.internal.tasks.testing.worker.TestWorker.execute(TestWorker.java:60)
	at org.gradle.process.internal.worker.child.ActionExecutionWorker.execute(ActionExecutionWorker.java:56)
	at org.gradle.process.internal.worker.child.SystemApplicationClassLoaderWorker.call(SystemApplicationClassLoaderWorker.java:133)
	at org.gradle.process.internal.worker.child.SystemApplicationClassLoaderWorker.call(SystemApplicationClassLoaderWorker.java:71)
	at worker.org.gradle.process.internal.worker.GradleWorkerMain.run(GradleWorkerMain.java:69)
	at worker.org.gradle.process.internal.worker.GradleWorkerMain.main(GradleWorkerMain.java:74)
</failure>
  </testcase>
  <testcase name="UserInfoFindAll" classname="Connect_Console.connect_console_financial_service.connect_console_kyc_request_information.connect_console_kyc_request_information_queries.queries" time="3.054"/>
  <testcase name="countryInfo" classname="Connect_Console.connect_console_financial_service.connect_console_kyc_request_information.connect_console_kyc_request_information_queries.queries" time="25.4"/>
  <testcase name="login" classname="Connect_Console.connect_console_financial_service.connect_console_kyc_request_information.connect_console_kyc_request_information_queries.queries" time="1.292"/>
  <system-out><![CDATA[HTTP/1.1 400 Bad Request
Date: Mon, 17 Jul 2023 14:30:59 GMT
Content-Type: application/json; charset=utf-8
Content-Length: 1303
Connection: keep-alive
x-powered-by: Express
access-control-allow-origin: *
etag: W/"517-/5eU/y8q1HBMo8z4rhKODEooyHk"
strict-transport-security: max-age=15724800; includeSubDomains
CF-Cache-Status: DYNAMIC
Report-To: {"endpoints":[{"url":"https:\/\/a.nel.cloudflare.com\/report\/v3?s=2bTzjfpRq1cc7NKUgVI6mUB2hRA7c3g%2B0BnS5pbNBYtb0SmSzjyhZlBEMtPssc7nwde8Cqvy4BgAxuE13X7qnHZqBJ7L%2BSCzPtGf9mNE5TZB2ZFKWBSOe3aN7Ulnq3N75DtExBl9xHrf0pYxsvJQojGzvSMJs5jKugcQ3qB1k6O2ZVwmEw%3D%3D"}],"group":"cf-nel","max_age":604800}
NEL: {"success_fraction":0,"report_to":"cf-nel","max_age":604800}
Server: cloudflare
CF-RAY: 7e832f9b7a883368-DAC
alt-svc: h3=":443"; ma=86400

{
    "errors": [
        {
            "message": "Field \"connectConsoleFinancialServiceKycRequestInformationClientKycRequestsByUserAndApp\" argument \"app_id\" of type \"String!\" is required, but it was not provided.",
            "locations": [
                {
                    "line": 2,
                    "column": 3
                }
            ],
            "extensions": {
                "code": "GRAPHQL_VALIDATION_FAILED",
                "exception": {
                    "stacktrace": [
                        "GraphQLError: Field \"connectConsoleFinancialServiceKycRequestInformationClientKycRequestsByUserAndApp\" argument \"app_id\" of type \"String!\" is required, but it was not provided.",
                        "    at Object.leave (/app/node_modules/graphql/validation/rules/ProvidedRequiredArgumentsRule.js:62:33)",
                        "    at Object.leave (/app/node_modules/graphql/language/visitor.js:344:29)",
                        "    at Object.leave (/app/node_modules/graphql/utilities/TypeInfo.js:390:21)",
                        "    at visit (/app/node_modules/graphql/language/visitor.js:243:26)",
                        "    at validate (/app/node_modules/graphql/validation/validate.js:69:24)",
                        "    at validate (/app/node_modules/apollo-server-core/dist/requestPipeline.js:186:39)",
                        "    at processGraphQLRequest (/app/node_modules/apollo-server-core/dist/requestPipeline.js:98:34)",
                        "    at runMicrotasks (<anonymous>)",
                        "    at processTicksAndRejections (internal/process/task_queues.js:95:5)",
                        "    at async processHTTPRequest (/app/node_modules/apollo-server-core/dist/runHttpQuery.js:220:30)"
                    ]
                }
            }
        }
    ]
}
HTTP/1.1 200 OK
Date: Mon, 17 Jul 2023 14:31:03 GMT
Content-Type: application/json; charset=utf-8
Transfer-Encoding: chunked
Connection: keep-alive
x-powered-by: Express
access-control-allow-origin: *
etag: W/"1ac-zMHWI7DStvpNamwkKUJuh15Kjhs"
strict-transport-security: max-age=15724800; includeSubDomains
CF-Cache-Status: DYNAMIC
Report-To: {"endpoints":[{"url":"https:\/\/a.nel.cloudflare.com\/report\/v3?s=Od9Z7oMUt5gW%2Ffu1C56n9AptO1VI6JmUe%2FGWVl6up8stQ7PSoDGJM%2B2AJYUJxR6%2BL0z9xQ0sThEbXmyrSg%2BGZnF9Nsj8NwU0WHWwN9KtWra6qwjzPWvEJB1r15k0RiVOpDGamNXKC600o1Odcx4w2BmfSD3YWpbosJkIu%2BUW0F5cTGliTw%3D%3D"}],"group":"cf-nel","max_age":604800}
NEL: {"success_fraction":0,"report_to":"cf-nel","max_age":604800}
Server: cloudflare
CF-RAY: 7e832fb56ff9336c-DAC
Content-Encoding: gzip
alt-svc: h3=":443"; ma=86400

{
    "data": {
        "connectConsoleUserServiceUserInformationFindAll": [
            {
                "connect_id": "+8801521315574",
                "last_name": "Shuvo"
            },
            {
                "connect_id": "+8801818315008",
                "last_name": "Ahmad"
            },
            {
                "connect_id": "+8801303865986",
                "last_name": "Hasan"
            },
            {
                "connect_id": "+8801674831500",
                "last_name": "Haque"
            },
            {
                "connect_id": "+8801722488810",
                "last_name": "Alam"
            },
            {
                "connect_id": "+8801713339998",
                "last_name": "Ansari"
            },
            {
                "connect_id": "+8801701050966",
                "last_name": "Hossan"
            }
        ]
    }
}
{"data":{"connectConsoleUserServiceUserInformationFindAll":[{"connect_id":"+8801521315574","last_name":"Shuvo"},{"connect_id":"+8801818315008","last_name":"Ahmad"},{"connect_id":"+8801303865986","last_name":"Hasan"},{"connect_id":"+8801674831500","last_name":"Haque"},{"connect_id":"+8801722488810","last_name":"Alam"},{"connect_id":"+8801713339998","last_name":"Ansari"},{"connect_id":"+8801701050966","last_name":"Hossan"}]}}

Array is [{connect_id=+8801521315574, last_name=Shuvo}, {connect_id=+8801818315008, last_name=Ahmad}, {connect_id=+8801303865986, last_name=Hasan}, {connect_id=+8801674831500, last_name=Haque}, {connect_id=+8801722488810, last_name=Alam}, {connect_id=+8801713339998, last_name=Ansari}, {connect_id=+8801701050966, last_name=Hossan}]
Array is Not null
+8801521315574
Shuvo
HTTP/1.1 200 OK
Date: Mon, 17 Jul 2023 14:31:28 GMT
Content-Type: application/json; charset=utf-8
Transfer-Encoding: chunked
Connection: keep-alive
x-powered-by: Express
access-control-allow-origin: *
etag: W/"11662a-pY+zp1ybHtAO59vGP5Tkbqh8glY"
strict-transport-security: max-age=15724800; includeSubDomains
CF-Cache-Status: DYNAMIC
Report-To: {"endpoints":[{"url":"https:\/\/a.nel.cloudflare.com\/report\/v3?s=LlFG%2FCHLmeEcel1yT2CN4ERzuPAcFpNW8j106fDdxrVk80g%2FJfwRpvPgVN08ewjM9Y%2BfCRJKygiDYOQ5jBqpVZxlLyna46CRY%2F%2Fo1nnrCmugJYPyyx0szf3GXw3NYl%2FsqgKqHHAe9wKB2wr9QD7hcFDVG4IdlosDbEjV0XcmdIBJ1gtVJQ%3D%3D"}],"group":"cf-nel","max_age":604800}
NEL: {"success_fraction":0,"report_to":"cf-nel","max_age":604800}
Server: cloudflare
CF-RAY: 7e832fbcaee33378-DAC
Content-Encoding: gzip
alt-svc: h3=":443"; ma=86400

{
    "data": {
        "coreLocalisationServiceCountryInformationFindAll": [
            {
                "id": "5e9f919f-2d42-42ec-8b6c-adf7f7b3cd0b",
                "region": {
                    "countries": [
                        {
                            "name": "Angola",
                            "id": "5e9f919f-2d42-42ec-8b6c-adf7f7b3cd0b",
                            "districts": [
                                
                            ]
                        },
                        {
                            "name": "Cabo Verde",
                            "id": "e5489353-76dd-4d8d-b61e-d349c6356c68",
                            "districts": [
                                
                            ]
                        },
                        {
                            "name": "Mali",
                            "id": "dd9791d1-fea1-4b9d-9076-37e499de6307",
                            "districts": [
                                
                            ]
                        },
                        {
                            "name": "British Indian Ocean Territory",
                            "id": "20479535-b47b-41ba-8cab-b7024bd8ec82",
                            "districts": [
                                
                            ]
                        },
                        {
                            "name": "Gambia",
                            "id": "efec8f57-a2fb-4f95-b662-d72b21d301ed",
                            "districts": [
                                
                            ]
                        },
                        {
                            "name": "Zambia",
                            "id": "4992bec5-10a9-49df-ad13-69aa7cdcfef6",
                            "districts": [
                                
                            ]
                        },
                        {
                            "name": "Eswatini",
                            "id": "d044d249-e941-47bb-8fae-8cab328ca575",
                            "districts": [
                                
                            ]
                        },
                        {
                            "name": "Mayotte",
                            "id": "f4b83278-abe2-46f6-b0c0-50eceba9a35f",
                            "districts": [
                                
                            ]
                        },
                        {
                            "name": "Burundi",
                            "id": "310ab811-40b5-48da-8a66-e7562f4cf9d1",
                            "districts": [
                                
                            ]
                        },
                        {
                            "name": "Liberia",
                            "id": "86d6e276-b027-4cf8-ad4d-c4793b3425cf",
                            "districts": [
                                
                            ]
                        },
                        {
                            "name": "Mauritius",
                            "id": "a06fe50f-4ff3-483a-83c6-01ce4068ab36",
                            "districts": [
                                
                            ]
                        },
                        {
                            "name": "Sao Tome and Principe",
                            "id": "712df7d0-5d1b-401b-a832-911354b38baf",
                            "districts": [
                                
                            ]
                        },
                        {
                            "name": "Senegal",
                            "id": "990cb125-2ede-4648-b5d4-698d0e6ad712",
                            "districts": [
                                
                            ]
                        },
                        {
                            "name": "Botswana",
                            "id": "f177f103-59bd-4527-831e-101af0a373bd",
                            "districts": [
                                
                            ]
                        },
                        {
                            "name": "Rwanda",
                            "id": "5507db6a-9757-40e2-a498-f8cb8df70fb8",
                            "districts": [
                                
                            ]
                        },
                        {
                            "name": "Niger",
                            "id": "74150778-002b-4ca3-a064-41c5cad3f026",
                            "districts": [
                                
                            ]
                        },
                        {
                            "name": "Benin",
                            "id": "ec5d7439-de38-46d4-8a31-7b23b9525984",
                            "districts": [
                                
                            ]
                        },
                        {
                            "name": "Réunion",
                            "id": "e0f20522-cffc-4e66-8e7d-9334f35fce95",
                            "districts": [
                                
                            ]
                        },
                        {
                            "name": "South Africa",
                            "id": "9a7647d2-60ca-429d-90e5-905edaff872c",
                            "districts": [
                                
                            ]
                        },
                        {
                            "name": "Ghana",
                            "id": "9662349e-2c36-496a-83d5-6f746ae768a7",
                            "districts": [
                                
                            ]
                        },
                        {
                            "name": "Congo",
                            "id": "33c8a05e-4d63-49cd-a5f1-0f4a1d5ab13e",
                            "districts": [
                                
                            ]
                        },
                        {
                            "name": "Guinea-Bissau",
                            "id": "64d1845d-1963-40bc-a31b-1f45084f1644",
                            "districts": [
                                
                            ]
                        },
                        {
                            "name": "Togo",
                            "id": "9d383757-b95f-44da-b535-3887ed82679f",
                            "districts": [
                                
                            ]
                        },
                        {
                            "name": "Namibia",
                            "id": "cf9f295f-bf4c-4a8b-8738-53c6a9ed55b1",
                            "districts": [
                                
                            ]
                        },
                        {
                            "name": "Djibouti",
                            "id": "ba974fdc-3dea-4b6b-a2f3-34624faa59a7",
                            "districts": [
                                
                            ]
                        },
                        {
                            "name": "Gabon",
                            "id": "8f6be81f-6b58-4a61-b684-5c2d620a0e74",
                            "districts": [
                                
                            ]
                        },
                        {
                            "name": "Lesotho",
                            "id": "300752f4-088e-403c-95b0-7a670c09f8cc",
                            "districts": [
                                
                            ]
                        },
                        {
                            "name": "Madagascar",
                            "id": "eb4c5e71-f839-4f3c-8e93-49ef57f4fe8d",
                            "districts": [
                                
                            ]
                        },
                        {
                            "name": "Uganda",
                            "id": "b1693449-e104-47c0-94db-f55cc6c850d5",
                            "districts": [
                                
                            ]
                        },
                        {
                            "name": "Côte d\"Ivoire",
                            "id": "59276e01-0d64-487a-aec6-332ae91f9909",
                            "districts": [
                                
                            ]
                        },
                        {
                            "name": "Nigeria",
                            "id": "3c94aa61-055d-4c38-a40b-67dff395beda",
                            "districts": [
                                
                            ]
                        },
                        {
                            "name": "Zimbabwe",
                            "id": "bfbf9853-bae3-4e57-b7cd-1e9228e8b1f3",
                            "districts": [
                                
                            ]
                        },
                        {
                            "name": "Seychelles",
                            "id": "4c63d1f6-87ba-45f1-9414-eb22bfba46c2",
                            "districts": [
                                
                            ]
                        },
                        {
                            "name": "Cameroon",
                            "id": "0495fba0-693d-433a-a9ef-6bc2ccab6093",
                            "districts": [
                                
                            ]
                        },
                        {
                            "name": "Guinea",
                            "id": "eda1a6fb-f95b-4664-b352-8a468c499b34",
                            "districts": [
                                
                            ]
                        },
                        {
                            "name": "Kenya",
                            "id": "06702720-9c60-4210-8eed-8824f1cc80c2",
                            "districts": [
                                
                            ]
                        },
                        {
                            "name": "Mozambique",
                            "id": "df394703-b3a5-4d0f-aa33-db8b10ba29ab",
                            "districts": [
                                
                            ]
                        },
                        {
                            "name": "Saint Helena, Ascension and Tristan da Cunha",
                            "id": "e379e052-1704-4e98-b4fd-fdac7ca1f9a0",
                            "districts": [
                                
                            ]
                        },
                        {
                            "name": "Ethiopia",
                            "id": "77d5d6a2-5f01-41b8-b06d-88b9efc618f8",
                            "districts": [
                                
                            ]
                        },
                        {
                            "name": "Comoros",
                            "id": "ae0a4c53-9eea-4b4f-b7ab-98750eb58582",
                            "districts": [
                                
                            ]
                        },
                        {
                            "name": "Malawi",
                            "id": "31ffdf7e-d375-4c19-8b4c-6ac8e4486727",
                            "districts": [
                                
                            ]
                        },
                        {
                            "name": "Somalia",
                            "id": "630c356f-e198-4cd0-8e91-b29002c2aca7",
                            "districts": [
                                
                            ]
                        },
                        {
                            "name": "Congo, Democratic Republic of the",
                            "id": "55a5fe27-565c-4963-88c0-9a3ec24dea5c",
                            "districts": [
                                
                            ]
                        },
                        {
                            "name": "Equatorial Guinea",
                            "id": "9d2dd243-9754-4962-a556-6dbbf85b248a",
                            "districts": [
                                
                            ]
                        },
                        {
                            "name": "Chad",
                            "id": "4c4abd99-f4df-4fee-bac5-e2a1eef7ec0f",
                            "districts": [
                                
                            ]
                        },
                        {
                            "name": "Tanzania, United Republic of",
                            "id": "30d8662e-655f-43c8-b307-a2dc0046ebe5",
                            "districts": [
                                
                            ]
                        },
                        {
                            "name": "Sierra Leone",
                            "id": "e2135c5c-dfd3-4d44-b16f-0c29186836ce",
                            "districts": [
                                
                            ]
                        },
                        {
                            "name": "Eritrea",
                            "id": "bdd50ea2-c82d-44e8-b493-09892c245a6d",
                            "districts": [
                                
                            ]
                        },
                        {
                            "name": "Central African Republic",
                            "id": "59d2224e-e8a9-4e08-bf66-6ca50cf3d5e7",
                            "districts": [
                                
                            ]
                        },
                        {
                            "name": "South Sudan",
                            "id": "96e00183-809e-408c-b2f2-0042a6a8a8ba",
                            "districts": [
                                
                            ]
                        },
                        {
                            "name": "Mauritania",
                            "id": "780c64c4-cea5-4b78-85af-7be29c96025f",
                            "districts": [
                                
                            ]
                        },
                        {
                            "name": "Burkina Faso",
                            "id": "cedf0037-0cb1-4ad8-8a83-9ae64bc44992",
                            "districts": [
                                
                            ]
                        }
                    ]
                }
            },
            {
                "id": "e5489353-76dd-4d8d-b61e-d349c6356c68",
                "region": {
                    "countries": [
                        {
                            "name": "Angola",
                            "id": "5e9f919f-2d42-42ec-8b6c-adf7f7b3cd0b",
                            "districts": [
                                
                            ]
                        },
                        {
                            "name": "Cabo Verde",
                            "id": "e5489353-76dd-4d8d-b61e-d349c6356c68",
                            "districts": [
                                
                            ]
                        },
                        {
                            "name": "Mali",
                            "id": "dd9791d1-fea1-4b9d-9076-37e499de6307",
                            "districts": [
                                
                            ]
                        },
                        {
                            "name": "British Indian Ocean Territory",
                            "id": "20479535-b47b-41ba-8cab-b7024bd8ec82",
                            "districts": [
                                
                            ]
                        },
                        {
                            "name": "Gambia",
                            "id": "efec8f57-a2fb-4f95-b662-d72b21d301ed",
                            "districts": [
                                
                            ]
                        },
                        {
                            "name": "Zambia",
                            "id": "4992bec5-10a9-49df-ad13-69aa7cdcfef6",
                            "districts": [
                                
                            ]
                        },
                        {
                            "name": "Eswatini",
                            "id": "d044d249-e941-47bb-8fae-8cab328ca575",
                            "districts": [
                                
                            ]
                        },
                        {
                            "name": "Mayotte",
                            "id": "f4b83278-abe2-46f6-b0c0-50eceba9a35f",
                            "districts": [
                                
                            ]
                        },
                        {
                            "name": "Burundi",
                            "id": "310ab811-40b5-48da-8a66-e7562f4cf9d1",
                            "districts": [
                                
                            ]
                        },
                        {
                            "name": "Liberia",
                            "id": "86d6e276-b027-4cf8-ad4d-c4793b3425cf",
                            "districts": [
                                
                            ]
                        },
                        {
                            "name": "Mauritius",
                            "id": "a06fe50f-4ff3-483a-83c6-01ce4068ab36",
                            "districts": [
                                
                            ]
                        },
                        {
                            "name": "Sao Tome and Principe",
                            "id": "712df7d0-5d1b-401b-a832-911354b38baf",
                            "districts": [
                                
                            ]
                        },
                        {
                            "name": "Senegal",
                            "id": "990cb125-2ede-4648-b5d4-698d0e6ad712",
                            "districts": [
                                
                            ]
                        },
                        {
                            "name": "Botswana",
                            "id": "f177f103-59bd-4527-831e-101af0a373bd",
                            "districts": [
                                
                            ]
                        },
                        {
                            "name": "Rwanda",
                            "id": "5507db6a-9757-40e2-a498-f8cb8df70fb8",
                            "districts": [
                                
                            ]
                        },
                        {
                            "name": "Niger",
                            "id": "74150778-002b-4ca3-a064-41c5cad3f026",
                            "districts": [
                                
                            ]
                        },
                        {
                            "name": "Benin",
                            "id": "ec5d7439-de38-46d4-8a31-7b23b9525984",
                            "districts": [
                                
                            ]
                        },
                        {
                            "name": "Réunion",
                            "id": "e0f20522-cffc-4e66-8e7d-9334f35fce95",
                            "districts": [
                                
                            ]
                        },
                        {
                            "name": "South Africa",
                            "id": "9a7647d2-60ca-429d-90e5-905edaff872c",
                            "districts": [
                                
                            ]
                        },
                        {
                            "name": "Ghana",
                            "id": "9662349e-2c36-496a-83d5-6f746ae768a7",
                            "districts": [
                                
                            ]
                        },
                        {
                            "name": "Congo",
                            "id": "33c8a05e-4d63-49cd-a5f1-0f4a1d5ab13e",
                            "districts": [
                                
                            ]
                        },
                        {
                            "name": "Guinea-Bissau",
                            "id": "64d1845d-1963-40bc-a31b-1f45084f1644",
                            "districts": [
                                
                            ]
                        },
                        {
                            "name": "Togo",
                            "id": "9d383757-b95f-44da-b535-3887ed82679f",
                            "districts": [
                                
                            ]
                        },
                        {
                            "name": "Namibia",
                            "id": "cf9f295f-bf4c-4a8b-8738-53c6a9ed55b1",
                            "districts": [
                                
                            ]
                        },
                        {
                            "name": "Djibouti",
                            "id": "ba974fdc-3dea-4b6b-a2f3-34624faa59a7",
                            "districts": [
                                
                            ]
                        },
                        {
                            "name": "Gabon",
                            "id": "8f6be81f-6b58-4a61-b684-5c2d620a0e74",
                            "districts": [
                                
                            ]
                        },
                        {
                            "name": "Lesotho",
                            "id": "300752f4-088e-403c-95b0-7a670c09f8cc",
                            "districts": [
                                
                            ]
                        },
                        {
                            "name": "Madagascar",
                            "id": "eb4c5e71-f839-4f3c-8e93-49ef57f4fe8d",
                            "districts": [
                                
                            ]
                        },
                        {
                            "name": "Uganda",
                            "id": "b1693449-e104-47c0-94db-f55cc6c850d5",
                            "districts": [
                                
                            ]
                        },
                        {
                            "name": "Côte d\"Ivoire",
                            "id": "59276e01-0d64-487a-aec6-332ae91f9909",
                            "districts": [
                                
                            ]
                        },
                        {
                            "name": "Nigeria",
                            "id": "3c94aa61-055d-4c38-a40b-67dff395beda",
                            "districts": [
                                
                            ]
                        },
                        {
                            "name": "Zimbabwe",
                            "id": "bfbf9853-bae3-4e57-b7cd-1e9228e8b1f3",
                            "districts": [
                                
                            ]
                        },
                        {
                            "name": "Seychelles",
                            "id": "4c63d1f6-87ba-45f1-9414-eb22bfba46c2",
                            "districts": [
                                
                            ]
                        },
                        {
                            "name": "Cameroon",
                            "id": "0495fba0-693d-433a-a9ef-6bc2ccab6093",
                            "districts": [
                                
                            ]
                        },
                        {
                            "name": "Guinea",
                            "id": "eda1a6fb-f95b-4664-b352-8a468c499b34",
                            "districts": [
                                
                            ]
                        },
                        {
                            "name": "Kenya",
                            "id": "06702720-9c60-4210-8eed-8824f1cc80c2",
                            "districts": [
                                
                            ]
                        },
                        {
                            "name": "Mozambique",
                            "id": "df394703-b3a5-4d0f-aa33-db8b10ba29ab",
                            "districts": [
                                
                            ]
                        },
                        {
                            "name": "Saint Helena, Ascension and Tristan da Cunha",
                            "id": "e379e052-1704-4e98-b4fd-fdac7ca1f9a0",
                            "districts": [
                                
                            ]
                        },
                        {
                            "name": "Ethiopia",
                            "id": "77d5d6a2-5f01-41b8-b06d-88b9efc618f8",
                            "districts": [
                                
                            ]
                        },
                        {
                            "name": "Comoros",
                            "id": "ae0a4c53-9eea-4b4f-b7ab-98750eb58582",
                            "districts": [
                                
                            ]
                        },
                        {
                            "name": "Malawi",
                            "id": "31ffdf7e-d375-4c19-8b4c-6ac8e4486727",
                            "districts": [
                                
                            ]
                        },
                        {
                            "name": "Somalia",
                            "id": "630c356f-e198-4cd0-8e91-b29002c2aca7",
                            "districts": [
                                
                            ]
                        },
                        {
                            "name": "Congo, Democratic Republic of the",
                            "id": "55a5fe27-565c-4963-88c0-9a3ec24dea5c",
                            "districts": [
                                
                            ]
                        },
                        {
                            "name": "Equatorial Guinea",
                            "id": "9d2dd243-9754-4962-a556-6dbbf85b248a",
                            "districts": [
                                
                            ]
                        },
                        {
                            "name": "Chad",
                            "id": "4c4abd99-f4df-4fee-bac5-e2a1eef7ec0f",
                            "districts": [
                                
                            ]
                        },
                        {
                            "name": "Tanzania, United Republic of",
                            "id": "30d8662e-655f-43c8-b307-a2dc0046ebe5",
                            "districts": [
                                
                            ]
                        },
                        {
                            "name": "Sierra Leone",
                            "id": "e2135c5c-dfd3-4d44-b16f-0c29186836ce",
                            "districts": [
                                
                            ]
                        },
                        {
                            "name": "Eritrea",
                            "id": "bdd50ea2-c82d-44e8-b493-09892c245a6d",
                            "districts": [
                                
                            ]
                        },
                        {
                            "name": "Central African Republic",
                            "id": "59d2224e-e8a9-4e08-bf66-6ca50cf3d5e7",
                            "districts": [
                                
                            ]
                        },
                        {
                            "name": "South Sudan",
                            "id": "96e00183-809e-408c-b2f2-0042a6a8a8ba",
                            "districts": [
                                
                            ]
                        },
                        {
                            "name": "Mauritania",
                            "id": "780c64c4-cea5-4b78-85af-7be29c96025f",
                            "districts": [
                                
                            ]
                        },
                        {
                            "name": "Burkina Faso",
                            "id": "cedf0037-0cb1-4ad8-8a83-9ae64bc44992",
                            "districts": [
                                
                            ]
                        }
                    ]
                }
            },
            {
                "id": "dd9791d1-fea1-4b9d-9076-37e499de6307",
                "region": {
                    "countries": [
                        {
                            "name": "Angola",
                            "id": "5e9f919f-2d42-42ec-8b6c-adf7f7b3cd0b",
                            "districts": [
                                
                            ]
                        },
                        {
                            "name": "Cabo Verde",
                            "id": "e5489353-76dd-4d8d-b61e-d349c6356c68",
                            "districts": [
                                
                            ]
                        },
                        {
                            "name": "Mali",
                            "id": "dd9791d1-fea1-4b9d-9076-37e499de6307",
                            "districts": [
                                
                            ]
                        },
                        {
                            "name": "British Indian Ocean Territory",
                            "id": "20479535-b47b-41ba-8cab-b7024bd8ec82",
                            "districts": [
                                
                            ]
                        },
                        {
                            "name": "Gambia",
                            "id": "efec8f57-a2fb-4f95-b662-d72b21d301ed",
                            "districts": [
                                
                            ]
                        },
                        {
                            "name": "Zambia",
                            "id": "4992bec5-10a9-49df-ad13-69aa7cdcfef6",
                            "districts": [
                                
                            ]
                        },
                        {
                            "name": "Eswatini",
                            "id": "d044d249-e941-47bb-8fae-8cab328ca575",
                            "districts": [
                                
                            ]
                        },
                        {
                            "name": "Mayotte",
                            "id": "f4b83278-abe2-46f6-b0c0-50eceba9a35f",
                            "districts": [
                                
                            ]
                        },
                        {
                            "name": "Burundi",
                            "id": "310ab811-40b5-48da-8a66-e7562f4cf9d1",
                            "districts": [
                                
                            ]
                        },
                        {
                            "name": "Liberia",
                            "id": "86d6e276-b027-4cf8-ad4d-c4793b3425cf",
                            "districts": [
                                
                            ]
                        },
                        {
                            "name": "Mauritius",
                            "id": "a06fe50f-4ff3-483a-83c6-01ce4068ab36",
                            "districts": [
                                
                            ]
                        },
                        {
                            "name": "Sao Tome and Principe",
                            "id": "712df7d0-5d1b-401b-a832-911354b38baf",
                            "districts": [
                                
                            ]
                        },
                        {
                            "name": "Senegal",
                            "id": "990cb125-2ede-4648-b5d4-698d0e6ad712",
                            "districts": [
                                
                            ]
                        },
                        {
                            "name": "Botswana",
                            "id": "f177f103-59bd-4527-831e-101af0a373bd",
                            "districts": [
                                
                            ]
                        },
                        {
                            "name": "Rwanda",
                            "id": "5507db6a-9757-40e2-a498-f8cb8df70fb8",
                            "districts": [
                                
                            ]
                        },
                        {
                            "name": "Niger",
                            "id": "74150778-002b-4ca3-a064-41c5cad3f026",
                            "districts": [
                                
                            ]
                        },
                        {
                            "name": "Benin",
                            "id": "ec5d7439-de38-46d4-8a31-7b23b9525984",
                            "districts": [
                                
                            ]
                        },
                        {
                            "name": "Réunion",
                            "id": "e0f20522-cffc-4e66-8e7d-9334f35fce95",
                            "districts": [
                                
                            ]
                        },
                        {
                            "name": "South Africa",
                            "id": "9a7647d2-60ca-429d-90e5-905edaff872c",
                            "districts": [
                                
                            ]
                        },
                        {
                            "name": "Ghana",
                            "id": "9662349e-2c36-496a-83d5-6f746ae768a7",
                            "districts": [
                                
                            ]
                        },
                        {
                            "name": "Congo",
                            "id": "33c8a05e-4d63-49cd-a5f1-0f4a1d5ab13e",
                            "districts": [
                                
                            ]
                        },
                        {
                            "name": "Guinea-Bissau",
                            "id": "64d1845d-1963-40bc-a31b-1f45084f1644",
                            "districts": [
                                
                            ]
                        },
                        {
                            "name": "Togo",
                            "id": "9d383757-b95f-44da-b535-3887ed82679f",
                            "districts": [
                                
                            ]
                        },
                        {
                            "name": "Namibia",
                            "id": "cf9f295f-bf4c-4a8b-8738-53c6a9ed55b1",
                            "districts": [
                                
                            ]
                        },
                        {
                            "name": "Djibouti",
                            "id": "ba974fdc-3dea-4b6b-a2f3-34624faa59a7",
                            "districts": [
                                
                            ]
                        },
                        {
                            "name": "Gabon",
                            "id": "8f6be81f-6b58-4a61-b684-5c2d620a0e74",
                            "districts": [
                                
                            ]
                        },
                        {
                            "name": "Lesotho",
                            "id": "300752f4-088e-403c-95b0-7a670c09f8cc",
                            "districts": [
                                
                            ]
                        },
                        {
                            "name": "Madagascar",
                            "id": "eb4c5e71-f839-4f3c-8e93-49ef57f4fe8d",
                            "districts": [
                                
                            ]
                        },
                        {
                            "name": "Uganda",
                            "id": "b1693449-e104-47c0-94db-f55cc6c850d5",
                            "districts": [
                                
                            ]
                        },
                        {
                            "name": "Côte d\"Ivoire",
                            "id": "59276e01-0d64-487a-aec6-332ae91f9909",
                            "districts": [
                                
                            ]
                        },
                        {
                            "name": "Nigeria",
                            "id": "3c94aa61-055d-4c38-a40b-67dff395beda",
                            "districts": [
                                
                            ]
                        },
                        {
                            "name": "Zimbabwe",
                            "id": "bfbf9853-bae3-4e57-b7cd-1e9228e8b1f3",
                            "districts": [
                                
                            ]
                        },
                        {
                            "name": "Seychelles",
                            "id": "4c63d1f6-87ba-45f1-9414-eb22bfba46c2",
                            "districts": [
                                
                            ]
                        },
                        {
                            "name": "Cameroon",
                            "id": "0495fba0-693d-433a-a9ef-6bc2ccab6093",
                            "districts": [
                                
                            ]
                        },
                        {
                            "name": "Guinea",
                            "id": "eda1a6fb-f95b-4664-b352-8a468c499b34",
                            "districts": [
                                
                            ]
                        },
                        {
                            "name": "Kenya",
                            "id": "06702720-9c60-4210-8eed-8824f1cc80c2",
                            "districts": [
                                
                            ]
                        },
                        {
                            "name": "Mozambique",
                            "id": "df394703-b3a5-4d0f-aa33-db8b10ba29ab",
                            "districts": [
                                
                            ]
                        },
                        {
                            "name": "Saint Helena, Ascension and Tristan da Cunha",
                            "id": "e379e052-1704-4e98-b4fd-fdac7ca1f9a0",
                            "districts": [
                                
                            ]
                        },
                        {
                            "name": "Ethiopia",
                            "id": "77d5d6a2-5f01-41b8-b06d-88b9efc618f8",
                            "districts": [
                                
                            ]
                        },
                        {
                            "name": "Comoros",
                            "id": "ae0a4c53-9eea-4b4f-b7ab-98750eb58582",
                            "districts": [
                                
                            ]
                        },
                        {
                            "name": "Malawi",
                            "id": "31ffdf7e-d375-4c19-8b4c-6ac8e4486727",
                            "districts": [
                                
                            ]
                        },
                        {
                            "name": "Somalia",
                            "id": "630c356f-e198-4cd0-8e91-b29002c2aca7",
                            "districts": [
                                
                            ]
                        },
                        {
                            "name": "Congo, Democratic Republic of the",
                            "id": "55a5fe27-565c-4963-88c0-9a3ec24dea5c",
                            "districts": [
                                
                            ]
                        },
                        {
                            "name": "Equatorial Guinea",
                            "id": "9d2dd243-9754-4962-a556-6dbbf85b248a",
                            "districts": [
                                
                            ]
                        },
                        {
                            "name": "Chad",
                            "id": "4c4abd99-f4df-4fee-bac5-e2a1eef7ec0f",
                            "districts": [
                                
                            ]
                        },
                        {
                            "name": "Tanzania, United Republic of",
                            "id": "30d8662e-655f-43c8-b307-a2dc0046ebe5",
                            "districts": [
                                
                            ]
                        },
                        {
                            "name": "Sierra Leone",
                            "id": "e2135c5c-dfd3-4d44-b16f-0c29186836ce",
                            "districts": [
                                
                            ]
                        },
                        {
                            "name": "Eritrea",
                            "id": "bdd50ea2-c82d-44e8-b493-09892c245a6d",
                            "districts": [
                                
                            ]
                        },
                        {
                            "name": "Central African Republic",
                            "id": "59d2224e-e8a9-4e08-bf66-6ca50cf3d5e7",
                            "districts": [
                                
                            ]
                        },
                        {
                            "name": "South Sudan",
                            "id": "96e00183-809e-408c-b2f2-0042a6a8a8ba",
                            "districts": [
                                
                            ]
                        },
                        {
                            "name": "Mauritania",
                            "id": "780c64c4-cea5-4b78-85af-7be29c96025f",
                            "districts": [
                                
                            ]
                        },
                        {
                            "name": "Burkina Faso",
                            "id": "cedf0037-0cb1-4ad8-8a83-9ae64bc44992",
                            "districts": [
                                
                            ]
                        }
                    ]
                }
            },
            {
                "id": "c046ec2c-b375-45c7-9558-cb8adfca0651",
                "region": {
                    "countries": [
                        {
                            "name": "Kyrgyzstan",
                            "id": "c046ec2c-b375-45c7-9558-cb8adfca0651",
                            "districts": [
                                
                            ]
                        },
                        {
                            "name": "Uzbekistan",
                            "id": "997ef444-25be-4a56-896e-bc450f736b57",
                            "districts": [
                                
                            ]
                        },
                        {
                            "name": "Kazakhstan",
                            "id": "26bc4b50-82d3-4b68-817d-795f011ee9af",
                            "districts": [
                                
                            ]
                        },
                        {
                            "name": "Thailand",
                            "id": "b7a44eef-15f4-4b45-bdef-070637f8af87",
                            "districts": [
                                
                            ]
                        },
                        {
                            "name": "Timor-Leste",
                            "id": "5d000f83-13ca-4649-bb2d-d2be565f0a2c",
                            "districts": [
                                
                            ]
                        },
                        {
                            "name": "Lao People\"s Democratic Republic",
                            "id": "98815a15-47a6-4679-86d8-5e1a5214ba11",
                            "districts": [
                                
                            ]
                        },
                        {
                            "name": "Tajikistan",
                            "id": "d1c132e4-e157-47fd-906c-458d7df6ba96",
                            "districts": [
                                
                            ]
                        },
                        {
                            "name": "Turkmenistan",
                            "id": "ecde24a4-68ca-45de-9021-e9c3a446caff",
                            "districts": [
                                
                            ]
                        },
                        {
                            "name": "Viet Nam",
                            "id": "c9d61dfb-f6d4-4ecc-a4a8-b6fc4861376a",
                            "districts": [
                                
                            ]
                        }
                    ]
                }
            },
            {
                "id": "997ef444-25be-4a56-896e-bc450f736b57",
                "region": {
                    "countries": [
                        {
                            "name": "Kyrgyzstan",
                            "id": "c046ec2c-b375-45c7-9558-cb8adfca0651",
                            "districts": [
                                
                            ]
                        },
                        {
                            "name": "Uzbekistan",
                            "id": "997ef444-25be-4a56-896e-bc450f736b57",
                            "districts": [
                                
                            ]
                        },
                        {
                            "name": "Kazakhstan",
                            "id": "26bc4b50-82d3-4b68-817d-795f011ee9af",
                            "districts": [
                                
                            ]
                        },
                        {
                            "name": "Thailand",
                            "id": "b7a44eef-15f4-4b45-bdef-070637f8af87",
                            "districts": [
                                
                            ]
                        },
                        {
                            "name": "Timor-Leste",
                            "id": "5d000f83-13ca-4649-bb2d-d2be565f0a2c",
                            "districts": [
                                
                            ]
                        },
                        {
                            "name": "Lao People\"s Democratic Republic",
                            "id": "98815a15-47a6-4679-86d8-5e1a5214ba11",
                            "districts": [
                                
                            ]
                        },
                        {
                            "name": "Tajikistan",
                            "id": "d1c132e4-e157-47fd-906c-458d7df6ba96",
                            "districts": [
                                
                            ]
                        },
                        {
                            "name": "Turkmenistan",
                            "id": "ecde24a4-68ca-45de-9021-e9c3a446caff",
                            "districts": [
                                
                            ]
                        },
                        {
                            "name": "Viet Nam",
                            "id": "c9d61dfb-f6d4-4ecc-a4a8-b6fc4861376a",
                            "districts": [
                                
                            ]
                        }
                    ]
                }
            },
            {
                "id": "ea7eef91-f8f4-4603-b7a1-d7039e7033e6",
                "region": {
                    "countries": [
                        {
                            "name": "Iran (Islamic Republic of)",
                            "id": "ea7eef91-f8f4-4603-b7a1-d7039e7033e6",
                            "districts": [
                                
                            ]
                        },
                        {
                            "name": "Sri Lanka",
                            "id": "63a03a51-55d6-4a05-91f9-4be04ceff568",
                            "districts": [
                                
                            ]
                        },
                        {
                            "name": "Cambodia",
                            "id": "1c1d7b9c-1af3-4247-9393-6ab5275ed775",
                            "districts": [
                                
                            ]
                        },
                        {
                            "name": "Indonesia",
                            "id": "a0e90a76-7360-4e64-874a-b88b33bff1c6",
                            "districts": [
                                
                            ]
                        },
                        {
                            "name": "Afghanistan",
                            "id": "1d4758ce-9410-46c2-9e4e-2c90c518f469",
                            "districts": [
                                
                            ]
                        },
                        {
                            "name": "Bhutan",
                            "id": "26ac5483-9a31-41bd-b79e-6c82c30cbd75",
                            "districts": [
                                
                            ]
                        },
                        {
                            "name": "Brunei Darussalam",
                            "id": "218b444b-0354-46bd-b768-b8d48eb632e1",
                            "districts": [
                                
                            ]
                        },
                        {
                            "name": "Maldives",
                            "id": "b0305117-6406-4e3f-bd9c-54999c52fd51",
                            "districts": [
                                
                            ]
                        },
                        {
                            "name": "Nepal",
                            "id": "74ec24a7-5308-4b97-890a-a1b2602ab430",
                            "districts": [
                                
                            ]
                        },
                        {
                            "name": "Bangladesh",
                            "id": "6bd284f1-2216-4efc-a80e-218a56731a50",
                            "districts": [
                                {
                                    "id": "052bb7cb-fa24-4e4e-8a1c-c8b5770f81be",
                                    "name": "BARISHAL",
                                    "upazilas": [
                                        {
                                            "name": "AGAILJHARA",
                                            "id": "a87e5293-71fd-4928-a4bc-3fc87b741bd6",
                                            "state": {
                                                "id": "5cbbb439-96e7-4f60-bf2f-abddd0d03e7e",
                                                "name": "BARISAL"
                                            }
                                        },
                                        {
                                            "name": "WAZIRPUR",
                                            "id": "69a7ae9a-af80-4721-8fa7-390bc7a9f056",
                                            "state": {
                                                "id": "5cbbb439-96e7-4f60-bf2f-abddd0d03e7e",
                                                "name": "BARISAL"
                                            }
                                        },
                                        {
                                            "name": "BANARIPARA",
                                            "id": "a1098f6d-e20c-46ff-a695-71d38485dfcd",
                                            "state": {
                                                "id": "5cbbb439-96e7-4f60-bf2f-abddd0d03e7e",
                                                "name": "BARISAL"
                                            }
                                        },
                                        {
                                            "name": "GAURNADI",
                                            "id": "e054f2d4-ba21-423c-8ce2-8790fd3e96e7",
                                            "state": {
                                                "id": "5cbbb439-96e7-4f60-bf2f-abddd0d03e7e",
                                                "name": "BARISAL"
                                            }
                                        },
                                        {
                                            "name": "HIZLA",
                                            "id": "25dc6a64-73d1-41c4-a7a6-3499e419ee76",
                                            "state": {
                                                "id": "5cbbb439-96e7-4f60-bf2f-abddd0d03e7e",
                                                "name": "BARISAL"
                                            }
                                        },
                                        {
                                            "name": "BARISAL_SADAR",
                                            "id": "3e841942-1acf-40d5-a8f8-e76fccbce201",
                                            "state": {
                                                "id": "5cbbb439-96e7-4f60-bf2f-abddd0d03e7e",
                                                "name": "BARISAL"
                                            }
                                        },
                                        {
                                            "name": "BAKERGANJ",
                                            "id": "898bb968-893a-4791-984c-303c28eee8d1",
                                            "state": {
                                                "id": "5cbbb439-96e7-4f60-bf2f-abddd0d03e7e",
                                                "name": "BARISAL"
                                            }
                                        },
                                        {
                                            "name": "BABUGANJ",
                                            "id": "4ecbd185-acfc-4406-8fd6-b3d94387bea9",
                                            "state": {
                                                "id": "5cbbb439-96e7-4f60-bf2f-abddd0d03e7e",
                                                "name": "BARISAL"
                                            }
                                        },
                                        {
                                            "name": "MEHENDIGANJ",
                                            "id": "4f5b876b-a14d-462f-8cea-0b63aa50a888",
                                            "state": {
                                                "id": "5cbbb439-96e7-4f60-bf2f-abddd0d03e7e",
                                                "name": "BARISAL"
                                            }
                                        },
                                        {
                                            "name": "MULADI",
                                            "id": "0084331b-30ca-4576-8b66-503c7b6a2d0c",
                                            "state": {
                                                "id": "5cbbb439-96e7-4f60-bf2f-abddd0d03e7e",
                                                "name": "BARISAL"
                                            }
                                        }
                                    ]
                                },
                                {
                                    "id": "01836026-20ee-4e28-9585-6bde8c8f98a1",
                                    "name": "KURIGRAM",
                                    "upazilas": [
                                        {
                                            "name": "KURIGRAM_SADAR",
                                            "id": "33b43668-894e-4861-a340-9ab38cfac767",
                                            "state": {
                                                "id": "b8c19906-b4fc-4745-ac93-af957934136b",
                                                "name": "RANGPUR"
                                            }
                                        },
                                        {
                                            "name": "BHURUNGAMARI",
                                            "id": "bd6a746c-8e29-4546-9bde-fe70e7c0b1d4",
                                            "state": {
                                                "id": "b8c19906-b4fc-4745-ac93-af957934136b",
                                                "name": "RANGPUR"
                                            }
                                        },
                                        {
                                            "name": "ULIPUR",
                                            "id": "114b95ad-d7c1-4805-addc-2034bc68d133",
                                            "state": {
                                                "id": "b8c19906-b4fc-4745-ac93-af957934136b",
                                                "name": "RANGPUR"
                                            }
                                        },
                                        {
                                            "name": "CHILMARI",
                                            "id": "b74d834a-c4df-4c64-b08b-00fb86c416bd",
                                            "state": {
                                                "id": "b8c19906-b4fc-4745-ac93-af957934136b",
                                                "name": "RANGPUR"
                                            }
                                        },
                                        {
                                            "name": "NAGESHWARI",
                                            "id": "3c5107f8-412a-47a6-a593-75a1577a2fae",
                                            "state": {
                                                "id": "b8c19906-b4fc-4745-ac93-af957934136b",
                                                "name": "RANGPUR"
                                            }
                                        },
                                        {
                                            "name": "RAJARHAT",
                                            "id": "abfb1886-a2ea-4887-afc3-60cc1d194b6e",
                                            "state": {
                                                "id": "b8c19906-b4fc-4745-ac93-af957934136b",
                                                "name": "RANGPUR"
                                            }
                                        },
                                        {
                                            "name": "PHULBARI",
                                            "id": "3580569a-211a-4991-9e10-f52fd97543a6",
                                            "state": {
                                                "id": "b8c19906-b4fc-4745-ac93-af957934136b",
                                                "name": "RANGPUR"
                                            }
                                        },
                                        {
                                            "name": "CHAR RAJIBPUR",
                                            "id": "7d27e425-d2d2-45a9-b7c9-188e05810c0d",
                                            "state": {
                                                "id": "b8c19906-b4fc-4745-ac93-af957934136b",
                                                "name": "RANGPUR"
                                            }
                                        },
                                        {
                                            "name": "ROWMARI",
                                            "id": "290ffa52-6bbb-4482-a054-ce4aff5f6930",
                                            "state": {
                                                "id": "b8c19906-b4fc-4745-ac93-af957934136b",
                                                "name": "RANGPUR"
                                            }
                                        }
                                    ]
                                },
                                {
                                    "id": "2fb6985f-ccb2-4004-89ac-b5b0de520533",
                                    "name": "DINAJPUR",
                                    "upazilas": [
                                        {
                                            "name": "KAHAROLE",
                                            "id": "55d8d92d-d612-4226-b008-60b84b7b8253",
                                            "state": {
                                                "id": "b8c19906-b4fc-4745-ac93-af957934136b",
                                                "name": "RANGPUR"
                                            }
                                        },
                                        {
                                            "name": "PARBATIPUR",
                                            "id": "6f58194a-7690-4ce0-b14e-bea704af6ee5",
                                            "state": {
                                                "id": "b8c19906-b4fc-4745-ac93-af957934136b",
                                                "name": "RANGPUR"
                                            }
                                        },
                                        {
                                            "name": "HAKIMPUR",
                                            "id": "cc45cab8-96dc-43c5-bbc1-040e75736c03",
                                            "state": {
                                                "id": "b8c19906-b4fc-4745-ac93-af957934136b",
                                                "name": "RANGPUR"
                                            }
                                        },
                                        {
                                            "name": "BIRGANJ",
                                            "id": "9afaa410-ddfd-44d2-95d3-d6cfb030acd7",
                                            "state": {
                                                "id": "b8c19906-b4fc-4745-ac93-af957934136b",
                                                "name": "RANGPUR"
                                            }
                                        },
                                        {
                                            "name": "BIRAL",
                                            "id": "a44acb60-2b84-4fbb-b73e-6030542fed2d",
                                            "state": {
                                                "id": "b8c19906-b4fc-4745-ac93-af957934136b",
                                                "name": "RANGPUR"
                                            }
                                        },
                                        {
                                            "name": "BIRAMPUR",
                                            "id": "5a316d35-7488-4a04-b718-819caf81d849",
                                            "state": {
                                                "id": "b8c19906-b4fc-4745-ac93-af957934136b",
                                                "name": "RANGPUR"
                                            }
                                        },
                                        {
                                            "name": "GHORAGHAT",
                                            "id": "5ea22106-1cb9-47de-8a20-28fdcf292598",
                                            "state": {
                                                "id": "b8c19906-b4fc-4745-ac93-af957934136b",
                                                "name": "RANGPUR"
                                            }
                                        },
                                        {
                                            "name": "KHANSAMA",
                                            "id": "0561e004-20dc-4efd-b2e3-4e1c48d86971",
                                            "state": {
                                                "id": "b8c19906-b4fc-4745-ac93-af957934136b",
                                                "name": "RANGPUR"
                                            }
                                        },
                                        {
                                            "name": "DINAJPUR_SADAR",
                                            "id": "e9d6959d-bf05-490a-a95d-6327f93c17b3",
                                            "state": {
                                                "id": "b8c19906-b4fc-4745-ac93-af957934136b",
                                                "name": "RANGPUR"
                                            }
                                        },
                                        {
                                            "name": "BOCHAGANJ",
                                            "id": "526f5997-d4ab-45f7-af53-6fcd25c1d1dc",
                                            "state": {
                                                "id": "b8c19906-b4fc-4745-ac93-af957934136b",
                                                "name": "RANGPUR"
                                            }
                                        },
                                        {
                                            "name": "CHIRIRBANDAR",
                                            "id": "d371b6be-98e7-44ec-98bb-4e3d06f4fd6c",
                                            "state": {
                                                "id": "b8c19906-b4fc-4745-ac93-af957934136b",
                                                "name": "RANGPUR"
                                            }
                                        },
                                        {
                                            "name": "NAWABGANJ",
                                            "id": "802bf9ac-1597-4c30-94cc-51b1e5cd9941",
                                            "state": {
                                                "id": "b8c19906-b4fc-4745-ac93-af957934136b",
                                                "name": "RANGPUR"
                                            }
                                        }
                                    ]
                                },
                                {
                                    "id": "fcbaee9a-6c04-4a77-a2a8-8ee8f0c812a8",
                                    "name": "BAGERHAT",
                                    "upazilas": [
                                        {
                                            "name": "FAKIRHAT",
                                            "id": "23926ee4-dec3-4ba8-aab6-eee9f7003126",
                                            "state": {
                                                "id": "642a6748-942f-473d-96c6-a6c1b2e00e05",
                                                "name": "KHULNA"
                                            }
                                        },
                                        {
                                            "name": "MORRELGANJ",
                                            "id": "c322b9de-9e52-471a-9642-0c7f9510e303",
                                            "state": {
                                                "id": "642a6748-942f-473d-96c6-a6c1b2e00e05",
                                                "name": "KHULNA"
                                            }
                                        },
                                        {
                                            "name": "RAMPAL",
                                            "id": "687c1175-6f6f-459a-aa56-50ea55ab1852",
                                            "state": {
                                                "id": "642a6748-942f-473d-96c6-a6c1b2e00e05",
                                                "name": "KHULNA"
                                            }
                                        },
                                        {
                                            "name": "MOLLAHAT",
                                            "id": "2a18a82f-5a29-4ec1-b383-bb00faf2f958",
                                            "state": {
                                                "id": "642a6748-942f-473d-96c6-a6c1b2e00e05",
                                                "name": "KHULNA"
                                            }
                                        },
                                        {
                                            "name": "MONGLA",
                                            "id": "4ce72789-eebe-4554-ac41-6e94b6a205d5",
                                            "state": {
                                                "id": "642a6748-942f-473d-96c6-a6c1b2e00e05",
                                                "name": "KHULNA"
                                            }
                                        },
                                        {
                                            "name": "CHITALMARI",
                                            "id": "a6c2a70a-e1dd-4565-9eb4-5a84dfd76d36",
                                            "state": {
                                                "id": "642a6748-942f-473d-96c6-a6c1b2e00e05",
                                                "name": "KHULNA"
                                            }
                                        },
                                        {
                                            "name": "SARANKHOLA",
                                            "id": "29e1d269-c6ca-461f-b8bc-b2cf623b2ed4",
                                            "state": {
                                                "id": "642a6748-942f-473d-96c6-a6c1b2e00e05",
                                                "name": "KHULNA"
                                            }
                                        },
                                        {
                                            "name": "KACHUA",
                                            "id": "458438b9-a371-4d34-a429-9ffc72c4bb5a",
                                            "state": {
                                                "id": "642a6748-942f-473d-96c6-a6c1b2e00e05",
                                                "name": "KHULNA"
                                            }
                                        },
                                        {
                                            "name": "BAGERHAT_SADAR",
                                            "id": "8929c669-4c91-4c08-a279-2b61b2b657cb",
                                            "state": {
                                                "id": "642a6748-942f-473d-96c6-a6c1b2e00e05",
                                                "name": "KHULNA"
                                            }
                                        }
                                    ]
                                },
                                {
                                    "id": "8be8ad99-4257-4c89-bc9f-3fd5b54ea42c",
                                    "name": "BARGUNA",
                                    "upazilas": [
                                        {
                                            "name": "BAMNA",
                                            "id": "0becbad0-8054-48ff-8804-70caef441fbc",
                                            "state": {
                                                "id": "5cbbb439-96e7-4f60-bf2f-abddd0d03e7e",
                                                "name": "BARISAL"
                                            }
                                        },
                                        {
                                            "name": "BARGUNA_SADAR",
                                            "id": "6c8d9659-3f6b-4572-89f6-877db489fb8e",
                                            "state": {
                                                "id": "5cbbb439-96e7-4f60-bf2f-abddd0d03e7e",
                                                "name": "BARISAL"
                                            }
                                        },
                                        {
                                            "name": "BETAGI",
                                            "id": "e84e7c7f-d62f-4111-ac9c-6a758d874fa4",
                                            "state": {
                                                "id": "5cbbb439-96e7-4f60-bf2f-abddd0d03e7e",
                                                "name": "BARISAL"
                                            }
                                        },
                                        {
                                            "name": "AMTALI",
                                            "id": "2061f193-da04-4462-ae2c-7d54a60c9790",
                                            "state": {
                                                "id": "5cbbb439-96e7-4f60-bf2f-abddd0d03e7e",
                                                "name": "BARISAL"
                                            }
                                        },
                                        {
                                            "name": "PATHARGHATA",
                                            "id": "1f651fda-0eb3-4efe-b2a1-751c1dbefb4b",
                                            "state": {
                                                "id": "5cbbb439-96e7-4f60-bf2f-abddd0d03e7e",
                                                "name": "BARISAL"
                                            }
                                        },
                                        {
                                            "name": "TALTALI",
                                            "id": "b6d60b5e-b58e-46be-8b53-370a5bdfe5f4",
                                            "state": {
                                                "id": "5cbbb439-96e7-4f60-bf2f-abddd0d03e7e",
                                                "name": "BARISAL"
                                            }
                                        }
                                    ]
                                },
                                {
                                    "id": "9966ea0c-b228-4955-bb2d-07a5095b2645",
                                    "name": "NATORE",
                                    "upazilas": [
                                        {
                                            "name": "NATORE_SADAR",
                                            "id": "ad6a8021-7b0f-4611-86dd-9522ae859ec2",
                                            "state": {
                                                "id": "d68c68d2-108e-4635-93d1-28c44525f178",
                                                "name": "RAJSHAHI"
                                            }
                                        },
                                        {
                                            "name": "BAGATIPARA",
                                            "id": "8c4fd017-e1a2-46b6-a5e7-4118456a6b1d",
                                            "state": {
                                                "id": "d68c68d2-108e-4635-93d1-28c44525f178",
                                                "name": "RAJSHAHI"
                                            }
                                        },
                                        {
                                            "name": "BARAIGRAM",
                                            "id": "b437a240-a56d-4fcf-8f7b-949ab16dd31d",
                                            "state": {
                                                "id": "d68c68d2-108e-4635-93d1-28c44525f178",
                                                "name": "RAJSHAHI"
                                            }
                                        },
                                        {
                                            "name": "LALPUR",
                                            "id": "b21e478e-7b5e-4c3d-b3a0-cf4e1ba07aac",
                                            "state": {
                                                "id": "d68c68d2-108e-4635-93d1-28c44525f178",
                                                "name": "RAJSHAHI"
                                            }
                                        }
                                    ]
                                },
                                {
                                    "id": "e84d4380-c4bb-4228-88c5-d82e8c1b0865",
                                    "name": "TANGAIL",
                                    "upazilas": [
                                        {
                                            "name": "TANGAIL_SADAR",
                                            "id": "2e5d24da-b036-45be-892b-7f296d666c78",
                                            "state": {
                                                "id": "9c75a95b-9f42-4ca9-a152-78c492590a6f",
                                                "name": "DHAKA"
                                            }
                                        },
                                        {
                                            "name": "DHANBARI",
                                            "id": "1456c986-adde-41d1-a0b0-403604bc0d93",
                                            "state": {
                                                "id": "9c75a95b-9f42-4ca9-a152-78c492590a6f",
                                                "name": "DHAKA"
                                            }
                                        },
                                        {
                                            "name": "DELDUAR",
                                            "id": "3a4c7f79-c00e-49e1-abac-816ed50dc3fb",
                                            "state": {
                                                "id": "9c75a95b-9f42-4ca9-a152-78c492590a6f",
                                                "name": "DHAKA"
                                            }
                                        },
                                        {
                                            "name": "GOPALPUR",
                                            "id": "b2a571f1-2242-424d-9023-7f0f25fd2bb8",
                                            "state": {
                                                "id": "9c75a95b-9f42-4ca9-a152-78c492590a6f",
                                                "name": "DHAKA"
                                            }
                                        },
                                        {
                                            "name": "BASAIL",
                                            "id": "eb604fd4-90f1-40e4-9519-d5a7ca445bfc",
                                            "state": {
                                                "id": "9c75a95b-9f42-4ca9-a152-78c492590a6f",
                                                "name": "DHAKA"
                                            }
                                        },
                                        {
                                            "name": "MIRZAPUR",
                                            "id": "124001b8-78ca-48ce-bbb6-47b461c63063",
                                            "state": {
                                                "id": "9c75a95b-9f42-4ca9-a152-78c492590a6f",
                                                "name": "DHAKA"
                                            }
                                        },
                                        {
                                            "name": "NAGARPUR",
                                            "id": "6cfd02f6-756a-4b9b-85ed-04258d99ca07",
                                            "state": {
                                                "id": "9c75a95b-9f42-4ca9-a152-78c492590a6f",
                                                "name": "DHAKA"
                                            }
                                        },
                                        {
                                            "name": "MADHUPUR",
                                            "id": "21165dd7-b75c-44fb-9e86-4460f532083b",
                                            "state": {
                                                "id": "9c75a95b-9f42-4ca9-a152-78c492590a6f",
                                                "name": "DHAKA"
                                            }
                                        },
                                        {
                                            "name": "BHUAPUR",
                                            "id": "5b9c7e29-0e43-4850-8dca-91a74dab06df",
                                            "state": {
                                                "id": "9c75a95b-9f42-4ca9-a152-78c492590a6f",
                                                "name": "DHAKA"
                                            }
                                        },
                                        {
                                            "name": "GHATAIL",
                                            "id": "6a30d344-ac16-4257-acae-53a8f5a3b49f",
                                            "state": {
                                                "id": "9c75a95b-9f42-4ca9-a152-78c492590a6f",
                                                "name": "DHAKA"
                                            }
                                        },
                                        {
                                            "name": "KALIHATI",
                                            "id": "efef7a8d-28a7-4a48-aeb2-9cc9c9785e37",
                                            "state": {
                                                "id": "9c75a95b-9f42-4ca9-a152-78c492590a6f",
                                                "name": "DHAKA"
                                            }
                                        },
                                        {
                                            "name": "SAKHIPUR",
                                            "id": "86572e49-e51d-4de7-a0d1-26c5bc008a97",
                                            "state": {
                                                "id": "9c75a95b-9f42-4ca9-a152-78c492590a6f",
                                                "name": "DHAKA"
                                            }
                                        }
                                    ]
                                },
                                {
                                    "id": "68d1c1a6-79cf-4614-af26-9c92f954a31f",
                                    "name": "JOYPURHAT",
                                    "upazilas": [
                                        {
                                            "name": "JOYPURHAT S",
                                            "id": "ef9c918e-c776-452b-a9c6-1626f887ed68",
                                            "state": {
                                                "id": "d68c68d2-108e-4635-93d1-28c44525f178",
                                                "name": "RAJSHAHI"
                                            }
                                        },
                                        {
                                            "name": "PANCHBIBI",
                                            "id": "3f918cbc-453d-4529-8bc7-54ea7d192610",
                                            "state": {
                                                "id": "d68c68d2-108e-4635-93d1-28c44525f178",
                                                "name": "RAJSHAHI"
                                            }
                                        },
                                        {
                                            "name": "KALAI",
                                            "id": "06ae58bb-d069-40da-a952-6f345ddaa58d",
                                            "state": {
                                                "id": "d68c68d2-108e-4635-93d1-28c44525f178",
                                                "name": "RAJSHAHI"
                                            }
                                        },
                                        {
                                            "name": "KHETLAL",
                                            "id": "1608a3cd-70aa-46ef-8424-3bcb6f1d83bc",
                                            "state": {
                                                "id": "d68c68d2-108e-4635-93d1-28c44525f178",
                                                "name": "RAJSHAHI"
                                            }
                                        },
                                        {
                                            "name": "AKKELPUR",
                                            "id": "74242c78-e84f-4f42-a882-039391447f6c",
                                            "state": {
                                                "id": "d68c68d2-108e-4635-93d1-28c44525f178",
                                                "name": "RAJSHAHI"
                                            }
                                        }
                                    ]
                                },
                                {
                                    "id": "554b09c8-da48-4e22-ad26-491dde9c455b",
                                    "name": "SATKHIRA",
                                    "upazilas": [
                                        {
                                            "name": "ASSASUNI",
                                            "id": "70a2a525-3a4e-4a75-93b6-0751526ae9fd",
                                            "state": {
                                                "id": "642a6748-942f-473d-96c6-a6c1b2e00e05",
                                                "name": "KHULNA"
                                            }
                                        },
                                        {
                                            "name": "SATKHIRA_SADAR",
                                            "id": "18bd63e5-67e7-417f-a94b-eace376e3c53",
                                            "state": {
                                                "id": "642a6748-942f-473d-96c6-a6c1b2e00e05",
                                                "name": "KHULNA"
                                            }
                                        },
                                        {
                                            "name": "KALAROA",
                                            "id": "2bbc4bea-0602-45d5-b8a7-347875b3e0c5",
                                            "state": {
                                                "id": "642a6748-942f-473d-96c6-a6c1b2e00e05",
                                                "name": "KHULNA"
                                            }
                                        },
                                        {
                                            "name": "DEBHATA",
                                            "id": "43ab5450-3fdf-48c5-af62-8eb39cc6bdbd",
                                            "state": {
                                                "id": "642a6748-942f-473d-96c6-a6c1b2e00e05",
                                                "name": "KHULNA"
                                            }
                                        },
                                        {
                                            "name": "SHYAMNAGAR",
                                            "id": "6c225dcc-fb72-4c69-8842-9e24ca8893b3",
                                            "state": {
                                                "id": "642a6748-942f-473d-96c6-a6c1b2e00e05",
                                                "name": "KHULNA"
                                            }
                                        },
                                        {
                                            "name": "TALA",
                                            "id": "9ba03b6b-a81e-460f-bc16-4070cf8853ce",
                                            "state": {
                                                "id": "642a6748-942f-473d-96c6-a6c1b2e00e05",
                                                "name": "KHULNA"
                                            }
                                        }
                                    ]
                                },
                                {
                                    "id": "8532a8c6-657b-43bc-8ed5-bd8d6ff60ace",
                                    "name": "RAJSHAHI",
                                    "upazilas": [
                                        {
                                            "name": "BAGMARA",
                                            "id": "f2ede638-eab8-4f99-8c6b-a210e841fd1d",
                                            "state": {
                                                "id": "d68c68d2-108e-4635-93d1-28c44525f178",
                                                "name": "RAJSHAHI"
                                            }
                                        },
                                        {
                                            "name": "MOHANPUR",
                                            "id": "7aaac890-91b5-403e-9e63-c3d143b36684",
                                            "state": {
                                                "id": "d68c68d2-108e-4635-93d1-28c44525f178",
                                                "name": "RAJSHAHI"
                                            }
                                        },
                                        {
                                            "name": "BAGHA",
                                            "id": "239db35c-a47a-4654-aa45-5b23ce80c442",
                                            "state": {
                                                "id": "d68c68d2-108e-4635-93d1-28c44525f178",
                                                "name": "RAJSHAHI"
                                            }
                                        },
                                        {
                                            "name": "GODAGARI",
                                            "id": "05d823af-b4fc-4dc6-a7c3-1327766addc8",
                                            "state": {
                                                "id": "d68c68d2-108e-4635-93d1-28c44525f178",
                                                "name": "RAJSHAHI"
                                            }
                                        },
                                        {
                                            "name": "PABA",
                                            "id": "7c7f7c74-c68b-4b89-b932-d8a3239bf9b7",
                                            "state": {
                                                "id": "d68c68d2-108e-4635-93d1-28c44525f178",
                                                "name": "RAJSHAHI"
                                            }
                                        },
                                        {
                                            "name": "TANORE",
                                            "id": "58c5cea6-ca41-4a91-a5fa-b9a5934401ac",
                                            "state": {
                                                "id": "d68c68d2-108e-4635-93d1-28c44525f178",
                                                "name": "RAJSHAHI"
                                            }
                                        },
                                        {
                                            "name": "CHARGHAT",
                                            "id": "aff4647e-2079-4cce-97b0-101fc74ae51b",
                                            "state": {
                                                "id": "d68c68d2-108e-4635-93d1-28c44525f178",
                                                "name": "RAJSHAHI"
                                            }
                                        },
                                        {
                                            "name": "DURGAPUR",
                                            "id": "4223b078-975d-44e9-9365-245f0cb05789",
                                            "state": {
                                                "id": "d68c68d2-108e-4635-93d1-28c44525f178",
                                                "name": "RAJSHAHI"
                                            }
                                        },
                                        {
                                            "name": "PUTHIA",
                                            "id": "2d476069-1315-4416-b9be-a0b422700c68",
                                            "state": {
                                                "id": "d68c68d2-108e-4635-93d1-28c44525f178",
                                                "name": "RAJSHAHI"
                                            }
                                        }
                                    ]
                                },
                                {
                                    "id": "d5260be7-24e7-4c50-9a49-0796cb51b216",
                                    "name": "CUMILLA",
                                    "upazilas": [
                                        {
                                            "name": "DAUDKANDI",
                                            "id": "c1e10c6b-deab-42cb-bdc5-c11244fff880",
                                            "state": {
                                                "id": "d4e8944a-6e8f-4d6e-a313-2228cfe9a567",
                                                "name": "CHITTAGONG"
                                            }
                                        },
                                        {
                                            "name": "DEBIDWAR",
                                            "id": "8226c704-027a-489c-abef-9a3758b49617",
                                            "state": {
                                                "id": "d4e8944a-6e8f-4d6e-a313-2228cfe9a567",
                                                "name": "CHITTAGONG"
                                            }
                                        },
                                        {
                                            "name": "BURICHONG",
                                            "id": "e6684874-0ce5-4f73-9eed-7b72049acf8d",
                                            "state": {
                                                "id": "d4e8944a-6e8f-4d6e-a313-2228cfe9a567",
                                                "name": "CHITTAGONG"
                                            }
                                        },
                                        {
                                            "name": "TITAS",
                                            "id": "b224fbca-58dd-4a13-a2bf-ac01636994e2",
                                            "state": {
                                                "id": "d4e8944a-6e8f-4d6e-a313-2228cfe9a567",
                                                "name": "CHITTAGONG"
                                            }
                                        },
                                        {
                                            "name": "CHANDINA",
                                            "id": "a5e4309c-694a-4781-aa98-f8ec016e4109",
                                            "state": {
                                                "id": "d4e8944a-6e8f-4d6e-a313-2228cfe9a567",
                                                "name": "CHITTAGONG"
                                            }
                                        },
                                        {
                                            "name": "LAKSAM",
                                            "id": "bca6900f-c079-4d77-8616-cd4416f42061",
                                            "state": {
                                                "id": "d4e8944a-6e8f-4d6e-a313-2228cfe9a567",
                                                "name": "CHITTAGONG"
                                            }
                                        },
                                        {
                                            "name": "BARURA",
                                            "id": "8d377f34-bb0c-4aca-82d3-fc9f396451e0",
                                            "state": {
                                                "id": "d4e8944a-6e8f-4d6e-a313-2228cfe9a567",
                                                "name": "CHITTAGONG"
                                            }
                                        },
                                        {
                                            "name": "MURADNAGAR",
                                            "id": "d088b585-95a1-4fac-86b4-0e3b436570d4",
                                            "state": {
                                                "id": "d4e8944a-6e8f-4d6e-a313-2228cfe9a567",
                                                "name": "CHITTAGONG"
                                            }
                                        },
                                        {
                                            "name": "MEGHNA",
                                            "id": "c0cfe679-e617-4907-ae22-20e0a4dd494b",
                                            "state": {
                                                "id": "d4e8944a-6e8f-4d6e-a313-2228cfe9a567",
                                                "name": "CHITTAGONG"
                                            }
                                        },
                                        {
                                            "name": "BRAHMANPARA",
                                            "id": "f35b2456-9e76-487c-a998-b51eb7a6eae4",
                                            "state": {
                                                "id": "d4e8944a-6e8f-4d6e-a313-2228cfe9a567",
                                                "name": "CHITTAGONG"
                                            }
                                        },
                                        {
                                            "name": "COMILLA_SADAR",
                                            "id": "6abbbc95-fa39-49c4-8127-1453fe90181c",
                                            "state": {
                                                "id": "d4e8944a-6e8f-4d6e-a313-2228cfe9a567",
                                                "name": "CHITTAGONG"
                                            }
                                        },
                                        {
                                            "name": "NANGALKOT",
                                            "id": "e9e0cac7-f5dd-44d5-b1e9-9e9e1166c478",
                                            "state": {
                                                "id": "d4e8944a-6e8f-4d6e-a313-2228cfe9a567",
                                                "name": "CHITTAGONG"
                                            }
                                        },
                                        {
                                            "name": "CHAUDDAGRAM",
                                            "id": "7c9eac52-0e2e-4867-b2ee-7c4cf3a1c643",
                                            "state": {
                                                "id": "d4e8944a-6e8f-4d6e-a313-2228cfe9a567",
                                                "name": "CHITTAGONG"
                                            }
                                        },
                                        {
                                            "name": "COMILLA_SADAR SOUTH",
                                            "id": "a8ea2db4-ee9b-4340-8537-83cd622292c2",
                                            "state": {
                                                "id": "d4e8944a-6e8f-4d6e-a313-2228cfe9a567",
                                                "name": "CHITTAGONG"
                                            }
                                        },
                                        {
                                            "name": "MONOHORGONJ",
                                            "id": "eabcbd1f-9f0e-494c-b8a3-16301fd6fa10",
                                            "state": {
                                                "id": "d4e8944a-6e8f-4d6e-a313-2228cfe9a567",
                                                "name": "CHITTAGONG"
                                            }
                                        },
                                        {
                                            "name": "HOMNA",
                                            "id": "07582306-d3c1-4cb1-b07e-23d0a4d62a5f",
                                            "state": {
                                                "id": "d4e8944a-6e8f-4d6e-a313-2228cfe9a567",
                                                "name": "CHITTAGONG"
                                            }
                                        }
                                    ]
                                },
                                {
                                    "id": "272e4693-e399-466a-b021-6728909093d3",
                                    "name": "BRAHMANBARIA",
                                    "upazilas": [
                                        {
                                            "name": "KASBA",
                                            "id": "4498e76d-1d3f-48af-9194-032e8d236b61",
                                            "state": {
                                                "id": "d4e8944a-6e8f-4d6e-a313-2228cfe9a567",
                                                "name": "CHITTAGONG"
                                            }
                                        },
                                        {
                                            "name": "BRAHMANBARIA_SADAR",
                                            "id": "4f269d37-5f46-460f-b145-ada17379cbfc",
                                            "state": {
                                                "id": "d4e8944a-6e8f-4d6e-a313-2228cfe9a567",
                                                "name": "CHITTAGONG"
                                            }
                                        },
                                        {
                                            "name": "ASHUGANJ",
                                            "id": "e5395c84-18d2-4543-a6ec-a707cfe81bcc",
                                            "state": {
                                                "id": "d4e8944a-6e8f-4d6e-a313-2228cfe9a567",
                                                "name": "CHITTAGONG"
                                            }
                                        },
                                        {
                                            "name": "BIJOYNAGAR",
                                            "id": "947631d1-8146-4df8-ae1e-4d04e7595de6",
                                            "state": {
                                                "id": "d4e8944a-6e8f-4d6e-a313-2228cfe9a567",
                                                "name": "CHITTAGONG"
                                            }
                                        },
                                        {
                                            "name": "BANCHARAMPUR",
                                            "id": "0db8bac6-d7d0-4100-869e-41ebe3eb92cd",
                                            "state": {
                                                "id": "d4e8944a-6e8f-4d6e-a313-2228cfe9a567",
                                                "name": "CHITTAGONG"
                                            }
                                        },
                                        {
                                            "name": "AKHAURA",
                                            "id": "5a302ebb-61a8-4e8c-8b59-6a7a49a7b201",
                                            "state": {
                                                "id": "d4e8944a-6e8f-4d6e-a313-2228cfe9a567",
                                                "name": "CHITTAGONG"
                                            }
                                        },
                                        {
                                            "name": "NASIRNAGAR",
                                            "id": "76484d2d-47cc-4c8b-99e1-24c94c3c330e",
                                            "state": {
                                                "id": "d4e8944a-6e8f-4d6e-a313-2228cfe9a567",
                                                "name": "CHITTAGONG"
                                            }
                                        },
                                        {
                                            "name": "NABINAGAR",
                                            "id": "84aeef02-dd01-48da-8468-ac1f5479bf70",
                                            "state": {
                                                "id": "d4e8944a-6e8f-4d6e-a313-2228cfe9a567",
                                                "name": "CHITTAGONG"
                                            }
                                        },
                                        {
                                            "name": "SARAIL",
                                            "id": "ba8e3375-d3cc-48f3-915c-9699081fa9d5",
                                            "state": {
                                                "id": "d4e8944a-6e8f-4d6e-a313-2228cfe9a567",
                                                "name": "CHITTAGONG"
                                            }
                                        },
                                        {
                                            "name": "SHAHBAZPUR TOWN",
                                            "id": "9aa10ffe-f68d-4c46-9994-04d746f5d1bc",
                                            "state": {
                                                "id": "d4e8944a-6e8f-4d6e-a313-2228cfe9a567",
                                                "name": "CHITTAGONG"
                                            }
                                        }
                                    ]
                                },
                                {
                                    "id": "3c67f19f-4e59-4fda-8503-117efa8b69d6",
                                    "name": "LAKSHMIPUR",
                                    "upazilas": [
                                        {
                                            "name": "RAMGATI",
                                            "id": "85171790-705a-43f5-ac34-99c2048f50f7",
                                            "state": {
                                                "id": "d4e8944a-6e8f-4d6e-a313-2228cfe9a567",
                                                "name": "CHITTAGONG"
                                            }
                                        },
                                        {
                                            "name": "RAIPUR",
                                            "id": "bed17fa7-df5e-41a3-905b-d4675de832ce",
                                            "state": {
                                                "id": "d4e8944a-6e8f-4d6e-a313-2228cfe9a567",
                                                "name": "CHITTAGONG"
                                            }
                                        },
                                        {
                                            "name": "LAKSHMIPUR_SADAR",
                                            "id": "2769623f-1de5-407a-8e77-ce987cbfc80e",
                                            "state": {
                                                "id": "d4e8944a-6e8f-4d6e-a313-2228cfe9a567",
                                                "name": "CHITTAGONG"
                                            }
                                        },
                                        {
                                            "name": "KOMOL NAGAR",
                                            "id": "7550df44-de22-487f-aa63-47fea04a985d",
                                            "state": {
                                                "id": "d4e8944a-6e8f-4d6e-a313-2228cfe9a567",
                                                "name": "CHITTAGONG"
                                            }
                                        },
                                        {
                                            "name": "RAMGANJ",
                                            "id": "b5ceb354-c53c-41c3-b9e5-83bf8be9ed17",
                                            "state": {
                                                "id": "d4e8944a-6e8f-4d6e-a313-2228cfe9a567",
                                                "name": "CHITTAGONG"
                                            }
                                        }
                                    ]
                                },
                                {
                                    "id": "1774b360-47d1-4c74-94f9-e92b49968263",
                                    "name": "NETROKONA",
                                    "upazilas": [
                                        {
                                            "name": "KALMAKANDA UPAZILLA",
                                            "id": "c06fd86e-e96d-4148-b393-c7a909eb6b5c",
                                            "state": {
                                                "id": "f6395340-53b2-4824-8252-ef3a164b8446",
                                                "name": "MAYMENSINGH"
                                            }
                                        },
                                        {
                                            "name": "MOHANGANJ UPAZILLA",
                                            "id": "8bdfbfde-f52f-4eda-a4dc-1ea70461cf15",
                                            "state": {
                                                "id": "f6395340-53b2-4824-8252-ef3a164b8446",
                                                "name": "MAYMENSINGH"
                                            }
                                        },
                                        {
                                            "name": "NETRAKONA-S UPAZILLA",
                                            "id": "8f6dd6df-f4b6-434f-a8d8-50363278501f",
                                            "state": {
                                                "id": "f6395340-53b2-4824-8252-ef3a164b8446",
                                                "name": "MAYMENSINGH"
                                            }
                                        },
                                        {
                                            "name": "BARHATTA UPAZILLA",
                                            "id": "98dd7d62-259b-4f9b-8bcb-c9b81440439b",
                                            "state": {
                                                "id": "f6395340-53b2-4824-8252-ef3a164b8446",
                                                "name": "MAYMENSINGH"
                                            }
                                        },
                                        {
                                            "name": "KHALIAJURI UPAZILLA",
                                            "id": "0a55806b-be24-484b-9c56-3b475d525ec3",
                                            "state": {
                                                "id": "f6395340-53b2-4824-8252-ef3a164b8446",
                                                "name": "MAYMENSINGH"
                                            }
                                        },
                                        {
                                            "name": "KENDUA UPAZILLA",
                                            "id": "0a227fd8-fa1a-437b-b3e8-80df07ce0127",
                                            "state": {
                                                "id": "f6395340-53b2-4824-8252-ef3a164b8446",
                                                "name": "MAYMENSINGH"
                                            }
                                        },
                                        {
                                            "name": "ATPARA UPAZILLA",
                                            "id": "0f88c435-a402-42a6-b543-fcaad9a10cf9",
                                            "state": {
                                                "id": "f6395340-53b2-4824-8252-ef3a164b8446",
                                                "name": "MAYMENSINGH"
                                            }
                                        },
                                        {
                                            "name": "PURBADHALA UPAZILLA",
                                            "id": "421e74d9-7bd0-4186-9468-99173c747a9a",
                                            "state": {
                                                "id": "f6395340-53b2-4824-8252-ef3a164b8446",
                                                "name": "MAYMENSINGH"
                                            }
                                        },
                                        {
                                            "name": "MADAN UPAZILLA",
                                            "id": "8a74093b-0358-4469-abcf-e179b122d97c",
                                            "state": {
                                                "id": "f6395340-53b2-4824-8252-ef3a164b8446",
                                                "name": "MAYMENSINGH"
                                            }
                                        },
                                        {
                                            "name": "DURGAPUR UPAZILLA",
                                            "id": "620df571-6ff3-4f42-9879-01d7fbd58664",
                                            "state": {
                                                "id": "f6395340-53b2-4824-8252-ef3a164b8446",
                                                "name": "MAYMENSINGH"
                                            }
                                        }
                                    ]
                                },
                                {
                                    "id": "f46364df-b16f-4916-9601-56bc37674090",
                                    "name": "MADARIPUR",
                                    "upazilas": [
                                        {
                                            "name": "RAJOIR",
                                            "id": "e93745bf-e56f-4059-9a47-0cdc7a6dd0e6",
                                            "state": {
                                                "id": "9c75a95b-9f42-4ca9-a152-78c492590a6f",
                                                "name": "DHAKA"
                                            }
                                        },
                                        {
                                            "name": "KALKINI",
                                            "id": "39b91e5b-54e0-4ef5-900c-0f260df1b12c",
                                            "state": {
                                                "id": "9c75a95b-9f42-4ca9-a152-78c492590a6f",
                                                "name": "DHAKA"
                                            }
                                        },
                                        {
                                            "name": "DASAR",
                                            "id": "3558fcad-3277-4d85-8b05-c4c39ad8add0",
                                            "state": {
                                                "id": "9c75a95b-9f42-4ca9-a152-78c492590a6f",
                                                "name": "DHAKA"
                                            }
                                        },
                                        {
                                            "name": "SHIBCHAR",
                                            "id": "2090422b-acad-447b-bdc5-f5df7813287d",
                                            "state": {
                                                "id": "9c75a95b-9f42-4ca9-a152-78c492590a6f",
                                                "name": "DHAKA"
                                            }
                                        },
                                        {
                                            "name": "MADARIPUR_SADAR",
                                            "id": "a0368a52-0c1a-4ca6-8c6f-3bddda0602bf",
                                            "state": {
                                                "id": "9c75a95b-9f42-4ca9-a152-78c492590a6f",
                                                "name": "DHAKA"
                                            }
                                        }
                                    ]
                                },
                                {
                                    "id": "03394485-abb0-4a8f-b928-9b986ca6cd35",
                                    "name": "NARAYANGANJ",
                                    "upazilas": [
                                        {
                                            "name": "NARYANGANJ_SADAR",
                                            "id": "204bc228-4838-4831-86c1-83fddbab206c",
                                            "state": {
                                                "id": "9c75a95b-9f42-4ca9-a152-78c492590a6f",
                                                "name": "DHAKA"
                                            }
                                        },
                                        {
                                            "name": "SONARGAON",
                                            "id": "f49e5635-d73c-4cea-83ee-5de520c1ceb3",
                                            "state": {
                                                "id": "9c75a95b-9f42-4ca9-a152-78c492590a6f",
                                                "name": "DHAKA"
                                            }
                                        },
                                        {
                                            "name": "ARAIHAZAR",
                                            "id": "5b715c3d-64d6-4144-81a2-c9c3222c3583",
                                            "state": {
                                                "id": "9c75a95b-9f42-4ca9-a152-78c492590a6f",
                                                "name": "DHAKA"
                                            }
                                        },
                                        {
                                            "name": "BANDAR",
                                            "id": "f745e13a-9ff7-4b1f-a370-3706ed8fe794",
                                            "state": {
                                                "id": "9c75a95b-9f42-4ca9-a152-78c492590a6f",
                                                "name": "DHAKA"
                                            }
                                        },
                                        {
                                            "name": "RUPGANJ",
                                            "id": "850fc0af-59a8-4beb-aeb5-f9d2a33fae32",
                                            "state": {
                                                "id": "9c75a95b-9f42-4ca9-a152-78c492590a6f",
                                                "name": "DHAKA"
                                            }
                                        },
                                        {
                                            "name": "SIDDIRGONJ",
                                            "id": "eb803c77-6bd5-4485-8984-cefc09569d46",
                                            "state": {
                                                "id": "9c75a95b-9f42-4ca9-a152-78c492590a6f",
                                                "name": "DHAKA"
                                            }
                                        }
                                    ]
                                },
                                {
                                    "id": "6988fbb2-ec1a-483e-b38d-b444db1232e4",
                                    "name": "GAZIPUR",
                                    "upazilas": [
                                        {
                                            "name": "SRIPUR",
                                            "id": "ff0b71cd-078d-4b86-bbfc-277f9e7831bd",
                                            "state": {
                                                "id": "9c75a95b-9f42-4ca9-a152-78c492590a6f",
                                                "name": "DHAKA"
                                            }
                                        },
                                        {
                                            "name": "KALIAKIOR",
                                            "id": "38522ca1-1e56-4afb-8e22-9fb942025670",
                                            "state": {
                                                "id": "9c75a95b-9f42-4ca9-a152-78c492590a6f",
                                                "name": "DHAKA"
                                            }
                                        },
                                        {
                                            "name": "TONGI",
                                            "id": "7d80f457-b9e9-4264-838e-5b085f402e99",
                                            "state": {
                                                "id": "9c75a95b-9f42-4ca9-a152-78c492590a6f",
                                                "name": "DHAKA"
                                            }
                                        },
                                        {
                                            "name": "KAPASIA",
                                            "id": "90c13f9e-25c6-41cc-aecc-da6ec1adf439",
                                            "state": {
                                                "id": "9c75a95b-9f42-4ca9-a152-78c492590a6f",
                                                "name": "DHAKA"
                                            }
                                        },
                                        {
                                            "name": "GAZIPUR_SADAR-JOYDEBPUR",
                                            "id": "9de27df1-812c-47be-a756-66b298a15281",
                                            "state": {
                                                "id": "9c75a95b-9f42-4ca9-a152-78c492590a6f",
                                                "name": "DHAKA"
                                            }
                                        }
                                    ]
                                },
                                {
                                    "id": "3e56df9f-26ae-4ec2-9d75-cbe655ee5fcd",
                                    "name": "NAWABGANJ",
                                    "upazilas": [
                                        {
                                            "name": "SHIBGANJ",
                                            "id": "5a69a253-29cc-437b-bd7f-765f9020b05c",
                                            "state": {
                                                "id": "d68c68d2-108e-4635-93d1-28c44525f178",
                                                "name": "RAJSHAHI"
                                            }
                                        },
                                        {
                                            "name": "NAWABGANJ_SADAR",
                                            "id": "38cf4ab6-34d7-4822-81c9-cf35860c09eb",
                                            "state": {
                                                "id": "d68c68d2-108e-4635-93d1-28c44525f178",
                                                "name": "RAJSHAHI"
                                            }
                                        },
                                        {
                                            "name": "BHOLAHAT",
                                            "id": "1fc07589-90dc-4484-91b3-b7aa6ea120c7",
                                            "state": {
                                                "id": "d68c68d2-108e-4635-93d1-28c44525f178",
                                                "name": "RAJSHAHI"
                                            }
                                        },
                                        {
                                            "name": "GOMASTAPUR",
                                            "id": "e02d73bf-e86e-49c6-a88f-386dba2e77f5",
                                            "state": {
                                                "id": "d68c68d2-108e-4635-93d1-28c44525f178",
                                                "name": "RAJSHAHI"
                                            }
                                        },
                                        {
                                            "name": "NACHOLE",
                                            "id": "ef4efc17-4d51-42ad-ab19-ad9ca8825334",
                                            "state": {
                                                "id": "d68c68d2-108e-4635-93d1-28c44525f178",
                                                "name": "RAJSHAHI"
                                            }
                                        }
                                    ]
                                },
                                {
                                    "id": "d9ba4812-1282-44de-9f59-c343ec5d1623",
                                    "name": "HABIGANJ",
                                    "upazilas": [
                                        {
                                            "name": "MADHABPUR",
                                            "id": "6b3a6f8c-2a46-4f42-9eec-ca4dce6db8d1",
                                            "state": {
                                                "id": "2f2f0cc1-587a-4dad-a3f0-83c0bac697ec",
                                                "name": "SYLHET"
                                            }
                                        },
                                        {
                                            "name": "AJMIRIGANJ",
                                            "id": "fe078d20-cdd6-4505-987f-75724794fc60",
                                            "state": {
                                                "id": "2f2f0cc1-587a-4dad-a3f0-83c0bac697ec",
                                                "name": "SYLHET"
                                            }
                                        },
                                        {
                                            "name": "HABIGANJ_SADAR",
                                            "id": "9abb2827-c6bf-4dff-88ba-08a8f443de07",
                                            "state": {
                                                "id": "2f2f0cc1-587a-4dad-a3f0-83c0bac697ec",
                                                "name": "SYLHET"
                                            }
                                        },
                                        {
                                            "name": "SHAISTAGONJ",
                                            "id": "7b1ffaa0-17d4-41aa-8a09-ef548e1ed0d3",
                                            "state": {
                                                "id": "2f2f0cc1-587a-4dad-a3f0-83c0bac697ec",
                                                "name": "SYLHET"
                                            }
                                        },
                                        {
                                            "name": "CHUNARUGHAT",
                                            "id": "e93527a1-bc76-4c94-9a0b-a1bf1ffeb2d9",
                                            "state": {
                                                "id": "2f2f0cc1-587a-4dad-a3f0-83c0bac697ec",
                                                "name": "SYLHET"
                                            }
                                        },
                                        {
                                            "name": "LAKHAI",
                                            "id": "63cbbda9-fd2e-4571-88a4-5ee93002ece0",
                                            "state": {
                                                "id": "2f2f0cc1-587a-4dad-a3f0-83c0bac697ec",
                                                "name": "SYLHET"
                                            }
                                        },
                                        {
                                            "name": "BANIACHANG",
                                            "id": "3c4a572a-fa59-4f9a-bb18-c3452a160f07",
                                            "state": {
                                                "id": "2f2f0cc1-587a-4dad-a3f0-83c0bac697ec",
                                                "name": "SYLHET"
                                            }
                                        },
                                        {
                                            "name": "BAHUBAL",
                                            "id": "0cc7bd46-ff4a-4097-8624-86a54e58635a",
                                            "state": {
                                                "id": "2f2f0cc1-587a-4dad-a3f0-83c0bac697ec",
                                                "name": "SYLHET"
                                            }
                                        },
                                        {
                                            "name": "NABIGANJ",
                                            "id": "753f6651-0ca3-4a21-8edc-9a33086ba51e",
                                            "state": {
                                                "id": "2f2f0cc1-587a-4dad-a3f0-83c0bac697ec",
                                                "name": "SYLHET"
                                            }
                                        }
                                    ]
                                },
                                {
                                    "id": "aec90468-bdf5-4909-9603-7fb165dd34b0",
                                    "name": "BANDARBAN",
                                    "upazilas": [
                                        {
                                            "name": "BANDARBAN_SADAR",
                                            "id": "29593331-9a0e-411b-b8dc-a3d3d92eb941",
                                            "state": {
                                                "id": "d4e8944a-6e8f-4d6e-a313-2228cfe9a567",
                                                "name": "CHITTAGONG"
                                            }
                                        },
                                        {
                                            "name": "LAMA",
                                            "id": "2e0b2174-f8fd-4253-8c0a-70683d748a3f",
                                            "state": {
                                                "id": "d4e8944a-6e8f-4d6e-a313-2228cfe9a567",
                                                "name": "CHITTAGONG"
                                            }
                                        },
                                        {
                                            "name": "ALI KADAM",
                                            "id": "9fde9ce1-993f-4259-91e7-3b98a24e8761",
                                            "state": {
                                                "id": "d4e8944a-6e8f-4d6e-a313-2228cfe9a567",
                                                "name": "CHITTAGONG"
                                            }
                                        },
                                        {
                                            "name": "ROWANGCHHARI",
                                            "id": "276ee236-ded6-41ca-8e0a-f78e67d2b3da",
                                            "state": {
                                                "id": "d4e8944a-6e8f-4d6e-a313-2228cfe9a567",
                                                "name": "CHITTAGONG"
                                            }
                                        },
                                        {
                                            "name": "THANCHI",
                                            "id": "03e46154-e64f-46e4-a1ec-e85ddf107787",
                                            "state": {
                                                "id": "d4e8944a-6e8f-4d6e-a313-2228cfe9a567",
                                                "name": "CHITTAGONG"
                                            }
                                        },
                                        {
                                            "name": "RUMA",
                                            "id": "1151bfe0-da1f-4b1f-b114-4bf1d90d22cc",
                                            "state": {
                                                "id": "d4e8944a-6e8f-4d6e-a313-2228cfe9a567",
                                                "name": "CHITTAGONG"
                                            }
                                        },
                                        {
                                            "name": "NAIKHONGCHHARI",
                                            "id": "6a91aef8-e8f4-4a6d-ba56-d0c2dc7c1825",
                                            "state": {
                                                "id": "d4e8944a-6e8f-4d6e-a313-2228cfe9a567",
                                                "name": "CHITTAGONG"
                                            }
                                        }
                                    ]
                                },
                                {
                                    "id": "c73a2eed-dabd-4afe-8697-b61c7660367c",
                                    "name": "SYLHET",
                                    "upazilas": [
                                        {
                                            "name": "COMPANIGANJ",
                                            "id": "31e28b0b-7ebc-421d-b4ba-639b9ca7cb53",
                                            "state": {
                                                "id": "2f2f0cc1-587a-4dad-a3f0-83c0bac697ec",
                                                "name": "SYLHET"
                                            }
                                        },
                                        {
                                            "name": "SYLHET_SADAR",
                                            "id": "a34f0b38-18e8-4262-86b2-1651bb537760",
                                            "state": {
                                                "id": "2f2f0cc1-587a-4dad-a3f0-83c0bac697ec",
                                                "name": "SYLHET"
                                            }
                                        },
                                        {
                                            "name": "BISHWANATH",
                                            "id": "d6ba0515-8d7b-4bfb-98c2-106a38549130",
                                            "state": {
                                                "id": "2f2f0cc1-587a-4dad-a3f0-83c0bac697ec",
                                                "name": "SYLHET"
                                            }
                                        },
                                        {
                                            "name": "KANAIGHAT",
                                            "id": "e031ef05-3d43-4ad6-b6f1-b773fbb9096d",
                                            "state": {
                                                "id": "2f2f0cc1-587a-4dad-a3f0-83c0bac697ec",
                                                "name": "SYLHET"
                                            }
                                        },
                                        {
                                            "name": "GOLAPGANJ",
                                            "id": "210156d5-afd9-4bd0-a11a-b9a4c5cbbdbc",
                                            "state": {
                                                "id": "2f2f0cc1-587a-4dad-a3f0-83c0bac697ec",
                                                "name": "SYLHET"
                                            }
                                        },
                                        {
                                            "name": "GOWAINGHAT",
                                            "id": "2dd4daf8-43b6-482d-a890-2bb2a70e8991",
                                            "state": {
                                                "id": "2f2f0cc1-587a-4dad-a3f0-83c0bac697ec",
                                                "name": "SYLHET"
                                            }
                                        },
                                        {
                                            "name": "ZAKIGANJ",
                                            "id": "30f4b678-fdec-482d-8f8a-e26c346f26ad",
                                            "state": {
                                                "id": "2f2f0cc1-587a-4dad-a3f0-83c0bac697ec",
                                                "name": "SYLHET"
                                            }
                                        },
                                        {
                                            "name": "JAINTIAPUR",
                                            "id": "8f86c696-7e8e-44a4-91cf-6561dd174a18",
                                            "state": {
                                                "id": "2f2f0cc1-587a-4dad-a3f0-83c0bac697ec",
                                                "name": "SYLHET"
                                            }
                                        },
                                        {
                                            "name": "DAKSHIN SURMA",
                                            "id": "ff180545-ebf0-481f-827b-2fa7cd6ee10b",
                                            "state": {
                                                "id": "2f2f0cc1-587a-4dad-a3f0-83c0bac697ec",
                                                "name": "SYLHET"
                                            }
                                        },
                                        {
                                            "name": "FENCHUGANJ",
                                            "id": "adaf36ec-689f-4591-b29c-8677a4e45f9e",
                                            "state": {
                                                "id": "2f2f0cc1-587a-4dad-a3f0-83c0bac697ec",
                                                "name": "SYLHET"
                                            }
                                        },
                                        {
                                            "name": "NOBIGONJ",
                                            "id": "c04977f2-7416-40cf-9c90-d828a9e789d5",
                                            "state": {
                                                "id": "2f2f0cc1-587a-4dad-a3f0-83c0bac697ec",
                                                "name": "SYLHET"
                                            }
                                        },
                                        {
                                            "name": "BEANIBAZAR",
                                            "id": "e5334066-cdb3-4529-a7a7-6cc3a6160265",
                                            "state": {
                                                "id": "2f2f0cc1-587a-4dad-a3f0-83c0bac697ec",
                                                "name": "SYLHET"
                                            }
                                        },
                                        {
                                            "name": "BALAGANJ",
                                            "id": "d92a9983-9313-470e-80da-9f025ed17212",
                                            "state": {
                                                "id": "2f2f0cc1-587a-4dad-a3f0-83c0bac697ec",
                                                "name": "SYLHET"
                                            }
                                        }
                                    ]
                                },
                                {
                                    "id": "86d79ef2-dc45-4d2d-8e54-fad70c79b647",
                                    "name": "PIROJPUR",
                                    "upazilas": [
                                        {
                                            "name": "NAZIRPUR",
                                            "id": "d7844a35-f652-4b30-925b-194f2396958d",
                                            "state": {
                                                "id": "5cbbb439-96e7-4f60-bf2f-abddd0d03e7e",
                                                "name": "BARISAL"
                                            }
                                        },
                                        {
                                            "name": "MATHBARIA",
                                            "id": "8e328e74-3026-4e46-8e67-fc37ce651dfe",
                                            "state": {
                                                "id": "5cbbb439-96e7-4f60-bf2f-abddd0d03e7e",
                                                "name": "BARISAL"
                                            }
                                        },
                                        {
                                            "name": "BHANDARIA",
                                            "id": "6c758ead-5526-424d-9228-1fc826c3c76e",
                                            "state": {
                                                "id": "5cbbb439-96e7-4f60-bf2f-abddd0d03e7e",
                                                "name": "BARISAL"
                                            }
                                        },
                                        {
                                            "name": "ZIANAGAR",
                                            "id": "316d4e46-74dc-458f-8750-e3643592b032",
                                            "state": {
                                                "id": "5cbbb439-96e7-4f60-bf2f-abddd0d03e7e",
                                                "name": "BARISAL"
                                            }
                                        },
                                        {
                                            "name": "PIROJPUR_SADAR",
                                            "id": "c98de406-4053-41d1-b72e-479d07b91a94",
                                            "state": {
                                                "id": "5cbbb439-96e7-4f60-bf2f-abddd0d03e7e",
                                                "name": "BARISAL"
                                            }
                                        },
                                        {
                                            "name": "NESARABAD",
                                            "id": "7dca70fe-76a9-4517-96bd-961f4a82c401",
                                            "state": {
                                                "id": "5cbbb439-96e7-4f60-bf2f-abddd0d03e7e",
                                                "name": "BARISAL"
                                            }
                                        }
                                    ]
                                },
                                {
                                    "id": "faeca4b5-c49e-4522-9d6b-b1f1786d3fe4",
                                    "name": "MEHERPUR",
                                    "upazilas": [
                                        {
                                            "name": "ANGNI",
                                            "id": "8dc5d275-9329-47d9-af59-fcad6d54bf3b",
                                            "state": {
                                                "id": "642a6748-942f-473d-96c6-a6c1b2e00e05",
                                                "name": "KHULNA"
                                            }
                                        },
                                        {
                                            "name": "MEHERPUR-S",
                                            "id": "90ee1389-ade9-47fd-b25b-0210a778cbb7",
                                            "state": {
                                                "id": "642a6748-942f-473d-96c6-a6c1b2e00e05",
                                                "name": "KHULNA"
                                            }
                                        },
                                        {
                                            "name": "MUJIB NAGAR",
                                            "id": "5d4ba578-bd32-4c79-9211-573b9174c19c",
                                            "state": {
                                                "id": "642a6748-942f-473d-96c6-a6c1b2e00e05",
                                                "name": "KHULNA"
                                            }
                                        }
                                    ]
                                },
                                {
                                    "id": "c9ee4e88-6a9e-4dca-a376-e34b12b08a7c",
                                    "name": "MAULVIBAZAR",
                                    "upazilas": [
                                        {
                                            "name": "RAJNAGAR",
                                            "id": "7d51ce73-16fe-47cf-ba03-0c064ccc14f0",
                                            "state": {
                                                "id": "2f2f0cc1-587a-4dad-a3f0-83c0bac697ec",
                                                "name": "SYLHET"
                                            }
                                        },
                                        {
                                            "name": "BARLEKHA",
                                            "id": "4787d06c-b9e4-43b1-80ef-21623028b031",
                                            "state": {
                                                "id": "2f2f0cc1-587a-4dad-a3f0-83c0bac697ec",
                                                "name": "SYLHET"
                                            }
                                        },
                                        {
                                            "name": "KULAURA",
                                            "id": "bd871dd2-4f8d-4c28-8d67-775939289225",
                                            "state": {
                                                "id": "2f2f0cc1-587a-4dad-a3f0-83c0bac697ec",
                                                "name": "SYLHET"
                                            }
                                        },
                                        {
                                            "name": "JURI",
                                            "id": "77753183-cece-4b78-85f7-fbb30b55cda4",
                                            "state": {
                                                "id": "2f2f0cc1-587a-4dad-a3f0-83c0bac697ec",
                                                "name": "SYLHET"
                                            }
                                        },
                                        {
                                            "name": "SREEMANGAL",
                                            "id": "8ee98bba-fc39-4bb2-9d83-e357a620b424",
                                            "state": {
                                                "id": "2f2f0cc1-587a-4dad-a3f0-83c0bac697ec",
                                                "name": "SYLHET"
                                            }
                                        },
                                        {
                                            "name": "KAMALGANJ",
                                            "id": "11e746ba-02ec-4142-9177-6740d9a5c6f9",
                                            "state": {
                                                "id": "2f2f0cc1-587a-4dad-a3f0-83c0bac697ec",
                                                "name": "SYLHET"
                                            }
                                        },
                                        {
                                            "name": "MOULVIBAZAR_SADAR",
                                            "id": "fb364596-f586-4335-9ab7-c7ab0104689f",
                                            "state": {
                                                "id": "2f2f0cc1-587a-4dad-a3f0-83c0bac697ec",
                                                "name": "SYLHET"
                                            }
                                        }
                                    ]
                                },
                                {
                                    "id": "1319d89d-5fb0-41b9-bdb5-05339617a6fa",
                                    "name": "SHERPUR",
                                    "upazilas": [
                                        {
                                            "name": "NAKLA",
                                            "id": "864fc566-3981-4a3a-b47a-bb549d6697f4",
                                            "state": {
                                                "id": "f6395340-53b2-4824-8252-ef3a164b8446",
                                                "name": "MAYMENSINGH"
                                            }
                                        },
                                        {
                                            "name": "JHENAIGATI",
                                            "id": "880b10a0-05da-46be-bf3e-354aac03cab7",
                                            "state": {
                                                "id": "f6395340-53b2-4824-8252-ef3a164b8446",
                                                "name": "MAYMENSINGH"
                                            }
                                        },
                                        {
                                            "name": "SREEBARDI",
                                            "id": "9f257f25-c5d3-471b-8364-62ce7eb59dfc",
                                            "state": {
                                                "id": "f6395340-53b2-4824-8252-ef3a164b8446",
                                                "name": "MAYMENSINGH"
                                            }
                                        },
                                        {
                                            "name": "SHERPUR_SADAR",
                                            "id": "cd07db73-b66e-456a-825f-81fc08cf337a",
                                            "state": {
                                                "id": "f6395340-53b2-4824-8252-ef3a164b8446",
                                                "name": "MAYMENSINGH"
                                            }
                                        },
                                        {
                                            "name": "NALITABARI",
                                            "id": "37c7e577-eeb5-4df5-877f-7ccee900a891",
                                            "state": {
                                                "id": "f6395340-53b2-4824-8252-ef3a164b8446",
                                                "name": "MAYMENSINGH"
                                            }
                                        }
                                    ]
                                },
                                {
                                    "id": "f9c3c547-adb4-4e53-a2a8-70bd5b31e3d7",
                                    "name": "FARIDPUR",
                                    "upazilas": [
                                        {
                                            "name": "CHARBHADRASAN",
                                            "id": "babc9507-275e-4611-ba34-4a080f4d42a8",
                                            "state": {
                                                "id": "9c75a95b-9f42-4ca9-a152-78c492590a6f",
                                                "name": "DHAKA"
                                            }
                                        },
                                        {
                                            "name": "FARIDPUR_SADAR",
                                            "id": "5f3eccfd-b863-4ccf-8c18-ad32f99e2859",
                                            "state": {
                                                "id": "9c75a95b-9f42-4ca9-a152-78c492590a6f",
                                                "name": "DHAKA"
                                            }
                                        },
                                        {
                                            "name": "ALFADANGA",
                                            "id": "259fd208-67c5-42b8-b98a-aa4a39290da5",
                                            "state": {
                                                "id": "9c75a95b-9f42-4ca9-a152-78c492590a6f",
                                                "name": "DHAKA"
                                            }
                                        },
                                        {
                                            "name": "Faridpur Sadar",
                                            "id": "99ac95fe-a484-448c-b9d8-5c9200b273e3",
                                            "state": {
                                                "id": "9c75a95b-9f42-4ca9-a152-78c492590a6f",
                                                "name": "DHAKA"
                                            }
                                        },
                                        {
                                            "name": "SADARPUR",
                                            "id": "f518eb87-fa45-438b-ac13-2415f3faea91",
                                            "state": {
                                                "id": "9c75a95b-9f42-4ca9-a152-78c492590a6f",
                                                "name": "DHAKA"
                                            }
                                        },
                                        {
                                            "name": "BHANGA",
                                            "id": "ed2d07c1-11c0-4f41-b499-fde54429851f",
                                            "state": {
                                                "id": "9c75a95b-9f42-4ca9-a152-78c492590a6f",
                                                "name": "DHAKA"
                                            }
                                        },
                                        {
                                            "name": "MADHUKHALI",
                                            "id": "6b341b59-641e-4db0-8dc0-2ce74ae664e9",
                                            "state": {
                                                "id": "9c75a95b-9f42-4ca9-a152-78c492590a6f",
                                                "name": "DHAKA"
                                            }
                                        },
                                        {
                                            "name": "NAGARKANDA",
                                            "id": "4d6dd97f-3b4c-4d48-8502-2f6e2c7c9274",
                                            "state": {
                                                "id": "9c75a95b-9f42-4ca9-a152-78c492590a6f",
                                                "name": "DHAKA"
                                            }
                                        },
                                        {
                                            "name": "BOALMARI",
                                            "id": "953e90ab-0015-4e6e-aa42-3d139c026a5d",
                                            "state": {
                                                "id": "9c75a95b-9f42-4ca9-a152-78c492590a6f",
                                                "name": "DHAKA"
                                            }
                                        },
                                        {
                                            "name": "SHALTHA",
                                            "id": "b67e6c94-f523-4359-a2a8-335a8d8dd43c",
                                            "state": {
                                                "id": "9c75a95b-9f42-4ca9-a152-78c492590a6f",
                                                "name": "DHAKA"
                                            }
                                        }
                                    ]
                                },
                                {
                                    "id": "8fdce543-067c-4c21-8ed2-f19c3fdf215b",
                                    "name": "NILPHAMARI",
                                    "upazilas": [
                                        {
                                            "name": "NILPHAMARI_SADAR",
                                            "id": "23cf2816-4cb3-4159-bb93-52a3fd781c00",
                                            "state": {
                                                "id": "b8c19906-b4fc-4745-ac93-af957934136b",
                                                "name": "RANGPUR"
                                            }
                                        },
                                        {
                                            "name": "JALDHAKA",
                                            "id": "623722ab-fa63-40cb-87d2-30f7b9f0b66b",
                                            "state": {
                                                "id": "b8c19906-b4fc-4745-ac93-af957934136b",
                                                "name": "RANGPUR"
                                            }
                                        },
                                        {
                                            "name": "DOMAR",
                                            "id": "a776cc51-7370-493a-a772-ccd1b0b20855",
                                            "state": {
                                                "id": "b8c19906-b4fc-4745-ac93-af957934136b",
                                                "name": "RANGPUR"
                                            }
                                        },
                                        {
                                            "name": "KISHOREGANJ",
                                            "id": "1deadcdb-a5f3-475b-95be-108a1046f978",
                                            "state": {
                                                "id": "b8c19906-b4fc-4745-ac93-af957934136b",
                                                "name": "RANGPUR"
                                            }
                                        },
                                        {
                                            "name": "SAIDPUR",
                                            "id": "a232edd2-b19a-4344-8c76-4ebd7090457a",
                                            "state": {
                                                "id": "b8c19906-b4fc-4745-ac93-af957934136b",
                                                "name": "RANGPUR"
                                            }
                                        },
                                        {
                                            "name": "DIMLA",
                                            "id": "1c92cece-1653-45ac-a086-24e8d852b562",
                                            "state": {
                                                "id": "b8c19906-b4fc-4745-ac93-af957934136b",
                                                "name": "RANGPUR"
                                            }
                                        }
                                    ]
                                },
                                {
                                    "id": "739583dc-519d-49b0-9582-d798a027ca79",
                                    "name": "COX'S BAZAR",
                                    "upazilas": [
                                        {
                                            "name": "COXS BAZAR SADAR",
                                            "id": "38c08333-395d-4aa8-86c0-8caea9a52c76",
                                            "state": {
                                                "id": "d4e8944a-6e8f-4d6e-a313-2228cfe9a567",
                                                "name": "CHITTAGONG"
                                            }
                                        },
                                        {
                                            "name": "TEKNAF",
                                            "id": "d41283c5-bca6-405f-8acf-e68e68e73308",
                                            "state": {
                                                "id": "d4e8944a-6e8f-4d6e-a313-2228cfe9a567",
                                                "name": "CHITTAGONG"
                                            }
                                        },
                                        {
                                            "name": "CHAKARIA",
                                            "id": "7a82b092-c530-4b72-985a-6e7c61a4f69f",
                                            "state": {
                                                "id": "d4e8944a-6e8f-4d6e-a313-2228cfe9a567",
                                                "name": "CHITTAGONG"
                                            }
                                        },
                                        {
                                            "name": "RAMU",
                                            "id": "529c05f5-dbc9-4442-9600-6debc27754d3",
                                            "state": {
                                                "id": "d4e8944a-6e8f-4d6e-a313-2228cfe9a567",
                                                "name": "CHITTAGONG"
                                            }
                                        },
                                        {
                                            "name": "EIDGAON",
                                            "id": "56f91627-c045-4618-b933-805104e9ed1f",
                                            "state": {
                                                "id": "d4e8944a-6e8f-4d6e-a313-2228cfe9a567",
                                                "name": "CHITTAGONG"
                                            }
                                        },
                                        {
                                            "name": "UKHIA",
                                            "id": "66dc64de-4a0b-4c4a-a6c8-80b63c9a3c75",
                                            "state": {
                                                "id": "d4e8944a-6e8f-4d6e-a313-2228cfe9a567",
                                                "name": "CHITTAGONG"
                                            }
                                        },
                                        {
                                            "name": "PEKUA",
                                            "id": "d01cb26d-4cfe-4017-a7c2-e9fdc0d8e2df",
                                            "state": {
                                                "id": "d4e8944a-6e8f-4d6e-a313-2228cfe9a567",
                                                "name": "CHITTAGONG"
                                            }
                                        },
                                        {
                                            "name": "MAHESHKHALI",
                                            "id": "c2ebc5a8-aaf2-4b98-a059-8beb05b34bdd",
                                            "state": {
                                                "id": "d4e8944a-6e8f-4d6e-a313-2228cfe9a567",
                                                "name": "CHITTAGONG"
                                            }
                                        },
                                        {
                                            "name": "KUTUBDIA",
                                            "id": "8f731bf7-fbb2-4b70-9e47-6d3d0d415d5d",
                                            "state": {
                                                "id": "d4e8944a-6e8f-4d6e-a313-2228cfe9a567",
                                                "name": "CHITTAGONG"
                                            }
                                        }
                                    ]
                                },
                                {
                                    "id": "2e26f8c1-97a7-44fc-9090-22af4de4ac9e",
                                    "name": "DHAKA",
                                    "upazilas": [
                                        {
                                            "name": "KERANIGANJ",
                                            "id": "37fa6ec5-6a13-4a35-b5c6-674b507edc01",
                                            "state": {
                                                "id": "9c75a95b-9f42-4ca9-a152-78c492590a6f",
                                                "name": "DHAKA"
                                            }
                                        },
                                        {
                                            "name": "DHAMRAI",
                                            "id": "9f2f6c8f-663f-4416-a1a7-1c59abb3852a",
                                            "state": {
                                                "id": "9c75a95b-9f42-4ca9-a152-78c492590a6f",
                                                "name": "DHAKA"
                                            }
                                        },
                                        {
                                            "name": "SAVAR",
                                            "id": "1a6db9e6-f058-4a33-a404-f7825a11a530",
                                            "state": {
                                                "id": "9c75a95b-9f42-4ca9-a152-78c492590a6f",
                                                "name": "DHAKA"
                                            }
                                        },
                                        {
                                            "name": "DOHAR",
                                            "id": "eaad1c5c-5972-4dd5-a18c-734fbadb8864",
                                            "state": {
                                                "id": "9c75a95b-9f42-4ca9-a152-78c492590a6f",
                                                "name": "DHAKA"
                                            }
                                        }
                                    ]
                                },
                                {
                                    "id": "f25de2cd-5ed8-44a8-9ae0-7d65c232f423",
                                    "name": "JAMALPUR",
                                    "upazilas": [
                                        {
                                            "name": "MELANDAHA",
                                            "id": "e5a81703-97d0-479b-a4fd-22a3a602697f",
                                            "state": {
                                                "id": "f6395340-53b2-4824-8252-ef3a164b8446",
                                                "name": "MAYMENSINGH"
                                            }
                                        },
                                        {
                                            "name": "NARUNDI POLICE I.C",
                                            "id": "c7710b29-c844-4892-9108-d73148cda29c",
                                            "state": {
                                                "id": "f6395340-53b2-4824-8252-ef3a164b8446",
                                                "name": "MAYMENSINGH"
                                            }
                                        },
                                        {
                                            "name": "ISLAMPUR",
                                            "id": "aedbc063-13ca-4e20-8357-eb22e8936000",
                                            "state": {
                                                "id": "f6395340-53b2-4824-8252-ef3a164b8446",
                                                "name": "MAYMENSINGH"
                                            }
                                        },
                                        {
                                            "name": "DEWANGANJ",
                                            "id": "1cc6d50f-87e6-4dd4-8a6e-9490a827621b",
                                            "state": {
                                                "id": "f6395340-53b2-4824-8252-ef3a164b8446",
                                                "name": "MAYMENSINGH"
                                            }
                                        },
                                        {
                                            "name": "JAMALPUR_SADAR",
                                            "id": "084e0df5-fe78-46ce-a473-939b9333bf40",
                                            "state": {
                                                "id": "f6395340-53b2-4824-8252-ef3a164b8446",
                                                "name": "MAYMENSINGH"
                                            }
                                        },
                                        {
                                            "name": "MADARGANJ",
                                            "id": "4782f9bd-aede-453f-8c96-7e2e10e8255b",
                                            "state": {
                                                "id": "f6395340-53b2-4824-8252-ef3a164b8446",
                                                "name": "MAYMENSINGH"
                                            }
                                        },
                                        {
                                            "name": "BAKSIGANJ",
                                            "id": "209bc080-4acc-4ac4-a88c-0ebc92355a2c",
                                            "state": {
                                                "id": "f6395340-53b2-4824-8252-ef3a164b8446",
                                                "name": "MAYMENSINGH"
                                            }
                                        },
                                        {
                                            "name": "SARISHABARI",
                                            "id": "c9d83f61-fe43-402a-9e0b-7f4df5cbe0e2",
                                            "state": {
                                                "id": "f6395340-53b2-4824-8252-ef3a164b8446",
                                                "name": "MAYMENSINGH"
                                            }
                                        }
                                    ]
                                },
                                {
                                    "id": "468da8cf-58f1-426f-ae73-d9554f7f71f6",
                                    "name": "NOAKHALI",
                                    "upazilas": [
                                        {
                                            "name": "COMPANYGANJ",
                                            "id": "87c2d2fe-377e-4bb3-aa56-93c5eb46ce99",
                                            "state": {
                                                "id": "d4e8944a-6e8f-4d6e-a313-2228cfe9a567",
                                                "name": "CHITTAGONG"
                                            }
                                        },
                                        {
                                            "name": "KOBIRHAT",
                                            "id": "edd18fb6-2dba-492a-bc59-f118923cfb9d",
                                            "state": {
                                                "id": "d4e8944a-6e8f-4d6e-a313-2228cfe9a567",
                                                "name": "CHITTAGONG"
                                            }
                                        },
                                        {
                                            "name": "BEGUMGANJ",
                                            "id": "fa8e1bdd-241d-484c-b5d8-82d5ee981528",
                                            "state": {
                                                "id": "d4e8944a-6e8f-4d6e-a313-2228cfe9a567",
                                                "name": "CHITTAGONG"
                                            }
                                        },
                                        {
                                            "name": "SUBORNO CHAR",
                                            "id": "e4fdab05-6c34-4af4-9a3c-9dd46abf24b1",
                                            "state": {
                                                "id": "d4e8944a-6e8f-4d6e-a313-2228cfe9a567",
                                                "name": "CHITTAGONG"
                                            }
                                        },
                                        {
                                            "name": "HATIA",
                                            "id": "8a144eff-edd1-4e0f-a6a8-70e1d8a19393",
                                            "state": {
                                                "id": "d4e8944a-6e8f-4d6e-a313-2228cfe9a567",
                                                "name": "CHITTAGONG"
                                            }
                                        },
                                        {
                                            "name": "SONAIMURI",
                                            "id": "ac50ed77-f382-46a1-a3d0-f0ad7d4788ac",
                                            "state": {
                                                "id": "d4e8944a-6e8f-4d6e-a313-2228cfe9a567",
                                                "name": "CHITTAGONG"
                                            }
                                        },
                                        {
                                            "name": "SHENBAG",
                                            "id": "e8164a0d-375a-4012-a790-694387014d4b",
                                            "state": {
                                                "id": "d4e8944a-6e8f-4d6e-a313-2228cfe9a567",
                                                "name": "CHITTAGONG"
                                            }
                                        },
                                        {
                                            "name": "CHATKHIL",
                                            "id": "59588ff2-33b7-4cd3-8e7e-fb302e9220c9",
                                            "state": {
                                                "id": "d4e8944a-6e8f-4d6e-a313-2228cfe9a567",
                                                "name": "CHITTAGONG"
                                            }
                                        },
                                        {
                                            "name": "NOAKHALI_SADAR",
                                            "id": "cb154cac-8111-4360-950e-daf4c472cbdf",
                                            "state": {
                                                "id": "d4e8944a-6e8f-4d6e-a313-2228cfe9a567",
                                                "name": "CHITTAGONG"
                                            }
                                        }
                                    ]
                                },
                                {
                                    "id": "54d0ae5a-d1d3-4212-a0df-9af09ff11378",
                                    "name": "CHATTOGRAM",
                                    "upazilas": [
                                        {
                                            "name": "BANSHKHALI",
                                            "id": "5ddabeca-76c8-4c6a-83e2-0c9cc8ad08d8",
                                            "state": {
                                                "id": "d4e8944a-6e8f-4d6e-a313-2228cfe9a567",
                                                "name": "CHITTAGONG"
                                            }
                                        },
                                        {
                                            "name": "FATIKCHHARI",
                                            "id": "711efd46-765f-4eda-a5a6-6199af270f52",
                                            "state": {
                                                "id": "d4e8944a-6e8f-4d6e-a313-2228cfe9a567",
                                                "name": "CHITTAGONG"
                                            }
                                        },
                                        {
                                            "name": "CHANDANAISH",
                                            "id": "f4bda4c9-417b-4cb2-8cdf-e79e95eede46",
                                            "state": {
                                                "id": "d4e8944a-6e8f-4d6e-a313-2228cfe9a567",
                                                "name": "CHITTAGONG"
                                            }
                                        },
                                        {
                                            "name": "SATKANIA",
                                            "id": "e6761574-7af1-405b-ab56-a967edf628f9",
                                            "state": {
                                                "id": "d4e8944a-6e8f-4d6e-a313-2228cfe9a567",
                                                "name": "CHITTAGONG"
                                            }
                                        },
                                        {
                                            "name": "SANDWIP",
                                            "id": "fa949a73-22a2-461a-b287-aac4effba9c6",
                                            "state": {
                                                "id": "d4e8944a-6e8f-4d6e-a313-2228cfe9a567",
                                                "name": "CHITTAGONG"
                                            }
                                        },
                                        {
                                            "name": "PATIYA",
                                            "id": "e6b414c2-9a47-4f78-bab7-c8c3859e24e1",
                                            "state": {
                                                "id": "d4e8944a-6e8f-4d6e-a313-2228cfe9a567",
                                                "name": "CHITTAGONG"
                                            }
                                        },
                                        {
                                            "name": "LOHAGARA",
                                            "id": "e78211f4-9d77-4e85-82e3-ec7fb12b64ce",
                                            "state": {
                                                "id": "d4e8944a-6e8f-4d6e-a313-2228cfe9a567",
                                                "name": "CHITTAGONG"
                                            }
                                        },
                                        {
                                            "name": "BOALKHALI",
                                            "id": "c414a0ec-ffab-45ea-bb72-bb1890086b90",
                                            "state": {
                                                "id": "d4e8944a-6e8f-4d6e-a313-2228cfe9a567",
                                                "name": "CHITTAGONG"
                                            }
                                        },
                                        {
                                            "name": "ANWARA",
                                            "id": "a0723800-077f-437f-9d36-9f745cb0b31e",
                                            "state": {
                                                "id": "d4e8944a-6e8f-4d6e-a313-2228cfe9a567",
                                                "name": "CHITTAGONG"
                                            }
                                        },
                                        {
                                            "name": "RAOZAN",
                                            "id": "95fb0054-aa7f-400c-b645-f0d90cb2a833",
                                            "state": {
                                                "id": "d4e8944a-6e8f-4d6e-a313-2228cfe9a567",
                                                "name": "CHITTAGONG"
                                            }
                                        },
                                        {
                                            "name": "MIRSHARAI",
                                            "id": "fe518ddf-6a83-4694-a2a6-ddeec0b93c18",
                                            "state": {
                                                "id": "d4e8944a-6e8f-4d6e-a313-2228cfe9a567",
                                                "name": "CHITTAGONG"
                                            }
                                        },
                                        {
                                            "name": "RANGUNIA",
                                            "id": "9c3e5edc-e95e-4671-89d4-974e7a31342e",
                                            "state": {
                                                "id": "d4e8944a-6e8f-4d6e-a313-2228cfe9a567",
                                                "name": "CHITTAGONG"
                                            }
                                        },
                                        {
                                            "name": "HATHAZARI",
                                            "id": "bda87d19-77d0-4c25-bca1-a911f4331afd",
                                            "state": {
                                                "id": "d4e8944a-6e8f-4d6e-a313-2228cfe9a567",
                                                "name": "CHITTAGONG"
                                            }
                                        },
                                        {
                                            "name": "SITAKUNDA",
                                            "id": "6fae4e24-7c93-493f-91f0-5fa877a326f4",
                                            "state": {
                                                "id": "d4e8944a-6e8f-4d6e-a313-2228cfe9a567",
                                                "name": "CHITTAGONG"
                                            }
                                        }
                                    ]
                                },
                                {
                                    "id": "66a27ec2-f335-413d-b228-4a4df8fa4eea",
                                    "name": "BHOLA",
                                    "upazilas": [
                                        {
                                            "name": "BHOLA_SADAR",
                                            "id": "3cbaa092-c96b-4845-a314-b9cdc02d61fd",
                                            "state": {
                                                "id": "5cbbb439-96e7-4f60-bf2f-abddd0d03e7e",
                                                "name": "BARISAL"
                                            }
                                        },
                                        {
                                            "name": "MANPURA",
                                            "id": "3220264c-e0d8-41c3-9b69-55cdd4aea21e",
                                            "state": {
                                                "id": "5cbbb439-96e7-4f60-bf2f-abddd0d03e7e",
                                                "name": "BARISAL"
                                            }
                                        },
                                        {
                                            "name": "BURHANUDDIN",
                                            "id": "692e6a01-748c-4451-8d67-e0f404c69572",
                                            "state": {
                                                "id": "5cbbb439-96e7-4f60-bf2f-abddd0d03e7e",
                                                "name": "BARISAL"
                                            }
                                        },
                                        {
                                            "name": "CHAR FASSON",
                                            "id": "9f23a216-4a71-48ef-8c7e-e20f01a67e4a",
                                            "state": {
                                                "id": "5cbbb439-96e7-4f60-bf2f-abddd0d03e7e",
                                                "name": "BARISAL"
                                            }
                                        },
                                        {
                                            "name": "DAULATKHAN",
                                            "id": "16ea4a9e-60b8-4eed-a011-d3d52d5a646d",
                                            "state": {
                                                "id": "5cbbb439-96e7-4f60-bf2f-abddd0d03e7e",
                                                "name": "BARISAL"
                                            }
                                        },
                                        {
                                            "name": "LALMOHAN",
                                            "id": "634c328d-d819-4c09-a1b4-ebe643071f5e",
                                            "state": {
                                                "id": "5cbbb439-96e7-4f60-bf2f-abddd0d03e7e",
                                                "name": "BARISAL"
                                            }
                                        },
                                        {
                                            "name": "TAZUMUDDIN",
                                            "id": "303c6383-711c-4c09-ba87-f261320d697e",
                                            "state": {
                                                "id": "5cbbb439-96e7-4f60-bf2f-abddd0d03e7e",
                                                "name": "BARISAL"
                                            }
                                        }
                                    ]
                                },
                                {
                                    "id": "00358d0a-f4c2-4374-908b-b37dac235fc0",
                                    "name": "JHENAIDAH",
                                    "upazilas": [
                                        {
                                            "name": "JHENAIDAH_SADAR",
                                            "id": "b730ac9a-c96e-4e9c-8583-dda0a4b61f9b",
                                            "state": {
                                                "id": "642a6748-942f-473d-96c6-a6c1b2e00e05",
                                                "name": "KHULNA"
                                            }
                                        },
                                        {
                                            "name": "SHAILKUPA",
                                            "id": "9216f983-c056-40f1-a143-463a2e4a2e84",
                                            "state": {
                                                "id": "642a6748-942f-473d-96c6-a6c1b2e00e05",
                                                "name": "KHULNA"
                                            }
                                        },
                                        {
                                            "name": "KOTCHANDPUR",
                                            "id": "7d743b39-a4ef-499b-b1eb-ccc7c9c1df81",
                                            "state": {
                                                "id": "642a6748-942f-473d-96c6-a6c1b2e00e05",
                                                "name": "KHULNA"
                                            }
                                        },
                                        {
                                            "name": "MAHESHPUR",
                                            "id": "9f3f6256-e1a0-457a-bf19-21fd5ccf253f",
                                            "state": {
                                                "id": "642a6748-942f-473d-96c6-a6c1b2e00e05",
                                                "name": "KHULNA"
                                            }
                                        },
                                        {
                                            "name": "HARINAKUNDA",
                                            "id": "8e2f9be1-24a7-48f6-9772-60c671fd5b2e",
                                            "state": {
                                                "id": "642a6748-942f-473d-96c6-a6c1b2e00e05",
                                                "name": "KHULNA"
                                            }
                                        }
                                    ]
                                },
                                {
                                    "id": "7a79fbbb-0414-4c68-ba03-a7d86e0f77ce",
                                    "name": "PABNA",
                                    "upazilas": [
                                        {
                                            "name": "BERA",
                                            "id": "9e859765-d526-4191-bab6-bf8d5a17317b",
                                            "state": {
                                                "id": "d68c68d2-108e-4635-93d1-28c44525f178",
                                                "name": "RAJSHAHI"
                                            }
                                        },
                                        {
                                            "name": "SUJANAGAR",
                                            "id": "a1b3c50a-d7af-4d16-a72d-4bdb5d0647b4",
                                            "state": {
                                                "id": "d68c68d2-108e-4635-93d1-28c44525f178",
                                                "name": "RAJSHAHI"
                                            }
                                        },
                                        {
                                            "name": "ATGHARIA",
                                            "id": "1faaac6e-d6b6-4852-9538-5c85438e47a5",
                                            "state": {
                                                "id": "d68c68d2-108e-4635-93d1-28c44525f178",
                                                "name": "RAJSHAHI"
                                            }
                                        },
                                        {
                                            "name": "SANTHIA",
                                            "id": "89ee778e-f765-4f8b-96d2-e00a6948199f",
                                            "state": {
                                                "id": "d68c68d2-108e-4635-93d1-28c44525f178",
                                                "name": "RAJSHAHI"
                                            }
                                        },
                                        {
                                            "name": "FARIDPUR",
                                            "id": "f9e13f42-2b4c-4af1-ae0b-186ee9fed178",
                                            "state": {
                                                "id": "d68c68d2-108e-4635-93d1-28c44525f178",
                                                "name": "RAJSHAHI"
                                            }
                                        },
                                        {
                                            "name": "BHANGURA",
                                            "id": "ce5f60e3-36ca-47e2-ac30-fea8af549985",
                                            "state": {
                                                "id": "d68c68d2-108e-4635-93d1-28c44525f178",
                                                "name": "RAJSHAHI"
                                            }
                                        },
                                        {
                                            "name": "CHATMOHAR",
                                            "id": "ee68ea82-2a16-46d4-a111-8d6a717363e3",
                                            "state": {
                                                "id": "d68c68d2-108e-4635-93d1-28c44525f178",
                                                "name": "RAJSHAHI"
                                            }
                                        },
                                        {
                                            "name": "ISHWARDI",
                                            "id": "e6f6b813-2ef3-429a-8dc6-3664b2d7af18",
                                            "state": {
                                                "id": "d68c68d2-108e-4635-93d1-28c44525f178",
                                                "name": "RAJSHAHI"
                                            }
                                        },
                                        {
                                            "name": "PABNA_SADAR",
                                            "id": "9a08add3-9997-4def-8a7e-2d4c47b78e1a",
                                            "state": {
                                                "id": "d68c68d2-108e-4635-93d1-28c44525f178",
                                                "name": "RAJSHAHI"
                                            }
                                        }
                                    ]
                                },
                                {
                                    "id": "c8c07a38-023f-4177-a946-7ea85bc5e62f",
                                    "name": "KISHOREGANJ",
                                    "upazilas": [
                                        {
                                            "name": "ASTAGRAM",
                                            "id": "8af0a33e-ec3f-4819-9c9a-d2e7b407340b",
                                            "state": {
                                                "id": "9c75a95b-9f42-4ca9-a152-78c492590a6f",
                                                "name": "DHAKA"
                                            }
                                        },
                                        {
                                            "name": "KATIADI",
                                            "id": "e14e5e25-3f0a-47a6-a16d-fe2023ec0a0e",
                                            "state": {
                                                "id": "9c75a95b-9f42-4ca9-a152-78c492590a6f",
                                                "name": "DHAKA"
                                            }
                                        },
                                        {
                                            "name": "MITHAMAIN",
                                            "id": "baa02b29-ad36-4df1-b296-07c71e4dabff",
                                            "state": {
                                                "id": "9c75a95b-9f42-4ca9-a152-78c492590a6f",
                                                "name": "DHAKA"
                                            }
                                        },
                                        {
                                            "name": "NIKLI",
                                            "id": "6f94a91b-a7e0-4690-83f4-82181b04c922",
                                            "state": {
                                                "id": "9c75a95b-9f42-4ca9-a152-78c492590a6f",
                                                "name": "DHAKA"
                                            }
                                        },
                                        {
                                            "name": "PAKUNDIA",
                                            "id": "3a4de8ba-819b-4935-843c-a3f1b5f6c421",
                                            "state": {
                                                "id": "9c75a95b-9f42-4ca9-a152-78c492590a6f",
                                                "name": "DHAKA"
                                            }
                                        },
                                        {
                                            "name": "KARIMGANJ",
                                            "id": "603092ee-3099-4b52-8b05-a76998c55ac0",
                                            "state": {
                                                "id": "9c75a95b-9f42-4ca9-a152-78c492590a6f",
                                                "name": "DHAKA"
                                            }
                                        },
                                        {
                                            "name": "KULIARCHAR",
                                            "id": "ba05daa9-21a2-4c7f-8a6f-4eca370e67c9",
                                            "state": {
                                                "id": "9c75a95b-9f42-4ca9-a152-78c492590a6f",
                                                "name": "DHAKA"
                                            }
                                        },
                                        {
                                            "name": "HOSSAINPUR",
                                            "id": "35ee81bc-c606-4f50-8c62-be135699f164",
                                            "state": {
                                                "id": "9c75a95b-9f42-4ca9-a152-78c492590a6f",
                                                "name": "DHAKA"
                                            }
                                        },
                                        {
                                            "name": "ITNA",
                                            "id": "64a6f7b6-ae00-48d7-91ff-d1afdd013728",
                                            "state": {
                                                "id": "9c75a95b-9f42-4ca9-a152-78c492590a6f",
                                                "name": "DHAKA"
                                            }
                                        },
                                        {
                                            "name": "BHAIRAB",
                                            "id": "f76de4f1-4367-46b4-ae35-25b31e161eaa",
                                            "state": {
                                                "id": "9c75a95b-9f42-4ca9-a152-78c492590a6f",
                                                "name": "DHAKA"
                                            }
                                        },
                                        {
                                            "name": "KISHOREGANJ_SADAR",
                                            "id": "f71d8ef1-88f4-4648-a927-1999cbec41e7",
                                            "state": {
                                                "id": "9c75a95b-9f42-4ca9-a152-78c492590a6f",
                                                "name": "DHAKA"
                                            }
                                        },
                                        {
                                            "name": "TARAIL",
                                            "id": "f5f8b58c-3d89-4a8f-8533-d689e34cbed3",
                                            "state": {
                                                "id": "9c75a95b-9f42-4ca9-a152-78c492590a6f",
                                                "name": "DHAKA"
                                            }
                                        },
                                        {
                                            "name": "BAJITPUR",
                                            "id": "d0a74c06-98ae-486a-9e67-fc5674c75288",
                                            "state": {
                                                "id": "9c75a95b-9f42-4ca9-a152-78c492590a6f",
                                                "name": "DHAKA"
                                            }
                                        }
                                    ]
                                },
                                {
                                    "id": "db758e15-588a-4c28-bae2-15069f2ce0f8",
                                    "name": "GOPALGANJ",
                                    "upazilas": [
                                        {
                                            "name": "KOTALIPARA",
                                            "id": "1729714e-61c8-4c5c-b062-7336efc80f74",
                                            "state": {
                                                "id": "9c75a95b-9f42-4ca9-a152-78c492590a6f",
                                                "name": "DHAKA"
                                            }
                                        },
                                        {
                                            "name": "MUKSUDPUR",
                                            "id": "52e46038-ba96-4a5c-96b5-1017b4eb6626",
                                            "state": {
                                                "id": "9c75a95b-9f42-4ca9-a152-78c492590a6f",
                                                "name": "DHAKA"
                                            }
                                        },
                                        {
                                            "name": "KASHIANI",
                                            "id": "9ea8f46d-358f-496e-b244-c3daf64e75c3",
                                            "state": {
                                                "id": "9c75a95b-9f42-4ca9-a152-78c492590a6f",
                                                "name": "DHAKA"
                                            }
                                        },
                                        {
                                            "name": "GOPALGANJ_SADAR",
                                            "id": "2ad2bc1d-038e-4d77-8754-a4eaa1ee4aa2",
                                            "state": {
                                                "id": "9c75a95b-9f42-4ca9-a152-78c492590a6f",
                                                "name": "DHAKA"
                                            }
                                        },
                                        {
                                            "name": "TUNGIPARA",
                                            "id": "18618e91-ce26-4c99-a7d1-a88be829a48b",
                                            "state": {
                                                "id": "9c75a95b-9f42-4ca9-a152-78c492590a6f",
                                                "name": "DHAKA"
                                            }
                                        }
                                    ]
                                },
                                {
                                    "id": "d1502152-1a34-423b-9811-576ccb88a3ea",
                                    "name": "KHULNA",
                                    "upazilas": [
                                        {
                                            "name": "BATIAGHATA",
                                            "id": "df3aa4c1-bfc8-4d9b-ade6-7c9dcc05e43b",
                                            "state": {
                                                "id": "642a6748-942f-473d-96c6-a6c1b2e00e05",
                                                "name": "KHULNA"
                                            }
                                        },
                                        {
                                            "name": "DACOPE",
                                            "id": "0510005c-3839-4f55-a93c-8147fa5657c3",
                                            "state": {
                                                "id": "642a6748-942f-473d-96c6-a6c1b2e00e05",
                                                "name": "KHULNA"
                                            }
                                        },
                                        {
                                            "name": "PAIKGACHHA",
                                            "id": "6dedbbd8-ad85-419e-a6f3-3b7b110beeef",
                                            "state": {
                                                "id": "642a6748-942f-473d-96c6-a6c1b2e00e05",
                                                "name": "KHULNA"
                                            }
                                        },
                                        {
                                            "name": "DIGHALIA",
                                            "id": "01a498b4-e2b8-4196-b1a8-37c83dd96d40",
                                            "state": {
                                                "id": "642a6748-942f-473d-96c6-a6c1b2e00e05",
                                                "name": "KHULNA"
                                            }
                                        },
                                        {
                                            "name": "TEROKHADA",
                                            "id": "78368a85-2301-4b61-b08c-bda0a7f2989d",
                                            "state": {
                                                "id": "642a6748-942f-473d-96c6-a6c1b2e00e05",
                                                "name": "KHULNA"
                                            }
                                        },
                                        {
                                            "name": "PHULTALA",
                                            "id": "de1c9dd2-c46c-4eb3-ae0d-ee1cbd77bfea",
                                            "state": {
                                                "id": "642a6748-942f-473d-96c6-a6c1b2e00e05",
                                                "name": "KHULNA"
                                            }
                                        },
                                        {
                                            "name": "DUMURIA",
                                            "id": "37c742e6-7aac-4034-8ed6-f0e58d0ad522",
                                            "state": {
                                                "id": "642a6748-942f-473d-96c6-a6c1b2e00e05",
                                                "name": "KHULNA"
                                            }
                                        },
                                        {
                                            "name": "KOYRA",
                                            "id": "4e5d83f1-3445-4445-a497-72dd54840c08",
                                            "state": {
                                                "id": "642a6748-942f-473d-96c6-a6c1b2e00e05",
                                                "name": "KHULNA"
                                            }
                                        },
                                        {
                                            "name": "RUPSA",
                                            "id": "0a761827-088c-4d43-a4d2-5904df789dcb",
                                            "state": {
                                                "id": "642a6748-942f-473d-96c6-a6c1b2e00e05",
                                                "name": "KHULNA"
                                            }
                                        }
                                    ]
                                },
                                {
                                    "id": "053cccf1-2ff4-4935-9b97-a7d73d2f29e2",
                                    "name": "NAOGAON",
                                    "upazilas": [
                                        {
                                            "name": "ATRAI",
                                            "id": "ca19d552-2c0f-4c03-99b5-9c84660083a9",
                                            "state": {
                                                "id": "d68c68d2-108e-4635-93d1-28c44525f178",
                                                "name": "RAJSHAHI"
                                            }
                                        },
                                        {
                                            "name": "RANINAGAR",
                                            "id": "bfcd8825-c7fa-4a19-8d0d-f097ba900ea6",
                                            "state": {
                                                "id": "d68c68d2-108e-4635-93d1-28c44525f178",
                                                "name": "RAJSHAHI"
                                            }
                                        },
                                        {
                                            "name": "DHAMOIRHAT",
                                            "id": "fdf566cf-11b6-4c01-ae47-c6c779feb92d",
                                            "state": {
                                                "id": "d68c68d2-108e-4635-93d1-28c44525f178",
                                                "name": "RAJSHAHI"
                                            }
                                        },
                                        {
                                            "name": "PATNITALA",
                                            "id": "1ef21421-63e5-42d4-854d-4da3c572a061",
                                            "state": {
                                                "id": "d68c68d2-108e-4635-93d1-28c44525f178",
                                                "name": "RAJSHAHI"
                                            }
                                        },
                                        {
                                            "name": "NIAMATPUR",
                                            "id": "cb79ca11-a7f4-4de9-8b73-726b9f277260",
                                            "state": {
                                                "id": "d68c68d2-108e-4635-93d1-28c44525f178",
                                                "name": "RAJSHAHI"
                                            }
                                        },
                                        {
                                            "name": "MOHADEVPUR",
                                            "id": "87fc4733-5ba9-4492-a4a3-477e1bbf4965",
                                            "state": {
                                                "id": "d68c68d2-108e-4635-93d1-28c44525f178",
                                                "name": "RAJSHAHI"
                                            }
                                        },
                                        {
                                            "name": "MANDA",
                                            "id": "38a158ef-7fae-4cdf-a906-9bfedbf5ee8d",
                                            "state": {
                                                "id": "d68c68d2-108e-4635-93d1-28c44525f178",
                                                "name": "RAJSHAHI"
                                            }
                                        },
                                        {
                                            "name": "NAOGAON_SADAR",
                                            "id": "433415ed-7b51-415a-9826-c5a655a42e1f",
                                            "state": {
                                                "id": "d68c68d2-108e-4635-93d1-28c44525f178",
                                                "name": "RAJSHAHI"
                                            }
                                        },
                                        {
                                            "name": "PORSHA",
                                            "id": "075b5f29-ffb3-4a22-8bce-255a305320d0",
                                            "state": {
                                                "id": "d68c68d2-108e-4635-93d1-28c44525f178",
                                                "name": "RAJSHAHI"
                                            }
                                        },
                                        {
                                            "name": "BADALGACHHI",
                                            "id": "5a52e1a2-7603-410d-b929-f07424bd3818",
                                            "state": {
                                                "id": "d68c68d2-108e-4635-93d1-28c44525f178",
                                                "name": "RAJSHAHI"
                                            }
                                        },
                                        {
                                            "name": "SAPAHAR",
                                            "id": "f24efbcc-3048-42d4-b2de-3cd80570f107",
                                            "state": {
                                                "id": "d68c68d2-108e-4635-93d1-28c44525f178",
                                                "name": "RAJSHAHI"
                                            }
                                        }
                                    ]
                                },
                                {
                                    "id": "3841e03e-b526-4568-b373-6fb874ae2dd2",
                                    "name": "NARAIL",
                                    "upazilas": [
                                        {
                                            "name": "NARAIL-S UPAZILLA",
                                            "id": "58236735-155d-45f5-81c6-d2528a3327e9",
                                            "state": {
                                                "id": "642a6748-942f-473d-96c6-a6c1b2e00e05",
                                                "name": "KHULNA"
                                            }
                                        },
                                        {
                                            "name": "LOHAGARA UPAZILLA",
                                            "id": "3a7dc21f-8d9e-4db5-83ad-4a42791fcaa4",
                                            "state": {
                                                "id": "642a6748-942f-473d-96c6-a6c1b2e00e05",
                                                "name": "KHULNA"
                                            }
                                        },
                                        {
                                            "name": "KALIA UPAZILLA",
                                            "id": "5e60afd8-8c2b-44ea-992f-027e764fc068",
                                            "state": {
                                                "id": "642a6748-942f-473d-96c6-a6c1b2e00e05",
                                                "name": "KHULNA"
                                            }
                                        }
                                    ]
                                },
                                {
                                    "id": "ba44bb5a-c4fc-4622-9b74-0b5641780581",
                                    "name": "MYMENSINGH",
                                    "upazilas": [
                                        {
                                            "name": "FULBARIA",
                                            "id": "14786483-84f3-4ac4-af4e-6928097bd398",
                                            "state": {
                                                "id": "f6395340-53b2-4824-8252-ef3a164b8446",
                                                "name": "MAYMENSINGH"
                                            }
                                        },
                                        {
                                            "name": "MUKTAGACHHA",
                                            "id": "6112996c-f960-4f30-bd1f-867050a656cb",
                                            "state": {
                                                "id": "f6395340-53b2-4824-8252-ef3a164b8446",
                                                "name": "MAYMENSINGH"
                                            }
                                        },
                                        {
                                            "name": "GAFFARGAON",
                                            "id": "f1027b1e-4a47-4e6f-9dca-8ee4974dcee3",
                                            "state": {
                                                "id": "f6395340-53b2-4824-8252-ef3a164b8446",
                                                "name": "MAYMENSINGH"
                                            }
                                        },
                                        {
                                            "name": "GAURIPUR",
                                            "id": "89af4299-90a2-4e9e-a201-d090d4f0a26a",
                                            "state": {
                                                "id": "f6395340-53b2-4824-8252-ef3a164b8446",
                                                "name": "MAYMENSINGH"
                                            }
                                        },
                                        {
                                            "name": "NANDAIL",
                                            "id": "4a7f82e3-e7f0-4dc1-b216-475ae369c902",
                                            "state": {
                                                "id": "f6395340-53b2-4824-8252-ef3a164b8446",
                                                "name": "MAYMENSINGH"
                                            }
                                        },
                                        {
                                            "name": "PHULPUR",
                                            "id": "e7f43bd5-defe-4d78-a9ea-8394b2d85ae8",
                                            "state": {
                                                "id": "f6395340-53b2-4824-8252-ef3a164b8446",
                                                "name": "MAYMENSINGH"
                                            }
                                        },
                                        {
                                            "name": "ISHWARGANJ",
                                            "id": "343276b0-a108-4b67-aa9f-6ff2eecfa3f1",
                                            "state": {
                                                "id": "f6395340-53b2-4824-8252-ef3a164b8446",
                                                "name": "MAYMENSINGH"
                                            }
                                        },
                                        {
                                            "name": "HALUAGHAT",
                                            "id": "b3cf9a18-0480-4a79-b898-0c9558158569",
                                            "state": {
                                                "id": "f6395340-53b2-4824-8252-ef3a164b8446",
                                                "name": "MAYMENSINGH"
                                            }
                                        },
                                        {
                                            "name": "MYMENSINGH_SADAR",
                                            "id": "944d5c60-96f6-4b1b-9245-57a7d1b8f80c",
                                            "state": {
                                                "id": "f6395340-53b2-4824-8252-ef3a164b8446",
                                                "name": "MAYMENSINGH"
                                            }
                                        },
                                        {
                                            "name": "TRISHAL",
                                            "id": "b54f2e4f-fadd-4386-a7fe-e29c806df77b",
                                            "state": {
                                                "id": "f6395340-53b2-4824-8252-ef3a164b8446",
                                                "name": "MAYMENSINGH"
                                            }
                                        },
                                        {
                                            "name": "DHOBAURA",
                                            "id": "90e06f5e-7571-4ce8-a713-53b94b2b6770",
                                            "state": {
                                                "id": "f6395340-53b2-4824-8252-ef3a164b8446",
                                                "name": "MAYMENSINGH"
                                            }
                                        },
                                        {
                                            "name": "BHALUKA",
                                            "id": "34920b68-a4b6-444b-95f5-d072d29fc1eb",
                                            "state": {
                                                "id": "f6395340-53b2-4824-8252-ef3a164b8446",
                                                "name": "MAYMENSINGH"
                                            }
                                        }
                                    ]
                                },
                                {
                                    "id": "bbed7d2c-59fb-43ce-a03c-8abd7a9f8f18",
                                    "name": "NARSINGDI",
                                    "upazilas": [
                                        {
                                            "name": "SHIBPUR",
                                            "id": "189fa0e5-3fba-4bb7-a1fa-1244de4d259c",
                                            "state": {
                                                "id": "9c75a95b-9f42-4ca9-a152-78c492590a6f",
                                                "name": "DHAKA"
                                            }
                                        },
                                        {
                                            "name": "MONOHARDI",
                                            "id": "243e2783-eb7e-4284-9ad6-461870dc8937",
                                            "state": {
                                                "id": "9c75a95b-9f42-4ca9-a152-78c492590a6f",
                                                "name": "DHAKA"
                                            }
                                        },
                                        {
                                            "name": "BELABO",
                                            "id": "785efd52-cefe-46f7-9a57-3a0b9ff6e8f6",
                                            "state": {
                                                "id": "9c75a95b-9f42-4ca9-a152-78c492590a6f",
                                                "name": "DHAKA"
                                            }
                                        },
                                        {
                                            "name": "RAIPURA, NARSINGDI",
                                            "id": "62845bb0-be44-48d6-a163-908e4b35b7fb",
                                            "state": {
                                                "id": "9c75a95b-9f42-4ca9-a152-78c492590a6f",
                                                "name": "DHAKA"
                                            }
                                        },
                                        {
                                            "name": "NARSINGDI_SADAR",
                                            "id": "06b56b35-2e12-44ba-b18f-22cd4d6ecb98",
                                            "state": {
                                                "id": "9c75a95b-9f42-4ca9-a152-78c492590a6f",
                                                "name": "DHAKA"
                                            }
                                        },
                                        {
                                            "name": "PALASH",
                                            "id": "ccd33f77-057f-4819-bdf6-a7da5785e2c5",
                                            "state": {
                                                "id": "9c75a95b-9f42-4ca9-a152-78c492590a6f",
                                                "name": "DHAKA"
                                            }
                                        }
                                    ]
                                },
                                {
                                    "id": "8b99d1ec-6c05-4e8e-b708-8216c9690652",
                                    "name": "RAJBARI",
                                    "upazilas": [
                                        {
                                            "name": "KALUKHALI",
                                            "id": "ad20fd23-08a0-4422-a4ce-2d664b65fc2e",
                                            "state": {
                                                "id": "9c75a95b-9f42-4ca9-a152-78c492590a6f",
                                                "name": "DHAKA"
                                            }
                                        },
                                        {
                                            "name": "RAJBARI_SADAR",
                                            "id": "a60723aa-280a-4b8b-a4fd-b2fa0323c4c4",
                                            "state": {
                                                "id": "9c75a95b-9f42-4ca9-a152-78c492590a6f",
                                                "name": "DHAKA"
                                            }
                                        },
                                        {
                                            "name": "BALIAKANDI",
                                            "id": "a654e917-d396-4a82-9e9d-9ab7581b3c1b",
                                            "state": {
                                                "id": "9c75a95b-9f42-4ca9-a152-78c492590a6f",
                                                "name": "DHAKA"
                                            }
                                        },
                                        {
                                            "name": "GOALANDAGHAT",
                                            "id": "7de09957-126b-4fee-9833-49f637931f79",
                                            "state": {
                                                "id": "9c75a95b-9f42-4ca9-a152-78c492590a6f",
                                                "name": "DHAKA"
                                            }
                                        },
                                        {
                                            "name": "PANGSHA",
                                            "id": "532c2c8a-0a92-4c5c-9710-622eabaab454",
                                            "state": {
                                                "id": "9c75a95b-9f42-4ca9-a152-78c492590a6f",
                                                "name": "DHAKA"
                                            }
                                        }
                                    ]
                                },
                                {
                                    "id": "8a26a551-dbef-4fa9-b50c-17a7fe590b13",
                                    "name": "SIRAJGONJ",
                                    "upazilas": [
                                        {
                                            "name": "KAZIPUR",
                                            "id": "b1363ee2-d297-4f58-a353-d94bba646dd6",
                                            "state": {
                                                "id": "d68c68d2-108e-4635-93d1-28c44525f178",
                                                "name": "RAJSHAHI"
                                            }
                                        },
                                        {
                                            "name": "RAIGANJ",
                                            "id": "3b9f4a36-dc41-48ab-9261-4843e2dee251",
                                            "state": {
                                                "id": "d68c68d2-108e-4635-93d1-28c44525f178",
                                                "name": "RAJSHAHI"
                                            }
                                        },
                                        {
                                            "name": "BELKUCHI",
                                            "id": "346c0522-e283-421d-9991-d95c10faf7b8",
                                            "state": {
                                                "id": "d68c68d2-108e-4635-93d1-28c44525f178",
                                                "name": "RAJSHAHI"
                                            }
                                        },
                                        {
                                            "name": "KAMARKHANDA",
                                            "id": "0012b1ec-f07e-4956-8208-d99e74a19aa7",
                                            "state": {
                                                "id": "d68c68d2-108e-4635-93d1-28c44525f178",
                                                "name": "RAJSHAHI"
                                            }
                                        },
                                        {
                                            "name": "SIRAJGANJ_SADAR",
                                            "id": "983f7c6b-9831-4027-b0f9-0e909b74e4ab",
                                            "state": {
                                                "id": "d68c68d2-108e-4635-93d1-28c44525f178",
                                                "name": "RAJSHAHI"
                                            }
                                        },
                                        {
                                            "name": "CHAUHALI",
                                            "id": "fa6ccc95-c941-4284-8d9f-7c4624683e0c",
                                            "state": {
                                                "id": "d68c68d2-108e-4635-93d1-28c44525f178",
                                                "name": "RAJSHAHI"
                                            }
                                        },
                                        {
                                            "name": "TARASH",
                                            "id": "72d45478-f1c8-4317-a912-5f90a6033813",
                                            "state": {
                                                "id": "d68c68d2-108e-4635-93d1-28c44525f178",
                                                "name": "RAJSHAHI"
                                            }
                                        },
                                        {
                                            "name": "SHAHJADPUR",
                                            "id": "aba04480-80aa-4c49-94f5-54a5f8cec70c",
                                            "state": {
                                                "id": "d68c68d2-108e-4635-93d1-28c44525f178",
                                                "name": "RAJSHAHI"
                                            }
                                        },
                                        {
                                            "name": "ULLAHPARA",
                                            "id": "2b03ca99-77d6-4dac-8c30-72fd7820b170",
                                            "state": {
                                                "id": "d68c68d2-108e-4635-93d1-28c44525f178",
                                                "name": "RAJSHAHI"
                                            }
                                        }
                                    ]
                                },
                                {
                                    "id": "3b2a6a3c-5159-471d-abe6-9f4ebad7e6c1",
                                    "name": "MAGURA",
                                    "upazilas": [
                                        {
                                            "name": "SHALIKHA",
                                            "id": "a2705dba-cae2-4e3d-86f6-8ed9c08df535",
                                            "state": {
                                                "id": "642a6748-942f-473d-96c6-a6c1b2e00e05",
                                                "name": "KHULNA"
                                            }
                                        },
                                        {
                                            "name": "MOHAMMADPUR",
                                            "id": "53edb99e-47b4-4979-b3f5-3d80de1b7118",
                                            "state": {
                                                "id": "642a6748-942f-473d-96c6-a6c1b2e00e05",
                                                "name": "KHULNA"
                                            }
                                        },
                                        {
                                            "name": "MAGURA_SADAR",
                                            "id": "dd0bd5ac-d63d-407d-bcf5-ba24191b7cba",
                                            "state": {
                                                "id": "642a6748-942f-473d-96c6-a6c1b2e00e05",
                                                "name": "KHULNA"
                                            }
                                        },
                                        {
                                            "name": "SREEPUR",
                                            "id": "4e4122d5-c778-4303-823f-8a95b13f3f77",
                                            "state": {
                                                "id": "642a6748-942f-473d-96c6-a6c1b2e00e05",
                                                "name": "KHULNA"
                                            }
                                        }
                                    ]
                                },
                                {
                                    "id": "9dd946ca-b2e9-4369-9456-5d7c8308901c",
                                    "name": "JHALOKATI",
                                    "upazilas": [
                                        {
                                            "name": "RAJAPUR",
                                            "id": "595eceec-72ac-4b2a-a8c1-4d1a9d8c93dc",
                                            "state": {
                                                "id": "5cbbb439-96e7-4f60-bf2f-abddd0d03e7e",
                                                "name": "BARISAL"
                                            }
                                        },
                                        {
                                            "name": "NALCHITY",
                                            "id": "c16b84e6-4636-4559-9713-bbfb460be2ec",
                                            "state": {
                                                "id": "5cbbb439-96e7-4f60-bf2f-abddd0d03e7e",
                                                "name": "BARISAL"
                                            }
                                        },
                                        {
                                            "name": "JHALOKATI_SADAR",
                                            "id": "3c848ec1-c630-48f7-8327-8230e4d16846",
                                            "state": {
                                                "id": "5cbbb439-96e7-4f60-bf2f-abddd0d03e7e",
                                                "name": "BARISAL"
                                            }
                                        },
                                        {
                                            "name": "KATHALIA",
                                            "id": "98bbf847-31a1-4d55-a771-a5d045976cfe",
                                            "state": {
                                                "id": "5cbbb439-96e7-4f60-bf2f-abddd0d03e7e",
                                                "name": "BARISAL"
                                            }
                                        }
                                    ]
                                },
                                {
                                    "id": "e9431d37-c6a8-49a5-b5f5-3d8c14bc8ec7",
                                    "name": "LALMONIRHAT",
                                    "upazilas": [
                                        {
                                            "name": "KALIGANJ",
                                            "id": "40f7ed07-08b0-4244-9f65-17971aaeb6d2",
                                            "state": {
                                                "id": "b8c19906-b4fc-4745-ac93-af957934136b",
                                                "name": "RANGPUR"
                                            }
                                        },
                                        {
                                            "name": "LALMANIRHAT_SADAR",
                                            "id": "c3fdab30-b48f-484a-bcab-d8fdb8038626",
                                            "state": {
                                                "id": "b8c19906-b4fc-4745-ac93-af957934136b",
                                                "name": "RANGPUR"
                                            }
                                        },
                                        {
                                            "name": "HATIBANDHA",
                                            "id": "81a52b21-ee0e-4b30-af0e-077ef3b01cc5",
                                            "state": {
                                                "id": "b8c19906-b4fc-4745-ac93-af957934136b",
                                                "name": "RANGPUR"
                                            }
                                        },
                                        {
                                            "name": "ADITMARI",
                                            "id": "b4123b8d-af34-4c2f-8755-8c8d37c59e89",
                                            "state": {
                                                "id": "b8c19906-b4fc-4745-ac93-af957934136b",
                                                "name": "RANGPUR"
                                            }
                                        },
                                        {
                                            "name": "PATGRAM",
                                            "id": "bff9e973-cc00-4aaa-8e53-4ca5ff6dab3d",
                                            "state": {
                                                "id": "b8c19906-b4fc-4745-ac93-af957934136b",
                                                "name": "RANGPUR"
                                            }
                                        }
                                    ]
                                },
                                {
                                    "id": "3244a7d0-e432-4753-841f-cdbd7aa1f437",
                                    "name": "SHARIATPUR",
                                    "upazilas": [
                                        {
                                            "name": "NARIA",
                                            "id": "3e8850ed-a488-46ae-afa3-5b567c539ba2",
                                            "state": {
                                                "id": "9c75a95b-9f42-4ca9-a152-78c492590a6f",
                                                "name": "DHAKA"
                                            }
                                        },
                                        {
                                            "name": "BHEDARGANJ",
                                            "id": "088a2bdf-e98a-407a-9096-01143b440bf1",
                                            "state": {
                                                "id": "9c75a95b-9f42-4ca9-a152-78c492590a6f",
                                                "name": "DHAKA"
                                            }
                                        },
                                        {
                                            "name": "JAJIRA",
                                            "id": "c37722a7-f975-43ee-856b-2059735e3915",
                                            "state": {
                                                "id": "9c75a95b-9f42-4ca9-a152-78c492590a6f",
                                                "name": "DHAKA"
                                            }
                                        },
                                        {
                                            "name": "DAMUDYA",
                                            "id": "e5e20af1-f619-4df7-be4a-ee1958717815",
                                            "state": {
                                                "id": "9c75a95b-9f42-4ca9-a152-78c492590a6f",
                                                "name": "DHAKA"
                                            }
                                        },
                                        {
                                            "name": "SHARIATPUR_SADAR -PALONG",
                                            "id": "0d38ea96-e004-4fab-93d8-88216ca015ef",
                                            "state": {
                                                "id": "9c75a95b-9f42-4ca9-a152-78c492590a6f",
                                                "name": "DHAKA"
                                            }
                                        },
                                        {
                                            "name": "GOSAIRHAT",
                                            "id": "92f19d77-dcd7-4b5b-95bc-de0ca310248c",
                                            "state": {
                                                "id": "9c75a95b-9f42-4ca9-a152-78c492590a6f",
                                                "name": "DHAKA"
                                            }
                                        }
                                    ]
                                },
                                {
                                    "id": "dd4ed0a1-039e-4411-9337-e3bf3f9def9b",
                                    "name": "FENI",
                                    "upazilas": [
                                        {
                                            "name": "SONAGAZI",
                                            "id": "27efec53-92df-41c3-bc6a-9e81493d016d",
                                            "state": {
                                                "id": "d4e8944a-6e8f-4d6e-a313-2228cfe9a567",
                                                "name": "CHITTAGONG"
                                            }
                                        },
                                        {
                                            "name": "DAGANBHYAN",
                                            "id": "53afc9e2-06de-4aa2-b8b0-a05e8293b780",
                                            "state": {
                                                "id": "d4e8944a-6e8f-4d6e-a313-2228cfe9a567",
                                                "name": "CHITTAGONG"
                                            }
                                        },
                                        {
                                            "name": "PARSHURAM",
                                            "id": "49ff9838-f33c-474c-b129-2c9ae86e3ee4",
                                            "state": {
                                                "id": "d4e8944a-6e8f-4d6e-a313-2228cfe9a567",
                                                "name": "CHITTAGONG"
                                            }
                                        },
                                        {
                                            "name": "CHAGALNAIYA",
                                            "id": "04c3cb80-8635-455a-a5fa-84dbaa621b70",
                                            "state": {
                                                "id": "d4e8944a-6e8f-4d6e-a313-2228cfe9a567",
                                                "name": "CHITTAGONG"
                                            }
                                        },
                                        {
                                            "name": "FHULGAZI",
                                            "id": "3290d327-252d-4ac8-b994-c32aa5683ffa",
                                            "state": {
                                                "id": "d4e8944a-6e8f-4d6e-a313-2228cfe9a567",
                                                "name": "CHITTAGONG"
                                            }
                                        },
                                        {
                                            "name": "FENI_SADAR",
                                            "id": "d7952bf9-ddfa-4bc5-a8f0-41dfc66a892e",
                                            "state": {
                                                "id": "d4e8944a-6e8f-4d6e-a313-2228cfe9a567",
                                                "name": "CHITTAGONG"
                                            }
                                        }
                                    ]
                                },
                                {
                                    "id": "970ee245-d795-4373-923b-1d66e666d1a6",
                                    "name": "PATUAKHALI",
                                    "upazilas": [
                                        {
                                            "name": "PATUAKHALI_SADAR",
                                            "id": "afda7029-c236-44ba-b3df-5855d1e83414",
                                            "state": {
                                                "id": "5cbbb439-96e7-4f60-bf2f-abddd0d03e7e",
                                                "name": "BARISAL"
                                            }
                                        },
                                        {
                                            "name": "DASHMINA",
                                            "id": "89e2dffc-cb82-4fdd-9f42-8823500f1b10",
                                            "state": {
                                                "id": "5cbbb439-96e7-4f60-bf2f-abddd0d03e7e",
                                                "name": "BARISAL"
                                            }
                                        },
                                        {
                                            "name": "MIRZAGANJ",
                                            "id": "485e7d51-a1c0-4758-84c1-72129e770eba",
                                            "state": {
                                                "id": "5cbbb439-96e7-4f60-bf2f-abddd0d03e7e",
                                                "name": "BARISAL"
                                            }
                                        },
                                        {
                                            "name": "KALAPARA",
                                            "id": "0f279548-56c6-469b-931d-98f8666550f4",
                                            "state": {
                                                "id": "5cbbb439-96e7-4f60-bf2f-abddd0d03e7e",
                                                "name": "BARISAL"
                                            }
                                        },
                                        {
                                            "name": "GALACHIPA",
                                            "id": "fe4542b1-4c54-435c-93bf-7528621355b9",
                                            "state": {
                                                "id": "5cbbb439-96e7-4f60-bf2f-abddd0d03e7e",
                                                "name": "BARISAL"
                                            }
                                        },
                                        {
                                            "name": "BAUPHAL",
                                            "id": "3befd289-1458-4cfc-bc85-f929255b4161",
                                            "state": {
                                                "id": "5cbbb439-96e7-4f60-bf2f-abddd0d03e7e",
                                                "name": "BARISAL"
                                            }
                                        },
                                        {
                                            "name": "RANGABALI",
                                            "id": "fd694849-085a-4e6e-b708-fc06792067cf",
                                            "state": {
                                                "id": "5cbbb439-96e7-4f60-bf2f-abddd0d03e7e",
                                                "name": "BARISAL"
                                            }
                                        },
                                        {
                                            "name": "DUMKI",
                                            "id": "acde2384-2fcd-4771-bf87-1b5b08efe4a3",
                                            "state": {
                                                "id": "5cbbb439-96e7-4f60-bf2f-abddd0d03e7e",
                                                "name": "BARISAL"
                                            }
                                        }
                                    ]
                                },
                                {
                                    "id": "467a49c1-9b1e-4409-a811-a2541a28cc9d",
                                    "name": "RANGPUR",
                                    "upazilas": [
                                        {
                                            "name": "TARAGANJ",
                                            "id": "f3cafdc7-ff33-4c9a-bf41-e092493e5e1b",
                                            "state": {
                                                "id": "b8c19906-b4fc-4745-ac93-af957934136b",
                                                "name": "RANGPUR"
                                            }
                                        },
                                        {
                                            "name": "GANGACHARA",
                                            "id": "331ce02e-1f27-429d-9256-95faacb19759",
                                            "state": {
                                                "id": "b8c19906-b4fc-4745-ac93-af957934136b",
                                                "name": "RANGPUR"
                                            }
                                        },
                                        {
                                            "name": "BADARGANJ",
                                            "id": "23b5ff55-5742-48ae-9dc6-b15f225a1268",
                                            "state": {
                                                "id": "b8c19906-b4fc-4745-ac93-af957934136b",
                                                "name": "RANGPUR"
                                            }
                                        },
                                        {
                                            "name": "KAUNIA",
                                            "id": "ea59b48e-61b7-40d5-a041-3189f4143167",
                                            "state": {
                                                "id": "b8c19906-b4fc-4745-ac93-af957934136b",
                                                "name": "RANGPUR"
                                            }
                                        },
                                        {
                                            "name": "PIRGACHHA",
                                            "id": "513d1649-1f41-498e-ac2d-6912f8b2327d",
                                            "state": {
                                                "id": "b8c19906-b4fc-4745-ac93-af957934136b",
                                                "name": "RANGPUR"
                                            }
                                        },
                                        {
                                            "name": "MITHAPUKUR",
                                            "id": "d8e55f9d-f8ec-4027-a775-ffb34e90a6c2",
                                            "state": {
                                                "id": "b8c19906-b4fc-4745-ac93-af957934136b",
                                                "name": "RANGPUR"
                                            }
                                        },
                                        {
                                            "name": "RANGPUR_SADAR",
                                            "id": "c7f28afe-ce75-4b54-9eb0-8ad04f863a9d",
                                            "state": {
                                                "id": "b8c19906-b4fc-4745-ac93-af957934136b",
                                                "name": "RANGPUR"
                                            }
                                        }
                                    ]
                                },
                                {
                                    "id": "086915fc-d139-4e2e-839c-b38a5be1e5f6",
                                    "name": "GAIBANDHA",
                                    "upazilas": [
                                        {
                                            "name": "SAGHATA",
                                            "id": "7b7f1bed-05af-46ef-9a98-c4be724fd5e2",
                                            "state": {
                                                "id": "b8c19906-b4fc-4745-ac93-af957934136b",
                                                "name": "RANGPUR"
                                            }
                                        },
                                        {
                                            "name": "SUNDARGANJ",
                                            "id": "b3c77682-f3b2-43a0-b18f-ce0fde8cd30d",
                                            "state": {
                                                "id": "b8c19906-b4fc-4745-ac93-af957934136b",
                                                "name": "RANGPUR"
                                            }
                                        },
                                        {
                                            "name": "GAIBANDHA_SADAR",
                                            "id": "549a592d-7e92-4dba-98a2-ccf8988786d4",
                                            "state": {
                                                "id": "b8c19906-b4fc-4745-ac93-af957934136b",
                                                "name": "RANGPUR"
                                            }
                                        },
                                        {
                                            "name": "PALASHBARI",
                                            "id": "4ca323ee-31f6-4126-a12e-b8ac59881175",
                                            "state": {
                                                "id": "b8c19906-b4fc-4745-ac93-af957934136b",
                                                "name": "RANGPUR"
                                            }
                                        },
                                        {
                                            "name": "GOBINDAGANJ",
                                            "id": "f28adc54-023d-4585-9859-72797f1a509b",
                                            "state": {
                                                "id": "b8c19906-b4fc-4745-ac93-af957934136b",
                                                "name": "RANGPUR"
                                            }
                                        },
                                        {
                                            "name": "FULCHHARI",
                                            "id": "a2a7553c-a2bd-44e5-bd52-0a085246f0a3",
                                            "state": {
                                                "id": "b8c19906-b4fc-4745-ac93-af957934136b",
                                                "name": "RANGPUR"
                                            }
                                        },
                                        {
                                            "name": "SADULLAPUR",
                                            "id": "e9b50e9e-ac38-4969-b483-d3972f87cee4",
                                            "state": {
                                                "id": "b8c19906-b4fc-4745-ac93-af957934136b",
                                                "name": "RANGPUR"
                                            }
                                        }
                                    ]
                                },
                                {
                                    "id": "1c714c0b-021b-4301-a593-2c83a2313649",
                                    "name": "JASHORE",
                                    "upazilas": [
                                        {
                                            "name": "JESSORE_SADAR",
                                            "id": "42f61364-59f7-4623-9426-6cdc057ec349",
                                            "state": {
                                                "id": "642a6748-942f-473d-96c6-a6c1b2e00e05",
                                                "name": "KHULNA"
                                            }
                                        },
                                        {
                                            "name": "JHIKARGACHHA",
                                            "id": "e8528241-9712-4342-9aeb-09f71796e266",
                                            "state": {
                                                "id": "642a6748-942f-473d-96c6-a6c1b2e00e05",
                                                "name": "KHULNA"
                                            }
                                        },
                                        {
                                            "name": "CHAUGACHHA",
                                            "id": "12c0fdba-54d7-44c3-8261-799edb2af99c",
                                            "state": {
                                                "id": "642a6748-942f-473d-96c6-a6c1b2e00e05",
                                                "name": "KHULNA"
                                            }
                                        },
                                        {
                                            "name": "SHARSHA",
                                            "id": "cbf6f38e-583e-4ccc-b6d4-79af79fa8219",
                                            "state": {
                                                "id": "642a6748-942f-473d-96c6-a6c1b2e00e05",
                                                "name": "KHULNA"
                                            }
                                        },
                                        {
                                            "name": "MANIRAMPUR",
                                            "id": "d0720ff4-ff9b-465d-91e9-aa3c8b7786e6",
                                            "state": {
                                                "id": "642a6748-942f-473d-96c6-a6c1b2e00e05",
                                                "name": "KHULNA"
                                            }
                                        },
                                        {
                                            "name": "KESHABPUR",
                                            "id": "eb816407-8817-4b72-a245-aa3d26a6730a",
                                            "state": {
                                                "id": "642a6748-942f-473d-96c6-a6c1b2e00e05",
                                                "name": "KHULNA"
                                            }
                                        },
                                        {
                                            "name": "BAGHERPARA",
                                            "id": "57a33475-5412-4756-96a0-c856f6e69819",
                                            "state": {
                                                "id": "642a6748-942f-473d-96c6-a6c1b2e00e05",
                                                "name": "KHULNA"
                                            }
                                        }
                                    ]
                                },
                                {
                                    "id": "e6fbbbf2-76b6-454c-aab1-00bae43ee7fb",
                                    "name": "CHANDPUR",
                                    "upazilas": [
                                        {
                                            "name": "MATLAB UTTAR",
                                            "id": "063793f3-d840-4cd8-9b37-16b346b5802b",
                                            "state": {
                                                "id": "d4e8944a-6e8f-4d6e-a313-2228cfe9a567",
                                                "name": "CHITTAGONG"
                                            }
                                        },
                                        {
                                            "name": "CHANDPUR_SADAR",
                                            "id": "ed3e766b-5c5f-4898-9807-c60656a34d68",
                                            "state": {
                                                "id": "d4e8944a-6e8f-4d6e-a313-2228cfe9a567",
                                                "name": "CHITTAGONG"
                                            }
                                        },
                                        {
                                            "name": "FARIDGANJ",
                                            "id": "80004c2e-4af7-4c54-a08f-7c5eab9de5b7",
                                            "state": {
                                                "id": "d4e8944a-6e8f-4d6e-a313-2228cfe9a567",
                                                "name": "CHITTAGONG"
                                            }
                                        },
                                        {
                                            "name": "SHAHRASTI",
                                            "id": "ce322d53-bbdb-415b-8d13-45a8185dce83",
                                            "state": {
                                                "id": "d4e8944a-6e8f-4d6e-a313-2228cfe9a567",
                                                "name": "CHITTAGONG"
                                            }
                                        },
                                        {
                                            "name": "HAIMCHAR",
                                            "id": "b7b43526-46a4-48d6-8d67-f4c15ba2afe0",
                                            "state": {
                                                "id": "d4e8944a-6e8f-4d6e-a313-2228cfe9a567",
                                                "name": "CHITTAGONG"
                                            }
                                        },
                                        {
                                            "name": "MATLAB DAKKHIN",
                                            "id": "c099cd9b-69a4-4e70-9314-2d54f940fcd8",
                                            "state": {
                                                "id": "d4e8944a-6e8f-4d6e-a313-2228cfe9a567",
                                                "name": "CHITTAGONG"
                                            }
                                        },
                                        {
                                            "name": "HAZIGANJ",
                                            "id": "d4f9f2a0-9974-4d64-9cf0-139a6619407e",
                                            "state": {
                                                "id": "d4e8944a-6e8f-4d6e-a313-2228cfe9a567",
                                                "name": "CHITTAGONG"
                                            }
                                        }
                                    ]
                                },
                                {
                                    "id": "82157ea8-5e09-483d-82b6-7fbc0c15ead9",
                                    "name": "CHUADANGA",
                                    "upazilas": [
                                        {
                                            "name": "JIBANNAGAR",
                                            "id": "056bb4e6-8df9-4275-8bd0-5de51d1375e5",
                                            "state": {
                                                "id": "642a6748-942f-473d-96c6-a6c1b2e00e05",
                                                "name": "KHULNA"
                                            }
                                        },
                                        {
                                            "name": "DAMURHUDA",
                                            "id": "48021efd-36b5-4321-8505-e9d5d2388c27",
                                            "state": {
                                                "id": "642a6748-942f-473d-96c6-a6c1b2e00e05",
                                                "name": "KHULNA"
                                            }
                                        },
                                        {
                                            "name": "CHUADANGA-S",
                                            "id": "6074f64e-f724-4a45-89fa-45dd861ff000",
                                            "state": {
                                                "id": "642a6748-942f-473d-96c6-a6c1b2e00e05",
                                                "name": "KHULNA"
                                            }
                                        },
                                        {
                                            "name": "ALAMDANGA",
                                            "id": "d0578b99-4bb0-4dbd-9c2c-55ba5b2dd713",
                                            "state": {
                                                "id": "642a6748-942f-473d-96c6-a6c1b2e00e05",
                                                "name": "KHULNA"
                                            }
                                        }
                                    ]
                                },
                                {
                                    "id": "fdd90dd4-29f5-47e3-9c83-86247e30e011",
                                    "name": "MANIKGANJ",
                                    "upazilas": [
                                        {
                                            "name": "SATURIA",
                                            "id": "d9009b9c-883f-44b8-8510-e89dd74298ef",
                                            "state": {
                                                "id": "9c75a95b-9f42-4ca9-a152-78c492590a6f",
                                                "name": "DHAKA"
                                            }
                                        },
                                        {
                                            "name": "SHIBALAYA",
                                            "id": "ab1e982e-faba-4f99-93af-8be8a4fd5fe5",
                                            "state": {
                                                "id": "9c75a95b-9f42-4ca9-a152-78c492590a6f",
                                                "name": "DHAKA"
                                            }
                                        },
                                        {
                                            "name": "GHIOR",
                                            "id": "39c075ea-6975-49d4-9028-f904f0bf6c6c",
                                            "state": {
                                                "id": "9c75a95b-9f42-4ca9-a152-78c492590a6f",
                                                "name": "DHAKA"
                                            }
                                        },
                                        {
                                            "name": "HARIRAMPUR",
                                            "id": "a11e3d5b-0753-4029-9491-ea2ea72465aa",
                                            "state": {
                                                "id": "9c75a95b-9f42-4ca9-a152-78c492590a6f",
                                                "name": "DHAKA"
                                            }
                                        },
                                        {
                                            "name": "SINGAIR",
                                            "id": "f178d21b-89ed-42df-a9a3-21f108b44d28",
                                            "state": {
                                                "id": "9c75a95b-9f42-4ca9-a152-78c492590a6f",
                                                "name": "DHAKA"
                                            }
                                        },
                                        {
                                            "name": "MANIKGANJ_SADAR",
                                            "id": "75442244-e5ad-4289-8a34-d5615d19b3a4",
                                            "state": {
                                                "id": "9c75a95b-9f42-4ca9-a152-78c492590a6f",
                                                "name": "DHAKA"
                                            }
                                        }
                                    ]
                                },
                                {
                                    "id": "eb65d06c-18a8-4220-abbb-a4fc1de8f740",
                                    "name": "MUNSHIGANJ",
                                    "upazilas": [
                                        {
                                            "name": "GAZARIA",
                                            "id": "d93e5ad7-1fa9-453b-be01-f707de0dee0d",
                                            "state": {
                                                "id": "9c75a95b-9f42-4ca9-a152-78c492590a6f",
                                                "name": "DHAKA"
                                            }
                                        },
                                        {
                                            "name": "LOHAJANG",
                                            "id": "8de67669-ef24-4fc0-974d-614802bc635c",
                                            "state": {
                                                "id": "9c75a95b-9f42-4ca9-a152-78c492590a6f",
                                                "name": "DHAKA"
                                            }
                                        },
                                        {
                                            "name": "SREENAGAR",
                                            "id": "8f4bf6d0-176e-46a3-911b-50fa597f928a",
                                            "state": {
                                                "id": "9c75a95b-9f42-4ca9-a152-78c492590a6f",
                                                "name": "DHAKA"
                                            }
                                        },
                                        {
                                            "name": "MUNSHIGANJ_SADAR",
                                            "id": "d0ee788a-80bc-41a6-85c0-285852acb1c1",
                                            "state": {
                                                "id": "9c75a95b-9f42-4ca9-a152-78c492590a6f",
                                                "name": "DHAKA"
                                            }
                                        },
                                        {
                                            "name": "SIRAJDIKHAN",
                                            "id": "76276c1f-b0a4-4ad9-8994-f7056d23bcfd",
                                            "state": {
                                                "id": "9c75a95b-9f42-4ca9-a152-78c492590a6f",
                                                "name": "DHAKA"
                                            }
                                        },
                                        {
                                            "name": "TONGIBARI",
                                            "id": "632c71cf-94e4-43da-b567-79d0e8ddc66c",
                                            "state": {
                                                "id": "9c75a95b-9f42-4ca9-a152-78c492590a6f",
                                                "name": "DHAKA"
                                            }
                                        }
                                    ]
                                },
                                {
                                    "id": "27088eef-3fb2-45db-83f6-7b5820818817",
                                    "name": "KUSHTIA",
                                    "upazilas": [
                                        {
                                            "name": "KUMARKHALI",
                                            "id": "f172ffc4-fc9f-49de-956b-6385b8fd74d3",
                                            "state": {
                                                "id": "642a6748-942f-473d-96c6-a6c1b2e00e05",
                                                "name": "KHULNA"
                                            }
                                        },
                                        {
                                            "name": "BHERAMARA",
                                            "id": "7a6ae3eb-abfb-4059-9759-59fc79242f27",
                                            "state": {
                                                "id": "642a6748-942f-473d-96c6-a6c1b2e00e05",
                                                "name": "KHULNA"
                                            }
                                        },
                                        {
                                            "name": "KUSHTIA_SADAR",
                                            "id": "080eebe9-aace-48e8-81c5-85b575971f51",
                                            "state": {
                                                "id": "642a6748-942f-473d-96c6-a6c1b2e00e05",
                                                "name": "KHULNA"
                                            }
                                        },
                                        {
                                            "name": "MIRPUR",
                                            "id": "b652dbdd-b30a-4afb-886c-9d59c58a8c0e",
                                            "state": {
                                                "id": "642a6748-942f-473d-96c6-a6c1b2e00e05",
                                                "name": "KHULNA"
                                            }
                                        },
                                        {
                                            "name": "KHOKSA",
                                            "id": "2efbd4a2-b662-4471-a226-7feb55866616",
                                            "state": {
                                                "id": "642a6748-942f-473d-96c6-a6c1b2e00e05",
                                                "name": "KHULNA"
                                            }
                                        },
                                        {
                                            "name": "DAULATPUR",
                                            "id": "ca60c131-5d3d-4e69-a08a-e346ffaea90a",
                                            "state": {
                                                "id": "642a6748-942f-473d-96c6-a6c1b2e00e05",
                                                "name": "KHULNA"
                                            }
                                        }
                                    ]
                                },
                                {
                                    "id": "3f0b76be-22bf-4ac9-8a29-0dc53c9641c5",
                                    "name": "BOGURA",
                                    "upazilas": [
                                        {
                                            "name": "SHERPUR",
                                            "id": "27718256-3ec0-4b90-803d-2e077b4c6bb7",
                                            "state": {
                                                "id": "d68c68d2-108e-4635-93d1-28c44525f178",
                                                "name": "RAJSHAHI"
                                            }
                                        },
                                        {
                                            "name": "SARIAKANDI",
                                            "id": "c5843f0e-3bc2-4e45-b823-b5ca3c5c9991",
                                            "state": {
                                                "id": "d68c68d2-108e-4635-93d1-28c44525f178",
                                                "name": "RAJSHAHI"
                                            }
                                        },
                                        {
                                            "name": "NANDIGRAM",
                                            "id": "1085c7de-e430-45fc-970e-79f4336a854a",
                                            "state": {
                                                "id": "d68c68d2-108e-4635-93d1-28c44525f178",
                                                "name": "RAJSHAHI"
                                            }
                                        },
                                        {
                                            "name": "ADAMDIGHI",
                                            "id": "d4fb9820-bf93-498b-bbd9-68c432008c8b",
                                            "state": {
                                                "id": "d68c68d2-108e-4635-93d1-28c44525f178",
                                                "name": "RAJSHAHI"
                                            }
                                        },
                                        {
                                            "name": "DHUNAT",
                                            "id": "4ae13d59-e9e4-47c7-afc0-9f8bfa03e321",
                                            "state": {
                                                "id": "d68c68d2-108e-4635-93d1-28c44525f178",
                                                "name": "RAJSHAHI"
                                            }
                                        },
                                        {
                                            "name": "GABTALI",
                                            "id": "23160f5f-aec6-4b0b-81c4-5aa895621020",
                                            "state": {
                                                "id": "d68c68d2-108e-4635-93d1-28c44525f178",
                                                "name": "RAJSHAHI"
                                            }
                                        },
                                        {
                                            "name": "SONATALA",
                                            "id": "72bf0fce-8301-4e93-b9ce-e7b776e5bd6f",
                                            "state": {
                                                "id": "d68c68d2-108e-4635-93d1-28c44525f178",
                                                "name": "RAJSHAHI"
                                            }
                                        },
                                        {
                                            "name": "BOGRA_SADAR",
                                            "id": "dcf677c9-ffde-466c-a5fd-72d273586b19",
                                            "state": {
                                                "id": "d68c68d2-108e-4635-93d1-28c44525f178",
                                                "name": "RAJSHAHI"
                                            }
                                        },
                                        {
                                            "name": "SAHAJANPUR",
                                            "id": "bfaadb41-661b-4556-8b5c-6d8a2611e817",
                                            "state": {
                                                "id": "d68c68d2-108e-4635-93d1-28c44525f178",
                                                "name": "RAJSHAHI"
                                            }
                                        },
                                        {
                                            "name": "KAHALOO",
                                            "id": "303a6199-9118-46c1-b9ec-68e991107bb5",
                                            "state": {
                                                "id": "d68c68d2-108e-4635-93d1-28c44525f178",
                                                "name": "RAJSHAHI"
                                            }
                                        },
                                        {
                                            "name": "DHUPCHANCHIA",
                                            "id": "25c404c7-009d-4b24-aa5b-8b2a8de06f02",
                                            "state": {
                                                "id": "d68c68d2-108e-4635-93d1-28c44525f178",
                                                "name": "RAJSHAHI"
                                            }
                                        }
                                    ]
                                },
                                {
                                    "id": "acac9cb9-207c-48b8-bf7f-2bb26c3cbaf3",
                                    "name": "SUNAMGANJ",
                                    "upazilas": [
                                        {
                                            "name": "DOWARABAZAR",
                                            "id": "cff4ac7e-408b-4f6b-87ab-3009304229e8",
                                            "state": {
                                                "id": "2f2f0cc1-587a-4dad-a3f0-83c0bac697ec",
                                                "name": "SYLHET"
                                            }
                                        },
                                        {
                                            "name": "JAMALGANJ",
                                            "id": "dc3ee901-0d99-4235-9097-9392156a30b2",
                                            "state": {
                                                "id": "2f2f0cc1-587a-4dad-a3f0-83c0bac697ec",
                                                "name": "SYLHET"
                                            }
                                        },
                                        {
                                            "name": "SUNAMGANJ_SADAR",
                                            "id": "4fef6ecc-27ee-4547-b1f2-cac270075800",
                                            "state": {
                                                "id": "2f2f0cc1-587a-4dad-a3f0-83c0bac697ec",
                                                "name": "SYLHET"
                                            }
                                        },
                                        {
                                            "name": "CHHATAK",
                                            "id": "2850075b-f85b-4b3e-9464-fb094fdab0d1",
                                            "state": {
                                                "id": "2f2f0cc1-587a-4dad-a3f0-83c0bac697ec",
                                                "name": "SYLHET"
                                            }
                                        },
                                        {
                                            "name": "BISHWAMVARPUR",
                                            "id": "bd2a5b8d-2db7-4457-890f-cb7949ab679b",
                                            "state": {
                                                "id": "2f2f0cc1-587a-4dad-a3f0-83c0bac697ec",
                                                "name": "SYLHET"
                                            }
                                        },
                                        {
                                            "name": "TAHIRPUR",
                                            "id": "e629bf90-c502-4b6a-ab23-1c0e2ed8c422",
                                            "state": {
                                                "id": "2f2f0cc1-587a-4dad-a3f0-83c0bac697ec",
                                                "name": "SYLHET"
                                            }
                                        },
                                        {
                                            "name": "SHANTHIGANJ",
                                            "id": "1d7a3c9c-c35f-4813-a587-a3b823c24929",
                                            "state": {
                                                "id": "2f2f0cc1-587a-4dad-a3f0-83c0bac697ec",
                                                "name": "SYLHET"
                                            }
                                        },
                                        {
                                            "name": "DHARAMPASHA",
                                            "id": "eef5310f-38fa-46a5-8c0d-1a1921b45c75",
                                            "state": {
                                                "id": "2f2f0cc1-587a-4dad-a3f0-83c0bac697ec",
                                                "name": "SYLHET"
                                            }
                                        },
                                        {
                                            "name": "DERAI",
                                            "id": "cdd49f46-021e-402f-b1e9-bab17bf44714",
                                            "state": {
                                                "id": "2f2f0cc1-587a-4dad-a3f0-83c0bac697ec",
                                                "name": "SYLHET"
                                            }
                                        },
                                        {
                                            "name": "SULLA",
                                            "id": "f4446cae-89b8-4db4-844b-d46ac7d71a8d",
                                            "state": {
                                                "id": "2f2f0cc1-587a-4dad-a3f0-83c0bac697ec",
                                                "name": "SYLHET"
                                            }
                                        },
                                        {
                                            "name": "MODHYANAGAR",
                                            "id": "f2eb6c8d-a10e-4f30-bf84-758a716f9e5b",
                                            "state": {
                                                "id": "2f2f0cc1-587a-4dad-a3f0-83c0bac697ec",
                                                "name": "SYLHET"
                                            }
                                        },
                                        {
                                            "name": "JAGANNATHPUR",
                                            "id": "ed7e25d5-9cae-409c-b4b6-ec487ae79e26",
                                            "state": {
                                                "id": "2f2f0cc1-587a-4dad-a3f0-83c0bac697ec",
                                                "name": "SYLHET"
                                            }
                                        }
                                    ]
                                },
                                {
                                    "id": "440478fc-7e81-4b0e-9e11-7a30d0240c6a",
                                    "name": "THAKURGAON",
                                    "upazilas": [
                                        {
                                            "name": "RANISANKAIL",
                                            "id": "3fe1bae0-b945-47c8-b858-143e99d1345c",
                                            "state": {
                                                "id": "b8c19906-b4fc-4745-ac93-af957934136b",
                                                "name": "RANGPUR"
                                            }
                                        },
                                        {
                                            "name": "BALIADANGI",
                                            "id": "bc011048-a141-4782-80e6-1de7933f976f",
                                            "state": {
                                                "id": "b8c19906-b4fc-4745-ac93-af957934136b",
                                                "name": "RANGPUR"
                                            }
                                        },
                                        {
                                            "name": "THAKURGAON_SADAR",
                                            "id": "e76216bc-9591-448d-bdd2-f11337f1d167",
                                            "state": {
                                                "id": "b8c19906-b4fc-4745-ac93-af957934136b",
                                                "name": "RANGPUR"
                                            }
                                        },
                                        {
                                            "name": "HARIPUR",
                                            "id": "a057fd71-762f-4e3b-94c4-b0c25f1330e1",
                                            "state": {
                                                "id": "b8c19906-b4fc-4745-ac93-af957934136b",
                                                "name": "RANGPUR"
                                            }
                                        },
                                        {
                                            "name": "PIRGANJ",
                                            "id": "6f84b588-ac8a-4a62-b9ea-5d2ca913c00c",
                                            "state": {
                                                "id": "b8c19906-b4fc-4745-ac93-af957934136b",
                                                "name": "RANGPUR"
                                            }
                                        }
                                    ]
                                },
                                {
                                    "id": "7597f272-f003-4db4-8568-e8f45cb1a56d",
                                    "name": "PANCHAGARH",
                                    "upazilas": [
                                        {
                                            "name": "TETULIA",
                                            "id": "4f9f299d-6613-41be-ab21-4997945547c1",
                                            "state": {
                                                "id": "b8c19906-b4fc-4745-ac93-af957934136b",
                                                "name": "RANGPUR"
                                            }
                                        },
                                        {
                                            "name": "ATWARI",
                                            "id": "1a02f5b1-d095-4d55-9d14-045721e6c40d",
                                            "state": {
                                                "id": "b8c19906-b4fc-4745-ac93-af957934136b",
                                                "name": "RANGPUR"
                                            }
                                        },
                                        {
                                            "name": "BODA",
                                            "id": "d005e319-3338-4877-936c-c01c42003faf",
                                            "state": {
                                                "id": "b8c19906-b4fc-4745-ac93-af957934136b",
                                                "name": "RANGPUR"
                                            }
                                        },
                                        {
                                            "name": "PANCHAGARH_SADAR",
                                            "id": "7c487b8b-afc0-426f-a5a3-2df6ca17e2b7",
                                            "state": {
                                                "id": "b8c19906-b4fc-4745-ac93-af957934136b",
                                                "name": "RANGPUR"
                                            }
                                        },
                                        {
                                            "name": "DEBIGANJ",
                                            "id": "c69f7be1-f80c-49a0-a422-816cc0aedbe2",
                                            "state": {
                                                "id": "b8c19906-b4fc-4745-ac93-af957934136b",
                                                "name": "RANGPUR"
                                            }
                                        }
                                    ]
                                },
                                {
                                    "id": "02e94441-6145-4fbc-b185-7147f9433b0d",
                                    "name": "KHAGRACHARI",
                                    "upazilas": [
                                        {
                                            "name": "LAKSHMICHHARI",
                                            "id": "15bb16dd-f946-4d7f-ba1a-3833795ce9ae",
                                            "state": {
                                                "id": "d4e8944a-6e8f-4d6e-a313-2228cfe9a567",
                                                "name": "CHITTAGONG"
                                            }
                                        },
                                        {
                                            "name": "MANIKCHHARI",
                                            "id": "7ccab6c5-4db7-4c96-b5c2-f9bf8f4b4b2e",
                                            "state": {
                                                "id": "d4e8944a-6e8f-4d6e-a313-2228cfe9a567",
                                                "name": "CHITTAGONG"
                                            }
                                        },
                                        {
                                            "name": "MAHALCHHARI",
                                            "id": "8d6273ce-8713-4857-8d7f-645ec8cf7b49",
                                            "state": {
                                                "id": "d4e8944a-6e8f-4d6e-a313-2228cfe9a567",
                                                "name": "CHITTAGONG"
                                            }
                                        },
                                        {
                                            "name": "DIGHINALA",
                                            "id": "56d905ea-5cc1-4c95-aa62-a369fa67ef86",
                                            "state": {
                                                "id": "d4e8944a-6e8f-4d6e-a313-2228cfe9a567",
                                                "name": "CHITTAGONG"
                                            }
                                        },
                                        {
                                            "name": "MATIRANGA",
                                            "id": "5a40f09b-f1fc-4a4c-9339-7242810be320",
                                            "state": {
                                                "id": "d4e8944a-6e8f-4d6e-a313-2228cfe9a567",
                                                "name": "CHITTAGONG"
                                            }
                                        },
                                        {
                                            "name": "PANCHHARI",
                                            "id": "72bf30e6-6965-4134-82ee-942435bf0cf8",
                                            "state": {
                                                "id": "d4e8944a-6e8f-4d6e-a313-2228cfe9a567",
                                                "name": "CHITTAGONG"
                                            }
                                        },
                                        {
                                            "name": "KHAGRACHHARI",
                                            "id": "0b5ba0d4-cf95-4748-a05d-3243c24b9c2b",
                                            "state": {
                                                "id": "d4e8944a-6e8f-4d6e-a313-2228cfe9a567",
                                                "name": "CHITTAGONG"
                                            }
                                        },
                                        {
                                            "name": "RAMGARH",
                                            "id": "3a985352-6aac-42ca-9d46-0104299d9d5b",
                                            "state": {
                                                "id": "d4e8944a-6e8f-4d6e-a313-2228cfe9a567",
                                                "name": "CHITTAGONG"
                                            }
                                        }
                                    ]
                                },
                                {
                                    "id": "2bdb9cb8-429c-4c87-8651-44eb75bba39f",
                                    "name": "RANGAMATI",
                                    "upazilas": [
                                        {
                                            "name": "KAPTAI",
                                            "id": "b1e5c4ba-9a01-40d7-ae06-e2eff4512f64",
                                            "state": {
                                                "id": "d4e8944a-6e8f-4d6e-a313-2228cfe9a567",
                                                "name": "CHITTAGONG"
                                            }
                                        },
                                        {
                                            "name": "BELAICHHARI",
                                            "id": "66e451b0-a6e5-4797-ae4e-6e3337e8f656",
                                            "state": {
                                                "id": "d4e8944a-6e8f-4d6e-a313-2228cfe9a567",
                                                "name": "CHITTAGONG"
                                            }
                                        },
                                        {
                                            "name": "LANGADU",
                                            "id": "b0ec8354-8a29-4b89-b657-29036d5ff491",
                                            "state": {
                                                "id": "d4e8944a-6e8f-4d6e-a313-2228cfe9a567",
                                                "name": "CHITTAGONG"
                                            }
                                        },
                                        {
                                            "name": "BAGAICHHARI",
                                            "id": "ab30a268-d429-4a3b-ac46-d6b3962a9746",
                                            "state": {
                                                "id": "d4e8944a-6e8f-4d6e-a313-2228cfe9a567",
                                                "name": "CHITTAGONG"
                                            }
                                        },
                                        {
                                            "name": "BARKAL",
                                            "id": "07a7db0e-69ce-417d-8268-7bebb57c11ae",
                                            "state": {
                                                "id": "d4e8944a-6e8f-4d6e-a313-2228cfe9a567",
                                                "name": "CHITTAGONG"
                                            }
                                        },
                                        {
                                            "name": "KAUKHALI",
                                            "id": "303fd905-dc54-4d74-8371-dfc1f477bfc9",
                                            "state": {
                                                "id": "d4e8944a-6e8f-4d6e-a313-2228cfe9a567",
                                                "name": "CHITTAGONG"
                                            }
                                        },
                                        {
                                            "name": "RAJASTHALI",
                                            "id": "1fcbd368-6caa-4dbd-a9fa-2a00e89e77fc",
                                            "state": {
                                                "id": "d4e8944a-6e8f-4d6e-a313-2228cfe9a567",
                                                "name": "CHITTAGONG"
                                            }
                                        },
                                        {
                                            "name": "JURAICHHARI",
                                            "id": "3f4328c9-7b1e-40e9-ad79-d66389645310",
                                            "state": {
                                                "id": "d4e8944a-6e8f-4d6e-a313-2228cfe9a567",
                                                "name": "CHITTAGONG"
                                            }
                                        },
                                        {
                                            "name": "NANNERCHAR",
                                            "id": "fb57848d-e0b9-4051-816c-712fac450852",
                                            "state": {
                                                "id": "d4e8944a-6e8f-4d6e-a313-2228cfe9a567",
                                                "name": "CHITTAGONG"
                                            }
                                        },
                                        {
                                            "name": "RANGAMATI_SADAR",
                                            "id": "1f383e09-c643-4780-a625-02d83259cd37",
                                            "state": {
                                                "id": "d4e8944a-6e8f-4d6e-a313-2228cfe9a567",
                                                "name": "CHITTAGONG"
                                            }
                                        }
                                    ]
                                }
                            ]
                        },
                        {
                            "name": "Pakistan",
                            "id": "bc79ebd2-95a6-46e5-8ade-e7f494021b83",
                            "districts": [
                                
                            ]
                        },
                        {
                            "name": "India",
                            "id": "82ec6692-b098-4803-8cc0-8df58d65ed10",
                            "districts": [
                                
                            ]
                        }
                    ]
                }
            },
            {
                "id": "57d77108-7390-4d8b-9175-09fa2278972f",
                "region": {
                    "countries": [
                        {
                            "name": "Jordan",
                            "id": "57d77108-7390-4d8b-9175-09fa2278972f",
                            "districts": [
                                
                            ]
                        },
                        {
                            "name": "Yemen",
                            "id": "e36259b6-c350-4fdc-83dc-bfdbe04765d1",
                            "districts": [
                                
                            ]
                        },
                        {
                            "name": "Bahrain",
                            "id": "cb7d2601-26e1-4af4-b27c-1130bc908636",
                            "districts": [
                                
                            ]
                        },
                        {
                            "name": "Armenia",
                            "id": "8f0fda5d-e346-4016-8651-38bc0a9db13f",
                            "districts": [
                                
                            ]
                        },
                        {
                            "name": "Kuwait",
                            "id": "04c19ad3-d5fd-4432-be03-d0f3aa0bfef4",
                            "districts": [
                                
                            ]
                        },
                        {
                            "name": "United Arab Emirates",
                            "id": "191f578d-d3e2-49a4-803c-012c36fae6b8",
                            "districts": [
                                
                            ]
                        },
                        {
                            "name": "Lebanon",
                            "id": "7d6074eb-b44c-4e01-b064-9e67695b896b",
                            "districts": [
                                
                            ]
                        },
                        {
                            "name": "Singapore",
                            "id": "20786ba0-66e7-4c86-9e62-e27456f80ed0",
                            "districts": [
                                
                            ]
                        },
                        {
                            "name": "Palestine, State of",
                            "id": "c4dbf9dc-caad-4b9b-ab84-a178363717f4",
                            "districts": [
                                
                            ]
                        },
                        {
                            "name": "Syrian Arab Republic",
                            "id": "33760701-153e-4220-b9fa-ec4342d2f0e4",
                            "districts": [
                                
                            ]
                        },
                        {
                            "name": "Georgia",
                            "id": "371dea3e-0fa3-45de-898c-05dc08e4da37",
                            "districts": [
                                
                            ]
                        },
                        {
                            "name": "Oman",
                            "id": "ebba5457-cf3a-4c92-a296-c9304075a083",
                            "districts": [
                                
                            ]
                        },
                        {
                            "name": "Azerbaijan",
                            "id": "bf0dafd8-ebe6-4b98-86ab-ed8e16475794",
                            "districts": [
                                
                            ]
                        },
                        {
                            "name": "Philippines",
                            "id": "bd3959ff-aabe-46fa-ac07-055e8436407e",
                            "districts": [
                                
                            ]
                        },
                        {
                            "name": "Israel",
                            "id": "b9435680-f62e-4437-9179-0584ae6af227",
                            "districts": [
                                
                            ]
                        },
                        {
                            "name": "Turkey",
                            "id": "eb6d71b2-8583-4c12-9063-5439639e4817",
                            "districts": [
                                
                            ]
                        },
                        {
                            "name": "Qatar",
                            "id": "6bedb61d-4a24-414a-9ddd-adb4cc1cc389",
                            "districts": [
                                
                            ]
                        },
                        {
                            "name": "Cyprus",
                            "id": "9683b8ba-efbf-4e28-9a27-6d2108466189",
                            "districts": [
                                
                            ]
                        },
                        {
                            "name": "Iraq",
                            "id": "ea4c7ed2-9ce9-4151-9531-ff9af85def73",
                            "districts": [
                                
                            ]
                        },
                        {
                            "name": "Saudi Arabia",
                            "id": "b2d5c8d1-21a7-433a-a592-38268c29f913",
                            "districts": [
                                
                            ]
                        }
                    ]
                }
            },
            {
                "id": "20479535-b47b-41ba-8cab-b7024bd8ec82",
                "region": {
                    "countries": [
                        {
                            "name": "Angola",
                            "id": "5e9f919f-2d42-42ec-8b6c-adf7f7b3cd0b",
                            "districts": [
                                
                            ]
                        },
                        {
                            "name": "Cabo Verde",
                            "id": "e5489353-76dd-4d8d-b61e-d349c6356c68",
                            "districts": [
                                
                            ]
                        },
                        {
                            "name": "Mali",
                            "id": "dd9791d1-fea1-4b9d-9076-37e499de6307",
                            "districts": [
                                
                            ]
                        },
                        {
                            "name": "British Indian Ocean Territory",
                            "id": "20479535-b47b-41ba-8cab-b7024bd8ec82",
                            "districts": [
                                
                            ]
                        },
                        {
                            "name": "Gambia",
                            "id": "efec8f57-a2fb-4f95-b662-d72b21d301ed",
                            "districts": [
                                
                            ]
                        },
                        {
                            "name": "Zambia",
                            "id": "4992bec5-10a9-49df-ad13-69aa7cdcfef6",
                            "districts": [
                                
                            ]
                        },
                        {
                            "name": "Eswatini",
                            "id": "d044d249-e941-47bb-8fae-8cab328ca575",
                            "districts": [
                                
                            ]
                        },
                        {
                            "name": "Mayotte",
                            "id": "f4b83278-abe2-46f6-b0c0-50eceba9a35f",
                            "districts": [
                                
                            ]
                        },
                        {
                            "name": "Burundi",
                            "id": "310ab811-40b5-48da-8a66-e7562f4cf9d1",
                            "districts": [
                                
                            ]
                        },
                        {
                            "name": "Liberia",
                            "id": "86d6e276-b027-4cf8-ad4d-c4793b3425cf",
                            "districts": [
                                
                            ]
                        },
                        {
                            "name": "Mauritius",
                            "id": "a06fe50f-4ff3-483a-83c6-01ce4068ab36",
                            "districts": [
                                
                            ]
                        },
                        {
                            "name": "Sao Tome and Principe",
                            "id": "712df7d0-5d1b-401b-a832-911354b38baf",
                            "districts": [
                                
                            ]
                        },
                        {
                            "name": "Senegal",
                            "id": "990cb125-2ede-4648-b5d4-698d0e6ad712",
                            "districts": [
                                
                            ]
                        },
                        {
                            "name": "Botswana",
                            "id": "f177f103-59bd-4527-831e-101af0a373bd",
                            "districts": [
                                
                            ]
                        },
                        {
                            "name": "Rwanda",
                            "id": "5507db6a-9757-40e2-a498-f8cb8df70fb8",
                            "districts": [
                                
                            ]
                        },
                        {
                            "name": "Niger",
                            "id": "74150778-002b-4ca3-a064-41c5cad3f026",
                            "districts": [
                                
                            ]
                        },
                        {
                            "name": "Benin",
                            "id": "ec5d7439-de38-46d4-8a31-7b23b9525984",
                            "districts": [
                                
                            ]
                        },
                        {
                            "name": "Réunion",
                            "id": "e0f20522-cffc-4e66-8e7d-9334f35fce95",
                            "districts": [
                                
                            ]
                        },
                        {
                            "name": "South Africa",
                            "id": "9a7647d2-60ca-429d-90e5-905edaff872c",
                            "districts": [
                                
                            ]
                        },
                        {
                            "name": "Ghana",
                            "id": "9662349e-2c36-496a-83d5-6f746ae768a7",
                            "districts": [
                                
                            ]
                        },
                        {
                            "name": "Congo",
                            "id": "33c8a05e-4d63-49cd-a5f1-0f4a1d5ab13e",
                            "districts": [
                                
                            ]
                        },
                        {
                            "name": "Guinea-Bissau",
                            "id": "64d1845d-1963-40bc-a31b-1f45084f1644",
                            "districts": [
                                
                            ]
                        },
                        {
                            "name": "Togo",
                            "id": "9d383757-b95f-44da-b535-3887ed82679f",
                            "districts": [
                                
                            ]
                        },
                        {
                            "name": "Namibia",
                            "id": "cf9f295f-bf4c-4a8b-8738-53c6a9ed55b1",
                            "districts": [
                                
                            ]
                        },
                        {
                            "name": "Djibouti",
                            "id": "ba974fdc-3dea-4b6b-a2f3-34624faa59a7",
                            "districts": [
                                
                            ]
                        },
                        {
                            "name": "Gabon",
                            "id": "8f6be81f-6b58-4a61-b684-5c2d620a0e74",
                            "districts": [
                                
                            ]
                        },
                        {
                            "name": "Lesotho",
                            "id": "300752f4-088e-403c-95b0-7a670c09f8cc",
                            "districts": [
                                
                            ]
                        },
                        {
                            "name": "Madagascar",
                            "id": "eb4c5e71-f839-4f3c-8e93-49ef57f4fe8d",
                            "districts": [
                                
                            ]
                        },
                        {
                            "name": "Uganda",
                            "id": "b1693449-e104-47c0-94db-f55cc6c850d5",
                            "districts": [
                                
                            ]
                        },
                        {
                            "name": "Côte d\"Ivoire",
                            "id": "59276e01-0d64-487a-aec6-332ae91f9909",
                            "districts": [
                                
                            ]
                        },
                        {
                            "name": "Nigeria",
                            "id": "3c94aa61-055d-4c38-a40b-67dff395beda",
                            "districts": [
                                
                            ]
                        },
                        {
                            "name": "Zimbabwe",
                            "id": "bfbf9853-bae3-4e57-b7cd-1e9228e8b1f3",
                            "districts": [
                                
                            ]
                        },
                        {
                            "name": "Seychelles",
                            "id": "4c63d1f6-87ba-45f1-9414-eb22bfba46c2",
                            "districts": [
                                
                            ]
                        },
                        {
                            "name": "Cameroon",
                            "id": "0495fba0-693d-433a-a9ef-6bc2ccab6093",
                            "districts": [
                                
                            ]
                        },
                        {
                            "name": "Guinea",
                            "id": "eda1a6fb-f95b-4664-b352-8a468c499b34",
                            "districts": [
                                
                            ]
                        },
                        {
                            "name": "Kenya",
                            "id": "06702720-9c60-4210-8eed-8824f1cc80c2",
                            "districts": [
                                
                            ]
                        },
                        {
                            "name": "Mozambique",
                            "id": "df394703-b3a5-4d0f-aa33-db8b10ba29ab",
                            "districts": [
                                
                            ]
                        },
                        {
                            "name": "Saint Helena, Ascension and Tristan da Cunha",
                            "id": "e379e052-1704-4e98-b4fd-fdac7ca1f9a0",
                            "districts": [
                                
                            ]
                        },
                        {
                            "name": "Ethiopia",
                            "id": "77d5d6a2-5f01-41b8-b06d-88b9efc618f8",
                            "districts": [
                                
                            ]
                        },
                        {
                            "name": "Comoros",
                            "id": "ae0a4c53-9eea-4b4f-b7ab-98750eb58582",
                            "districts": [
                                
                            ]
                        },
                        {
                            "name": "Malawi",
                            "id": "31ffdf7e-d375-4c19-8b4c-6ac8e4486727",
                            "districts": [
                                
                            ]
                        },
                        {
                            "name": "Somalia",
                            "id": "630c356f-e198-4cd0-8e91-b29002c2aca7",
                            "districts": [
                                
                            ]
                        },
                        {
                            "name": "Congo, Democratic Republic of the",
                            "id": "55a5fe27-565c-4963-88c0-9a3ec24dea5c",
                            "districts": [
                                
                            ]
                        },
                        {
                            "name": "Equatorial Guinea",
                            "id": "9d2dd243-9754-4962-a556-6dbbf85b248a",
                            "districts": [
                                
                            ]
                        },
                        {
                            "name": "Chad",
                            "id": "4c4abd99-f4df-4fee-bac5-e2a1eef7ec0f",
                            "districts": [
                                
                            ]
                        },
                        {
                            "name": "Tanzania, United Republic of",
                            "id": "30d8662e-655f-43c8-b307-a2dc0046ebe5",
                            "districts": [
                                
                            ]
                        },
                        {
                            "name": "Sierra Leone",
                            "id": "e2135c5c-dfd3-4d44-b16f-0c29186836ce",
                            "districts": [
                                
                            ]
                        },
                        {
                            "name": "Eritrea",
                            "id": "bdd50ea2-c82d-44e8-b493-09892c245a6d",
                            "districts": [
                                
                            ]
                        },
                        {
                            "name": "Central African Republic",
                            "id": "59d2224e-e8a9-4e08-bf66-6ca50cf3d5e7",
                            "districts": [
                                
                            ]
                        },
                        {
                            "name": "South Sudan",
                            "id": "96e00183-809e-408c-b2f2-0042a6a8a8ba",
                            "districts": [
                                
                            ]
                        },
                        {
                            "name": "Mauritania",
                            "id": "780c64c4-cea5-4b78-85af-7be29c96025f",
                            "districts": [
                                
                            ]
                        },
                        {
                            "name": "Burkina Faso",
                            "id": "cedf0037-0cb1-4ad8-8a83-9ae64bc44992",
                            "districts": [
                                
                            ]
                        }
                    ]
                }
            },
            {
                "id": "e36259b6-c350-4fdc-83dc-bfdbe04765d1",
                "region": {
                    "countries": [
                        {
                            "name": "Jordan",
                            "id": "57d77108-7390-4d8b-9175-09fa2278972f",
                            "districts": [
                                
                            ]
                        },
                        {
                            "name": "Yemen",
                            "id": "e36259b6-c350-4fdc-83dc-bfdbe04765d1",
                            "districts": [
                                
                            ]
                        },
                        {
                            "name": "Bahrain",
                            "id": "cb7d2601-26e1-4af4-b27c-1130bc908636",
                            "districts": [
                                
                            ]
                        },
                        {
                            "name": "Armenia",
                            "id": "8f0fda5d-e346-4016-8651-38bc0a9db13f",
                            "districts": [
                                
                            ]
                        },
                        {
                            "name": "Kuwait",
                            "id": "04c19ad3-d5fd-4432-be03-d0f3aa0bfef4",
                            "districts": [
                                
                            ]
                        },
                        {
                            "name": "United Arab Emirates",
                            "id": "191f578d-d3e2-49a4-803c-012c36fae6b8",
                            "districts": [
                                
                            ]
                        },
                        {
                            "name": "Lebanon",
                            "id": "7d6074eb-b44c-4e01-b064-9e67695b896b",
                            "districts": [
                                
                            ]
                        },
                        {
                            "name": "Singapore",
                            "id": "20786ba0-66e7-4c86-9e62-e27456f80ed0",
                            "districts": [
                                
                            ]
                        },
                        {
                            "name": "Palestine, State of",
                            "id": "c4dbf9dc-caad-4b9b-ab84-a178363717f4",
                            "districts": [
                                
                            ]
                        },
                        {
                            "name": "Syrian Arab Republic",
                            "id": "33760701-153e-4220-b9fa-ec4342d2f0e4",
                            "districts": [
                                
                            ]
                        },
                        {
                            "name": "Georgia",
                            "id": "371dea3e-0fa3-45de-898c-05dc08e4da37",
                            "districts": [
                                
                            ]
                        },
                        {
                            "name": "Oman",
                            "id": "ebba5457-cf3a-4c92-a296-c9304075a083",
                            "districts": [
                                
                            ]
                        },
                        {
                            "name": "Azerbaijan",
                            "id": "bf0dafd8-ebe6-4b98-86ab-ed8e16475794",
                            "districts": [
                                
                            ]
                        },
                        {
                            "name": "Philippines",
                            "id": "bd3959ff-aabe-46fa-ac07-055e8436407e",
                            "districts": [
                                
                            ]
                        },
                        {
                            "name": "Israel",
                            "id": "b9435680-f62e-4437-9179-0584ae6af227",
                            "districts": [
                                
                            ]
                        },
                        {
                            "name": "Turkey",
                            "id": "eb6d71b2-8583-4c12-9063-5439639e4817",
                            "districts": [
                                
                            ]
                        },
                        {
                            "name": "Qatar",
                            "id": "6bedb61d-4a24-414a-9ddd-adb4cc1cc389",
                            "districts": [
                                
                            ]
                        },
                        {
                            "name": "Cyprus",
                            "id": "9683b8ba-efbf-4e28-9a27-6d2108466189",
                            "districts": [
                                
                            ]
                        },
                        {
                            "name": "Iraq",
                            "id": "ea4c7ed2-9ce9-4151-9531-ff9af85def73",
                            "districts": [
                                
                            ]
                        },
                        {
                            "name": "Saudi Arabia",
                            "id": "b2d5c8d1-21a7-433a-a592-38268c29f913",
                            "districts": [
                                
                            ]
                        }
                    ]
                }
            },
            {
                "id": "efec8f57-a2fb-4f95-b662-d72b21d301ed",
                "region": {
                    "countries": [
                        {
                            "name": "Angola",
                            "id": "5e9f919f-2d42-42ec-8b6c-adf7f7b3cd0b",
                            "districts": [
                                
                            ]
                        },
                        {
                            "name": "Cabo Verde",
                            "id": "e5489353-76dd-4d8d-b61e-d349c6356c68",
                            "districts": [
                                
                            ]
                        },
                        {
                            "name": "Mali",
                            "id": "dd9791d1-fea1-4b9d-9076-37e499de6307",
                            "districts": [
                                
                            ]
                        },
                        {
                            "name": "British Indian Ocean Territory",
                            "id": "20479535-b47b-41ba-8cab-b7024bd8ec82",
                            "districts": [
                                
                            ]
                        },
                        {
                            "name": "Gambia",
                            "id": "efec8f57-a2fb-4f95-b662-d72b21d301ed",
                            "districts": [
                                
                            ]
                        },
                        {
                            "name": "Zambia",
                            "id": "4992bec5-10a9-49df-ad13-69aa7cdcfef6",
                            "districts": [
                                
                            ]
                        },
                        {
                            "name": "Eswatini",
                            "id": "d044d249-e941-47bb-8fae-8cab328ca575",
                            "districts": [
                                
                            ]
                        },
                        {
                            "name": "Mayotte",
                            "id": "f4b83278-abe2-46f6-b0c0-50eceba9a35f",
                            "districts": [
                                
                            ]
                        },
                        {
                            "name": "Burundi",
                            "id": "310ab811-40b5-48da-8a66-e7562f4cf9d1",
                            "districts": [
                                
                            ]
                        },
                        {
                            "name": "Liberia",
                            "id": "86d6e276-b027-4cf8-ad4d-c4793b3425cf",
                            "districts": [
                                
                            ]
                        },
                        {
                            "name": "Mauritius",
                            "id": "a06fe50f-4ff3-483a-83c6-01ce4068ab36",
                            "districts": [
                                
                            ]
                        },
                        {
                            "name": "Sao Tome and Principe",
                            "id": "712df7d0-5d1b-401b-a832-911354b38baf",
                            "districts": [
                                
                            ]
                        },
                        {
                            "name": "Senegal",
                            "id": "990cb125-2ede-4648-b5d4-698d0e6ad712",
                            "districts": [
                                
                            ]
                        },
                        {
                            "name": "Botswana",
                            "id": "f177f103-59bd-4527-831e-101af0a373bd",
                            "districts": [
                                
                            ]
                        },
                        {
                            "name": "Rwanda",
                            "id": "5507db6a-9757-40e2-a498-f8cb8df70fb8",
                            "districts": [
                                
                            ]
                        },
                        {
                            "name": "Niger",
                            "id": "74150778-002b-4ca3-a064-41c5cad3f026",
                            "districts": [
                                
                            ]
                        },
                        {
                            "name": "Benin",
                            "id": "ec5d7439-de38-46d4-8a31-7b23b9525984",
                            "districts": [
                                
                            ]
                        },
                        {
                            "name": "Réunion",
                            "id": "e0f20522-cffc-4e66-8e7d-9334f35fce95",
                            "districts": [
                                
                            ]
                        },
                        {
                            "name": "South Africa",
                            "id": "9a7647d2-60ca-429d-90e5-905edaff872c",
                            "districts": [
                                
                            ]
                        },
                        {
                            "name": "Ghana",
                            "id": "9662349e-2c36-496a-83d5-6f746ae768a7",
                            "districts": [
                                
                            ]
                        },
                        {
                            "name": "Congo",
                            "id": "33c8a05e-4d63-49cd-a5f1-0f4a1d5ab13e",
                            "districts": [
                                
                            ]
                        },
                        {
                            "name": "Guinea-Bissau",
                            "id": "64d1845d-1963-40bc-a31b-1f45084f1644",
                            "districts": [
                                
                            ]
                        },
                        {
                            "name": "Togo",
                            "id": "9d383757-b95f-44da-b535-3887ed82679f",
                            "districts": [
                                
                            ]
                        },
                        {
                            "name": "Namibia",
                            "id": "cf9f295f-bf4c-4a8b-8738-53c6a9ed55b1",
                            "districts": [
                                
                            ]
                        },
                        {
                            "name": "Djibouti",
                            "id": "ba974fdc-3dea-4b6b-a2f3-34624faa59a7",
                            "districts": [
                                
                            ]
                        },
                        {
                            "name": "Gabon",
                            "id": "8f6be81f-6b58-4a61-b684-5c2d620a0e74",
                            "districts": [
                                
                            ]
                        },
                        {
                            "name": "Lesotho",
                            "id": "300752f4-088e-403c-95b0-7a670c09f8cc",
                            "districts": [
                                
                            ]
                        },
                        {
                            "name": "Madagascar",
                            "id": "eb4c5e71-f839-4f3c-8e93-49ef57f4fe8d",
                            "districts": [
                                
                            ]
                        },
                        {
                            "name": "Uganda",
                            "id": "b1693449-e104-47c0-94db-f55cc6c850d5",
                            "districts": [
                                
                            ]
                        },
                        {
                            "name": "Côte d\"Ivoire",
                            "id": "59276e01-0d64-487a-aec6-332ae91f9909",
                            "districts": [
                                
                            ]
                        },
                        {
                            "name": "Nigeria",
                            "id": "3c94aa61-055d-4c38-a40b-67dff395beda",
                            "districts": [
                                
                            ]
                        },
                        {
                            "name": "Zimbabwe",
                            "id": "bfbf9853-bae3-4e57-b7cd-1e9228e8b1f3",
                            "districts": [
                                
                            ]
                        },
                        {
                            "name": "Seychelles",
                            "id": "4c63d1f6-87ba-45f1-9414-eb22bfba46c2",
                            "districts": [
                                
                            ]
                        },
                        {
                            "name": "Cameroon",
                            "id": "0495fba0-693d-433a-a9ef-6bc2ccab6093",
                            "districts": [
                                
                            ]
                        },
                        {
                            "name": "Guinea",
                            "id": "eda1a6fb-f95b-4664-b352-8a468c499b34",
                            "districts": [
                                
                            ]
                        },
                        {
                            "name": "Kenya",
                            "id": "06702720-9c60-4210-8eed-8824f1cc80c2",
                            "districts": [
                                
                            ]
                        },
                        {
                            "name": "Mozambique",
                            "id": "df394703-b3a5-4d0f-aa33-db8b10ba29ab",
                            "districts": [
                                
                            ]
                        },
                        {
                            "name": "Saint Helena, Ascension and Tristan da Cunha",
                            "id": "e379e052-1704-4e98-b4fd-fdac7ca1f9a0",
                            "districts": [
                                
                            ]
                        },
                        {
                            "name": "Ethiopia",
                            "id": "77d5d6a2-5f01-41b8-b06d-88b9efc618f8",
                            "districts": [
                                
                            ]
                        },
                        {
                            "name": "Comoros",
                            "id": "ae0a4c53-9eea-4b4f-b7ab-98750eb58582",
                            "districts": [
                                
                            ]
                        },
                        {
                            "name": "Malawi",
                            "id": "31ffdf7e-d375-4c19-8b4c-6ac8e4486727",
                            "districts": [
                                
                            ]
                        },
                        {
                            "name": "Somalia",
                            "id": "630c356f-e198-4cd0-8e91-b29002c2aca7",
                            "districts": [
                                
                            ]
                        },
                        {
                            "name": "Congo, Democratic Republic of the",
                            "id": "55a5fe27-565c-4963-88c0-9a3ec24dea5c",
                            "districts": [
                                
                            ]
                        },
                        {
                            "name": "Equatorial Guinea",
                            "id": "9d2dd243-9754-4962-a556-6dbbf85b248a",
                            "districts": [
                                
                            ]
                        },
                        {
                            "name": "Chad",
                            "id": "4c4abd99-f4df-4fee-bac5-e2a1eef7ec0f",
                            "districts": [
                                
                            ]
                        },
                        {
                            "name": "Tanzania, United Republic of",
                            "id": "30d8662e-655f-43c8-b307-a2dc0046ebe5",
                            "districts": [
                                
                            ]
                        },
                        {
                            "name": "Sierra Leone",
                            "id": "e2135c5c-dfd3-4d44-b16f-0c29186836ce",
                            "districts": [
                                
                            ]
                        },
                        {
                            "name": "Eritrea",
                            "id": "bdd50ea2-c82d-44e8-b493-09892c245a6d",
                            "districts": [
                                
                            ]
                        },
                        {
                            "name": "Central African Republic",
                            "id": "59d2224e-e8a9-4e08-bf66-6ca50cf3d5e7",
                            "districts": [
                                
                            ]
                        },
                        {
                            "name": "South Sudan",
                            "id": "96e00183-809e-408c-b2f2-0042a6a8a8ba",
                            "districts": [
                                
                            ]
                        },
                        {
                            "name": "Mauritania",
                            "id": "780c64c4-cea5-4b78-85af-7be29c96025f",
                            "districts": [
                                
                            ]
                        },
                        {
                            "name": "Burkina Faso",
                            "id": "cedf0037-0cb1-4ad8-8a83-9ae64bc44992",
                            "districts": [
                                
                            ]
                        }
                    ]
                }
            },
            {
                "id": "26bc4b50-82d3-4b68-817d-795f011ee9af",
                "region": {
                    "countries": [
                        {
                            "name": "Kyrgyzstan",
                            "id": "c046ec2c-b375-45c7-9558-cb8adfca0651",
                            "districts": [
                                
                            ]
                        },
                        {
                            "name": "Uzbekistan",
                            "id": "997ef444-25be-4a56-896e-bc450f736b57",
                            "districts": [
                                
                            ]
                        },
                        {
                            "name": "Kazakhstan",
                            "id": "26bc4b50-82d3-4b68-817d-795f011ee9af",
                            "districts": [
                                
                            ]
                        },
                        {
                            "name": "Thailand",
                            "id": "b7a44eef-15f4-4b45-bdef-070637f8af87",
                            "districts": [
                                
                            ]
                        },
                        {
                            "name": "Timor-Leste",
                            "id": "5d000f83-13ca-4649-bb2d-d2be565f0a2c",
                            "districts": [
                                
                            ]
                        },
                        {
                            "name": "Lao People\"s Democratic Republic",
                            "id": "98815a15-47a6-4679-86d8-5e1a5214ba11",
                            "districts": [
                                
                            ]
                        },
                        {
                            "name": "Tajikistan",
                            "id": "d1c132e4-e157-47fd-906c-458d7df6ba96",
                            "districts": [
                                
                            ]
                        },
                        {
                            "name": "Turkmenistan",
                            "id": "ecde24a4-68ca-45de-9021-e9c3a446caff",
                            "districts": [
                                
                            ]
                        },
                        {
                            "name": "Viet Nam",
                            "id": "c9d61dfb-f6d4-4ecc-a4a8-b6fc4861376a",
                            "districts": [
                                
                            ]
                        }
                    ]
                }
            },
            {
                "id": "118f9f5b-63b1-4bba-81bc-1f24d791fa1c",
                "region": {
                    "countries": [
                        {
                            "name": "Egypt",
                            "id": "118f9f5b-63b1-4bba-81bc-1f24d791fa1c",
                            "districts": [
                                
                            ]
                        },
                        {
                            "name": "Libya",
                            "id": "6a3d82cb-b14a-4f8d-8ec1-54104715b045",
                            "districts": [
                                
                            ]
                        },
                        {
                            "name": "Tunisia",
                            "id": "5fce3077-fac8-4461-bf35-b912844ea013",
                            "districts": [
                                
                            ]
                        },
                        {
                            "name": "Algeria",
                            "id": "7f7e022b-f273-4c30-aeae-b265e7caed1b",
                            "districts": [
                                
                            ]
                        },
                        {
                            "name": "Morocco",
                            "id": "edb88011-b648-4109-8190-f89775e98670",
                            "districts": [
                                
                            ]
                        },
                        {
                            "name": "Sudan",
                            "id": "6b0da14e-212e-4d9c-a26c-f37a13b1a0d4",
                            "districts": [
                                
                            ]
                        }
                    ]
                }
            },
            {
                "id": "cb7d2601-26e1-4af4-b27c-1130bc908636",
                "region": {
                    "countries": [
                        {
                            "name": "Jordan",
                            "id": "57d77108-7390-4d8b-9175-09fa2278972f",
                            "districts": [
                                
                            ]
                        },
                        {
                            "name": "Yemen",
                            "id": "e36259b6-c350-4fdc-83dc-bfdbe04765d1",
                            "districts": [
                                
                            ]
                        },
                        {
                            "name": "Bahrain",
                            "id": "cb7d2601-26e1-4af4-b27c-1130bc908636",
                            "districts": [
                                
                            ]
                        },
                        {
                            "name": "Armenia",
                            "id": "8f0fda5d-e346-4016-8651-38bc0a9db13f",
                            "districts": [
                                
                            ]
                        },
                        {
                            "name": "Kuwait",
                            "id": "04c19ad3-d5fd-4432-be03-d0f3aa0bfef4",
                            "districts": [
                                
                            ]
                        },
                        {
                            "name": "United Arab Emirates",
                            "id": "191f578d-d3e2-49a4-803c-012c36fae6b8",
                            "districts": [
                                
                            ]
                        },
                        {
                            "name": "Lebanon",
                            "id": "7d6074eb-b44c-4e01-b064-9e67695b896b",
                            "districts": [
                                
                            ]
                        },
                        {
                            "name": "Singapore",
                            "id": "20786ba0-66e7-4c86-9e62-e27456f80ed0",
                            "districts": [
                                
                            ]
                        },
                        {
                            "name": "Palestine, State of",
                            "id": "c4dbf9dc-caad-4b9b-ab84-a178363717f4",
                            "districts": [
                                
                            ]
                        },
                        {
                            "name": "Syrian Arab Republic",
                            "id": "33760701-153e-4220-b9fa-ec4342d2f0e4",
                            "districts": [
                                
                            ]
                        },
                        {
                            "name": "Georgia",
                            "id": "371dea3e-0fa3-45de-898c-05dc08e4da37",
                            "districts": [
                                
                            ]
                        },
                        {
                            "name": "Oman",
                            "id": "ebba5457-cf3a-4c92-a296-c9304075a083",
                            "districts": [
                                
                            ]
                        },
                        {
                            "name": "Azerbaijan",
                            "id": "bf0dafd8-ebe6-4b98-86ab-ed8e16475794",
                            "districts": [
                                
                            ]
                        },
                        {
                            "name": "Philippines",
                            "id": "bd3959ff-aabe-46fa-ac07-055e8436407e",
                            "districts": [
                                
                            ]
                        },
                        {
                            "name": "Israel",
                            "id": "b9435680-f62e-4437-9179-0584ae6af227",
                            "districts": [
                                
                            ]
                        },
                        {
                            "name": "Turkey",
                            "id": "eb6d71b2-8583-4c12-9063-5439639e4817",
                            "districts": [
                                
                            ]
                        },
                        {
                            "name": "Qatar",
                            "id": "6bedb61d-4a24-414a-9ddd-adb4cc1cc389",
                            "districts": [
                                
                            ]
                        },
                        {
                            "name": "Cyprus",
                            "id": "9683b8ba-efbf-4e28-9a27-6d2108466189",
                            "districts": [
                                
                            ]
                        },
                        {
                            "name": "Iraq",
                            "id": "ea4c7ed2-9ce9-4151-9531-ff9af85def73",
                            "districts": [
                                
                            ]
                        },
                        {
                            "name": "Saudi Arabia",
                            "id": "b2d5c8d1-21a7-433a-a592-38268c29f913",
                            "districts": [
                                
                            ]
                        }
                    ]
                }
            },
            {
                "id": "4992bec5-10a9-49df-ad13-69aa7cdcfef6",
                "region": {
                    "countries": [
                        {
                            "name": "Angola",
                            "id": "5e9f919f-2d42-42ec-8b6c-adf7f7b3cd0b",
                            "districts": [
                                
                            ]
                        },
                        {
                            "name": "Cabo Verde",
                            "id": "e5489353-76dd-4d8d-b61e-d349c6356c68",
                            "districts": [
                                
                            ]
                        },
                        {
                            "name": "Mali",
                            "id": "dd9791d1-fea1-4b9d-9076-37e499de6307",
                            "districts": [
                                
                            ]
                        },
                        {
                            "name": "British Indian Ocean Territory",
                            "id": "20479535-b47b-41ba-8cab-b7024bd8ec82",
                            "districts": [
                                
                            ]
                        },
                        {
                            "name": "Gambia",
                            "id": "efec8f57-a2fb-4f95-b662-d72b21d301ed",
                            "districts": [
                                
                            ]
                        },
                        {
                            "name": "Zambia",
                            "id": "4992bec5-10a9-49df-ad13-69aa7cdcfef6",
                            "districts": [
                                
                            ]
                        },
                        {
                            "name": "Eswatini",
                            "id": "d044d249-e941-47bb-8fae-8cab328ca575",
                            "districts": [
                                
                            ]
                        },
                        {
                            "name": "Mayotte",
                            "id": "f4b83278-abe2-46f6-b0c0-50eceba9a35f",
                            "districts": [
                                
                            ]
                        },
                        {
                            "name": "Burundi",
                            "id": "310ab811-40b5-48da-8a66-e7562f4cf9d1",
                            "districts": [
                                
                            ]
                        },
                        {
                            "name": "Liberia",
                            "id": "86d6e276-b027-4cf8-ad4d-c4793b3425cf",
                            "districts": [
                                
                            ]
                        },
                        {
                            "name": "Mauritius",
                            "id": "a06fe50f-4ff3-483a-83c6-01ce4068ab36",
                            "districts": [
                                
                            ]
                        },
                        {
                            "name": "Sao Tome and Principe",
                            "id": "712df7d0-5d1b-401b-a832-911354b38baf",
                            "districts": [
                                
                            ]
                        },
                        {
                            "name": "Senegal",
                            "id": "990cb125-2ede-4648-b5d4-698d0e6ad712",
                            "districts": [
                                
                            ]
                        },
                        {
                            "name": "Botswana",
                            "id": "f177f103-59bd-4527-831e-101af0a373bd",
                            "districts": [
                                
                            ]
                        },
                        {
                            "name": "Rwanda",
                            "id": "5507db6a-9757-40e2-a498-f8cb8df70fb8",
                            "districts": [
                                
                            ]
                        },
                        {
                            "name": "Niger",
                            "id": "74150778-002b-4ca3-a064-41c5cad3f026",
                            "districts": [
                                
                            ]
                        },
                        {
                            "name": "Benin",
                            "id": "ec5d7439-de38-46d4-8a31-7b23b9525984",
                            "districts": [
                                
                            ]
                        },
                        {
                            "name": "Réunion",
                            "id": "e0f20522-cffc-4e66-8e7d-9334f35fce95",
                            "districts": [
                                
                            ]
                        },
                        {
                            "name": "South Africa",
                            "id": "9a7647d2-60ca-429d-90e5-905edaff872c",
                            "districts": [
                                
                            ]
                        },
                        {
                            "name": "Ghana",
                            "id": "9662349e-2c36-496a-83d5-6f746ae768a7",
                            "districts": [
                                
                            ]
                        },
                        {
                            "name": "Congo",
                            "id": "33c8a05e-4d63-49cd-a5f1-0f4a1d5ab13e",
                            "districts": [
                                
                            ]
                        },
                        {
                            "name": "Guinea-Bissau",
                            "id": "64d1845d-1963-40bc-a31b-1f45084f1644",
                            "districts": [
                                
                            ]
                        },
                        {
                            "name": "Togo",
                            "id": "9d383757-b95f-44da-b535-3887ed82679f",
                            "districts": [
                                
                            ]
                        },
                        {
                            "name": "Namibia",
                            "id": "cf9f295f-bf4c-4a8b-8738-53c6a9ed55b1",
                            "districts": [
                                
                            ]
                        },
                        {
                            "name": "Djibouti",
                            "id": "ba974fdc-3dea-4b6b-a2f3-34624faa59a7",
                            "districts": [
                                
                            ]
                        },
                        {
                            "name": "Gabon",
                            "id": "8f6be81f-6b58-4a61-b684-5c2d620a0e74",
                            "districts": [
                                
                            ]
                        },
                        {
                            "name": "Lesotho",
                            "id": "300752f4-088e-403c-95b0-7a670c09f8cc",
                            "districts": [
                                
                            ]
                        },
                        {
                            "name": "Madagascar",
                            "id": "eb4c5e71-f839-4f3c-8e93-49ef57f4fe8d",
                            "districts": [
                                
                            ]
                        },
                        {
                            "name": "Uganda",
                            "id": "b1693449-e104-47c0-94db-f55cc6c850d5",
                            "districts": [
                                
                            ]
                        },
                        {
                            "name": "Côte d\"Ivoire",
                            "id": "59276e01-0d64-487a-aec6-332ae91f9909",
                            "districts": [
                                
                            ]
                        },
                        {
                            "name": "Nigeria",
                            "id": "3c94aa61-055d-4c38-a40b-67dff395beda",
                            "districts": [
                                
                            ]
                        },
                        {
                            "name": "Zimbabwe",
                            "id": "bfbf9853-bae3-4e57-b7cd-1e9228e8b1f3",
                            "districts": [
                                
                            ]
                        },
                        {
                            "name": "Seychelles",
                            "id": "4c63d1f6-87ba-45f1-9414-eb22bfba46c2",
                            "districts": [
                                
                            ]
                        },
                        {
                            "name": "Cameroon",
                            "id": "0495fba0-693d-433a-a9ef-6bc2ccab6093",
                            "districts": [
                                
                            ]
                        },
                        {
                            "name": "Guinea",
                            "id": "eda1a6fb-f95b-4664-b352-8a468c499b34",
                            "districts": [
                                
                            ]
                        },
                        {
                            "name": "Kenya",
                            "id": "06702720-9c60-4210-8eed-8824f1cc80c2",
                            "districts": [
                                
                            ]
                        },
                        {
                            "name": "Mozambique",
                            "id": "df394703-b3a5-4d0f-aa33-db8b10ba29ab",
                            "districts": [
                                
                            ]
                        },
                        {
                            "name": "Saint Helena, Ascension and Tristan da Cunha",
                            "id": "e379e052-1704-4e98-b4fd-fdac7ca1f9a0",
                            "districts": [
                                
                            ]
                        },
                        {
                            "name": "Ethiopia",
                            "id": "77d5d6a2-5f01-41b8-b06d-88b9efc618f8",
                            "districts": [
                                
                            ]
                        },
                        {
                            "name": "Comoros",
                            "id": "ae0a4c53-9eea-4b4f-b7ab-98750eb58582",
                            "districts": [
                                
                            ]
                        },
                        {
                            "name": "Malawi",
                            "id": "31ffdf7e-d375-4c19-8b4c-6ac8e4486727",
                            "districts": [
                                
                            ]
                        },
                        {
                            "name": "Somalia",
                            "id": "630c356f-e198-4cd0-8e91-b29002c2aca7",
                            "districts": [
                                
                            ]
                        },
                        {
                            "name": "Congo, Democratic Republic of the",
                            "id": "55a5fe27-565c-4963-88c0-9a3ec24dea5c",
                            "districts": [
                                
                            ]
                        },
                        {
                            "name": "Equatorial Guinea",
                            "id": "9d2dd243-9754-4962-a556-6dbbf85b248a",
                            "districts": [
                                
                            ]
                        },
                        {
                            "name": "Chad",
                            "id": "4c4abd99-f4df-4fee-bac5-e2a1eef7ec0f",
                            "districts": [
                                
                            ]
                        },
                        {
                            "name": "Tanzania, United Republic of",
                            "id": "30d8662e-655f-43c8-b307-a2dc0046ebe5",
                            "districts": [
                                
                            ]
                        },
                        {
                            "name": "Sierra Leone",
                            "id": "e2135c5c-dfd3-4d44-b16f-0c29186836ce",
                            "districts": [
                                
                            ]
                        },
                        {
                            "name": "Eritrea",
                            "id": "bdd50ea2-c82d-44e8-b493-09892c245a6d",
                            "districts": [
                                
                            ]
                        },
                        {
                            "name": "Central African Republic",
                            "id": "59d2224e-e8a9-4e08-bf66-6ca50cf3d5e7",
                            "districts": [
                                
                            ]
                        },
                        {
                            "name": "South Sudan",
                            "id": "96e00183-809e-408c-b2f2-0042a6a8a8ba",
                            "districts": [
                                
                            ]
                        },
                        {
                            "name": "Mauritania",
                            "id": "780c64c4-cea5-4b78-85af-7be29c96025f",
                            "districts": [
                                
                            ]
                        },
                        {
                            "name": "Burkina Faso",
                            "id": "cedf0037-0cb1-4ad8-8a83-9ae64bc44992",
                            "districts": [
                                
                            ]
                        }
                    ]
                }
            },
            {
                "id": "8f0fda5d-e346-4016-8651-38bc0a9db13f",
                "region": {
                    "countries": [
                        {
                            "name": "Jordan",
                            "id": "57d77108-7390-4d8b-9175-09fa2278972f",
                            "districts": [
                                
                            ]
                        },
                        {
                            "name": "Yemen",
                            "id": "e36259b6-c350-4fdc-83dc-bfdbe04765d1",
                            "districts": [
                                
                            ]
                        },
                        {
                            "name": "Bahrain",
                            "id": "cb7d2601-26e1-4af4-b27c-1130bc908636",
                            "districts": [
                                
                            ]
                        },
                        {
                            "name": "Armenia",
                            "id": "8f0fda5d-e346-4016-8651-38bc0a9db13f",
                            "districts": [
                                
                            ]
                        },
                        {
                            "name": "Kuwait",
                            "id": "04c19ad3-d5fd-4432-be03-d0f3aa0bfef4",
                            "districts": [
                                
                            ]
                        },
                        {
                            "name": "United Arab Emirates",
                            "id": "191f578d-d3e2-49a4-803c-012c36fae6b8",
                            "districts": [
                                
                            ]
                        },
                        {
                            "name": "Lebanon",
                            "id": "7d6074eb-b44c-4e01-b064-9e67695b896b",
                            "districts": [
                                
                            ]
                        },
                        {
                            "name": "Singapore",
                            "id": "20786ba0-66e7-4c86-9e62-e27456f80ed0",
                            "districts": [
                                
                            ]
                        },
                        {
                            "name": "Palestine, State of",
                            "id": "c4dbf9dc-caad-4b9b-ab84-a178363717f4",
                            "districts": [
                                
                            ]
                        },
                        {
                            "name": "Syrian Arab Republic",
                            "id": "33760701-153e-4220-b9fa-ec4342d2f0e4",
                            "districts": [
                                
                            ]
                        },
                        {
                            "name": "Georgia",
                            "id": "371dea3e-0fa3-45de-898c-05dc08e4da37",
                            "districts": [
                                
                            ]
                        },
                        {
                            "name": "Oman",
                            "id": "ebba5457-cf3a-4c92-a296-c9304075a083",
                            "districts": [
                                
                            ]
                        },
                        {
                            "name": "Azerbaijan",
                            "id": "bf0dafd8-ebe6-4b98-86ab-ed8e16475794",
                            "districts": [
                                
                            ]
                        },
                        {
                            "name": "Philippines",
                            "id": "bd3959ff-aabe-46fa-ac07-055e8436407e",
                            "districts": [
                                
                            ]
                        },
                        {
                            "name": "Israel",
                            "id": "b9435680-f62e-4437-9179-0584ae6af227",
                            "districts": [
                                
                            ]
                        },
                        {
                            "name": "Turkey",
                            "id": "eb6d71b2-8583-4c12-9063-5439639e4817",
                            "districts": [
                                
                            ]
                        },
                        {
                            "name": "Qatar",
                            "id": "6bedb61d-4a24-414a-9ddd-adb4cc1cc389",
                            "districts": [
                                
                            ]
                        },
                        {
                            "name": "Cyprus",
                            "id": "9683b8ba-efbf-4e28-9a27-6d2108466189",
                            "districts": [
                                
                            ]
                        },
                        {
                            "name": "Iraq",
                            "id": "ea4c7ed2-9ce9-4151-9531-ff9af85def73",
                            "districts": [
                                
                            ]
                        },
                        {
                            "name": "Saudi Arabia",
                            "id": "b2d5c8d1-21a7-433a-a592-38268c29f913",
                            "districts": [
                                
                            ]
                        }
                    ]
                }
            },
            {
                "id": "b7a44eef-15f4-4b45-bdef-070637f8af87",
                "region": {
                    "countries": [
                        {
                            "name": "Kyrgyzstan",
                            "id": "c046ec2c-b375-45c7-9558-cb8adfca0651",
                            "districts": [
                                
                            ]
                        },
                        {
                            "name": "Uzbekistan",
                            "id": "997ef444-25be-4a56-896e-bc450f736b57",
                            "districts": [
                                
                            ]
                        },
                        {
                            "name": "Kazakhstan",
                            "id": "26bc4b50-82d3-4b68-817d-795f011ee9af",
                            "districts": [
                                
                            ]
                        },
                        {
                            "name": "Thailand",
                            "id": "b7a44eef-15f4-4b45-bdef-070637f8af87",
                            "districts": [
                                
                            ]
                        },
                        {
                            "name": "Timor-Leste",
                            "id": "5d000f83-13ca-4649-bb2d-d2be565f0a2c",
                            "districts": [
                                
                            ]
                        },
                        {
                            "name": "Lao People\"s Democratic Republic",
                            "id": "98815a15-47a6-4679-86d8-5e1a5214ba11",
                            "districts": [
                                
                            ]
                        },
                        {
                            "name": "Tajikistan",
                            "id": "d1c132e4-e157-47fd-906c-458d7df6ba96",
                            "districts": [
                                
                            ]
                        },
                        {
                            "name": "Turkmenistan",
                            "id": "ecde24a4-68ca-45de-9021-e9c3a446caff",
                            "districts": [
                                
                            ]
                        },
                        {
                            "name": "Viet Nam",
                            "id": "c9d61dfb-f6d4-4ecc-a4a8-b6fc4861376a",
                            "districts": [
                                
                            ]
                        }
                    ]
                }
            },
            {
                "id": "d044d249-e941-47bb-8fae-8cab328ca575",
                "region": {
                    "countries": [
                        {
                            "name": "Angola",
                            "id": "5e9f919f-2d42-42ec-8b6c-adf7f7b3cd0b",
                            "districts": [
                                
                            ]
                        },
                        {
                            "name": "Cabo Verde",
                            "id": "e5489353-76dd-4d8d-b61e-d349c6356c68",
                            "districts": [
                                
                            ]
                        },
                        {
                            "name": "Mali",
                            "id": "dd9791d1-fea1-4b9d-9076-37e499de6307",
                            "districts": [
                                
                            ]
                        },
                        {
                            "name": "British Indian Ocean Territory",
                            "id": "20479535-b47b-41ba-8cab-b7024bd8ec82",
                            "districts": [
                                
                            ]
                        },
                        {
                            "name": "Gambia",
                            "id": "efec8f57-a2fb-4f95-b662-d72b21d301ed",
                            "districts": [
                                
                            ]
                        },
                        {
                            "name": "Zambia",
                            "id": "4992bec5-10a9-49df-ad13-69aa7cdcfef6",
                            "districts": [
                                
                            ]
                        },
                        {
                            "name": "Eswatini",
                            "id": "d044d249-e941-47bb-8fae-8cab328ca575",
                            "districts": [
                                
                            ]
                        },
                        {
                            "name": "Mayotte",
                            "id": "f4b83278-abe2-46f6-b0c0-50eceba9a35f",
                            "districts": [
                                
                            ]
                        },
                        {
                            "name": "Burundi",
                            "id": "310ab811-40b5-48da-8a66-e7562f4cf9d1",
                            "districts": [
                                
                            ]
                        },
                        {
                            "name": "Liberia",
                            "id": "86d6e276-b027-4cf8-ad4d-c4793b3425cf",
                            "districts": [
                                
                            ]
                        },
                        {
                            "name": "Mauritius",
                            "id": "a06fe50f-4ff3-483a-83c6-01ce4068ab36",
                            "districts": [
                                
                            ]
                        },
                        {
                            "name": "Sao Tome and Principe",
                            "id": "712df7d0-5d1b-401b-a832-911354b38baf",
                            "districts": [
                                
                            ]
                        },
                        {
                            "name": "Senegal",
                            "id": "990cb125-2ede-4648-b5d4-698d0e6ad712",
                            "districts": [
                                
                            ]
                        },
                        {
                            "name": "Botswana",
                            "id": "f177f103-59bd-4527-831e-101af0a373bd",
                            "districts": [
                                
                            ]
                        },
                        {
                            "name": "Rwanda",
                            "id": "5507db6a-9757-40e2-a498-f8cb8df70fb8",
                            "districts": [
                                
                            ]
                        },
                        {
                            "name": "Niger",
                            "id": "74150778-002b-4ca3-a064-41c5cad3f026",
                            "districts": [
                                
                            ]
                        },
                        {
                            "name": "Benin",
                            "id": "ec5d7439-de38-46d4-8a31-7b23b9525984",
                            "districts": [
                                
                            ]
                        },
                        {
                            "name": "Réunion",
                            "id": "e0f20522-cffc-4e66-8e7d-9334f35fce95",
                            "districts": [
                                
                            ]
                        },
                        {
                            "name": "South Africa",
                            "id": "9a7647d2-60ca-429d-90e5-905edaff872c",
                            "districts": [
                                
                            ]
                        },
                        {
                            "name": "Ghana",
                            "id": "9662349e-2c36-496a-83d5-6f746ae768a7",
                            "districts": [
                                
                            ]
                        },
                        {
                            "name": "Congo",
                            "id": "33c8a05e-4d63-49cd-a5f1-0f4a1d5ab13e",
                            "districts": [
                                
                            ]
                        },
                        {
                            "name": "Guinea-Bissau",
                            "id": "64d1845d-1963-40bc-a31b-1f45084f1644",
                            "districts": [
                                
                            ]
                        },
                        {
                            "name": "Togo",
                            "id": "9d383757-b95f-44da-b535-3887ed82679f",
                            "districts": [
                                
                            ]
                        },
                        {
                            "name": "Namibia",
                            "id": "cf9f295f-bf4c-4a8b-8738-53c6a9ed55b1",
                            "districts": [
                                
                            ]
                        },
                        {
                            "name": "Djibouti",
                            "id": "ba974fdc-3dea-4b6b-a2f3-34624faa59a7",
                            "districts": [
                                
                            ]
                        },
                        {
                            "name": "Gabon",
                            "id": "8f6be81f-6b58-4a61-b684-5c2d620a0e74",
                            "districts": [
                                
                            ]
                        },
                        {
                            "name": "Lesotho",
                            "id": "300752f4-088e-403c-95b0-7a670c09f8cc",
                            "districts": [
                                
                            ]
                        },
                        {
                            "name": "Madagascar",
                            "id": "eb4c5e71-f839-4f3c-8e93-49ef57f4fe8d",
                            "districts": [
                                
                            ]
                        },
                        {
                            "name": "Uganda",
                            "id": "b1693449-e104-47c0-94db-f55cc6c850d5",
                            "districts": [
                                
                            ]
                        },
                        {
                            "name": "Côte d\"Ivoire",
                            "id": "59276e01-0d64-487a-aec6-332ae91f9909",
                            "districts": [
                                
                            ]
                        },
                        {
                            "name": "Nigeria",
                            "id": "3c94aa61-055d-4c38-a40b-67dff395beda",
                            "districts": [
                                
                            ]
                        },
                        {
                            "name": "Zimbabwe",
                            "id": "bfbf9853-bae3-4e57-b7cd-1e9228e8b1f3",
                            "districts": [
                                
                            ]
                        },
                        {
                            "name": "Seychelles",
                            "id": "4c63d1f6-87ba-45f1-9414-eb22bfba46c2",
                            "districts": [
                                
                            ]
                        },
                        {
                            "name": "Cameroon",
                            "id": "0495fba0-693d-433a-a9ef-6bc2ccab6093",
                            "districts": [
                                
                            ]
                        },
                        {
                            "name": "Guinea",
                            "id": "eda1a6fb-f95b-4664-b352-8a468c499b34",
                            "districts": [
                                
                            ]
                        },
                        {
                            "name": "Kenya",
                            "id": "06702720-9c60-4210-8eed-8824f1cc80c2",
                            "districts": [
                                
                            ]
                        },
                        {
                            "name": "Mozambique",
                            "id": "df394703-b3a5-4d0f-aa33-db8b10ba29ab",
                            "districts": [
                                
                            ]
                        },
                        {
                            "name": "Saint Helena, Ascension and Tristan da Cunha",
                            "id": "e379e052-1704-4e98-b4fd-fdac7ca1f9a0",
                            "districts": [
                                
                            ]
                        },
                        {
                            "name": "Ethiopia",
                            "id": "77d5d6a2-5f01-41b8-b06d-88b9efc618f8",
                            "districts": [
                                
                            ]
                        },
                        {
                            "name": "Comoros",
                            "id": "ae0a4c53-9eea-4b4f-b7ab-98750eb58582",
                            "districts": [
                                
                            ]
                        },
                        {
                            "name": "Malawi",
                            "id": "31ffdf7e-d375-4c19-8b4c-6ac8e4486727",
                            "districts": [
                                
                            ]
                        },
                        {
                            "name": "Somalia",
                            "id": "630c356f-e198-4cd0-8e91-b29002c2aca7",
                            "districts": [
                                
                            ]
                        },
                        {
                            "name": "Congo, Democratic Republic of the",
                            "id": "55a5fe27-565c-4963-88c0-9a3ec24dea5c",
                            "districts": [
                                
                            ]
                        },
                        {
                            "name": "Equatorial Guinea",
                            "id": "9d2dd243-9754-4962-a556-6dbbf85b248a",
                            "districts": [
                                
                            ]
                        },
                        {
                            "name": "Chad",
                            "id": "4c4abd99-f4df-4fee-bac5-e2a1eef7ec0f",
                            "districts": [
                                
                            ]
                        },
                        {
                            "name": "Tanzania, United Republic of",
                            "id": "30d8662e-655f-43c8-b307-a2dc0046ebe5",
                            "districts": [
                                
                            ]
                        },
                        {
                            "name": "Sierra Leone",
                            "id": "e2135c5c-dfd3-4d44-b16f-0c29186836ce",
                            "districts": [
                                
                            ]
                        },
                        {
                            "name": "Eritrea",
                            "id": "bdd50ea2-c82d-44e8-b493-09892c245a6d",
                            "districts": [
                                
                            ]
                        },
                        {
                            "name": "Central African Republic",
                            "id": "59d2224e-e8a9-4e08-bf66-6ca50cf3d5e7",
                            "districts": [
                                
                            ]
                        },
                        {
                            "name": "South Sudan",
                            "id": "96e00183-809e-408c-b2f2-0042a6a8a8ba",
                            "districts": [
                                
                            ]
                        },
                        {
                            "name": "Mauritania",
                            "id": "780c64c4-cea5-4b78-85af-7be29c96025f",
                            "districts": [
                                
                            ]
                        },
                        {
                            "name": "Burkina Faso",
                            "id": "cedf0037-0cb1-4ad8-8a83-9ae64bc44992",
                            "districts": [
                                
                            ]
                        }
                    ]
                }
            },
            {
                "id": "99cdf9ef-7a80-40f1-801d-e294d5f9ee36",
                "region": {
                    "countries": [
                        {
                            "name": "China",
                            "id": "99cdf9ef-7a80-40f1-801d-e294d5f9ee36",
                            "districts": [
                                
                            ]
                        },
                        {
                            "name": "Taiwan, Province of China",
                            "id": "46f6e154-7ea0-40e3-8ee2-68536a0b9e21",
                            "districts": [
                                
                            ]
                        },
                        {
                            "name": "Korea, Republic of",
                            "id": "2f24ae19-b361-4fe6-ac53-fbe75f5485d8",
                            "districts": [
                                
                            ]
                        },
                        {
                            "name": "Malaysia",
                            "id": "bb3e3ec0-3c59-46a6-9573-195fa8dd3c9e",
                            "districts": [
                                
                            ]
                        },
                        {
                            "name": "Korea (Democratic People\"s Republic of)",
                            "id": "6f72ac2e-f7a5-44c0-8726-98f91e72d8e9",
                            "districts": [
                                
                            ]
                        },
                        {
                            "name": "Myanmar",
                            "id": "7f1e32bc-9aae-4cd7-bcad-9dc6082d4811",
                            "districts": [
                                
                            ]
                        },
                        {
                            "name": "Macao",
                            "id": "e89a54d0-98ab-4404-b546-b87cdfab5e6c",
                            "districts": [
                                
                            ]
                        },
                        {
                            "name": "Mongolia",
                            "id": "8ccf4e8b-f765-4707-aff1-cb36bcbf5fb9",
                            "districts": [
                                
                            ]
                        },
                        {
                            "name": "Japan",
                            "id": "b893cdb3-ce45-4ff8-8c82-d0e5728d4fab",
                            "districts": [
                                
                            ]
                        },
                        {
                            "name": "Hong Kong",
                            "id": "66af6153-77ae-41b1-90bc-93e5d9a30416",
                            "districts": [
                                
                            ]
                        }
                    ]
                }
            },
            {
                "id": "63a03a51-55d6-4a05-91f9-4be04ceff568",
                "region": {
                    "countries": [
                        {
                            "name": "Iran (Islamic Republic of)",
                            "id": "ea7eef91-f8f4-4603-b7a1-d7039e7033e6",
                            "districts": [
                                
                            ]
                        },
                        {
                            "name": "Sri Lanka",
                            "id": "63a03a51-55d6-4a05-91f9-4be04ceff568",
                            "districts": [
                                
                            ]
                        },
                        {
                            "name": "Cambodia",
                            "id": "1c1d7b9c-1af3-4247-9393-6ab5275ed775",
                            "districts": [
                                
                            ]
                        },
                        {
                            "name": "Indonesia",
                            "id": "a0e90a76-7360-4e64-874a-b88b33bff1c6",
                            "districts": [
                                
                            ]
                        },
                        {
                            "name": "Afghanistan",
                            "id": "1d4758ce-9410-46c2-9e4e-2c90c518f469",
                            "districts": [
                                
                            ]
                        },
                        {
                            "name": "Bhutan",
                            "id": "26ac5483-9a31-41bd-b79e-6c82c30cbd75",
                            "districts": [
                                
                            ]
                        },
                        {
                            "name": "Brunei Darussalam",
                            "id": "218b444b-0354-46bd-b768-b8d48eb632e1",
                            "districts": [
                                
                            ]
                        },
                        {
                            "name": "Maldives",
                            "id": "b0305117-6406-4e3f-bd9c-54999c52fd51",
                            "districts": [
                                
                            ]
                        },
                        {
                            "name": "Nepal",
                            "id": "74ec24a7-5308-4b97-890a-a1b2602ab430",
                            "districts": [
                                
                            ]
                        },
                        {
                            "name": "Bangladesh",
                            "id": "6bd284f1-2216-4efc-a80e-218a56731a50",
                            "districts": [
                                {
                                    "id": "052bb7cb-fa24-4e4e-8a1c-c8b5770f81be",
                                    "name": "BARISHAL",
                                    "upazilas": [
                                        {
                                            "name": "AGAILJHARA",
                                            "id": "a87e5293-71fd-4928-a4bc-3fc87b741bd6",
                                            "state": {
                                                "id": "5cbbb439-96e7-4f60-bf2f-abddd0d03e7e",
                                                "name": "BARISAL"
                                            }
                                        },
                                        {
                                            "name": "WAZIRPUR",
                                            "id": "69a7ae9a-af80-4721-8fa7-390bc7a9f056",
                                            "state": {
                                                "id": "5cbbb439-96e7-4f60-bf2f-abddd0d03e7e",
                                                "name": "BARISAL"
                                            }
                                        },
                                        {
                                            "name": "BANARIPARA",
                                            "id": "a1098f6d-e20c-46ff-a695-71d38485dfcd",
                                            "state": {
                                                "id": "5cbbb439-96e7-4f60-bf2f-abddd0d03e7e",
                                                "name": "BARISAL"
                                            }
                                        },
                                        {
                                            "name": "GAURNADI",
                                            "id": "e054f2d4-ba21-423c-8ce2-8790fd3e96e7",
                                            "state": {
                                                "id": "5cbbb439-96e7-4f60-bf2f-abddd0d03e7e",
                                                "name": "BARISAL"
                                            }
                                        },
                                        {
                                            "name": "HIZLA",
                                            "id": "25dc6a64-73d1-41c4-a7a6-3499e419ee76",
                                            "state": {
                                                "id": "5cbbb439-96e7-4f60-bf2f-abddd0d03e7e",
                                                "name": "BARISAL"
                                            }
                                        },
                                        {
                                            "name": "BARISAL_SADAR",
                                            "id": "3e841942-1acf-40d5-a8f8-e76fccbce201",
                                            "state": {
                                                "id": "5cbbb439-96e7-4f60-bf2f-abddd0d03e7e",
                                                "name": "BARISAL"
                                            }
                                        },
                                        {
                                            "name": "BAKERGANJ",
                                            "id": "898bb968-893a-4791-984c-303c28eee8d1",
                                            "state": {
                                                "id": "5cbbb439-96e7-4f60-bf2f-abddd0d03e7e",
                                                "name": "BARISAL"
                                            }
                                        },
                                        {
                                            "name": "BABUGANJ",
                                            "id": "4ecbd185-acfc-4406-8fd6-b3d94387bea9",
                                            "state": {
                                                "id": "5cbbb439-96e7-4f60-bf2f-abddd0d03e7e",
                                                "name": "BARISAL"
                                            }
                                        },
                                        {
                                            "name": "MEHENDIGANJ",
                                            "id": "4f5b876b-a14d-462f-8cea-0b63aa50a888",
                                            "state": {
                                                "id": "5cbbb439-96e7-4f60-bf2f-abddd0d03e7e",
                                                "name": "BARISAL"
                                            }
                                        },
                                        {
                                            "name": "MULADI",
                                            "id": "0084331b-30ca-4576-8b66-503c7b6a2d0c",
                                            "state": {
                                                "id": "5cbbb439-96e7-4f60-bf2f-abddd0d03e7e",
                                                "name": "BARISAL"
                                            }
                                        }
                                    ]
                                },
                                {
                                    "id": "01836026-20ee-4e28-9585-6bde8c8f98a1",
                                    "name": "KURIGRAM",
                                    "upazilas": [
                                        {
                                            "name": "KURIGRAM_SADAR",
                                            "id": "33b43668-894e-4861-a340-9ab38cfac767",
                                            "state": {
                                                "id": "b8c19906-b4fc-4745-ac93-af957934136b",
                                                "name": "RANGPUR"
                                            }
                                        },
                                        {
                                            "name": "BHURUNGAMARI",
                                            "id": "bd6a746c-8e29-4546-9bde-fe70e7c0b1d4",
                                            "state": {
                                                "id": "b8c19906-b4fc-4745-ac93-af957934136b",
                                                "name": "RANGPUR"
                                            }
                                        },
                                        {
                                            "name": "ULIPUR",
                                            "id": "114b95ad-d7c1-4805-addc-2034bc68d133",
                                            "state": {
                                                "id": "b8c19906-b4fc-4745-ac93-af957934136b",
                                                "name": "RANGPUR"
                                            }
                                        },
                                        {
                                            "name": "CHILMARI",
                                            "id": "b74d834a-c4df-4c64-b08b-00fb86c416bd",
                                            "state": {
                                                "id": "b8c19906-b4fc-4745-ac93-af957934136b",
                                                "name": "RANGPUR"
                                            }
                                        },
                                        {
                                            "name": "NAGESHWARI",
                                            "id": "3c5107f8-412a-47a6-a593-75a1577a2fae",
                                            "state": {
                                                "id": "b8c19906-b4fc-4745-ac93-af957934136b",
                                                "name": "RANGPUR"
                                            }
                                        },
                                        {
                                            "name": "RAJARHAT",
                                            "id": "abfb1886-a2ea-4887-afc3-60cc1d194b6e",
                                            "state": {
                                                "id": "b8c19906-b4fc-4745-ac93-af957934136b",
                                                "name": "RANGPUR"
                                            }
                                        },
                                        {
                                            "name": "PHULBARI",
                                            "id": "3580569a-211a-4991-9e10-f52fd97543a6",
                                            "state": {
                                                "id": "b8c19906-b4fc-4745-ac93-af957934136b",
                                                "name": "RANGPUR"
                                            }
                                        },
                                        {
                                            "name": "CHAR RAJIBPUR",
                                            "id": "7d27e425-d2d2-45a9-b7c9-188e05810c0d",
                                            "state": {
                                                "id": "b8c19906-b4fc-4745-ac93-af957934136b",
                                                "name": "RANGPUR"
                                            }
                                        },
                                        {
                                            "name": "ROWMARI",
                                            "id": "290ffa52-6bbb-4482-a054-ce4aff5f6930",
                                            "state": {
                                                "id": "b8c19906-b4fc-4745-ac93-af957934136b",
                                                "name": "RANGPUR"
                                            }
                                        }
                                    ]
                                },
                                {
                                    "id": "2fb6985f-ccb2-4004-89ac-b5b0de520533",
                                    "name": "DINAJPUR",
                                    "upazilas": [
                                        {
                                            "name": "KAHAROLE",
                                            "id": "55d8d92d-d612-4226-b008-60b84b7b8253",
                                            "state": {
                                                "id": "b8c19906-b4fc-4745-ac93-af957934136b",
                                                "name": "RANGPUR"
                                            }
                                        },
                                        {
                                            "name": "PARBATIPUR",
                                            "id": "6f58194a-7690-4ce0-b14e-bea704af6ee5",
                                            "state": {
                                                "id": "b8c19906-b4fc-4745-ac93-af957934136b",
                                                "name": "RANGPUR"
                                            }
                                        },
                                        {
                                            "name": "HAKIMPUR",
                                            "id": "cc45cab8-96dc-43c5-bbc1-040e75736c03",
                                            "state": {
                                                "id": "b8c19906-b4fc-4745-ac93-af957934136b",
                                                "name": "RANGPUR"
                                            }
                                        },
                                        {
                                            "name": "BIRGANJ",
                                            "id": "9afaa410-ddfd-44d2-95d3-d6cfb030acd7",
                                            "state": {
                                                "id": "b8c19906-b4fc-4745-ac93-af957934136b",
                                                "name": "RANGPUR"
                                            }
                                        },
                                        {
                                            "name": "BIRAL",
                                            "id": "a44acb60-2b84-4fbb-b73e-6030542fed2d",
                                            "state": {
                                                "id": "b8c19906-b4fc-4745-ac93-af957934136b",
                                                "name": "RANGPUR"
                                            }
                                        },
                                        {
                                            "name": "BIRAMPUR",
                                            "id": "5a316d35-7488-4a04-b718-819caf81d849",
                                            "state": {
                                                "id": "b8c19906-b4fc-4745-ac93-af957934136b",
                                                "name": "RANGPUR"
                                            }
                                        },
                                        {
                                            "name": "GHORAGHAT",
                                            "id": "5ea22106-1cb9-47de-8a20-28fdcf292598",
                                            "state": {
                                                "id": "b8c19906-b4fc-4745-ac93-af957934136b",
                                                "name": "RANGPUR"
                                            }
                                        },
                                        {
                                            "name": "KHANSAMA",
                                            "id": "0561e004-20dc-4efd-b2e3-4e1c48d86971",
                                            "state": {
                                                "id": "b8c19906-b4fc-4745-ac93-af957934136b",
                                                "name": "RANGPUR"
                                            }
                                        },
                                        {
                                            "name": "DINAJPUR_SADAR",
                                            "id": "e9d6959d-bf05-490a-a95d-6327f93c17b3",
                                            "state": {
                                                "id": "b8c19906-b4fc-4745-ac93-af957934136b",
                                                "name": "RANGPUR"
                                            }
                                        },
                                        {
                                            "name": "BOCHAGANJ",
                                            "id": "526f5997-d4ab-45f7-af53-6fcd25c1d1dc",
                                            "state": {
                                                "id": "b8c19906-b4fc-4745-ac93-af957934136b",
                                                "name": "RANGPUR"
                                            }
                                        },
                                        {
                                            "name": "CHIRIRBANDAR",
                                            "id": "d371b6be-98e7-44ec-98bb-4e3d06f4fd6c",
                                            "state": {
                                                "id": "b8c19906-b4fc-4745-ac93-af957934136b",
                                                "name": "RANGPUR"
                                            }
                                        },
                                        {
                                            "name": "NAWABGANJ",
                                            "id": "802bf9ac-1597-4c30-94cc-51b1e5cd9941",
                                            "state": {
                                                "id": "b8c19906-b4fc-4745-ac93-af957934136b",
                                                "name": "RANGPUR"
                                            }
                                        }
                                    ]
                                },
                                {
                                    "id": "fcbaee9a-6c04-4a77-a2a8-8ee8f0c812a8",
                                    "name": "BAGERHAT",
                                    "upazilas": [
                                        {
                                            "name": "FAKIRHAT",
                                            "id": "23926ee4-dec3-4ba8-aab6-eee9f7003126",
                                            "state": {
                                                "id": "642a6748-942f-473d-96c6-a6c1b2e00e05",
                                                "name": "KHULNA"
                                            }
                                        },
                                        {
                                            "name": "MORRELGANJ",
                                            "id": "c322b9de-9e52-471a-9642-0c7f9510e303",
                                            "state": {
                                                "id": "642a6748-942f-473d-96c6-a6c1b2e00e05",
                                                "name": "KHULNA"
                                            }
                                        },
                                        {
                                            "name": "RAMPAL",
                                            "id": "687c1175-6f6f-459a-aa56-50ea55ab1852",
                                            "state": {
                                                "id": "642a6748-942f-473d-96c6-a6c1b2e00e05",
                                                "name": "KHULNA"
                                            }
                                        },
                                        {
                                            "name": "MOLLAHAT",
                                            "id": "2a18a82f-5a29-4ec1-b383-bb00faf2f958",
                                            "state": {
                                                "id": "642a6748-942f-473d-96c6-a6c1b2e00e05",
                                                "name": "KHULNA"
                                            }
                                        },
                                        {
                                            "name": "MONGLA",
                                            "id": "4ce72789-eebe-4554-ac41-6e94b6a205d5",
                                            "state": {
                                                "id": "642a6748-942f-473d-96c6-a6c1b2e00e05",
                                                "name": "KHULNA"
                                            }
                                        },
                                        {
                                            "name": "CHITALMARI",
                                            "id": "a6c2a70a-e1dd-4565-9eb4-5a84dfd76d36",
                                            "state": {
                                                "id": "642a6748-942f-473d-96c6-a6c1b2e00e05",
                                                "name": "KHULNA"
                                            }
                                        },
                                        {
                                            "name": "SARANKHOLA",
                                            "id": "29e1d269-c6ca-461f-b8bc-b2cf623b2ed4",
                                            "state": {
                                                "id": "642a6748-942f-473d-96c6-a6c1b2e00e05",
                                                "name": "KHULNA"
                                            }
                                        },
                                        {
                                            "name": "KACHUA",
                                            "id": "458438b9-a371-4d34-a429-9ffc72c4bb5a",
                                            "state": {
                                                "id": "642a6748-942f-473d-96c6-a6c1b2e00e05",
                                                "name": "KHULNA"
                                            }
                                        },
                                        {
                                            "name": "BAGERHAT_SADAR",
                                            "id": "8929c669-4c91-4c08-a279-2b61b2b657cb",
                                            "state": {
                                                "id": "642a6748-942f-473d-96c6-a6c1b2e00e05",
                                                "name": "KHULNA"
                                            }
                                        }
                                    ]
                                },
                                {
                                    "id": "8be8ad99-4257-4c89-bc9f-3fd5b54ea42c",
                                    "name": "BARGUNA",
                                    "upazilas": [
                                        {
                                            "name": "BAMNA",
                                            "id": "0becbad0-8054-48ff-8804-70caef441fbc",
                                            "state": {
                                                "id": "5cbbb439-96e7-4f60-bf2f-abddd0d03e7e",
                                                "name": "BARISAL"
                                            }
                                        },
                                        {
                                            "name": "BARGUNA_SADAR",
                                            "id": "6c8d9659-3f6b-4572-89f6-877db489fb8e",
                                            "state": {
                                                "id": "5cbbb439-96e7-4f60-bf2f-abddd0d03e7e",
                                                "name": "BARISAL"
                                            }
                                        },
                                        {
                                            "name": "BETAGI",
                                            "id": "e84e7c7f-d62f-4111-ac9c-6a758d874fa4",
                                            "state": {
                                                "id": "5cbbb439-96e7-4f60-bf2f-abddd0d03e7e",
                                                "name": "BARISAL"
                                            }
                                        },
                                        {
                                            "name": "AMTALI",
                                            "id": "2061f193-da04-4462-ae2c-7d54a60c9790",
                                            "state": {
                                                "id": "5cbbb439-96e7-4f60-bf2f-abddd0d03e7e",
                                                "name": "BARISAL"
                                            }
                                        },
                                        {
                                            "name": "PATHARGHATA",
                                            "id": "1f651fda-0eb3-4efe-b2a1-751c1dbefb4b",
                                            "state": {
                                                "id": "5cbbb439-96e7-4f60-bf2f-abddd0d03e7e",
                                                "name": "BARISAL"
                                            }
                                        },
                                        {
                                            "name": "TALTALI",
                                            "id": "b6d60b5e-b58e-46be-8b53-370a5bdfe5f4",
                                            "state": {
                                                "id": "5cbbb439-96e7-4f60-bf2f-abddd0d03e7e",
                                                "name": "BARISAL"
                                            }
                                        }
                                    ]
                                },
                                {
                                    "id": "9966ea0c-b228-4955-bb2d-07a5095b2645",
                                    "name": "NATORE",
                                    "upazilas": [
                                        {
                                            "name": "NATORE_SADAR",
                                            "id": "ad6a8021-7b0f-4611-86dd-9522ae859ec2",
                                            "state": {
                                                "id": "d68c68d2-108e-4635-93d1-28c44525f178",
                                                "name": "RAJSHAHI"
                                            }
                                        },
                                        {
                                            "name": "BAGATIPARA",
                                            "id": "8c4fd017-e1a2-46b6-a5e7-4118456a6b1d",
                                            "state": {
                                                "id": "d68c68d2-108e-4635-93d1-28c44525f178",
                                                "name": "RAJSHAHI"
                                            }
                                        },
                                        {
                                            "name": "BARAIGRAM",
                                            "id": "b437a240-a56d-4fcf-8f7b-949ab16dd31d",
                                            "state": {
                                                "id": "d68c68d2-108e-4635-93d1-28c44525f178",
                                                "name": "RAJSHAHI"
                                            }
                                        },
                                        {
                                            "name": "LALPUR",
                                            "id": "b21e478e-7b5e-4c3d-b3a0-cf4e1ba07aac",
                                            "state": {
                                                "id": "d68c68d2-108e-4635-93d1-28c44525f178",
                                                "name": "RAJSHAHI"
                                            }
                                        }
                                    ]
                                },
                                {
                                    "id": "e84d4380-c4bb-4228-88c5-d82e8c1b0865",
                                    "name": "TANGAIL",
                                    "upazilas": [
                                        {
                                            "name": "TANGAIL_SADAR",
                                            "id": "2e5d24da-b036-45be-892b-7f296d666c78",
                                            "state": {
                                                "id": "9c75a95b-9f42-4ca9-a152-78c492590a6f",
                                                "name": "DHAKA"
                                            }
                                        },
                                        {
                                            "name": "DHANBARI",
                                            "id": "1456c986-adde-41d1-a0b0-403604bc0d93",
                                            "state": {
                                                "id": "9c75a95b-9f42-4ca9-a152-78c492590a6f",
                                                "name": "DHAKA"
                                            }
                                        },
                                        {
                                            "name": "DELDUAR",
                                            "id": "3a4c7f79-c00e-49e1-abac-816ed50dc3fb",
                                            "state": {
                                                "id": "9c75a95b-9f42-4ca9-a152-78c492590a6f",
                                                "name": "DHAKA"
                                            }
                                        },
                                        {
                                            "name": "GOPALPUR",
                                            "id": "b2a571f1-2242-424d-9023-7f0f25fd2bb8",
                                            "state": {
                                                "id": "9c75a95b-9f42-4ca9-a152-78c492590a6f",
                                                "name": "DHAKA"
                                            }
                                        },
                                        {
                                            "name": "BASAIL",
                                            "id": "eb604fd4-90f1-40e4-9519-d5a7ca445bfc",
                                            "state": {
                                                "id": "9c75a95b-9f42-4ca9-a152-78c492590a6f",
                                                "name": "DHAKA"
                                            }
                                        },
                                        {
                                            "name": "MIRZAPUR",
                                            "id": "124001b8-78ca-48ce-bbb6-47b461c63063",
                                            "state": {
                                                "id": "9c75a95b-9f42-4ca9-a152-78c492590a6f",
                                                "name": "DHAKA"
                                            }
                                        },
                                        {
                                            "name": "NAGARPUR",
                                            "id": "6cfd02f6-756a-4b9b-85ed-04258d99ca07",
                                            "state": {
                                                "id": "9c75a95b-9f42-4ca9-a152-78c492590a6f",
                                                "name": "DHAKA"
                                            }
                                        },
                                        {
                                            "name": "MADHUPUR",
                                            "id": "21165dd7-b75c-44fb-9e86-4460f532083b",
                                            "state": {
                                                "id": "9c75a95b-9f42-4ca9-a152-78c492590a6f",
                                                "name": "DHAKA"
                                            }
                                        },
                                        {
                                            "name": "BHUAPUR",
                                            "id": "5b9c7e29-0e43-4850-8dca-91a74dab06df",
                                            "state": {
                                                "id": "9c75a95b-9f42-4ca9-a152-78c492590a6f",
                                                "name": "DHAKA"
                                            }
                                        },
                                        {
                                            "name": "GHATAIL",
                                            "id": "6a30d344-ac16-4257-acae-53a8f5a3b49f",
                                            "state": {
                                                "id": "9c75a95b-9f42-4ca9-a152-78c492590a6f",
                                                "name": "DHAKA"
                                            }
                                        },
                                        {
                                            "name": "KALIHATI",
                                            "id": "efef7a8d-28a7-4a48-aeb2-9cc9c9785e37",
                                            "state": {
                                                "id": "9c75a95b-9f42-4ca9-a152-78c492590a6f",
                                                "name": "DHAKA"
                                            }
                                        },
                                        {
                                            "name": "SAKHIPUR",
                                            "id": "86572e49-e51d-4de7-a0d1-26c5bc008a97",
                                            "state": {
                                                "id": "9c75a95b-9f42-4ca9-a152-78c492590a6f",
                                                "name": "DHAKA"
                                            }
                                        }
                                    ]
                                },
                                {
                                    "id": "68d1c1a6-79cf-4614-af26-9c92f954a31f",
                                    "name": "JOYPURHAT",
                                    "upazilas": [
                                        {
                                            "name": "JOYPURHAT S",
                                            "id": "ef9c918e-c776-452b-a9c6-1626f887ed68",
                                            "state": {
                                                "id": "d68c68d2-108e-4635-93d1-28c44525f178",
                                                "name": "RAJSHAHI"
                                            }
                                        },
                                        {
                                            "name": "PANCHBIBI",
                                            "id": "3f918cbc-453d-4529-8bc7-54ea7d192610",
                                            "state": {
                                                "id": "d68c68d2-108e-4635-93d1-28c44525f178",
                                                "name": "RAJSHAHI"
                                            }
                                        },
                                        {
                                            "name": "KALAI",
                                            "id": "06ae58bb-d069-40da-a952-6f345ddaa58d",
                                            "state": {
                                                "id": "d68c68d2-108e-4635-93d1-28c44525f178",
                                                "name": "RAJSHAHI"
                                            }
                                        },
                                        {
                                            "name": "KHETLAL",
                                            "id": "1608a3cd-70aa-46ef-8424-3bcb6f1d83bc",
                                            "state": {
                                                "id": "d68c68d2-108e-4635-93d1-28c44525f178",
                                                "name": "RAJSHAHI"
                                            }
                                        },
                                        {
                                            "name": "AKKELPUR",
                                            "id": "74242c78-e84f-4f42-a882-039391447f6c",
                                            "state": {
                                                "id": "d68c68d2-108e-4635-93d1-28c44525f178",
                                                "name": "RAJSHAHI"
                                            }
                                        }
                                    ]
                                },
                                {
                                    "id": "554b09c8-da48-4e22-ad26-491dde9c455b",
                                    "name": "SATKHIRA",
                                    "upazilas": [
                                        {
                                            "name": "ASSASUNI",
                                            "id": "70a2a525-3a4e-4a75-93b6-0751526ae9fd",
                                            "state": {
                                                "id": "642a6748-942f-473d-96c6-a6c1b2e00e05",
                                                "name": "KHULNA"
                                            }
                                        },
                                        {
                                            "name": "SATKHIRA_SADAR",
                                            "id": "18bd63e5-67e7-417f-a94b-eace376e3c53",
                                            "state": {
                                                "id": "642a6748-942f-473d-96c6-a6c1b2e00e05",
                                                "name": "KHULNA"
                                            }
                                        },
                                        {
                                            "name": "KALAROA",
                                            "id": "2bbc4bea-0602-45d5-b8a7-347875b3e0c5",
                                            "state": {
                                                "id": "642a6748-942f-473d-96c6-a6c1b2e00e05",
                                                "name": "KHULNA"
                                            }
                                        },
                                        {
                                            "name": "DEBHATA",
                                            "id": "43ab5450-3fdf-48c5-af62-8eb39cc6bdbd",
                                            "state": {
                                                "id": "642a6748-942f-473d-96c6-a6c1b2e00e05",
                                                "name": "KHULNA"
                                            }
                                        },
                                        {
                                            "name": "SHYAMNAGAR",
                                            "id": "6c225dcc-fb72-4c69-8842-9e24ca8893b3",
                                            "state": {
                                                "id": "642a6748-942f-473d-96c6-a6c1b2e00e05",
                                                "name": "KHULNA"
                                            }
                                        },
                                        {
                                            "name": "TALA",
                                            "id": "9ba03b6b-a81e-460f-bc16-4070cf8853ce",
                                            "state": {
                                                "id": "642a6748-942f-473d-96c6-a6c1b2e00e05",
                                                "name": "KHULNA"
                                            }
                                        }
                                    ]
                                },
                                {
                                    "id": "8532a8c6-657b-43bc-8ed5-bd8d6ff60ace",
                                    "name": "RAJSHAHI",
                                    "upazilas": [
                                        {
                                            "name": "BAGMARA",
                                            "id": "f2ede638-eab8-4f99-8c6b-a210e841fd1d",
                                            "state": {
                                                "id": "d68c68d2-108e-4635-93d1-28c44525f178",
                                                "name": "RAJSHAHI"
                                            }
                                        },
                                        {
                                            "name": "MOHANPUR",
                                            "id": "7aaac890-91b5-403e-9e63-c3d143b36684",
                                            "state": {
                                                "id": "d68c68d2-108e-4635-93d1-28c44525f178",
                                                "name": "RAJSHAHI"
                                            }
                                        },
                                        {
                                            "name": "BAGHA",
                                            "id": "239db35c-a47a-4654-aa45-5b23ce80c442",
                                            "state": {
                                                "id": "d68c68d2-108e-4635-93d1-28c44525f178",
                                                "name": "RAJSHAHI"
                                            }
                                        },
                                        {
                                            "name": "GODAGARI",
                                            "id": "05d823af-b4fc-4dc6-a7c3-1327766addc8",
                                            "state": {
                                                "id": "d68c68d2-108e-4635-93d1-28c44525f178",
                                                "name": "RAJSHAHI"
                                            }
                                        },
                                        {
                                            "name": "PABA",
                                            "id": "7c7f7c74-c68b-4b89-b932-d8a3239bf9b7",
                                            "state": {
                                                "id": "d68c68d2-108e-4635-93d1-28c44525f178",
                                                "name": "RAJSHAHI"
                                            }
                                        },
                                        {
                                            "name": "TANORE",
                                            "id": "58c5cea6-ca41-4a91-a5fa-b9a5934401ac",
                                            "state": {
                                                "id": "d68c68d2-108e-4635-93d1-28c44525f178",
                                                "name": "RAJSHAHI"
                                            }
                                        },
                                        {
                                            "name": "CHARGHAT",
                                            "id": "aff4647e-2079-4cce-97b0-101fc74ae51b",
                                            "state": {
                                                "id": "d68c68d2-108e-4635-93d1-28c44525f178",
                                                "name": "RAJSHAHI"
                                            }
                                        },
                                        {
                                            "name": "DURGAPUR",
                                            "id": "4223b078-975d-44e9-9365-245f0cb05789",
                                            "state": {
                                                "id": "d68c68d2-108e-4635-93d1-28c44525f178",
                                                "name": "RAJSHAHI"
                                            }
                                        },
                                        {
                                            "name": "PUTHIA",
                                            "id": "2d476069-1315-4416-b9be-a0b422700c68",
                                            "state": {
                                                "id": "d68c68d2-108e-4635-93d1-28c44525f178",
                                                "name": "RAJSHAHI"
                                            }
                                        }
                                    ]
                                },
                                {
                                    "id": "d5260be7-24e7-4c50-9a49-0796cb51b216",
                                    "name": "CUMILLA",
                                    "upazilas": [
                                        {
                                            "name": "DAUDKANDI",
                                            "id": "c1e10c6b-deab-42cb-bdc5-c11244fff880",
                                            "state": {
                                                "id": "d4e8944a-6e8f-4d6e-a313-2228cfe9a567",
                                                "name": "CHITTAGONG"
                                            }
                                        },
                                        {
                                            "name": "DEBIDWAR",
                                            "id": "8226c704-027a-489c-abef-9a3758b49617",
                                            "state": {
                                                "id": "d4e8944a-6e8f-4d6e-a313-2228cfe9a567",
                                                "name": "CHITTAGONG"
                                            }
                                        },
                                        {
                                            "name": "BURICHONG",
                                            "id": "e6684874-0ce5-4f73-9eed-7b72049acf8d",
                                            "state": {
                                                "id": "d4e8944a-6e8f-4d6e-a313-2228cfe9a567",
                                                "name": "CHITTAGONG"
                                            }
                                        },
                                        {
                                            "name": "TITAS",
                                            "id": "b224fbca-58dd-4a13-a2bf-ac01636994e2",
                                            "state": {
                                                "id": "d4e8944a-6e8f-4d6e-a313-2228cfe9a567",
                                                "name": "CHITTAGONG"
                                            }
                                        },
                                        {
                                            "name": "CHANDINA",
                                            "id": "a5e4309c-694a-4781-aa98-f8ec016e4109",
                                            "state": {
                                                "id": "d4e8944a-6e8f-4d6e-a313-2228cfe9a567",
                                                "name": "CHITTAGONG"
                                            }
                                        },
                                        {
                                            "name": "LAKSAM",
                                            "id": "bca6900f-c079-4d77-8616-cd4416f42061",
                                            "state": {
                                                "id": "d4e8944a-6e8f-4d6e-a313-2228cfe9a567",
                                                "name": "CHITTAGONG"
                                            }
                                        },
                                        {
                                            "name": "BARURA",
                                            "id": "8d377f34-bb0c-4aca-82d3-fc9f396451e0",
                                            "state": {
                                                "id": "d4e8944a-6e8f-4d6e-a313-2228cfe9a567",
                                                "name": "CHITTAGONG"
                                            }
                                        },
                                        {
                                            "name": "MURADNAGAR",
                                            "id": "d088b585-95a1-4fac-86b4-0e3b436570d4",
                                            "state": {
                                                "id": "d4e8944a-6e8f-4d6e-a313-2228cfe9a567",
                                                "name": "CHITTAGONG"
                                            }
                                        },
                                        {
                                            "name": "MEGHNA",
                                            "id": "c0cfe679-e617-4907-ae22-20e0a4dd494b",
                                            "state": {
                                                "id": "d4e8944a-6e8f-4d6e-a313-2228cfe9a567",
                                                "name": "CHITTAGONG"
                                            }
                                        },
                                        {
                                            "name": "BRAHMANPARA",
                                            "id": "f35b2456-9e76-487c-a998-b51eb7a6eae4",
                                            "state": {
                                                "id": "d4e8944a-6e8f-4d6e-a313-2228cfe9a567",
                                                "name": "CHITTAGONG"
                                            }
                                        },
                                        {
                                            "name": "COMILLA_SADAR",
                                            "id": "6abbbc95-fa39-49c4-8127-1453fe90181c",
                                            "state": {
                                                "id": "d4e8944a-6e8f-4d6e-a313-2228cfe9a567",
                                                "name": "CHITTAGONG"
                                            }
                                        },
                                        {
                                            "name": "NANGALKOT",
                                            "id": "e9e0cac7-f5dd-44d5-b1e9-9e9e1166c478",
                                            "state": {
                                                "id": "d4e8944a-6e8f-4d6e-a313-2228cfe9a567",
                                                "name": "CHITTAGONG"
                                            }
                                        },
                                        {
                                            "name": "CHAUDDAGRAM",
                                            "id": "7c9eac52-0e2e-4867-b2ee-7c4cf3a1c643",
                                            "state": {
                                                "id": "d4e8944a-6e8f-4d6e-a313-2228cfe9a567",
                                                "name": "CHITTAGONG"
                                            }
                                        },
                                        {
                                            "name": "COMILLA_SADAR SOUTH",
                                            "id": "a8ea2db4-ee9b-4340-8537-83cd622292c2",
                                            "state": {
                                                "id": "d4e8944a-6e8f-4d6e-a313-2228cfe9a567",
                                                "name": "CHITTAGONG"
                                            }
                                        },
                                        {
                                            "name": "MONOHORGONJ",
                                            "id": "eabcbd1f-9f0e-494c-b8a3-16301fd6fa10",
                                            "state": {
                                                "id": "d4e8944a-6e8f-4d6e-a313-2228cfe9a567",
                                                "name": "CHITTAGONG"
                                            }
                                        },
                                        {
                                            "name": "HOMNA",
                                            "id": "07582306-d3c1-4cb1-b07e-23d0a4d62a5f",
                                            "state": {
                                                "id": "d4e8944a-6e8f-4d6e-a313-2228cfe9a567",
                                                "name": "CHITTAGONG"
                                            }
                                        }
                                    ]
                                },
                                {
                                    "id": "272e4693-e399-466a-b021-6728909093d3",
                                    "name": "BRAHMANBARIA",
                                    "upazilas": [
                                        {
                                            "name": "KASBA",
                                            "id": "4498e76d-1d3f-48af-9194-032e8d236b61",
                                            "state": {
                                                "id": "d4e8944a-6e8f-4d6e-a313-2228cfe9a567",
                                                "name": "CHITTAGONG"
                                            }
                                        },
                                        {
                                            "name": "BRAHMANBARIA_SADAR",
                                            "id": "4f269d37-5f46-460f-b145-ada17379cbfc",
                                            "state": {
                                                "id": "d4e8944a-6e8f-4d6e-a313-2228cfe9a567",
                                                "name": "CHITTAGONG"
                                            }
                                        },
                                        {
                                            "name": "ASHUGANJ",
                                            "id": "e5395c84-18d2-4543-a6ec-a707cfe81bcc",
                                            "state": {
                                                "id": "d4e8944a-6e8f-4d6e-a313-2228cfe9a567",
                                                "name": "CHITTAGONG"
                                            }
                                        },
                                        {
                                            "name": "BIJOYNAGAR",
                                            "id": "947631d1-8146-4df8-ae1e-4d04e7595de6",
                                            "state": {
                                                "id": "d4e8944a-6e8f-4d6e-a313-2228cfe9a567",
                                                "name": "CHITTAGONG"
                                            }
                                        },
                                        {
                                            "name": "BANCHARAMPUR",
                                            "id": "0db8bac6-d7d0-4100-869e-41ebe3eb92cd",
                                            "state": {
                                                "id": "d4e8944a-6e8f-4d6e-a313-2228cfe9a567",
                                                "name": "CHITTAGONG"
                                            }
                                        },
                                        {
                                            "name": "AKHAURA",
                                            "id": "5a302ebb-61a8-4e8c-8b59-6a7a49a7b201",
                                            "state": {
                                                "id": "d4e8944a-6e8f-4d6e-a313-2228cfe9a567",
                                                "name": "CHITTAGONG"
                                            }
                                        },
                                        {
                                            "name": "NASIRNAGAR",
                                            "id": "76484d2d-47cc-4c8b-99e1-24c94c3c330e",
                                            "state": {
                                                "id": "d4e8944a-6e8f-4d6e-a313-2228cfe9a567",
                                                "name": "CHITTAGONG"
                                            }
                                        },
                                        {
                                            "name": "NABINAGAR",
                                            "id": "84aeef02-dd01-48da-8468-ac1f5479bf70",
                                            "state": {
                                                "id": "d4e8944a-6e8f-4d6e-a313-2228cfe9a567",
                                                "name": "CHITTAGONG"
                                            }
                                        },
                                        {
                                            "name": "SARAIL",
                                            "id": "ba8e3375-d3cc-48f3-915c-9699081fa9d5",
                                            "state": {
                                                "id": "d4e8944a-6e8f-4d6e-a313-2228cfe9a567",
                                                "name": "CHITTAGONG"
                                            }
                                        },
                                        {
                                            "name": "SHAHBAZPUR TOWN",
                                            "id": "9aa10ffe-f68d-4c46-9994-04d746f5d1bc",
                                            "state": {
                                                "id": "d4e8944a-6e8f-4d6e-a313-2228cfe9a567",
                                                "name": "CHITTAGONG"
                                            }
                                        }
                                    ]
                                },
                                {
                                    "id": "3c67f19f-4e59-4fda-8503-117efa8b69d6",
                                    "name": "LAKSHMIPUR",
                                    "upazilas": [
                                        {
                                            "name": "RAMGATI",
                                            "id": "85171790-705a-43f5-ac34-99c2048f50f7",
                                            "state": {
                                                "id": "d4e8944a-6e8f-4d6e-a313-2228cfe9a567",
                                                "name": "CHITTAGONG"
                                            }
                                        },
                                        {
                                            "name": "RAIPUR",
                                            "id": "bed17fa7-df5e-41a3-905b-d4675de832ce",
                                            "state": {
                                                "id": "d4e8944a-6e8f-4d6e-a313-2228cfe9a567",
                                                "name": "CHITTAGONG"
                                            }
                                        },
                                        {
                                            "name": "LAKSHMIPUR_SADAR",
                                            "id": "2769623f-1de5-407a-8e77-ce987cbfc80e",
                                            "state": {
                                                "id": "d4e8944a-6e8f-4d6e-a313-2228cfe9a567",
                                                "name": "CHITTAGONG"
                                            }
                                        },
                                        {
                                            "name": "KOMOL NAGAR",
                                            "id": "7550df44-de22-487f-aa63-47fea04a985d",
                                            "state": {
                                                "id": "d4e8944a-6e8f-4d6e-a313-2228cfe9a567",
                                                "name": "CHITTAGONG"
                                            }
                                        },
                                        {
                                            "name": "RAMGANJ",
                                            "id": "b5ceb354-c53c-41c3-b9e5-83bf8be9ed17",
                                            "state": {
                                                "id": "d4e8944a-6e8f-4d6e-a313-2228cfe9a567",
                                                "name": "CHITTAGONG"
                                            }
                                        }
                                    ]
                                },
                                {
                                    "id": "1774b360-47d1-4c74-94f9-e92b49968263",
                                    "name": "NETROKONA",
                                    "upazilas": [
                                        {
                                            "name": "KALMAKANDA UPAZILLA",
                                            "id": "c06fd86e-e96d-4148-b393-c7a909eb6b5c",
                                            "state": {
                                                "id": "f6395340-53b2-4824-8252-ef3a164b8446",
                                                "name": "MAYMENSINGH"
                                            }
                                        },
                                        {
                                            "name": "MOHANGANJ UPAZILLA",
                                            "id": "8bdfbfde-f52f-4eda-a4dc-1ea70461cf15",
                                            "state": {
                                                "id": "f6395340-53b2-4824-8252-ef3a164b8446",
                                                "name": "MAYMENSINGH"
                                            }
                                        },
                                        {
                                            "name": "NETRAKONA-S UPAZILLA",
                                            "id": "8f6dd6df-f4b6-434f-a8d8-50363278501f",
                                            "state": {
                                                "id": "f6395340-53b2-4824-8252-ef3a164b8446",
                                                "name": "MAYMENSINGH"
                                            }
                                        },
                                        {
                                            "name": "BARHATTA UPAZILLA",
                                            "id": "98dd7d62-259b-4f9b-8bcb-c9b81440439b",
                                            "state": {
                                                "id": "f6395340-53b2-4824-8252-ef3a164b8446",
                                                "name": "MAYMENSINGH"
                                            }
                                        },
                                        {
                                            "name": "KHALIAJURI UPAZILLA",
                                            "id": "0a55806b-be24-484b-9c56-3b475d525ec3",
                                            "state": {
                                                "id": "f6395340-53b2-4824-8252-ef3a164b8446",
                                                "name": "MAYMENSINGH"
                                            }
                                        },
                                        {
                                            "name": "KENDUA UPAZILLA",
                                            "id": "0a227fd8-fa1a-437b-b3e8-80df07ce0127",
                                            "state": {
                                                "id": "f6395340-53b2-4824-8252-ef3a164b8446",
                                                "name": "MAYMENSINGH"
                                            }
                                        },
                                        {
                                            "name": "ATPARA UPAZILLA",
                                            "id": "0f88c435-a402-42a6-b543-fcaad9a10cf9",
                                            "state": {
                                                "id": "f6395340-53b2-4824-8252-ef3a164b8446",
                                                "name": "MAYMENSINGH"
                                            }
                                        },
                                        {
                                            "name": "PURBADHALA UPAZILLA",
                                            "id": "421e74d9-7bd0-4186-9468-99173c747a9a",
                                            "state": {
                                                "id": "f6395340-53b2-4824-8252-ef3a164b8446",
                                                "name": "MAYMENSINGH"
                                            }
                                        },
                                        {
                                            "name": "MADAN UPAZILLA",
                                            "id": "8a74093b-0358-4469-abcf-e179b122d97c",
                                            "state": {
                                                "id": "f6395340-53b2-4824-8252-ef3a164b8446",
                                                "name": "MAYMENSINGH"
                                            }
                                        },
                                        {
                                            "name": "DURGAPUR UPAZILLA",
                                            "id": "620df571-6ff3-4f42-9879-01d7fbd58664",
                                            "state": {
                                                "id": "f6395340-53b2-4824-8252-ef3a164b8446",
                                                "name": "MAYMENSINGH"
                                            }
                                        }
                                    ]
                                },
                                {
                                    "id": "f46364df-b16f-4916-9601-56bc37674090",
                                    "name": "MADARIPUR",
                                    "upazilas": [
                                        {
                                            "name": "RAJOIR",
                                            "id": "e93745bf-e56f-4059-9a47-0cdc7a6dd0e6",
                                            "state": {
                                                "id": "9c75a95b-9f42-4ca9-a152-78c492590a6f",
                                                "name": "DHAKA"
                                            }
                                        },
                                        {
                                            "name": "KALKINI",
                                            "id": "39b91e5b-54e0-4ef5-900c-0f260df1b12c",
                                            "state": {
                                                "id": "9c75a95b-9f42-4ca9-a152-78c492590a6f",
                                                "name": "DHAKA"
                                            }
                                        },
                                        {
                                            "name": "DASAR",
                                            "id": "3558fcad-3277-4d85-8b05-c4c39ad8add0",
                                            "state": {
                                                "id": "9c75a95b-9f42-4ca9-a152-78c492590a6f",
                                                "name": "DHAKA"
                                            }
                                        },
                                        {
                                            "name": "SHIBCHAR",
                                            "id": "2090422b-acad-447b-bdc5-f5df7813287d",
                                            "state": {
                                                "id": "9c75a95b-9f42-4ca9-a152-78c492590a6f",
                                                "name": "DHAKA"
                                            }
                                        },
                                        {
                                            "name": "MADARIPUR_SADAR",
                                            "id": "a0368a52-0c1a-4ca6-8c6f-3bddda0602bf",
                                            "state": {
                                                "id": "9c75a95b-9f42-4ca9-a152-78c492590a6f",
                                                "name": "DHAKA"
                                            }
                                        }
                                    ]
                                },
                                {
                                    "id": "03394485-abb0-4a8f-b928-9b986ca6cd35",
                                    "name": "NARAYANGANJ",
                                    "upazilas": [
                                        {
                                            "name": "NARYANGANJ_SADAR",
                                            "id": "204bc228-4838-4831-86c1-83fddbab206c",
                                            "state": {
                                                "id": "9c75a95b-9f42-4ca9-a152-78c492590a6f",
                                                "name": "DHAKA"
                                            }
                                        },
                                        {
                                            "name": "SONARGAON",
                                            "id": "f49e5635-d73c-4cea-83ee-5de520c1ceb3",
                                            "state": {
                                                "id": "9c75a95b-9f42-4ca9-a152-78c492590a6f",
                                                "name": "DHAKA"
                                            }
                                        },
                                        {
                                            "name": "ARAIHAZAR",
                                            "id": "5b715c3d-64d6-4144-81a2-c9c3222c3583",
                                            "state": {
                                                "id": "9c75a95b-9f42-4ca9-a152-78c492590a6f",
                                                "name": "DHAKA"
                                            }
                                        },
                                        {
                                            "name": "BANDAR",
                                            "id": "f745e13a-9ff7-4b1f-a370-3706ed8fe794",
                                            "state": {
                                                "id": "9c75a95b-9f42-4ca9-a152-78c492590a6f",
                                                "name": "DHAKA"
                                            }
                                        },
                                        {
                                            "name": "RUPGANJ",
                                            "id": "850fc0af-59a8-4beb-aeb5-f9d2a33fae32",
                                            "state": {
                                                "id": "9c75a95b-9f42-4ca9-a152-78c492590a6f",
                                                "name": "DHAKA"
                                            }
                                        },
                                        {
                                            "name": "SIDDIRGONJ",
                                            "id": "eb803c77-6bd5-4485-8984-cefc09569d46",
                                            "state": {
                                                "id": "9c75a95b-9f42-4ca9-a152-78c492590a6f",
                                                "name": "DHAKA"
                                            }
                                        }
                                    ]
                                },
                                {
                                    "id": "6988fbb2-ec1a-483e-b38d-b444db1232e4",
                                    "name": "GAZIPUR",
                                    "upazilas": [
                                        {
                                            "name": "SRIPUR",
                                            "id": "ff0b71cd-078d-4b86-bbfc-277f9e7831bd",
                                            "state": {
                                                "id": "9c75a95b-9f42-4ca9-a152-78c492590a6f",
                                                "name": "DHAKA"
                                            }
                                        },
                                        {
                                            "name": "KALIAKIOR",
                                            "id": "38522ca1-1e56-4afb-8e22-9fb942025670",
                                            "state": {
                                                "id": "9c75a95b-9f42-4ca9-a152-78c492590a6f",
                                                "name": "DHAKA"
                                            }
                                        },
                                        {
                                            "name": "TONGI",
                                            "id": "7d80f457-b9e9-4264-838e-5b085f402e99",
                                            "state": {
                                                "id": "9c75a95b-9f42-4ca9-a152-78c492590a6f",
                                                "name": "DHAKA"
                                            }
                                        },
                                        {
                                            "name": "KAPASIA",
                                            "id": "90c13f9e-25c6-41cc-aecc-da6ec1adf439",
                                            "state": {
                                                "id": "9c75a95b-9f42-4ca9-a152-78c492590a6f",
                                                "name": "DHAKA"
                                            }
                                        },
                                        {
                                            "name": "GAZIPUR_SADAR-JOYDEBPUR",
                                            "id": "9de27df1-812c-47be-a756-66b298a15281",
                                            "state": {
                                                "id": "9c75a95b-9f42-4ca9-a152-78c492590a6f",
                                                "name": "DHAKA"
                                            }
                                        }
                                    ]
                                },
                                {
                                    "id": "3e56df9f-26ae-4ec2-9d75-cbe655ee5fcd",
                                    "name": "NAWABGANJ",
                                    "upazilas": [
                                        {
                                            "name": "SHIBGANJ",
                                            "id": "5a69a253-29cc-437b-bd7f-765f9020b05c",
                                            "state": {
                                                "id": "d68c68d2-108e-4635-93d1-28c44525f178",
                                                "name": "RAJSHAHI"
                                            }
                                        },
                                        {
                                            "name": "NAWABGANJ_SADAR",
                                            "id": "38cf4ab6-34d7-4822-81c9-cf35860c09eb",
                                            "state": {
                                                "id": "d68c68d2-108e-4635-93d1-28c44525f178",
                                                "name": "RAJSHAHI"
                                            }
                                        },
                                        {
                                            "name": "BHOLAHAT",
                                            "id": "1fc07589-90dc-4484-91b3-b7aa6ea120c7",
                                            "state": {
                                                "id": "d68c68d2-108e-4635-93d1-28c44525f178",
                                                "name": "RAJSHAHI"
                                            }
                                        },
                                        {
                                            "name": "GOMASTAPUR",
                                            "id": "e02d73bf-e86e-49c6-a88f-386dba2e77f5",
                                            "state": {
                                                "id": "d68c68d2-108e-4635-93d1-28c44525f178",
                                                "name": "RAJSHAHI"
                                            }
                                        },
                                        {
                                            "name": "NACHOLE",
                                            "id": "ef4efc17-4d51-42ad-ab19-ad9ca8825334",
                                            "state": {
                                                "id": "d68c68d2-108e-4635-93d1-28c44525f178",
                                                "name": "RAJSHAHI"
                                            }
                                        }
                                    ]
                                },
                                {
                                    "id": "d9ba4812-1282-44de-9f59-c343ec5d1623",
                                    "name": "HABIGANJ",
                                    "upazilas": [
                                        {
                                            "name": "MADHABPUR",
                                            "id": "6b3a6f8c-2a46-4f42-9eec-ca4dce6db8d1",
                                            "state": {
                                                "id": "2f2f0cc1-587a-4dad-a3f0-83c0bac697ec",
                                                "name": "SYLHET"
                                            }
                                        },
                                        {
                                            "name": "AJMIRIGANJ",
                                            "id": "fe078d20-cdd6-4505-987f-75724794fc60",
                                            "state": {
                                                "id": "2f2f0cc1-587a-4dad-a3f0-83c0bac697ec",
                                                "name": "SYLHET"
                                            }
                                        },
                                        {
                                            "name": "HABIGANJ_SADAR",
                                            "id": "9abb2827-c6bf-4dff-88ba-08a8f443de07",
                                            "state": {
                                                "id": "2f2f0cc1-587a-4dad-a3f0-83c0bac697ec",
                                                "name": "SYLHET"
                                            }
                                        },
                                        {
                                            "name": "SHAISTAGONJ",
                                            "id": "7b1ffaa0-17d4-41aa-8a09-ef548e1ed0d3",
                                            "state": {
                                                "id": "2f2f0cc1-587a-4dad-a3f0-83c0bac697ec",
                                                "name": "SYLHET"
                                            }
                                        },
                                        {
                                            "name": "CHUNARUGHAT",
                                            "id": "e93527a1-bc76-4c94-9a0b-a1bf1ffeb2d9",
                                            "state": {
                                                "id": "2f2f0cc1-587a-4dad-a3f0-83c0bac697ec",
                                                "name": "SYLHET"
                                            }
                                        },
                                        {
                                            "name": "LAKHAI",
                                            "id": "63cbbda9-fd2e-4571-88a4-5ee93002ece0",
                                            "state": {
                                                "id": "2f2f0cc1-587a-4dad-a3f0-83c0bac697ec",
                                                "name": "SYLHET"
                                            }
                                        },
                                        {
                                            "name": "BANIACHANG",
                                            "id": "3c4a572a-fa59-4f9a-bb18-c3452a160f07",
                                            "state": {
                                                "id": "2f2f0cc1-587a-4dad-a3f0-83c0bac697ec",
                                                "name": "SYLHET"
                                            }
                                        },
                                        {
                                            "name": "BAHUBAL",
                                            "id": "0cc7bd46-ff4a-4097-8624-86a54e58635a",
                                            "state": {
                                                "id": "2f2f0cc1-587a-4dad-a3f0-83c0bac697ec",
                                                "name": "SYLHET"
                                            }
                                        },
                                        {
                                            "name": "NABIGANJ",
                                            "id": "753f6651-0ca3-4a21-8edc-9a33086ba51e",
                                            "state": {
                                                "id": "2f2f0cc1-587a-4dad-a3f0-83c0bac697ec",
                                                "name": "SYLHET"
                                            }
                                        }
                                    ]
                                },
                                {
                                    "id": "aec90468-bdf5-4909-9603-7fb165dd34b0",
                                    "name": "BANDARBAN",
                                    "upazilas": [
                                        {
                                            "name": "BANDARBAN_SADAR",
                                            "id": "29593331-9a0e-411b-b8dc-a3d3d92eb941",
                                            "state": {
                                                "id": "d4e8944a-6e8f-4d6e-a313-2228cfe9a567",
                                                "name": "CHITTAGONG"
                                            }
                                        },
                                        {
                                            "name": "LAMA",
                                            "id": "2e0b2174-f8fd-4253-8c0a-70683d748a3f",
                                            "state": {
                                                "id": "d4e8944a-6e8f-4d6e-a313-2228cfe9a567",
                                                "name": "CHITTAGONG"
                                            }
                                        },
                                        {
                                            "name": "ALI KADAM",
                                            "id": "9fde9ce1-993f-4259-91e7-3b98a24e8761",
                                            "state": {
                                                "id": "d4e8944a-6e8f-4d6e-a313-2228cfe9a567",
                                                "name": "CHITTAGONG"
                                            }
                                        },
                                        {
                                            "name": "ROWANGCHHARI",
                                            "id": "276ee236-ded6-41ca-8e0a-f78e67d2b3da",
                                            "state": {
                                                "id": "d4e8944a-6e8f-4d6e-a313-2228cfe9a567",
                                                "name": "CHITTAGONG"
                                            }
                                        },
                                        {
                                            "name": "THANCHI",
                                            "id": "03e46154-e64f-46e4-a1ec-e85ddf107787",
                                            "state": {
                                                "id": "d4e8944a-6e8f-4d6e-a313-2228cfe9a567",
                                                "name": "CHITTAGONG"
                                            }
                                        },
                                        {
                                            "name": "RUMA",
                                            "id": "1151bfe0-da1f-4b1f-b114-4bf1d90d22cc",
                                            "state": {
                                                "id": "d4e8944a-6e8f-4d6e-a313-2228cfe9a567",
                                                "name": "CHITTAGONG"
                                            }
                                        },
                                        {
                                            "name": "NAIKHONGCHHARI",
                                            "id": "6a91aef8-e8f4-4a6d-ba56-d0c2dc7c1825",
                                            "state": {
                                                "id": "d4e8944a-6e8f-4d6e-a313-2228cfe9a567",
                                                "name": "CHITTAGONG"
                                            }
                                        }
                                    ]
                                },
                                {
                                    "id": "c73a2eed-dabd-4afe-8697-b61c7660367c",
                                    "name": "SYLHET",
                                    "upazilas": [
                                        {
                                            "name": "COMPANIGANJ",
                                            "id": "31e28b0b-7ebc-421d-b4ba-639b9ca7cb53",
                                            "state": {
                                                "id": "2f2f0cc1-587a-4dad-a3f0-83c0bac697ec",
                                                "name": "SYLHET"
                                            }
                                        },
                                        {
                                            "name": "SYLHET_SADAR",
                                            "id": "a34f0b38-18e8-4262-86b2-1651bb537760",
                                            "state": {
                                                "id": "2f2f0cc1-587a-4dad-a3f0-83c0bac697ec",
                                                "name": "SYLHET"
                                            }
                                        },
                                        {
                                            "name": "BISHWANATH",
                                            "id": "d6ba0515-8d7b-4bfb-98c2-106a38549130",
                                            "state": {
                                                "id": "2f2f0cc1-587a-4dad-a3f0-83c0bac697ec",
                                                "name": "SYLHET"
                                            }
                                        },
                                        {
                                            "name": "KANAIGHAT",
                                            "id": "e031ef05-3d43-4ad6-b6f1-b773fbb9096d",
                                            "state": {
                                                "id": "2f2f0cc1-587a-4dad-a3f0-83c0bac697ec",
                                                "name": "SYLHET"
                                            }
                                        },
                                        {
                                            "name": "GOLAPGANJ",
                                            "id": "210156d5-afd9-4bd0-a11a-b9a4c5cbbdbc",
                                            "state": {
                                                "id": "2f2f0cc1-587a-4dad-a3f0-83c0bac697ec",
                                                "name": "SYLHET"
                                            }
                                        },
                                        {
                                            "name": "GOWAINGHAT",
                                            "id": "2dd4daf8-43b6-482d-a890-2bb2a70e8991",
                                            "state": {
                                                "id": "2f2f0cc1-587a-4dad-a3f0-83c0bac697ec",
                                                "name": "SYLHET"
                                            }
                                        },
                                        {
                                            "name": "ZAKIGANJ",
                                            "id": "30f4b678-fdec-482d-8f8a-e26c346f26ad",
                                            "state": {
                                                "id": "2f2f0cc1-587a-4dad-a3f0-83c0bac697ec",
                                                "name": "SYLHET"
                                            }
                                        },
                                        {
                                            "name": "JAINTIAPUR",
                                            "id": "8f86c696-7e8e-44a4-91cf-6561dd174a18",
                                            "state": {
                                                "id": "2f2f0cc1-587a-4dad-a3f0-83c0bac697ec",
                                                "name": "SYLHET"
                                            }
                                        },
                                        {
                                            "name": "DAKSHIN SURMA",
                                            "id": "ff180545-ebf0-481f-827b-2fa7cd6ee10b",
                                            "state": {
                                                "id": "2f2f0cc1-587a-4dad-a3f0-83c0bac697ec",
                                                "name": "SYLHET"
                                            }
                                        },
                                        {
                                            "name": "FENCHUGANJ",
                                            "id": "adaf36ec-689f-4591-b29c-8677a4e45f9e",
                                            "state": {
                                                "id": "2f2f0cc1-587a-4dad-a3f0-83c0bac697ec",
                                                "name": "SYLHET"
                                            }
                                        },
                                        {
                                            "name": "NOBIGONJ",
                                            "id": "c04977f2-7416-40cf-9c90-d828a9e789d5",
                                            "state": {
                                                "id": "2f2f0cc1-587a-4dad-a3f0-83c0bac697ec",
                                                "name": "SYLHET"
                                            }
                                        },
                                        {
                                            "name": "BEANIBAZAR",
                                            "id": "e5334066-cdb3-4529-a7a7-6cc3a6160265",
                                            "state": {
                                                "id": "2f2f0cc1-587a-4dad-a3f0-83c0bac697ec",
                                                "name": "SYLHET"
                                            }
                                        },
                                        {
                                            "name": "BALAGANJ",
                                            "id": "d92a9983-9313-470e-80da-9f025ed17212",
                                            "state": {
                                                "id": "2f2f0cc1-587a-4dad-a3f0-83c0bac697ec",
                                                "name": "SYLHET"
                                            }
                                        }
                                    ]
                                },
                                {
                                    "id": "86d79ef2-dc45-4d2d-8e54-fad70c79b647",
                                    "name": "PIROJPUR",
                                    "upazilas": [
                                        {
                                            "name": "NAZIRPUR",
                                            "id": "d7844a35-f652-4b30-925b-194f2396958d",
                                            "state": {
                                                "id": "5cbbb439-96e7-4f60-bf2f-abddd0d03e7e",
                                                "name": "BARISAL"
                                            }
                                        },
                                        {
                                            "name": "MATHBARIA",
                                            "id": "8e328e74-3026-4e46-8e67-fc37ce651dfe",
                                            "state": {
                                                "id": "5cbbb439-96e7-4f60-bf2f-abddd0d03e7e",
                                                "name": "BARISAL"
                                            }
                                        },
                                        {
                                            "name": "BHANDARIA",
                                            "id": "6c758ead-5526-424d-9228-1fc826c3c76e",
                                            "state": {
                                                "id": "5cbbb439-96e7-4f60-bf2f-abddd0d03e7e",
                                                "name": "BARISAL"
                                            }
                                        },
                                        {
                                            "name": "ZIANAGAR",
                                            "id": "316d4e46-74dc-458f-8750-e3643592b032",
                                            "state": {
                                                "id": "5cbbb439-96e7-4f60-bf2f-abddd0d03e7e",
                                                "name": "BARISAL"
                                            }
                                        },
                                        {
                                            "name": "PIROJPUR_SADAR",
                                            "id": "c98de406-4053-41d1-b72e-479d07b91a94",
                                            "state": {
                                                "id": "5cbbb439-96e7-4f60-bf2f-abddd0d03e7e",
                                                "name": "BARISAL"
                                            }
                                        },
                                        {
                                            "name": "NESARABAD",
                                            "id": "7dca70fe-76a9-4517-96bd-961f4a82c401",
                                            "state": {
                                                "id": "5cbbb439-96e7-4f60-bf2f-abddd0d03e7e",
                                                "name": "BARISAL"
                                            }
                                        }
                                    ]
                                },
                                {
                                    "id": "faeca4b5-c49e-4522-9d6b-b1f1786d3fe4",
                                    "name": "MEHERPUR",
                                    "upazilas": [
                                        {
                                            "name": "ANGNI",
                                            "id": "8dc5d275-9329-47d9-af59-fcad6d54bf3b",
                                            "state": {
                                                "id": "642a6748-942f-473d-96c6-a6c1b2e00e05",
                                                "name": "KHULNA"
                                            }
                                        },
                                        {
                                            "name": "MEHERPUR-S",
                                            "id": "90ee1389-ade9-47fd-b25b-0210a778cbb7",
                                            "state": {
                                                "id": "642a6748-942f-473d-96c6-a6c1b2e00e05",
                                                "name": "KHULNA"
                                            }
                                        },
                                        {
                                            "name": "MUJIB NAGAR",
                                            "id": "5d4ba578-bd32-4c79-9211-573b9174c19c",
                                            "state": {
                                                "id": "642a6748-942f-473d-96c6-a6c1b2e00e05",
                                                "name": "KHULNA"
                                            }
                                        }
                                    ]
                                },
                                {
                                    "id": "c9ee4e88-6a9e-4dca-a376-e34b12b08a7c",
                                    "name": "MAULVIBAZAR",
                                    "upazilas": [
                                        {
                                            "name": "RAJNAGAR",
                                            "id": "7d51ce73-16fe-47cf-ba03-0c064ccc14f0",
                                            "state": {
                                                "id": "2f2f0cc1-587a-4dad-a3f0-83c0bac697ec",
                                                "name": "SYLHET"
                                            }
                                        },
                                        {
                                            "name": "BARLEKHA",
                                            "id": "4787d06c-b9e4-43b1-80ef-21623028b031",
                                            "state": {
                                                "id": "2f2f0cc1-587a-4dad-a3f0-83c0bac697ec",
                                                "name": "SYLHET"
                                            }
                                        },
                                        {
                                            "name": "KULAURA",
                                            "id": "bd871dd2-4f8d-4c28-8d67-775939289225",
                                            "state": {
                                                "id": "2f2f0cc1-587a-4dad-a3f0-83c0bac697ec",
                                                "name": "SYLHET"
                                            }
                                        },
                                        {
                                            "name": "JURI",
                                            "id": "77753183-cece-4b78-85f7-fbb30b55cda4",
                                            "state": {
                                                "id": "2f2f0cc1-587a-4dad-a3f0-83c0bac697ec",
                                                "name": "SYLHET"
                                            }
                                        },
                                        {
                                            "name": "SREEMANGAL",
                                            "id": "8ee98bba-fc39-4bb2-9d83-e357a620b424",
                                            "state": {
                                                "id": "2f2f0cc1-587a-4dad-a3f0-83c0bac697ec",
                                                "name": "SYLHET"
                                            }
                                        },
                                        {
                                            "name": "KAMALGANJ",
                                            "id": "11e746ba-02ec-4142-9177-6740d9a5c6f9",
                                            "state": {
                                                "id": "2f2f0cc1-587a-4dad-a3f0-83c0bac697ec",
                                                "name": "SYLHET"
                                            }
                                        },
                                        {
                                            "name": "MOULVIBAZAR_SADAR",
                                            "id": "fb364596-f586-4335-9ab7-c7ab0104689f",
                                            "state": {
                                                "id": "2f2f0cc1-587a-4dad-a3f0-83c0bac697ec",
                                                "name": "SYLHET"
                                            }
                                        }
                                    ]
                                },
                                {
                                    "id": "1319d89d-5fb0-41b9-bdb5-05339617a6fa",
                                    "name": "SHERPUR",
                                    "upazilas": [
                                        {
                                            "name": "NAKLA",
                                            "id": "864fc566-3981-4a3a-b47a-bb549d6697f4",
                                            "state": {
                                                "id": "f6395340-53b2-4824-8252-ef3a164b8446",
                                                "name": "MAYMENSINGH"
                                            }
                                        },
                                        {
                                            "name": "JHENAIGATI",
                                            "id": "880b10a0-05da-46be-bf3e-354aac03cab7",
                                            "state": {
                                                "id": "f6395340-53b2-4824-8252-ef3a164b8446",
                                                "name": "MAYMENSINGH"
                                            }
                                        },
                                        {
                                            "name": "SREEBARDI",
                                            "id": "9f257f25-c5d3-471b-8364-62ce7eb59dfc",
                                            "state": {
                                                "id": "f6395340-53b2-4824-8252-ef3a164b8446",
                                                "name": "MAYMENSINGH"
                                            }
                                        },
                                        {
                                            "name": "SHERPUR_SADAR",
                                            "id": "cd07db73-b66e-456a-825f-81fc08cf337a",
                                            "state": {
                                                "id": "f6395340-53b2-4824-8252-ef3a164b8446",
                                                "name": "MAYMENSINGH"
                                            }
                                        },
                                        {
                                            "name": "NALITABARI",
                                            "id": "37c7e577-eeb5-4df5-877f-7ccee900a891",
                                            "state": {
                                                "id": "f6395340-53b2-4824-8252-ef3a164b8446",
                                                "name": "MAYMENSINGH"
                                            }
                                        }
                                    ]
                                },
                                {
                                    "id": "f9c3c547-adb4-4e53-a2a8-70bd5b31e3d7",
                                    "name": "FARIDPUR",
                                    "upazilas": [
                                        {
                                            "name": "CHARBHADRASAN",
                                            "id": "babc9507-275e-4611-ba34-4a080f4d42a8",
                                            "state": {
                                                "id": "9c75a95b-9f42-4ca9-a152-78c492590a6f",
                                                "name": "DHAKA"
                                            }
                                        },
                                        {
                                            "name": "FARIDPUR_SADAR",
                                            "id": "5f3eccfd-b863-4ccf-8c18-ad32f99e2859",
                                            "state": {
                                                "id": "9c75a95b-9f42-4ca9-a152-78c492590a6f",
                                                "name": "DHAKA"
                                            }
                                        },
                                        {
                                            "name": "ALFADANGA",
                                            "id": "259fd208-67c5-42b8-b98a-aa4a39290da5",
                                            "state": {
                                                "id": "9c75a95b-9f42-4ca9-a152-78c492590a6f",
                                                "name": "DHAKA"
                                            }
                                        },
                                        {
                                            "name": "Faridpur Sadar",
                                            "id": "99ac95fe-a484-448c-b9d8-5c9200b273e3",
                                            "state": {
                                                "id": "9c75a95b-9f42-4ca9-a152-78c492590a6f",
                                                "name": "DHAKA"
                                            }
                                        },
                                        {
                                            "name": "SADARPUR",
                                            "id": "f518eb87-fa45-438b-ac13-2415f3faea91",
                                            "state": {
                                                "id": "9c75a95b-9f42-4ca9-a152-78c492590a6f",
                                                "name": "DHAKA"
                                            }
                                        },
                                        {
                                            "name": "BHANGA",
                                            "id": "ed2d07c1-11c0-4f41-b499-fde54429851f",
                                            "state": {
                                                "id": "9c75a95b-9f42-4ca9-a152-78c492590a6f",
                                                "name": "DHAKA"
                                            }
                                        },
                                        {
                                            "name": "MADHUKHALI",
                                            "id": "6b341b59-641e-4db0-8dc0-2ce74ae664e9",
                                            "state": {
                                                "id": "9c75a95b-9f42-4ca9-a152-78c492590a6f",
                                                "name": "DHAKA"
                                            }
                                        },
                                        {
                                            "name": "NAGARKANDA",
                                            "id": "4d6dd97f-3b4c-4d48-8502-2f6e2c7c9274",
                                            "state": {
                                                "id": "9c75a95b-9f42-4ca9-a152-78c492590a6f",
                                                "name": "DHAKA"
                                            }
                                        },
                                        {
                                            "name": "BOALMARI",
                                            "id": "953e90ab-0015-4e6e-aa42-3d139c026a5d",
                                            "state": {
                                                "id": "9c75a95b-9f42-4ca9-a152-78c492590a6f",
                                                "name": "DHAKA"
                                            }
                                        },
                                        {
                                            "name": "SHALTHA",
                                            "id": "b67e6c94-f523-4359-a2a8-335a8d8dd43c",
                                            "state": {
                                                "id": "9c75a95b-9f42-4ca9-a152-78c492590a6f",
                                                "name": "DHAKA"
                                            }
                                        }
                                    ]
                                },
                                {
                                    "id": "8fdce543-067c-4c21-8ed2-f19c3fdf215b",
                                    "name": "NILPHAMARI",
                                    "upazilas": [
                                        {
                                            "name": "NILPHAMARI_SADAR",
                                            "id": "23cf2816-4cb3-4159-bb93-52a3fd781c00",
                                            "state": {
                                                "id": "b8c19906-b4fc-4745-ac93-af957934136b",
                                                "name": "RANGPUR"
                                            }
                                        },
                                        {
                                            "name": "JALDHAKA",
                                            "id": "623722ab-fa63-40cb-87d2-30f7b9f0b66b",
                                            "state": {
                                                "id": "b8c19906-b4fc-4745-ac93-af957934136b",
                                                "name": "RANGPUR"
                                            }
                                        },
                                        {
                                            "name": "DOMAR",
                                            "id": "a776cc51-7370-493a-a772-ccd1b0b20855",
                                            "state": {
                                                "id": "b8c19906-b4fc-4745-ac93-af957934136b",
                                                "name": "RANGPUR"
                                            }
                                        },
                                        {
                                            "name": "KISHOREGANJ",
                                            "id": "1deadcdb-a5f3-475b-95be-108a1046f978",
                                            "state": {
                                                "id": "b8c19906-b4fc-4745-ac93-af957934136b",
                                                "name": "RANGPUR"
                                            }
                                        },
                                        {
                                            "name": "SAIDPUR",
                                            "id": "a232edd2-b19a-4344-8c76-4ebd7090457a",
                                            "state": {
                                                "id": "b8c19906-b4fc-4745-ac93-af957934136b",
                                                "name": "RANGPUR"
                                            }
                                        },
                                        {
                                            "name": "DIMLA",
                                            "id": "1c92cece-1653-45ac-a086-24e8d852b562",
                                            "state": {
                                                "id": "b8c19906-b4fc-4745-ac93-af957934136b",
                                                "name": "RANGPUR"
                                            }
                                        }
                                    ]
                                },
                                {
                                    "id": "739583dc-519d-49b0-9582-d798a027ca79",
                                    "name": "COX'S BAZAR",
                                    "upazilas": [
                                        {
                                            "name": "COXS BAZAR SADAR",
                                            "id": "38c08333-395d-4aa8-86c0-8caea9a52c76",
                                            "state": {
                                                "id": "d4e8944a-6e8f-4d6e-a313-2228cfe9a567",
                                                "name": "CHITTAGONG"
                                            }
                                        },
                                        {
                                            "name": "TEKNAF",
                                            "id": "d41283c5-bca6-405f-8acf-e68e68e73308",
                                            "state": {
                                                "id": "d4e8944a-6e8f-4d6e-a313-2228cfe9a567",
                                                "name": "CHITTAGONG"
                                            }
                                        },
                                        {
                                            "name": "CHAKARIA",
                                            "id": "7a82b092-c530-4b72-985a-6e7c61a4f69f",
                                            "state": {
                                                "id": "d4e8944a-6e8f-4d6e-a313-2228cfe9a567",
                                                "name": "CHITTAGONG"
                                            }
                                        },
                                        {
                                            "name": "RAMU",
                                            "id": "529c05f5-dbc9-4442-9600-6debc27754d3",
                                            "state": {
                                                "id": "d4e8944a-6e8f-4d6e-a313-2228cfe9a567",
                                                "name": "CHITTAGONG"
                                            }
                                        },
                                        {
                                            "name": "EIDGAON",
                                            "id": "56f91627-c045-4618-b933-805104e9ed1f",
                                            "state": {
                                                "id": "d4e8944a-6e8f-4d6e-a313-2228cfe9a567",
                                                "name": "CHITTAGONG"
                                            }
                                        },
                                        {
                                            "name": "UKHIA",
                                            "id": "66dc64de-4a0b-4c4a-a6c8-80b63c9a3c75",
                                            "state": {
                                                "id": "d4e8944a-6e8f-4d6e-a313-2228cfe9a567",
                                                "name": "CHITTAGONG"
                                            }
                                        },
                                        {
                                            "name": "PEKUA",
                                            "id": "d01cb26d-4cfe-4017-a7c2-e9fdc0d8e2df",
                                            "state": {
                                                "id": "d4e8944a-6e8f-4d6e-a313-2228cfe9a567",
                                                "name": "CHITTAGONG"
                                            }
                                        },
                                        {
                                            "name": "MAHESHKHALI",
                                            "id": "c2ebc5a8-aaf2-4b98-a059-8beb05b34bdd",
                                            "state": {
                                                "id": "d4e8944a-6e8f-4d6e-a313-2228cfe9a567",
                                                "name": "CHITTAGONG"
                                            }
                                        },
                                        {
                                            "name": "KUTUBDIA",
                                            "id": "8f731bf7-fbb2-4b70-9e47-6d3d0d415d5d",
                                            "state": {
                                                "id": "d4e8944a-6e8f-4d6e-a313-2228cfe9a567",
                                                "name": "CHITTAGONG"
                                            }
                                        }
                                    ]
                                },
                                {
                                    "id": "2e26f8c1-97a7-44fc-9090-22af4de4ac9e",
                                    "name": "DHAKA",
                                    "upazilas": [
                                        {
                                            "name": "KERANIGANJ",
                                            "id": "37fa6ec5-6a13-4a35-b5c6-674b507edc01",
                                            "state": {
                                                "id": "9c75a95b-9f42-4ca9-a152-78c492590a6f",
                                                "name": "DHAKA"
                                            }
                                        },
                                        {
                                            "name": "DHAMRAI",
                                            "id": "9f2f6c8f-663f-4416-a1a7-1c59abb3852a",
                                            "state": {
                                                "id": "9c75a95b-9f42-4ca9-a152-78c492590a6f",
                                                "name": "DHAKA"
                                            }
                                        },
                                        {
                                            "name": "SAVAR",
                                            "id": "1a6db9e6-f058-4a33-a404-f7825a11a530",
                                            "state": {
                                                "id": "9c75a95b-9f42-4ca9-a152-78c492590a6f",
                                                "name": "DHAKA"
                                            }
                                        },
                                        {
                                            "name": "DOHAR",
                                            "id": "eaad1c5c-5972-4dd5-a18c-734fbadb8864",
                                            "state": {
                                                "id": "9c75a95b-9f42-4ca9-a152-78c492590a6f",
                                                "name": "DHAKA"
                                            }
                                        }
                                    ]
                                },
                                {
                                    "id": "f25de2cd-5ed8-44a8-9ae0-7d65c232f423",
                                    "name": "JAMALPUR",
                                    "upazilas": [
                                        {
                                            "name": "MELANDAHA",
                                            "id": "e5a81703-97d0-479b-a4fd-22a3a602697f",
                                            "state": {
                                                "id": "f6395340-53b2-4824-8252-ef3a164b8446",
                                                "name": "MAYMENSINGH"
                                            }
                                        },
                                        {
                                            "name": "NARUNDI POLICE I.C",
                                            "id": "c7710b29-c844-4892-9108-d73148cda29c",
                                            "state": {
                                                "id": "f6395340-53b2-4824-8252-ef3a164b8446",
                                                "name": "MAYMENSINGH"
                                            }
                                        },
                                        {
                                            "name": "ISLAMPUR",
                                            "id": "aedbc063-13ca-4e20-8357-eb22e8936000",
                                            "state": {
                                                "id": "f6395340-53b2-4824-8252-ef3a164b8446",
                                                "name": "MAYMENSINGH"
                                            }
                                        },
                                        {
                                            "name": "DEWANGANJ",
                                            "id": "1cc6d50f-87e6-4dd4-8a6e-9490a827621b",
                                            "state": {
                                                "id": "f6395340-53b2-4824-8252-ef3a164b8446",
                                                "name": "MAYMENSINGH"
                                            }
                                        },
                                        {
                                            "name": "JAMALPUR_SADAR",
                                            "id": "084e0df5-fe78-46ce-a473-939b9333bf40",
                                            "state": {
                                                "id": "f6395340-53b2-4824-8252-ef3a164b8446",
                                                "name": "MAYMENSINGH"
                                            }
                                        },
                                        {
                                            "name": "MADARGANJ",
                                            "id": "4782f9bd-aede-453f-8c96-7e2e10e8255b",
                                            "state": {
                                                "id": "f6395340-53b2-4824-8252-ef3a164b8446",
                                                "name": "MAYMENSINGH"
                                            }
                                        },
                                        {
                                            "name": "BAKSIGANJ",
                                            "id": "209bc080-4acc-4ac4-a88c-0ebc92355a2c",
                                            "state": {
                                                "id": "f6395340-53b2-4824-8252-ef3a164b8446",
                                                "name": "MAYMENSINGH"
                                            }
                                        },
                                        {
                                            "name": "SARISHABARI",
                                            "id": "c9d83f61-fe43-402a-9e0b-7f4df5cbe0e2",
                                            "state": {
                                                "id": "f6395340-53b2-4824-8252-ef3a164b8446",
                                                "name": "MAYMENSINGH"
                                            }
                                        }
                                    ]
                                },
                                {
                                    "id": "468da8cf-58f1-426f-ae73-d9554f7f71f6",
                                    "name": "NOAKHALI",
                                    "upazilas": [
                                        {
                                            "name": "COMPANYGANJ",
                                            "id": "87c2d2fe-377e-4bb3-aa56-93c5eb46ce99",
                                            "state": {
                                                "id": "d4e8944a-6e8f-4d6e-a313-2228cfe9a567",
                                                "name": "CHITTAGONG"
                                            }
                                        },
                                        {
                                            "name": "KOBIRHAT",
                                            "id": "edd18fb6-2dba-492a-bc59-f118923cfb9d",
                                            "state": {
                                                "id": "d4e8944a-6e8f-4d6e-a313-2228cfe9a567",
                                                "name": "CHITTAGONG"
                                            }
                                        },
                                        {
                                            "name": "BEGUMGANJ",
                                            "id": "fa8e1bdd-241d-484c-b5d8-82d5ee981528",
                                            "state": {
                                                "id": "d4e8944a-6e8f-4d6e-a313-2228cfe9a567",
                                                "name": "CHITTAGONG"
                                            }
                                        },
                                        {
                                            "name": "SUBORNO CHAR",
                                            "id": "e4fdab05-6c34-4af4-9a3c-9dd46abf24b1",
                                            "state": {
                                                "id": "d4e8944a-6e8f-4d6e-a313-2228cfe9a567",
                                                "name": "CHITTAGONG"
                                            }
                                        },
                                        {
                                            "name": "HATIA",
                                            "id": "8a144eff-edd1-4e0f-a6a8-70e1d8a19393",
                                            "state": {
                                                "id": "d4e8944a-6e8f-4d6e-a313-2228cfe9a567",
                                                "name": "CHITTAGONG"
                                            }
                                        },
                                        {
                                            "name": "SONAIMURI",
                                            "id": "ac50ed77-f382-46a1-a3d0-f0ad7d4788ac",
                                            "state": {
                                                "id": "d4e8944a-6e8f-4d6e-a313-2228cfe9a567",
                                                "name": "CHITTAGONG"
                                            }
                                        },
                                        {
                                            "name": "SHENBAG",
                                            "id": "e8164a0d-375a-4012-a790-694387014d4b",
                                            "state": {
                                                "id": "d4e8944a-6e8f-4d6e-a313-2228cfe9a567",
                                                "name": "CHITTAGONG"
                                            }
                                        },
                                        {
                                            "name": "CHATKHIL",
                                            "id": "59588ff2-33b7-4cd3-8e7e-fb302e9220c9",
                                            "state": {
                                                "id": "d4e8944a-6e8f-4d6e-a313-2228cfe9a567",
                                                "name": "CHITTAGONG"
                                            }
                                        },
                                        {
                                            "name": "NOAKHALI_SADAR",
                                            "id": "cb154cac-8111-4360-950e-daf4c472cbdf",
                                            "state": {
                                                "id": "d4e8944a-6e8f-4d6e-a313-2228cfe9a567",
                                                "name": "CHITTAGONG"
                                            }
                                        }
                                    ]
                                },
                                {
                                    "id": "54d0ae5a-d1d3-4212-a0df-9af09ff11378",
                                    "name": "CHATTOGRAM",
                                    "upazilas": [
                                        {
                                            "name": "BANSHKHALI",
                                            "id": "5ddabeca-76c8-4c6a-83e2-0c9cc8ad08d8",
                                            "state": {
                                                "id": "d4e8944a-6e8f-4d6e-a313-2228cfe9a567",
                                                "name": "CHITTAGONG"
                                            }
                                        },
                                        {
                                            "name": "FATIKCHHARI",
                                            "id": "711efd46-765f-4eda-a5a6-6199af270f52",
                                            "state": {
                                                "id": "d4e8944a-6e8f-4d6e-a313-2228cfe9a567",
                                                "name": "CHITTAGONG"
                                            }
                                        },
                                        {
                                            "name": "CHANDANAISH",
                                            "id": "f4bda4c9-417b-4cb2-8cdf-e79e95eede46",
                                            "state": {
                                                "id": "d4e8944a-6e8f-4d6e-a313-2228cfe9a567",
                                                "name": "CHITTAGONG"
                                            }
                                        },
                                        {
                                            "name": "SATKANIA",
                                            "id": "e6761574-7af1-405b-ab56-a967edf628f9",
                                            "state": {
                                                "id": "d4e8944a-6e8f-4d6e-a313-2228cfe9a567",
                                                "name": "CHITTAGONG"
                                            }
                                        },
                                        {
                                            "name": "SANDWIP",
                                            "id": "fa949a73-22a2-461a-b287-aac4effba9c6",
                                            "state": {
                                                "id": "d4e8944a-6e8f-4d6e-a313-2228cfe9a567",
                                                "name": "CHITTAGONG"
                                            }
                                        },
                                        {
                                            "name": "PATIYA",
                                            "id": "e6b414c2-9a47-4f78-bab7-c8c3859e24e1",
                                            "state": {
                                                "id": "d4e8944a-6e8f-4d6e-a313-2228cfe9a567",
                                                "name": "CHITTAGONG"
                                            }
                                        },
                                        {
                                            "name": "LOHAGARA",
                                            "id": "e78211f4-9d77-4e85-82e3-ec7fb12b64ce",
                                            "state": {
                                                "id": "d4e8944a-6e8f-4d6e-a313-2228cfe9a567",
                                                "name": "CHITTAGONG"
                                            }
                                        },
                                        {
                                            "name": "BOALKHALI",
                                            "id": "c414a0ec-ffab-45ea-bb72-bb1890086b90",
                                            "state": {
                                                "id": "d4e8944a-6e8f-4d6e-a313-2228cfe9a567",
                                                "name": "CHITTAGONG"
                                            }
                                        },
                                        {
                                            "name": "ANWARA",
                                            "id": "a0723800-077f-437f-9d36-9f745cb0b31e",
                                            "state": {
                                                "id": "d4e8944a-6e8f-4d6e-a313-2228cfe9a567",
                                                "name": "CHITTAGONG"
                                            }
                                        },
                                        {
                                            "name": "RAOZAN",
                                            "id": "95fb0054-aa7f-400c-b645-f0d90cb2a833",
                                            "state": {
                                                "id": "d4e8944a-6e8f-4d6e-a313-2228cfe9a567",
                                                "name": "CHITTAGONG"
                                            }
                                        },
                                        {
                                            "name": "MIRSHARAI",
                                            "id": "fe518ddf-6a83-4694-a2a6-ddeec0b93c18",
                                            "state": {
                                                "id": "d4e8944a-6e8f-4d6e-a313-2228cfe9a567",
                                                "name": "CHITTAGONG"
                                            }
                                        },
                                        {
                                            "name": "RANGUNIA",
                                            "id": "9c3e5edc-e95e-4671-89d4-974e7a31342e",
                                            "state": {
                                                "id": "d4e8944a-6e8f-4d6e-a313-2228cfe9a567",
                                                "name": "CHITTAGONG"
                                            }
                                        },
                                        {
                                            "name": "HATHAZARI",
                                            "id": "bda87d19-77d0-4c25-bca1-a911f4331afd",
                                            "state": {
                                                "id": "d4e8944a-6e8f-4d6e-a313-2228cfe9a567",
                                                "name": "CHITTAGONG"
                                            }
                                        },
                                        {
                                            "name": "SITAKUNDA",
                                            "id": "6fae4e24-7c93-493f-91f0-5fa877a326f4",
                                            "state": {
                                                "id": "d4e8944a-6e8f-4d6e-a313-2228cfe9a567",
                                                "name": "CHITTAGONG"
                                            }
                                        }
                                    ]
                                },
                                {
                                    "id": "66a27ec2-f335-413d-b228-4a4df8fa4eea",
                                    "name": "BHOLA",
                                    "upazilas": [
                                        {
                                            "name": "BHOLA_SADAR",
                                            "id": "3cbaa092-c96b-4845-a314-b9cdc02d61fd",
                                            "state": {
                                                "id": "5cbbb439-96e7-4f60-bf2f-abddd0d03e7e",
                                                "name": "BARISAL"
                                            }
                                        },
                                        {
                                            "name": "MANPURA",
                                            "id": "3220264c-e0d8-41c3-9b69-55cdd4aea21e",
                                            "state": {
                                                "id": "5cbbb439-96e7-4f60-bf2f-abddd0d03e7e",
                                                "name": "BARISAL"
                                            }
                                        },
                                        {
                                            "name": "BURHANUDDIN",
                                            "id": "692e6a01-748c-4451-8d67-e0f404c69572",
                                            "state": {
                                                "id": "5cbbb439-96e7-4f60-bf2f-abddd0d03e7e",
                                                "name": "BARISAL"
                                            }
                                        },
                                        {
                                            "name": "CHAR FASSON",
                                            "id": "9f23a216-4a71-48ef-8c7e-e20f01a67e4a",
                                            "state": {
                                                "id": "5cbbb439-96e7-4f60-bf2f-abddd0d03e7e",
                                                "name": "BARISAL"
                                            }
                                        },
                                        {
                                            "name": "DAULATKHAN",
                                            "id": "16ea4a9e-60b8-4eed-a011-d3d52d5a646d",
                                            "state": {
                                                "id": "5cbbb439-96e7-4f60-bf2f-abddd0d03e7e",
                                                "name": "BARISAL"
                                            }
                                        },
                                        {
                                            "name": "LALMOHAN",
                                            "id": "634c328d-d819-4c09-a1b4-ebe643071f5e",
                                            "state": {
                                                "id": "5cbbb439-96e7-4f60-bf2f-abddd0d03e7e",
                                                "name": "BARISAL"
                                            }
                                        },
                                        {
                                            "name": "TAZUMUDDIN",
                                            "id": "303c6383-711c-4c09-ba87-f261320d697e",
                                            "state": {
                                                "id": "5cbbb439-96e7-4f60-bf2f-abddd0d03e7e",
                                                "name": "BARISAL"
                                            }
                                        }
                                    ]
                                },
                                {
                                    "id": "00358d0a-f4c2-4374-908b-b37dac235fc0",
                                    "name": "JHENAIDAH",
                                    "upazilas": [
                                        {
                                            "name": "JHENAIDAH_SADAR",
                                            "id": "b730ac9a-c96e-4e9c-8583-dda0a4b61f9b",
                                            "state": {
                                                "id": "642a6748-942f-473d-96c6-a6c1b2e00e05",
                                                "name": "KHULNA"
                                            }
                                        },
                                        {
                                            "name": "SHAILKUPA",
                                            "id": "9216f983-c056-40f1-a143-463a2e4a2e84",
                                            "state": {
                                                "id": "642a6748-942f-473d-96c6-a6c1b2e00e05",
                                                "name": "KHULNA"
                                            }
                                        },
                                        {
                                            "name": "KOTCHANDPUR",
                                            "id": "7d743b39-a4ef-499b-b1eb-ccc7c9c1df81",
                                            "state": {
                                                "id": "642a6748-942f-473d-96c6-a6c1b2e00e05",
                                                "name": "KHULNA"
                                            }
                                        },
                                        {
                                            "name": "MAHESHPUR",
                                            "id": "9f3f6256-e1a0-457a-bf19-21fd5ccf253f",
                                            "state": {
                                                "id": "642a6748-942f-473d-96c6-a6c1b2e00e05",
                                                "name": "KHULNA"
                                            }
                                        },
                                        {
                                            "name": "HARINAKUNDA",
                                            "id": "8e2f9be1-24a7-48f6-9772-60c671fd5b2e",
                                            "state": {
                                                "id": "642a6748-942f-473d-96c6-a6c1b2e00e05",
                                                "name": "KHULNA"
                                            }
                                        }
                                    ]
                                },
                                {
                                    "id": "7a79fbbb-0414-4c68-ba03-a7d86e0f77ce",
                                    "name": "PABNA",
                                    "upazilas": [
                                        {
                                            "name": "BERA",
                                            "id": "9e859765-d526-4191-bab6-bf8d5a17317b",
                                            "state": {
                                                "id": "d68c68d2-108e-4635-93d1-28c44525f178",
                                                "name": "RAJSHAHI"
                                            }
                                        },
                                        {
                                            "name": "SUJANAGAR",
                                            "id": "a1b3c50a-d7af-4d16-a72d-4bdb5d0647b4",
                                            "state": {
                                                "id": "d68c68d2-108e-4635-93d1-28c44525f178",
                                                "name": "RAJSHAHI"
                                            }
                                        },
                                        {
                                            "name": "ATGHARIA",
                                            "id": "1faaac6e-d6b6-4852-9538-5c85438e47a5",
                                            "state": {
                                                "id": "d68c68d2-108e-4635-93d1-28c44525f178",
                                                "name": "RAJSHAHI"
                                            }
                                        },
                                        {
                                            "name": "SANTHIA",
                                            "id": "89ee778e-f765-4f8b-96d2-e00a6948199f",
                                            "state": {
                                                "id": "d68c68d2-108e-4635-93d1-28c44525f178",
                                                "name": "RAJSHAHI"
                                            }
                                        },
                                        {
                                            "name": "FARIDPUR",
                                            "id": "f9e13f42-2b4c-4af1-ae0b-186ee9fed178",
                                            "state": {
                                                "id": "d68c68d2-108e-4635-93d1-28c44525f178",
                                                "name": "RAJSHAHI"
                                            }
                                        },
                                        {
                                            "name": "BHANGURA",
                                            "id": "ce5f60e3-36ca-47e2-ac30-fea8af549985",
                                            "state": {
                                                "id": "d68c68d2-108e-4635-93d1-28c44525f178",
                                                "name": "RAJSHAHI"
                                            }
                                        },
                                        {
                                            "name": "CHATMOHAR",
                                            "id": "ee68ea82-2a16-46d4-a111-8d6a717363e3",
                                            "state": {
                                                "id": "d68c68d2-108e-4635-93d1-28c44525f178",
                                                "name": "RAJSHAHI"
                                            }
                                        },
                                        {
                                            "name": "ISHWARDI",
                                            "id": "e6f6b813-2ef3-429a-8dc6-3664b2d7af18",
                                            "state": {
                                                "id": "d68c68d2-108e-4635-93d1-28c44525f178",
                                                "name": "RAJSHAHI"
                                            }
                                        },
                                        {
                                            "name": "PABNA_SADAR",
                                            "id": "9a08add3-9997-4def-8a7e-2d4c47b78e1a",
                                            "state": {
                                                "id": "d68c68d2-108e-4635-93d1-28c44525f178",
                                                "name": "RAJSHAHI"
                                            }
                                        }
                                    ]
                                },
                                {
                                    "id": "c8c07a38-023f-4177-a946-7ea85bc5e62f",
                                    "name": "KISHOREGANJ",
                                    "upazilas": [
                                        {
                                            "name": "ASTAGRAM",
                                            "id": "8af0a33e-ec3f-4819-9c9a-d2e7b407340b",
                                            "state": {
                                                "id": "9c75a95b-9f42-4ca9-a152-78c492590a6f",
                                                "name": "DHAKA"
                                            }
                                        },
                                        {
                                            "name": "KATIADI",
                                            "id": "e14e5e25-3f0a-47a6-a16d-fe2023ec0a0e",
                                            "state": {
                                                "id": "9c75a95b-9f42-4ca9-a152-78c492590a6f",
                                                "name": "DHAKA"
                                            }
                                        },
                                        {
                                            "name": "MITHAMAIN",
                                            "id": "baa02b29-ad36-4df1-b296-07c71e4dabff",
                                            "state": {
                                                "id": "9c75a95b-9f42-4ca9-a152-78c492590a6f",
                                                "name": "DHAKA"
                                            }
                                        },
                                        {
                                            "name": "NIKLI",
                                            "id": "6f94a91b-a7e0-4690-83f4-82181b04c922",
                                            "state": {
                                                "id": "9c75a95b-9f42-4ca9-a152-78c492590a6f",
                                                "name": "DHAKA"
                                            }
                                        },
                                        {
                                            "name": "PAKUNDIA",
                                            "id": "3a4de8ba-819b-4935-843c-a3f1b5f6c421",
                                            "state": {
                                                "id": "9c75a95b-9f42-4ca9-a152-78c492590a6f",
                                                "name": "DHAKA"
                                            }
                                        },
                                        {
                                            "name": "KARIMGANJ",
                                            "id": "603092ee-3099-4b52-8b05-a76998c55ac0",
                                            "state": {
                                                "id": "9c75a95b-9f42-4ca9-a152-78c492590a6f",
                                                "name": "DHAKA"
                                            }
                                        },
                                        {
                                            "name": "KULIARCHAR",
                                            "id": "ba05daa9-21a2-4c7f-8a6f-4eca370e67c9",
                                            "state": {
                                                "id": "9c75a95b-9f42-4ca9-a152-78c492590a6f",
                                                "name": "DHAKA"
                                            }
                                        },
                                        {
                                            "name": "HOSSAINPUR",
                                            "id": "35ee81bc-c606-4f50-8c62-be135699f164",
                                            "state": {
                                                "id": "9c75a95b-9f42-4ca9-a152-78c492590a6f",
                                                "name": "DHAKA"
                                            }
                                        },
                                        {
                                            "name": "ITNA",
                                            "id": "64a6f7b6-ae00-48d7-91ff-d1afdd013728",
                                            "state": {
                                                "id": "9c75a95b-9f42-4ca9-a152-78c492590a6f",
                                                "name": "DHAKA"
                                            }
                                        },
                                        {
                                            "name": "BHAIRAB",
                                            "id": "f76de4f1-4367-46b4-ae35-25b31e161eaa",
                                            "state": {
                                                "id": "9c75a95b-9f42-4ca9-a152-78c492590a6f",
                                                "name": "DHAKA"
                                            }
                                        },
                                        {
                                            "name": "KISHOREGANJ_SADAR",
                                            "id": "f71d8ef1-88f4-4648-a927-1999cbec41e7",
                                            "state": {
                                                "id": "9c75a95b-9f42-4ca9-a152-78c492590a6f",
                                                "name": "DHAKA"
                                            }
                                        },
                                        {
                                            "name": "TARAIL",
                                            "id": "f5f8b58c-3d89-4a8f-8533-d689e34cbed3",
                                            "state": {
                                                "id": "9c75a95b-9f42-4ca9-a152-78c492590a6f",
                                                "name": "DHAKA"
                                            }
                                        },
                                        {
                                            "name": "BAJITPUR",
                                            "id": "d0a74c06-98ae-486a-9e67-fc5674c75288",
                                            "state": {
                                                "id": "9c75a95b-9f42-4ca9-a152-78c492590a6f",
                                                "name": "DHAKA"
                                            }
                                        }
                                    ]
                                },
                                {
                                    "id": "db758e15-588a-4c28-bae2-15069f2ce0f8",
                                    "name": "GOPALGANJ",
                                    "upazilas": [
                                        {
                                            "name": "KOTALIPARA",
                                            "id": "1729714e-61c8-4c5c-b062-7336efc80f74",
                                            "state": {
                                                "id": "9c75a95b-9f42-4ca9-a152-78c492590a6f",
                                                "name": "DHAKA"
                                            }
                                        },
                                        {
                                            "name": "MUKSUDPUR",
                                            "id": "52e46038-ba96-4a5c-96b5-1017b4eb6626",
                                            "state": {
                                                "id": "9c75a95b-9f42-4ca9-a152-78c492590a6f",
                                                "name": "DHAKA"
                                            }
                                        },
                                        {
                                            "name": "KASHIANI",
                                            "id": "9ea8f46d-358f-496e-b244-c3daf64e75c3",
                                            "state": {
                                                "id": "9c75a95b-9f42-4ca9-a152-78c492590a6f",
                                                "name": "DHAKA"
                                            }
                                        },
                                        {
                                            "name": "GOPALGANJ_SADAR",
                                            "id": "2ad2bc1d-038e-4d77-8754-a4eaa1ee4aa2",
                                            "state": {
                                                "id": "9c75a95b-9f42-4ca9-a152-78c492590a6f",
                                                "name": "DHAKA"
                                            }
                                        },
                                        {
                                            "name": "TUNGIPARA",
                                            "id": "18618e91-ce26-4c99-a7d1-a88be829a48b",
                                            "state": {
                                                "id": "9c75a95b-9f42-4ca9-a152-78c492590a6f",
                                                "name": "DHAKA"
                                            }
                                        }
                                    ]
                                },
                                {
                                    "id": "d1502152-1a34-423b-9811-576ccb88a3ea",
                                    "name": "KHULNA",
                                    "upazilas": [
                                        {
                                            "name": "BATIAGHATA",
                                            "id": "df3aa4c1-bfc8-4d9b-ade6-7c9dcc05e43b",
                                            "state": {
                                                "id": "642a6748-942f-473d-96c6-a6c1b2e00e05",
                                                "name": "KHULNA"
                                            }
                                        },
                                        {
                                            "name": "DACOPE",
                                            "id": "0510005c-3839-4f55-a93c-8147fa5657c3",
                                            "state": {
                                                "id": "642a6748-942f-473d-96c6-a6c1b2e00e05",
                                                "name": "KHULNA"
                                            }
                                        },
                                        {
                                            "name": "PAIKGACHHA",
                                            "id": "6dedbbd8-ad85-419e-a6f3-3b7b110beeef",
                                            "state": {
                                                "id": "642a6748-942f-473d-96c6-a6c1b2e00e05",
                                                "name": "KHULNA"
                                            }
                                        },
                                        {
                                            "name": "DIGHALIA",
                                            "id": "01a498b4-e2b8-4196-b1a8-37c83dd96d40",
                                            "state": {
                                                "id": "642a6748-942f-473d-96c6-a6c1b2e00e05",
                                                "name": "KHULNA"
                                            }
                                        },
                                        {
                                            "name": "TEROKHADA",
                                            "id": "78368a85-2301-4b61-b08c-bda0a7f2989d",
                                            "state": {
                                                "id": "642a6748-942f-473d-96c6-a6c1b2e00e05",
                                                "name": "KHULNA"
                                            }
                                        },
                                        {
                                            "name": "PHULTALA",
                                            "id": "de1c9dd2-c46c-4eb3-ae0d-ee1cbd77bfea",
                                            "state": {
                                                "id": "642a6748-942f-473d-96c6-a6c1b2e00e05",
                                                "name": "KHULNA"
                                            }
                                        },
                                        {
                                            "name": "DUMURIA",
                                            "id": "37c742e6-7aac-4034-8ed6-f0e58d0ad522",
                                            "state": {
                                                "id": "642a6748-942f-473d-96c6-a6c1b2e00e05",
                                                "name": "KHULNA"
                                            }
                                        },
                                        {
                                            "name": "KOYRA",
                                            "id": "4e5d83f1-3445-4445-a497-72dd54840c08",
                                            "state": {
                                                "id": "642a6748-942f-473d-96c6-a6c1b2e00e05",
                                                "name": "KHULNA"
                                            }
                                        },
                                        {
                                            "name": "RUPSA",
                                            "id": "0a761827-088c-4d43-a4d2-5904df789dcb",
                                            "state": {
                                                "id": "642a6748-942f-473d-96c6-a6c1b2e00e05",
                                                "name": "KHULNA"
                                            }
                                        }
                                    ]
                                },
                                {
                                    "id": "053cccf1-2ff4-4935-9b97-a7d73d2f29e2",
                                    "name": "NAOGAON",
                                    "upazilas": [
                                        {
                                            "name": "ATRAI",
                                            "id": "ca19d552-2c0f-4c03-99b5-9c84660083a9",
                                            "state": {
                                                "id": "d68c68d2-108e-4635-93d1-28c44525f178",
                                                "name": "RAJSHAHI"
                                            }
                                        },
                                        {
                                            "name": "RANINAGAR",
                                            "id": "bfcd8825-c7fa-4a19-8d0d-f097ba900ea6",
                                            "state": {
                                                "id": "d68c68d2-108e-4635-93d1-28c44525f178",
                                                "name": "RAJSHAHI"
                                            }
                                        },
                                        {
                                            "name": "DHAMOIRHAT",
                                            "id": "fdf566cf-11b6-4c01-ae47-c6c779feb92d",
                                            "state": {
                                                "id": "d68c68d2-108e-4635-93d1-28c44525f178",
                                                "name": "RAJSHAHI"
                                            }
                                        },
                                        {
                                            "name": "PATNITALA",
                                            "id": "1ef21421-63e5-42d4-854d-4da3c572a061",
                                            "state": {
                                                "id": "d68c68d2-108e-4635-93d1-28c44525f178",
                                                "name": "RAJSHAHI"
                                            }
                                        },
                                        {
                                            "name": "NIAMATPUR",
                                            "id": "cb79ca11-a7f4-4de9-8b73-726b9f277260",
                                            "state": {
                                                "id": "d68c68d2-108e-4635-93d1-28c44525f178",
                                                "name": "RAJSHAHI"
                                            }
                                        },
                                        {
                                            "name": "MOHADEVPUR",
                                            "id": "87fc4733-5ba9-4492-a4a3-477e1bbf4965",
                                            "state": {
                                                "id": "d68c68d2-108e-4635-93d1-28c44525f178",
                                                "name": "RAJSHAHI"
                                            }
                                        },
                                        {
                                            "name": "MANDA",
                                            "id": "38a158ef-7fae-4cdf-a906-9bfedbf5ee8d",
                                            "state": {
                                                "id": "d68c68d2-108e-4635-93d1-28c44525f178",
                                                "name": "RAJSHAHI"
                                            }
                                        },
                                        {
                                            "name": "NAOGAON_SADAR",
                                            "id": "433415ed-7b51-415a-9826-c5a655a42e1f",
                                            "state": {
                                                "id": "d68c68d2-108e-4635-93d1-28c44525f178",
                                                "name": "RAJSHAHI"
                                            }
                                        },
                                        {
                                            "name": "PORSHA",
                                            "id": "075b5f29-ffb3-4a22-8bce-255a305320d0",
                                            "state": {
                                                "id": "d68c68d2-108e-4635-93d1-28c44525f178",
                                                "name": "RAJSHAHI"
                                            }
                                        },
                                        {
                                            "name": "BADALGACHHI",
                                            "id": "5a52e1a2-7603-410d-b929-f07424bd3818",
                                            "state": {
                                                "id": "d68c68d2-108e-4635-93d1-28c44525f178",
                                                "name": "RAJSHAHI"
                                            }
                                        },
                                        {
                                            "name": "SAPAHAR",
                                            "id": "f24efbcc-3048-42d4-b2de-3cd80570f107",
                                            "state": {
                                                "id": "d68c68d2-108e-4635-93d1-28c44525f178",
                                                "name": "RAJSHAHI"
                                            }
                                        }
                                    ]
                                },
                                {
                                    "id": "3841e03e-b526-4568-b373-6fb874ae2dd2",
                                    "name": "NARAIL",
                                    "upazilas": [
                                        {
                                            "name": "NARAIL-S UPAZILLA",
                                            "id": "58236735-155d-45f5-81c6-d2528a3327e9",
                                            "state": {
                                                "id": "642a6748-942f-473d-96c6-a6c1b2e00e05",
                                                "name": "KHULNA"
                                            }
                                        },
                                        {
                                            "name": "LOHAGARA UPAZILLA",
                                            "id": "3a7dc21f-8d9e-4db5-83ad-4a42791fcaa4",
                                            "state": {
                                                "id": "642a6748-942f-473d-96c6-a6c1b2e00e05",
                                                "name": "KHULNA"
                                            }
                                        },
                                        {
                                            "name": "KALIA UPAZILLA",
                                            "id": "5e60afd8-8c2b-44ea-992f-027e764fc068",
                                            "state": {
                                                "id": "642a6748-942f-473d-96c6-a6c1b2e00e05",
                                                "name": "KHULNA"
                                            }
                                        }
                                    ]
                                },
                                {
                                    "id": "ba44bb5a-c4fc-4622-9b74-0b5641780581",
                                    "name": "MYMENSINGH",
                                    "upazilas": [
                                        {
                                            "name": "FULBARIA",
                                            "id": "14786483-84f3-4ac4-af4e-6928097bd398",
                                            "state": {
                                                "id": "f6395340-53b2-4824-8252-ef3a164b8446",
                                                "name": "MAYMENSINGH"
                                            }
                                        },
                                        {
                                            "name": "MUKTAGACHHA",
                                            "id": "6112996c-f960-4f30-bd1f-867050a656cb",
                                            "state": {
                                                "id": "f6395340-53b2-4824-8252-ef3a164b8446",
                                                "name": "MAYMENSINGH"
                                            }
                                        },
                                        {
                                            "name": "GAFFARGAON",
                                            "id": "f1027b1e-4a47-4e6f-9dca-8ee4974dcee3",
                                            "state": {
                                                "id": "f6395340-53b2-4824-8252-ef3a164b8446",
                                                "name": "MAYMENSINGH"
                                            }
                                        },
                                        {
                                            "name": "GAURIPUR",
                                            "id": "89af4299-90a2-4e9e-a201-d090d4f0a26a",
                                            "state": {
                                                "id": "f6395340-53b2-4824-8252-ef3a164b8446",
                                                "name": "MAYMENSINGH"
                                            }
                                        },
                                        {
                                            "name": "NANDAIL",
                                            "id": "4a7f82e3-e7f0-4dc1-b216-475ae369c902",
                                            "state": {
                                                "id": "f6395340-53b2-4824-8252-ef3a164b8446",
                                                "name": "MAYMENSINGH"
                                            }
                                        },
                                        {
                                            "name": "PHULPUR",
                                            "id": "e7f43bd5-defe-4d78-a9ea-8394b2d85ae8",
                                            "state": {
                                                "id": "f6395340-53b2-4824-8252-ef3a164b8446",
                                                "name": "MAYMENSINGH"
                                            }
                                        },
                                        {
                                            "name": "ISHWARGANJ",
                                            "id": "343276b0-a108-4b67-aa9f-6ff2eecfa3f1",
                                            "state": {
                                                "id": "f6395340-53b2-4824-8252-ef3a164b8446",
                                                "name": "MAYMENSINGH"
                                            }
                                        },
                                        {
                                            "name": "HALUAGHAT",
                                            "id": "b3cf9a18-0480-4a79-b898-0c9558158569",
                                            "state": {
                                                "id": "f6395340-53b2-4824-8252-ef3a164b8446",
                                                "name": "MAYMENSINGH"
                                            }
                                        },
                                        {
                                            "name": "MYMENSINGH_SADAR",
                                            "id": "944d5c60-96f6-4b1b-9245-57a7d1b8f80c",
                                            "state": {
                                                "id": "f6395340-53b2-4824-8252-ef3a164b8446",
                                                "name": "MAYMENSINGH"
                                            }
                                        },
                                        {
                                            "name": "TRISHAL",
                                            "id": "b54f2e4f-fadd-4386-a7fe-e29c806df77b",
                                            "state": {
                                                "id": "f6395340-53b2-4824-8252-ef3a164b8446",
                                                "name": "MAYMENSINGH"
                                            }
                                        },
                                        {
                                            "name": "DHOBAURA",
                                            "id": "90e06f5e-7571-4ce8-a713-53b94b2b6770",
                                            "state": {
                                                "id": "f6395340-53b2-4824-8252-ef3a164b8446",
                                                "name": "MAYMENSINGH"
                                            }
                                        },
                                        {
                                            "name": "BHALUKA",
                                            "id": "34920b68-a4b6-444b-95f5-d072d29fc1eb",
                                            "state": {
                                                "id": "f6395340-53b2-4824-8252-ef3a164b8446",
                                                "name": "MAYMENSINGH"
                                            }
                                        }
                                    ]
                                },
                                {
                                    "id": "bbed7d2c-59fb-43ce-a03c-8abd7a9f8f18",
                                    "name": "NARSINGDI",
                                    "upazilas": [
                                        {
                                            "name": "SHIBPUR",
                                            "id": "189fa0e5-3fba-4bb7-a1fa-1244de4d259c",
                                            "state": {
                                                "id": "9c75a95b-9f42-4ca9-a152-78c492590a6f",
                                                "name": "DHAKA"
                                            }
                                        },
                                        {
                                            "name": "MONOHARDI",
                                            "id": "243e2783-eb7e-4284-9ad6-461870dc8937",
                                            "state": {
                                                "id": "9c75a95b-9f42-4ca9-a152-78c492590a6f",
                                                "name": "DHAKA"
                                            }
                                        },
                                        {
                                            "name": "BELABO",
                                            "id": "785efd52-cefe-46f7-9a57-3a0b9ff6e8f6",
                                            "state": {
                                                "id": "9c75a95b-9f42-4ca9-a152-78c492590a6f",
                                                "name": "DHAKA"
                                            }
                                        },
                                        {
                                            "name": "RAIPURA, NARSINGDI",
                                            "id": "62845bb0-be44-48d6-a163-908e4b35b7fb",
                                            "state": {
                                                "id": "9c75a95b-9f42-4ca9-a152-78c492590a6f",
                                                "name": "DHAKA"
                                            }
                                        },
                                        {
                                            "name": "NARSINGDI_SADAR",
                                            "id": "06b56b35-2e12-44ba-b18f-22cd4d6ecb98",
                                            "state": {
                                                "id": "9c75a95b-9f42-4ca9-a152-78c492590a6f",
                                                "name": "DHAKA"
                                            }
                                        },
                                        {
                                            "name": "PALASH",
                                            "id": "ccd33f77-057f-4819-bdf6-a7da5785e2c5",
                                            "state": {
                                                "id": "9c75a95b-9f42-4ca9-a152-78c492590a6f",
                                                "name": "DHAKA"
                                            }
                                        }
                                    ]
                                },
                                {
                                    "id": "8b99d1ec-6c05-4e8e-b708-8216c9690652",
                                    "name": "RAJBARI",
                                    "upazilas": [
                                        {
                                            "name": "KALUKHALI",
                                            "id": "ad20fd23-08a0-4422-a4ce-2d664b65fc2e",
                                            "state": {
                                                "id": "9c75a95b-9f42-4ca9-a152-78c492590a6f",
                                                "name": "DHAKA"
                                            }
                                        },
                                        {
                                            "name": "RAJBARI_SADAR",
                                            "id": "a60723aa-280a-4b8b-a4fd-b2fa0323c4c4",
                                            "state": {
                                                "id": "9c75a95b-9f42-4ca9-a152-78c492590a6f",
                                                "name": "DHAKA"
                                            }
                                        },
                                        {
                                            "name": "BALIAKANDI",
                                            "id": "a654e917-d396-4a82-9e9d-9ab7581b3c1b",
                                            "state": {
                                                "id": "9c75a95b-9f42-4ca9-a152-78c492590a6f",
                                                "name": "DHAKA"
                                            }
                                        },
                                        {
                                            "name": "GOALANDAGHAT",
                                            "id": "7de09957-126b-4fee-9833-49f637931f79",
                                            "state": {
                                                "id": "9c75a95b-9f42-4ca9-a152-78c492590a6f",
                                                "name": "DHAKA"
                                            }
                                        },
                                        {
                                            "name": "PANGSHA",
                                            "id": "532c2c8a-0a92-4c5c-9710-622eabaab454",
                                            "state": {
                                                "id": "9c75a95b-9f42-4ca9-a152-78c492590a6f",
                                                "name": "DHAKA"
                                            }
                                        }
                                    ]
                                },
                                {
                                    "id": "8a26a551-dbef-4fa9-b50c-17a7fe590b13",
                                    "name": "SIRAJGONJ",
                                    "upazilas": [
                                        {
                                            "name": "KAZIPUR",
                                            "id": "b1363ee2-d297-4f58-a353-d94bba646dd6",
                                            "state": {
                                                "id": "d68c68d2-108e-4635-93d1-28c44525f178",
                                                "name": "RAJSHAHI"
                                            }
                                        },
                                        {
                                            "name": "RAIGANJ",
                                            "id": "3b9f4a36-dc41-48ab-9261-4843e2dee251",
                                            "state": {
                                                "id": "d68c68d2-108e-4635-93d1-28c44525f178",
                                                "name": "RAJSHAHI"
                                            }
                                        },
                                        {
                                            "name": "BELKUCHI",
                                            "id": "346c0522-e283-421d-9991-d95c10faf7b8",
                                            "state": {
                                                "id": "d68c68d2-108e-4635-93d1-28c44525f178",
                                                "name": "RAJSHAHI"
                                            }
                                        },
                                        {
                                            "name": "KAMARKHANDA",
                                            "id": "0012b1ec-f07e-4956-8208-d99e74a19aa7",
                                            "state": {
                                                "id": "d68c68d2-108e-4635-93d1-28c44525f178",
                                                "name": "RAJSHAHI"
                                            }
                                        },
                                        {
                                            "name": "SIRAJGANJ_SADAR",
                                            "id": "983f7c6b-9831-4027-b0f9-0e909b74e4ab",
                                            "state": {
                                                "id": "d68c68d2-108e-4635-93d1-28c44525f178",
                                                "name": "RAJSHAHI"
                                            }
                                        },
                                        {
                                            "name": "CHAUHALI",
                                            "id": "fa6ccc95-c941-4284-8d9f-7c4624683e0c",
                                            "state": {
                                                "id": "d68c68d2-108e-4635-93d1-28c44525f178",
                                                "name": "RAJSHAHI"
                                            }
                                        },
                                        {
                                            "name": "TARASH",
                                            "id": "72d45478-f1c8-4317-a912-5f90a6033813",
                                            "state": {
                                                "id": "d68c68d2-108e-4635-93d1-28c44525f178",
                                                "name": "RAJSHAHI"
                                            }
                                        },
                                        {
                                            "name": "SHAHJADPUR",
                                            "id": "aba04480-80aa-4c49-94f5-54a5f8cec70c",
                                            "state": {
                                                "id": "d68c68d2-108e-4635-93d1-28c44525f178",
                                                "name": "RAJSHAHI"
                                            }
                                        },
                                        {
                                            "name": "ULLAHPARA",
                                            "id": "2b03ca99-77d6-4dac-8c30-72fd7820b170",
                                            "state": {
                                                "id": "d68c68d2-108e-4635-93d1-28c44525f178",
                                                "name": "RAJSHAHI"
                                            }
                                        }
                                    ]
                                },
                                {
                                    "id": "3b2a6a3c-5159-471d-abe6-9f4ebad7e6c1",
                                    "name": "MAGURA",
                                    "upazilas": [
                                        {
                                            "name": "SHALIKHA",
                                            "id": "a2705dba-cae2-4e3d-86f6-8ed9c08df535",
                                            "state": {
                                                "id": "642a6748-942f-473d-96c6-a6c1b2e00e05",
                                                "name": "KHULNA"
                                            }
                                        },
                                        {
                                            "name": "MOHAMMADPUR",
                                            "id": "53edb99e-47b4-4979-b3f5-3d80de1b7118",
                                            "state": {
                                                "id": "642a6748-942f-473d-96c6-a6c1b2e00e05",
                                                "name": "KHULNA"
                                            }
                                        },
                                        {
                                            "name": "MAGURA_SADAR",
                                            "id": "dd0bd5ac-d63d-407d-bcf5-ba24191b7cba",
                                            "state": {
                                                "id": "642a6748-942f-473d-96c6-a6c1b2e00e05",
                                                "name": "KHULNA"
                                            }
                                        },
                                        {
                                            "name": "SREEPUR",
                                            "id": "4e4122d5-c778-4303-823f-8a95b13f3f77",
                                            "state": {
                                                "id": "642a6748-942f-473d-96c6-a6c1b2e00e05",
                                                "name": "KHULNA"
                                            }
                                        }
                                    ]
                                },
                                {
                                    "id": "9dd946ca-b2e9-4369-9456-5d7c8308901c",
                                    "name": "JHALOKATI",
                                    "upazilas": [
                                        {
                                            "name": "RAJAPUR",
                                            "id": "595eceec-72ac-4b2a-a8c1-4d1a9d8c93dc",
                                            "state": {
                                                "id": "5cbbb439-96e7-4f60-bf2f-abddd0d03e7e",
                                                "name": "BARISAL"
                                            }
                                        },
                                        {
                                            "name": "NALCHITY",
                                            "id": "c16b84e6-4636-4559-9713-bbfb460be2ec",
                                            "state": {
                                                "id": "5cbbb439-96e7-4f60-bf2f-abddd0d03e7e",
                                                "name": "BARISAL"
                                            }
                                        },
                                        {
                                            "name": "JHALOKATI_SADAR",
                                            "id": "3c848ec1-c630-48f7-8327-8230e4d16846",
                                            "state": {
                                                "id": "5cbbb439-96e7-4f60-bf2f-abddd0d03e7e",
                                                "name": "BARISAL"
                                            }
                                        },
                                        {
                                            "name": "KATHALIA",
                                            "id": "98bbf847-31a1-4d55-a771-a5d045976cfe",
                                            "state": {
                                                "id": "5cbbb439-96e7-4f60-bf2f-abddd0d03e7e",
                                                "name": "BARISAL"
                                            }
                                        }
                                    ]
                                },
                                {
                                    "id": "e9431d37-c6a8-49a5-b5f5-3d8c14bc8ec7",
                                    "name": "LALMONIRHAT",
                                    "upazilas": [
                                        {
                                            "name": "KALIGANJ",
                                            "id": "40f7ed07-08b0-4244-9f65-17971aaeb6d2",
                                            "state": {
                                                "id": "b8c19906-b4fc-4745-ac93-af957934136b",
                                                "name": "RANGPUR"
                                            }
                                        },
                                        {
                                            "name": "LALMANIRHAT_SADAR",
                                            "id": "c3fdab30-b48f-484a-bcab-d8fdb8038626",
                                            "state": {
                                                "id": "b8c19906-b4fc-4745-ac93-af957934136b",
                                                "name": "RANGPUR"
                                            }
                                        },
                                        {
                                            "name": "HATIBANDHA",
                                            "id": "81a52b21-ee0e-4b30-af0e-077ef3b01cc5",
                                            "state": {
                                                "id": "b8c19906-b4fc-4745-ac93-af957934136b",
                                                "name": "RANGPUR"
                                            }
                                        },
                                        {
                                            "name": "ADITMARI",
                                            "id": "b4123b8d-af34-4c2f-8755-8c8d37c59e89",
                                            "state": {
                                                "id": "b8c19906-b4fc-4745-ac93-af957934136b",
                                                "name": "RANGPUR"
                                            }
                                        },
                                        {
                                            "name": "PATGRAM",
                                            "id": "bff9e973-cc00-4aaa-8e53-4ca5ff6dab3d",
                                            "state": {
                                                "id": "b8c19906-b4fc-4745-ac93-af957934136b",
                                                "name": "RANGPUR"
                                            }
                                        }
                                    ]
                                },
                                {
                                    "id": "3244a7d0-e432-4753-841f-cdbd7aa1f437",
                                    "name": "SHARIATPUR",
                                    "upazilas": [
                                        {
                                            "name": "NARIA",
                                            "id": "3e8850ed-a488-46ae-afa3-5b567c539ba2",
                                            "state": {
                                                "id": "9c75a95b-9f42-4ca9-a152-78c492590a6f",
                                                "name": "DHAKA"
                                            }
                                        },
                                        {
                                            "name": "BHEDARGANJ",
                                            "id": "088a2bdf-e98a-407a-9096-01143b440bf1",
                                            "state": {
                                                "id": "9c75a95b-9f42-4ca9-a152-78c492590a6f",
                                                "name": "DHAKA"
                                            }
                                        },
                                        {
                                            "name": "JAJIRA",
                                            "id": "c37722a7-f975-43ee-856b-2059735e3915",
                                            "state": {
                                                "id": "9c75a95b-9f42-4ca9-a152-78c492590a6f",
                                                "name": "DHAKA"
                                            }
                                        },
                                        {
                                            "name": "DAMUDYA",
                                            "id": "e5e20af1-f619-4df7-be4a-ee1958717815",
                                            "state": {
                                                "id": "9c75a95b-9f42-4ca9-a152-78c492590a6f",
                                                "name": "DHAKA"
                                            }
                                        },
                                        {
                                            "name": "SHARIATPUR_SADAR -PALONG",
                                            "id": "0d38ea96-e004-4fab-93d8-88216ca015ef",
                                            "state": {
                                                "id": "9c75a95b-9f42-4ca9-a152-78c492590a6f",
                                                "name": "DHAKA"
                                            }
                                        },
                                        {
                                            "name": "GOSAIRHAT",
                                            "id": "92f19d77-dcd7-4b5b-95bc-de0ca310248c",
                                            "state": {
                                                "id": "9c75a95b-9f42-4ca9-a152-78c492590a6f",
                                                "name": "DHAKA"
                                            }
                                        }
                                    ]
                                },
                                {
                                    "id": "dd4ed0a1-039e-4411-9337-e3bf3f9def9b",
                                    "name": "FENI",
                                    "upazilas": [
                                        {
                                            "name": "SONAGAZI",
                                            "id": "27efec53-92df-41c3-bc6a-9e81493d016d",
                                            "state": {
                                                "id": "d4e8944a-6e8f-4d6e-a313-2228cfe9a567",
                                                "name": "CHITTAGONG"
                                            }
                                        },
                                        {
                                            "name": "DAGANBHYAN",
                                            "id": "53afc9e2-06de-4aa2-b8b0-a05e8293b780",
                                            "state": {
                                                "id": "d4e8944a-6e8f-4d6e-a313-2228cfe9a567",
                                                "name": "CHITTAGONG"
                                            }
                                        },
                                        {
                                            "name": "PARSHURAM",
                                            "id": "49ff9838-f33c-474c-b129-2c9ae86e3ee4",
                                            "state": {
                                                "id": "d4e8944a-6e8f-4d6e-a313-2228cfe9a567",
                                                "name": "CHITTAGONG"
                                            }
                                        },
                                        {
                                            "name": "CHAGALNAIYA",
                                            "id": "04c3cb80-8635-455a-a5fa-84dbaa621b70",
                                            "state": {
                                                "id": "d4e8944a-6e8f-4d6e-a313-2228cfe9a567",
                                                "name": "CHITTAGONG"
                                            }
                                        },
                                        {
                                            "name": "FHULGAZI",
                                            "id": "3290d327-252d-4ac8-b994-c32aa5683ffa",
                                            "state": {
                                                "id": "d4e8944a-6e8f-4d6e-a313-2228cfe9a567",
                                                "name": "CHITTAGONG"
                                            }
                                        },
                                        {
                                            "name": "FENI_SADAR",
                                            "id": "d7952bf9-ddfa-4bc5-a8f0-41dfc66a892e",
                                            "state": {
                                                "id": "d4e8944a-6e8f-4d6e-a313-2228cfe9a567",
                                                "name": "CHITTAGONG"
                                            }
                                        }
                                    ]
                                },
                                {
                                    "id": "970ee245-d795-4373-923b-1d66e666d1a6",
                                    "name": "PATUAKHALI",
                                    "upazilas": [
                                        {
                                            "name": "PATUAKHALI_SADAR",
                                            "id": "afda7029-c236-44ba-b3df-5855d1e83414",
                                            "state": {
                                                "id": "5cbbb439-96e7-4f60-bf2f-abddd0d03e7e",
                                                "name": "BARISAL"
                                            }
                                        },
                                        {
                                            "name": "DASHMINA",
                                            "id": "89e2dffc-cb82-4fdd-9f42-8823500f1b10",
                                            "state": {
                                                "id": "5cbbb439-96e7-4f60-bf2f-abddd0d03e7e",
                                                "name": "BARISAL"
                                            }
                                        },
                                        {
                                            "name": "MIRZAGANJ",
                                            "id": "485e7d51-a1c0-4758-84c1-72129e770eba",
                                            "state": {
                                                "id": "5cbbb439-96e7-4f60-bf2f-abddd0d03e7e",
                                                "name": "BARISAL"
                                            }
                                        },
                                        {
                                            "name": "KALAPARA",
                                            "id": "0f279548-56c6-469b-931d-98f8666550f4",
                                            "state": {
                                                "id": "5cbbb439-96e7-4f60-bf2f-abddd0d03e7e",
                                                "name": "BARISAL"
                                            }
                                        },
                                        {
                                            "name": "GALACHIPA",
                                            "id": "fe4542b1-4c54-435c-93bf-7528621355b9",
                                            "state": {
                                                "id": "5cbbb439-96e7-4f60-bf2f-abddd0d03e7e",
                                                "name": "BARISAL"
                                            }
                                        },
                                        {
                                            "name": "BAUPHAL",
                                            "id": "3befd289-1458-4cfc-bc85-f929255b4161",
                                            "state": {
                                                "id": "5cbbb439-96e7-4f60-bf2f-abddd0d03e7e",
                                                "name": "BARISAL"
                                            }
                                        },
                                        {
                                            "name": "RANGABALI",
                                            "id": "fd694849-085a-4e6e-b708-fc06792067cf",
                                            "state": {
                                                "id": "5cbbb439-96e7-4f60-bf2f-abddd0d03e7e",
                                                "name": "BARISAL"
                                            }
                                        },
                                        {
                                            "name": "DUMKI",
                                            "id": "acde2384-2fcd-4771-bf87-1b5b08efe4a3",
                                            "state": {
                                                "id": "5cbbb439-96e7-4f60-bf2f-abddd0d03e7e",
                                                "name": "BARISAL"
                                            }
                                        }
                                    ]
                                },
                                {
                                    "id": "467a49c1-9b1e-4409-a811-a2541a28cc9d",
                                    "name": "RANGPUR",
                                    "upazilas": [
                                        {
                                            "name": "TARAGANJ",
                                            "id": "f3cafdc7-ff33-4c9a-bf41-e092493e5e1b",
                                            "state": {
                                                "id": "b8c19906-b4fc-4745-ac93-af957934136b",
                                                "name": "RANGPUR"
                                            }
                                        },
                                        {
                                            "name": "GANGACHARA",
                                            "id": "331ce02e-1f27-429d-9256-95faacb19759",
                                            "state": {
                                                "id": "b8c19906-b4fc-4745-ac93-af957934136b",
                                                "name": "RANGPUR"
                                            }
                                        },
                                        {
                                            "name": "BADARGANJ",
                                            "id": "23b5ff55-5742-48ae-9dc6-b15f225a1268",
                                            "state": {
                                                "id": "b8c19906-b4fc-4745-ac93-af957934136b",
                                                "name": "RANGPUR"
                                            }
                                        },
                                        {
                                            "name": "KAUNIA",
                                            "id": "ea59b48e-61b7-40d5-a041-3189f4143167",
                                            "state": {
                                                "id": "b8c19906-b4fc-4745-ac93-af957934136b",
                                                "name": "RANGPUR"
                                            }
                                        },
                                        {
                                            "name": "PIRGACHHA",
                                            "id": "513d1649-1f41-498e-ac2d-6912f8b2327d",
                                            "state": {
                                                "id": "b8c19906-b4fc-4745-ac93-af957934136b",
                                                "name": "RANGPUR"
                                            }
                                        },
                                        {
                                            "name": "MITHAPUKUR",
                                            "id": "d8e55f9d-f8ec-4027-a775-ffb34e90a6c2",
                                            "state": {
                                                "id": "b8c19906-b4fc-4745-ac93-af957934136b",
                                                "name": "RANGPUR"
                                            }
                                        },
                                        {
                                            "name": "RANGPUR_SADAR",
                                            "id": "c7f28afe-ce75-4b54-9eb0-8ad04f863a9d",
                                            "state": {
                                                "id": "b8c19906-b4fc-4745-ac93-af957934136b",
                                                "name": "RANGPUR"
                                            }
                                        }
                                    ]
                                },
                                {
                                    "id": "086915fc-d139-4e2e-839c-b38a5be1e5f6",
                                    "name": "GAIBANDHA",
                                    "upazilas": [
                                        {
                                            "name": "SAGHATA",
                                            "id": "7b7f1bed-05af-46ef-9a98-c4be724fd5e2",
                                            "state": {
                                                "id": "b8c19906-b4fc-4745-ac93-af957934136b",
                                                "name": "RANGPUR"
                                            }
                                        },
                                        {
                                            "name": "SUNDARGANJ",
                                            "id": "b3c77682-f3b2-43a0-b18f-ce0fde8cd30d",
                                            "state": {
                                                "id": "b8c19906-b4fc-4745-ac93-af957934136b",
                                                "name": "RANGPUR"
                                            }
                                        },
                                        {
                                            "name": "GAIBANDHA_SADAR",
                                            "id": "549a592d-7e92-4dba-98a2-ccf8988786d4",
                                            "state": {
                                                "id": "b8c19906-b4fc-4745-ac93-af957934136b",
                                                "name": "RANGPUR"
                                            }
                                        },
                                        {
                                            "name": "PALASHBARI",
                                            "id": "4ca323ee-31f6-4126-a12e-b8ac59881175",
                                            "state": {
                                                "id": "b8c19906-b4fc-4745-ac93-af957934136b",
                                                "name": "RANGPUR"
                                            }
                                        },
                                        {
                                            "name": "GOBINDAGANJ",
                                            "id": "f28adc54-023d-4585-9859-72797f1a509b",
                                            "state": {
                                                "id": "b8c19906-b4fc-4745-ac93-af957934136b",
                                                "name": "RANGPUR"
                                            }
                                        },
                                        {
                                            "name": "FULCHHARI",
                                            "id": "a2a7553c-a2bd-44e5-bd52-0a085246f0a3",
                                            "state": {
                                                "id": "b8c19906-b4fc-4745-ac93-af957934136b",
                                                "name": "RANGPUR"
                                            }
                                        },
                                        {
                                            "name": "SADULLAPUR",
                                            "id": "e9b50e9e-ac38-4969-b483-d3972f87cee4",
                                            "state": {
                                                "id": "b8c19906-b4fc-4745-ac93-af957934136b",
                                                "name": "RANGPUR"
                                            }
                                        }
                                    ]
                                },
                                {
                                    "id": "1c714c0b-021b-4301-a593-2c83a2313649",
                                    "name": "JASHORE",
                                    "upazilas": [
                                        {
                                            "name": "JESSORE_SADAR",
                                            "id": "42f61364-59f7-4623-9426-6cdc057ec349",
                                            "state": {
                                                "id": "642a6748-942f-473d-96c6-a6c1b2e00e05",
                                                "name": "KHULNA"
                                            }
                                        },
                                        {
                                            "name": "JHIKARGACHHA",
                                            "id": "e8528241-9712-4342-9aeb-09f71796e266",
                                            "state": {
                                                "id": "642a6748-942f-473d-96c6-a6c1b2e00e05",
                                                "name": "KHULNA"
                                            }
                                        },
                                        {
                                            "name": "CHAUGACHHA",
                                            "id": "12c0fdba-54d7-44c3-8261-799edb2af99c",
                                            "state": {
                                                "id": "642a6748-942f-473d-96c6-a6c1b2e00e05",
                                                "name": "KHULNA"
                                            }
                                        },
                                        {
                                            "name": "SHARSHA",
                                            "id": "cbf6f38e-583e-4ccc-b6d4-79af79fa8219",
                                            "state": {
                                                "id": "642a6748-942f-473d-96c6-a6c1b2e00e05",
                                                "name": "KHULNA"
                                            }
                                        },
                                        {
                                            "name": "MANIRAMPUR",
                                            "id": "d0720ff4-ff9b-465d-91e9-aa3c8b7786e6",
                                            "state": {
                                                "id": "642a6748-942f-473d-96c6-a6c1b2e00e05",
                                                "name": "KHULNA"
                                            }
                                        },
                                        {
                                            "name": "KESHABPUR",
                                            "id": "eb816407-8817-4b72-a245-aa3d26a6730a",
                                            "state": {
                                                "id": "642a6748-942f-473d-96c6-a6c1b2e00e05",
                                                "name": "KHULNA"
                                            }
                                        },
                                        {
                                            "name": "BAGHERPARA",
                                            "id": "57a33475-5412-4756-96a0-c856f6e69819",
                                            "state": {
                                                "id": "642a6748-942f-473d-96c6-a6c1b2e00e05",
                                                "name": "KHULNA"
                                            }
                                        }
                                    ]
                                },
                                {
                                    "id": "e6fbbbf2-76b6-454c-aab1-00bae43ee7fb",
                                    "name": "CHANDPUR",
                                    "upazilas": [
                                        {
                                            "name": "MATLAB UTTAR",
                                            "id": "063793f3-d840-4cd8-9b37-16b346b5802b",
                                            "state": {
                                                "id": "d4e8944a-6e8f-4d6e-a313-2228cfe9a567",
                                                "name": "CHITTAGONG"
                                            }
                                        },
                                        {
                                            "name": "CHANDPUR_SADAR",
                                            "id": "ed3e766b-5c5f-4898-9807-c60656a34d68",
                                            "state": {
                                                "id": "d4e8944a-6e8f-4d6e-a313-2228cfe9a567",
                                                "name": "CHITTAGONG"
                                            }
                                        },
                                        {
                                            "name": "FARIDGANJ",
                                            "id": "80004c2e-4af7-4c54-a08f-7c5eab9de5b7",
                                            "state": {
                                                "id": "d4e8944a-6e8f-4d6e-a313-2228cfe9a567",
                                                "name": "CHITTAGONG"
                                            }
                                        },
                                        {
                                            "name": "SHAHRASTI",
                                            "id": "ce322d53-bbdb-415b-8d13-45a8185dce83",
                                            "state": {
                                                "id": "d4e8944a-6e8f-4d6e-a313-2228cfe9a567",
                                                "name": "CHITTAGONG"
                                            }
                                        },
                                        {
                                            "name": "HAIMCHAR",
                                            "id": "b7b43526-46a4-48d6-8d67-f4c15ba2afe0",
                                            "state": {
                                                "id": "d4e8944a-6e8f-4d6e-a313-2228cfe9a567",
                                                "name": "CHITTAGONG"
                                            }
                                        },
                                        {
                                            "name": "MATLAB DAKKHIN",
                                            "id": "c099cd9b-69a4-4e70-9314-2d54f940fcd8",
                                            "state": {
                                                "id": "d4e8944a-6e8f-4d6e-a313-2228cfe9a567",
                                                "name": "CHITTAGONG"
                                            }
                                        },
                                        {
                                            "name": "HAZIGANJ",
                                            "id": "d4f9f2a0-9974-4d64-9cf0-139a6619407e",
                                            "state": {
                                                "id": "d4e8944a-6e8f-4d6e-a313-2228cfe9a567",
                                                "name": "CHITTAGONG"
                                            }
                                        }
                                    ]
                                },
                                {
                                    "id": "82157ea8-5e09-483d-82b6-7fbc0c15ead9",
                                    "name": "CHUADANGA",
                                    "upazilas": [
                                        {
                                            "name": "JIBANNAGAR",
                                            "id": "056bb4e6-8df9-4275-8bd0-5de51d1375e5",
                                            "state": {
                                                "id": "642a6748-942f-473d-96c6-a6c1b2e00e05",
                                                "name": "KHULNA"
                                            }
                                        },
                                        {
                                            "name": "DAMURHUDA",
                                            "id": "48021efd-36b5-4321-8505-e9d5d2388c27",
                                            "state": {
                                                "id": "642a6748-942f-473d-96c6-a6c1b2e00e05",
                                                "name": "KHULNA"
                                            }
                                        },
                                        {
                                            "name": "CHUADANGA-S",
                                            "id": "6074f64e-f724-4a45-89fa-45dd861ff000",
                                            "state": {
                                                "id": "642a6748-942f-473d-96c6-a6c1b2e00e05",
                                                "name": "KHULNA"
                                            }
                                        },
                                        {
                                            "name": "ALAMDANGA",
                                            "id": "d0578b99-4bb0-4dbd-9c2c-55ba5b2dd713",
                                            "state": {
                                                "id": "642a6748-942f-473d-96c6-a6c1b2e00e05",
                                                "name": "KHULNA"
                                            }
                                        }
                                    ]
                                },
                                {
                                    "id": "fdd90dd4-29f5-47e3-9c83-86247e30e011",
                                    "name": "MANIKGANJ",
                                    "upazilas": [
                                        {
                                            "name": "SATURIA",
                                            "id": "d9009b9c-883f-44b8-8510-e89dd74298ef",
                                            "state": {
                                                "id": "9c75a95b-9f42-4ca9-a152-78c492590a6f",
                                                "name": "DHAKA"
                                            }
                                        },
                                        {
                                            "name": "SHIBALAYA",
                                            "id": "ab1e982e-faba-4f99-93af-8be8a4fd5fe5",
                                            "state": {
                                                "id": "9c75a95b-9f42-4ca9-a152-78c492590a6f",
                                                "name": "DHAKA"
                                            }
                                        },
                                        {
                                            "name": "GHIOR",
                                            "id": "39c075ea-6975-49d4-9028-f904f0bf6c6c",
                                            "state": {
                                                "id": "9c75a95b-9f42-4ca9-a152-78c492590a6f",
                                                "name": "DHAKA"
                                            }
                                        },
                                        {
                                            "name": "HARIRAMPUR",
                                            "id": "a11e3d5b-0753-4029-9491-ea2ea72465aa",
                                            "state": {
                                                "id": "9c75a95b-9f42-4ca9-a152-78c492590a6f",
                                                "name": "DHAKA"
                                            }
                                        },
                                        {
                                            "name": "SINGAIR",
                                            "id": "f178d21b-89ed-42df-a9a3-21f108b44d28",
                                            "state": {
                                                "id": "9c75a95b-9f42-4ca9-a152-78c492590a6f",
                                                "name": "DHAKA"
                                            }
                                        },
                                        {
                                            "name": "MANIKGANJ_SADAR",
                                            "id": "75442244-e5ad-4289-8a34-d5615d19b3a4",
                                            "state": {
                                                "id": "9c75a95b-9f42-4ca9-a152-78c492590a6f",
                                                "name": "DHAKA"
                                            }
                                        }
                                    ]
                                },
                                {
                                    "id": "eb65d06c-18a8-4220-abbb-a4fc1de8f740",
                                    "name": "MUNSHIGANJ",
                                    "upazilas": [
                                        {
                                            "name": "GAZARIA",
                                            "id": "d93e5ad7-1fa9-453b-be01-f707de0dee0d",
                                            "state": {
                                                "id": "9c75a95b-9f42-4ca9-a152-78c492590a6f",
                                                "name": "DHAKA"
                                            }
                                        },
                                        {
                                            "name": "LOHAJANG",
                                            "id": "8de67669-ef24-4fc0-974d-614802bc635c",
                                            "state": {
                                                "id": "9c75a95b-9f42-4ca9-a152-78c492590a6f",
                                                "name": "DHAKA"
                                            }
                                        },
                                        {
                                            "name": "SREENAGAR",
                                            "id": "8f4bf6d0-176e-46a3-911b-50fa597f928a",
                                            "state": {
                                                "id": "9c75a95b-9f42-4ca9-a152-78c492590a6f",
                                                "name": "DHAKA"
                                            }
                                        },
                                        {
                                            "name": "MUNSHIGANJ_SADAR",
                                            "id": "d0ee788a-80bc-41a6-85c0-285852acb1c1",
                                            "state": {
                                                "id": "9c75a95b-9f42-4ca9-a152-78c492590a6f",
                                                "name": "DHAKA"
                                            }
                                        },
                                        {
                                            "name": "SIRAJDIKHAN",
                                            "id": "76276c1f-b0a4-4ad9-8994-f7056d23bcfd",
                                            "state": {
                                                "id": "9c75a95b-9f42-4ca9-a152-78c492590a6f",
                                                "name": "DHAKA"
                                            }
                                        },
                                        {
                                            "name": "TONGIBARI",
                                            "id": "632c71cf-94e4-43da-b567-79d0e8ddc66c",
                                            "state": {
                                                "id": "9c75a95b-9f42-4ca9-a152-78c492590a6f",
                                                "name": "DHAKA"
                                            }
                                        }
                                    ]
                                },
                                {
                                    "id": "27088eef-3fb2-45db-83f6-7b5820818817",
                                    "name": "KUSHTIA",
                                    "upazilas": [
                                        {
                                            "name": "KUMARKHALI",
                                            "id": "f172ffc4-fc9f-49de-956b-6385b8fd74d3",
                                            "state": {
                                                "id": "642a6748-942f-473d-96c6-a6c1b2e00e05",
                                                "name": "KHULNA"
                                            }
                                        },
                                        {
                                            "name": "BHERAMARA",
                                            "id": "7a6ae3eb-abfb-4059-9759-59fc79242f27",
                                            "state": {
                                                "id": "642a6748-942f-473d-96c6-a6c1b2e00e05",
                                                "name": "KHULNA"
                                            }
                                        },
                                        {
                                            "name": "KUSHTIA_SADAR",
                                            "id": "080eebe9-aace-48e8-81c5-85b575971f51",
                                            "state": {
                                                "id": "642a6748-942f-473d-96c6-a6c1b2e00e05",
                                                "name": "KHULNA"
                                            }
                                        },
                                        {
                                            "name": "MIRPUR",
                                            "id": "b652dbdd-b30a-4afb-886c-9d59c58a8c0e",
                                            "state": {
                                                "id": "642a6748-942f-473d-96c6-a6c1b2e00e05",
                                                "name": "KHULNA"
                                            }
                                        },
                                        {
                                            "name": "KHOKSA",
                                            "id": "2efbd4a2-b662-4471-a226-7feb55866616",
                                            "state": {
                                                "id": "642a6748-942f-473d-96c6-a6c1b2e00e05",
                                                "name": "KHULNA"
                                            }
                                        },
                                        {
                                            "name": "DAULATPUR",
                                            "id": "ca60c131-5d3d-4e69-a08a-e346ffaea90a",
                                            "state": {
                                                "id": "642a6748-942f-473d-96c6-a6c1b2e00e05",
                                                "name": "KHULNA"
                                            }
                                        }
                                    ]
                                },
                                {
                                    "id": "3f0b76be-22bf-4ac9-8a29-0dc53c9641c5",
                                    "name": "BOGURA",
                                    "upazilas": [
                                        {
                                            "name": "SHERPUR",
                                            "id": "27718256-3ec0-4b90-803d-2e077b4c6bb7",
                                            "state": {
                                                "id": "d68c68d2-108e-4635-93d1-28c44525f178",
                                                "name": "RAJSHAHI"
                                            }
                                        },
                                        {
                                            "name": "SARIAKANDI",
                                            "id": "c5843f0e-3bc2-4e45-b823-b5ca3c5c9991",
                                            "state": {
                                                "id": "d68c68d2-108e-4635-93d1-28c44525f178",
                                                "name": "RAJSHAHI"
                                            }
                                        },
                                        {
                                            "name": "NANDIGRAM",
                                            "id": "1085c7de-e430-45fc-970e-79f4336a854a",
                                            "state": {
                                                "id": "d68c68d2-108e-4635-93d1-28c44525f178",
                                                "name": "RAJSHAHI"
                                            }
                                        },
                                        {
                                            "name": "ADAMDIGHI",
                                            "id": "d4fb9820-bf93-498b-bbd9-68c432008c8b",
                                            "state": {
                                                "id": "d68c68d2-108e-4635-93d1-28c44525f178",
                                                "name": "RAJSHAHI"
                                            }
                                        },
                                        {
                                            "name": "DHUNAT",
                                            "id": "4ae13d59-e9e4-47c7-afc0-9f8bfa03e321",
                                            "state": {
                                                "id": "d68c68d2-108e-4635-93d1-28c44525f178",
                                                "name": "RAJSHAHI"
                                            }
                                        },
                                        {
                                            "name": "GABTALI",
                                            "id": "23160f5f-aec6-4b0b-81c4-5aa895621020",
                                            "state": {
                                                "id": "d68c68d2-108e-4635-93d1-28c44525f178",
                                                "name": "RAJSHAHI"
                                            }
                                        },
                                        {
                                            "name": "SONATALA",
                                            "id": "72bf0fce-8301-4e93-b9ce-e7b776e5bd6f",
                                            "state": {
                                                "id": "d68c68d2-108e-4635-93d1-28c44525f178",
                                                "name": "RAJSHAHI"
                                            }
                                        },
                                        {
                                            "name": "BOGRA_SADAR",
                                            "id": "dcf677c9-ffde-466c-a5fd-72d273586b19",
                                            "state": {
                                                "id": "d68c68d2-108e-4635-93d1-28c44525f178",
                                                "name": "RAJSHAHI"
                                            }
                                        },
                                        {
                                            "name": "SAHAJANPUR",
                                            "id": "bfaadb41-661b-4556-8b5c-6d8a2611e817",
                                            "state": {
                                                "id": "d68c68d2-108e-4635-93d1-28c44525f178",
                                                "name": "RAJSHAHI"
                                            }
                                        },
                                        {
                                            "name": "KAHALOO",
                                            "id": "303a6199-9118-46c1-b9ec-68e991107bb5",
                                            "state": {
                                                "id": "d68c68d2-108e-4635-93d1-28c44525f178",
                                                "name": "RAJSHAHI"
                                            }
                                        },
                                        {
                                            "name": "DHUPCHANCHIA",
                                            "id": "25c404c7-009d-4b24-aa5b-8b2a8de06f02",
                                            "state": {
                                                "id": "d68c68d2-108e-4635-93d1-28c44525f178",
                                                "name": "RAJSHAHI"
                                            }
                                        }
                                    ]
                                },
                                {
                                    "id": "acac9cb9-207c-48b8-bf7f-2bb26c3cbaf3",
                                    "name": "SUNAMGANJ",
                                    "upazilas": [
                                        {
                                            "name": "DOWARABAZAR",
                                            "id": "cff4ac7e-408b-4f6b-87ab-3009304229e8",
                                            "state": {
                                                "id": "2f2f0cc1-587a-4dad-a3f0-83c0bac697ec",
                                                "name": "SYLHET"
                                            }
                                        },
                                        {
                                            "name": "JAMALGANJ",
                                            "id": "dc3ee901-0d99-4235-9097-9392156a30b2",
                                            "state": {
                                                "id": "2f2f0cc1-587a-4dad-a3f0-83c0bac697ec",
                                                "name": "SYLHET"
                                            }
                                        },
                                        {
                                            "name": "SUNAMGANJ_SADAR",
                                            "id": "4fef6ecc-27ee-4547-b1f2-cac270075800",
                                            "state": {
                                                "id": "2f2f0cc1-587a-4dad-a3f0-83c0bac697ec",
                                                "name": "SYLHET"
                                            }
                                        },
                                        {
                                            "name": "CHHATAK",
                                            "id": "2850075b-f85b-4b3e-9464-fb094fdab0d1",
                                            "state": {
                                                "id": "2f2f0cc1-587a-4dad-a3f0-83c0bac697ec",
                                                "name": "SYLHET"
                                            }
                                        },
                                        {
                                            "name": "BISHWAMVARPUR",
                                            "id": "bd2a5b8d-2db7-4457-890f-cb7949ab679b",
                                            "state": {
                                                "id": "2f2f0cc1-587a-4dad-a3f0-83c0bac697ec",
                                                "name": "SYLHET"
                                            }
                                        },
                                        {
                                            "name": "TAHIRPUR",
                                            "id": "e629bf90-c502-4b6a-ab23-1c0e2ed8c422",
                                            "state": {
                                                "id": "2f2f0cc1-587a-4dad-a3f0-83c0bac697ec",
                                                "name": "SYLHET"
                                            }
                                        },
                                        {
                                            "name": "SHANTHIGANJ",
                                            "id": "1d7a3c9c-c35f-4813-a587-a3b823c24929",
                                            "state": {
                                                "id": "2f2f0cc1-587a-4dad-a3f0-83c0bac697ec",
                                                "name": "SYLHET"
                                            }
                                        },
                                        {
                                            "name": "DHARAMPASHA",
                                            "id": "eef5310f-38fa-46a5-8c0d-1a1921b45c75",
                                            "state": {
                                                "id": "2f2f0cc1-587a-4dad-a3f0-83c0bac697ec",
                                                "name": "SYLHET"
                                            }
                                        },
                                        {
                                            "name": "DERAI",
                                            "id": "cdd49f46-021e-402f-b1e9-bab17bf44714",
                                            "state": {
                                                "id": "2f2f0cc1-587a-4dad-a3f0-83c0bac697ec",
                                                "name": "SYLHET"
                                            }
                                        },
                                        {
                                            "name": "SULLA",
                                            "id": "f4446cae-89b8-4db4-844b-d46ac7d71a8d",
                                            "state": {
                                                "id": "2f2f0cc1-587a-4dad-a3f0-83c0bac697ec",
                                                "name": "SYLHET"
                                            }
                                        },
                                        {
                                            "name": "MODHYANAGAR",
                                            "id": "f2eb6c8d-a10e-4f30-bf84-758a716f9e5b",
                                            "state": {
                                                "id": "2f2f0cc1-587a-4dad-a3f0-83c0bac697ec",
                                                "name": "SYLHET"
                                            }
                                        },
                                        {
                                            "name": "JAGANNATHPUR",
                                            "id": "ed7e25d5-9cae-409c-b4b6-ec487ae79e26",
                                            "state": {
                                                "id": "2f2f0cc1-587a-4dad-a3f0-83c0bac697ec",
                                                "name": "SYLHET"
                                            }
                                        }
                                    ]
                                },
                                {
                                    "id": "440478fc-7e81-4b0e-9e11-7a30d0240c6a",
                                    "name": "THAKURGAON",
                                    "upazilas": [
                                        {
                                            "name": "RANISANKAIL",
                                            "id": "3fe1bae0-b945-47c8-b858-143e99d1345c",
                                            "state": {
                                                "id": "b8c19906-b4fc-4745-ac93-af957934136b",
                                                "name": "RANGPUR"
                                            }
                                        },
                                        {
                                            "name": "BALIADANGI",
                                            "id": "bc011048-a141-4782-80e6-1de7933f976f",
                                            "state": {
                                                "id": "b8c19906-b4fc-4745-ac93-af957934136b",
                                                "name": "RANGPUR"
                                            }
                                        },
                                        {
                                            "name": "THAKURGAON_SADAR",
                                            "id": "e76216bc-9591-448d-bdd2-f11337f1d167",
                                            "state": {
                                                "id": "b8c19906-b4fc-4745-ac93-af957934136b",
                                                "name": "RANGPUR"
                                            }
                                        },
                                        {
                                            "name": "HARIPUR",
                                            "id": "a057fd71-762f-4e3b-94c4-b0c25f1330e1",
                                            "state": {
                                                "id": "b8c19906-b4fc-4745-ac93-af957934136b",
                                                "name": "RANGPUR"
                                            }
                                        },
                                        {
                                            "name": "PIRGANJ",
                                            "id": "6f84b588-ac8a-4a62-b9ea-5d2ca913c00c",
                                            "state": {
                                                "id": "b8c19906-b4fc-4745-ac93-af957934136b",
                                                "name": "RANGPUR"
                                            }
                                        }
                                    ]
                                },
                                {
                                    "id": "7597f272-f003-4db4-8568-e8f45cb1a56d",
                                    "name": "PANCHAGARH",
                                    "upazilas": [
                                        {
                                            "name": "TETULIA",
                                            "id": "4f9f299d-6613-41be-ab21-4997945547c1",
                                            "state": {
                                                "id": "b8c19906-b4fc-4745-ac93-af957934136b",
                                                "name": "RANGPUR"
                                            }
                                        },
                                        {
                                            "name": "ATWARI",
                                            "id": "1a02f5b1-d095-4d55-9d14-045721e6c40d",
                                            "state": {
                                                "id": "b8c19906-b4fc-4745-ac93-af957934136b",
                                                "name": "RANGPUR"
                                            }
                                        },
                                        {
                                            "name": "BODA",
                                            "id": "d005e319-3338-4877-936c-c01c42003faf",
                                            "state": {
                                                "id": "b8c19906-b4fc-4745-ac93-af957934136b",
                                                "name": "RANGPUR"
                                            }
                                        },
                                        {
                                            "name": "PANCHAGARH_SADAR",
                                            "id": "7c487b8b-afc0-426f-a5a3-2df6ca17e2b7",
                                            "state": {
                                                "id": "b8c19906-b4fc-4745-ac93-af957934136b",
                                                "name": "RANGPUR"
                                            }
                                        },
                                        {
                                            "name": "DEBIGANJ",
                                            "id": "c69f7be1-f80c-49a0-a422-816cc0aedbe2",
                                            "state": {
                                                "id": "b8c19906-b4fc-4745-ac93-af957934136b",
                                                "name": "RANGPUR"
                                            }
                                        }
                                    ]
                                },
                                {
                                    "id": "02e94441-6145-4fbc-b185-7147f9433b0d",
                                    "name": "KHAGRACHARI",
                                    "upazilas": [
                                        {
                                            "name": "LAKSHMICHHARI",
                                            "id": "15bb16dd-f946-4d7f-ba1a-3833795ce9ae",
                                            "state": {
                                                "id": "d4e8944a-6e8f-4d6e-a313-2228cfe9a567",
                                                "name": "CHITTAGONG"
                                            }
                                        },
                                        {
                                            "name": "MANIKCHHARI",
                                            "id": "7ccab6c5-4db7-4c96-b5c2-f9bf8f4b4b2e",
                                            "state": {
                                                "id": "d4e8944a-6e8f-4d6e-a313-2228cfe9a567",
                                                "name": "CHITTAGONG"
                                            }
                                        },
                                        {
                                            "name": "MAHALCHHARI",
                                            "id": "8d6273ce-8713-4857-8d7f-645ec8cf7b49",
                                            "state": {
                                                "id": "d4e8944a-6e8f-4d6e-a313-2228cfe9a567",
                                                "name": "CHITTAGONG"
                                            }
                                        },
                                        {
                                            "name": "DIGHINALA",
                                            "id": "56d905ea-5cc1-4c95-aa62-a369fa67ef86",
                                            "state": {
                                                "id": "d4e8944a-6e8f-4d6e-a313-2228cfe9a567",
                                                "name": "CHITTAGONG"
                                            }
                                        },
                                        {
                                            "name": "MATIRANGA",
                                            "id": "5a40f09b-f1fc-4a4c-9339-7242810be320",
                                            "state": {
                                                "id": "d4e8944a-6e8f-4d6e-a313-2228cfe9a567",
                                                "name": "CHITTAGONG"
                                            }
                                        },
                                        {
                                            "name": "PANCHHARI",
                                            "id": "72bf30e6-6965-4134-82ee-942435bf0cf8",
                                            "state": {
                                                "id": "d4e8944a-6e8f-4d6e-a313-2228cfe9a567",
                                                "name": "CHITTAGONG"
                                            }
                                        },
                                        {
                                            "name": "KHAGRACHHARI",
                                            "id": "0b5ba0d4-cf95-4748-a05d-3243c24b9c2b",
                                            "state": {
                                                "id": "d4e8944a-6e8f-4d6e-a313-2228cfe9a567",
                                                "name": "CHITTAGONG"
                                            }
                                        },
                                        {
                                            "name": "RAMGARH",
                                            "id": "3a985352-6aac-42ca-9d46-0104299d9d5b",
                                            "state": {
                                                "id": "d4e8944a-6e8f-4d6e-a313-2228cfe9a567",
                                                "name": "CHITTAGONG"
                                            }
                                        }
                                    ]
                                },
                                {
                                    "id": "2bdb9cb8-429c-4c87-8651-44eb75bba39f",
                                    "name": "RANGAMATI",
                                    "upazilas": [
                                        {
                                            "name": "KAPTAI",
                                            "id": "b1e5c4ba-9a01-40d7-ae06-e2eff4512f64",
                                            "state": {
                                                "id": "d4e8944a-6e8f-4d6e-a313-2228cfe9a567",
                                                "name": "CHITTAGONG"
                                            }
                                        },
                                        {
                                            "name": "BELAICHHARI",
                                            "id": "66e451b0-a6e5-4797-ae4e-6e3337e8f656",
                                            "state": {
                                                "id": "d4e8944a-6e8f-4d6e-a313-2228cfe9a567",
                                                "name": "CHITTAGONG"
                                            }
                                        },
                                        {
                                            "name": "LANGADU",
                                            "id": "b0ec8354-8a29-4b89-b657-29036d5ff491",
                                            "state": {
                                                "id": "d4e8944a-6e8f-4d6e-a313-2228cfe9a567",
                                                "name": "CHITTAGONG"
                                            }
                                        },
                                        {
                                            "name": "BAGAICHHARI",
                                            "id": "ab30a268-d429-4a3b-ac46-d6b3962a9746",
                                            "state": {
                                                "id": "d4e8944a-6e8f-4d6e-a313-2228cfe9a567",
                                                "name": "CHITTAGONG"
                                            }
                                        },
                                        {
                                            "name": "BARKAL",
                                            "id": "07a7db0e-69ce-417d-8268-7bebb57c11ae",
                                            "state": {
                                                "id": "d4e8944a-6e8f-4d6e-a313-2228cfe9a567",
                                                "name": "CHITTAGONG"
                                            }
                                        },
                                        {
                                            "name": "KAUKHALI",
                                            "id": "303fd905-dc54-4d74-8371-dfc1f477bfc9",
                                            "state": {
                                                "id": "d4e8944a-6e8f-4d6e-a313-2228cfe9a567",
                                                "name": "CHITTAGONG"
                                            }
                                        },
                                        {
                                            "name": "RAJASTHALI",
                                            "id": "1fcbd368-6caa-4dbd-a9fa-2a00e89e77fc",
                                            "state": {
                                                "id": "d4e8944a-6e8f-4d6e-a313-2228cfe9a567",
                                                "name": "CHITTAGONG"
                                            }
                                        },
                                        {
                                            "name": "JURAICHHARI",
                                            "id": "3f4328c9-7b1e-40e9-ad79-d66389645310",
                                            "state": {
                                                "id": "d4e8944a-6e8f-4d6e-a313-2228cfe9a567",
                                                "name": "CHITTAGONG"
                                            }
                                        },
                                        {
                                            "name": "NANNERCHAR",
                                            "id": "fb57848d-e0b9-4051-816c-712fac450852",
                                            "state": {
                                                "id": "d4e8944a-6e8f-4d6e-a313-2228cfe9a567",
                                                "name": "CHITTAGONG"
                                            }
                                        },
                                        {
                                            "name": "RANGAMATI_SADAR",
                                            "id": "1f383e09-c643-4780-a625-02d83259cd37",
                                            "state": {
                                                "id": "d4e8944a-6e8f-4d6e-a313-2228cfe9a567",
                                                "name": "CHITTAGONG"
                                            }
                                        }
                                    ]
                                }
                            ]
                        },
                        {
                            "name": "Pakistan",
                            "id": "bc79ebd2-95a6-46e5-8ade-e7f494021b83",
                            "districts": [
                                
                            ]
                        },
                        {
                            "name": "India",
                            "id": "82ec6692-b098-4803-8cc0-8df58d65ed10",
                            "districts": [
                                
                            ]
                        }
                    ]
                }
            },
            {
                "id": "f4b83278-abe2-46f6-b0c0-50eceba9a35f",
                "region": {
                    "countries": [
                        {
                            "name": "Angola",
                            "id": "5e9f919f-2d42-42ec-8b6c-adf7f7b3cd0b",
                            "districts": [
                                
                            ]
                        },
                        {
                            "name": "Cabo Verde",
                            "id": "e5489353-76dd-4d8d-b61e-d349c6356c68",
                            "districts": [
                                
                            ]
                        },
                        {
                            "name": "Mali",
                            "id": "dd9791d1-fea1-4b9d-9076-37e499de6307",
                            "districts": [
                                
                            ]
                        },
                        {
                            "name": "British Indian Ocean Territory",
                            "id": "20479535-b47b-41ba-8cab-b7024bd8ec82",
                            "districts": [
                                
                            ]
                        },
                        {
                            "name": "Gambia",
                            "id": "efec8f57-a2fb-4f95-b662-d72b21d301ed",
                            "districts": [
                                
                            ]
                        },
                        {
                            "name": "Zambia",
                            "id": "4992bec5-10a9-49df-ad13-69aa7cdcfef6",
                            "districts": [
                                
                            ]
                        },
                        {
                            "name": "Eswatini",
                            "id": "d044d249-e941-47bb-8fae-8cab328ca575",
                            "districts": [
                                
                            ]
                        },
                        {
                            "name": "Mayotte",
                            "id": "f4b83278-abe2-46f6-b0c0-50eceba9a35f",
                            "districts": [
                                
                            ]
                        },
                        {
                            "name": "Burundi",
                            "id": "310ab811-40b5-48da-8a66-e7562f4cf9d1",
                            "districts": [
                                
                            ]
                        },
                        {
                            "name": "Liberia",
                            "id": "86d6e276-b027-4cf8-ad4d-c4793b3425cf",
                            "districts": [
                                
                            ]
                        },
                        {
                            "name": "Mauritius",
                            "id": "a06fe50f-4ff3-483a-83c6-01ce4068ab36",
                            "districts": [
                                
                            ]
                        },
                        {
                            "name": "Sao Tome and Principe",
                            "id": "712df7d0-5d1b-401b-a832-911354b38baf",
                            "districts": [
                                
                            ]
                        },
                        {
                            "name": "Senegal",
                            "id": "990cb125-2ede-4648-b5d4-698d0e6ad712",
                            "districts": [
                                
                            ]
                        },
                        {
                            "name": "Botswana",
                            "id": "f177f103-59bd-4527-831e-101af0a373bd",
                            "districts": [
                                
                            ]
                        },
                        {
                            "name": "Rwanda",
                            "id": "5507db6a-9757-40e2-a498-f8cb8df70fb8",
                            "districts": [
                                
                            ]
                        },
                        {
                            "name": "Niger",
                            "id": "74150778-002b-4ca3-a064-41c5cad3f026",
                            "districts": [
                                
                            ]
                        },
                        {
                            "name": "Benin",
                            "id": "ec5d7439-de38-46d4-8a31-7b23b9525984",
                            "districts": [
                                
                            ]
                        },
                        {
                            "name": "Réunion",
                            "id": "e0f20522-cffc-4e66-8e7d-9334f35fce95",
                            "districts": [
                                
                            ]
                        },
                        {
                            "name": "South Africa",
                            "id": "9a7647d2-60ca-429d-90e5-905edaff872c",
                            "districts": [
                                
                            ]
                        },
                        {
                            "name": "Ghana",
                            "id": "9662349e-2c36-496a-83d5-6f746ae768a7",
                            "districts": [
                                
                            ]
                        },
                        {
                            "name": "Congo",
                            "id": "33c8a05e-4d63-49cd-a5f1-0f4a1d5ab13e",
                            "districts": [
                                
                            ]
                        },
                        {
                            "name": "Guinea-Bissau",
                            "id": "64d1845d-1963-40bc-a31b-1f45084f1644",
                            "districts": [
                                
                            ]
                        },
                        {
                            "name": "Togo",
                            "id": "9d383757-b95f-44da-b535-3887ed82679f",
                            "districts": [
                                
                            ]
                        },
                        {
                            "name": "Namibia",
                            "id": "cf9f295f-bf4c-4a8b-8738-53c6a9ed55b1",
                            "districts": [
                                
                            ]
                        },
                        {
                            "name": "Djibouti",
                            "id": "ba974fdc-3dea-4b6b-a2f3-34624faa59a7",
                            "districts": [
                                
                            ]
                        },
                        {
                            "name": "Gabon",
                            "id": "8f6be81f-6b58-4a61-b684-5c2d620a0e74",
                            "districts": [
                                
                            ]
                        },
                        {
                            "name": "Lesotho",
                            "id": "300752f4-088e-403c-95b0-7a670c09f8cc",
                            "districts": [
                                
                            ]
                        },
                        {
                            "name": "Madagascar",
                            "id": "eb4c5e71-f839-4f3c-8e93-49ef57f4fe8d",
                            "districts": [
                                
                            ]
                        },
                        {
                            "name": "Uganda",
                            "id": "b1693449-e104-47c0-94db-f55cc6c850d5",
                            "districts": [
                                
                            ]
                        },
                        {
                            "name": "Côte d\"Ivoire",
                            "id": "59276e01-0d64-487a-aec6-332ae91f9909",
                            "districts": [
                                
                            ]
                        },
                        {
                            "name": "Nigeria",
                            "id": "3c94aa61-055d-4c38-a40b-67dff395beda",
                            "districts": [
                                
                            ]
                        },
                        {
                            "name": "Zimbabwe",
                            "id": "bfbf9853-bae3-4e57-b7cd-1e9228e8b1f3",
                            "districts": [
                                
                            ]
                        },
                        {
                            "name": "Seychelles",
                            "id": "4c63d1f6-87ba-45f1-9414-eb22bfba46c2",
                            "districts": [
                                
                            ]
                        },
                        {
                            "name": "Cameroon",
                            "id": "0495fba0-693d-433a-a9ef-6bc2ccab6093",
                            "districts": [
                                
                            ]
                        },
                        {
                            "name": "Guinea",
                            "id": "eda1a6fb-f95b-4664-b352-8a468c499b34",
                            "districts": [
                                
                            ]
                        },
                        {
                            "name": "Kenya",
                            "id": "06702720-9c60-4210-8eed-8824f1cc80c2",
                            "districts": [
                                
                            ]
                        },
                        {
                            "name": "Mozambique",
                            "id": "df394703-b3a5-4d0f-aa33-db8b10ba29ab",
                            "districts": [
                                
                            ]
                        },
                        {
                            "name": "Saint Helena, Ascension and Tristan da Cunha",
                            "id": "e379e052-1704-4e98-b4fd-fdac7ca1f9a0",
                            "districts": [
                                
                            ]
                        },
                        {
                            "name": "Ethiopia",
                            "id": "77d5d6a2-5f01-41b8-b06d-88b9efc618f8",
                            "districts": [
                                
                            ]
                        },
                        {
                            "name": "Comoros",
                            "id": "ae0a4c53-9eea-4b4f-b7ab-98750eb58582",
                            "districts": [
                                
                            ]
                        },
                        {
                            "name": "Malawi",
                            "id": "31ffdf7e-d375-4c19-8b4c-6ac8e4486727",
                            "districts": [
                                
                            ]
                        },
                        {
                            "name": "Somalia",
                            "id": "630c356f-e198-4cd0-8e91-b29002c2aca7",
                            "districts": [
                                
                            ]
                        },
                        {
                            "name": "Congo, Democratic Republic of the",
                            "id": "55a5fe27-565c-4963-88c0-9a3ec24dea5c",
                            "districts": [
                                
                            ]
                        },
                        {
                            "name": "Equatorial Guinea",
                            "id": "9d2dd243-9754-4962-a556-6dbbf85b248a",
                            "districts": [
                                
                            ]
                        },
                        {
                            "name": "Chad",
                            "id": "4c4abd99-f4df-4fee-bac5-e2a1eef7ec0f",
                            "districts": [
                                
                            ]
                        },
                        {
                            "name": "Tanzania, United Republic of",
                            "id": "30d8662e-655f-43c8-b307-a2dc0046ebe5",
                            "districts": [
                                
                            ]
                        },
                        {
                            "name": "Sierra Leone",
                            "id": "e2135c5c-dfd3-4d44-b16f-0c29186836ce",
                            "districts": [
                                
                            ]
                        },
                        {
                            "name": "Eritrea",
                            "id": "bdd50ea2-c82d-44e8-b493-09892c245a6d",
                            "districts": [
                                
                            ]
                        },
                        {
                            "name": "Central African Republic",
                            "id": "59d2224e-e8a9-4e08-bf66-6ca50cf3d5e7",
                            "districts": [
                                
                            ]
                        },
                        {
                            "name": "South Sudan",
                            "id": "96e00183-809e-408c-b2f2-0042a6a8a8ba",
                            "districts": [
                                
                            ]
                        },
                        {
                            "name": "Mauritania",
                            "id": "780c64c4-cea5-4b78-85af-7be29c96025f",
                            "districts": [
                                
                            ]
                        },
                        {
                            "name": "Burkina Faso",
                            "id": "cedf0037-0cb1-4ad8-8a83-9ae64bc44992",
                            "districts": [
                                
                            ]
                        }
                    ]
                }
            },
            {
                "id": "1c1d7b9c-1af3-4247-9393-6ab5275ed775",
                "region": {
                    "countries": [
                        {
                            "name": "Iran (Islamic Republic of)",
                            "id": "ea7eef91-f8f4-4603-b7a1-d7039e7033e6",
                            "districts": [
                                
                            ]
                        },
                        {
                            "name": "Sri Lanka",
                            "id": "63a03a51-55d6-4a05-91f9-4be04ceff568",
                            "districts": [
                                
                            ]
                        },
                        {
                            "name": "Cambodia",
                            "id": "1c1d7b9c-1af3-4247-9393-6ab5275ed775",
                            "districts": [
                                
                            ]
                        },
                        {
                            "name": "Indonesia",
                            "id": "a0e90a76-7360-4e64-874a-b88b33bff1c6",
                            "districts": [
                                
                            ]
                        },
                        {
                            "name": "Afghanistan",
                            "id": "1d4758ce-9410-46c2-9e4e-2c90c518f469",
                            "districts": [
                                
                            ]
                        },
                        {
                            "name": "Bhutan",
                            "id": "26ac5483-9a31-41bd-b79e-6c82c30cbd75",
                            "districts": [
                                
                            ]
                        },
                        {
                            "name": "Brunei Darussalam",
                            "id": "218b444b-0354-46bd-b768-b8d48eb632e1",
                            "districts": [
                                
                            ]
                        },
                        {
                            "name": "Maldives",
                            "id": "b0305117-6406-4e3f-bd9c-54999c52fd51",
                            "districts": [
                                
                            ]
                        },
                        {
                            "name": "Nepal",
                            "id": "74ec24a7-5308-4b97-890a-a1b2602ab430",
                            "districts": [
                                
                            ]
                        },
                        {
                            "name": "Bangladesh",
                            "id": "6bd284f1-2216-4efc-a80e-218a56731a50",
                            "districts": [
                                {
                                    "id": "052bb7cb-fa24-4e4e-8a1c-c8b5770f81be",
                                    "name": "BARISHAL",
                                    "upazilas": [
                                        {
                                            "name": "AGAILJHARA",
                                            "id": "a87e5293-71fd-4928-a4bc-3fc87b741bd6",
                                            "state": {
                                                "id": "5cbbb439-96e7-4f60-bf2f-abddd0d03e7e",
                                                "name": "BARISAL"
                                            }
                                        },
                                        {
                                            "name": "WAZIRPUR",
                                            "id": "69a7ae9a-af80-4721-8fa7-390bc7a9f056",
                                            "state": {
                                                "id": "5cbbb439-96e7-4f60-bf2f-abddd0d03e7e",
                                                "name": "BARISAL"
                                            }
                                        },
                                        {
                                            "name": "BANARIPARA",
                                            "id": "a1098f6d-e20c-46ff-a695-71d38485dfcd",
                                            "state": {
                                                "id": "5cbbb439-96e7-4f60-bf2f-abddd0d03e7e",
                                                "name": "BARISAL"
                                            }
                                        },
                                        {
                                            "name": "GAURNADI",
                                            "id": "e054f2d4-ba21-423c-8ce2-8790fd3e96e7",
                                            "state": {
                                                "id": "5cbbb439-96e7-4f60-bf2f-abddd0d03e7e",
                                                "name": "BARISAL"
                                            }
                                        },
                                        {
                                            "name": "HIZLA",
                                            "id": "25dc6a64-73d1-41c4-a7a6-3499e419ee76",
                                            "state": {
                                                "id": "5cbbb439-96e7-4f60-bf2f-abddd0d03e7e",
                                                "name": "BARISAL"
                                            }
                                        },
                                        {
                                            "name": "BARISAL_SADAR",
                                            "id": "3e841942-1acf-40d5-a8f8-e76fccbce201",
                                            "state": {
                                                "id": "5cbbb439-96e7-4f60-bf2f-abddd0d03e7e",
                                                "name": "BARISAL"
                                            }
                                        },
                                        {
                                            "name": "BAKERGANJ",
                                            "id": "898bb968-893a-4791-984c-303c28eee8d1",
                                            "state": {
                                                "id": "5cbbb439-96e7-4f60-bf2f-abddd0d03e7e",
                                                "name": "BARISAL"
                                            }
                                        },
                                        {
                                            "name": "BABUGANJ",
                                            "id": "4ecbd185-acfc-4406-8fd6-b3d94387bea9",
                                            "state": {
                                                "id": "5cbbb439-96e7-4f60-bf2f-abddd0d03e7e",
                                                "name": "BARISAL"
                                            }
                                        },
                                        {
                                            "name": "MEHENDIGANJ",
                                            "id": "4f5b876b-a14d-462f-8cea-0b63aa50a888",
                                            "state": {
                                                "id": "5cbbb439-96e7-4f60-bf2f-abddd0d03e7e",
                                                "name": "BARISAL"
                                            }
                                        },
                                        {
                                            "name": "MULADI",
                                            "id": "0084331b-30ca-4576-8b66-503c7b6a2d0c",
                                            "state": {
                                                "id": "5cbbb439-96e7-4f60-bf2f-abddd0d03e7e",
                                                "name": "BARISAL"
                                            }
                                        }
                                    ]
                                },
                                {
                                    "id": "01836026-20ee-4e28-9585-6bde8c8f98a1",
                                    "name": "KURIGRAM",
                                    "upazilas": [
                                        {
                                            "name": "KURIGRAM_SADAR",
                                            "id": "33b43668-894e-4861-a340-9ab38cfac767",
                                            "state": {
                                                "id": "b8c19906-b4fc-4745-ac93-af957934136b",
                                                "name": "RANGPUR"
                                            }
                                        },
                                        {
                                            "name": "BHURUNGAMARI",
                                            "id": "bd6a746c-8e29-4546-9bde-fe70e7c0b1d4",
                                            "state": {
                                                "id": "b8c19906-b4fc-4745-ac93-af957934136b",
                                                "name": "RANGPUR"
                                            }
                                        },
                                        {
                                            "name": "ULIPUR",
                                            "id": "114b95ad-d7c1-4805-addc-2034bc68d133",
                                            "state": {
                                                "id": "b8c19906-b4fc-4745-ac93-af957934136b",
                                                "name": "RANGPUR"
                                            }
                                        },
                                        {
                                            "name": "CHILMARI",
                                            "id": "b74d834a-c4df-4c64-b08b-00fb86c416bd",
                                            "state": {
                                                "id": "b8c19906-b4fc-4745-ac93-af957934136b",
                                                "name": "RANGPUR"
                                            }
                                        },
                                        {
                                            "name": "NAGESHWARI",
                                            "id": "3c5107f8-412a-47a6-a593-75a1577a2fae",
                                            "state": {
                                                "id": "b8c19906-b4fc-4745-ac93-af957934136b",
                                                "name": "RANGPUR"
                                            }
                                        },
                                        {
                                            "name": "RAJARHAT",
                                            "id": "abfb1886-a2ea-4887-afc3-60cc1d194b6e",
                                            "state": {
                                                "id": "b8c19906-b4fc-4745-ac93-af957934136b",
                                                "name": "RANGPUR"
                                            }
                                        },
                                        {
                                            "name": "PHULBARI",
                                            "id": "3580569a-211a-4991-9e10-f52fd97543a6",
                                            "state": {
                                                "id": "b8c19906-b4fc-4745-ac93-af957934136b",
                                                "name": "RANGPUR"
                                            }
                                        },
                                        {
                                            "name": "CHAR RAJIBPUR",
                                            "id": "7d27e425-d2d2-45a9-b7c9-188e05810c0d",
                                            "state": {
                                                "id": "b8c19906-b4fc-4745-ac93-af957934136b",
                                                "name": "RANGPUR"
                                            }
                                        },
                                        {
                                            "name": "ROWMARI",
                                            "id": "290ffa52-6bbb-4482-a054-ce4aff5f6930",
                                            "state": {
                                                "id": "b8c19906-b4fc-4745-ac93-af957934136b",
                                                "name": "RANGPUR"
                                            }
                                        }
                                    ]
                                },
                                {
                                    "id": "2fb6985f-ccb2-4004-89ac-b5b0de520533",
                                    "name": "DINAJPUR",
                                    "upazilas": [
                                        {
                                            "name": "KAHAROLE",
                                            "id": "55d8d92d-d612-4226-b008-60b84b7b8253",
                                            "state": {
                                                "id": "b8c19906-b4fc-4745-ac93-af957934136b",
                                                "name": "RANGPUR"
                                            }
                                        },
                                        {
                                            "name": "PARBATIPUR",
                                            "id": "6f58194a-7690-4ce0-b14e-bea704af6ee5",
                                            "state": {
                                                "id": "b8c19906-b4fc-4745-ac93-af957934136b",
                                                "name": "RANGPUR"
                                            }
                                        },
                                        {
                                            "name": "HAKIMPUR",
                                            "id": "cc45cab8-96dc-43c5-bbc1-040e75736c03",
                                            "state": {
                                                "id": "b8c19906-b4fc-4745-ac93-af957934136b",
                                                "name": "RANGPUR"
                                            }
                                        },
                                        {
                                            "name": "BIRGANJ",
                                            "id": "9afaa410-ddfd-44d2-95d3-d6cfb030acd7",
                                            "state": {
                                                "id": "b8c19906-b4fc-4745-ac93-af957934136b",
                                                "name": "RANGPUR"
                                            }
                                        },
                                        {
                                            "name": "BIRAL",
                                            "id": "a44acb60-2b84-4fbb-b73e-6030542fed2d",
                                            "state": {
                                                "id": "b8c19906-b4fc-4745-ac93-af957934136b",
                                                "name": "RANGPUR"
                                            }
                                        },
                                        {
                                            "name": "BIRAMPUR",
                                            "id": "5a316d35-7488-4a04-b718-819caf81d849",
                                            "state": {
                                                "id": "b8c19906-b4fc-4745-ac93-af957934136b",
                                                "name": "RANGPUR"
                                            }
                                        },
                                        {
                                            "name": "GHORAGHAT",
                                            "id": "5ea22106-1cb9-47de-8a20-28fdcf292598",
                                            "state": {
                                                "id": "b8c19906-b4fc-4745-ac93-af957934136b",
                                                "name": "RANGPUR"
                                            }
                                        },
                                        {
                                            "name": "KHANSAMA",
                                            "id": "0561e004-20dc-4efd-b2e3-4e1c48d86971",
                                            "state": {
                                                "id": "b8c19906-b4fc-4745-ac93-af957934136b",
                                                "name": "RANGPUR"
                                            }
                                        },
                                        {
                                            "name": "DINAJPUR_SADAR",
                                            "id": "e9d6959d-bf05-490a-a95d-6327f93c17b3",
                                            "state": {
                                                "id": "b8c19906-b4fc-4745-ac93-af957934136b",
                                                "name": "RANGPUR"
                                            }
                                        },
                                        {
                                            "name": "BOCHAGANJ",
                                            "id": "526f5997-d4ab-45f7-af53-6fcd25c1d1dc",
                                            "state": {
                                                "id": "b8c19906-b4fc-4745-ac93-af957934136b",
                                                "name": "RANGPUR"
                                            }
                                        },
                                        {
                                            "name": "CHIRIRBANDAR",
                                            "id": "d371b6be-98e7-44ec-98bb-4e3d06f4fd6c",
                                            "state": {
                                                "id": "b8c19906-b4fc-4745-ac93-af957934136b",
                                                "name": "RANGPUR"
                                            }
                                        },
                                        {
                                            "name": "NAWABGANJ",
                                            "id": "802bf9ac-1597-4c30-94cc-51b1e5cd9941",
                                            "state": {
                                                "id": "b8c19906-b4fc-4745-ac93-af957934136b",
                                                "name": "RANGPUR"
                                            }
                                        }
                                    ]
                                },
                                {
                                    "id": "fcbaee9a-6c04-4a77-a2a8-8ee8f0c812a8",
                                    "name": "BAGERHAT",
                                    "upazilas": [
                                        {
                                            "name": "FAKIRHAT",
                                            "id": "23926ee4-dec3-4ba8-aab6-eee9f7003126",
                                            "state": {
                                                "id": "642a6748-942f-473d-96c6-a6c1b2e00e05",
                                                "name": "KHULNA"
                                            }
                                        },
                                        {
                                            "name": "MORRELGANJ",
                                            "id": "c322b9de-9e52-471a-9642-0c7f9510e303",
                                            "state": {
                                                "id": "642a6748-942f-473d-96c6-a6c1b2e00e05",
                                                "name": "KHULNA"
                                            }
                                        },
                                        {
                                            "name": "RAMPAL",
                                            "id": "687c1175-6f6f-459a-aa56-50ea55ab1852",
                                            "state": {
                                                "id": "642a6748-942f-473d-96c6-a6c1b2e00e05",
                                                "name": "KHULNA"
                                            }
                                        },
                                        {
                                            "name": "MOLLAHAT",
                                            "id": "2a18a82f-5a29-4ec1-b383-bb00faf2f958",
                                            "state": {
                                                "id": "642a6748-942f-473d-96c6-a6c1b2e00e05",
                                                "name": "KHULNA"
                                            }
                                        },
                                        {
                                            "name": "MONGLA",
                                            "id": "4ce72789-eebe-4554-ac41-6e94b6a205d5",
                                            "state": {
                                                "id": "642a6748-942f-473d-96c6-a6c1b2e00e05",
                                                "name": "KHULNA"
                                            }
                                        },
                                        {
                                            "name": "CHITALMARI",
                                            "id": "a6c2a70a-e1dd-4565-9eb4-5a84dfd76d36",
                                            "state": {
                                                "id": "642a6748-942f-473d-96c6-a6c1b2e00e05",
                                                "name": "KHULNA"
                                            }
                                        },
                                        {
                                            "name": "SARANKHOLA",
                                            "id": "29e1d269-c6ca-461f-b8bc-b2cf623b2ed4",
                                            "state": {
                                                "id": "642a6748-942f-473d-96c6-a6c1b2e00e05",
                                                "name": "KHULNA"
                                            }
                                        },
                                        {
                                            "name": "KACHUA",
                                            "id": "458438b9-a371-4d34-a429-9ffc72c4bb5a",
                                            "state": {
                                                "id": "642a6748-942f-473d-96c6-a6c1b2e00e05",
                                                "name": "KHULNA"
                                            }
                                        },
                                        {
                                            "name": "BAGERHAT_SADAR",
                                            "id": "8929c669-4c91-4c08-a279-2b61b2b657cb",
                                            "state": {
                                                "id": "642a6748-942f-473d-96c6-a6c1b2e00e05",
                                                "name": "KHULNA"
                                            }
                                        }
                                    ]
                                },
                                {
                                    "id": "8be8ad99-4257-4c89-bc9f-3fd5b54ea42c",
                                    "name": "BARGUNA",
                                    "upazilas": [
                                        {
                                            "name": "BAMNA",
                                            "id": "0becbad0-8054-48ff-8804-70caef441fbc",
                                            "state": {
                                                "id": "5cbbb439-96e7-4f60-bf2f-abddd0d03e7e",
                                                "name": "BARISAL"
                                            }
                                        },
                                        {
                                            "name": "BARGUNA_SADAR",
                                            "id": "6c8d9659-3f6b-4572-89f6-877db489fb8e",
                                            "state": {
                                                "id": "5cbbb439-96e7-4f60-bf2f-abddd0d03e7e",
                                                "name": "BARISAL"
                                            }
                                        },
                                        {
                                            "name": "BETAGI",
                                            "id": "e84e7c7f-d62f-4111-ac9c-6a758d874fa4",
                                            "state": {
                                                "id": "5cbbb439-96e7-4f60-bf2f-abddd0d03e7e",
                                                "name": "BARISAL"
                                            }
                                        },
                                        {
                                            "name": "AMTALI",
                                            "id": "2061f193-da04-4462-ae2c-7d54a60c9790",
                                            "state": {
                                                "id": "5cbbb439-96e7-4f60-bf2f-abddd0d03e7e",
                                                "name": "BARISAL"
                                            }
                                        },
                                        {
                                            "name": "PATHARGHATA",
                                            "id": "1f651fda-0eb3-4efe-b2a1-751c1dbefb4b",
                                            "state": {
                                                "id": "5cbbb439-96e7-4f60-bf2f-abddd0d03e7e",
                                                "name": "BARISAL"
                                            }
                                        },
                                        {
                                            "name": "TALTALI",
                                            "id": "b6d60b5e-b58e-46be-8b53-370a5bdfe5f4",
                                            "state": {
                                                "id": "5cbbb439-96e7-4f60-bf2f-abddd0d03e7e",
                                                "name": "BARISAL"
                                            }
                                        }
                                    ]
                                },
                                {
                                    "id": "9966ea0c-b228-4955-bb2d-07a5095b2645",
                                    "name": "NATORE",
                                    "upazilas": [
                                        {
                                            "name": "NATORE_SADAR",
                                            "id": "ad6a8021-7b0f-4611-86dd-9522ae859ec2",
                                            "state": {
                                                "id": "d68c68d2-108e-4635-93d1-28c44525f178",
                                                "name": "RAJSHAHI"
                                            }
                                        },
                                        {
                                            "name": "BAGATIPARA",
                                            "id": "8c4fd017-e1a2-46b6-a5e7-4118456a6b1d",
                                            "state": {
                                                "id": "d68c68d2-108e-4635-93d1-28c44525f178",
                                                "name": "RAJSHAHI"
                                            }
                                        },
                                        {
                                            "name": "BARAIGRAM",
                                            "id": "b437a240-a56d-4fcf-8f7b-949ab16dd31d",
                                            "state": {
                                                "id": "d68c68d2-108e-4635-93d1-28c44525f178",
                                                "name": "RAJSHAHI"
                                            }
                                        },
                                        {
                                            "name": "LALPUR",
                                            "id": "b21e478e-7b5e-4c3d-b3a0-cf4e1ba07aac",
                                            "state": {
                                                "id": "d68c68d2-108e-4635-93d1-28c44525f178",
                                                "name": "RAJSHAHI"
                                            }
                                        }
                                    ]
                                },
                                {
                                    "id": "e84d4380-c4bb-4228-88c5-d82e8c1b0865",
                                    "name": "TANGAIL",
                                    "upazilas": [
                                        {
                                            "name": "TANGAIL_SADAR",
                                            "id": "2e5d24da-b036-45be-892b-7f296d666c78",
                                            "state": {
                                                "id": "9c75a95b-9f42-4ca9-a152-78c492590a6f",
                                                "name": "DHAKA"
                                            }
                                        },
                                        {
                                            "name": "DHANBARI",
                                            "id": "1456c986-adde-41d1-a0b0-403604bc0d93",
                                            "state": {
                                                "id": "9c75a95b-9f42-4ca9-a152-78c492590a6f",
                                                "name": "DHAKA"
                                            }
                                        },
                                        {
                                            "name": "DELDUAR",
                                            "id": "3a4c7f79-c00e-49e1-abac-816ed50dc3fb",
                                            "state": {
                                                "id": "9c75a95b-9f42-4ca9-a152-78c492590a6f",
                                                "name": "DHAKA"
                                            }
                                        },
                                        {
                                            "name": "GOPALPUR",
                                            "id": "b2a571f1-2242-424d-9023-7f0f25fd2bb8",
                                            "state": {
                                                "id": "9c75a95b-9f42-4ca9-a152-78c492590a6f",
                                                "name": "DHAKA"
                                            }
                                        },
                                        {
                                            "name": "BASAIL",
                                            "id": "eb604fd4-90f1-40e4-9519-d5a7ca445bfc",
                                            "state": {
                                                "id": "9c75a95b-9f42-4ca9-a152-78c492590a6f",
                                                "name": "DHAKA"
                                            }
                                        },
                                        {
                                            "name": "MIRZAPUR",
                                            "id": "124001b8-78ca-48ce-bbb6-47b461c63063",
                                            "state": {
                                                "id": "9c75a95b-9f42-4ca9-a152-78c492590a6f",
                                                "name": "DHAKA"
                                            }
                                        },
                                        {
                                            "name": "NAGARPUR",
                                            "id": "6cfd02f6-756a-4b9b-85ed-04258d99ca07",
                                            "state": {
                                                "id": "9c75a95b-9f42-4ca9-a152-78c492590a6f",
                                                "name": "DHAKA"
                                            }
                                        },
                                        {
                                            "name": "MADHUPUR",
                                            "id": "21165dd7-b75c-44fb-9e86-4460f532083b",
                                            "state": {
                                                "id": "9c75a95b-9f42-4ca9-a152-78c492590a6f",
                                                "name": "DHAKA"
                                            }
                                        },
                                        {
                                            "name": "BHUAPUR",
                                            "id": "5b9c7e29-0e43-4850-8dca-91a74dab06df",
                                            "state": {
                                                "id": "9c75a95b-9f42-4ca9-a152-78c492590a6f",
                                                "name": "DHAKA"
                                            }
                                        },
                                        {
                                            "name": "GHATAIL",
                                            "id": "6a30d344-ac16-4257-acae-53a8f5a3b49f",
                                            "state": {
                                                "id": "9c75a95b-9f42-4ca9-a152-78c492590a6f",
                                                "name": "DHAKA"
                                            }
                                        },
                                        {
                                            "name": "KALIHATI",
                                            "id": "efef7a8d-28a7-4a48-aeb2-9cc9c9785e37",
                                            "state": {
                                                "id": "9c75a95b-9f42-4ca9-a152-78c492590a6f",
                                                "name": "DHAKA"
                                            }
                                        },
                                        {
                                            "name": "SAKHIPUR",
                                            "id": "86572e49-e51d-4de7-a0d1-26c5bc008a97",
                                            "state": {
                                                "id": "9c75a95b-9f42-4ca9-a152-78c492590a6f",
                                                "name": "DHAKA"
                                            }
                                        }
                                    ]
                                },
                                {
                                    "id": "68d1c1a6-79cf-4614-af26-9c92f954a31f",
                                    "name": "JOYPURHAT",
                                    "upazilas": [
                                        {
                                            "name": "JOYPURHAT S",
                                            "id": "ef9c918e-c776-452b-a9c6-1626f887ed68",
                                            "state": {
                                                "id": "d68c68d2-108e-4635-93d1-28c44525f178",
                                                "name": "RAJSHAHI"
                                            }
                                        },
                                        {
                                            "name": "PANCHBIBI",
                                            "id": "3f918cbc-453d-4529-8bc7-54ea7d192610",
                                            "state": {
                                                "id": "d68c68d2-108e-4635-93d1-28c44525f178",
                                                "name": "RAJSHAHI"
                                            }
                                        },
                                        {
                                            "name": "KALAI",
                                            "id": "06ae58bb-d069-40da-a952-6f345ddaa58d",
                                            "state": {
                                                "id": "d68c68d2-108e-4635-93d1-28c44525f178",
                                                "name": "RAJSHAHI"
                                            }
                                        },
                                        {
                                            "name": "KHETLAL",
                                            "id": "1608a3cd-70aa-46ef-8424-3bcb6f1d83bc",
                                            "state": {
                                                "id": "d68c68d2-108e-4635-93d1-28c44525f178",
                                                "name": "RAJSHAHI"
                                            }
                                        },
                                        {
                                            "name": "AKKELPUR",
                                            "id": "74242c78-e84f-4f42-a882-039391447f6c",
                                            "state": {
                                                "id": "d68c68d2-108e-4635-93d1-28c44525f178",
                                                "name": "RAJSHAHI"
                                            }
                                        }
                                    ]
                                },
                                {
                                    "id": "554b09c8-da48-4e22-ad26-491dde9c455b",
                                    "name": "SATKHIRA",
                                    "upazilas": [
                                        {
                                            "name": "ASSASUNI",
                                            "id": "70a2a525-3a4e-4a75-93b6-0751526ae9fd",
                                            "state": {
                                                "id": "642a6748-942f-473d-96c6-a6c1b2e00e05",
                                                "name": "KHULNA"
                                            }
                                        },
                                        {
                                            "name": "SATKHIRA_SADAR",
                                            "id": "18bd63e5-67e7-417f-a94b-eace376e3c53",
                                            "state": {
                                                "id": "642a6748-942f-473d-96c6-a6c1b2e00e05",
                                                "name": "KHULNA"
                                            }
                                        },
                                        {
                                            "name": "KALAROA",
                                            "id": "2bbc4bea-0602-45d5-b8a7-347875b3e0c5",
                                            "state": {
                                                "id": "642a6748-942f-473d-96c6-a6c1b2e00e05",
                                                "name": "KHULNA"
                                            }
                                        },
                                        {
                                            "name": "DEBHATA",
                                            "id": "43ab5450-3fdf-48c5-af62-8eb39cc6bdbd",
                                            "state": {
                                                "id": "642a6748-942f-473d-96c6-a6c1b2e00e05",
                                                "name": "KHULNA"
                                            }
                                        },
                                        {
                                            "name": "SHYAMNAGAR",
                                            "id": "6c225dcc-fb72-4c69-8842-9e24ca8893b3",
                                            "state": {
                                                "id": "642a6748-942f-473d-96c6-a6c1b2e00e05",
                                                "name": "KHULNA"
                                            }
                                        },
                                        {
                                            "name": "TALA",
                                            "id": "9ba03b6b-a81e-460f-bc16-4070cf8853ce",
                                            "state": {
                                                "id": "642a6748-942f-473d-96c6-a6c1b2e00e05",
                                                "name": "KHULNA"
                                            }
                                        }
                                    ]
                                },
                                {
                                    "id": "8532a8c6-657b-43bc-8ed5-bd8d6ff60ace",
                                    "name": "RAJSHAHI",
                                    "upazilas": [
                                        {
                                            "name": "BAGMARA",
                                            "id": "f2ede638-eab8-4f99-8c6b-a210e841fd1d",
                                            "state": {
                                                "id": "d68c68d2-108e-4635-93d1-28c44525f178",
                                                "name": "RAJSHAHI"
                                            }
                                        },
                                        {
                                            "name": "MOHANPUR",
                                            "id": "7aaac890-91b5-403e-9e63-c3d143b36684",
                                            "state": {
                                                "id": "d68c68d2-108e-4635-93d1-28c44525f178",
                                                "name": "RAJSHAHI"
                                            }
                                        },
                                        {
                                            "name": "BAGHA",
                                            "id": "239db35c-a47a-4654-aa45-5b23ce80c442",
                                            "state": {
                                                "id": "d68c68d2-108e-4635-93d1-28c44525f178",
                                                "name": "RAJSHAHI"
                                            }
                                        },
                                        {
                                            "name": "GODAGARI",
                                            "id": "05d823af-b4fc-4dc6-a7c3-1327766addc8",
                                            "state": {
                                                "id": "d68c68d2-108e-4635-93d1-28c44525f178",
                                                "name": "RAJSHAHI"
                                            }
                                        },
                                        {
                                            "name": "PABA",
                                            "id": "7c7f7c74-c68b-4b89-b932-d8a3239bf9b7",
                                            "state": {
                                                "id": "d68c68d2-108e-4635-93d1-28c44525f178",
                                                "name": "RAJSHAHI"
                                            }
                                        },
                                        {
                                            "name": "TANORE",
                                            "id": "58c5cea6-ca41-4a91-a5fa-b9a5934401ac",
                                            "state": {
                                                "id": "d68c68d2-108e-4635-93d1-28c44525f178",
                                                "name": "RAJSHAHI"
                                            }
                                        },
                                        {
                                            "name": "CHARGHAT",
                                            "id": "aff4647e-2079-4cce-97b0-101fc74ae51b",
                                            "state": {
                                                "id": "d68c68d2-108e-4635-93d1-28c44525f178",
                                                "name": "RAJSHAHI"
                                            }
                                        },
                                        {
                                            "name": "DURGAPUR",
                                            "id": "4223b078-975d-44e9-9365-245f0cb05789",
                                            "state": {
                                                "id": "d68c68d2-108e-4635-93d1-28c44525f178",
                                                "name": "RAJSHAHI"
                                            }
                                        },
                                        {
                                            "name": "PUTHIA",
                                            "id": "2d476069-1315-4416-b9be-a0b422700c68",
                                            "state": {
                                                "id": "d68c68d2-108e-4635-93d1-28c44525f178",
                                                "name": "RAJSHAHI"
                                            }
                                        }
                                    ]
                                },
                                {
                                    "id": "d5260be7-24e7-4c50-9a49-0796cb51b216",
                                    "name": "CUMILLA",
                                    "upazilas": [
                                        {
                                            "name": "DAUDKANDI",
                                            "id": "c1e10c6b-deab-42cb-bdc5-c11244fff880",
                                            "state": {
                                                "id": "d4e8944a-6e8f-4d6e-a313-2228cfe9a567",
                                                "name": "CHITTAGONG"
                                            }
                                        },
                                        {
                                            "name": "DEBIDWAR",
                                            "id": "8226c704-027a-489c-abef-9a3758b49617",
                                            "state": {
                                                "id": "d4e8944a-6e8f-4d6e-a313-2228cfe9a567",
                                                "name": "CHITTAGONG"
                                            }
                                        },
                                        {
                                            "name": "BURICHONG",
                                            "id": "e6684874-0ce5-4f73-9eed-7b72049acf8d",
                                            "state": {
                                                "id": "d4e8944a-6e8f-4d6e-a313-2228cfe9a567",
                                                "name": "CHITTAGONG"
                                            }
                                        },
                                        {
                                            "name": "TITAS",
                                            "id": "b224fbca-58dd-4a13-a2bf-ac01636994e2",
                                            "state": {
                                                "id": "d4e8944a-6e8f-4d6e-a313-2228cfe9a567",
                                                "name": "CHITTAGONG"
                                            }
                                        },
                                        {
                                            "name": "CHANDINA",
                                            "id": "a5e4309c-694a-4781-aa98-f8ec016e4109",
                                            "state": {
                                                "id": "d4e8944a-6e8f-4d6e-a313-2228cfe9a567",
                                                "name": "CHITTAGONG"
                                            }
                                        },
                                        {
                                            "name": "LAKSAM",
                                            "id": "bca6900f-c079-4d77-8616-cd4416f42061",
                                            "state": {
                                                "id": "d4e8944a-6e8f-4d6e-a313-2228cfe9a567",
                                                "name": "CHITTAGONG"
                                            }
                                        },
                                        {
                                            "name": "BARURA",
                                            "id": "8d377f34-bb0c-4aca-82d3-fc9f396451e0",
                                            "state": {
                                                "id": "d4e8944a-6e8f-4d6e-a313-2228cfe9a567",
                                                "name": "CHITTAGONG"
                                            }
                                        },
                                        {
                                            "name": "MURADNAGAR",
                                            "id": "d088b585-95a1-4fac-86b4-0e3b436570d4",
                                            "state": {
                                                "id": "d4e8944a-6e8f-4d6e-a313-2228cfe9a567",
                                                "name": "CHITTAGONG"
                                            }
                                        },
                                        {
                                            "name": "MEGHNA",
                                            "id": "c0cfe679-e617-4907-ae22-20e0a4dd494b",
                                            "state": {
                                                "id": "d4e8944a-6e8f-4d6e-a313-2228cfe9a567",
                                                "name": "CHITTAGONG"
                                            }
                                        },
                                        {
                                            "name": "BRAHMANPARA",
                                            "id": "f35b2456-9e76-487c-a998-b51eb7a6eae4",
                                            "state": {
                                                "id": "d4e8944a-6e8f-4d6e-a313-2228cfe9a567",
                                                "name": "CHITTAGONG"
                                            }
                                        },
                                        {
                                            "name": "COMILLA_SADAR",
                                            "id": "6abbbc95-fa39-49c4-8127-1453fe90181c",
                                            "state": {
                                                "id": "d4e8944a-6e8f-4d6e-a313-2228cfe9a567",
                                                "name": "CHITTAGONG"
                                            }
                                        },
                                        {
                                            "name": "NANGALKOT",
                                            "id": "e9e0cac7-f5dd-44d5-b1e9-9e9e1166c478",
                                            "state": {
                                                "id": "d4e8944a-6e8f-4d6e-a313-2228cfe9a567",
                                                "name": "CHITTAGONG"
                                            }
                                        },
                                        {
                                            "name": "CHAUDDAGRAM",
                                            "id": "7c9eac52-0e2e-4867-b2ee-7c4cf3a1c643",
                                            "state": {
                                                "id": "d4e8944a-6e8f-4d6e-a313-2228cfe9a567",
                                                "name": "CHITTAGONG"
                                            }
                                        },
                                        {
                                            "name": "COMILLA_SADAR SOUTH",
                                            "id": "a8ea2db4-ee9b-4340-8537-83cd622292c2",
                                            "state": {
                                                "id": "d4e8944a-6e8f-4d6e-a313-2228cfe9a567",
                                                "name": "CHITTAGONG"
                                            }
                                        },
                                        {
                                            "name": "MONOHORGONJ",
                                            "id": "eabcbd1f-9f0e-494c-b8a3-16301fd6fa10",
                                            "state": {
                                                "id": "d4e8944a-6e8f-4d6e-a313-2228cfe9a567",
                                                "name": "CHITTAGONG"
                                            }
                                        },
                                        {
                                            "name": "HOMNA",
                                            "id": "07582306-d3c1-4cb1-b07e-23d0a4d62a5f",
                                            "state": {
                                                "id": "d4e8944a-6e8f-4d6e-a313-2228cfe9a567",
                                                "name": "CHITTAGONG"
                                            }
                                        }
                                    ]
                                },
                                {
                                    "id": "272e4693-e399-466a-b021-6728909093d3",
                                    "name": "BRAHMANBARIA",
                                    "upazilas": [
                                        {
                                            "name": "KASBA",
                                            "id": "4498e76d-1d3f-48af-9194-032e8d236b61",
                                            "state": {
                                                "id": "d4e8944a-6e8f-4d6e-a313-2228cfe9a567",
                                                "name": "CHITTAGONG"
                                            }
                                        },
                                        {
                                            "name": "BRAHMANBARIA_SADAR",
                                            "id": "4f269d37-5f46-460f-b145-ada17379cbfc",
                                            "state": {
                                                "id": "d4e8944a-6e8f-4d6e-a313-2228cfe9a567",
                                                "name": "CHITTAGONG"
                                            }
                                        },
                                        {
                                            "name": "ASHUGANJ",
                                            "id": "e5395c84-18d2-4543-a6ec-a707cfe81bcc",
                                            "state": {
                                                "id": "d4e8944a-6e8f-4d6e-a313-2228cfe9a567",
                                                "name": "CHITTAGONG"
                                            }
                                        },
                                        {
                                            "name": "BIJOYNAGAR",
                                            "id": "947631d1-8146-4df8-ae1e-4d04e7595de6",
                                            "state": {
                                                "id": "d4e8944a-6e8f-4d6e-a313-2228cfe9a567",
                                                "name": "CHITTAGONG"
                                            }
                                        },
                                        {
                                            "name": "BANCHARAMPUR",
                                            "id": "0db8bac6-d7d0-4100-869e-41ebe3eb92cd",
                                            "state": {
                                                "id": "d4e8944a-6e8f-4d6e-a313-2228cfe9a567",
                                                "name": "CHITTAGONG"
                                            }
                                        },
                                        {
                                            "name": "AKHAURA",
                                            "id": "5a302ebb-61a8-4e8c-8b59-6a7a49a7b201",
                                            "state": {
                                                "id": "d4e8944a-6e8f-4d6e-a313-2228cfe9a567",
                                                "name": "CHITTAGONG"
                                            }
                                        },
                                        {
                                            "name": "NASIRNAGAR",
                                            "id": "76484d2d-47cc-4c8b-99e1-24c94c3c330e",
                                            "state": {
                                                "id": "d4e8944a-6e8f-4d6e-a313-2228cfe9a567",
                                                "name": "CHITTAGONG"
                                            }
                                        },
                                        {
                                            "name": "NABINAGAR",
                                            "id": "84aeef02-dd01-48da-8468-ac1f5479bf70",
                                            "state": {
                                                "id": "d4e8944a-6e8f-4d6e-a313-2228cfe9a567",
                                                "name": "CHITTAGONG"
                                            }
                                        },
                                        {
                                            "name": "SARAIL",
                                            "id": "ba8e3375-d3cc-48f3-915c-9699081fa9d5",
                                            "state": {
                                                "id": "d4e8944a-6e8f-4d6e-a313-2228cfe9a567",
                                                "name": "CHITTAGONG"
                                            }
                                        },
                                        {
                                            "name": "SHAHBAZPUR TOWN",
                                            "id": "9aa10ffe-f68d-4c46-9994-04d746f5d1bc",
                                            "state": {
                                                "id": "d4e8944a-6e8f-4d6e-a313-2228cfe9a567",
                                                "name": "CHITTAGONG"
                                            }
                                        }
                                    ]
                                },
                                {
                                    "id": "3c67f19f-4e59-4fda-8503-117efa8b69d6",
                                    "name": "LAKSHMIPUR",
                                    "upazilas": [
                                        {
                                            "name": "RAMGATI",
                                            "id": "85171790-705a-43f5-ac34-99c2048f50f7",
                                            "state": {
                                                "id": "d4e8944a-6e8f-4d6e-a313-2228cfe9a567",
                                                "name": "CHITTAGONG"
                                            }
                                        },
                                        {
                                            "name": "RAIPUR",
                                            "id": "bed17fa7-df5e-41a3-905b-d4675de832ce",
                                            "state": {
                                                "id": "d4e8944a-6e8f-4d6e-a313-2228cfe9a567",
                                                "name": "CHITTAGONG"
                                            }
                                        },
                                        {
                                            "name": "LAKSHMIPUR_SADAR",
                                            "id": "2769623f-1de5-407a-8e77-ce987cbfc80e",
                                            "state": {
                                                "id": "d4e8944a-6e8f-4d6e-a313-2228cfe9a567",
                                                "name": "CHITTAGONG"
                                            }
                                        },
                                        {
                                            "name": "KOMOL NAGAR",
                                            "id": "7550df44-de22-487f-aa63-47fea04a985d",
                                            "state": {
                                                "id": "d4e8944a-6e8f-4d6e-a313-2228cfe9a567",
                                                "name": "CHITTAGONG"
                                            }
                                        },
                                        {
                                            "name": "RAMGANJ",
                                            "id": "b5ceb354-c53c-41c3-b9e5-83bf8be9ed17",
                                            "state": {
                                                "id": "d4e8944a-6e8f-4d6e-a313-2228cfe9a567",
                                                "name": "CHITTAGONG"
                                            }
                                        }
                                    ]
                                },
                                {
                                    "id": "1774b360-47d1-4c74-94f9-e92b49968263",
                                    "name": "NETROKONA",
                                    "upazilas": [
                                        {
                                            "name": "KALMAKANDA UPAZILLA",
                                            "id": "c06fd86e-e96d-4148-b393-c7a909eb6b5c",
                                            "state": {
                                                "id": "f6395340-53b2-4824-8252-ef3a164b8446",
                                                "name": "MAYMENSINGH"
                                            }
                                        },
                                        {
                                            "name": "MOHANGANJ UPAZILLA",
                                            "id": "8bdfbfde-f52f-4eda-a4dc-1ea70461cf15",
                                            "state": {
                                                "id": "f6395340-53b2-4824-8252-ef3a164b8446",
                                                "name": "MAYMENSINGH"
                                            }
                                        },
                                        {
                                            "name": "NETRAKONA-S UPAZILLA",
                                            "id": "8f6dd6df-f4b6-434f-a8d8-50363278501f",
                                            "state": {
                                                "id": "f6395340-53b2-4824-8252-ef3a164b8446",
                                                "name": "MAYMENSINGH"
                                            }
                                        },
                                        {
                                            "name": "BARHATTA UPAZILLA",
                                            "id": "98dd7d62-259b-4f9b-8bcb-c9b81440439b",
                                            "state": {
                                                "id": "f6395340-53b2-4824-8252-ef3a164b8446",
                                                "name": "MAYMENSINGH"
                                            }
                                        },
                                        {
                                            "name": "KHALIAJURI UPAZILLA",
                                            "id": "0a55806b-be24-484b-9c56-3b475d525ec3",
                                            "state": {
                                                "id": "f6395340-53b2-4824-8252-ef3a164b8446",
                                                "name": "MAYMENSINGH"
                                            }
                                        },
                                        {
                                            "name": "KENDUA UPAZILLA",
                                            "id": "0a227fd8-fa1a-437b-b3e8-80df07ce0127",
                                            "state": {
                                                "id": "f6395340-53b2-4824-8252-ef3a164b8446",
                                                "name": "MAYMENSINGH"
                                            }
                                        },
                                        {
                                            "name": "ATPARA UPAZILLA",
                                            "id": "0f88c435-a402-42a6-b543-fcaad9a10cf9",
                                            "state": {
                                                "id": "f6395340-53b2-4824-8252-ef3a164b8446",
                                                "name": "MAYMENSINGH"
                                            }
                                        },
                                        {
                                            "name": "PURBADHALA UPAZILLA",
                                            "id": "421e74d9-7bd0-4186-9468-99173c747a9a",
                                            "state": {
                                                "id": "f6395340-53b2-4824-8252-ef3a164b8446",
                                                "name": "MAYMENSINGH"
                                            }
                                        },
                                        {
                                            "name": "MADAN UPAZILLA",
                                            "id": "8a74093b-0358-4469-abcf-e179b122d97c",
                                            "state": {
                                                "id": "f6395340-53b2-4824-8252-ef3a164b8446",
                                                "name": "MAYMENSINGH"
                                            }
                                        },
                                        {
                                            "name": "DURGAPUR UPAZILLA",
                                            "id": "620df571-6ff3-4f42-9879-01d7fbd58664",
                                            "state": {
                                                "id": "f6395340-53b2-4824-8252-ef3a164b8446",
                                                "name": "MAYMENSINGH"
                                            }
                                        }
                                    ]
                                },
                                {
                                    "id": "f46364df-b16f-4916-9601-56bc37674090",
                                    "name": "MADARIPUR",
                                    "upazilas": [
                                        {
                                            "name": "RAJOIR",
                                            "id": "e93745bf-e56f-4059-9a47-0cdc7a6dd0e6",
                                            "state": {
                                                "id": "9c75a95b-9f42-4ca9-a152-78c492590a6f",
                                                "name": "DHAKA"
                                            }
                                        },
                                        {
                                            "name": "KALKINI",
                                            "id": "39b91e5b-54e0-4ef5-900c-0f260df1b12c",
                                            "state": {
                                                "id": "9c75a95b-9f42-4ca9-a152-78c492590a6f",
                                                "name": "DHAKA"
                                            }
                                        },
                                        {
                                            "name": "DASAR",
                                            "id": "3558fcad-3277-4d85-8b05-c4c39ad8add0",
                                            "state": {
                                                "id": "9c75a95b-9f42-4ca9-a152-78c492590a6f",
                                                "name": "DHAKA"
                                            }
                                        },
                                        {
                                            "name": "SHIBCHAR",
                                            "id": "2090422b-acad-447b-bdc5-f5df7813287d",
                                            "state": {
                                                "id": "9c75a95b-9f42-4ca9-a152-78c492590a6f",
                                                "name": "DHAKA"
                                            }
                                        },
                                        {
                                            "name": "MADARIPUR_SADAR",
                                            "id": "a0368a52-0c1a-4ca6-8c6f-3bddda0602bf",
                                            "state": {
                                                "id": "9c75a95b-9f42-4ca9-a152-78c492590a6f",
                                                "name": "DHAKA"
                                            }
                                        }
                                    ]
                                },
                                {
                                    "id": "03394485-abb0-4a8f-b928-9b986ca6cd35",
                                    "name": "NARAYANGANJ",
                                    "upazilas": [
                                        {
                                            "name": "NARYANGANJ_SADAR",
                                            "id": "204bc228-4838-4831-86c1-83fddbab206c",
                                            "state": {
                                                "id": "9c75a95b-9f42-4ca9-a152-78c492590a6f",
                                                "name": "DHAKA"
                                            }
                                        },
                                        {
                                            "name": "SONARGAON",
                                            "id": "f49e5635-d73c-4cea-83ee-5de520c1ceb3",
                                            "state": {
                                                "id": "9c75a95b-9f42-4ca9-a152-78c492590a6f",
                                                "name": "DHAKA"
                                            }
                                        },
                                        {
                                            "name": "ARAIHAZAR",
                                            "id": "5b715c3d-64d6-4144-81a2-c9c3222c3583",
                                            "state": {
                                                "id": "9c75a95b-9f42-4ca9-a152-78c492590a6f",
                                                "name": "DHAKA"
                                            }
                                        },
                                        {
                                            "name": "BANDAR",
                                            "id": "f745e13a-9ff7-4b1f-a370-3706ed8fe794",
                                            "state": {
                                                "id": "9c75a95b-9f42-4ca9-a152-78c492590a6f",
                                                "name": "DHAKA"
                                            }
                                        },
                                        {
                                            "name": "RUPGANJ",
                                            "id": "850fc0af-59a8-4beb-aeb5-f9d2a33fae32",
                                            "state": {
                                                "id": "9c75a95b-9f42-4ca9-a152-78c492590a6f",
                                                "name": "DHAKA"
                                            }
                                        },
                                        {
                                            "name": "SIDDIRGONJ",
                                            "id": "eb803c77-6bd5-4485-8984-cefc09569d46",
                                            "state": {
                                                "id": "9c75a95b-9f42-4ca9-a152-78c492590a6f",
                                                "name": "DHAKA"
                                            }
                                        }
                                    ]
                                },
                                {
                                    "id": "6988fbb2-ec1a-483e-b38d-b444db1232e4",
                                    "name": "GAZIPUR",
                                    "upazilas": [
                                        {
                                            "name": "SRIPUR",
                                            "id": "ff0b71cd-078d-4b86-bbfc-277f9e7831bd",
                                            "state": {
                                                "id": "9c75a95b-9f42-4ca9-a152-78c492590a6f",
                                                "name": "DHAKA"
                                            }
                                        },
                                        {
                                            "name": "KALIAKIOR",
                                            "id": "38522ca1-1e56-4afb-8e22-9fb942025670",
                                            "state": {
                                                "id": "9c75a95b-9f42-4ca9-a152-78c492590a6f",
                                                "name": "DHAKA"
                                            }
                                        },
                                        {
                                            "name": "TONGI",
                                            "id": "7d80f457-b9e9-4264-838e-5b085f402e99",
                                            "state": {
                                                "id": "9c75a95b-9f42-4ca9-a152-78c492590a6f",
                                                "name": "DHAKA"
                                            }
                                        },
                                        {
                                            "name": "KAPASIA",
                                            "id": "90c13f9e-25c6-41cc-aecc-da6ec1adf439",
                                            "state": {
                                                "id": "9c75a95b-9f42-4ca9-a152-78c492590a6f",
                                                "name": "DHAKA"
                                            }
                                        },
                                        {
                                            "name": "GAZIPUR_SADAR-JOYDEBPUR",
                                            "id": "9de27df1-812c-47be-a756-66b298a15281",
                                            "state": {
                                                "id": "9c75a95b-9f42-4ca9-a152-78c492590a6f",
                                                "name": "DHAKA"
                                            }
                                        }
                                    ]
                                },
                                {
                                    "id": "3e56df9f-26ae-4ec2-9d75-cbe655ee5fcd",
                                    "name": "NAWABGANJ",
                                    "upazilas": [
                                        {
                                            "name": "SHIBGANJ",
                                            "id": "5a69a253-29cc-437b-bd7f-765f9020b05c",
                                            "state": {
                                                "id": "d68c68d2-108e-4635-93d1-28c44525f178",
                                                "name": "RAJSHAHI"
                                            }
                                        },
                                        {
                                            "name": "NAWABGANJ_SADAR",
                                            "id": "38cf4ab6-34d7-4822-81c9-cf35860c09eb",
                                            "state": {
                                                "id": "d68c68d2-108e-4635-93d1-28c44525f178",
                                                "name": "RAJSHAHI"
                                            }
                                        },
                                        {
                                            "name": "BHOLAHAT",
                                            "id": "1fc07589-90dc-4484-91b3-b7aa6ea120c7",
                                            "state": {
                                                "id": "d68c68d2-108e-4635-93d1-28c44525f178",
                                                "name": "RAJSHAHI"
                                            }
                                        },
                                        {
                                            "name": "GOMASTAPUR",
                                            "id": "e02d73bf-e86e-49c6-a88f-386dba2e77f5",
                                            "state": {
                                                "id": "d68c68d2-108e-4635-93d1-28c44525f178",
                                                "name": "RAJSHAHI"
                                            }
                                        },
                                        {
                                            "name": "NACHOLE",
                                            "id": "ef4efc17-4d51-42ad-ab19-ad9ca8825334",
                                            "state": {
                                                "id": "d68c68d2-108e-4635-93d1-28c44525f178",
                                                "name": "RAJSHAHI"
                                            }
                                        }
                                    ]
                                },
                                {
                                    "id": "d9ba4812-1282-44de-9f59-c343ec5d1623",
                                    "name": "HABIGANJ",
                                    "upazilas": [
                                        {
                                            "name": "MADHABPUR",
                                            "id": "6b3a6f8c-2a46-4f42-9eec-ca4dce6db8d1",
                                            "state": {
                                                "id": "2f2f0cc1-587a-4dad-a3f0-83c0bac697ec",
                                                "name": "SYLHET"
                                            }
                                        },
                                        {
                                            "name": "AJMIRIGANJ",
                                            "id": "fe078d20-cdd6-4505-987f-75724794fc60",
                                            "state": {
                                                "id": "2f2f0cc1-587a-4dad-a3f0-83c0bac697ec",
                                                "name": "SYLHET"
                                            }
                                        },
                                        {
                                            "name": "HABIGANJ_SADAR",
                                            "id": "9abb2827-c6bf-4dff-88ba-08a8f443de07",
                                            "state": {
                                                "id": "2f2f0cc1-587a-4dad-a3f0-83c0bac697ec",
                                                "name": "SYLHET"
                                            }
                                        },
                                        {
                                            "name": "SHAISTAGONJ",
                                            "id": "7b1ffaa0-17d4-41aa-8a09-ef548e1ed0d3",
                                            "state": {
                                                "id": "2f2f0cc1-587a-4dad-a3f0-83c0bac697ec",
                                                "name": "SYLHET"
                                            }
                                        },
                                        {
                                            "name": "CHUNARUGHAT",
                                            "id": "e93527a1-bc76-4c94-9a0b-a1bf1ffeb2d9",
                                            "state": {
                                                "id": "2f2f0cc1-587a-4dad-a3f0-83c0bac697ec",
                                                "name": "SYLHET"
                                            }
                                        },
                                        {
                                            "name": "LAKHAI",
                                            "id": "63cbbda9-fd2e-4571-88a4-5ee93002ece0",
                                            "state": {
                                                "id": "2f2f0cc1-587a-4dad-a3f0-83c0bac697ec",
                                                "name": "SYLHET"
                                            }
                                        },
                                        {
                                            "name": "BANIACHANG",
                                            "id": "3c4a572a-fa59-4f9a-bb18-c3452a160f07",
                                            "state": {
                                                "id": "2f2f0cc1-587a-4dad-a3f0-83c0bac697ec",
                                                "name": "SYLHET"
                                            }
                                        },
                                        {
                                            "name": "BAHUBAL",
                                            "id": "0cc7bd46-ff4a-4097-8624-86a54e58635a",
                                            "state": {
                                                "id": "2f2f0cc1-587a-4dad-a3f0-83c0bac697ec",
                                                "name": "SYLHET"
                                            }
                                        },
                                        {
                                            "name": "NABIGANJ",
                                            "id": "753f6651-0ca3-4a21-8edc-9a33086ba51e",
                                            "state": {
                                                "id": "2f2f0cc1-587a-4dad-a3f0-83c0bac697ec",
                                                "name": "SYLHET"
                                            }
                                        }
                                    ]
                                },
                                {
                                    "id": "aec90468-bdf5-4909-9603-7fb165dd34b0",
                                    "name": "BANDARBAN",
                                    "upazilas": [
                                        {
                                            "name": "BANDARBAN_SADAR",
                                            "id": "29593331-9a0e-411b-b8dc-a3d3d92eb941",
                                            "state": {
                                                "id": "d4e8944a-6e8f-4d6e-a313-2228cfe9a567",
                                                "name": "CHITTAGONG"
                                            }
                                        },
                                        {
                                            "name": "LAMA",
                                            "id": "2e0b2174-f8fd-4253-8c0a-70683d748a3f",
                                            "state": {
                                                "id": "d4e8944a-6e8f-4d6e-a313-2228cfe9a567",
                                                "name": "CHITTAGONG"
                                            }
                                        },
                                        {
                                            "name": "ALI KADAM",
                                            "id": "9fde9ce1-993f-4259-91e7-3b98a24e8761",
                                            "state": {
                                                "id": "d4e8944a-6e8f-4d6e-a313-2228cfe9a567",
                                                "name": "CHITTAGONG"
                                            }
                                        },
                                        {
                                            "name": "ROWANGCHHARI",
                                            "id": "276ee236-ded6-41ca-8e0a-f78e67d2b3da",
                                            "state": {
                                                "id": "d4e8944a-6e8f-4d6e-a313-2228cfe9a567",
                                                "name": "CHITTAGONG"
                                            }
                                        },
                                        {
                                            "name": "THANCHI",
                                            "id": "03e46154-e64f-46e4-a1ec-e85ddf107787",
                                            "state": {
                                                "id": "d4e8944a-6e8f-4d6e-a313-2228cfe9a567",
                                                "name": "CHITTAGONG"
                                            }
                                        },
                                        {
                                            "name": "RUMA",
                                            "id": "1151bfe0-da1f-4b1f-b114-4bf1d90d22cc",
                                            "state": {
                                                "id": "d4e8944a-6e8f-4d6e-a313-2228cfe9a567",
                                                "name": "CHITTAGONG"
                                            }
                                        },
                                        {
                                            "name": "NAIKHONGCHHARI",
                                            "id": "6a91aef8-e8f4-4a6d-ba56-d0c2dc7c1825",
                                            "state": {
                                                "id": "d4e8944a-6e8f-4d6e-a313-2228cfe9a567",
                                                "name": "CHITTAGONG"
                                            }
                                        }
                                    ]
                                },
                                {
                                    "id": "c73a2eed-dabd-4afe-8697-b61c7660367c",
                                    "name": "SYLHET",
                                    "upazilas": [
                                        {
                                            "name": "COMPANIGANJ",
                                            "id": "31e28b0b-7ebc-421d-b4ba-639b9ca7cb53",
                                            "state": {
                                                "id": "2f2f0cc1-587a-4dad-a3f0-83c0bac697ec",
                                                "name": "SYLHET"
                                            }
                                        },
                                        {
                                            "name": "SYLHET_SADAR",
                                            "id": "a34f0b38-18e8-4262-86b2-1651bb537760",
                                            "state": {
                                                "id": "2f2f0cc1-587a-4dad-a3f0-83c0bac697ec",
                                                "name": "SYLHET"
                                            }
                                        },
                                        {
                                            "name": "BISHWANATH",
                                            "id": "d6ba0515-8d7b-4bfb-98c2-106a38549130",
                                            "state": {
                                                "id": "2f2f0cc1-587a-4dad-a3f0-83c0bac697ec",
                                                "name": "SYLHET"
                                            }
                                        },
                                        {
                                            "name": "KANAIGHAT",
                                            "id": "e031ef05-3d43-4ad6-b6f1-b773fbb9096d",
                                            "state": {
                                                "id": "2f2f0cc1-587a-4dad-a3f0-83c0bac697ec",
                                                "name": "SYLHET"
                                            }
                                        },
                                        {
                                            "name": "GOLAPGANJ",
                                            "id": "210156d5-afd9-4bd0-a11a-b9a4c5cbbdbc",
                                            "state": {
                                                "id": "2f2f0cc1-587a-4dad-a3f0-83c0bac697ec",
                                                "name": "SYLHET"
                                            }
                                        },
                                        {
                                            "name": "GOWAINGHAT",
                                            "id": "2dd4daf8-43b6-482d-a890-2bb2a70e8991",
                                            "state": {
                                                "id": "2f2f0cc1-587a-4dad-a3f0-83c0bac697ec",
                                                "name": "SYLHET"
                                            }
                                        },
                                        {
                                            "name": "ZAKIGANJ",
                                            "id": "30f4b678-fdec-482d-8f8a-e26c346f26ad",
                                            "state": {
                                                "id": "2f2f0cc1-587a-4dad-a3f0-83c0bac697ec",
                                                "name": "SYLHET"
                                            }
                                        },
                                        {
                                            "name": "JAINTIAPUR",
                                            "id": "8f86c696-7e8e-44a4-91cf-6561dd174a18",
                                            "state": {
                                                "id": "2f2f0cc1-587a-4dad-a3f0-83c0bac697ec",
                                                "name": "SYLHET"
                                            }
                                        },
                                        {
                                            "name": "DAKSHIN SURMA",
                                            "id": "ff180545-ebf0-481f-827b-2fa7cd6ee10b",
                                            "state": {
                                                "id": "2f2f0cc1-587a-4dad-a3f0-83c0bac697ec",
                                                "name": "SYLHET"
                                            }
                                        },
                                        {
                                            "name": "FENCHUGANJ",
                                            "id": "adaf36ec-689f-4591-b29c-8677a4e45f9e",
                                            "state": {
                                                "id": "2f2f0cc1-587a-4dad-a3f0-83c0bac697ec",
                                                "name": "SYLHET"
                                            }
                                        },
                                        {
                                            "name": "NOBIGONJ",
                                            "id": "c04977f2-7416-40cf-9c90-d828a9e789d5",
                                            "state": {
                                                "id": "2f2f0cc1-587a-4dad-a3f0-83c0bac697ec",
                                                "name": "SYLHET"
                                            }
                                        },
                                        {
                                            "name": "BEANIBAZAR",
                                            "id": "e5334066-cdb3-4529-a7a7-6cc3a6160265",
                                            "state": {
                                                "id": "2f2f0cc1-587a-4dad-a3f0-83c0bac697ec",
                                                "name": "SYLHET"
                                            }
                                        },
                                        {
                                            "name": "BALAGANJ",
                                            "id": "d92a9983-9313-470e-80da-9f025ed17212",
                                            "state": {
                                                "id": "2f2f0cc1-587a-4dad-a3f0-83c0bac697ec",
                                                "name": "SYLHET"
                                            }
                                        }
                                    ]
                                },
                                {
                                    "id": "86d79ef2-dc45-4d2d-8e54-fad70c79b647",
                                    "name": "PIROJPUR",
                                    "upazilas": [
                                        {
                                            "name": "NAZIRPUR",
                                            "id": "d7844a35-f652-4b30-925b-194f2396958d",
                                            "state": {
                                                "id": "5cbbb439-96e7-4f60-bf2f-abddd0d03e7e",
                                                "name": "BARISAL"
                                            }
                                        },
                                        {
                                            "name": "MATHBARIA",
                                            "id": "8e328e74-3026-4e46-8e67-fc37ce651dfe",
                                            "state": {
                                                "id": "5cbbb439-96e7-4f60-bf2f-abddd0d03e7e",
                                                "name": "BARISAL"
                                            }
                                        },
                                        {
                                            "name": "BHANDARIA",
                                            "id": "6c758ead-5526-424d-9228-1fc826c3c76e",
                                            "state": {
                                                "id": "5cbbb439-96e7-4f60-bf2f-abddd0d03e7e",
                                                "name": "BARISAL"
                                            }
                                        },
                                        {
                                            "name": "ZIANAGAR",
                                            "id": "316d4e46-74dc-458f-8750-e3643592b032",
                                            "state": {
                                                "id": "5cbbb439-96e7-4f60-bf2f-abddd0d03e7e",
                                                "name": "BARISAL"
                                            }
                                        },
                                        {
                                            "name": "PIROJPUR_SADAR",
                                            "id": "c98de406-4053-41d1-b72e-479d07b91a94",
                                            "state": {
                                                "id": "5cbbb439-96e7-4f60-bf2f-abddd0d03e7e",
                                                "name": "BARISAL"
                                            }
                                        },
                                        {
                                            "name": "NESARABAD",
                                            "id": "7dca70fe-76a9-4517-96bd-961f4a82c401",
                                            "state": {
                                                "id": "5cbbb439-96e7-4f60-bf2f-abddd0d03e7e",
                                                "name": "BARISAL"
                                            }
                                        }
                                    ]
                                },
                                {
                                    "id": "faeca4b5-c49e-4522-9d6b-b1f1786d3fe4",
                                    "name": "MEHERPUR",
                                    "upazilas": [
                                        {
                                            "name": "ANGNI",
                                            "id": "8dc5d275-9329-47d9-af59-fcad6d54bf3b",
                                            "state": {
                                                "id": "642a6748-942f-473d-96c6-a6c1b2e00e05",
                                                "name": "KHULNA"
                                            }
                                        },
                                        {
                                            "name": "MEHERPUR-S",
                                            "id": "90ee1389-ade9-47fd-b25b-0210a778cbb7",
                                            "state": {
                                                "id": "642a6748-942f-473d-96c6-a6c1b2e00e05",
                                                "name": "KHULNA"
                                            }
                                        },
                                        {
                                            "name": "MUJIB NAGAR",
                                            "id": "5d4ba578-bd32-4c79-9211-573b9174c19c",
                                            "state": {
                                                "id": "642a6748-942f-473d-96c6-a6c1b2e00e05",
                                                "name": "KHULNA"
                                            }
                                        }
                                    ]
                                },
                                {
                                    "id": "c9ee4e88-6a9e-4dca-a376-e34b12b08a7c",
                                    "name": "MAULVIBAZAR",
                                    "upazilas": [
                                        {
                                            "name": "RAJNAGAR",
                                            "id": "7d51ce73-16fe-47cf-ba03-0c064ccc14f0",
                                            "state": {
                                                "id": "2f2f0cc1-587a-4dad-a3f0-83c0bac697ec",
                                                "name": "SYLHET"
                                            }
                                        },
                                        {
                                            "name": "BARLEKHA",
                                            "id": "4787d06c-b9e4-43b1-80ef-21623028b031",
                                            "state": {
                                                "id": "2f2f0cc1-587a-4dad-a3f0-83c0bac697ec",
                                                "name": "SYLHET"
                                            }
                                        },
                                        {
                                            "name": "KULAURA",
                                            "id": "bd871dd2-4f8d-4c28-8d67-775939289225",
                                            "state": {
                                                "id": "2f2f0cc1-587a-4dad-a3f0-83c0bac697ec",
                                                "name": "SYLHET"
                                            }
                                        },
                                        {
                                            "name": "JURI",
                                            "id": "77753183-cece-4b78-85f7-fbb30b55cda4",
                                            "state": {
                                                "id": "2f2f0cc1-587a-4dad-a3f0-83c0bac697ec",
                                                "name": "SYLHET"
                                            }
                                        },
                                        {
                                            "name": "SREEMANGAL",
                                            "id": "8ee98bba-fc39-4bb2-9d83-e357a620b424",
                                            "state": {
                                                "id": "2f2f0cc1-587a-4dad-a3f0-83c0bac697ec",
                                                "name": "SYLHET"
                                            }
                                        },
                                        {
                                            "name": "KAMALGANJ",
                                            "id": "11e746ba-02ec-4142-9177-6740d9a5c6f9",
                                            "state": {
                                                "id": "2f2f0cc1-587a-4dad-a3f0-83c0bac697ec",
                                                "name": "SYLHET"
                                            }
                                        },
                                        {
                                            "name": "MOULVIBAZAR_SADAR",
                                            "id": "fb364596-f586-4335-9ab7-c7ab0104689f",
                                            "state": {
                                                "id": "2f2f0cc1-587a-4dad-a3f0-83c0bac697ec",
                                                "name": "SYLHET"
                                            }
                                        }
                                    ]
                                },
                                {
                                    "id": "1319d89d-5fb0-41b9-bdb5-05339617a6fa",
                                    "name": "SHERPUR",
                                    "upazilas": [
                                        {
                                            "name": "NAKLA",
                                            "id": "864fc566-3981-4a3a-b47a-bb549d6697f4",
                                            "state": {
                                                "id": "f6395340-53b2-4824-8252-ef3a164b8446",
                                                "name": "MAYMENSINGH"
                                            }
                                        },
                                        {
                                            "name": "JHENAIGATI",
                                            "id": "880b10a0-05da-46be-bf3e-354aac03cab7",
                                            "state": {
                                                "id": "f6395340-53b2-4824-8252-ef3a164b8446",
                                                "name": "MAYMENSINGH"
                                            }
                                        },
                                        {
                                            "name": "SREEBARDI",
                                            "id": "9f257f25-c5d3-471b-8364-62ce7eb59dfc",
                                            "state": {
                                                "id": "f6395340-53b2-4824-8252-ef3a164b8446",
                                                "name": "MAYMENSINGH"
                                            }
                                        },
                                        {
                                            "name": "SHERPUR_SADAR",
                                            "id": "cd07db73-b66e-456a-825f-81fc08cf337a",
                                            "state": {
                                                "id": "f6395340-53b2-4824-8252-ef3a164b8446",
                                                "name": "MAYMENSINGH"
                                            }
                                        },
                                        {
                                            "name": "NALITABARI",
                                            "id": "37c7e577-eeb5-4df5-877f-7ccee900a891",
                                            "state": {
                                                "id": "f6395340-53b2-4824-8252-ef3a164b8446",
                                                "name": "MAYMENSINGH"
                                            }
                                        }
                                    ]
                                },
                                {
                                    "id": "f9c3c547-adb4-4e53-a2a8-70bd5b31e3d7",
                                    "name": "FARIDPUR",
                                    "upazilas": [
                                        {
                                            "name": "CHARBHADRASAN",
                                            "id": "babc9507-275e-4611-ba34-4a080f4d42a8",
                                            "state": {
                                                "id": "9c75a95b-9f42-4ca9-a152-78c492590a6f",
                                                "name": "DHAKA"
                                            }
                                        },
                                        {
                                            "name": "FARIDPUR_SADAR",
                                            "id": "5f3eccfd-b863-4ccf-8c18-ad32f99e2859",
                                            "state": {
                                                "id": "9c75a95b-9f42-4ca9-a152-78c492590a6f",
                                                "name": "DHAKA"
                                            }
                                        },
                                        {
                                            "name": "ALFADANGA",
                                            "id": "259fd208-67c5-42b8-b98a-aa4a39290da5",
                                            "state": {
                                                "id": "9c75a95b-9f42-4ca9-a152-78c492590a6f",
                                                "name": "DHAKA"
                                            }
                                        },
                                        {
                                            "name": "Faridpur Sadar",
                                            "id": "99ac95fe-a484-448c-b9d8-5c9200b273e3",
                                            "state": {
                                                "id": "9c75a95b-9f42-4ca9-a152-78c492590a6f",
                                                "name": "DHAKA"
                                            }
                                        },
                                        {
                                            "name": "SADARPUR",
                                            "id": "f518eb87-fa45-438b-ac13-2415f3faea91",
                                            "state": {
                                                "id": "9c75a95b-9f42-4ca9-a152-78c492590a6f",
                                                "name": "DHAKA"
                                            }
                                        },
                                        {
                                            "name": "BHANGA",
                                            "id": "ed2d07c1-11c0-4f41-b499-fde54429851f",
                                            "state": {
                                                "id": "9c75a95b-9f42-4ca9-a152-78c492590a6f",
                                                "name": "DHAKA"
                                            }
                                        },
                                        {
                                            "name": "MADHUKHALI",
                                            "id": "6b341b59-641e-4db0-8dc0-2ce74ae664e9",
                                            "state": {
                                                "id": "9c75a95b-9f42-4ca9-a152-78c492590a6f",
                                                "name": "DHAKA"
                                            }
                                        },
                                        {
                                            "name": "NAGARKANDA",
                                            "id": "4d6dd97f-3b4c-4d48-8502-2f6e2c7c9274",
                                            "state": {
                                                "id": "9c75a95b-9f42-4ca9-a152-78c492590a6f",
                                                "name": "DHAKA"
                                            }
                                        },
                                        {
                                            "name": "BOALMARI",
                                            "id": "953e90ab-0015-4e6e-aa42-3d139c026a5d",
                                            "state": {
                                                "id": "9c75a95b-9f42-4ca9-a152-78c492590a6f",
                                                "name": "DHAKA"
                                            }
                                        },
                                        {
                                            "name": "SHALTHA",
                                            "id": "b67e6c94-f523-4359-a2a8-335a8d8dd43c",
                                            "state": {
                                                "id": "9c75a95b-9f42-4ca9-a152-78c492590a6f",
                                                "name": "DHAKA"
                                            }
                                        }
                                    ]
                                },
                                {
                                    "id": "8fdce543-067c-4c21-8ed2-f19c3fdf215b",
                                    "name": "NILPHAMARI",
                                    "upazilas": [
                                        {
                                            "name": "NILPHAMARI_SADAR",
                                            "id": "23cf2816-4cb3-4159-bb93-52a3fd781c00",
                                            "state": {
                                                "id": "b8c19906-b4fc-4745-ac93-af957934136b",
                                                "name": "RANGPUR"
                                            }
                                        },
                                        {
                                            "name": "JALDHAKA",
                                            "id": "623722ab-fa63-40cb-87d2-30f7b9f0b66b",
                                            "state": {
                                                "id": "b8c19906-b4fc-4745-ac93-af957934136b",
                                                "name": "RANGPUR"
                                            }
                                        },
                                        {
                                            "name": "DOMAR",
                                            "id": "a776cc51-7370-493a-a772-ccd1b0b20855",
                                            "state": {
                                                "id": "b8c19906-b4fc-4745-ac93-af957934136b",
                                                "name": "RANGPUR"
                                            }
                                        },
                                        {
                                            "name": "KISHOREGANJ",
                                            "id": "1deadcdb-a5f3-475b-95be-108a1046f978",
                                            "state": {
                                                "id": "b8c19906-b4fc-4745-ac93-af957934136b",
                                                "name": "RANGPUR"
                                            }
                                        },
                                        {
                                            "name": "SAIDPUR",
                                            "id": "a232edd2-b19a-4344-8c76-4ebd7090457a",
                                            "state": {
                                                "id": "b8c19906-b4fc-4745-ac93-af957934136b",
                                                "name": "RANGPUR"
                                            }
                                        },
                                        {
                                            "name": "DIMLA",
                                            "id": "1c92cece-1653-45ac-a086-24e8d852b562",
                                            "state": {
                                                "id": "b8c19906-b4fc-4745-ac93-af957934136b",
                                                "name": "RANGPUR"
                                            }
                                        }
                                    ]
                                },
                                {
                                    "id": "739583dc-519d-49b0-9582-d798a027ca79",
                                    "name": "COX'S BAZAR",
                                    "upazilas": [
                                        {
                                            "name": "COXS BAZAR SADAR",
                                            "id": "38c08333-395d-4aa8-86c0-8caea9a52c76",
                                            "state": {
                                                "id": "d4e8944a-6e8f-4d6e-a313-2228cfe9a567",
                                                "name": "CHITTAGONG"
                                            }
                                        },
                                        {
                                            "name": "TEKNAF",
                                            "id": "d41283c5-bca6-405f-8acf-e68e68e73308",
                                            "state": {
                                                "id": "d4e8944a-6e8f-4d6e-a313-2228cfe9a567",
                                                "name": "CHITTAGONG"
                                            }
                                        },
                                        {
                                            "name": "CHAKARIA",
                                            "id": "7a82b092-c530-4b72-985a-6e7c61a4f69f",
                                            "state": {
                                                "id": "d4e8944a-6e8f-4d6e-a313-2228cfe9a567",
                                                "name": "CHITTAGONG"
                                            }
                                        },
                                        {
                                            "name": "RAMU",
                                            "id": "529c05f5-dbc9-4442-9600-6debc27754d3",
                                            "state": {
                                                "id": "d4e8944a-6e8f-4d6e-a313-2228cfe9a567",
                                                "name": "CHITTAGONG"
                                            }
                                        },
                                        {
                                            "name": "EIDGAON",
                                            "id": "56f91627-c045-4618-b933-805104e9ed1f",
                                            "state": {
                                                "id": "d4e8944a-6e8f-4d6e-a313-2228cfe9a567",
                                                "name": "CHITTAGONG"
                                            }
                                        },
                                        {
                                            "name": "UKHIA",
                                            "id": "66dc64de-4a0b-4c4a-a6c8-80b63c9a3c75",
                                            "state": {
                                                "id": "d4e8944a-6e8f-4d6e-a313-2228cfe9a567",
                                                "name": "CHITTAGONG"
                                            }
                                        },
                                        {
                                            "name": "PEKUA",
                                            "id": "d01cb26d-4cfe-4017-a7c2-e9fdc0d8e2df",
                                            "state": {
                                                "id": "d4e8944a-6e8f-4d6e-a313-2228cfe9a567",
                                                "name": "CHITTAGONG"
                                            }
                                        },
                                        {
                                            "name": "MAHESHKHALI",
                                            "id": "c2ebc5a8-aaf2-4b98-a059-8beb05b34bdd",
                                            "state": {
                                                "id": "d4e8944a-6e8f-4d6e-a313-2228cfe9a567",
                                                "name": "CHITTAGONG"
                                            }
                                        },
                                        {
                                            "name": "KUTUBDIA",
                                            "id": "8f731bf7-fbb2-4b70-9e47-6d3d0d415d5d",
                                            "state": {
                                                "id": "d4e8944a-6e8f-4d6e-a313-2228cfe9a567",
                                                "name": "CHITTAGONG"
                                            }
                                        }
                                    ]
                                },
                                {
                                    "id": "2e26f8c1-97a7-44fc-9090-22af4de4ac9e",
                                    "name": "DHAKA",
                                    "upazilas": [
                                        {
                                            "name": "KERANIGANJ",
                                            "id": "37fa6ec5-6a13-4a35-b5c6-674b507edc01",
                                            "state": {
                                                "id": "9c75a95b-9f42-4ca9-a152-78c492590a6f",
                                                "name": "DHAKA"
                                            }
                                        },
                                        {
                                            "name": "DHAMRAI",
                                            "id": "9f2f6c8f-663f-4416-a1a7-1c59abb3852a",
                                            "state": {
                                                "id": "9c75a95b-9f42-4ca9-a152-78c492590a6f",
                                                "name": "DHAKA"
                                            }
                                        },
                                        {
                                            "name": "SAVAR",
                                            "id": "1a6db9e6-f058-4a33-a404-f7825a11a530",
                                            "state": {
                                                "id": "9c75a95b-9f42-4ca9-a152-78c492590a6f",
                                                "name": "DHAKA"
                                            }
                                        },
                                        {
                                            "name": "DOHAR",
                                            "id": "eaad1c5c-5972-4dd5-a18c-734fbadb8864",
                                            "state": {
                                                "id": "9c75a95b-9f42-4ca9-a152-78c492590a6f",
                                                "name": "DHAKA"
                                            }
                                        }
                                    ]
                                },
                                {
                                    "id": "f25de2cd-5ed8-44a8-9ae0-7d65c232f423",
                                    "name": "JAMALPUR",
                                    "upazilas": [
                                        {
                                            "name": "MELANDAHA",
                                            "id": "e5a81703-97d0-479b-a4fd-22a3a602697f",
                                            "state": {
                                                "id": "f6395340-53b2-4824-8252-ef3a164b8446",
                                                "name": "MAYMENSINGH"
                                            }
                                        },
                                        {
                                            "name": "NARUNDI POLICE I.C",
                                            "id": "c7710b29-c844-4892-9108-d73148cda29c",
                                            "state": {
                                                "id": "f6395340-53b2-4824-8252-ef3a164b8446",
                                                "name": "MAYMENSINGH"
                                            }
                                        },
                                        {
                                            "name": "ISLAMPUR",
                                            "id": "aedbc063-13ca-4e20-8357-eb22e8936000",
                                            "state": {
                                                "id": "f6395340-53b2-4824-8252-ef3a164b8446",
                                                "name": "MAYMENSINGH"
                                            }
                                        },
                                        {
                                            "name": "DEWANGANJ",
                                            "id": "1cc6d50f-87e6-4dd4-8a6e-9490a827621b",
                                            "state": {
                                                "id": "f6395340-53b2-4824-8252-ef3a164b8446",
                                                "name": "MAYMENSINGH"
                                            }
                                        },
                                        {
                                            "name": "JAMALPUR_SADAR",
                                            "id": "084e0df5-fe78-46ce-a473-939b9333bf40",
                                            "state": {
                                                "id": "f6395340-53b2-4824-8252-ef3a164b8446",
                                                "name": "MAYMENSINGH"
                                            }
                                        },
                                        {
                                            "name": "MADARGANJ",
                                            "id": "4782f9bd-aede-453f-8c96-7e2e10e8255b",
                                            "state": {
                                                "id": "f6395340-53b2-4824-8252-ef3a164b8446",
                                                "name": "MAYMENSINGH"
                                            }
                                        },
                                        {
                                            "name": "BAKSIGANJ",
                                            "id": "209bc080-4acc-4ac4-a88c-0ebc92355a2c",
                                            "state": {
                                                "id": "f6395340-53b2-4824-8252-ef3a164b8446",
                                                "name": "MAYMENSINGH"
                                            }
                                        },
                                        {
                                            "name": "SARISHABARI",
                                            "id": "c9d83f61-fe43-402a-9e0b-7f4df5cbe0e2",
                                            "state": {
                                                "id": "f6395340-53b2-4824-8252-ef3a164b8446",
                                                "name": "MAYMENSINGH"
                                            }
                                        }
                                    ]
                                },
                                {
                                    "id": "468da8cf-58f1-426f-ae73-d9554f7f71f6",
                                    "name": "NOAKHALI",
                                    "upazilas": [
                                        {
                                            "name": "COMPANYGANJ",
                                            "id": "87c2d2fe-377e-4bb3-aa56-93c5eb46ce99",
                                            "state": {
                                                "id": "d4e8944a-6e8f-4d6e-a313-2228cfe9a567",
                                                "name": "CHITTAGONG"
                                            }
                                        },
                                        {
                                            "name": "KOBIRHAT",
                                            "id": "edd18fb6-2dba-492a-bc59-f118923cfb9d",
                                            "state": {
                                                "id": "d4e8944a-6e8f-4d6e-a313-2228cfe9a567",
                                                "name": "CHITTAGONG"
                                            }
                                        },
                                        {
                                            "name": "BEGUMGANJ",
                                            "id": "fa8e1bdd-241d-484c-b5d8-82d5ee981528",
                                            "state": {
                                                "id": "d4e8944a-6e8f-4d6e-a313-2228cfe9a567",
                                                "name": "CHITTAGONG"
                                            }
                                        },
                                        {
                                            "name": "SUBORNO CHAR",
                                            "id": "e4fdab05-6c34-4af4-9a3c-9dd46abf24b1",
                                            "state": {
                                                "id": "d4e8944a-6e8f-4d6e-a313-2228cfe9a567",
                                                "name": "CHITTAGONG"
                                            }
                                        },
                                        {
                                            "name": "HATIA",
                                            "id": "8a144eff-edd1-4e0f-a6a8-70e1d8a19393",
                                            "state": {
                                                "id": "d4e8944a-6e8f-4d6e-a313-2228cfe9a567",
                                                "name": "CHITTAGONG"
                                            }
                                        },
                                        {
                                            "name": "SONAIMURI",
                                            "id": "ac50ed77-f382-46a1-a3d0-f0ad7d4788ac",
                                            "state": {
                                                "id": "d4e8944a-6e8f-4d6e-a313-2228cfe9a567",
                                                "name": "CHITTAGONG"
                                            }
                                        },
                                        {
                                            "name": "SHENBAG",
                                            "id": "e8164a0d-375a-4012-a790-694387014d4b",
                                            "state": {
                                                "id": "d4e8944a-6e8f-4d6e-a313-2228cfe9a567",
                                                "name": "CHITTAGONG"
                                            }
                                        },
                                        {
                                            "name": "CHATKHIL",
                                            "id": "59588ff2-33b7-4cd3-8e7e-fb302e9220c9",
                                            "state": {
                                                "id": "d4e8944a-6e8f-4d6e-a313-2228cfe9a567",
                                                "name": "CHITTAGONG"
                                            }
                                        },
                                        {
                                            "name": "NOAKHALI_SADAR",
                                            "id": "cb154cac-8111-4360-950e-daf4c472cbdf",
                                            "state": {
                                                "id": "d4e8944a-6e8f-4d6e-a313-2228cfe9a567",
                                                "name": "CHITTAGONG"
                                            }
                                        }
                                    ]
                                },
                                {
                                    "id": "54d0ae5a-d1d3-4212-a0df-9af09ff11378",
                                    "name": "CHATTOGRAM",
                                    "upazilas": [
                                        {
                                            "name": "BANSHKHALI",
                                            "id": "5ddabeca-76c8-4c6a-83e2-0c9cc8ad08d8",
                                            "state": {
                                                "id": "d4e8944a-6e8f-4d6e-a313-2228cfe9a567",
                                                "name": "CHITTAGONG"
                                            }
                                        },
                                        {
                                            "name": "FATIKCHHARI",
                                            "id": "711efd46-765f-4eda-a5a6-6199af270f52",
                                            "state": {
                                                "id": "d4e8944a-6e8f-4d6e-a313-2228cfe9a567",
                                                "name": "CHITTAGONG"
                                            }
                                        },
                                        {
                                            "name": "CHANDANAISH",
                                            "id": "f4bda4c9-417b-4cb2-8cdf-e79e95eede46",
                                            "state": {
                                                "id": "d4e8944a-6e8f-4d6e-a313-2228cfe9a567",
                                                "name": "CHITTAGONG"
                                            }
                                        },
                                        {
                                            "name": "SATKANIA",
                                            "id": "e6761574-7af1-405b-ab56-a967edf628f9",
                                            "state": {
                                                "id": "d4e8944a-6e8f-4d6e-a313-2228cfe9a567",
                                                "name": "CHITTAGONG"
                                            }
                                        },
                                        {
                                            "name": "SANDWIP",
                                            "id": "fa949a73-22a2-461a-b287-aac4effba9c6",
                                            "state": {
                                                "id": "d4e8944a-6e8f-4d6e-a313-2228cfe9a567",
                                                "name": "CHITTAGONG"
                                            }
                                        },
                                        {
                                            "name": "PATIYA",
                                            "id": "e6b414c2-9a47-4f78-bab7-c8c3859e24e1",
                                            "state": {
                                                "id": "d4e8944a-6e8f-4d6e-a313-2228cfe9a567",
                                                "name": "CHITTAGONG"
                                            }
                                        },
                                        {
                                            "name": "LOHAGARA",
                                            "id": "e78211f4-9d77-4e85-82e3-ec7fb12b64ce",
                                            "state": {
                                                "id": "d4e8944a-6e8f-4d6e-a313-2228cfe9a567",
                                                "name": "CHITTAGONG"
                                            }
                                        },
                                        {
                                            "name": "BOALKHALI",
                                            "id": "c414a0ec-ffab-45ea-bb72-bb1890086b90",
                                            "state": {
                                                "id": "d4e8944a-6e8f-4d6e-a313-2228cfe9a567",
                                                "name": "CHITTAGONG"
                                            }
                                        },
                                        {
                                            "name": "ANWARA",
                                            "id": "a0723800-077f-437f-9d36-9f745cb0b31e",
                                            "state": {
                                                "id": "d4e8944a-6e8f-4d6e-a313-2228cfe9a567",
                                                "name": "CHITTAGONG"
                                            }
                                        },
                                        {
                                            "name": "RAOZAN",
                                            "id": "95fb0054-aa7f-400c-b645-f0d90cb2a833",
                                            "state": {
                                                "id": "d4e8944a-6e8f-4d6e-a313-2228cfe9a567",
                                                "name": "CHITTAGONG"
                                            }
                                        },
                                        {
                                            "name": "MIRSHARAI",
                                            "id": "fe518ddf-6a83-4694-a2a6-ddeec0b93c18",
                                            "state": {
                                                "id": "d4e8944a-6e8f-4d6e-a313-2228cfe9a567",
                                                "name": "CHITTAGONG"
                                            }
                                        },
                                        {
                                            "name": "RANGUNIA",
                                            "id": "9c3e5edc-e95e-4671-89d4-974e7a31342e",
                                            "state": {
                                                "id": "d4e8944a-6e8f-4d6e-a313-2228cfe9a567",
                                                "name": "CHITTAGONG"
                                            }
                                        },
                                        {
                                            "name": "HATHAZARI",
                                            "id": "bda87d19-77d0-4c25-bca1-a911f4331afd",
                                            "state": {
                                                "id": "d4e8944a-6e8f-4d6e-a313-2228cfe9a567",
                                                "name": "CHITTAGONG"
                                            }
                                        },
                                        {
                                            "name": "SITAKUNDA",
                                            "id": "6fae4e24-7c93-493f-91f0-5fa877a326f4",
                                            "state": {
                                                "id": "d4e8944a-6e8f-4d6e-a313-2228cfe9a567",
                                                "name": "CHITTAGONG"
                                            }
                                        }
                                    ]
                                },
                                {
                                    "id": "66a27ec2-f335-413d-b228-4a4df8fa4eea",
                                    "name": "BHOLA",
                                    "upazilas": [
                                        {
                                            "name": "BHOLA_SADAR",
                                            "id": "3cbaa092-c96b-4845-a314-b9cdc02d61fd",
                                            "state": {
                                                "id": "5cbbb439-96e7-4f60-bf2f-abddd0d03e7e",
                                                "name": "BARISAL"
                                            }
                                        },
                                        {
                                            "name": "MANPURA",
                                            "id": "3220264c-e0d8-41c3-9b69-55cdd4aea21e",
                                            "state": {
                                                "id": "5cbbb439-96e7-4f60-bf2f-abddd0d03e7e",
                                                "name": "BARISAL"
                                            }
                                        },
                                        {
                                            "name": "BURHANUDDIN",
                                            "id": "692e6a01-748c-4451-8d67-e0f404c69572",
                                            "state": {
                                                "id": "5cbbb439-96e7-4f60-bf2f-abddd0d03e7e",
                                                "name": "BARISAL"
                                            }
                                        },
                                        {
                                            "name": "CHAR FASSON",
                                            "id": "9f23a216-4a71-48ef-8c7e-e20f01a67e4a",
                                            "state": {
                                                "id": "5cbbb439-96e7-4f60-bf2f-abddd0d03e7e",
                                                "name": "BARISAL"
                                            }
                                        },
                                        {
                                            "name": "DAULATKHAN",
                                            "id": "16ea4a9e-60b8-4eed-a011-d3d52d5a646d",
                                            "state": {
                                                "id": "5cbbb439-96e7-4f60-bf2f-abddd0d03e7e",
                                                "name": "BARISAL"
                                            }
                                        },
                                        {
                                            "name": "LALMOHAN",
                                            "id": "634c328d-d819-4c09-a1b4-ebe643071f5e",
                                            "state": {
                                                "id": "5cbbb439-96e7-4f60-bf2f-abddd0d03e7e",
                                                "name": "BARISAL"
                                            }
                                        },
                                        {
                                            "name": "TAZUMUDDIN",
                                            "id": "303c6383-711c-4c09-ba87-f261320d697e",
                                            "state": {
                                                "id": "5cbbb439-96e7-4f60-bf2f-abddd0d03e7e",
                                                "name": "BARISAL"
                                            }
                                        }
                                    ]
                                },
                                {
                                    "id": "00358d0a-f4c2-4374-908b-b37dac235fc0",
                                    "name": "JHENAIDAH",
                                    "upazilas": [
                                        {
                                            "name": "JHENAIDAH_SADAR",
                                            "id": "b730ac9a-c96e-4e9c-8583-dda0a4b61f9b",
                                            "state": {
                                                "id": "642a6748-942f-473d-96c6-a6c1b2e00e05",
                                                "name": "KHULNA"
                                            }
                                        },
                                        {
                                            "name": "SHAILKUPA",
                                            "id": "9216f983-c056-40f1-a143-463a2e4a2e84",
                                            "state": {
                                                "id": "642a6748-942f-473d-96c6-a6c1b2e00e05",
                                                "name": "KHULNA"
                                            }
                                        },
                                        {
                                            "name": "KOTCHANDPUR",
                                            "id": "7d743b39-a4ef-499b-b1eb-ccc7c9c1df81",
                                            "state": {
                                                "id": "642a6748-942f-473d-96c6-a6c1b2e00e05",
                                                "name": "KHULNA"
                                            }
                                        },
                                        {
                                            "name": "MAHESHPUR",
                                            "id": "9f3f6256-e1a0-457a-bf19-21fd5ccf253f",
                                            "state": {
                                                "id": "642a6748-942f-473d-96c6-a6c1b2e00e05",
                                                "name": "KHULNA"
                                            }
                                        },
                                        {
                                            "name": "HARINAKUNDA",
                                            "id": "8e2f9be1-24a7-48f6-9772-60c671fd5b2e",
                                            "state": {
                                                "id": "642a6748-942f-473d-96c6-a6c1b2e00e05",
                                                "name": "KHULNA"
                                            }
                                        }
                                    ]
                                },
                                {
                                    "id": "7a79fbbb-0414-4c68-ba03-a7d86e0f77ce",
                                    "name": "PABNA",
                                    "upazilas": [
                                        {
                                            "name": "BERA",
                                            "id": "9e859765-d526-4191-bab6-bf8d5a17317b",
                                            "state": {
                                                "id": "d68c68d2-108e-4635-93d1-28c44525f178",
                                                "name": "RAJSHAHI"
                                            }
                                        },
                                        {
                                            "name": "SUJANAGAR",
                                            "id": "a1b3c50a-d7af-4d16-a72d-4bdb5d0647b4",
                                            "state": {
                                                "id": "d68c68d2-108e-4635-93d1-28c44525f178",
                                                "name": "RAJSHAHI"
                                            }
                                        },
                                        {
                                            "name": "ATGHARIA",
                                            "id": "1faaac6e-d6b6-4852-9538-5c85438e47a5",
                                            "state": {
                                                "id": "d68c68d2-108e-4635-93d1-28c44525f178",
                                                "name": "RAJSHAHI"
                                            }
                                        },
                                        {
                                            "name": "SANTHIA",
                                            "id": "89ee778e-f765-4f8b-96d2-e00a6948199f",
                                            "state": {
                                                "id": "d68c68d2-108e-4635-93d1-28c44525f178",
                                                "name": "RAJSHAHI"
                                            }
                                        },
                                        {
                                            "name": "FARIDPUR",
                                            "id": "f9e13f42-2b4c-4af1-ae0b-186ee9fed178",
                                            "state": {
                                                "id": "d68c68d2-108e-4635-93d1-28c44525f178",
                                                "name": "RAJSHAHI"
                                            }
                                        },
                                        {
                                            "name": "BHANGURA",
                                            "id": "ce5f60e3-36ca-47e2-ac30-fea8af549985",
                                            "state": {
                                                "id": "d68c68d2-108e-4635-93d1-28c44525f178",
                                                "name": "RAJSHAHI"
                                            }
                                        },
                                        {
                                            "name": "CHATMOHAR",
                                            "id": "ee68ea82-2a16-46d4-a111-8d6a717363e3",
                                            "state": {
                                                "id": "d68c68d2-108e-4635-93d1-28c44525f178",
                                                "name": "RAJSHAHI"
                                            }
                                        },
                                        {
                                            "name": "ISHWARDI",
                                            "id": "e6f6b813-2ef3-429a-8dc6-3664b2d7af18",
                                            "state": {
                                                "id": "d68c68d2-108e-4635-93d1-28c44525f178",
                                                "name": "RAJSHAHI"
                                            }
                                        },
                                        {
                                            "name": "PABNA_SADAR",
                                            "id": "9a08add3-9997-4def-8a7e-2d4c47b78e1a",
                                            "state": {
                                                "id": "d68c68d2-108e-4635-93d1-28c44525f178",
                                                "name": "RAJSHAHI"
                                            }
                                        }
                                    ]
                                },
                                {
                                    "id": "c8c07a38-023f-4177-a946-7ea85bc5e62f",
                                    "name": "KISHOREGANJ",
                                    "upazilas": [
                                        {
                                            "name": "ASTAGRAM",
                                            "id": "8af0a33e-ec3f-4819-9c9a-d2e7b407340b",
                                            "state": {
                                                "id": "9c75a95b-9f42-4ca9-a152-78c492590a6f",
                                                "name": "DHAKA"
                                            }
                                        },
                                        {
                                            "name": "KATIADI",
                                            "id": "e14e5e25-3f0a-47a6-a16d-fe2023ec0a0e",
                                            "state": {
                                                "id": "9c75a95b-9f42-4ca9-a152-78c492590a6f",
                                                "name": "DHAKA"
                                            }
                                        },
                                        {
                                            "name": "MITHAMAIN",
                                            "id": "baa02b29-ad36-4df1-b296-07c71e4dabff",
                                            "state": {
                                                "id": "9c75a95b-9f42-4ca9-a152-78c492590a6f",
                                                "name": "DHAKA"
                                            }
                                        },
                                        {
                                            "name": "NIKLI",
                                            "id": "6f94a91b-a7e0-4690-83f4-82181b04c922",
                                            "state": {
                                                "id": "9c75a95b-9f42-4ca9-a152-78c492590a6f",
                                                "name": "DHAKA"
                                            }
                                        },
                                        {
                                            "name": "PAKUNDIA",
                                            "id": "3a4de8ba-819b-4935-843c-a3f1b5f6c421",
                                            "state": {
                                                "id": "9c75a95b-9f42-4ca9-a152-78c492590a6f",
                                                "name": "DHAKA"
                                            }
                                        },
                                        {
                                            "name": "KARIMGANJ",
                                            "id": "603092ee-3099-4b52-8b05-a76998c55ac0",
                                            "state": {
                                                "id": "9c75a95b-9f42-4ca9-a152-78c492590a6f",
                                                "name": "DHAKA"
                                            }
                                        },
                                        {
                                            "name": "KULIARCHAR",
                                            "id": "ba05daa9-21a2-4c7f-8a6f-4eca370e67c9",
                                            "state": {
                                                "id": "9c75a95b-9f42-4ca9-a152-78c492590a6f",
                                                "name": "DHAKA"
                                            }
                                        },
                                        {
                                            "name": "HOSSAINPUR",
                                            "id": "35ee81bc-c606-4f50-8c62-be135699f164",
                                            "state": {
                                                "id": "9c75a95b-9f42-4ca9-a152-78c492590a6f",
                                                "name": "DHAKA"
                                            }
                                        },
                                        {
                                            "name": "ITNA",
                                            "id": "64a6f7b6-ae00-48d7-91ff-d1afdd013728",
                                            "state": {
                                                "id": "9c75a95b-9f42-4ca9-a152-78c492590a6f",
                                                "name": "DHAKA"
                                            }
                                        },
                                        {
                                            "name": "BHAIRAB",
                                            "id": "f76de4f1-4367-46b4-ae35-25b31e161eaa",
                                            "state": {
                                                "id": "9c75a95b-9f42-4ca9-a152-78c492590a6f",
                                                "name": "DHAKA"
                                            }
                                        },
                                        {
                                            "name": "KISHOREGANJ_SADAR",
                                            "id": "f71d8ef1-88f4-4648-a927-1999cbec41e7",
                                            "state": {
                                                "id": "9c75a95b-9f42-4ca9-a152-78c492590a6f",
                                                "name": "DHAKA"
                                            }
                                        },
                                        {
                                            "name": "TARAIL",
                                            "id": "f5f8b58c-3d89-4a8f-8533-d689e34cbed3",
                                            "state": {
                                                "id": "9c75a95b-9f42-4ca9-a152-78c492590a6f",
                                                "name": "DHAKA"
                                            }
                                        },
                                        {
                                            "name": "BAJITPUR",
                                            "id": "d0a74c06-98ae-486a-9e67-fc5674c75288",
                                            "state": {
                                                "id": "9c75a95b-9f42-4ca9-a152-78c492590a6f",
                                                "name": "DHAKA"
                                            }
                                        }
                                    ]
                                },
                                {
                                    "id": "db758e15-588a-4c28-bae2-15069f2ce0f8",
                                    "name": "GOPALGANJ",
                                    "upazilas": [
                                        {
                                            "name": "KOTALIPARA",
                                            "id": "1729714e-61c8-4c5c-b062-7336efc80f74",
                                            "state": {
                                                "id": "9c75a95b-9f42-4ca9-a152-78c492590a6f",
                                                "name": "DHAKA"
                                            }
                                        },
                                        {
                                            "name": "MUKSUDPUR",
                                            "id": "52e46038-ba96-4a5c-96b5-1017b4eb6626",
                                            "state": {
                                                "id": "9c75a95b-9f42-4ca9-a152-78c492590a6f",
                                                "name": "DHAKA"
                                            }
                                        },
                                        {
                                            "name": "KASHIANI",
                                            "id": "9ea8f46d-358f-496e-b244-c3daf64e75c3",
                                            "state": {
                                                "id": "9c75a95b-9f42-4ca9-a152-78c492590a6f",
                                                "name": "DHAKA"
                                            }
                                        },
                                        {
                                            "name": "GOPALGANJ_SADAR",
                                            "id": "2ad2bc1d-038e-4d77-8754-a4eaa1ee4aa2",
                                            "state": {
                                                "id": "9c75a95b-9f42-4ca9-a152-78c492590a6f",
                                                "name": "DHAKA"
                                            }
                                        },
                                        {
                                            "name": "TUNGIPARA",
                                            "id": "18618e91-ce26-4c99-a7d1-a88be829a48b",
                                            "state": {
                                                "id": "9c75a95b-9f42-4ca9-a152-78c492590a6f",
                                                "name": "DHAKA"
                                            }
                                        }
                                    ]
                                },
                                {
                                    "id": "d1502152-1a34-423b-9811-576ccb88a3ea",
                                    "name": "KHULNA",
                                    "upazilas": [
                                        {
                                            "name": "BATIAGHATA",
                                            "id": "df3aa4c1-bfc8-4d9b-ade6-7c9dcc05e43b",
                                            "state": {
                                                "id": "642a6748-942f-473d-96c6-a6c1b2e00e05",
                                                "name": "KHULNA"
                                            }
                                        },
                                        {
                                            "name": "DACOPE",
                                            "id": "0510005c-3839-4f55-a93c-8147fa5657c3",
                                            "state": {
                                                "id": "642a6748-942f-473d-96c6-a6c1b2e00e05",
                                                "name": "KHULNA"
                                            }
                                        },
                                        {
                                            "name": "PAIKGACHHA",
                                            "id": "6dedbbd8-ad85-419e-a6f3-3b7b110beeef",
                                            "state": {
                                                "id": "642a6748-942f-473d-96c6-a6c1b2e00e05",
                                                "name": "KHULNA"
                                            }
                                        },
                                        {
                                            "name": "DIGHALIA",
                                            "id": "01a498b4-e2b8-4196-b1a8-37c83dd96d40",
                                            "state": {
                                                "id": "642a6748-942f-473d-96c6-a6c1b2e00e05",
                                                "name": "KHULNA"
                                            }
                                        },
                                        {
                                            "name": "TEROKHADA",
                                            "id": "78368a85-2301-4b61-b08c-bda0a7f2989d",
                                            "state": {
                                                "id": "642a6748-942f-473d-96c6-a6c1b2e00e05",
                                                "name": "KHULNA"
                                            }
                                        },
                                        {
                                            "name": "PHULTALA",
                                            "id": "de1c9dd2-c46c-4eb3-ae0d-ee1cbd77bfea",
                                            "state": {
                                                "id": "642a6748-942f-473d-96c6-a6c1b2e00e05",
                                                "name": "KHULNA"
                                            }
                                        },
                                        {
                                            "name": "DUMURIA",
                                            "id": "37c742e6-7aac-4034-8ed6-f0e58d0ad522",
                                            "state": {
                                                "id": "642a6748-942f-473d-96c6-a6c1b2e00e05",
                                                "name": "KHULNA"
                                            }
                                        },
                                        {
                                            "name": "KOYRA",
                                            "id": "4e5d83f1-3445-4445-a497-72dd54840c08",
                                            "state": {
                                                "id": "642a6748-942f-473d-96c6-a6c1b2e00e05",
                                                "name": "KHULNA"
                                            }
                                        },
                                        {
                                            "name": "RUPSA",
                                            "id": "0a761827-088c-4d43-a4d2-5904df789dcb",
                                            "state": {
                                                "id": "642a6748-942f-473d-96c6-a6c1b2e00e05",
                                                "name": "KHULNA"
                                            }
                                        }
                                    ]
                                },
                                {
                                    "id": "053cccf1-2ff4-4935-9b97-a7d73d2f29e2",
                                    "name": "NAOGAON",
                                    "upazilas": [
                                        {
                                            "name": "ATRAI",
                                            "id": "ca19d552-2c0f-4c03-99b5-9c84660083a9",
                                            "state": {
                                                "id": "d68c68d2-108e-4635-93d1-28c44525f178",
                                                "name": "RAJSHAHI"
                                            }
                                        },
                                        {
                                            "name": "RANINAGAR",
                                            "id": "bfcd8825-c7fa-4a19-8d0d-f097ba900ea6",
                                            "state": {
                                                "id": "d68c68d2-108e-4635-93d1-28c44525f178",
                                                "name": "RAJSHAHI"
                                            }
                                        },
                                        {
                                            "name": "DHAMOIRHAT",
                                            "id": "fdf566cf-11b6-4c01-ae47-c6c779feb92d",
                                            "state": {
                                                "id": "d68c68d2-108e-4635-93d1-28c44525f178",
                                                "name": "RAJSHAHI"
                                            }
                                        },
                                        {
                                            "name": "PATNITALA",
                                            "id": "1ef21421-63e5-42d4-854d-4da3c572a061",
                                            "state": {
                                                "id": "d68c68d2-108e-4635-93d1-28c44525f178",
                                                "name": "RAJSHAHI"
                                            }
                                        },
                                        {
                                            "name": "NIAMATPUR",
                                            "id": "cb79ca11-a7f4-4de9-8b73-726b9f277260",
                                            "state": {
                                                "id": "d68c68d2-108e-4635-93d1-28c44525f178",
                                                "name": "RAJSHAHI"
                                            }
                                        },
                                        {
                                            "name": "MOHADEVPUR",
                                            "id": "87fc4733-5ba9-4492-a4a3-477e1bbf4965",
                                            "state": {
                                                "id": "d68c68d2-108e-4635-93d1-28c44525f178",
                                                "name": "RAJSHAHI"
                                            }
                                        },
                                        {
                                            "name": "MANDA",
                                            "id": "38a158ef-7fae-4cdf-a906-9bfedbf5ee8d",
                                            "state": {
                                                "id": "d68c68d2-108e-4635-93d1-28c44525f178",
                                                "name": "RAJSHAHI"
                                            }
                                        },
                                        {
                                            "name": "NAOGAON_SADAR",
                                            "id": "433415ed-7b51-415a-9826-c5a655a42e1f",
                                            "state": {
                                                "id": "d68c68d2-108e-4635-93d1-28c44525f178",
                                                "name": "RAJSHAHI"
                                            }
                                        },
                                        {
                                            "name": "PORSHA",
                                            "id": "075b5f29-ffb3-4a22-8bce-255a305320d0",
                                            "state": {
                                                "id": "d68c68d2-108e-4635-93d1-28c44525f178",
                                                "name": "RAJSHAHI"
                                            }
                                        },
                                        {
                                            "name": "BADALGACHHI",
                                            "id": "5a52e1a2-7603-410d-b929-f07424bd3818",
                                            "state": {
                                                "id": "d68c68d2-108e-4635-93d1-28c44525f178",
                                                "name": "RAJSHAHI"
                                            }
                                        },
                                        {
                                            "name": "SAPAHAR",
                                            "id": "f24efbcc-3048-42d4-b2de-3cd80570f107",
                                            "state": {
                                                "id": "d68c68d2-108e-4635-93d1-28c44525f178",
                                                "name": "RAJSHAHI"
                                            }
                                        }
                                    ]
                                },
                                {
                                    "id": "3841e03e-b526-4568-b373-6fb874ae2dd2",
                                    "name": "NARAIL",
                                    "upazilas": [
                                        {
                                            "name": "NARAIL-S UPAZILLA",
                                            "id": "58236735-155d-45f5-81c6-d2528a3327e9",
                                            "state": {
                                                "id": "642a6748-942f-473d-96c6-a6c1b2e00e05",
                                                "name": "KHULNA"
                                            }
                                        },
                                        {
                                            "name": "LOHAGARA UPAZILLA",
                                            "id": "3a7dc21f-8d9e-4db5-83ad-4a42791fcaa4",
                                            "state": {
                                                "id": "642a6748-942f-473d-96c6-a6c1b2e00e05",
                                                "name": "KHULNA"
                                            }
                                        },
                                        {
                                            "name": "KALIA UPAZILLA",
                                            "id": "5e60afd8-8c2b-44ea-992f-027e764fc068",
                                            "state": {
                                                "id": "642a6748-942f-473d-96c6-a6c1b2e00e05",
                                                "name": "KHULNA"
                                            }
                                        }
                                    ]
                                },
                                {
                                    "id": "ba44bb5a-c4fc-4622-9b74-0b5641780581",
                                    "name": "MYMENSINGH",
                                    "upazilas": [
                                        {
                                            "name": "FULBARIA",
                                            "id": "14786483-84f3-4ac4-af4e-6928097bd398",
                                            "state": {
                                                "id": "f6395340-53b2-4824-8252-ef3a164b8446",
                                                "name": "MAYMENSINGH"
                                            }
                                        },
                                        {
                                            "name": "MUKTAGACHHA",
                                            "id": "6112996c-f960-4f30-bd1f-867050a656cb",
                                            "state": {
                                                "id": "f6395340-53b2-4824-8252-ef3a164b8446",
                                                "name": "MAYMENSINGH"
                                            }
                                        },
                                        {
                                            "name": "GAFFARGAON",
                                            "id": "f1027b1e-4a47-4e6f-9dca-8ee4974dcee3",
                                            "state": {
                                                "id": "f6395340-53b2-4824-8252-ef3a164b8446",
                                                "name": "MAYMENSINGH"
                                            }
                                        },
                                        {
                                            "name": "GAURIPUR",
                                            "id": "89af4299-90a2-4e9e-a201-d090d4f0a26a",
                                            "state": {
                                                "id": "f6395340-53b2-4824-8252-ef3a164b8446",
                                                "name": "MAYMENSINGH"
                                            }
                                        },
                                        {
                                            "name": "NANDAIL",
                                            "id": "4a7f82e3-e7f0-4dc1-b216-475ae369c902",
                                            "state": {
                                                "id": "f6395340-53b2-4824-8252-ef3a164b8446",
                                                "name": "MAYMENSINGH"
                                            }
                                        },
                                        {
                                            "name": "PHULPUR",
                                            "id": "e7f43bd5-defe-4d78-a9ea-8394b2d85ae8",
                                            "state": {
                                                "id": "f6395340-53b2-4824-8252-ef3a164b8446",
                                                "name": "MAYMENSINGH"
                                            }
                                        },
                                        {
                                            "name": "ISHWARGANJ",
                                            "id": "343276b0-a108-4b67-aa9f-6ff2eecfa3f1",
                                            "state": {
                                                "id": "f6395340-53b2-4824-8252-ef3a164b8446",
                                                "name": "MAYMENSINGH"
                                            }
                                        },
                                        {
                                            "name": "HALUAGHAT",
                                            "id": "b3cf9a18-0480-4a79-b898-0c9558158569",
                                            "state": {
                                                "id": "f6395340-53b2-4824-8252-ef3a164b8446",
                                                "name": "MAYMENSINGH"
                                            }
                                        },
                                        {
                                            "name": "MYMENSINGH_SADAR",
                                            "id": "944d5c60-96f6-4b1b-9245-57a7d1b8f80c",
                                            "state": {
                                                "id": "f6395340-53b2-4824-8252-ef3a164b8446",
                                                "name": "MAYMENSINGH"
                                            }
                                        },
                                        {
                                            "name": "TRISHAL",
                                            "id": "b54f2e4f-fadd-4386-a7fe-e29c806df77b",
                                            "state": {
                                                "id": "f6395340-53b2-4824-8252-ef3a164b8446",
                                                "name": "MAYMENSINGH"
                                            }
                                        },
                                        {
                                            "name": "DHOBAURA",
                                            "id": "90e06f5e-7571-4ce8-a713-53b94b2b6770",
                                            "state": {
                                                "id": "f6395340-53b2-4824-8252-ef3a164b8446",
                                                "name": "MAYMENSINGH"
                                            }
                                        },
                                        {
                                            "name": "BHALUKA",
                                            "id": "34920b68-a4b6-444b-95f5-d072d29fc1eb",
                                            "state": {
                                                "id": "f6395340-53b2-4824-8252-ef3a164b8446",
                                                "name": "MAYMENSINGH"
                                            }
                                        }
                                    ]
                                },
                                {
                                    "id": "bbed7d2c-59fb-43ce-a03c-8abd7a9f8f18",
                                    "name": "NARSINGDI",
                                    "upazilas": [
                                        {
                                            "name": "SHIBPUR",
                                            "id": "189fa0e5-3fba-4bb7-a1fa-1244de4d259c",
                                            "state": {
                                                "id": "9c75a95b-9f42-4ca9-a152-78c492590a6f",
                                                "name": "DHAKA"
                                            }
                                        },
                                        {
                                            "name": "MONOHARDI",
                                            "id": "243e2783-eb7e-4284-9ad6-461870dc8937",
                                            "state": {
                                                "id": "9c75a95b-9f42-4ca9-a152-78c492590a6f",
                                                "name": "DHAKA"
                                            }
                                        },
                                        {
                                            "name": "BELABO",
                                            "id": "785efd52-cefe-46f7-9a57-3a0b9ff6e8f6",
                                            "state": {
                                                "id": "9c75a95b-9f42-4ca9-a152-78c492590a6f",
                                                "name": "DHAKA"
                                            }
                                        },
                                        {
                                            "name": "RAIPURA, NARSINGDI",
                                            "id": "62845bb0-be44-48d6-a163-908e4b35b7fb",
                                            "state": {
                                                "id": "9c75a95b-9f42-4ca9-a152-78c492590a6f",
                                                "name": "DHAKA"
                                            }
                                        },
                                        {
                                            "name": "NARSINGDI_SADAR",
                                            "id": "06b56b35-2e12-44ba-b18f-22cd4d6ecb98",
                                            "state": {
                                                "id": "9c75a95b-9f42-4ca9-a152-78c492590a6f",
                                                "name": "DHAKA"
                                            }
                                        },
                                        {
                                            "name": "PALASH",
                                            "id": "ccd33f77-057f-4819-bdf6-a7da5785e2c5",
                                            "state": {
                                                "id": "9c75a95b-9f42-4ca9-a152-78c492590a6f",
                                                "name": "DHAKA"
                                            }
                                        }
                                    ]
                                },
                                {
                                    "id": "8b99d1ec-6c05-4e8e-b708-8216c9690652",
                                    "name": "RAJBARI",
                                    "upazilas": [
                                        {
                                            "name": "KALUKHALI",
                                            "id": "ad20fd23-08a0-4422-a4ce-2d664b65fc2e",
                                            "state": {
                                                "id": "9c75a95b-9f42-4ca9-a152-78c492590a6f",
                                                "name": "DHAKA"
                                            }
                                        },
                                        {
                                            "name": "RAJBARI_SADAR",
                                            "id": "a60723aa-280a-4b8b-a4fd-b2fa0323c4c4",
                                            "state": {
                                                "id": "9c75a95b-9f42-4ca9-a152-78c492590a6f",
                                                "name": "DHAKA"
                                            }
                                        },
                                        {
                                            "name": "BALIAKANDI",
                                            "id": "a654e917-d396-4a82-9e9d-9ab7581b3c1b",
                                            "state": {
                                                "id": "9c75a95b-9f42-4ca9-a152-78c492590a6f",
                                                "name": "DHAKA"
                                            }
                                        },
                                        {
                                            "name": "GOALANDAGHAT",
                                            "id": "7de09957-126b-4fee-9833-49f637931f79",
                                            "state": {
                                                "id": "9c75a95b-9f42-4ca9-a152-78c492590a6f",
                                                "name": "DHAKA"
                                            }
                                        },
                                        {
                                            "name": "PANGSHA",
                                            "id": "532c2c8a-0a92-4c5c-9710-622eabaab454",
                                            "state": {
                                                "id": "9c75a95b-9f42-4ca9-a152-78c492590a6f",
                                                "name": "DHAKA"
                                            }
                                        }
                                    ]
                                },
                                {
                                    "id": "8a26a551-dbef-4fa9-b50c-17a7fe590b13",
                                    "name": "SIRAJGONJ",
                                    "upazilas": [
                                        {
                                            "name": "KAZIPUR",
                                            "id": "b1363ee2-d297-4f58-a353-d94bba646dd6",
                                            "state": {
                                                "id": "d68c68d2-108e-4635-93d1-28c44525f178",
                                                "name": "RAJSHAHI"
                                            }
                                        },
                                        {
                                            "name": "RAIGANJ",
                                            "id": "3b9f4a36-dc41-48ab-9261-4843e2dee251",
                                            "state": {
                                                "id": "d68c68d2-108e-4635-93d1-28c44525f178",
                                                "name": "RAJSHAHI"
                                            }
                                        },
                                        {
                                            "name": "BELKUCHI",
                                            "id": "346c0522-e283-421d-9991-d95c10faf7b8",
                                            "state": {
                                                "id": "d68c68d2-108e-4635-93d1-28c44525f178",
                                                "name": "RAJSHAHI"
                                            }
                                        },
                                        {
                                            "name": "KAMARKHANDA",
                                            "id": "0012b1ec-f07e-4956-8208-d99e74a19aa7",
                                            "state": {
                                                "id": "d68c68d2-108e-4635-93d1-28c44525f178",
                                                "name": "RAJSHAHI"
                                            }
                                        },
                                        {
                                            "name": "SIRAJGANJ_SADAR",
                                            "id": "983f7c6b-9831-4027-b0f9-0e909b74e4ab",
                                            "state": {
                                                "id": "d68c68d2-108e-4635-93d1-28c44525f178",
                                                "name": "RAJSHAHI"
                                            }
                                        },
                                        {
                                            "name": "CHAUHALI",
                                            "id": "fa6ccc95-c941-4284-8d9f-7c4624683e0c",
                                            "state": {
                                                "id": "d68c68d2-108e-4635-93d1-28c44525f178",
                                                "name": "RAJSHAHI"
                                            }
                                        },
                                        {
                                            "name": "TARASH",
                                            "id": "72d45478-f1c8-4317-a912-5f90a6033813",
                                            "state": {
                                                "id": "d68c68d2-108e-4635-93d1-28c44525f178",
                                                "name": "RAJSHAHI"
                                            }
                                        },
                                        {
                                            "name": "SHAHJADPUR",
                                            "id": "aba04480-80aa-4c49-94f5-54a5f8cec70c",
                                            "state": {
                                                "id": "d68c68d2-108e-4635-93d1-28c44525f178",
                                                "name": "RAJSHAHI"
                                            }
                                        },
                                        {
                                            "name": "ULLAHPARA",
                                            "id": "2b03ca99-77d6-4dac-8c30-72fd7820b170",
                                            "state": {
                                                "id": "d68c68d2-108e-4635-93d1-28c44525f178",
                                                "name": "RAJSHAHI"
                                            }
                                        }
                                    ]
                                },
                                {
                                    "id": "3b2a6a3c-5159-471d-abe6-9f4ebad7e6c1",
                                    "name": "MAGURA",
                                    "upazilas": [
                                        {
                                            "name": "SHALIKHA",
                                            "id": "a2705dba-cae2-4e3d-86f6-8ed9c08df535",
                                            "state": {
                                                "id": "642a6748-942f-473d-96c6-a6c1b2e00e05",
                                                "name": "KHULNA"
                                            }
                                        },
                                        {
                                            "name": "MOHAMMADPUR",
                                            "id": "53edb99e-47b4-4979-b3f5-3d80de1b7118",
                                            "state": {
                                                "id": "642a6748-942f-473d-96c6-a6c1b2e00e05",
                                                "name": "KHULNA"
                                            }
                                        },
                                        {
                                            "name": "MAGURA_SADAR",
                                            "id": "dd0bd5ac-d63d-407d-bcf5-ba24191b7cba",
                                            "state": {
                                                "id": "642a6748-942f-473d-96c6-a6c1b2e00e05",
                                                "name": "KHULNA"
                                            }
                                        },
                                        {
                                            "name": "SREEPUR",
                                            "id": "4e4122d5-c778-4303-823f-8a95b13f3f77",
                                            "state": {
                                                "id": "642a6748-942f-473d-96c6-a6c1b2e00e05",
                                                "name": "KHULNA"
                                            }
                                        }
                                    ]
                                },
                                {
                                    "id": "9dd946ca-b2e9-4369-9456-5d7c8308901c",
                                    "name": "JHALOKATI",
                                    "upazilas": [
                                        {
                                            "name": "RAJAPUR",
                                            "id": "595eceec-72ac-4b2a-a8c1-4d1a9d8c93dc",
                                            "state": {
                                                "id": "5cbbb439-96e7-4f60-bf2f-abddd0d03e7e",
                                                "name": "BARISAL"
                                            }
                                        },
                                        {
                                            "name": "NALCHITY",
                                            "id": "c16b84e6-4636-4559-9713-bbfb460be2ec",
                                            "state": {
                                                "id": "5cbbb439-96e7-4f60-bf2f-abddd0d03e7e",
                                                "name": "BARISAL"
                                            }
                                        },
                                        {
                                            "name": "JHALOKATI_SADAR",
                                            "id": "3c848ec1-c630-48f7-8327-8230e4d16846",
                                            "state": {
                                                "id": "5cbbb439-96e7-4f60-bf2f-abddd0d03e7e",
                                                "name": "BARISAL"
                                            }
                                        },
                                        {
                                            "name": "KATHALIA",
                                            "id": "98bbf847-31a1-4d55-a771-a5d045976cfe",
                                            "state": {
                                                "id": "5cbbb439-96e7-4f60-bf2f-abddd0d03e7e",
                                                "name": "BARISAL"
                                            }
                                        }
                                    ]
                                },
                                {
                                    "id": "e9431d37-c6a8-49a5-b5f5-3d8c14bc8ec7",
                                    "name": "LALMONIRHAT",
                                    "upazilas": [
                                        {
                                            "name": "KALIGANJ",
                                            "id": "40f7ed07-08b0-4244-9f65-17971aaeb6d2",
                                            "state": {
                                                "id": "b8c19906-b4fc-4745-ac93-af957934136b",
                                                "name": "RANGPUR"
                                            }
                                        },
                                        {
                                            "name": "LALMANIRHAT_SADAR",
                                            "id": "c3fdab30-b48f-484a-bcab-d8fdb8038626",
                                            "state": {
                                                "id": "b8c19906-b4fc-4745-ac93-af957934136b",
                                                "name": "RANGPUR"
                                            }
                                        },
                                        {
                                            "name": "HATIBANDHA",
                                            "id": "81a52b21-ee0e-4b30-af0e-077ef3b01cc5",
                                            "state": {
                                                "id": "b8c19906-b4fc-4745-ac93-af957934136b",
                                                "name": "RANGPUR"
                                            }
                                        },
                                        {
                                            "name": "ADITMARI",
                                            "id": "b4123b8d-af34-4c2f-8755-8c8d37c59e89",
                                            "state": {
                                                "id": "b8c19906-b4fc-4745-ac93-af957934136b",
                                                "name": "RANGPUR"
                                            }
                                        },
                                        {
                                            "name": "PATGRAM",
                                            "id": "bff9e973-cc00-4aaa-8e53-4ca5ff6dab3d",
                                            "state": {
                                                "id": "b8c19906-b4fc-4745-ac93-af957934136b",
                                                "name": "RANGPUR"
                                            }
                                        }
                                    ]
                                },
                                {
                                    "id": "3244a7d0-e432-4753-841f-cdbd7aa1f437",
                                    "name": "SHARIATPUR",
                                    "upazilas": [
                                        {
                                            "name": "NARIA",
                                            "id": "3e8850ed-a488-46ae-afa3-5b567c539ba2",
                                            "state": {
                                                "id": "9c75a95b-9f42-4ca9-a152-78c492590a6f",
                                                "name": "DHAKA"
                                            }
                                        },
                                        {
                                            "name": "BHEDARGANJ",
                                            "id": "088a2bdf-e98a-407a-9096-01143b440bf1",
                                            "state": {
                                                "id": "9c75a95b-9f42-4ca9-a152-78c492590a6f",
                                                "name": "DHAKA"
                                            }
                                        },
                                        {
                                            "name": "JAJIRA",
                                            "id": "c37722a7-f975-43ee-856b-2059735e3915",
                                            "state": {
                                                "id": "9c75a95b-9f42-4ca9-a152-78c492590a6f",
                                                "name": "DHAKA"
                                            }
                                        },
                                        {
                                            "name": "DAMUDYA",
                                            "id": "e5e20af1-f619-4df7-be4a-ee1958717815",
                                            "state": {
                                                "id": "9c75a95b-9f42-4ca9-a152-78c492590a6f",
                                                "name": "DHAKA"
                                            }
                                        },
                                        {
                                            "name": "SHARIATPUR_SADAR -PALONG",
                                            "id": "0d38ea96-e004-4fab-93d8-88216ca015ef",
                                            "state": {
                                                "id": "9c75a95b-9f42-4ca9-a152-78c492590a6f",
                                                "name": "DHAKA"
                                            }
                                        },
                                        {
                                            "name": "GOSAIRHAT",
                                            "id": "92f19d77-dcd7-4b5b-95bc-de0ca310248c",
                                            "state": {
                                                "id": "9c75a95b-9f42-4ca9-a152-78c492590a6f",
                                                "name": "DHAKA"
                                            }
                                        }
                                    ]
                                },
                                {
                                    "id": "dd4ed0a1-039e-4411-9337-e3bf3f9def9b",
                                    "name": "FENI",
                                    "upazilas": [
                                        {
                                            "name": "SONAGAZI",
                                            "id": "27efec53-92df-41c3-bc6a-9e81493d016d",
                                            "state": {
                                                "id": "d4e8944a-6e8f-4d6e-a313-2228cfe9a567",
                                                "name": "CHITTAGONG"
                                            }
                                        },
                                        {
                                            "name": "DAGANBHYAN",
                                            "id": "53afc9e2-06de-4aa2-b8b0-a05e8293b780",
                                            "state": {
                                                "id": "d4e8944a-6e8f-4d6e-a313-2228cfe9a567",
                                                "name": "CHITTAGONG"
                                            }
                                        },
                                        {
                                            "name": "PARSHURAM",
                                            "id": "49ff9838-f33c-474c-b129-2c9ae86e3ee4",
                                            "state": {
                                                "id": "d4e8944a-6e8f-4d6e-a313-2228cfe9a567",
                                                "name": "CHITTAGONG"
                                            }
                                        },
                                        {
                                            "name": "CHAGALNAIYA",
                                            "id": "04c3cb80-8635-455a-a5fa-84dbaa621b70",
                                            "state": {
                                                "id": "d4e8944a-6e8f-4d6e-a313-2228cfe9a567",
                                                "name": "CHITTAGONG"
                                            }
                                        },
                                        {
                                            "name": "FHULGAZI",
                                            "id": "3290d327-252d-4ac8-b994-c32aa5683ffa",
                                            "state": {
                                                "id": "d4e8944a-6e8f-4d6e-a313-2228cfe9a567",
                                                "name": "CHITTAGONG"
                                            }
                                        },
                                        {
                                            "name": "FENI_SADAR",
                                            "id": "d7952bf9-ddfa-4bc5-a8f0-41dfc66a892e",
                                            "state": {
                                                "id": "d4e8944a-6e8f-4d6e-a313-2228cfe9a567",
                                                "name": "CHITTAGONG"
                                            }
                                        }
                                    ]
                                },
                                {
                                    "id": "970ee245-d795-4373-923b-1d66e666d1a6",
                                    "name": "PATUAKHALI",
                                    "upazilas": [
                                        {
                                            "name": "PATUAKHALI_SADAR",
                                            "id": "afda7029-c236-44ba-b3df-5855d1e83414",
                                            "state": {
                                                "id": "5cbbb439-96e7-4f60-bf2f-abddd0d03e7e",
                                                "name": "BARISAL"
                                            }
                                        },
                                        {
                                            "name": "DASHMINA",
                                            "id": "89e2dffc-cb82-4fdd-9f42-8823500f1b10",
                                            "state": {
                                                "id": "5cbbb439-96e7-4f60-bf2f-abddd0d03e7e",
                                                "name": "BARISAL"
                                            }
                                        },
                                        {
                                            "name": "MIRZAGANJ",
                                            "id": "485e7d51-a1c0-4758-84c1-72129e770eba",
                                            "state": {
                                                "id": "5cbbb439-96e7-4f60-bf2f-abddd0d03e7e",
                                                "name": "BARISAL"
                                            }
                                        },
                                        {
                                            "name": "KALAPARA",
                                            "id": "0f279548-56c6-469b-931d-98f8666550f4",
                                            "state": {
                                                "id": "5cbbb439-96e7-4f60-bf2f-abddd0d03e7e",
                                                "name": "BARISAL"
                                            }
                                        },
                                        {
                                            "name": "GALACHIPA",
                                            "id": "fe4542b1-4c54-435c-93bf-7528621355b9",
                                            "state": {
                                                "id": "5cbbb439-96e7-4f60-bf2f-abddd0d03e7e",
                                                "name": "BARISAL"
                                            }
                                        },
                                        {
                                            "name": "BAUPHAL",
                                            "id": "3befd289-1458-4cfc-bc85-f929255b4161",
                                            "state": {
                                                "id": "5cbbb439-96e7-4f60-bf2f-abddd0d03e7e",
                                                "name": "BARISAL"
                                            }
                                        },
                                        {
                                            "name": "RANGABALI",
                                            "id": "fd694849-085a-4e6e-b708-fc06792067cf",
                                            "state": {
                                                "id": "5cbbb439-96e7-4f60-bf2f-abddd0d03e7e",
                                                "name": "BARISAL"
                                            }
                                        },
                                        {
                                            "name": "DUMKI",
                                            "id": "acde2384-2fcd-4771-bf87-1b5b08efe4a3",
                                            "state": {
                                                "id": "5cbbb439-96e7-4f60-bf2f-abddd0d03e7e",
                                                "name": "BARISAL"
                                            }
                                        }
                                    ]
                                },
                                {
                                    "id": "467a49c1-9b1e-4409-a811-a2541a28cc9d",
                                    "name": "RANGPUR",
                                    "upazilas": [
                                        {
                                            "name": "TARAGANJ",
                                            "id": "f3cafdc7-ff33-4c9a-bf41-e092493e5e1b",
                                            "state": {
                                                "id": "b8c19906-b4fc-4745-ac93-af957934136b",
                                                "name": "RANGPUR"
                                            }
                                        },
                                        {
                                            "name": "GANGACHARA",
                                            "id": "331ce02e-1f27-429d-9256-95faacb19759",
                                            "state": {
                                                "id": "b8c19906-b4fc-4745-ac93-af957934136b",
                                                "name": "RANGPUR"
                                            }
                                        },
                                        {
                                            "name": "BADARGANJ",
                                            "id": "23b5ff55-5742-48ae-9dc6-b15f225a1268",
                                            "state": {
                                                "id": "b8c19906-b4fc-4745-ac93-af957934136b",
                                                "name": "RANGPUR"
                                            }
                                        },
                                        {
                                            "name": "KAUNIA",
                                            "id": "ea59b48e-61b7-40d5-a041-3189f4143167",
                                            "state": {
                                                "id": "b8c19906-b4fc-4745-ac93-af957934136b",
                                                "name": "RANGPUR"
                                            }
                                        },
                                        {
                                            "name": "PIRGACHHA",
                                            "id": "513d1649-1f41-498e-ac2d-6912f8b2327d",
                                            "state": {
                                                "id": "b8c19906-b4fc-4745-ac93-af957934136b",
                                                "name": "RANGPUR"
                                            }
                                        },
                                        {
                                            "name": "MITHAPUKUR",
                                            "id": "d8e55f9d-f8ec-4027-a775-ffb34e90a6c2",
                                            "state": {
                                                "id": "b8c19906-b4fc-4745-ac93-af957934136b",
                                                "name": "RANGPUR"
                                            }
                                        },
                                        {
                                            "name": "RANGPUR_SADAR",
                                            "id": "c7f28afe-ce75-4b54-9eb0-8ad04f863a9d",
                                            "state": {
                                                "id": "b8c19906-b4fc-4745-ac93-af957934136b",
                                                "name": "RANGPUR"
                                            }
                                        }
                                    ]
                                },
                                {
                                    "id": "086915fc-d139-4e2e-839c-b38a5be1e5f6",
                                    "name": "GAIBANDHA",
                                    "upazilas": [
                                        {
                                            "name": "SAGHATA",
                                            "id": "7b7f1bed-05af-46ef-9a98-c4be724fd5e2",
                                            "state": {
                                                "id": "b8c19906-b4fc-4745-ac93-af957934136b",
                                                "name": "RANGPUR"
                                            }
                                        },
                                        {
                                            "name": "SUNDARGANJ",
                                            "id": "b3c77682-f3b2-43a0-b18f-ce0fde8cd30d",
                                            "state": {
                                                "id": "b8c19906-b4fc-4745-ac93-af957934136b",
                                                "name": "RANGPUR"
                                            }
                                        },
                                        {
                                            "name": "GAIBANDHA_SADAR",
                                            "id": "549a592d-7e92-4dba-98a2-ccf8988786d4",
                                            "state": {
                                                "id": "b8c19906-b4fc-4745-ac93-af957934136b",
                                                "name": "RANGPUR"
                                            }
                                        },
                                        {
                                            "name": "PALASHBARI",
                                            "id": "4ca323ee-31f6-4126-a12e-b8ac59881175",
                                            "state": {
                                                "id": "b8c19906-b4fc-4745-ac93-af957934136b",
                                                "name": "RANGPUR"
                                            }
                                        },
                                        {
                                            "name": "GOBINDAGANJ",
                                            "id": "f28adc54-023d-4585-9859-72797f1a509b",
                                            "state": {
                                                "id": "b8c19906-b4fc-4745-ac93-af957934136b",
                                                "name": "RANGPUR"
                                            }
                                        },
                                        {
                                            "name": "FULCHHARI",
                                            "id": "a2a7553c-a2bd-44e5-bd52-0a085246f0a3",
                                            "state": {
                                                "id": "b8c19906-b4fc-4745-ac93-af957934136b",
                                                "name": "RANGPUR"
                                            }
                                        },
                                        {
                                            "name": "SADULLAPUR",
                                            "id": "e9b50e9e-ac38-4969-b483-d3972f87cee4",
                                            "state": {
                                                "id": "b8c19906-b4fc-4745-ac93-af957934136b",
                                                "name": "RANGPUR"
                                            }
                                        }
                                    ]
                                },
                                {
                                    "id": "1c714c0b-021b-4301-a593-2c83a2313649",
                                    "name": "JASHORE",
                                    "upazilas": [
                                        {
                                            "name": "JESSORE_SADAR",
                                            "id": "42f61364-59f7-4623-9426-6cdc057ec349",
                                            "state": {
                                                "id": "642a6748-942f-473d-96c6-a6c1b2e00e05",
                                                "name": "KHULNA"
                                            }
                                        },
                                        {
                                            "name": "JHIKARGACHHA",
                                            "id": "e8528241-9712-4342-9aeb-09f71796e266",
                                            "state": {
                                                "id": "642a6748-942f-473d-96c6-a6c1b2e00e05",
                                                "name": "KHULNA"
                                            }
                                        },
                                        {
                                            "name": "CHAUGACHHA",
                                            "id": "12c0fdba-54d7-44c3-8261-799edb2af99c",
                                            "state": {
                                                "id": "642a6748-942f-473d-96c6-a6c1b2e00e05",
                                                "name": "KHULNA"
                                            }
                                        },
                                        {
                                            "name": "SHARSHA",
                                            "id": "cbf6f38e-583e-4ccc-b6d4-79af79fa8219",
                                            "state": {
                                                "id": "642a6748-942f-473d-96c6-a6c1b2e00e05",
                                                "name": "KHULNA"
                                            }
                                        },
                                        {
                                            "name": "MANIRAMPUR",
                                            "id": "d0720ff4-ff9b-465d-91e9-aa3c8b7786e6",
                                            "state": {
                                                "id": "642a6748-942f-473d-96c6-a6c1b2e00e05",
                                                "name": "KHULNA"
                                            }
                                        },
                                        {
                                            "name": "KESHABPUR",
                                            "id": "eb816407-8817-4b72-a245-aa3d26a6730a",
                                            "state": {
                                                "id": "642a6748-942f-473d-96c6-a6c1b2e00e05",
                                                "name": "KHULNA"
                                            }
                                        },
                                        {
                                            "name": "BAGHERPARA",
                                            "id": "57a33475-5412-4756-96a0-c856f6e69819",
                                            "state": {
                                                "id": "642a6748-942f-473d-96c6-a6c1b2e00e05",
                                                "name": "KHULNA"
                                            }
                                        }
                                    ]
                                },
                                {
                                    "id": "e6fbbbf2-76b6-454c-aab1-00bae43ee7fb",
                                    "name": "CHANDPUR",
                                    "upazilas": [
                                        {
                                            "name": "MATLAB UTTAR",
                                            "id": "063793f3-d840-4cd8-9b37-16b346b5802b",
                                            "state": {
                                                "id": "d4e8944a-6e8f-4d6e-a313-2228cfe9a567",
                                                "name": "CHITTAGONG"
                                            }
                                        },
                                        {
                                            "name": "CHANDPUR_SADAR",
                                            "id": "ed3e766b-5c5f-4898-9807-c60656a34d68",
                                            "state": {
                                                "id": "d4e8944a-6e8f-4d6e-a313-2228cfe9a567",
                                                "name": "CHITTAGONG"
                                            }
                                        },
                                        {
                                            "name": "FARIDGANJ",
                                            "id": "80004c2e-4af7-4c54-a08f-7c5eab9de5b7",
                                            "state": {
                                                "id": "d4e8944a-6e8f-4d6e-a313-2228cfe9a567",
                                                "name": "CHITTAGONG"
                                            }
                                        },
                                        {
                                            "name": "SHAHRASTI",
                                            "id": "ce322d53-bbdb-415b-8d13-45a8185dce83",
                                            "state": {
                                                "id": "d4e8944a-6e8f-4d6e-a313-2228cfe9a567",
                                                "name": "CHITTAGONG"
                                            }
                                        },
                                        {
                                            "name": "HAIMCHAR",
                                            "id": "b7b43526-46a4-48d6-8d67-f4c15ba2afe0",
                                            "state": {
                                                "id": "d4e8944a-6e8f-4d6e-a313-2228cfe9a567",
                                                "name": "CHITTAGONG"
                                            }
                                        },
                                        {
                                            "name": "MATLAB DAKKHIN",
                                            "id": "c099cd9b-69a4-4e70-9314-2d54f940fcd8",
                                            "state": {
                                                "id": "d4e8944a-6e8f-4d6e-a313-2228cfe9a567",
                                                "name": "CHITTAGONG"
                                            }
                                        },
                                        {
                                            "name": "HAZIGANJ",
                                            "id": "d4f9f2a0-9974-4d64-9cf0-139a6619407e",
                                            "state": {
                                                "id": "d4e8944a-6e8f-4d6e-a313-2228cfe9a567",
                                                "name": "CHITTAGONG"
                                            }
                                        }
                                    ]
                                },
                                {
                                    "id": "82157ea8-5e09-483d-82b6-7fbc0c15ead9",
                                    "name": "CHUADANGA",
                                    "upazilas": [
                                        {
                                            "name": "JIBANNAGAR",
                                            "id": "056bb4e6-8df9-4275-8bd0-5de51d1375e5",
                                            "state": {
                                                "id": "642a6748-942f-473d-96c6-a6c1b2e00e05",
                                                "name": "KHULNA"
                                            }
                                        },
                                        {
                                            "name": "DAMURHUDA",
                                            "id": "48021efd-36b5-4321-8505-e9d5d2388c27",
                                            "state": {
                                                "id": "642a6748-942f-473d-96c6-a6c1b2e00e05",
                                                "name": "KHULNA"
                                            }
                                        },
                                        {
                                            "name": "CHUADANGA-S",
                                            "id": "6074f64e-f724-4a45-89fa-45dd861ff000",
                                            "state": {
                                                "id": "642a6748-942f-473d-96c6-a6c1b2e00e05",
                                                "name": "KHULNA"
                                            }
                                        },
                                        {
                                            "name": "ALAMDANGA",
                                            "id": "d0578b99-4bb0-4dbd-9c2c-55ba5b2dd713",
                                            "state": {
                                                "id": "642a6748-942f-473d-96c6-a6c1b2e00e05",
                                                "name": "KHULNA"
                                            }
                                        }
                                    ]
                                },
                                {
                                    "id": "fdd90dd4-29f5-47e3-9c83-86247e30e011",
                                    "name": "MANIKGANJ",
                                    "upazilas": [
                                        {
                                            "name": "SATURIA",
                                            "id": "d9009b9c-883f-44b8-8510-e89dd74298ef",
                                            "state": {
                                                "id": "9c75a95b-9f42-4ca9-a152-78c492590a6f",
                                                "name": "DHAKA"
                                            }
                                        },
                                        {
                                            "name": "SHIBALAYA",
                                            "id": "ab1e982e-faba-4f99-93af-8be8a4fd5fe5",
                                            "state": {
                                                "id": "9c75a95b-9f42-4ca9-a152-78c492590a6f",
                                                "name": "DHAKA"
                                            }
                                        },
                                        {
                                            "name": "GHIOR",
                                            "id": "39c075ea-6975-49d4-9028-f904f0bf6c6c",
                                            "state": {
                                                "id": "9c75a95b-9f42-4ca9-a152-78c492590a6f",
                                                "name": "DHAKA"
                                            }
                                        },
                                        {
                                            "name": "HARIRAMPUR",
                                            "id": "a11e3d5b-0753-4029-9491-ea2ea72465aa",
                                            "state": {
                                                "id": "9c75a95b-9f42-4ca9-a152-78c492590a6f",
                                                "name": "DHAKA"
                                            }
                                        },
                                        {
                                            "name": "SINGAIR",
                                            "id": "f178d21b-89ed-42df-a9a3-21f108b44d28",
                                            "state": {
                                                "id": "9c75a95b-9f42-4ca9-a152-78c492590a6f",
                                                "name": "DHAKA"
                                            }
                                        },
                                        {
                                            "name": "MANIKGANJ_SADAR",
                                            "id": "75442244-e5ad-4289-8a34-d5615d19b3a4",
                                            "state": {
                                                "id": "9c75a95b-9f42-4ca9-a152-78c492590a6f",
                                                "name": "DHAKA"
                                            }
                                        }
                                    ]
                                },
                                {
                                    "id": "eb65d06c-18a8-4220-abbb-a4fc1de8f740",
                                    "name": "MUNSHIGANJ",
                                    "upazilas": [
                                        {
                                            "name": "GAZARIA",
                                            "id": "d93e5ad7-1fa9-453b-be01-f707de0dee0d",
                                            "state": {
                                                "id": "9c75a95b-9f42-4ca9-a152-78c492590a6f",
                                                "name": "DHAKA"
                                            }
                                        },
                                        {
                                            "name": "LOHAJANG",
                                            "id": "8de67669-ef24-4fc0-974d-614802bc635c",
                                            "state": {
                                                "id": "9c75a95b-9f42-4ca9-a152-78c492590a6f",
                                                "name": "DHAKA"
                                            }
                                        },
                                        {
                                            "name": "SREENAGAR",
                                            "id": "8f4bf6d0-176e-46a3-911b-50fa597f928a",
                                            "state": {
                                                "id": "9c75a95b-9f42-4ca9-a152-78c492590a6f",
                                                "name": "DHAKA"
                                            }
                                        },
                                        {
                                            "name": "MUNSHIGANJ_SADAR",
                                            "id": "d0ee788a-80bc-41a6-85c0-285852acb1c1",
                                            "state": {
                                                "id": "9c75a95b-9f42-4ca9-a152-78c492590a6f",
                                                "name": "DHAKA"
                                            }
                                        },
                                        {
                                            "name": "SIRAJDIKHAN",
                                            "id": "76276c1f-b0a4-4ad9-8994-f7056d23bcfd",
                                            "state": {
                                                "id": "9c75a95b-9f42-4ca9-a152-78c492590a6f",
                                                "name": "DHAKA"
                                            }
                                        },
                                        {
                                            "name": "TONGIBARI",
                                            "id": "632c71cf-94e4-43da-b567-79d0e8ddc66c",
                                            "state": {
                                                "id": "9c75a95b-9f42-4ca9-a152-78c492590a6f",
                                                "name": "DHAKA"
                                            }
                                        }
                                    ]
                                },
                                {
                                    "id": "27088eef-3fb2-45db-83f6-7b5820818817",
                                    "name": "KUSHTIA",
                                    "upazilas": [
                                        {
                                            "name": "KUMARKHALI",
                                            "id": "f172ffc4-fc9f-49de-956b-6385b8fd74d3",
                                            "state": {
                                                "id": "642a6748-942f-473d-96c6-a6c1b2e00e05",
                                                "name": "KHULNA"
                                            }
                                        },
                                        {
                                            "name": "BHERAMARA",
                                            "id": "7a6ae3eb-abfb-4059-9759-59fc79242f27",
                                            "state": {
                                                "id": "642a6748-942f-473d-96c6-a6c1b2e00e05",
                                                "name": "KHULNA"
                                            }
                                        },
                                        {
                                            "name": "KUSHTIA_SADAR",
                                            "id": "080eebe9-aace-48e8-81c5-85b575971f51",
                                            "state": {
                                                "id": "642a6748-942f-473d-96c6-a6c1b2e00e05",
                                                "name": "KHULNA"
                                            }
                                        },
                                        {
                                            "name": "MIRPUR",
                                            "id": "b652dbdd-b30a-4afb-886c-9d59c58a8c0e",
                                            "state": {
                                                "id": "642a6748-942f-473d-96c6-a6c1b2e00e05",
                                                "name": "KHULNA"
                                            }
                                        },
                                        {
                                            "name": "KHOKSA",
                                            "id": "2efbd4a2-b662-4471-a226-7feb55866616",
                                            "state": {
                                                "id": "642a6748-942f-473d-96c6-a6c1b2e00e05",
                                                "name": "KHULNA"
                                            }
                                        },
                                        {
                                            "name": "DAULATPUR",
                                            "id": "ca60c131-5d3d-4e69-a08a-e346ffaea90a",
                                            "state": {
                                                "id": "642a6748-942f-473d-96c6-a6c1b2e00e05",
                                                "name": "KHULNA"
                                            }
                                        }
                                    ]
                                },
                                {
                                    "id": "3f0b76be-22bf-4ac9-8a29-0dc53c9641c5",
                                    "name": "BOGURA",
                                    "upazilas": [
                                        {
                                            "name": "SHERPUR",
                                            "id": "27718256-3ec0-4b90-803d-2e077b4c6bb7",
                                            "state": {
                                                "id": "d68c68d2-108e-4635-93d1-28c44525f178",
                                                "name": "RAJSHAHI"
                                            }
                                        },
                                        {
                                            "name": "SARIAKANDI",
                                            "id": "c5843f0e-3bc2-4e45-b823-b5ca3c5c9991",
                                            "state": {
                                                "id": "d68c68d2-108e-4635-93d1-28c44525f178",
                                                "name": "RAJSHAHI"
                                            }
                                        },
                                        {
                                            "name": "NANDIGRAM",
                                            "id": "1085c7de-e430-45fc-970e-79f4336a854a",
                                            "state": {
                                                "id": "d68c68d2-108e-4635-93d1-28c44525f178",
                                                "name": "RAJSHAHI"
                                            }
                                        },
                                        {
                                            "name": "ADAMDIGHI",
                                            "id": "d4fb9820-bf93-498b-bbd9-68c432008c8b",
                                            "state": {
                                                "id": "d68c68d2-108e-4635-93d1-28c44525f178",
                                                "name": "RAJSHAHI"
                                            }
                                        },
                                        {
                                            "name": "DHUNAT",
                                            "id": "4ae13d59-e9e4-47c7-afc0-9f8bfa03e321",
                                            "state": {
                                                "id": "d68c68d2-108e-4635-93d1-28c44525f178",
                                                "name": "RAJSHAHI"
                                            }
                                        },
                                        {
                                            "name": "GABTALI",
                                            "id": "23160f5f-aec6-4b0b-81c4-5aa895621020",
                                            "state": {
                                                "id": "d68c68d2-108e-4635-93d1-28c44525f178",
                                                "name": "RAJSHAHI"
                                            }
                                        },
                                        {
                                            "name": "SONATALA",
                                            "id": "72bf0fce-8301-4e93-b9ce-e7b776e5bd6f",
                                            "state": {
                                                "id": "d68c68d2-108e-4635-93d1-28c44525f178",
                                                "name": "RAJSHAHI"
                                            }
                                        },
                                        {
                                            "name": "BOGRA_SADAR",
                                            "id": "dcf677c9-ffde-466c-a5fd-72d273586b19",
                                            "state": {
                                                "id": "d68c68d2-108e-4635-93d1-28c44525f178",
                                                "name": "RAJSHAHI"
                                            }
                                        },
                                        {
                                            "name": "SAHAJANPUR",
                                            "id": "bfaadb41-661b-4556-8b5c-6d8a2611e817",
                                            "state": {
                                                "id": "d68c68d2-108e-4635-93d1-28c44525f178",
                                                "name": "RAJSHAHI"
                                            }
                                        },
                                        {
                                            "name": "KAHALOO",
                                            "id": "303a6199-9118-46c1-b9ec-68e991107bb5",
                                            "state": {
                                                "id": "d68c68d2-108e-4635-93d1-28c44525f178",
                                                "name": "RAJSHAHI"
                                            }
                                        },
                                        {
                                            "name": "DHUPCHANCHIA",
                                            "id": "25c404c7-009d-4b24-aa5b-8b2a8de06f02",
                                            "state": {
                                                "id": "d68c68d2-108e-4635-93d1-28c44525f178",
                                                "name": "RAJSHAHI"
                                            }
                                        }
                                    ]
                                },
                                {
                                    "id": "acac9cb9-207c-48b8-bf7f-2bb26c3cbaf3",
                                    "name": "SUNAMGANJ",
                                    "upazilas": [
                                        {
                                            "name": "DOWARABAZAR",
                                            "id": "cff4ac7e-408b-4f6b-87ab-3009304229e8",
                                            "state": {
                                                "id": "2f2f0cc1-587a-4dad-a3f0-83c0bac697ec",
                                                "name": "SYLHET"
                                            }
                                        },
                                        {
                                            "name": "JAMALGANJ",
                                            "id": "dc3ee901-0d99-4235-9097-9392156a30b2",
                                            "state": {
                                                "id": "2f2f0cc1-587a-4dad-a3f0-83c0bac697ec",
                                                "name": "SYLHET"
                                            }
                                        },
                                        {
                                            "name": "SUNAMGANJ_SADAR",
                                            "id": "4fef6ecc-27ee-4547-b1f2-cac270075800",
                                            "state": {
                                                "id": "2f2f0cc1-587a-4dad-a3f0-83c0bac697ec",
                                                "name": "SYLHET"
                                            }
                                        },
                                        {
                                            "name": "CHHATAK",
                                            "id": "2850075b-f85b-4b3e-9464-fb094fdab0d1",
                                            "state": {
                                                "id": "2f2f0cc1-587a-4dad-a3f0-83c0bac697ec",
                                                "name": "SYLHET"
                                            }
                                        },
                                        {
                                            "name": "BISHWAMVARPUR",
                                            "id": "bd2a5b8d-2db7-4457-890f-cb7949ab679b",
                                            "state": {
                                                "id": "2f2f0cc1-587a-4dad-a3f0-83c0bac697ec",
                                                "name": "SYLHET"
                                            }
                                        },
                                        {
                                            "name": "TAHIRPUR",
                                            "id": "e629bf90-c502-4b6a-ab23-1c0e2ed8c422",
                                            "state": {
                                                "id": "2f2f0cc1-587a-4dad-a3f0-83c0bac697ec",
                                                "name": "SYLHET"
                                            }
                                        },
                                        {
                                            "name": "SHANTHIGANJ",
                                            "id": "1d7a3c9c-c35f-4813-a587-a3b823c24929",
                                            "state": {
                                                "id": "2f2f0cc1-587a-4dad-a3f0-83c0bac697ec",
                                                "name": "SYLHET"
                                            }
                                        },
                                        {
                                            "name": "DHARAMPASHA",
                                            "id": "eef5310f-38fa-46a5-8c0d-1a1921b45c75",
                                            "state": {
                                                "id": "2f2f0cc1-587a-4dad-a3f0-83c0bac697ec",
                                                "name": "SYLHET"
                                            }
                                        },
                                        {
                                            "name": "DERAI",
                                            "id": "cdd49f46-021e-402f-b1e9-bab17bf44714",
                                            "state": {
                                                "id": "2f2f0cc1-587a-4dad-a3f0-83c0bac697ec",
                                                "name": "SYLHET"
                                            }
                                        },
                                        {
                                            "name": "SULLA",
                                            "id": "f4446cae-89b8-4db4-844b-d46ac7d71a8d",
                                            "state": {
                                                "id": "2f2f0cc1-587a-4dad-a3f0-83c0bac697ec",
                                                "name": "SYLHET"
                                            }
                                        },
                                        {
                                            "name": "MODHYANAGAR",
                                            "id": "f2eb6c8d-a10e-4f30-bf84-758a716f9e5b",
                                            "state": {
                                                "id": "2f2f0cc1-587a-4dad-a3f0-83c0bac697ec",
                                                "name": "SYLHET"
                                            }
                                        },
                                        {
                                            "name": "JAGANNATHPUR",
                                            "id": "ed7e25d5-9cae-409c-b4b6-ec487ae79e26",
                                            "state": {
                                                "id": "2f2f0cc1-587a-4dad-a3f0-83c0bac697ec",
                                                "name": "SYLHET"
                                            }
                                        }
                                    ]
                                },
                                {
                                    "id": "440478fc-7e81-4b0e-9e11-7a30d0240c6a",
                                    "name": "THAKURGAON",
                                    "upazilas": [
                                        {
                                            "name": "RANISANKAIL",
                                            "id": "3fe1bae0-b945-47c8-b858-143e99d1345c",
                                            "state": {
                                                "id": "b8c19906-b4fc-4745-ac93-af957934136b",
                                                "name": "RANGPUR"
                                            }
                                        },
                                        {
                                            "name": "BALIADANGI",
                                            "id": "bc011048-a141-4782-80e6-1de7933f976f",
                                            "state": {
                                                "id": "b8c19906-b4fc-4745-ac93-af957934136b",
                                                "name": "RANGPUR"
                                            }
                                        },
                                        {
                                            "name": "THAKURGAON_SADAR",
                                            "id": "e76216bc-9591-448d-bdd2-f11337f1d167",
                                            "state": {
                                                "id": "b8c19906-b4fc-4745-ac93-af957934136b",
                                                "name": "RANGPUR"
                                            }
                                        },
                                        {
                                            "name": "HARIPUR",
                                            "id": "a057fd71-762f-4e3b-94c4-b0c25f1330e1",
                                            "state": {
                                                "id": "b8c19906-b4fc-4745-ac93-af957934136b",
                                                "name": "RANGPUR"
                                            }
                                        },
                                        {
                                            "name": "PIRGANJ",
                                            "id": "6f84b588-ac8a-4a62-b9ea-5d2ca913c00c",
                                            "state": {
                                                "id": "b8c19906-b4fc-4745-ac93-af957934136b",
                                                "name": "RANGPUR"
                                            }
                                        }
                                    ]
                                },
                                {
                                    "id": "7597f272-f003-4db4-8568-e8f45cb1a56d",
                                    "name": "PANCHAGARH",
                                    "upazilas": [
                                        {
                                            "name": "TETULIA",
                                            "id": "4f9f299d-6613-41be-ab21-4997945547c1",
                                            "state": {
                                                "id": "b8c19906-b4fc-4745-ac93-af957934136b",
                                                "name": "RANGPUR"
                                            }
                                        },
                                        {
                                            "name": "ATWARI",
                                            "id": "1a02f5b1-d095-4d55-9d14-045721e6c40d",
                                            "state": {
                                                "id": "b8c19906-b4fc-4745-ac93-af957934136b",
                                                "name": "RANGPUR"
                                            }
                                        },
                                        {
                                            "name": "BODA",
                                            "id": "d005e319-3338-4877-936c-c01c42003faf",
                                            "state": {
                                                "id": "b8c19906-b4fc-4745-ac93-af957934136b",
                                                "name": "RANGPUR"
                                            }
                                        },
                                        {
                                            "name": "PANCHAGARH_SADAR",
                                            "id": "7c487b8b-afc0-426f-a5a3-2df6ca17e2b7",
                                            "state": {
                                                "id": "b8c19906-b4fc-4745-ac93-af957934136b",
                                                "name": "RANGPUR"
                                            }
                                        },
                                        {
                                            "name": "DEBIGANJ",
                                            "id": "c69f7be1-f80c-49a0-a422-816cc0aedbe2",
                                            "state": {
                                                "id": "b8c19906-b4fc-4745-ac93-af957934136b",
                                                "name": "RANGPUR"
                                            }
                                        }
                                    ]
                                },
                                {
                                    "id": "02e94441-6145-4fbc-b185-7147f9433b0d",
                                    "name": "KHAGRACHARI",
                                    "upazilas": [
                                        {
                                            "name": "LAKSHMICHHARI",
                                            "id": "15bb16dd-f946-4d7f-ba1a-3833795ce9ae",
                                            "state": {
                                                "id": "d4e8944a-6e8f-4d6e-a313-2228cfe9a567",
                                                "name": "CHITTAGONG"
                                            }
                                        },
                                        {
                                            "name": "MANIKCHHARI",
                                            "id": "7ccab6c5-4db7-4c96-b5c2-f9bf8f4b4b2e",
                                            "state": {
                                                "id": "d4e8944a-6e8f-4d6e-a313-2228cfe9a567",
                                                "name": "CHITTAGONG"
                                            }
                                        },
                                        {
                                            "name": "MAHALCHHARI",
                                            "id": "8d6273ce-8713-4857-8d7f-645ec8cf7b49",
                                            "state": {
                                                "id": "d4e8944a-6e8f-4d6e-a313-2228cfe9a567",
                                                "name": "CHITTAGONG"
                                            }
                                        },
                                        {
                                            "name": "DIGHINALA",
                                            "id": "56d905ea-5cc1-4c95-aa62-a369fa67ef86",
                                            "state": {
                                                "id": "d4e8944a-6e8f-4d6e-a313-2228cfe9a567",
                                                "name": "CHITTAGONG"
                                            }
                                        },
                                        {
                                            "name": "MATIRANGA",
                                            "id": "5a40f09b-f1fc-4a4c-9339-7242810be320",
                                            "state": {
                                                "id": "d4e8944a-6e8f-4d6e-a313-2228cfe9a567",
                                                "name": "CHITTAGONG"
                                            }
                                        },
                                        {
                                            "name": "PANCHHARI",
                                            "id": "72bf30e6-6965-4134-82ee-942435bf0cf8",
                                            "state": {
                                                "id": "d4e8944a-6e8f-4d6e-a313-2228cfe9a567",
                                                "name": "CHITTAGONG"
                                            }
                                        },
                                        {
                                            "name": "KHAGRACHHARI",
                                            "id": "0b5ba0d4-cf95-4748-a05d-3243c24b9c2b",
                                            "state": {
                                                "id": "d4e8944a-6e8f-4d6e-a313-2228cfe9a567",
                                                "name": "CHITTAGONG"
                                            }
                                        },
                                        {
                                            "name": "RAMGARH",
                                            "id": "3a985352-6aac-42ca-9d46-0104299d9d5b",
                                            "state": {
                                                "id": "d4e8944a-6e8f-4d6e-a313-2228cfe9a567",
                                                "name": "CHITTAGONG"
                                            }
                                        }
                                    ]
                                },
                                {
                                    "id": "2bdb9cb8-429c-4c87-8651-44eb75bba39f",
                                    "name": "RANGAMATI",
                                    "upazilas": [
                                        {
                                            "name": "KAPTAI",
                                            "id": "b1e5c4ba-9a01-40d7-ae06-e2eff4512f64",
                                            "state": {
                                                "id": "d4e8944a-6e8f-4d6e-a313-2228cfe9a567",
                                                "name": "CHITTAGONG"
                                            }
                                        },
                                        {
                                            "name": "BELAICHHARI",
                                            "id": "66e451b0-a6e5-4797-ae4e-6e3337e8f656",
                                            "state": {
                                                "id": "d4e8944a-6e8f-4d6e-a313-2228cfe9a567",
                                                "name": "CHITTAGONG"
                                            }
                                        },
                                        {
                                            "name": "LANGADU",
                                            "id": "b0ec8354-8a29-4b89-b657-29036d5ff491",
                                            "state": {
                                                "id": "d4e8944a-6e8f-4d6e-a313-2228cfe9a567",
                                                "name": "CHITTAGONG"
                                            }
                                        },
                                        {
                                            "name": "BAGAICHHARI",
                                            "id": "ab30a268-d429-4a3b-ac46-d6b3962a9746",
                                            "state": {
                                                "id": "d4e8944a-6e8f-4d6e-a313-2228cfe9a567",
                                                "name": "CHITTAGONG"
                                            }
                                        },
                                        {
                                            "name": "BARKAL",
                                            "id": "07a7db0e-69ce-417d-8268-7bebb57c11ae",
                                            "state": {
                                                "id": "d4e8944a-6e8f-4d6e-a313-2228cfe9a567",
                                                "name": "CHITTAGONG"
                                            }
                                        },
                                        {
                                            "name": "KAUKHALI",
                                            "id": "303fd905-dc54-4d74-8371-dfc1f477bfc9",
                                            "state": {
                                                "id": "d4e8944a-6e8f-4d6e-a313-2228cfe9a567",
                                                "name": "CHITTAGONG"
                                            }
                                        },
                                        {
                                            "name": "RAJASTHALI",
                                            "id": "1fcbd368-6caa-4dbd-a9fa-2a00e89e77fc",
                                            "state": {
                                                "id": "d4e8944a-6e8f-4d6e-a313-2228cfe9a567",
                                                "name": "CHITTAGONG"
                                            }
                                        },
                                        {
                                            "name": "JURAICHHARI",
                                            "id": "3f4328c9-7b1e-40e9-ad79-d66389645310",
                                            "state": {
                                                "id": "d4e8944a-6e8f-4d6e-a313-2228cfe9a567",
                                                "name": "CHITTAGONG"
                                            }
                                        },
                                        {
                                            "name": "NANNERCHAR",
                                            "id": "fb57848d-e0b9-4051-816c-712fac450852",
                                            "state": {
                                                "id": "d4e8944a-6e8f-4d6e-a313-2228cfe9a567",
                                                "name": "CHITTAGONG"
                                            }
                                        },
                                        {
                                            "name": "RANGAMATI_SADAR",
                                            "id": "1f383e09-c643-4780-a625-02d83259cd37",
                                            "state": {
                                                "id": "d4e8944a-6e8f-4d6e-a313-2228cfe9a567",
                                                "name": "CHITTAGONG"
                                            }
                                        }
                                    ]
                                }
                            ]
                        },
                        {
                            "name": "Pakistan",
                            "id": "bc79ebd2-95a6-46e5-8ade-e7f494021b83",
                            "districts": [
                                
                            ]
                        },
                        {
                            "name": "India",
                            "id": "82ec6692-b098-4803-8cc0-8df58d65ed10",
                            "districts": [
                                
                            ]
                        }
                    ]
                }
            },
            {
                "id": "a0e90a76-7360-4e64-874a-b88b33bff1c6",
                "region": {
                    "countries": [
                        {
                            "name": "Iran (Islamic Republic of)",
                            "id": "ea7eef91-f8f4-4603-b7a1-d7039e7033e6",
                            "districts": [
                                
                            ]
                        },
                        {
                            "name": "Sri Lanka",
                            "id": "63a03a51-55d6-4a05-91f9-4be04ceff568",
                            "districts": [
                                
                            ]
                        },
                        {
                            "name": "Cambodia",
                            "id": "1c1d7b9c-1af3-4247-9393-6ab5275ed775",
                            "districts": [
                                
                            ]
                        },
                        {
                            "name": "Indonesia",
                            "id": "a0e90a76-7360-4e64-874a-b88b33bff1c6",
                            "districts": [
                                
                            ]
                        },
                        {
                            "name": "Afghanistan",
                            "id": "1d4758ce-9410-46c2-9e4e-2c90c518f469",
                            "districts": [
                                
                            ]
                        },
                        {
                            "name": "Bhutan",
                            "id": "26ac5483-9a31-41bd-b79e-6c82c30cbd75",
                            "districts": [
                                
                            ]
                        },
                        {
                            "name": "Brunei Darussalam",
                            "id": "218b444b-0354-46bd-b768-b8d48eb632e1",
                            "districts": [
                                
                            ]
                        },
                        {
                            "name": "Maldives",
                            "id": "b0305117-6406-4e3f-bd9c-54999c52fd51",
                            "districts": [
                                
                            ]
                        },
                        {
                            "name": "Nepal",
                            "id": "74ec24a7-5308-4b97-890a-a1b2602ab430",
                            "districts": [
                                
                            ]
                        },
                        {
                            "name": "Bangladesh",
                            "id": "6bd284f1-2216-4efc-a80e-218a56731a50",
                            "districts": [
                                {
                                    "id": "052bb7cb-fa24-4e4e-8a1c-c8b5770f81be",
                                    "name": "BARISHAL",
                                    "upazilas": [
                                        {
                                            "name": "AGAILJHARA",
                                            "id": "a87e5293-71fd-4928-a4bc-3fc87b741bd6",
                                            "state": {
                                                "id": "5cbbb439-96e7-4f60-bf2f-abddd0d03e7e",
                                                "name": "BARISAL"
                                            }
                                        },
                                        {
                                            "name": "WAZIRPUR",
                                            "id": "69a7ae9a-af80-4721-8fa7-390bc7a9f056",
                                            "state": {
                                                "id": "5cbbb439-96e7-4f60-bf2f-abddd0d03e7e",
                                                "name": "BARISAL"
                                            }
                                        },
                                        {
                                            "name": "BANARIPARA",
                                            "id": "a1098f6d-e20c-46ff-a695-71d38485dfcd",
                                            "state": {
                                                "id": "5cbbb439-96e7-4f60-bf2f-abddd0d03e7e",
                                                "name": "BARISAL"
                                            }
                                        },
                                        {
                                            "name": "GAURNADI",
                                            "id": "e054f2d4-ba21-423c-8ce2-8790fd3e96e7",
                                            "state": {
                                                "id": "5cbbb439-96e7-4f60-bf2f-abddd0d03e7e",
                                                "name": "BARISAL"
                                            }
                                        },
                                        {
                                            "name": "HIZLA",
                                            "id": "25dc6a64-73d1-41c4-a7a6-3499e419ee76",
                                            "state": {
                                                "id": "5cbbb439-96e7-4f60-bf2f-abddd0d03e7e",
                                                "name": "BARISAL"
                                            }
                                        },
                                        {
                                            "name": "BARISAL_SADAR",
                                            "id": "3e841942-1acf-40d5-a8f8-e76fccbce201",
                                            "state": {
                                                "id": "5cbbb439-96e7-4f60-bf2f-abddd0d03e7e",
                                                "name": "BARISAL"
                                            }
                                        },
                                        {
                                            "name": "BAKERGANJ",
                                            "id": "898bb968-893a-4791-984c-303c28eee8d1",
                                            "state": {
                                                "id": "5cbbb439-96e7-4f60-bf2f-abddd0d03e7e",
                                                "name": "BARISAL"
                                            }
                                        },
                                        {
                                            "name": "BABUGANJ",
                                            "id": "4ecbd185-acfc-4406-8fd6-b3d94387bea9",
                                            "state": {
                                                "id": "5cbbb439-96e7-4f60-bf2f-abddd0d03e7e",
                                                "name": "BARISAL"
                                            }
                                        },
                                        {
                                            "name": "MEHENDIGANJ",
                                            "id": "4f5b876b-a14d-462f-8cea-0b63aa50a888",
                                            "state": {
                                                "id": "5cbbb439-96e7-4f60-bf2f-abddd0d03e7e",
                                                "name": "BARISAL"
                                            }
                                        },
                                        {
                                            "name": "MULADI",
                                            "id": "0084331b-30ca-4576-8b66-503c7b6a2d0c",
                                            "state": {
                                                "id": "5cbbb439-96e7-4f60-bf2f-abddd0d03e7e",
                                                "name": "BARISAL"
                                            }
                                        }
                                    ]
                                },
                                {
                                    "id": "01836026-20ee-4e28-9585-6bde8c8f98a1",
                                    "name": "KURIGRAM",
                                    "upazilas": [
                                        {
                                            "name": "KURIGRAM_SADAR",
                                            "id": "33b43668-894e-4861-a340-9ab38cfac767",
                                            "state": {
                                                "id": "b8c19906-b4fc-4745-ac93-af957934136b",
                                                "name": "RANGPUR"
                                            }
                                        },
                                        {
                                            "name": "BHURUNGAMARI",
                                            "id": "bd6a746c-8e29-4546-9bde-fe70e7c0b1d4",
                                            "state": {
                                                "id": "b8c19906-b4fc-4745-ac93-af957934136b",
                                                "name": "RANGPUR"
                                            }
                                        },
                                        {
                                            "name": "ULIPUR",
                                            "id": "114b95ad-d7c1-4805-addc-2034bc68d133",
                                            "state": {
                                                "id": "b8c19906-b4fc-4745-ac93-af957934136b",
                                                "name": "RANGPUR"
                                            }
                                        },
                                        {
                                            "name": "CHILMARI",
                                            "id": "b74d834a-c4df-4c64-b08b-00fb86c416bd",
                                            "state": {
                                                "id": "b8c19906-b4fc-4745-ac93-af957934136b",
                                                "name": "RANGPUR"
                                            }
                                        },
                                        {
                                            "name": "NAGESHWARI",
                                            "id": "3c5107f8-412a-47a6-a593-75a1577a2fae",
                                            "state": {
                                                "id": "b8c19906-b4fc-4745-ac93-af957934136b",
                                                "name": "RANGPUR"
                                            }
                                        },
                                        {
                                            "name": "RAJARHAT",
                                            "id": "abfb1886-a2ea-4887-afc3-60cc1d194b6e",
                                            "state": {
                                                "id": "b8c19906-b4fc-4745-ac93-af957934136b",
                                                "name": "RANGPUR"
                                            }
                                        },
                                        {
                                            "name": "PHULBARI",
                                            "id": "3580569a-211a-4991-9e10-f52fd97543a6",
                                            "state": {
                                                "id": "b8c19906-b4fc-4745-ac93-af957934136b",
                                                "name": "RANGPUR"
                                            }
                                        },
                                        {
                                            "name": "CHAR RAJIBPUR",
                                            "id": "7d27e425-d2d2-45a9-b7c9-188e05810c0d",
                                            "state": {
                                                "id": "b8c19906-b4fc-4745-ac93-af957934136b",
                                                "name": "RANGPUR"
                                            }
                                        },
                                        {
                                            "name": "ROWMARI",
                                            "id": "290ffa52-6bbb-4482-a054-ce4aff5f6930",
                                            "state": {
                                                "id": "b8c19906-b4fc-4745-ac93-af957934136b",
                                                "name": "RANGPUR"
                                            }
                                        }
                                    ]
                                },
                                {
                                    "id": "2fb6985f-ccb2-4004-89ac-b5b0de520533",
                                    "name": "DINAJPUR",
                                    "upazilas": [
                                        {
                                            "name": "KAHAROLE",
                                            "id": "55d8d92d-d612-4226-b008-60b84b7b8253",
                                            "state": {
                                                "id": "b8c19906-b4fc-4745-ac93-af957934136b",
                                                "name": "RANGPUR"
                                            }
                                        },
                                        {
                                            "name": "PARBATIPUR",
                                            "id": "6f58194a-7690-4ce0-b14e-bea704af6ee5",
                                            "state": {
                                                "id": "b8c19906-b4fc-4745-ac93-af957934136b",
                                                "name": "RANGPUR"
                                            }
                                        },
                                        {
                                            "name": "HAKIMPUR",
                                            "id": "cc45cab8-96dc-43c5-bbc1-040e75736c03",
                                            "state": {
                                                "id": "b8c19906-b4fc-4745-ac93-af957934136b",
                                                "name": "RANGPUR"
                                            }
                                        },
                                        {
                                            "name": "BIRGANJ",
                                            "id": "9afaa410-ddfd-44d2-95d3-d6cfb030acd7",
                                            "state": {
                                                "id": "b8c19906-b4fc-4745-ac93-af957934136b",
                                                "name": "RANGPUR"
                                            }
                                        },
                                        {
                                            "name": "BIRAL",
                                            "id": "a44acb60-2b84-4fbb-b73e-6030542fed2d",
                                            "state": {
                                                "id": "b8c19906-b4fc-4745-ac93-af957934136b",
                                                "name": "RANGPUR"
                                            }
                                        },
                                        {
                                            "name": "BIRAMPUR",
                                            "id": "5a316d35-7488-4a04-b718-819caf81d849",
                                            "state": {
                                                "id": "b8c19906-b4fc-4745-ac93-af957934136b",
                                                "name": "RANGPUR"
                                            }
                                        },
                                        {
                                            "name": "GHORAGHAT",
                                            "id": "5ea22106-1cb9-47de-8a20-28fdcf292598",
                                            "state": {
                                                "id": "b8c19906-b4fc-4745-ac93-af957934136b",
                                                "name": "RANGPUR"
                                            }
                                        },
                                        {
                                            "name": "KHANSAMA",
                                            "id": "0561e004-20dc-4efd-b2e3-4e1c48d86971",
                                            "state": {
                                                "id": "b8c19906-b4fc-4745-ac93-af957934136b",
                                                "name": "RANGPUR"
                                            }
                                        },
                                        {
                                            "name": "DINAJPUR_SADAR",
                                            "id": "e9d6959d-bf05-490a-a95d-6327f93c17b3",
                                            "state": {
                                                "id": "b8c19906-b4fc-4745-ac93-af957934136b",
                                                "name": "RANGPUR"
                                            }
                                        },
                                        {
                                            "name": "BOCHAGANJ",
                                            "id": "526f5997-d4ab-45f7-af53-6fcd25c1d1dc",
                                            "state": {
                                                "id": "b8c19906-b4fc-4745-ac93-af957934136b",
                                                "name": "RANGPUR"
                                            }
                                        },
                                        {
                                            "name": "CHIRIRBANDAR",
                                            "id": "d371b6be-98e7-44ec-98bb-4e3d06f4fd6c",
                                            "state": {
                                                "id": "b8c19906-b4fc-4745-ac93-af957934136b",
                                                "name": "RANGPUR"
                                            }
                                        },
                                        {
                                            "name": "NAWABGANJ",
                                            "id": "802bf9ac-1597-4c30-94cc-51b1e5cd9941",
                                            "state": {
                                                "id": "b8c19906-b4fc-4745-ac93-af957934136b",
                                                "name": "RANGPUR"
                                            }
                                        }
                                    ]
                                },
                                {
                                    "id": "fcbaee9a-6c04-4a77-a2a8-8ee8f0c812a8",
                                    "name": "BAGERHAT",
                                    "upazilas": [
                                        {
                                            "name": "FAKIRHAT",
                                            "id": "23926ee4-dec3-4ba8-aab6-eee9f7003126",
                                            "state": {
                                                "id": "642a6748-942f-473d-96c6-a6c1b2e00e05",
                                                "name": "KHULNA"
                                            }
                                        },
                                        {
                                            "name": "MORRELGANJ",
                                            "id": "c322b9de-9e52-471a-9642-0c7f9510e303",
                                            "state": {
                                                "id": "642a6748-942f-473d-96c6-a6c1b2e00e05",
                                                "name": "KHULNA"
                                            }
                                        },
                                        {
                                            "name": "RAMPAL",
                                            "id": "687c1175-6f6f-459a-aa56-50ea55ab1852",
                                            "state": {
                                                "id": "642a6748-942f-473d-96c6-a6c1b2e00e05",
                                                "name": "KHULNA"
                                            }
                                        },
                                        {
                                            "name": "MOLLAHAT",
                                            "id": "2a18a82f-5a29-4ec1-b383-bb00faf2f958",
                                            "state": {
                                                "id": "642a6748-942f-473d-96c6-a6c1b2e00e05",
                                                "name": "KHULNA"
                                            }
                                        },
                                        {
                                            "name": "MONGLA",
                                            "id": "4ce72789-eebe-4554-ac41-6e94b6a205d5",
                                            "state": {
                                                "id": "642a6748-942f-473d-96c6-a6c1b2e00e05",
                                                "name": "KHULNA"
                                            }
                                        },
                                        {
                                            "name": "CHITALMARI",
                                            "id": "a6c2a70a-e1dd-4565-9eb4-5a84dfd76d36",
                                            "state": {
                                                "id": "642a6748-942f-473d-96c6-a6c1b2e00e05",
                                                "name": "KHULNA"
                                            }
                                        },
                                        {
                                            "name": "SARANKHOLA",
                                            "id": "29e1d269-c6ca-461f-b8bc-b2cf623b2ed4",
                                            "state": {
                                                "id": "642a6748-942f-473d-96c6-a6c1b2e00e05",
                                                "name": "KHULNA"
                                            }
                                        },
                                        {
                                            "name": "KACHUA",
                                            "id": "458438b9-a371-4d34-a429-9ffc72c4bb5a",
                                            "state": {
                                                "id": "642a6748-942f-473d-96c6-a6c1b2e00e05",
                                                "name": "KHULNA"
                                            }
                                        },
                                        {
                                            "name": "BAGERHAT_SADAR",
                                            "id": "8929c669-4c91-4c08-a279-2b61b2b657cb",
                                            "state": {
                                                "id": "642a6748-942f-473d-96c6-a6c1b2e00e05",
                                                "name": "KHULNA"
                                            }
                                        }
                                    ]
                                },
                                {
                                    "id": "8be8ad99-4257-4c89-bc9f-3fd5b54ea42c",
                                    "name": "BARGUNA",
                                    "upazilas": [
                                        {
                                            "name": "BAMNA",
                                            "id": "0becbad0-8054-48ff-8804-70caef441fbc",
                                            "state": {
                                                "id": "5cbbb439-96e7-4f60-bf2f-abddd0d03e7e",
                                                "name": "BARISAL"
                                            }
                                        },
                                        {
                                            "name": "BARGUNA_SADAR",
                                            "id": "6c8d9659-3f6b-4572-89f6-877db489fb8e",
                                            "state": {
                                                "id": "5cbbb439-96e7-4f60-bf2f-abddd0d03e7e",
                                                "name": "BARISAL"
                                            }
                                        },
                                        {
                                            "name": "BETAGI",
                                            "id": "e84e7c7f-d62f-4111-ac9c-6a758d874fa4",
                                            "state": {
                                                "id": "5cbbb439-96e7-4f60-bf2f-abddd0d03e7e",
                                                "name": "BARISAL"
                                            }
                                        },
                                        {
                                            "name": "AMTALI",
                                            "id": "2061f193-da04-4462-ae2c-7d54a60c9790",
                                            "state": {
                                                "id": "5cbbb439-96e7-4f60-bf2f-abddd0d03e7e",
                                                "name": "BARISAL"
                                            }
                                        },
                                        {
                                            "name": "PATHARGHATA",
                                            "id": "1f651fda-0eb3-4efe-b2a1-751c1dbefb4b",
                                            "state": {
                                                "id": "5cbbb439-96e7-4f60-bf2f-abddd0d03e7e",
                                                "name": "BARISAL"
                                            }
                                        },
                                        {
                                            "name": "TALTALI",
                                            "id": "b6d60b5e-b58e-46be-8b53-370a5bdfe5f4",
                                            "state": {
                                                "id": "5cbbb439-96e7-4f60-bf2f-abddd0d03e7e",
                                                "name": "BARISAL"
                                            }
                                        }
                                    ]
                                },
                                {
                                    "id": "9966ea0c-b228-4955-bb2d-07a5095b2645",
                                    "name": "NATORE",
                                    "upazilas": [
                                        {
                                            "name": "NATORE_SADAR",
                                            "id": "ad6a8021-7b0f-4611-86dd-9522ae859ec2",
                                            "state": {
                                                "id": "d68c68d2-108e-4635-93d1-28c44525f178",
                                                "name": "RAJSHAHI"
                                            }
                                        },
                                        {
                                            "name": "BAGATIPARA",
                                            "id": "8c4fd017-e1a2-46b6-a5e7-4118456a6b1d",
                                            "state": {
                                                "id": "d68c68d2-108e-4635-93d1-28c44525f178",
                                                "name": "RAJSHAHI"
                                            }
                                        },
                                        {
                                            "name": "BARAIGRAM",
                                            "id": "b437a240-a56d-4fcf-8f7b-949ab16dd31d",
                                            "state": {
                                                "id": "d68c68d2-108e-4635-93d1-28c44525f178",
                                                "name": "RAJSHAHI"
                                            }
                                        },
                                        {
                                            "name": "LALPUR",
                                            "id": "b21e478e-7b5e-4c3d-b3a0-cf4e1ba07aac",
                                            "state": {
                                                "id": "d68c68d2-108e-4635-93d1-28c44525f178",
                                                "name": "RAJSHAHI"
                                            }
                                        }
                                    ]
                                },
                                {
                                    "id": "e84d4380-c4bb-4228-88c5-d82e8c1b0865",
                                    "name": "TANGAIL",
                                    "upazilas": [
                                        {
                                            "name": "TANGAIL_SADAR",
                                            "id": "2e5d24da-b036-45be-892b-7f296d666c78",
                                            "state": {
                                                "id": "9c75a95b-9f42-4ca9-a152-78c492590a6f",
                                                "name": "DHAKA"
                                            }
                                        },
                                        {
                                            "name": "DHANBARI",
                                            "id": "1456c986-adde-41d1-a0b0-403604bc0d93",
                                            "state": {
                                                "id": "9c75a95b-9f42-4ca9-a152-78c492590a6f",
                                                "name": "DHAKA"
                                            }
                                        },
                                        {
                                            "name": "DELDUAR",
                                            "id": "3a4c7f79-c00e-49e1-abac-816ed50dc3fb",
                                            "state": {
                                                "id": "9c75a95b-9f42-4ca9-a152-78c492590a6f",
                                                "name": "DHAKA"
                                            }
                                        },
                                        {
                                            "name": "GOPALPUR",
                                            "id": "b2a571f1-2242-424d-9023-7f0f25fd2bb8",
                                            "state": {
                                                "id": "9c75a95b-9f42-4ca9-a152-78c492590a6f",
                                                "name": "DHAKA"
                                            }
                                        },
                                        {
                                            "name": "BASAIL",
                                            "id": "eb604fd4-90f1-40e4-9519-d5a7ca445bfc",
                                            "state": {
                                                "id": "9c75a95b-9f42-4ca9-a152-78c492590a6f",
                                                "name": "DHAKA"
                                            }
                                        },
                                        {
                                            "name": "MIRZAPUR",
                                            "id": "124001b8-78ca-48ce-bbb6-47b461c63063",
                                            "state": {
                                                "id": "9c75a95b-9f42-4ca9-a152-78c492590a6f",
                                                "name": "DHAKA"
                                            }
                                        },
                                        {
                                            "name": "NAGARPUR",
                                            "id": "6cfd02f6-756a-4b9b-85ed-04258d99ca07",
                                            "state": {
                                                "id": "9c75a95b-9f42-4ca9-a152-78c492590a6f",
                                                "name": "DHAKA"
                                            }
                                        },
                                        {
                                            "name": "MADHUPUR",
                                            "id": "21165dd7-b75c-44fb-9e86-4460f532083b",
                                            "state": {
                                                "id": "9c75a95b-9f42-4ca9-a152-78c492590a6f",
                                                "name": "DHAKA"
                                            }
                                        },
                                        {
                                            "name": "BHUAPUR",
                                            "id": "5b9c7e29-0e43-4850-8dca-91a74dab06df",
                                            "state": {
                                                "id": "9c75a95b-9f42-4ca9-a152-78c492590a6f",
                                                "name": "DHAKA"
                                            }
                                        },
                                        {
                                            "name": "GHATAIL",
                                            "id": "6a30d344-ac16-4257-acae-53a8f5a3b49f",
                                            "state": {
                                                "id": "9c75a95b-9f42-4ca9-a152-78c492590a6f",
                                                "name": "DHAKA"
                                            }
                                        },
                                        {
                                            "name": "KALIHATI",
                                            "id": "efef7a8d-28a7-4a48-aeb2-9cc9c9785e37",
                                            "state": {
                                                "id": "9c75a95b-9f42-4ca9-a152-78c492590a6f",
                                                "name": "DHAKA"
                                            }
                                        },
                                        {
                                            "name": "SAKHIPUR",
                                            "id": "86572e49-e51d-4de7-a0d1-26c5bc008a97",
                                            "state": {
                                                "id": "9c75a95b-9f42-4ca9-a152-78c492590a6f",
                                                "name": "DHAKA"
                                            }
                                        }
                                    ]
                                },
                                {
                                    "id": "68d1c1a6-79cf-4614-af26-9c92f954a31f",
                                    "name": "JOYPURHAT",
                                    "upazilas": [
                                        {
                                            "name": "JOYPURHAT S",
                                            "id": "ef9c918e-c776-452b-a9c6-1626f887ed68",
                                            "state": {
                                                "id": "d68c68d2-108e-4635-93d1-28c44525f178",
                                                "name": "RAJSHAHI"
                                            }
                                        },
                                        {
                                            "name": "PANCHBIBI",
                                            "id": "3f918cbc-453d-4529-8bc7-54ea7d192610",
                                            "state": {
                                                "id": "d68c68d2-108e-4635-93d1-28c44525f178",
                                                "name": "RAJSHAHI"
                                            }
                                        },
                                        {
                                            "name": "KALAI",
                                            "id": "06ae58bb-d069-40da-a952-6f345ddaa58d",
                                            "state": {
                                                "id": "d68c68d2-108e-4635-93d1-28c44525f178",
                                                "name": "RAJSHAHI"
                                            }
                                        },
                                        {
                                            "name": "KHETLAL",
                                            "id": "1608a3cd-70aa-46ef-8424-3bcb6f1d83bc",
                                            "state": {
                                                "id": "d68c68d2-108e-4635-93d1-28c44525f178",
                                                "name": "RAJSHAHI"
                                            }
                                        },
                                        {
                                            "name": "AKKELPUR",
                                            "id": "74242c78-e84f-4f42-a882-039391447f6c",
                                            "state": {
                                                "id": "d68c68d2-108e-4635-93d1-28c44525f178",
                                                "name": "RAJSHAHI"
                                            }
                                        }
                                    ]
                                },
                                {
                                    "id": "554b09c8-da48-4e22-ad26-491dde9c455b",
                                    "name": "SATKHIRA",
                                    "upazilas": [
                                        {
                                            "name": "ASSASUNI",
                                            "id": "70a2a525-3a4e-4a75-93b6-0751526ae9fd",
                                            "state": {
                                                "id": "642a6748-942f-473d-96c6-a6c1b2e00e05",
                                                "name": "KHULNA"
                                            }
                                        },
                                        {
                                            "name": "SATKHIRA_SADAR",
                                            "id": "18bd63e5-67e7-417f-a94b-eace376e3c53",
                                            "state": {
                                                "id": "642a6748-942f-473d-96c6-a6c1b2e00e05",
                                                "name": "KHULNA"
                                            }
                                        },
                                        {
                                            "name": "KALAROA",
                                            "id": "2bbc4bea-0602-45d5-b8a7-347875b3e0c5",
                                            "state": {
                                                "id": "642a6748-942f-473d-96c6-a6c1b2e00e05",
                                                "name": "KHULNA"
                                            }
                                        },
                                        {
                                            "name": "DEBHATA",
                                            "id": "43ab5450-3fdf-48c5-af62-8eb39cc6bdbd",
                                            "state": {
                                                "id": "642a6748-942f-473d-96c6-a6c1b2e00e05",
                                                "name": "KHULNA"
                                            }
                                        },
                                        {
                                            "name": "SHYAMNAGAR",
                                            "id": "6c225dcc-fb72-4c69-8842-9e24ca8893b3",
                                            "state": {
                                                "id": "642a6748-942f-473d-96c6-a6c1b2e00e05",
                                                "name": "KHULNA"
                                            }
                                        },
                                        {
                                            "name": "TALA",
                                            "id": "9ba03b6b-a81e-460f-bc16-4070cf8853ce",
                                            "state": {
                                                "id": "642a6748-942f-473d-96c6-a6c1b2e00e05",
                                                "name": "KHULNA"
                                            }
                                        }
                                    ]
                                },
                                {
                                    "id": "8532a8c6-657b-43bc-8ed5-bd8d6ff60ace",
                                    "name": "RAJSHAHI",
                                    "upazilas": [
                                        {
                                            "name": "BAGMARA",
                                            "id": "f2ede638-eab8-4f99-8c6b-a210e841fd1d",
                                            "state": {
                                                "id": "d68c68d2-108e-4635-93d1-28c44525f178",
                                                "name": "RAJSHAHI"
                                            }
                                        },
                                        {
                                            "name": "MOHANPUR",
                                            "id": "7aaac890-91b5-403e-9e63-c3d143b36684",
                                            "state": {
                                                "id": "d68c68d2-108e-4635-93d1-28c44525f178",
                                                "name": "RAJSHAHI"
                                            }
                                        },
                                        {
                                            "name": "BAGHA",
                                            "id": "239db35c-a47a-4654-aa45-5b23ce80c442",
                                            "state": {
                                                "id": "d68c68d2-108e-4635-93d1-28c44525f178",
                                                "name": "RAJSHAHI"
                                            }
                                        },
                                        {
                                            "name": "GODAGARI",
                                            "id": "05d823af-b4fc-4dc6-a7c3-1327766addc8",
                                            "state": {
                                                "id": "d68c68d2-108e-4635-93d1-28c44525f178",
                                                "name": "RAJSHAHI"
                                            }
                                        },
                                        {
                                            "name": "PABA",
                                            "id": "7c7f7c74-c68b-4b89-b932-d8a3239bf9b7",
                                            "state": {
                                                "id": "d68c68d2-108e-4635-93d1-28c44525f178",
                                                "name": "RAJSHAHI"
                                            }
                                        },
                                        {
                                            "name": "TANORE",
                                            "id": "58c5cea6-ca41-4a91-a5fa-b9a5934401ac",
                                            "state": {
                                                "id": "d68c68d2-108e-4635-93d1-28c44525f178",
                                                "name": "RAJSHAHI"
                                            }
                                        },
                                        {
                                            "name": "CHARGHAT",
                                            "id": "aff4647e-2079-4cce-97b0-101fc74ae51b",
                                            "state": {
                                                "id": "d68c68d2-108e-4635-93d1-28c44525f178",
                                                "name": "RAJSHAHI"
                                            }
                                        },
                                        {
                                            "name": "DURGAPUR",
                                            "id": "4223b078-975d-44e9-9365-245f0cb05789",
                                            "state": {
                                                "id": "d68c68d2-108e-4635-93d1-28c44525f178",
                                                "name": "RAJSHAHI"
                                            }
                                        },
                                        {
                                            "name": "PUTHIA",
                                            "id": "2d476069-1315-4416-b9be-a0b422700c68",
                                            "state": {
                                                "id": "d68c68d2-108e-4635-93d1-28c44525f178",
                                                "name": "RAJSHAHI"
                                            }
                                        }
                                    ]
                                },
                                {
                                    "id": "d5260be7-24e7-4c50-9a49-0796cb51b216",
                                    "name": "CUMILLA",
                                    "upazilas": [
                                        {
                                            "name": "DAUDKANDI",
                                            "id": "c1e10c6b-deab-42cb-bdc5-c11244fff880",
                                            "state": {
                                                "id": "d4e8944a-6e8f-4d6e-a313-2228cfe9a567",
                                                "name": "CHITTAGONG"
                                            }
                                        },
                                        {
                                            "name": "DEBIDWAR",
                                            "id": "8226c704-027a-489c-abef-9a3758b49617",
                                            "state": {
                                                "id": "d4e8944a-6e8f-4d6e-a313-2228cfe9a567",
                                                "name": "CHITTAGONG"
                                            }
                                        },
                                        {
                                            "name": "BURICHONG",
                                            "id": "e6684874-0ce5-4f73-9eed-7b72049acf8d",
                                            "state": {
                                                "id": "d4e8944a-6e8f-4d6e-a313-2228cfe9a567",
                                                "name": "CHITTAGONG"
                                            }
                                        },
                                        {
                                            "name": "TITAS",
                                            "id": "b224fbca-58dd-4a13-a2bf-ac01636994e2",
                                            "state": {
                                                "id": "d4e8944a-6e8f-4d6e-a313-2228cfe9a567",
                                                "name": "CHITTAGONG"
                                            }
                                        },
                                        {
                                            "name": "CHANDINA",
                                            "id": "a5e4309c-694a-4781-aa98-f8ec016e4109",
                                            "state": {
                                                "id": "d4e8944a-6e8f-4d6e-a313-2228cfe9a567",
                                                "name": "CHITTAGONG"
                                            }
                                        },
                                        {
                                            "name": "LAKSAM",
                                            "id": "bca6900f-c079-4d77-8616-cd4416f42061",
                                            "state": {
                                                "id": "d4e8944a-6e8f-4d6e-a313-2228cfe9a567",
                                                "name": "CHITTAGONG"
                                            }
                                        },
                                        {
                                            "name": "BARURA",
                                            "id": "8d377f34-bb0c-4aca-82d3-fc9f396451e0",
                                            "state": {
                                                "id": "d4e8944a-6e8f-4d6e-a313-2228cfe9a567",
                                                "name": "CHITTAGONG"
                                            }
                                        },
                                        {
                                            "name": "MURADNAGAR",
                                            "id": "d088b585-95a1-4fac-86b4-0e3b436570d4",
                                            "state": {
                                                "id": "d4e8944a-6e8f-4d6e-a313-2228cfe9a567",
                                                "name": "CHITTAGONG"
                                            }
                                        },
                                        {
                                            "name": "MEGHNA",
                                            "id": "c0cfe679-e617-4907-ae22-20e0a4dd494b",
                                            "state": {
                                                "id": "d4e8944a-6e8f-4d6e-a313-2228cfe9a567",
                                                "name": "CHITTAGONG"
                                            }
                                        },
                                        {
                                            "name": "BRAHMANPARA",
                                            "id": "f35b2456-9e76-487c-a998-b51eb7a6eae4",
                                            "state": {
                                                "id": "d4e8944a-6e8f-4d6e-a313-2228cfe9a567",
                                                "name": "CHITTAGONG"
                                            }
                                        },
                                        {
                                            "name": "COMILLA_SADAR",
                                            "id": "6abbbc95-fa39-49c4-8127-1453fe90181c",
                                            "state": {
                                                "id": "d4e8944a-6e8f-4d6e-a313-2228cfe9a567",
                                                "name": "CHITTAGONG"
                                            }
                                        },
                                        {
                                            "name": "NANGALKOT",
                                            "id": "e9e0cac7-f5dd-44d5-b1e9-9e9e1166c478",
                                            "state": {
                                                "id": "d4e8944a-6e8f-4d6e-a313-2228cfe9a567",
                                                "name": "CHITTAGONG"
                                            }
                                        },
                                        {
                                            "name": "CHAUDDAGRAM",
                                            "id": "7c9eac52-0e2e-4867-b2ee-7c4cf3a1c643",
                                            "state": {
                                                "id": "d4e8944a-6e8f-4d6e-a313-2228cfe9a567",
                                                "name": "CHITTAGONG"
                                            }
                                        },
                                        {
                                            "name": "COMILLA_SADAR SOUTH",
                                            "id": "a8ea2db4-ee9b-4340-8537-83cd622292c2",
                                            "state": {
                                                "id": "d4e8944a-6e8f-4d6e-a313-2228cfe9a567",
                                                "name": "CHITTAGONG"
                                            }
                                        },
                                        {
                                            "name": "MONOHORGONJ",
                                            "id": "eabcbd1f-9f0e-494c-b8a3-16301fd6fa10",
                                            "state": {
                                                "id": "d4e8944a-6e8f-4d6e-a313-2228cfe9a567",
                                                "name": "CHITTAGONG"
                                            }
                                        },
                                        {
                                            "name": "HOMNA",
                                            "id": "07582306-d3c1-4cb1-b07e-23d0a4d62a5f",
                                            "state": {
                                                "id": "d4e8944a-6e8f-4d6e-a313-2228cfe9a567",
                                                "name": "CHITTAGONG"
                                            }
                                        }
                                    ]
                                },
                                {
                                    "id": "272e4693-e399-466a-b021-6728909093d3",
                                    "name": "BRAHMANBARIA",
                                    "upazilas": [
                                        {
                                            "name": "KASBA",
                                            "id": "4498e76d-1d3f-48af-9194-032e8d236b61",
                                            "state": {
                                                "id": "d4e8944a-6e8f-4d6e-a313-2228cfe9a567",
                                                "name": "CHITTAGONG"
                                            }
                                        },
                                        {
                                            "name": "BRAHMANBARIA_SADAR",
                                            "id": "4f269d37-5f46-460f-b145-ada17379cbfc",
                                            "state": {
                                                "id": "d4e8944a-6e8f-4d6e-a313-2228cfe9a567",
                                                "name": "CHITTAGONG"
                                            }
                                        },
                                        {
                                            "name": "ASHUGANJ",
                                            "id": "e5395c84-18d2-4543-a6ec-a707cfe81bcc",
                                            "state": {
                                                "id": "d4e8944a-6e8f-4d6e-a313-2228cfe9a567",
                                                "name": "CHITTAGONG"
                                            }
                                        },
                                        {
                                            "name": "BIJOYNAGAR",
                                            "id": "947631d1-8146-4df8-ae1e-4d04e7595de6",
                                            "state": {
                                                "id": "d4e8944a-6e8f-4d6e-a313-2228cfe9a567",
                                                "name": "CHITTAGONG"
                                            }
                                        },
                                        {
                                            "name": "BANCHARAMPUR",
                                            "id": "0db8bac6-d7d0-4100-869e-41ebe3eb92cd",
                                            "state": {
                                                "id": "d4e8944a-6e8f-4d6e-a313-2228cfe9a567",
                                                "name": "CHITTAGONG"
                                            }
                                        },
                                        {
                                            "name": "AKHAURA",
                                            "id": "5a302ebb-61a8-4e8c-8b59-6a7a49a7b201",
                                            "state": {
                                                "id": "d4e8944a-6e8f-4d6e-a313-2228cfe9a567",
                                                "name": "CHITTAGONG"
                                            }
                                        },
                                        {
                                            "name": "NASIRNAGAR",
                                            "id": "76484d2d-47cc-4c8b-99e1-24c94c3c330e",
                                            "state": {
                                                "id": "d4e8944a-6e8f-4d6e-a313-2228cfe9a567",
                                                "name": "CHITTAGONG"
                                            }
                                        },
                                        {
                                            "name": "NABINAGAR",
                                            "id": "84aeef02-dd01-48da-8468-ac1f5479bf70",
                                            "state": {
                                                "id": "d4e8944a-6e8f-4d6e-a313-2228cfe9a567",
                                                "name": "CHITTAGONG"
                                            }
                                        },
                                        {
                                            "name": "SARAIL",
                                            "id": "ba8e3375-d3cc-48f3-915c-9699081fa9d5",
                                            "state": {
                                                "id": "d4e8944a-6e8f-4d6e-a313-2228cfe9a567",
                                                "name": "CHITTAGONG"
                                            }
                                        },
                                        {
                                            "name": "SHAHBAZPUR TOWN",
                                            "id": "9aa10ffe-f68d-4c46-9994-04d746f5d1bc",
                                            "state": {
                                                "id": "d4e8944a-6e8f-4d6e-a313-2228cfe9a567",
                                                "name": "CHITTAGONG"
                                            }
                                        }
                                    ]
                                },
                                {
                                    "id": "3c67f19f-4e59-4fda-8503-117efa8b69d6",
                                    "name": "LAKSHMIPUR",
                                    "upazilas": [
                                        {
                                            "name": "RAMGATI",
                                            "id": "85171790-705a-43f5-ac34-99c2048f50f7",
                                            "state": {
                                                "id": "d4e8944a-6e8f-4d6e-a313-2228cfe9a567",
                                                "name": "CHITTAGONG"
                                            }
                                        },
                                        {
                                            "name": "RAIPUR",
                                            "id": "bed17fa7-df5e-41a3-905b-d4675de832ce",
                                            "state": {
                                                "id": "d4e8944a-6e8f-4d6e-a313-2228cfe9a567",
                                                "name": "CHITTAGONG"
                                            }
                                        },
                                        {
                                            "name": "LAKSHMIPUR_SADAR",
                                            "id": "2769623f-1de5-407a-8e77-ce987cbfc80e",
                                            "state": {
                                                "id": "d4e8944a-6e8f-4d6e-a313-2228cfe9a567",
                                                "name": "CHITTAGONG"
                                            }
                                        },
                                        {
                                            "name": "KOMOL NAGAR",
                                            "id": "7550df44-de22-487f-aa63-47fea04a985d",
                                            "state": {
                                                "id": "d4e8944a-6e8f-4d6e-a313-2228cfe9a567",
                                                "name": "CHITTAGONG"
                                            }
                                        },
                                        {
                                            "name": "RAMGANJ",
                                            "id": "b5ceb354-c53c-41c3-b9e5-83bf8be9ed17",
                                            "state": {
                                                "id": "d4e8944a-6e8f-4d6e-a313-2228cfe9a567",
                                                "name": "CHITTAGONG"
                                            }
                                        }
                                    ]
                                },
                                {
                                    "id": "1774b360-47d1-4c74-94f9-e92b49968263",
                                    "name": "NETROKONA",
                                    "upazilas": [
                                        {
                                            "name": "KALMAKANDA UPAZILLA",
                                            "id": "c06fd86e-e96d-4148-b393-c7a909eb6b5c",
                                            "state": {
                                                "id": "f6395340-53b2-4824-8252-ef3a164b8446",
                                                "name": "MAYMENSINGH"
                                            }
                                        },
                                        {
                                            "name": "MOHANGANJ UPAZILLA",
                                            "id": "8bdfbfde-f52f-4eda-a4dc-1ea70461cf15",
                                            "state": {
                                                "id": "f6395340-53b2-4824-8252-ef3a164b8446",
                                                "name": "MAYMENSINGH"
                                            }
                                        },
                                        {
                                            "name": "NETRAKONA-S UPAZILLA",
                                            "id": "8f6dd6df-f4b6-434f-a8d8-50363278501f",
                                            "state": {
                                                "id": "f6395340-53b2-4824-8252-ef3a164b8446",
                                                "name": "MAYMENSINGH"
                                            }
                                        },
                                        {
                                            "name": "BARHATTA UPAZILLA",
                                            "id": "98dd7d62-259b-4f9b-8bcb-c9b81440439b",
                                            "state": {
                                                "id": "f6395340-53b2-4824-8252-ef3a164b8446",
                                                "name": "MAYMENSINGH"
                                            }
                                        },
                                        {
                                            "name": "KHALIAJURI UPAZILLA",
                                            "id": "0a55806b-be24-484b-9c56-3b475d525ec3",
                                            "state": {
                                                "id": "f6395340-53b2-4824-8252-ef3a164b8446",
                                                "name": "MAYMENSINGH"
                                            }
                                        },
                                        {
                                            "name": "KENDUA UPAZILLA",
                                            "id": "0a227fd8-fa1a-437b-b3e8-80df07ce0127",
                                            "state": {
                                                "id": "f6395340-53b2-4824-8252-ef3a164b8446",
                                                "name": "MAYMENSINGH"
                                            }
                                        },
                                        {
                                            "name": "ATPARA UPAZILLA",
                                            "id": "0f88c435-a402-42a6-b543-fcaad9a10cf9",
                                            "state": {
                                                "id": "f6395340-53b2-4824-8252-ef3a164b8446",
                                                "name": "MAYMENSINGH"
                                            }
                                        },
                                        {
                                            "name": "PURBADHALA UPAZILLA",
                                            "id": "421e74d9-7bd0-4186-9468-99173c747a9a",
                                            "state": {
                                                "id": "f6395340-53b2-4824-8252-ef3a164b8446",
                                                "name": "MAYMENSINGH"
                                            }
                                        },
                                        {
                                            "name": "MADAN UPAZILLA",
                                            "id": "8a74093b-0358-4469-abcf-e179b122d97c",
                                            "state": {
                                                "id": "f6395340-53b2-4824-8252-ef3a164b8446",
                                                "name": "MAYMENSINGH"
                                            }
                                        },
                                        {
                                            "name": "DURGAPUR UPAZILLA",
                                            "id": "620df571-6ff3-4f42-9879-01d7fbd58664",
                                            "state": {
                                                "id": "f6395340-53b2-4824-8252-ef3a164b8446",
                                                "name": "MAYMENSINGH"
                                            }
                                        }
                                    ]
                                },
                                {
                                    "id": "f46364df-b16f-4916-9601-56bc37674090",
                                    "name": "MADARIPUR",
                                    "upazilas": [
                                        {
                                            "name": "RAJOIR",
                                            "id": "e93745bf-e56f-4059-9a47-0cdc7a6dd0e6",
                                            "state": {
                                                "id": "9c75a95b-9f42-4ca9-a152-78c492590a6f",
                                                "name": "DHAKA"
                                            }
                                        },
                                        {
                                            "name": "KALKINI",
                                            "id": "39b91e5b-54e0-4ef5-900c-0f260df1b12c",
                                            "state": {
                                                "id": "9c75a95b-9f42-4ca9-a152-78c492590a6f",
                                                "name": "DHAKA"
                                            }
                                        },
                                        {
                                            "name": "DASAR",
                                            "id": "3558fcad-3277-4d85-8b05-c4c39ad8add0",
                                            "state": {
                                                "id": "9c75a95b-9f42-4ca9-a152-78c492590a6f",
                                                "name": "DHAKA"
                                            }
                                        },
                                        {
                                            "name": "SHIBCHAR",
                                            "id": "2090422b-acad-447b-bdc5-f5df7813287d",
                                            "state": {
                                                "id": "9c75a95b-9f42-4ca9-a152-78c492590a6f",
                                                "name": "DHAKA"
                                            }
                                        },
                                        {
                                            "name": "MADARIPUR_SADAR",
                                            "id": "a0368a52-0c1a-4ca6-8c6f-3bddda0602bf",
                                            "state": {
                                                "id": "9c75a95b-9f42-4ca9-a152-78c492590a6f",
                                                "name": "DHAKA"
                                            }
                                        }
                                    ]
                                },
                                {
                                    "id": "03394485-abb0-4a8f-b928-9b986ca6cd35",
                                    "name": "NARAYANGANJ",
                                    "upazilas": [
                                        {
                                            "name": "NARYANGANJ_SADAR",
                                            "id": "204bc228-4838-4831-86c1-83fddbab206c",
                                            "state": {
                                                "id": "9c75a95b-9f42-4ca9-a152-78c492590a6f",
                                                "name": "DHAKA"
                                            }
                                        },
                                        {
                                            "name": "SONARGAON",
                                            "id": "f49e5635-d73c-4cea-83ee-5de520c1ceb3",
                                            "state": {
                                                "id": "9c75a95b-9f42-4ca9-a152-78c492590a6f",
                                                "name": "DHAKA"
                                            }
                                        },
                                        {
                                            "name": "ARAIHAZAR",
                                            "id": "5b715c3d-64d6-4144-81a2-c9c3222c3583",
                                            "state": {
                                                "id": "9c75a95b-9f42-4ca9-a152-78c492590a6f",
                                                "name": "DHAKA"
                                            }
                                        },
                                        {
                                            "name": "BANDAR",
                                            "id": "f745e13a-9ff7-4b1f-a370-3706ed8fe794",
                                            "state": {
                                                "id": "9c75a95b-9f42-4ca9-a152-78c492590a6f",
                                                "name": "DHAKA"
                                            }
                                        },
                                        {
                                            "name": "RUPGANJ",
                                            "id": "850fc0af-59a8-4beb-aeb5-f9d2a33fae32",
                                            "state": {
                                                "id": "9c75a95b-9f42-4ca9-a152-78c492590a6f",
                                                "name": "DHAKA"
                                            }
                                        },
                                        {
                                            "name": "SIDDIRGONJ",
                                            "id": "eb803c77-6bd5-4485-8984-cefc09569d46",
                                            "state": {
                                                "id": "9c75a95b-9f42-4ca9-a152-78c492590a6f",
                                                "name": "DHAKA"
                                            }
                                        }
                                    ]
                                },
                                {
                                    "id": "6988fbb2-ec1a-483e-b38d-b444db1232e4",
                                    "name": "GAZIPUR",
                                    "upazilas": [
                                        {
                                            "name": "SRIPUR",
                                            "id": "ff0b71cd-078d-4b86-bbfc-277f9e7831bd",
                                            "state": {
                                                "id": "9c75a95b-9f42-4ca9-a152-78c492590a6f",
                                                "name": "DHAKA"
                                            }
                                        },
                                        {
                                            "name": "KALIAKIOR",
                                            "id": "38522ca1-1e56-4afb-8e22-9fb942025670",
                                            "state": {
                                                "id": "9c75a95b-9f42-4ca9-a152-78c492590a6f",
                                                "name": "DHAKA"
                                            }
                                        },
                                        {
                                            "name": "TONGI",
                                            "id": "7d80f457-b9e9-4264-838e-5b085f402e99",
                                            "state": {
                                                "id": "9c75a95b-9f42-4ca9-a152-78c492590a6f",
                                                "name": "DHAKA"
                                            }
                                        },
                                        {
                                            "name": "KAPASIA",
                                            "id": "90c13f9e-25c6-41cc-aecc-da6ec1adf439",
                                            "state": {
                                                "id": "9c75a95b-9f42-4ca9-a152-78c492590a6f",
                                                "name": "DHAKA"
                                            }
                                        },
                                        {
                                            "name": "GAZIPUR_SADAR-JOYDEBPUR",
                                            "id": "9de27df1-812c-47be-a756-66b298a15281",
                                            "state": {
                                                "id": "9c75a95b-9f42-4ca9-a152-78c492590a6f",
                                                "name": "DHAKA"
                                            }
                                        }
                                    ]
                                },
                                {
                                    "id": "3e56df9f-26ae-4ec2-9d75-cbe655ee5fcd",
                                    "name": "NAWABGANJ",
                                    "upazilas": [
                                        {
                                            "name": "SHIBGANJ",
                                            "id": "5a69a253-29cc-437b-bd7f-765f9020b05c",
                                            "state": {
                                                "id": "d68c68d2-108e-4635-93d1-28c44525f178",
                                                "name": "RAJSHAHI"
                                            }
                                        },
                                        {
                                            "name": "NAWABGANJ_SADAR",
                                            "id": "38cf4ab6-34d7-4822-81c9-cf35860c09eb",
                                            "state": {
                                                "id": "d68c68d2-108e-4635-93d1-28c44525f178",
                                                "name": "RAJSHAHI"
                                            }
                                        },
                                        {
                                            "name": "BHOLAHAT",
                                            "id": "1fc07589-90dc-4484-91b3-b7aa6ea120c7",
                                            "state": {
                                                "id": "d68c68d2-108e-4635-93d1-28c44525f178",
                                                "name": "RAJSHAHI"
                                            }
                                        },
                                        {
                                            "name": "GOMASTAPUR",
                                            "id": "e02d73bf-e86e-49c6-a88f-386dba2e77f5",
                                            "state": {
                                                "id": "d68c68d2-108e-4635-93d1-28c44525f178",
                                                "name": "RAJSHAHI"
                                            }
                                        },
                                        {
                                            "name": "NACHOLE",
                                            "id": "ef4efc17-4d51-42ad-ab19-ad9ca8825334",
                                            "state": {
                                                "id": "d68c68d2-108e-4635-93d1-28c44525f178",
                                                "name": "RAJSHAHI"
                                            }
                                        }
                                    ]
                                },
                                {
                                    "id": "d9ba4812-1282-44de-9f59-c343ec5d1623",
                                    "name": "HABIGANJ",
                                    "upazilas": [
                                        {
                                            "name": "MADHABPUR",
                                            "id": "6b3a6f8c-2a46-4f42-9eec-ca4dce6db8d1",
                                            "state": {
                                                "id": "2f2f0cc1-587a-4dad-a3f0-83c0bac697ec",
                                                "name": "SYLHET"
                                            }
                                        },
                                        {
                                            "name": "AJMIRIGANJ",
                                            "id": "fe078d20-cdd6-4505-987f-75724794fc60",
                                            "state": {
                                                "id": "2f2f0cc1-587a-4dad-a3f0-83c0bac697ec",
                                                "name": "SYLHET"
                                            }
                                        },
                                        {
                                            "name": "HABIGANJ_SADAR",
                                            "id": "9abb2827-c6bf-4dff-88ba-08a8f443de07",
                                            "state": {
                                                "id": "2f2f0cc1-587a-4dad-a3f0-83c0bac697ec",
                                                "name": "SYLHET"
                                            }
                                        },
                                        {
                                            "name": "SHAISTAGONJ",
                                            "id": "7b1ffaa0-17d4-41aa-8a09-ef548e1ed0d3",
                                            "state": {
                                                "id": "2f2f0cc1-587a-4dad-a3f0-83c0bac697ec",
                                                "name": "SYLHET"
                                            }
                                        },
                                        {
                                            "name": "CHUNARUGHAT",
                                            "id": "e93527a1-bc76-4c94-9a0b-a1bf1ffeb2d9",
                                            "state": {
                                                "id": "2f2f0cc1-587a-4dad-a3f0-83c0bac697ec",
                                                "name": "SYLHET"
                                            }
                                        },
                                        {
                                            "name": "LAKHAI",
                                            "id": "63cbbda9-fd2e-4571-88a4-5ee93002ece0",
                                            "state": {
                                                "id": "2f2f0cc1-587a-4dad-a3f0-83c0bac697ec",
                                                "name": "SYLHET"
                                            }
                                        },
                                        {
                                            "name": "BANIACHANG",
                                            "id": "3c4a572a-fa59-4f9a-bb18-c3452a160f07",
                                            "state": {
                                                "id": "2f2f0cc1-587a-4dad-a3f0-83c0bac697ec",
                                                "name": "SYLHET"
                                            }
                                        },
                                        {
                                            "name": "BAHUBAL",
                                            "id": "0cc7bd46-ff4a-4097-8624-86a54e58635a",
                                            "state": {
                                                "id": "2f2f0cc1-587a-4dad-a3f0-83c0bac697ec",
                                                "name": "SYLHET"
                                            }
                                        },
                                        {
                                            "name": "NABIGANJ",
                                            "id": "753f6651-0ca3-4a21-8edc-9a33086ba51e",
                                            "state": {
                                                "id": "2f2f0cc1-587a-4dad-a3f0-83c0bac697ec",
                                                "name": "SYLHET"
                                            }
                                        }
                                    ]
                                },
                                {
                                    "id": "aec90468-bdf5-4909-9603-7fb165dd34b0",
                                    "name": "BANDARBAN",
                                    "upazilas": [
                                        {
                                            "name": "BANDARBAN_SADAR",
                                            "id": "29593331-9a0e-411b-b8dc-a3d3d92eb941",
                                            "state": {
                                                "id": "d4e8944a-6e8f-4d6e-a313-2228cfe9a567",
                                                "name": "CHITTAGONG"
                                            }
                                        },
                                        {
                                            "name": "LAMA",
                                            "id": "2e0b2174-f8fd-4253-8c0a-70683d748a3f",
                                            "state": {
                                                "id": "d4e8944a-6e8f-4d6e-a313-2228cfe9a567",
                                                "name": "CHITTAGONG"
                                            }
                                        },
                                        {
                                            "name": "ALI KADAM",
                                            "id": "9fde9ce1-993f-4259-91e7-3b98a24e8761",
                                            "state": {
                                                "id": "d4e8944a-6e8f-4d6e-a313-2228cfe9a567",
                                                "name": "CHITTAGONG"
                                            }
                                        },
                                        {
                                            "name": "ROWANGCHHARI",
                                            "id": "276ee236-ded6-41ca-8e0a-f78e67d2b3da",
                                            "state": {
                                                "id": "d4e8944a-6e8f-4d6e-a313-2228cfe9a567",
                                                "name": "CHITTAGONG"
                                            }
                                        },
                                        {
                                            "name": "THANCHI",
                                            "id": "03e46154-e64f-46e4-a1ec-e85ddf107787",
                                            "state": {
                                                "id": "d4e8944a-6e8f-4d6e-a313-2228cfe9a567",
                                                "name": "CHITTAGONG"
                                            }
                                        },
                                        {
                                            "name": "RUMA",
                                            "id": "1151bfe0-da1f-4b1f-b114-4bf1d90d22cc",
                                            "state": {
                                                "id": "d4e8944a-6e8f-4d6e-a313-2228cfe9a567",
                                                "name": "CHITTAGONG"
                                            }
                                        },
                                        {
                                            "name": "NAIKHONGCHHARI",
                                            "id": "6a91aef8-e8f4-4a6d-ba56-d0c2dc7c1825",
                                            "state": {
                                                "id": "d4e8944a-6e8f-4d6e-a313-2228cfe9a567",
                                                "name": "CHITTAGONG"
                                            }
                                        }
                                    ]
                                },
                                {
                                    "id": "c73a2eed-dabd-4afe-8697-b61c7660367c",
                                    "name": "SYLHET",
                                    "upazilas": [
                                        {
                                            "name": "COMPANIGANJ",
                                            "id": "31e28b0b-7ebc-421d-b4ba-639b9ca7cb53",
                                            "state": {
                                                "id": "2f2f0cc1-587a-4dad-a3f0-83c0bac697ec",
                                                "name": "SYLHET"
                                            }
                                        },
                                        {
                                            "name": "SYLHET_SADAR",
                                            "id": "a34f0b38-18e8-4262-86b2-1651bb537760",
                                            "state": {
                                                "id": "2f2f0cc1-587a-4dad-a3f0-83c0bac697ec",
                                                "name": "SYLHET"
                                            }
                                        },
                                        {
                                            "name": "BISHWANATH",
                                            "id": "d6ba0515-8d7b-4bfb-98c2-106a38549130",
                                            "state": {
                                                "id": "2f2f0cc1-587a-4dad-a3f0-83c0bac697ec",
                                                "name": "SYLHET"
                                            }
                                        },
                                        {
                                            "name": "KANAIGHAT",
                                            "id": "e031ef05-3d43-4ad6-b6f1-b773fbb9096d",
                                            "state": {
                                                "id": "2f2f0cc1-587a-4dad-a3f0-83c0bac697ec",
                                                "name": "SYLHET"
                                            }
                                        },
                                        {
                                            "name": "GOLAPGANJ",
                                            "id": "210156d5-afd9-4bd0-a11a-b9a4c5cbbdbc",
                                            "state": {
                                                "id": "2f2f0cc1-587a-4dad-a3f0-83c0bac697ec",
                                                "name": "SYLHET"
                                            }
                                        },
                                        {
                                            "name": "GOWAINGHAT",
                                            "id": "2dd4daf8-43b6-482d-a890-2bb2a70e8991",
                                            "state": {
                                                "id": "2f2f0cc1-587a-4dad-a3f0-83c0bac697ec",
                                                "name": "SYLHET"
                                            }
                                        },
                                        {
                                            "name": "ZAKIGANJ",
                                            "id": "30f4b678-fdec-482d-8f8a-e26c346f26ad",
                                            "state": {
                                                "id": "2f2f0cc1-587a-4dad-a3f0-83c0bac697ec",
                                                "name": "SYLHET"
                                            }
                                        },
                                        {
                                            "name": "JAINTIAPUR",
                                            "id": "8f86c696-7e8e-44a4-91cf-6561dd174a18",
                                            "state": {
                                                "id": "2f2f0cc1-587a-4dad-a3f0-83c0bac697ec",
                                                "name": "SYLHET"
                                            }
                                        },
                                        {
                                            "name": "DAKSHIN SURMA",
                                            "id": "ff180545-ebf0-481f-827b-2fa7cd6ee10b",
                                            "state": {
                                                "id": "2f2f0cc1-587a-4dad-a3f0-83c0bac697ec",
                                                "name": "SYLHET"
                                            }
                                        },
                                        {
                                            "name": "FENCHUGANJ",
                                            "id": "adaf36ec-689f-4591-b29c-8677a4e45f9e",
                                            "state": {
                                                "id": "2f2f0cc1-587a-4dad-a3f0-83c0bac697ec",
                                                "name": "SYLHET"
                                            }
                                        },
                                        {
                                            "name": "NOBIGONJ",
                                            "id": "c04977f2-7416-40cf-9c90-d828a9e789d5",
                                            "state": {
                                                "id": "2f2f0cc1-587a-4dad-a3f0-83c0bac697ec",
                                                "name": "SYLHET"
                                            }
                                        },
                                        {
                                            "name": "BEANIBAZAR",
                                            "id": "e5334066-cdb3-4529-a7a7-6cc3a6160265",
                                            "state": {
                                                "id": "2f2f0cc1-587a-4dad-a3f0-83c0bac697ec",
                                                "name": "SYLHET"
                                            }
                                        },
                                        {
                                            "name": "BALAGANJ",
                                            "id": "d92a9983-9313-470e-80da-9f025ed17212",
                                            "state": {
                                                "id": "2f2f0cc1-587a-4dad-a3f0-83c0bac697ec",
                                                "name": "SYLHET"
                                            }
                                        }
                                    ]
                                },
                                {
                                    "id": "86d79ef2-dc45-4d2d-8e54-fad70c79b647",
                                    "name": "PIROJPUR",
                                    "upazilas": [
                                        {
                                            "name": "NAZIRPUR",
                                            "id": "d7844a35-f652-4b30-925b-194f2396958d",
                                            "state": {
                                                "id": "5cbbb439-96e7-4f60-bf2f-abddd0d03e7e",
                                                "name": "BARISAL"
                                            }
                                        },
                                        {
                                            "name": "MATHBARIA",
                                            "id": "8e328e74-3026-4e46-8e67-fc37ce651dfe",
                                            "state": {
                                                "id": "5cbbb439-96e7-4f60-bf2f-abddd0d03e7e",
                                                "name": "BARISAL"
                                            }
                                        },
                                        {
                                            "name": "BHANDARIA",
                                            "id": "6c758ead-5526-424d-9228-1fc826c3c76e",
                                            "state": {
                                                "id": "5cbbb439-96e7-4f60-bf2f-abddd0d03e7e",
                                                "name": "BARISAL"
                                            }
                                        },
                                        {
                                            "name": "ZIANAGAR",
                                            "id": "316d4e46-74dc-458f-8750-e3643592b032",
                                            "state": {
                                                "id": "5cbbb439-96e7-4f60-bf2f-abddd0d03e7e",
                                                "name": "BARISAL"
                                            }
                                        },
                                        {
                                            "name": "PIROJPUR_SADAR",
                                            "id": "c98de406-4053-41d1-b72e-479d07b91a94",
                                            "state": {
                                                "id": "5cbbb439-96e7-4f60-bf2f-abddd0d03e7e",
                                                "name": "BARISAL"
                                            }
                                        },
                                        {
                                            "name": "NESARABAD",
                                            "id": "7dca70fe-76a9-4517-96bd-961f4a82c401",
                                            "state": {
                                                "id": "5cbbb439-96e7-4f60-bf2f-abddd0d03e7e",
                                                "name": "BARISAL"
                                            }
                                        }
                                    ]
                                },
                                {
                                    "id": "faeca4b5-c49e-4522-9d6b-b1f1786d3fe4",
                                    "name": "MEHERPUR",
                                    "upazilas": [
                                        {
                                            "name": "ANGNI",
                                            "id": "8dc5d275-9329-47d9-af59-fcad6d54bf3b",
                                            "state": {
                                                "id": "642a6748-942f-473d-96c6-a6c1b2e00e05",
                                                "name": "KHULNA"
                                            }
                                        },
                                        {
                                            "name": "MEHERPUR-S",
                                            "id": "90ee1389-ade9-47fd-b25b-0210a778cbb7",
                                            "state": {
                                                "id": "642a6748-942f-473d-96c6-a6c1b2e00e05",
                                                "name": "KHULNA"
                                            }
                                        },
                                        {
                                            "name": "MUJIB NAGAR",
                                            "id": "5d4ba578-bd32-4c79-9211-573b9174c19c",
                                            "state": {
                                                "id": "642a6748-942f-473d-96c6-a6c1b2e00e05",
                                                "name": "KHULNA"
                                            }
                                        }
                                    ]
                                },
                                {
                                    "id": "c9ee4e88-6a9e-4dca-a376-e34b12b08a7c",
                                    "name": "MAULVIBAZAR",
                                    "upazilas": [
                                        {
                                            "name": "RAJNAGAR",
                                            "id": "7d51ce73-16fe-47cf-ba03-0c064ccc14f0",
                                            "state": {
                                                "id": "2f2f0cc1-587a-4dad-a3f0-83c0bac697ec",
                                                "name": "SYLHET"
                                            }
                                        },
                                        {
                                            "name": "BARLEKHA",
                                            "id": "4787d06c-b9e4-43b1-80ef-21623028b031",
                                            "state": {
                                                "id": "2f2f0cc1-587a-4dad-a3f0-83c0bac697ec",
                                                "name": "SYLHET"
                                            }
                                        },
                                        {
                                            "name": "KULAURA",
                                            "id": "bd871dd2-4f8d-4c28-8d67-775939289225",
                                            "state": {
                                                "id": "2f2f0cc1-587a-4dad-a3f0-83c0bac697ec",
                                                "name": "SYLHET"
                                            }
                                        },
                                        {
                                            "name": "JURI",
                                            "id": "77753183-cece-4b78-85f7-fbb30b55cda4",
                                            "state": {
                                                "id": "2f2f0cc1-587a-4dad-a3f0-83c0bac697ec",
                                                "name": "SYLHET"
                                            }
                                        },
                                        {
                                            "name": "SREEMANGAL",
                                            "id": "8ee98bba-fc39-4bb2-9d83-e357a620b424",
                                            "state": {
                                                "id": "2f2f0cc1-587a-4dad-a3f0-83c0bac697ec",
                                                "name": "SYLHET"
                                            }
                                        },
                                        {
                                            "name": "KAMALGANJ",
                                            "id": "11e746ba-02ec-4142-9177-6740d9a5c6f9",
                                            "state": {
                                                "id": "2f2f0cc1-587a-4dad-a3f0-83c0bac697ec",
                                                "name": "SYLHET"
                                            }
                                        },
                                        {
                                            "name": "MOULVIBAZAR_SADAR",
                                            "id": "fb364596-f586-4335-9ab7-c7ab0104689f",
                                            "state": {
                                                "id": "2f2f0cc1-587a-4dad-a3f0-83c0bac697ec",
                                                "name": "SYLHET"
                                            }
                                        }
                                    ]
                                },
                                {
                                    "id": "1319d89d-5fb0-41b9-bdb5-05339617a6fa",
                                    "name": "SHERPUR",
                                    "upazilas": [
                                        {
                                            "name": "NAKLA",
                                            "id": "864fc566-3981-4a3a-b47a-bb549d6697f4",
                                            "state": {
                                                "id": "f6395340-53b2-4824-8252-ef3a164b8446",
                                                "name": "MAYMENSINGH"
                                            }
                                        },
                                        {
                                            "name": "JHENAIGATI",
                                            "id": "880b10a0-05da-46be-bf3e-354aac03cab7",
                                            "state": {
                                                "id": "f6395340-53b2-4824-8252-ef3a164b8446",
                                                "name": "MAYMENSINGH"
                                            }
                                        },
                                        {
                                            "name": "SREEBARDI",
                                            "id": "9f257f25-c5d3-471b-8364-62ce7eb59dfc",
                                            "state": {
                                                "id": "f6395340-53b2-4824-8252-ef3a164b8446",
                                                "name": "MAYMENSINGH"
                                            }
                                        },
                                        {
                                            "name": "SHERPUR_SADAR",
                                            "id": "cd07db73-b66e-456a-825f-81fc08cf337a",
                                            "state": {
                                                "id": "f6395340-53b2-4824-8252-ef3a164b8446",
                                                "name": "MAYMENSINGH"
                                            }
                                        },
                                        {
                                            "name": "NALITABARI",
                                            "id": "37c7e577-eeb5-4df5-877f-7ccee900a891",
                                            "state": {
                                                "id": "f6395340-53b2-4824-8252-ef3a164b8446",
                                                "name": "MAYMENSINGH"
                                            }
                                        }
                                    ]
                                },
                                {
                                    "id": "f9c3c547-adb4-4e53-a2a8-70bd5b31e3d7",
                                    "name": "FARIDPUR",
                                    "upazilas": [
                                        {
                                            "name": "CHARBHADRASAN",
                                            "id": "babc9507-275e-4611-ba34-4a080f4d42a8",
                                            "state": {
                                                "id": "9c75a95b-9f42-4ca9-a152-78c492590a6f",
                                                "name": "DHAKA"
                                            }
                                        },
                                        {
                                            "name": "FARIDPUR_SADAR",
                                            "id": "5f3eccfd-b863-4ccf-8c18-ad32f99e2859",
                                            "state": {
                                                "id": "9c75a95b-9f42-4ca9-a152-78c492590a6f",
                                                "name": "DHAKA"
                                            }
                                        },
                                        {
                                            "name": "ALFADANGA",
                                            "id": "259fd208-67c5-42b8-b98a-aa4a39290da5",
                                            "state": {
                                                "id": "9c75a95b-9f42-4ca9-a152-78c492590a6f",
                                                "name": "DHAKA"
                                            }
                                        },
                                        {
                                            "name": "Faridpur Sadar",
                                            "id": "99ac95fe-a484-448c-b9d8-5c9200b273e3",
                                            "state": {
                                                "id": "9c75a95b-9f42-4ca9-a152-78c492590a6f",
                                                "name": "DHAKA"
                                            }
                                        },
                                        {
                                            "name": "SADARPUR",
                                            "id": "f518eb87-fa45-438b-ac13-2415f3faea91",
                                            "state": {
                                                "id": "9c75a95b-9f42-4ca9-a152-78c492590a6f",
                                                "name": "DHAKA"
                                            }
                                        },
                                        {
                                            "name": "BHANGA",
                                            "id": "ed2d07c1-11c0-4f41-b499-fde54429851f",
                                            "state": {
                                                "id": "9c75a95b-9f42-4ca9-a152-78c492590a6f",
                                                "name": "DHAKA"
                                            }
                                        },
                                        {
                                            "name": "MADHUKHALI",
                                            "id": "6b341b59-641e-4db0-8dc0-2ce74ae664e9",
                                            "state": {
                                                "id": "9c75a95b-9f42-4ca9-a152-78c492590a6f",
                                                "name": "DHAKA"
                                            }
                                        },
                                        {
                                            "name": "NAGARKANDA",
                                            "id": "4d6dd97f-3b4c-4d48-8502-2f6e2c7c9274",
                                            "state": {
                                                "id": "9c75a95b-9f42-4ca9-a152-78c492590a6f",
                                                "name": "DHAKA"
                                            }
                                        },
                                        {
                                            "name": "BOALMARI",
                                            "id": "953e90ab-0015-4e6e-aa42-3d139c026a5d",
                                            "state": {
                                                "id": "9c75a95b-9f42-4ca9-a152-78c492590a6f",
                                                "name": "DHAKA"
                                            }
                                        },
                                        {
                                            "name": "SHALTHA",
                                            "id": "b67e6c94-f523-4359-a2a8-335a8d8dd43c",
                                            "state": {
                                                "id": "9c75a95b-9f42-4ca9-a152-78c492590a6f",
                                                "name": "DHAKA"
                                            }
                                        }
                                    ]
                                },
                                {
                                    "id": "8fdce543-067c-4c21-8ed2-f19c3fdf215b",
                                    "name": "NILPHAMARI",
                                    "upazilas": [
                                        {
                                            "name": "NILPHAMARI_SADAR",
                                            "id": "23cf2816-4cb3-4159-bb93-52a3fd781c00",
                                            "state": {
                                                "id": "b8c19906-b4fc-4745-ac93-af957934136b",
                                                "name": "RANGPUR"
                                            }
                                        },
                                        {
                                            "name": "JALDHAKA",
                                            "id": "623722ab-fa63-40cb-87d2-30f7b9f0b66b",
                                            "state": {
                                                "id": "b8c19906-b4fc-4745-ac93-af957934136b",
                                                "name": "RANGPUR"
                                            }
                                        },
                                        {
                                            "name": "DOMAR",
                                            "id": "a776cc51-7370-493a-a772-ccd1b0b20855",
                                            "state": {
                                                "id": "b8c19906-b4fc-4745-ac93-af957934136b",
                                                "name": "RANGPUR"
                                            }
                                        },
                                        {
                                            "name": "KISHOREGANJ",
                                            "id": "1deadcdb-a5f3-475b-95be-108a1046f978",
                                            "state": {
                                                "id": "b8c19906-b4fc-4745-ac93-af957934136b",
                                                "name": "RANGPUR"
                                            }
                                        },
                                        {
                                            "name": "SAIDPUR",
                                            "id": "a232edd2-b19a-4344-8c76-4ebd7090457a",
                                            "state": {
                                                "id": "b8c19906-b4fc-4745-ac93-af957934136b",
                                                "name": "RANGPUR"
                                            }
                                        },
                                        {
                                            "name": "DIMLA",
                                            "id": "1c92cece-1653-45ac-a086-24e8d852b562",
                                            "state": {
                                                "id": "b8c19906-b4fc-4745-ac93-af957934136b",
                                                "name": "RANGPUR"
                                            }
                                        }
                                    ]
                                },
                                {
                                    "id": "739583dc-519d-49b0-9582-d798a027ca79",
                                    "name": "COX'S BAZAR",
                                    "upazilas": [
                                        {
                                            "name": "COXS BAZAR SADAR",
                                            "id": "38c08333-395d-4aa8-86c0-8caea9a52c76",
                                            "state": {
                                                "id": "d4e8944a-6e8f-4d6e-a313-2228cfe9a567",
                                                "name": "CHITTAGONG"
                                            }
                                        },
                                        {
                                            "name": "TEKNAF",
                                            "id": "d41283c5-bca6-405f-8acf-e68e68e73308",
                                            "state": {
                                                "id": "d4e8944a-6e8f-4d6e-a313-2228cfe9a567",
                                                "name": "CHITTAGONG"
                                            }
                                        },
                                        {
                                            "name": "CHAKARIA",
                                            "id": "7a82b092-c530-4b72-985a-6e7c61a4f69f",
                                            "state": {
                                                "id": "d4e8944a-6e8f-4d6e-a313-2228cfe9a567",
                                                "name": "CHITTAGONG"
                                            }
                                        },
                                        {
                                            "name": "RAMU",
                                            "id": "529c05f5-dbc9-4442-9600-6debc27754d3",
                                            "state": {
                                                "id": "d4e8944a-6e8f-4d6e-a313-2228cfe9a567",
                                                "name": "CHITTAGONG"
                                            }
                                        },
                                        {
                                            "name": "EIDGAON",
                                            "id": "56f91627-c045-4618-b933-805104e9ed1f",
                                            "state": {
                                                "id": "d4e8944a-6e8f-4d6e-a313-2228cfe9a567",
                                                "name": "CHITTAGONG"
                                            }
                                        },
                                        {
                                            "name": "UKHIA",
                                            "id": "66dc64de-4a0b-4c4a-a6c8-80b63c9a3c75",
                                            "state": {
                                                "id": "d4e8944a-6e8f-4d6e-a313-2228cfe9a567",
                                                "name": "CHITTAGONG"
                                            }
                                        },
                                        {
                                            "name": "PEKUA",
                                            "id": "d01cb26d-4cfe-4017-a7c2-e9fdc0d8e2df",
                                            "state": {
                                                "id": "d4e8944a-6e8f-4d6e-a313-2228cfe9a567",
                                                "name": "CHITTAGONG"
                                            }
                                        },
                                        {
                                            "name": "MAHESHKHALI",
                                            "id": "c2ebc5a8-aaf2-4b98-a059-8beb05b34bdd",
                                            "state": {
                                                "id": "d4e8944a-6e8f-4d6e-a313-2228cfe9a567",
                                                "name": "CHITTAGONG"
                                            }
                                        },
                                        {
                                            "name": "KUTUBDIA",
                                            "id": "8f731bf7-fbb2-4b70-9e47-6d3d0d415d5d",
                                            "state": {
                                                "id": "d4e8944a-6e8f-4d6e-a313-2228cfe9a567",
                                                "name": "CHITTAGONG"
                                            }
                                        }
                                    ]
                                },
                                {
                                    "id": "2e26f8c1-97a7-44fc-9090-22af4de4ac9e",
                                    "name": "DHAKA",
                                    "upazilas": [
                                        {
                                            "name": "KERANIGANJ",
                                            "id": "37fa6ec5-6a13-4a35-b5c6-674b507edc01",
                                            "state": {
                                                "id": "9c75a95b-9f42-4ca9-a152-78c492590a6f",
                                                "name": "DHAKA"
                                            }
                                        },
                                        {
                                            "name": "DHAMRAI",
                                            "id": "9f2f6c8f-663f-4416-a1a7-1c59abb3852a",
                                            "state": {
                                                "id": "9c75a95b-9f42-4ca9-a152-78c492590a6f",
                                                "name": "DHAKA"
                                            }
                                        },
                                        {
                                            "name": "SAVAR",
                                            "id": "1a6db9e6-f058-4a33-a404-f7825a11a530",
                                            "state": {
                                                "id": "9c75a95b-9f42-4ca9-a152-78c492590a6f",
                                                "name": "DHAKA"
                                            }
                                        },
                                        {
                                            "name": "DOHAR",
                                            "id": "eaad1c5c-5972-4dd5-a18c-734fbadb8864",
                                            "state": {
                                                "id": "9c75a95b-9f42-4ca9-a152-78c492590a6f",
                                                "name": "DHAKA"
                                            }
                                        }
                                    ]
                                },
                                {
                                    "id": "f25de2cd-5ed8-44a8-9ae0-7d65c232f423",
                                    "name": "JAMALPUR",
                                    "upazilas": [
                                        {
                                            "name": "MELANDAHA",
                                            "id": "e5a81703-97d0-479b-a4fd-22a3a602697f",
                                            "state": {
                                                "id": "f6395340-53b2-4824-8252-ef3a164b8446",
                                                "name": "MAYMENSINGH"
                                            }
                                        },
                                        {
                                            "name": "NARUNDI POLICE I.C",
                                            "id": "c7710b29-c844-4892-9108-d73148cda29c",
                                            "state": {
                                                "id": "f6395340-53b2-4824-8252-ef3a164b8446",
                                                "name": "MAYMENSINGH"
                                            }
                                        },
                                        {
                                            "name": "ISLAMPUR",
                                            "id": "aedbc063-13ca-4e20-8357-eb22e8936000",
                                            "state": {
                                                "id": "f6395340-53b2-4824-8252-ef3a164b8446",
                                                "name": "MAYMENSINGH"
                                            }
                                        },
                                        {
                                            "name": "DEWANGANJ",
                                            "id": "1cc6d50f-87e6-4dd4-8a6e-9490a827621b",
                                            "state": {
                                                "id": "f6395340-53b2-4824-8252-ef3a164b8446",
                                                "name": "MAYMENSINGH"
                                            }
                                        },
                                        {
                                            "name": "JAMALPUR_SADAR",
                                            "id": "084e0df5-fe78-46ce-a473-939b9333bf40",
                                            "state": {
                                                "id": "f6395340-53b2-4824-8252-ef3a164b8446",
                                                "name": "MAYMENSINGH"
                                            }
                                        },
                                        {
                                            "name": "MADARGANJ",
                                            "id": "4782f9bd-aede-453f-8c96-7e2e10e8255b",
                                            "state": {
                                                "id": "f6395340-53b2-4824-8252-ef3a164b8446",
                                                "name": "MAYMENSINGH"
                                            }
                                        },
                                        {
                                            "name": "BAKSIGANJ",
                                            "id": "209bc080-4acc-4ac4-a88c-0ebc92355a2c",
                                            "state": {
                                                "id": "f6395340-53b2-4824-8252-ef3a164b8446",
                                                "name": "MAYMENSINGH"
                                            }
                                        },
                                        {
                                            "name": "SARISHABARI",
                                            "id": "c9d83f61-fe43-402a-9e0b-7f4df5cbe0e2",
                                            "state": {
                                                "id": "f6395340-53b2-4824-8252-ef3a164b8446",
                                                "name": "MAYMENSINGH"
                                            }
                                        }
                                    ]
                                },
                                {
                                    "id": "468da8cf-58f1-426f-ae73-d9554f7f71f6",
                                    "name": "NOAKHALI",
                                    "upazilas": [
                                        {
                                            "name": "COMPANYGANJ",
                                            "id": "87c2d2fe-377e-4bb3-aa56-93c5eb46ce99",
                                            "state": {
                                                "id": "d4e8944a-6e8f-4d6e-a313-2228cfe9a567",
                                                "name": "CHITTAGONG"
                                            }
                                        },
                                        {
                                            "name": "KOBIRHAT",
                                            "id": "edd18fb6-2dba-492a-bc59-f118923cfb9d",
                                            "state": {
                                                "id": "d4e8944a-6e8f-4d6e-a313-2228cfe9a567",
                                                "name": "CHITTAGONG"
                                            }
                                        },
                                        {
                                            "name": "BEGUMGANJ",
                                            "id": "fa8e1bdd-241d-484c-b5d8-82d5ee981528",
                                            "state": {
                                                "id": "d4e8944a-6e8f-4d6e-a313-2228cfe9a567",
                                                "name": "CHITTAGONG"
                                            }
                                        },
                                        {
                                            "name": "SUBORNO CHAR",
                                            "id": "e4fdab05-6c34-4af4-9a3c-9dd46abf24b1",
                                            "state": {
                                                "id": "d4e8944a-6e8f-4d6e-a313-2228cfe9a567",
                                                "name": "CHITTAGONG"
                                            }
                                        },
                                        {
                                            "name": "HATIA",
                                            "id": "8a144eff-edd1-4e0f-a6a8-70e1d8a19393",
                                            "state": {
                                                "id": "d4e8944a-6e8f-4d6e-a313-2228cfe9a567",
                                                "name": "CHITTAGONG"
                                            }
                                        },
                                        {
                                            "name": "SONAIMURI",
                                            "id": "ac50ed77-f382-46a1-a3d0-f0ad7d4788ac",
                                            "state": {
                                                "id": "d4e8944a-6e8f-4d6e-a313-2228cfe9a567",
                                                "name": "CHITTAGONG"
                                            }
                                        },
                                        {
                                            "name": "SHENBAG",
                                            "id": "e8164a0d-375a-4012-a790-694387014d4b",
                                            "state": {
                                                "id": "d4e8944a-6e8f-4d6e-a313-2228cfe9a567",
                                                "name": "CHITTAGONG"
                                            }
                                        },
                                        {
                                            "name": "CHATKHIL",
                                            "id": "59588ff2-33b7-4cd3-8e7e-fb302e9220c9",
                                            "state": {
                                                "id": "d4e8944a-6e8f-4d6e-a313-2228cfe9a567",
                                                "name": "CHITTAGONG"
                                            }
                                        },
                                        {
                                            "name": "NOAKHALI_SADAR",
                                            "id": "cb154cac-8111-4360-950e-daf4c472cbdf",
                                            "state": {
                                                "id": "d4e8944a-6e8f-4d6e-a313-2228cfe9a567",
                                                "name": "CHITTAGONG"
                                            }
                                        }
                                    ]
                                },
                                {
                                    "id": "54d0ae5a-d1d3-4212-a0df-9af09ff11378",
                                    "name": "CHATTOGRAM",
                                    "upazilas": [
                                        {
                                            "name": "BANSHKHALI",
                                            "id": "5ddabeca-76c8-4c6a-83e2-0c9cc8ad08d8",
                                            "state": {
                                                "id": "d4e8944a-6e8f-4d6e-a313-2228cfe9a567",
                                                "name": "CHITTAGONG"
                                            }
                                        },
                                        {
                                            "name": "FATIKCHHARI",
                                            "id": "711efd46-765f-4eda-a5a6-6199af270f52",
                                            "state": {
                                                "id": "d4e8944a-6e8f-4d6e-a313-2228cfe9a567",
                                                "name": "CHITTAGONG"
                                            }
                                        },
                                        {
                                            "name": "CHANDANAISH",
                                            "id": "f4bda4c9-417b-4cb2-8cdf-e79e95eede46",
                                            "state": {
                                                "id": "d4e8944a-6e8f-4d6e-a313-2228cfe9a567",
                                                "name": "CHITTAGONG"
                                            }
                                        },
                                        {
                                            "name": "SATKANIA",
                                            "id": "e6761574-7af1-405b-ab56-a967edf628f9",
                                            "state": {
                                                "id": "d4e8944a-6e8f-4d6e-a313-2228cfe9a567",
                                                "name": "CHITTAGONG"
                                            }
                                        },
                                        {
                                            "name": "SANDWIP",
                                            "id": "fa949a73-22a2-461a-b287-aac4effba9c6",
                                            "state": {
                                                "id": "d4e8944a-6e8f-4d6e-a313-2228cfe9a567",
                                                "name": "CHITTAGONG"
                                            }
                                        },
                                        {
                                            "name": "PATIYA",
                                            "id": "e6b414c2-9a47-4f78-bab7-c8c3859e24e1",
                                            "state": {
                                                "id": "d4e8944a-6e8f-4d6e-a313-2228cfe9a567",
                                                "name": "CHITTAGONG"
                                            }
                                        },
                                        {
                                            "name": "LOHAGARA",
                                            "id": "e78211f4-9d77-4e85-82e3-ec7fb12b64ce",
                                            "state": {
                                                "id": "d4e8944a-6e8f-4d6e-a313-2228cfe9a567",
                                                "name": "CHITTAGONG"
                                            }
                                        },
                                        {
                                            "name": "BOALKHALI",
                                            "id": "c414a0ec-ffab-45ea-bb72-bb1890086b90",
                                            "state": {
                                                "id": "d4e8944a-6e8f-4d6e-a313-2228cfe9a567",
                                                "name": "CHITTAGONG"
                                            }
                                        },
                                        {
                                            "name": "ANWARA",
                                            "id": "a0723800-077f-437f-9d36-9f745cb0b31e",
                                            "state": {
                                                "id": "d4e8944a-6e8f-4d6e-a313-2228cfe9a567",
                                                "name": "CHITTAGONG"
                                            }
                                        },
                                        {
                                            "name": "RAOZAN",
                                            "id": "95fb0054-aa7f-400c-b645-f0d90cb2a833",
                                            "state": {
                                                "id": "d4e8944a-6e8f-4d6e-a313-2228cfe9a567",
                                                "name": "CHITTAGONG"
                                            }
                                        },
                                        {
                                            "name": "MIRSHARAI",
                                            "id": "fe518ddf-6a83-4694-a2a6-ddeec0b93c18",
                                            "state": {
                                                "id": "d4e8944a-6e8f-4d6e-a313-2228cfe9a567",
                                                "name": "CHITTAGONG"
                                            }
                                        },
                                        {
                                            "name": "RANGUNIA",
                                            "id": "9c3e5edc-e95e-4671-89d4-974e7a31342e",
                                            "state": {
                                                "id": "d4e8944a-6e8f-4d6e-a313-2228cfe9a567",
                                                "name": "CHITTAGONG"
                                            }
                                        },
                                        {
                                            "name": "HATHAZARI",
                                            "id": "bda87d19-77d0-4c25-bca1-a911f4331afd",
                                            "state": {
                                                "id": "d4e8944a-6e8f-4d6e-a313-2228cfe9a567",
                                                "name": "CHITTAGONG"
                                            }
                                        },
                                        {
                                            "name": "SITAKUNDA",
                                            "id": "6fae4e24-7c93-493f-91f0-5fa877a326f4",
                                            "state": {
                                                "id": "d4e8944a-6e8f-4d6e-a313-2228cfe9a567",
                                                "name": "CHITTAGONG"
                                            }
                                        }
                                    ]
                                },
                                {
                                    "id": "66a27ec2-f335-413d-b228-4a4df8fa4eea",
                                    "name": "BHOLA",
                                    "upazilas": [
                                        {
                                            "name": "BHOLA_SADAR",
                                            "id": "3cbaa092-c96b-4845-a314-b9cdc02d61fd",
                                            "state": {
                                                "id": "5cbbb439-96e7-4f60-bf2f-abddd0d03e7e",
                                                "name": "BARISAL"
                                            }
                                        },
                                        {
                                            "name": "MANPURA",
                                            "id": "3220264c-e0d8-41c3-9b69-55cdd4aea21e",
                                            "state": {
                                                "id": "5cbbb439-96e7-4f60-bf2f-abddd0d03e7e",
                                                "name": "BARISAL"
                                            }
                                        },
                                        {
                                            "name": "BURHANUDDIN",
                                            "id": "692e6a01-748c-4451-8d67-e0f404c69572",
                                            "state": {
                                                "id": "5cbbb439-96e7-4f60-bf2f-abddd0d03e7e",
                                                "name": "BARISAL"
                                            }
                                        },
                                        {
                                            "name": "CHAR FASSON",
                                            "id": "9f23a216-4a71-48ef-8c7e-e20f01a67e4a",
                                            "state": {
                                                "id": "5cbbb439-96e7-4f60-bf2f-abddd0d03e7e",
                                                "name": "BARISAL"
                                            }
                                        },
                                        {
                                            "name": "DAULATKHAN",
                                            "id": "16ea4a9e-60b8-4eed-a011-d3d52d5a646d",
                                            "state": {
                                                "id": "5cbbb439-96e7-4f60-bf2f-abddd0d03e7e",
                                                "name": "BARISAL"
                                            }
                                        },
                                        {
                                            "name": "LALMOHAN",
                                            "id": "634c328d-d819-4c09-a1b4-ebe643071f5e",
                                            "state": {
                                                "id": "5cbbb439-96e7-4f60-bf2f-abddd0d03e7e",
                                                "name": "BARISAL"
                                            }
                                        },
                                        {
                                            "name": "TAZUMUDDIN",
                                            "id": "303c6383-711c-4c09-ba87-f261320d697e",
                                            "state": {
                                                "id": "5cbbb439-96e7-4f60-bf2f-abddd0d03e7e",
                                                "name": "BARISAL"
                                            }
                                        }
                                    ]
                                },
                                {
                                    "id": "00358d0a-f4c2-4374-908b-b37dac235fc0",
                                    "name": "JHENAIDAH",
                                    "upazilas": [
                                        {
                                            "name": "JHENAIDAH_SADAR",
                                            "id": "b730ac9a-c96e-4e9c-8583-dda0a4b61f9b",
                                            "state": {
                                                "id": "642a6748-942f-473d-96c6-a6c1b2e00e05",
                                                "name": "KHULNA"
                                            }
                                        },
                                        {
                                            "name": "SHAILKUPA",
                                            "id": "9216f983-c056-40f1-a143-463a2e4a2e84",
                                            "state": {
                                                "id": "642a6748-942f-473d-96c6-a6c1b2e00e05",
                                                "name": "KHULNA"
                                            }
                                        },
                                        {
                                            "name": "KOTCHANDPUR",
                                            "id": "7d743b39-a4ef-499b-b1eb-ccc7c9c1df81",
                                            "state": {
                                                "id": "642a6748-942f-473d-96c6-a6c1b2e00e05",
                                                "name": "KHULNA"
                                            }
                                        },
                                        {
                                            "name": "MAHESHPUR",
                                            "id": "9f3f6256-e1a0-457a-bf19-21fd5ccf253f",
                                            "state": {
                                                "id": "642a6748-942f-473d-96c6-a6c1b2e00e05",
                                                "name": "KHULNA"
                                            }
                                        },
                                        {
                                            "name": "HARINAKUNDA",
                                            "id": "8e2f9be1-24a7-48f6-9772-60c671fd5b2e",
                                            "state": {
                                                "id": "642a6748-942f-473d-96c6-a6c1b2e00e05",
                                                "name": "KHULNA"
                                            }
                                        }
                                    ]
                                },
                                {
                                    "id": "7a79fbbb-0414-4c68-ba03-a7d86e0f77ce",
                                    "name": "PABNA",
                                    "upazilas": [
                                        {
                                            "name": "BERA",
                                            "id": "9e859765-d526-4191-bab6-bf8d5a17317b",
                                            "state": {
                                                "id": "d68c68d2-108e-4635-93d1-28c44525f178",
                                                "name": "RAJSHAHI"
                                            }
                                        },
                                        {
                                            "name": "SUJANAGAR",
                                            "id": "a1b3c50a-d7af-4d16-a72d-4bdb5d0647b4",
                                            "state": {
                                                "id": "d68c68d2-108e-4635-93d1-28c44525f178",
                                                "name": "RAJSHAHI"
                                            }
                                        },
                                        {
                                            "name": "ATGHARIA",
                                            "id": "1faaac6e-d6b6-4852-9538-5c85438e47a5",
                                            "state": {
                                                "id": "d68c68d2-108e-4635-93d1-28c44525f178",
                                                "name": "RAJSHAHI"
                                            }
                                        },
                                        {
                                            "name": "SANTHIA",
                                            "id": "89ee778e-f765-4f8b-96d2-e00a6948199f",
                                            "state": {
                                                "id": "d68c68d2-108e-4635-93d1-28c44525f178",
                                                "name": "RAJSHAHI"
                                            }
                                        },
                                        {
                                            "name": "FARIDPUR",
                                            "id": "f9e13f42-2b4c-4af1-ae0b-186ee9fed178",
                                            "state": {
                                                "id": "d68c68d2-108e-4635-93d1-28c44525f178",
                                                "name": "RAJSHAHI"
                                            }
                                        },
                                        {
                                            "name": "BHANGURA",
                                            "id": "ce5f60e3-36ca-47e2-ac30-fea8af549985",
                                            "state": {
                                                "id": "d68c68d2-108e-4635-93d1-28c44525f178",
                                                "name": "RAJSHAHI"
                                            }
                                        },
                                        {
                                            "name": "CHATMOHAR",
                                            "id": "ee68ea82-2a16-46d4-a111-8d6a717363e3",
                                            "state": {
                                                "id": "d68c68d2-108e-4635-93d1-28c44525f178",
                                                "name": "RAJSHAHI"
                                            }
                                        },
                                        {
                                            "name": "ISHWARDI",
                                            "id": "e6f6b813-2ef3-429a-8dc6-3664b2d7af18",
                                            "state": {
                                                "id": "d68c68d2-108e-4635-93d1-28c44525f178",
                                                "name": "RAJSHAHI"
                                            }
                                        },
                                        {
                                            "name": "PABNA_SADAR",
                                            "id": "9a08add3-9997-4def-8a7e-2d4c47b78e1a",
                                            "state": {
                                                "id": "d68c68d2-108e-4635-93d1-28c44525f178",
                                                "name": "RAJSHAHI"
                                            }
                                        }
                                    ]
                                },
                                {
                                    "id": "c8c07a38-023f-4177-a946-7ea85bc5e62f",
                                    "name": "KISHOREGANJ",
                                    "upazilas": [
                                        {
                                            "name": "ASTAGRAM",
                                            "id": "8af0a33e-ec3f-4819-9c9a-d2e7b407340b",
                                            "state": {
                                                "id": "9c75a95b-9f42-4ca9-a152-78c492590a6f",
                                                "name": "DHAKA"
                                            }
                                        },
                                        {
                                            "name": "KATIADI",
                                            "id": "e14e5e25-3f0a-47a6-a16d-fe2023ec0a0e",
                                            "state": {
                                                "id": "9c75a95b-9f42-4ca9-a152-78c492590a6f",
                                                "name": "DHAKA"
                                            }
                                        },
                                        {
                                            "name": "MITHAMAIN",
                                            "id": "baa02b29-ad36-4df1-b296-07c71e4dabff",
                                            "state": {
                                                "id": "9c75a95b-9f42-4ca9-a152-78c492590a6f",
                                                "name": "DHAKA"
                                            }
                                        },
                                        {
                                            "name": "NIKLI",
                                            "id": "6f94a91b-a7e0-4690-83f4-82181b04c922",
                                            "state": {
                                                "id": "9c75a95b-9f42-4ca9-a152-78c492590a6f",
                                                "name": "DHAKA"
                                            }
                                        },
                                        {
                                            "name": "PAKUNDIA",
                                            "id": "3a4de8ba-819b-4935-843c-a3f1b5f6c421",
                                            "state": {
                                                "id": "9c75a95b-9f42-4ca9-a152-78c492590a6f",
                                                "name": "DHAKA"
                                            }
                                        },
                                        {
                                            "name": "KARIMGANJ",
                                            "id": "603092ee-3099-4b52-8b05-a76998c55ac0",
                                            "state": {
                                                "id": "9c75a95b-9f42-4ca9-a152-78c492590a6f",
                                                "name": "DHAKA"
                                            }
                                        },
                                        {
                                            "name": "KULIARCHAR",
                                            "id": "ba05daa9-21a2-4c7f-8a6f-4eca370e67c9",
                                            "state": {
                                                "id": "9c75a95b-9f42-4ca9-a152-78c492590a6f",
                                                "name": "DHAKA"
                                            }
                                        },
                                        {
                                            "name": "HOSSAINPUR",
                                            "id": "35ee81bc-c606-4f50-8c62-be135699f164",
                                            "state": {
                                                "id": "9c75a95b-9f42-4ca9-a152-78c492590a6f",
                                                "name": "DHAKA"
                                            }
                                        },
                                        {
                                            "name": "ITNA",
                                            "id": "64a6f7b6-ae00-48d7-91ff-d1afdd013728",
                                            "state": {
                                                "id": "9c75a95b-9f42-4ca9-a152-78c492590a6f",
                                                "name": "DHAKA"
                                            }
                                        },
                                        {
                                            "name": "BHAIRAB",
                                            "id": "f76de4f1-4367-46b4-ae35-25b31e161eaa",
                                            "state": {
                                                "id": "9c75a95b-9f42-4ca9-a152-78c492590a6f",
                                                "name": "DHAKA"
                                            }
                                        },
                                        {
                                            "name": "KISHOREGANJ_SADAR",
                                            "id": "f71d8ef1-88f4-4648-a927-1999cbec41e7",
                                            "state": {
                                                "id": "9c75a95b-9f42-4ca9-a152-78c492590a6f",
                                                "name": "DHAKA"
                                            }
                                        },
                                        {
                                            "name": "TARAIL",
                                            "id": "f5f8b58c-3d89-4a8f-8533-d689e34cbed3",
                                            "state": {
                                                "id": "9c75a95b-9f42-4ca9-a152-78c492590a6f",
                                                "name": "DHAKA"
                                            }
                                        },
                                        {
                                            "name": "BAJITPUR",
                                            "id": "d0a74c06-98ae-486a-9e67-fc5674c75288",
                                            "state": {
                                                "id": "9c75a95b-9f42-4ca9-a152-78c492590a6f",
                                                "name": "DHAKA"
                                            }
                                        }
                                    ]
                                },
                                {
                                    "id": "db758e15-588a-4c28-bae2-15069f2ce0f8",
                                    "name": "GOPALGANJ",
                                    "upazilas": [
                                        {
                                            "name": "KOTALIPARA",
                                            "id": "1729714e-61c8-4c5c-b062-7336efc80f74",
                                            "state": {
                                                "id": "9c75a95b-9f42-4ca9-a152-78c492590a6f",
                                                "name": "DHAKA"
                                            }
                                        },
                                        {
                                            "name": "MUKSUDPUR",
                                            "id": "52e46038-ba96-4a5c-96b5-1017b4eb6626",
                                            "state": {
                                                "id": "9c75a95b-9f42-4ca9-a152-78c492590a6f",
                                                "name": "DHAKA"
                                            }
                                        },
                                        {
                                            "name": "KASHIANI",
                                            "id": "9ea8f46d-358f-496e-b244-c3daf64e75c3",
                                            "state": {
                                                "id": "9c75a95b-9f42-4ca9-a152-78c492590a6f",
                                                "name": "DHAKA"
                                            }
                                        },
                                        {
                                            "name": "GOPALGANJ_SADAR",
                                            "id": "2ad2bc1d-038e-4d77-8754-a4eaa1ee4aa2",
                                            "state": {
                                                "id": "9c75a95b-9f42-4ca9-a152-78c492590a6f",
                                                "name": "DHAKA"
                                            }
                                        },
                                        {
                                            "name": "TUNGIPARA",
                                            "id": "18618e91-ce26-4c99-a7d1-a88be829a48b",
                                            "state": {
                                                "id": "9c75a95b-9f42-4ca9-a152-78c492590a6f",
                                                "name": "DHAKA"
                                            }
                                        }
                                    ]
                                },
                                {
                                    "id": "d1502152-1a34-423b-9811-576ccb88a3ea",
                                    "name": "KHULNA",
                                    "upazilas": [
                                        {
                                            "name": "BATIAGHATA",
                                            "id": "df3aa4c1-bfc8-4d9b-ade6-7c9dcc05e43b",
                                            "state": {
                                                "id": "642a6748-942f-473d-96c6-a6c1b2e00e05",
                                                "name": "KHULNA"
                                            }
                                        },
                                        {
                                            "name": "DACOPE",
                                            "id": "0510005c-3839-4f55-a93c-8147fa5657c3",
                                            "state": {
                                                "id": "642a6748-942f-473d-96c6-a6c1b2e00e05",
                                                "name": "KHULNA"
                                            }
                                        },
                                        {
                                            "name": "PAIKGACHHA",
                                            "id": "6dedbbd8-ad85-419e-a6f3-3b7b110beeef",
                                            "state": {
                                                "id": "642a6748-942f-473d-96c6-a6c1b2e00e05",
                                                "name": "KHULNA"
                                            }
                                        },
                                        {
                                            "name": "DIGHALIA",
                                            "id": "01a498b4-e2b8-4196-b1a8-37c83dd96d40",
                                            "state": {
                                                "id": "642a6748-942f-473d-96c6-a6c1b2e00e05",
                                                "name": "KHULNA"
                                            }
                                        },
                                        {
                                            "name": "TEROKHADA",
                                            "id": "78368a85-2301-4b61-b08c-bda0a7f2989d",
                                            "state": {
                                                "id": "642a6748-942f-473d-96c6-a6c1b2e00e05",
                                                "name": "KHULNA"
                                            }
                                        },
                                        {
                                            "name": "PHULTALA",
                                            "id": "de1c9dd2-c46c-4eb3-ae0d-ee1cbd77bfea",
                                            "state": {
                                                "id": "642a6748-942f-473d-96c6-a6c1b2e00e05",
                                                "name": "KHULNA"
                                            }
                                        },
                                        {
                                            "name": "DUMURIA",
                                            "id": "37c742e6-7aac-4034-8ed6-f0e58d0ad522",
                                            "state": {
                                                "id": "642a6748-942f-473d-96c6-a6c1b2e00e05",
                                                "name": "KHULNA"
                                            }
                                        },
                                        {
                                            "name": "KOYRA",
                                            "id": "4e5d83f1-3445-4445-a497-72dd54840c08",
                                            "state": {
                                                "id": "642a6748-942f-473d-96c6-a6c1b2e00e05",
                                                "name": "KHULNA"
                                            }
                                        },
                                        {
                                            "name": "RUPSA",
                                            "id": "0a761827-088c-4d43-a4d2-5904df789dcb",
                                            "state": {
                                                "id": "642a6748-942f-473d-96c6-a6c1b2e00e05",
                                                "name": "KHULNA"
                                            }
                                        }
                                    ]
                                },
                                {
                                    "id": "053cccf1-2ff4-4935-9b97-a7d73d2f29e2",
                                    "name": "NAOGAON",
                                    "upazilas": [
                                        {
                                            "name": "ATRAI",
                                            "id": "ca19d552-2c0f-4c03-99b5-9c84660083a9",
                                            "state": {
                                                "id": "d68c68d2-108e-4635-93d1-28c44525f178",
                                                "name": "RAJSHAHI"
                                            }
                                        },
                                        {
                                            "name": "RANINAGAR",
                                            "id": "bfcd8825-c7fa-4a19-8d0d-f097ba900ea6",
                                            "state": {
                                                "id": "d68c68d2-108e-4635-93d1-28c44525f178",
                                                "name": "RAJSHAHI"
                                            }
                                        },
                                        {
                                            "name": "DHAMOIRHAT",
                                            "id": "fdf566cf-11b6-4c01-ae47-c6c779feb92d",
                                            "state": {
                                                "id": "d68c68d2-108e-4635-93d1-28c44525f178",
                                                "name": "RAJSHAHI"
                                            }
                                        },
                                        {
                                            "name": "PATNITALA",
                                            "id": "1ef21421-63e5-42d4-854d-4da3c572a061",
                                            "state": {
                                                "id": "d68c68d2-108e-4635-93d1-28c44525f178",
                                                "name": "RAJSHAHI"
                                            }
                                        },
                                        {
                                            "name": "NIAMATPUR",
                                            "id": "cb79ca11-a7f4-4de9-8b73-726b9f277260",
                                            "state": {
                                                "id": "d68c68d2-108e-4635-93d1-28c44525f178",
                                                "name": "RAJSHAHI"
                                            }
                                        },
                                        {
                                            "name": "MOHADEVPUR",
                                            "id": "87fc4733-5ba9-4492-a4a3-477e1bbf4965",
                                            "state": {
                                                "id": "d68c68d2-108e-4635-93d1-28c44525f178",
                                                "name": "RAJSHAHI"
                                            }
                                        },
                                        {
                                            "name": "MANDA",
                                            "id": "38a158ef-7fae-4cdf-a906-9bfedbf5ee8d",
                                            "state": {
                                                "id": "d68c68d2-108e-4635-93d1-28c44525f178",
                                                "name": "RAJSHAHI"
                                            }
                                        },
                                        {
                                            "name": "NAOGAON_SADAR",
                                            "id": "433415ed-7b51-415a-9826-c5a655a42e1f",
                                            "state": {
                                                "id": "d68c68d2-108e-4635-93d1-28c44525f178",
                                                "name": "RAJSHAHI"
                                            }
                                        },
                                        {
                                            "name": "PORSHA",
                                            "id": "075b5f29-ffb3-4a22-8bce-255a305320d0",
                                            "state": {
                                                "id": "d68c68d2-108e-4635-93d1-28c44525f178",
                                                "name": "RAJSHAHI"
                                            }
                                        },
                                        {
                                            "name": "BADALGACHHI",
                                            "id": "5a52e1a2-7603-410d-b929-f07424bd3818",
                                            "state": {
                                                "id": "d68c68d2-108e-4635-93d1-28c44525f178",
                                                "name": "RAJSHAHI"
                                            }
                                        },
                                        {
                                            "name": "SAPAHAR",
                                            "id": "f24efbcc-3048-42d4-b2de-3cd80570f107",
                                            "state": {
                                                "id": "d68c68d2-108e-4635-93d1-28c44525f178",
                                                "name": "RAJSHAHI"
                                            }
                                        }
                                    ]
                                },
                                {
                                    "id": "3841e03e-b526-4568-b373-6fb874ae2dd2",
                                    "name": "NARAIL",
                                    "upazilas": [
                                        {
                                            "name": "NARAIL-S UPAZILLA",
                                            "id": "58236735-155d-45f5-81c6-d2528a3327e9",
                                            "state": {
                                                "id": "642a6748-942f-473d-96c6-a6c1b2e00e05",
                                                "name": "KHULNA"
                                            }
                                        },
                                        {
                                            "name": "LOHAGARA UPAZILLA",
                                            "id": "3a7dc21f-8d9e-4db5-83ad-4a42791fcaa4",
                                            "state": {
                                                "id": "642a6748-942f-473d-96c6-a6c1b2e00e05",
                                                "name": "KHULNA"
                                            }
                                        },
                                        {
                                            "name": "KALIA UPAZILLA",
                                            "id": "5e60afd8-8c2b-44ea-992f-027e764fc068",
                                            "state": {
                                                "id": "642a6748-942f-473d-96c6-a6c1b2e00e05",
                                                "name": "KHULNA"
                                            }
                                        }
                                    ]
                                },
                                {
                                    "id": "ba44bb5a-c4fc-4622-9b74-0b5641780581",
                                    "name": "MYMENSINGH",
                                    "upazilas": [
                                        {
                                            "name": "FULBARIA",
                                            "id": "14786483-84f3-4ac4-af4e-6928097bd398",
                                            "state": {
                                                "id": "f6395340-53b2-4824-8252-ef3a164b8446",
                                                "name": "MAYMENSINGH"
                                            }
                                        },
                                        {
                                            "name": "MUKTAGACHHA",
                                            "id": "6112996c-f960-4f30-bd1f-867050a656cb",
                                            "state": {
                                                "id": "f6395340-53b2-4824-8252-ef3a164b8446",
                                                "name": "MAYMENSINGH"
                                            }
                                        },
                                        {
                                            "name": "GAFFARGAON",
                                            "id": "f1027b1e-4a47-4e6f-9dca-8ee4974dcee3",
                                            "state": {
                                                "id": "f6395340-53b2-4824-8252-ef3a164b8446",
                                                "name": "MAYMENSINGH"
                                            }
                                        },
                                        {
                                            "name": "GAURIPUR",
                                            "id": "89af4299-90a2-4e9e-a201-d090d4f0a26a",
                                            "state": {
                                                "id": "f6395340-53b2-4824-8252-ef3a164b8446",
                                                "name": "MAYMENSINGH"
                                            }
                                        },
                                        {
                                            "name": "NANDAIL",
                                            "id": "4a7f82e3-e7f0-4dc1-b216-475ae369c902",
                                            "state": {
                                                "id": "f6395340-53b2-4824-8252-ef3a164b8446",
                                                "name": "MAYMENSINGH"
                                            }
                                        },
                                        {
                                            "name": "PHULPUR",
                                            "id": "e7f43bd5-defe-4d78-a9ea-8394b2d85ae8",
                                            "state": {
                                                "id": "f6395340-53b2-4824-8252-ef3a164b8446",
                                                "name": "MAYMENSINGH"
                                            }
                                        },
                                        {
                                            "name": "ISHWARGANJ",
                                            "id": "343276b0-a108-4b67-aa9f-6ff2eecfa3f1",
                                            "state": {
                                                "id": "f6395340-53b2-4824-8252-ef3a164b8446",
                                                "name": "MAYMENSINGH"
                                            }
                                        },
                                        {
                                            "name": "HALUAGHAT",
                                            "id": "b3cf9a18-0480-4a79-b898-0c9558158569",
                                            "state": {
                                                "id": "f6395340-53b2-4824-8252-ef3a164b8446",
                                                "name": "MAYMENSINGH"
                                            }
                                        },
                                        {
                                            "name": "MYMENSINGH_SADAR",
                                            "id": "944d5c60-96f6-4b1b-9245-57a7d1b8f80c",
                                            "state": {
                                                "id": "f6395340-53b2-4824-8252-ef3a164b8446",
                                                "name": "MAYMENSINGH"
                                            }
                                        },
                                        {
                                            "name": "TRISHAL",
                                            "id": "b54f2e4f-fadd-4386-a7fe-e29c806df77b",
                                            "state": {
                                                "id": "f6395340-53b2-4824-8252-ef3a164b8446",
                                                "name": "MAYMENSINGH"
                                            }
                                        },
                                        {
                                            "name": "DHOBAURA",
                                            "id": "90e06f5e-7571-4ce8-a713-53b94b2b6770",
                                            "state": {
                                                "id": "f6395340-53b2-4824-8252-ef3a164b8446",
                                                "name": "MAYMENSINGH"
                                            }
                                        },
                                        {
                                            "name": "BHALUKA",
                                            "id": "34920b68-a4b6-444b-95f5-d072d29fc1eb",
                                            "state": {
                                                "id": "f6395340-53b2-4824-8252-ef3a164b8446",
                                                "name": "MAYMENSINGH"
                                            }
                                        }
                                    ]
                                },
                                {
                                    "id": "bbed7d2c-59fb-43ce-a03c-8abd7a9f8f18",
                                    "name": "NARSINGDI",
                                    "upazilas": [
                                        {
                                            "name": "SHIBPUR",
                                            "id": "189fa0e5-3fba-4bb7-a1fa-1244de4d259c",
                                            "state": {
                                                "id": "9c75a95b-9f42-4ca9-a152-78c492590a6f",
                                                "name": "DHAKA"
                                            }
                                        },
                                        {
                                            "name": "MONOHARDI",
                                            "id": "243e2783-eb7e-4284-9ad6-461870dc8937",
                                            "state": {
                                                "id": "9c75a95b-9f42-4ca9-a152-78c492590a6f",
                                                "name": "DHAKA"
                                            }
                                        },
                                        {
                                            "name": "BELABO",
                                            "id": "785efd52-cefe-46f7-9a57-3a0b9ff6e8f6",
                                            "state": {
                                                "id": "9c75a95b-9f42-4ca9-a152-78c492590a6f",
                                                "name": "DHAKA"
                                            }
                                        },
                                        {
                                            "name": "RAIPURA, NARSINGDI",
                                            "id": "62845bb0-be44-48d6-a163-908e4b35b7fb",
                                            "state": {
                                                "id": "9c75a95b-9f42-4ca9-a152-78c492590a6f",
                                                "name": "DHAKA"
                                            }
                                        },
                                        {
                                            "name": "NARSINGDI_SADAR",
                                            "id": "06b56b35-2e12-44ba-b18f-22cd4d6ecb98",
                                            "state": {
                                                "id": "9c75a95b-9f42-4ca9-a152-78c492590a6f",
                                                "name": "DHAKA"
                                            }
                                        },
                                        {
                                            "name": "PALASH",
                                            "id": "ccd33f77-057f-4819-bdf6-a7da5785e2c5",
                                            "state": {
                                                "id": "9c75a95b-9f42-4ca9-a152-78c492590a6f",
                                                "name": "DHAKA"
                                            }
                                        }
                                    ]
                                },
                                {
                                    "id": "8b99d1ec-6c05-4e8e-b708-8216c9690652",
                                    "name": "RAJBARI",
                                    "upazilas": [
                                        {
                                            "name": "KALUKHALI",
                                            "id": "ad20fd23-08a0-4422-a4ce-2d664b65fc2e",
                                            "state": {
                                                "id": "9c75a95b-9f42-4ca9-a152-78c492590a6f",
                                                "name": "DHAKA"
                                            }
                                        },
                                        {
                                            "name": "RAJBARI_SADAR",
                                            "id": "a60723aa-280a-4b8b-a4fd-b2fa0323c4c4",
                                            "state": {
                                                "id": "9c75a95b-9f42-4ca9-a152-78c492590a6f",
                                                "name": "DHAKA"
                                            }
                                        },
                                        {
                                            "name": "BALIAKANDI",
                                            "id": "a654e917-d396-4a82-9e9d-9ab7581b3c1b",
                                            "state": {
                                                "id": "9c75a95b-9f42-4ca9-a152-78c492590a6f",
                                                "name": "DHAKA"
                                            }
                                        },
                                        {
                                            "name": "GOALANDAGHAT",
                                            "id": "7de09957-126b-4fee-9833-49f637931f79",
                                            "state": {
                                                "id": "9c75a95b-9f42-4ca9-a152-78c492590a6f",
                                                "name": "DHAKA"
                                            }
                                        },
                                        {
                                            "name": "PANGSHA",
                                            "id": "532c2c8a-0a92-4c5c-9710-622eabaab454",
                                            "state": {
                                                "id": "9c75a95b-9f42-4ca9-a152-78c492590a6f",
                                                "name": "DHAKA"
                                            }
                                        }
                                    ]
                                },
                                {
                                    "id": "8a26a551-dbef-4fa9-b50c-17a7fe590b13",
                                    "name": "SIRAJGONJ",
                                    "upazilas": [
                                        {
                                            "name": "KAZIPUR",
                                            "id": "b1363ee2-d297-4f58-a353-d94bba646dd6",
                                            "state": {
                                                "id": "d68c68d2-108e-4635-93d1-28c44525f178",
                                                "name": "RAJSHAHI"
                                            }
                                        },
                                        {
                                            "name": "RAIGANJ",
                                            "id": "3b9f4a36-dc41-48ab-9261-4843e2dee251",
                                            "state": {
                                                "id": "d68c68d2-108e-4635-93d1-28c44525f178",
                                                "name": "RAJSHAHI"
                                            }
                                        },
                                        {
                                            "name": "BELKUCHI",
                                            "id": "346c0522-e283-421d-9991-d95c10faf7b8",
                                            "state": {
                                                "id": "d68c68d2-108e-4635-93d1-28c44525f178",
                                                "name": "RAJSHAHI"
                                            }
                                        },
                                        {
                                            "name": "KAMARKHANDA",
                                            "id": "0012b1ec-f07e-4956-8208-d99e74a19aa7",
                                            "state": {
                                                "id": "d68c68d2-108e-4635-93d1-28c44525f178",
                                                "name": "RAJSHAHI"
                                            }
                                        },
                                        {
                                            "name": "SIRAJGANJ_SADAR",
                                            "id": "983f7c6b-9831-4027-b0f9-0e909b74e4ab",
                                            "state": {
                                                "id": "d68c68d2-108e-4635-93d1-28c44525f178",
                                                "name": "RAJSHAHI"
                                            }
                                        },
                                        {
                                            "name": "CHAUHALI",
                                            "id": "fa6ccc95-c941-4284-8d9f-7c4624683e0c",
                                            "state": {
                                                "id": "d68c68d2-108e-4635-93d1-28c44525f178",
                                                "name": "RAJSHAHI"
                                            }
                                        },
                                        {
                                            "name": "TARASH",
                                            "id": "72d45478-f1c8-4317-a912-5f90a6033813",
                                            "state": {
                                                "id": "d68c68d2-108e-4635-93d1-28c44525f178",
                                                "name": "RAJSHAHI"
                                            }
                                        },
                                        {
                                            "name": "SHAHJADPUR",
                                            "id": "aba04480-80aa-4c49-94f5-54a5f8cec70c",
                                            "state": {
                                                "id": "d68c68d2-108e-4635-93d1-28c44525f178",
                                                "name": "RAJSHAHI"
                                            }
                                        },
                                        {
                                            "name": "ULLAHPARA",
                                            "id": "2b03ca99-77d6-4dac-8c30-72fd7820b170",
                                            "state": {
                                                "id": "d68c68d2-108e-4635-93d1-28c44525f178",
                                                "name": "RAJSHAHI"
                                            }
                                        }
                                    ]
                                },
                                {
                                    "id": "3b2a6a3c-5159-471d-abe6-9f4ebad7e6c1",
                                    "name": "MAGURA",
                                    "upazilas": [
                                        {
                                            "name": "SHALIKHA",
                                            "id": "a2705dba-cae2-4e3d-86f6-8ed9c08df535",
                                            "state": {
                                                "id": "642a6748-942f-473d-96c6-a6c1b2e00e05",
                                                "name": "KHULNA"
                                            }
                                        },
                                        {
                                            "name": "MOHAMMADPUR",
                                            "id": "53edb99e-47b4-4979-b3f5-3d80de1b7118",
                                            "state": {
                                                "id": "642a6748-942f-473d-96c6-a6c1b2e00e05",
                                                "name": "KHULNA"
                                            }
                                        },
                                        {
                                            "name": "MAGURA_SADAR",
                                            "id": "dd0bd5ac-d63d-407d-bcf5-ba24191b7cba",
                                            "state": {
                                                "id": "642a6748-942f-473d-96c6-a6c1b2e00e05",
                                                "name": "KHULNA"
                                            }
                                        },
                                        {
                                            "name": "SREEPUR",
                                            "id": "4e4122d5-c778-4303-823f-8a95b13f3f77",
                                            "state": {
                                                "id": "642a6748-942f-473d-96c6-a6c1b2e00e05",
                                                "name": "KHULNA"
                                            }
                                        }
                                    ]
                                },
                                {
                                    "id": "9dd946ca-b2e9-4369-9456-5d7c8308901c",
                                    "name": "JHALOKATI",
                                    "upazilas": [
                                        {
                                            "name": "RAJAPUR",
                                            "id": "595eceec-72ac-4b2a-a8c1-4d1a9d8c93dc",
                                            "state": {
                                                "id": "5cbbb439-96e7-4f60-bf2f-abddd0d03e7e",
                                                "name": "BARISAL"
                                            }
                                        },
                                        {
                                            "name": "NALCHITY",
                                            "id": "c16b84e6-4636-4559-9713-bbfb460be2ec",
                                            "state": {
                                                "id": "5cbbb439-96e7-4f60-bf2f-abddd0d03e7e",
                                                "name": "BARISAL"
                                            }
                                        },
                                        {
                                            "name": "JHALOKATI_SADAR",
                                            "id": "3c848ec1-c630-48f7-8327-8230e4d16846",
                                            "state": {
                                                "id": "5cbbb439-96e7-4f60-bf2f-abddd0d03e7e",
                                                "name": "BARISAL"
                                            }
                                        },
                                        {
                                            "name": "KATHALIA",
                                            "id": "98bbf847-31a1-4d55-a771-a5d045976cfe",
                                            "state": {
                                                "id": "5cbbb439-96e7-4f60-bf2f-abddd0d03e7e",
                                                "name": "BARISAL"
                                            }
                                        }
                                    ]
                                },
                                {
                                    "id": "e9431d37-c6a8-49a5-b5f5-3d8c14bc8ec7",
                                    "name": "LALMONIRHAT",
                                    "upazilas": [
                                        {
                                            "name": "KALIGANJ",
                                            "id": "40f7ed07-08b0-4244-9f65-17971aaeb6d2",
                                            "state": {
                                                "id": "b8c19906-b4fc-4745-ac93-af957934136b",
                                                "name": "RANGPUR"
                                            }
                                        },
                                        {
                                            "name": "LALMANIRHAT_SADAR",
                                            "id": "c3fdab30-b48f-484a-bcab-d8fdb8038626",
                                            "state": {
                                                "id": "b8c19906-b4fc-4745-ac93-af957934136b",
                                                "name": "RANGPUR"
                                            }
                                        },
                                        {
                                            "name": "HATIBANDHA",
                                            "id": "81a52b21-ee0e-4b30-af0e-077ef3b01cc5",
                                            "state": {
                                                "id": "b8c19906-b4fc-4745-ac93-af957934136b",
                                                "name": "RANGPUR"
                                            }
                                        },
                                        {
                                            "name": "ADITMARI",
                                            "id": "b4123b8d-af34-4c2f-8755-8c8d37c59e89",
                                            "state": {
                                                "id": "b8c19906-b4fc-4745-ac93-af957934136b",
                                                "name": "RANGPUR"
                                            }
                                        },
                                        {
                                            "name": "PATGRAM",
                                            "id": "bff9e973-cc00-4aaa-8e53-4ca5ff6dab3d",
                                            "state": {
                                                "id": "b8c19906-b4fc-4745-ac93-af957934136b",
                                                "name": "RANGPUR"
                                            }
                                        }
                                    ]
                                },
                                {
                                    "id": "3244a7d0-e432-4753-841f-cdbd7aa1f437",
                                    "name": "SHARIATPUR",
                                    "upazilas": [
                                        {
                                            "name": "NARIA",
                                            "id": "3e8850ed-a488-46ae-afa3-5b567c539ba2",
                                            "state": {
                                                "id": "9c75a95b-9f42-4ca9-a152-78c492590a6f",
                                                "name": "DHAKA"
                                            }
                                        },
                                        {
                                            "name": "BHEDARGANJ",
                                            "id": "088a2bdf-e98a-407a-9096-01143b440bf1",
                                            "state": {
                                                "id": "9c75a95b-9f42-4ca9-a152-78c492590a6f",
                                                "name": "DHAKA"
                                            }
                                        },
                                        {
                                            "name": "JAJIRA",
                                            "id": "c37722a7-f975-43ee-856b-2059735e3915",
                                            "state": {
                                                "id": "9c75a95b-9f42-4ca9-a152-78c492590a6f",
                                                "name": "DHAKA"
                                            }
                                        },
                                        {
                                            "name": "DAMUDYA",
                                            "id": "e5e20af1-f619-4df7-be4a-ee1958717815",
                                            "state": {
                                                "id": "9c75a95b-9f42-4ca9-a152-78c492590a6f",
                                                "name": "DHAKA"
                                            }
                                        },
                                        {
                                            "name": "SHARIATPUR_SADAR -PALONG",
                                            "id": "0d38ea96-e004-4fab-93d8-88216ca015ef",
                                            "state": {
                                                "id": "9c75a95b-9f42-4ca9-a152-78c492590a6f",
                                                "name": "DHAKA"
                                            }
                                        },
                                        {
                                            "name": "GOSAIRHAT",
                                            "id": "92f19d77-dcd7-4b5b-95bc-de0ca310248c",
                                            "state": {
                                                "id": "9c75a95b-9f42-4ca9-a152-78c492590a6f",
                                                "name": "DHAKA"
                                            }
                                        }
                                    ]
                                },
                                {
                                    "id": "dd4ed0a1-039e-4411-9337-e3bf3f9def9b",
                                    "name": "FENI",
                                    "upazilas": [
                                        {
                                            "name": "SONAGAZI",
                                            "id": "27efec53-92df-41c3-bc6a-9e81493d016d",
                                            "state": {
                                                "id": "d4e8944a-6e8f-4d6e-a313-2228cfe9a567",
                                                "name": "CHITTAGONG"
                                            }
                                        },
                                        {
                                            "name": "DAGANBHYAN",
                                            "id": "53afc9e2-06de-4aa2-b8b0-a05e8293b780",
                                            "state": {
                                                "id": "d4e8944a-6e8f-4d6e-a313-2228cfe9a567",
                                                "name": "CHITTAGONG"
                                            }
                                        },
                                        {
                                            "name": "PARSHURAM",
                                            "id": "49ff9838-f33c-474c-b129-2c9ae86e3ee4",
                                            "state": {
                                                "id": "d4e8944a-6e8f-4d6e-a313-2228cfe9a567",
                                                "name": "CHITTAGONG"
                                            }
                                        },
                                        {
                                            "name": "CHAGALNAIYA",
                                            "id": "04c3cb80-8635-455a-a5fa-84dbaa621b70",
                                            "state": {
                                                "id": "d4e8944a-6e8f-4d6e-a313-2228cfe9a567",
                                                "name": "CHITTAGONG"
                                            }
                                        },
                                        {
                                            "name": "FHULGAZI",
                                            "id": "3290d327-252d-4ac8-b994-c32aa5683ffa",
                                            "state": {
                                                "id": "d4e8944a-6e8f-4d6e-a313-2228cfe9a567",
                                                "name": "CHITTAGONG"
                                            }
                                        },
                                        {
                                            "name": "FENI_SADAR",
                                            "id": "d7952bf9-ddfa-4bc5-a8f0-41dfc66a892e",
                                            "state": {
                                                "id": "d4e8944a-6e8f-4d6e-a313-2228cfe9a567",
                                                "name": "CHITTAGONG"
                                            }
                                        }
                                    ]
                                },
                                {
                                    "id": "970ee245-d795-4373-923b-1d66e666d1a6",
                                    "name": "PATUAKHALI",
                                    "upazilas": [
                                        {
                                            "name": "PATUAKHALI_SADAR",
                                            "id": "afda7029-c236-44ba-b3df-5855d1e83414",
                                            "state": {
                                                "id": "5cbbb439-96e7-4f60-bf2f-abddd0d03e7e",
                                                "name": "BARISAL"
                                            }
                                        },
                                        {
                                            "name": "DASHMINA",
                                            "id": "89e2dffc-cb82-4fdd-9f42-8823500f1b10",
                                            "state": {
                                                "id": "5cbbb439-96e7-4f60-bf2f-abddd0d03e7e",
                                                "name": "BARISAL"
                                            }
                                        },
                                        {
                                            "name": "MIRZAGANJ",
                                            "id": "485e7d51-a1c0-4758-84c1-72129e770eba",
                                            "state": {
                                                "id": "5cbbb439-96e7-4f60-bf2f-abddd0d03e7e",
                                                "name": "BARISAL"
                                            }
                                        },
                                        {
                                            "name": "KALAPARA",
                                            "id": "0f279548-56c6-469b-931d-98f8666550f4",
                                            "state": {
                                                "id": "5cbbb439-96e7-4f60-bf2f-abddd0d03e7e",
                                                "name": "BARISAL"
                                            }
                                        },
                                        {
                                            "name": "GALACHIPA",
                                            "id": "fe4542b1-4c54-435c-93bf-7528621355b9",
                                            "state": {
                                                "id": "5cbbb439-96e7-4f60-bf2f-abddd0d03e7e",
                                                "name": "BARISAL"
                                            }
                                        },
                                        {
                                            "name": "BAUPHAL",
                                            "id": "3befd289-1458-4cfc-bc85-f929255b4161",
                                            "state": {
                                                "id": "5cbbb439-96e7-4f60-bf2f-abddd0d03e7e",
                                                "name": "BARISAL"
                                            }
                                        },
                                        {
                                            "name": "RANGABALI",
                                            "id": "fd694849-085a-4e6e-b708-fc06792067cf",
                                            "state": {
                                                "id": "5cbbb439-96e7-4f60-bf2f-abddd0d03e7e",
                                                "name": "BARISAL"
                                            }
                                        },
                                        {
                                            "name": "DUMKI",
                                            "id": "acde2384-2fcd-4771-bf87-1b5b08efe4a3",
                                            "state": {
                                                "id": "5cbbb439-96e7-4f60-bf2f-abddd0d03e7e",
                                                "name": "BARISAL"
                                            }
                                        }
                                    ]
                                },
                                {
                                    "id": "467a49c1-9b1e-4409-a811-a2541a28cc9d",
                                    "name": "RANGPUR",
                                    "upazilas": [
                                        {
                                            "name": "TARAGANJ",
                                            "id": "f3cafdc7-ff33-4c9a-bf41-e092493e5e1b",
                                            "state": {
                                                "id": "b8c19906-b4fc-4745-ac93-af957934136b",
                                                "name": "RANGPUR"
                                            }
                                        },
                                        {
                                            "name": "GANGACHARA",
                                            "id": "331ce02e-1f27-429d-9256-95faacb19759",
                                            "state": {
                                                "id": "b8c19906-b4fc-4745-ac93-af957934136b",
                                                "name": "RANGPUR"
                                            }
                                        },
                                        {
                                            "name": "BADARGANJ",
                                            "id": "23b5ff55-5742-48ae-9dc6-b15f225a1268",
                                            "state": {
                                                "id": "b8c19906-b4fc-4745-ac93-af957934136b",
                                                "name": "RANGPUR"
                                            }
                                        },
                                        {
                                            "name": "KAUNIA",
                                            "id": "ea59b48e-61b7-40d5-a041-3189f4143167",
                                            "state": {
                                                "id": "b8c19906-b4fc-4745-ac93-af957934136b",
                                                "name": "RANGPUR"
                                            }
                                        },
                                        {
                                            "name": "PIRGACHHA",
                                            "id": "513d1649-1f41-498e-ac2d-6912f8b2327d",
                                            "state": {
                                                "id": "b8c19906-b4fc-4745-ac93-af957934136b",
                                                "name": "RANGPUR"
                                            }
                                        },
                                        {
                                            "name": "MITHAPUKUR",
                                            "id": "d8e55f9d-f8ec-4027-a775-ffb34e90a6c2",
                                            "state": {
                                                "id": "b8c19906-b4fc-4745-ac93-af957934136b",
                                                "name": "RANGPUR"
                                            }
                                        },
                                        {
                                            "name": "RANGPUR_SADAR",
                                            "id": "c7f28afe-ce75-4b54-9eb0-8ad04f863a9d",
                                            "state": {
                                                "id": "b8c19906-b4fc-4745-ac93-af957934136b",
                                                "name": "RANGPUR"
                                            }
                                        }
                                    ]
                                },
                                {
                                    "id": "086915fc-d139-4e2e-839c-b38a5be1e5f6",
                                    "name": "GAIBANDHA",
                                    "upazilas": [
                                        {
                                            "name": "SAGHATA",
                                            "id": "7b7f1bed-05af-46ef-9a98-c4be724fd5e2",
                                            "state": {
                                                "id": "b8c19906-b4fc-4745-ac93-af957934136b",
                                                "name": "RANGPUR"
                                            }
                                        },
                                        {
                                            "name": "SUNDARGANJ",
                                            "id": "b3c77682-f3b2-43a0-b18f-ce0fde8cd30d",
                                            "state": {
                                                "id": "b8c19906-b4fc-4745-ac93-af957934136b",
                                                "name": "RANGPUR"
                                            }
                                        },
                                        {
                                            "name": "GAIBANDHA_SADAR",
                                            "id": "549a592d-7e92-4dba-98a2-ccf8988786d4",
                                            "state": {
                                                "id": "b8c19906-b4fc-4745-ac93-af957934136b",
                                                "name": "RANGPUR"
                                            }
                                        },
                                        {
                                            "name": "PALASHBARI",
                                            "id": "4ca323ee-31f6-4126-a12e-b8ac59881175",
                                            "state": {
                                                "id": "b8c19906-b4fc-4745-ac93-af957934136b",
                                                "name": "RANGPUR"
                                            }
                                        },
                                        {
                                            "name": "GOBINDAGANJ",
                                            "id": "f28adc54-023d-4585-9859-72797f1a509b",
                                            "state": {
                                                "id": "b8c19906-b4fc-4745-ac93-af957934136b",
                                                "name": "RANGPUR"
                                            }
                                        },
                                        {
                                            "name": "FULCHHARI",
                                            "id": "a2a7553c-a2bd-44e5-bd52-0a085246f0a3",
                                            "state": {
                                                "id": "b8c19906-b4fc-4745-ac93-af957934136b",
                                                "name": "RANGPUR"
                                            }
                                        },
                                        {
                                            "name": "SADULLAPUR",
                                            "id": "e9b50e9e-ac38-4969-b483-d3972f87cee4",
                                            "state": {
                                                "id": "b8c19906-b4fc-4745-ac93-af957934136b",
                                                "name": "RANGPUR"
                                            }
                                        }
                                    ]
                                },
                                {
                                    "id": "1c714c0b-021b-4301-a593-2c83a2313649",
                                    "name": "JASHORE",
                                    "upazilas": [
                                        {
                                            "name": "JESSORE_SADAR",
                                            "id": "42f61364-59f7-4623-9426-6cdc057ec349",
                                            "state": {
                                                "id": "642a6748-942f-473d-96c6-a6c1b2e00e05",
                                                "name": "KHULNA"
                                            }
                                        },
                                        {
                                            "name": "JHIKARGACHHA",
                                            "id": "e8528241-9712-4342-9aeb-09f71796e266",
                                            "state": {
                                                "id": "642a6748-942f-473d-96c6-a6c1b2e00e05",
                                                "name": "KHULNA"
                                            }
                                        },
                                        {
                                            "name": "CHAUGACHHA",
                                            "id": "12c0fdba-54d7-44c3-8261-799edb2af99c",
                                            "state": {
                                                "id": "642a6748-942f-473d-96c6-a6c1b2e00e05",
                                                "name": "KHULNA"
                                            }
                                        },
                                        {
                                            "name": "SHARSHA",
                                            "id": "cbf6f38e-583e-4ccc-b6d4-79af79fa8219",
                                            "state": {
                                                "id": "642a6748-942f-473d-96c6-a6c1b2e00e05",
                                                "name": "KHULNA"
                                            }
                                        },
                                        {
                                            "name": "MANIRAMPUR",
                                            "id": "d0720ff4-ff9b-465d-91e9-aa3c8b7786e6",
                                            "state": {
                                                "id": "642a6748-942f-473d-96c6-a6c1b2e00e05",
                                                "name": "KHULNA"
                                            }
                                        },
                                        {
                                            "name": "KESHABPUR",
                                            "id": "eb816407-8817-4b72-a245-aa3d26a6730a",
                                            "state": {
                                                "id": "642a6748-942f-473d-96c6-a6c1b2e00e05",
                                                "name": "KHULNA"
                                            }
                                        },
                                        {
                                            "name": "BAGHERPARA",
                                            "id": "57a33475-5412-4756-96a0-c856f6e69819",
                                            "state": {
                                                "id": "642a6748-942f-473d-96c6-a6c1b2e00e05",
                                                "name": "KHULNA"
                                            }
                                        }
                                    ]
                                },
                                {
                                    "id": "e6fbbbf2-76b6-454c-aab1-00bae43ee7fb",
                                    "name": "CHANDPUR",
                                    "upazilas": [
                                        {
                                            "name": "MATLAB UTTAR",
                                            "id": "063793f3-d840-4cd8-9b37-16b346b5802b",
                                            "state": {
                                                "id": "d4e8944a-6e8f-4d6e-a313-2228cfe9a567",
                                                "name": "CHITTAGONG"
                                            }
                                        },
                                        {
                                            "name": "CHANDPUR_SADAR",
                                            "id": "ed3e766b-5c5f-4898-9807-c60656a34d68",
                                            "state": {
                                                "id": "d4e8944a-6e8f-4d6e-a313-2228cfe9a567",
                                                "name": "CHITTAGONG"
                                            }
                                        },
                                        {
                                            "name": "FARIDGANJ",
                                            "id": "80004c2e-4af7-4c54-a08f-7c5eab9de5b7",
                                            "state": {
                                                "id": "d4e8944a-6e8f-4d6e-a313-2228cfe9a567",
                                                "name": "CHITTAGONG"
                                            }
                                        },
                                        {
                                            "name": "SHAHRASTI",
                                            "id": "ce322d53-bbdb-415b-8d13-45a8185dce83",
                                            "state": {
                                                "id": "d4e8944a-6e8f-4d6e-a313-2228cfe9a567",
                                                "name": "CHITTAGONG"
                                            }
                                        },
                                        {
                                            "name": "HAIMCHAR",
                                            "id": "b7b43526-46a4-48d6-8d67-f4c15ba2afe0",
                                            "state": {
                                                "id": "d4e8944a-6e8f-4d6e-a313-2228cfe9a567",
                                                "name": "CHITTAGONG"
                                            }
                                        },
                                        {
                                            "name": "MATLAB DAKKHIN",
                                            "id": "c099cd9b-69a4-4e70-9314-2d54f940fcd8",
                                            "state": {
                                                "id": "d4e8944a-6e8f-4d6e-a313-2228cfe9a567",
                                                "name": "CHITTAGONG"
                                            }
                                        },
                                        {
                                            "name": "HAZIGANJ",
                                            "id": "d4f9f2a0-9974-4d64-9cf0-139a6619407e",
                                            "state": {
                                                "id": "d4e8944a-6e8f-4d6e-a313-2228cfe9a567",
                                                "name": "CHITTAGONG"
                                            }
                                        }
                                    ]
                                },
                                {
                                    "id": "82157ea8-5e09-483d-82b6-7fbc0c15ead9",
                                    "name": "CHUADANGA",
                                    "upazilas": [
                                        {
                                            "name": "JIBANNAGAR",
                                            "id": "056bb4e6-8df9-4275-8bd0-5de51d1375e5",
                                            "state": {
                                                "id": "642a6748-942f-473d-96c6-a6c1b2e00e05",
                                                "name": "KHULNA"
                                            }
                                        },
                                        {
                                            "name": "DAMURHUDA",
                                            "id": "48021efd-36b5-4321-8505-e9d5d2388c27",
                                            "state": {
                                                "id": "642a6748-942f-473d-96c6-a6c1b2e00e05",
                                                "name": "KHULNA"
                                            }
                                        },
                                        {
                                            "name": "CHUADANGA-S",
                                            "id": "6074f64e-f724-4a45-89fa-45dd861ff000",
                                            "state": {
                                                "id": "642a6748-942f-473d-96c6-a6c1b2e00e05",
                                                "name": "KHULNA"
                                            }
                                        },
                                        {
                                            "name": "ALAMDANGA",
                                            "id": "d0578b99-4bb0-4dbd-9c2c-55ba5b2dd713",
                                            "state": {
                                                "id": "642a6748-942f-473d-96c6-a6c1b2e00e05",
                                                "name": "KHULNA"
                                            }
                                        }
                                    ]
                                },
                                {
                                    "id": "fdd90dd4-29f5-47e3-9c83-86247e30e011",
                                    "name": "MANIKGANJ",
                                    "upazilas": [
                                        {
                                            "name": "SATURIA",
                                            "id": "d9009b9c-883f-44b8-8510-e89dd74298ef",
                                            "state": {
                                                "id": "9c75a95b-9f42-4ca9-a152-78c492590a6f",
                                                "name": "DHAKA"
                                            }
                                        },
                                        {
                                            "name": "SHIBALAYA",
                                            "id": "ab1e982e-faba-4f99-93af-8be8a4fd5fe5",
                                            "state": {
                                                "id": "9c75a95b-9f42-4ca9-a152-78c492590a6f",
                                                "name": "DHAKA"
                                            }
                                        },
                                        {
                                            "name": "GHIOR",
                                            "id": "39c075ea-6975-49d4-9028-f904f0bf6c6c",
                                            "state": {
                                                "id": "9c75a95b-9f42-4ca9-a152-78c492590a6f",
                                                "name": "DHAKA"
                                            }
                                        },
                                        {
                                            "name": "HARIRAMPUR",
                                            "id": "a11e3d5b-0753-4029-9491-ea2ea72465aa",
                                            "state": {
                                                "id": "9c75a95b-9f42-4ca9-a152-78c492590a6f",
                                                "name": "DHAKA"
                                            }
                                        },
                                        {
                                            "name": "SINGAIR",
                                            "id": "f178d21b-89ed-42df-a9a3-21f108b44d28",
                                            "state": {
                                                "id": "9c75a95b-9f42-4ca9-a152-78c492590a6f",
                                                "name": "DHAKA"
                                            }
                                        },
                                        {
                                            "name": "MANIKGANJ_SADAR",
                                            "id": "75442244-e5ad-4289-8a34-d5615d19b3a4",
                                            "state": {
                                                "id": "9c75a95b-9f42-4ca9-a152-78c492590a6f",
                                                "name": "DHAKA"
                                            }
                                        }
                                    ]
                                },
                                {
                                    "id": "eb65d06c-18a8-4220-abbb-a4fc1de8f740",
                                    "name": "MUNSHIGANJ",
                                    "upazilas": [
                                        {
                                            "name": "GAZARIA",
                                            "id": "d93e5ad7-1fa9-453b-be01-f707de0dee0d",
                                            "state": {
                                                "id": "9c75a95b-9f42-4ca9-a152-78c492590a6f",
                                                "name": "DHAKA"
                                            }
                                        },
                                        {
                                            "name": "LOHAJANG",
                                            "id": "8de67669-ef24-4fc0-974d-614802bc635c",
                                            "state": {
                                                "id": "9c75a95b-9f42-4ca9-a152-78c492590a6f",
                                                "name": "DHAKA"
                                            }
                                        },
                                        {
                                            "name": "SREENAGAR",
                                            "id": "8f4bf6d0-176e-46a3-911b-50fa597f928a",
                                            "state": {
                                                "id": "9c75a95b-9f42-4ca9-a152-78c492590a6f",
                                                "name": "DHAKA"
                                            }
                                        },
                                        {
                                            "name": "MUNSHIGANJ_SADAR",
                                            "id": "d0ee788a-80bc-41a6-85c0-285852acb1c1",
                                            "state": {
                                                "id": "9c75a95b-9f42-4ca9-a152-78c492590a6f",
                                                "name": "DHAKA"
                                            }
                                        },
                                        {
                                            "name": "SIRAJDIKHAN",
                                            "id": "76276c1f-b0a4-4ad9-8994-f7056d23bcfd",
                                            "state": {
                                                "id": "9c75a95b-9f42-4ca9-a152-78c492590a6f",
                                                "name": "DHAKA"
                                            }
                                        },
                                        {
                                            "name": "TONGIBARI",
                                            "id": "632c71cf-94e4-43da-b567-79d0e8ddc66c",
                                            "state": {
                                                "id": "9c75a95b-9f42-4ca9-a152-78c492590a6f",
                                                "name": "DHAKA"
                                            }
                                        }
                                    ]
                                },
                                {
                                    "id": "27088eef-3fb2-45db-83f6-7b5820818817",
                                    "name": "KUSHTIA",
                                    "upazilas": [
                                        {
                                            "name": "KUMARKHALI",
                                            "id": "f172ffc4-fc9f-49de-956b-6385b8fd74d3",
                                            "state": {
                                                "id": "642a6748-942f-473d-96c6-a6c1b2e00e05",
                                                "name": "KHULNA"
                                            }
                                        },
                                        {
                                            "name": "BHERAMARA",
                                            "id": "7a6ae3eb-abfb-4059-9759-59fc79242f27",
                                            "state": {
                                                "id": "642a6748-942f-473d-96c6-a6c1b2e00e05",
                                                "name": "KHULNA"
                                            }
                                        },
                                        {
                                            "name": "KUSHTIA_SADAR",
                                            "id": "080eebe9-aace-48e8-81c5-85b575971f51",
                                            "state": {
                                                "id": "642a6748-942f-473d-96c6-a6c1b2e00e05",
                                                "name": "KHULNA"
                                            }
                                        },
                                        {
                                            "name": "MIRPUR",
                                            "id": "b652dbdd-b30a-4afb-886c-9d59c58a8c0e",
                                            "state": {
                                                "id": "642a6748-942f-473d-96c6-a6c1b2e00e05",
                                                "name": "KHULNA"
                                            }
                                        },
                                        {
                                            "name": "KHOKSA",
                                            "id": "2efbd4a2-b662-4471-a226-7feb55866616",
                                            "state": {
                                                "id": "642a6748-942f-473d-96c6-a6c1b2e00e05",
                                                "name": "KHULNA"
                                            }
                                        },
                                        {
                                            "name": "DAULATPUR",
                                            "id": "ca60c131-5d3d-4e69-a08a-e346ffaea90a",
                                            "state": {
                                                "id": "642a6748-942f-473d-96c6-a6c1b2e00e05",
                                                "name": "KHULNA"
                                            }
                                        }
                                    ]
                                },
                                {
                                    "id": "3f0b76be-22bf-4ac9-8a29-0dc53c9641c5",
                                    "name": "BOGURA",
                                    "upazilas": [
                                        {
                                            "name": "SHERPUR",
                                            "id": "27718256-3ec0-4b90-803d-2e077b4c6bb7",
                                            "state": {
                                                "id": "d68c68d2-108e-4635-93d1-28c44525f178",
                                                "name": "RAJSHAHI"
                                            }
                                        },
                                        {
                                            "name": "SARIAKANDI",
                                            "id": "c5843f0e-3bc2-4e45-b823-b5ca3c5c9991",
                                            "state": {
                                                "id": "d68c68d2-108e-4635-93d1-28c44525f178",
                                                "name": "RAJSHAHI"
                                            }
                                        },
                                        {
                                            "name": "NANDIGRAM",
                                            "id": "1085c7de-e430-45fc-970e-79f4336a854a",
                                            "state": {
                                                "id": "d68c68d2-108e-4635-93d1-28c44525f178",
                                                "name": "RAJSHAHI"
                                            }
                                        },
                                        {
                                            "name": "ADAMDIGHI",
                                            "id": "d4fb9820-bf93-498b-bbd9-68c432008c8b",
                                            "state": {
                                                "id": "d68c68d2-108e-4635-93d1-28c44525f178",
                                                "name": "RAJSHAHI"
                                            }
                                        },
                                        {
                                            "name": "DHUNAT",
                                            "id": "4ae13d59-e9e4-47c7-afc0-9f8bfa03e321",
                                            "state": {
                                                "id": "d68c68d2-108e-4635-93d1-28c44525f178",
                                                "name": "RAJSHAHI"
                                            }
                                        },
                                        {
                                            "name": "GABTALI",
                                            "id": "23160f5f-aec6-4b0b-81c4-5aa895621020",
                                            "state": {
                                                "id": "d68c68d2-108e-4635-93d1-28c44525f178",
                                                "name": "RAJSHAHI"
                                            }
                                        },
                                        {
                                            "name": "SONATALA",
                                            "id": "72bf0fce-8301-4e93-b9ce-e7b776e5bd6f",
                                            "state": {
                                                "id": "d68c68d2-108e-4635-93d1-28c44525f178",
                                                "name": "RAJSHAHI"
                                            }
                                        },
                                        {
                                            "name": "BOGRA_SADAR",
                                            "id": "dcf677c9-ffde-466c-a5fd-72d273586b19",
                                            "state": {
                                                "id": "d68c68d2-108e-4635-93d1-28c44525f178",
                                                "name": "RAJSHAHI"
                                            }
                                        },
                                        {
                                            "name": "SAHAJANPUR",
                                            "id": "bfaadb41-661b-4556-8b5c-6d8a2611e817",
                                            "state": {
                                                "id": "d68c68d2-108e-4635-93d1-28c44525f178",
                                                "name": "RAJSHAHI"
                                            }
                                        },
                                        {
                                            "name": "KAHALOO",
                                            "id": "303a6199-9118-46c1-b9ec-68e991107bb5",
                                            "state": {
                                                "id": "d68c68d2-108e-4635-93d1-28c44525f178",
                                                "name": "RAJSHAHI"
                                            }
                                        },
                                        {
                                            "name": "DHUPCHANCHIA",
                                            "id": "25c404c7-009d-4b24-aa5b-8b2a8de06f02",
                                            "state": {
                                                "id": "d68c68d2-108e-4635-93d1-28c44525f178",
                                                "name": "RAJSHAHI"
                                            }
                                        }
                                    ]
                                },
                                {
                                    "id": "acac9cb9-207c-48b8-bf7f-2bb26c3cbaf3",
                                    "name": "SUNAMGANJ",
                                    "upazilas": [
                                        {
                                            "name": "DOWARABAZAR",
                                            "id": "cff4ac7e-408b-4f6b-87ab-3009304229e8",
                                            "state": {
                                                "id": "2f2f0cc1-587a-4dad-a3f0-83c0bac697ec",
                                                "name": "SYLHET"
                                            }
                                        },
                                        {
                                            "name": "JAMALGANJ",
                                            "id": "dc3ee901-0d99-4235-9097-9392156a30b2",
                                            "state": {
                                                "id": "2f2f0cc1-587a-4dad-a3f0-83c0bac697ec",
                                                "name": "SYLHET"
                                            }
                                        },
                                        {
                                            "name": "SUNAMGANJ_SADAR",
                                            "id": "4fef6ecc-27ee-4547-b1f2-cac270075800",
                                            "state": {
                                                "id": "2f2f0cc1-587a-4dad-a3f0-83c0bac697ec",
                                                "name": "SYLHET"
                                            }
                                        },
                                        {
                                            "name": "CHHATAK",
                                            "id": "2850075b-f85b-4b3e-9464-fb094fdab0d1",
                                            "state": {
                                                "id": "2f2f0cc1-587a-4dad-a3f0-83c0bac697ec",
                                                "name": "SYLHET"
                                            }
                                        },
                                        {
                                            "name": "BISHWAMVARPUR",
                                            "id": "bd2a5b8d-2db7-4457-890f-cb7949ab679b",
                                            "state": {
                                                "id": "2f2f0cc1-587a-4dad-a3f0-83c0bac697ec",
                                                "name": "SYLHET"
                                            }
                                        },
                                        {
                                            "name": "TAHIRPUR",
                                            "id": "e629bf90-c502-4b6a-ab23-1c0e2ed8c422",
                                            "state": {
                                                "id": "2f2f0cc1-587a-4dad-a3f0-83c0bac697ec",
                                                "name": "SYLHET"
                                            }
                                        },
                                        {
                                            "name": "SHANTHIGANJ",
                                            "id": "1d7a3c9c-c35f-4813-a587-a3b823c24929",
                                            "state": {
                                                "id": "2f2f0cc1-587a-4dad-a3f0-83c0bac697ec",
                                                "name": "SYLHET"
                                            }
                                        },
                                        {
                                            "name": "DHARAMPASHA",
                                            "id": "eef5310f-38fa-46a5-8c0d-1a1921b45c75",
                                            "state": {
                                                "id": "2f2f0cc1-587a-4dad-a3f0-83c0bac697ec",
                                                "name": "SYLHET"
                                            }
                                        },
                                        {
                                            "name": "DERAI",
                                            "id": "cdd49f46-021e-402f-b1e9-bab17bf44714",
                                            "state": {
                                                "id": "2f2f0cc1-587a-4dad-a3f0-83c0bac697ec",
                                                "name": "SYLHET"
                                            }
                                        },
                                        {
                                            "name": "SULLA",
                                            "id": "f4446cae-89b8-4db4-844b-d46ac7d71a8d",
                                            "state": {
                                                "id": "2f2f0cc1-587a-4dad-a3f0-83c0bac697ec",
                                                "name": "SYLHET"
                                            }
                                        },
                                        {
                                            "name": "MODHYANAGAR",
                                            "id": "f2eb6c8d-a10e-4f30-bf84-758a716f9e5b",
                                            "state": {
                                                "id": "2f2f0cc1-587a-4dad-a3f0-83c0bac697ec",
                                                "name": "SYLHET"
                                            }
                                        },
                                        {
                                            "name": "JAGANNATHPUR",
                                            "id": "ed7e25d5-9cae-409c-b4b6-ec487ae79e26",
                                            "state": {
                                                "id": "2f2f0cc1-587a-4dad-a3f0-83c0bac697ec",
                                                "name": "SYLHET"
                                            }
                                        }
                                    ]
                                },
                                {
                                    "id": "440478fc-7e81-4b0e-9e11-7a30d0240c6a",
                                    "name": "THAKURGAON",
                                    "upazilas": [
                                        {
                                            "name": "RANISANKAIL",
                                            "id": "3fe1bae0-b945-47c8-b858-143e99d1345c",
                                            "state": {
                                                "id": "b8c19906-b4fc-4745-ac93-af957934136b",
                                                "name": "RANGPUR"
                                            }
                                        },
                                        {
                                            "name": "BALIADANGI",
                                            "id": "bc011048-a141-4782-80e6-1de7933f976f",
                                            "state": {
                                                "id": "b8c19906-b4fc-4745-ac93-af957934136b",
                                                "name": "RANGPUR"
                                            }
                                        },
                                        {
                                            "name": "THAKURGAON_SADAR",
                                            "id": "e76216bc-9591-448d-bdd2-f11337f1d167",
                                            "state": {
                                                "id": "b8c19906-b4fc-4745-ac93-af957934136b",
                                                "name": "RANGPUR"
                                            }
                                        },
                                        {
                                            "name": "HARIPUR",
                                            "id": "a057fd71-762f-4e3b-94c4-b0c25f1330e1",
                                            "state": {
                                                "id": "b8c19906-b4fc-4745-ac93-af957934136b",
                                                "name": "RANGPUR"
                                            }
                                        },
                                        {
                                            "name": "PIRGANJ",
                                            "id": "6f84b588-ac8a-4a62-b9ea-5d2ca913c00c",
                                            "state": {
                                                "id": "b8c19906-b4fc-4745-ac93-af957934136b",
                                                "name": "RANGPUR"
                                            }
                                        }
                                    ]
                                },
                                {
                                    "id": "7597f272-f003-4db4-8568-e8f45cb1a56d",
                                    "name": "PANCHAGARH",
                                    "upazilas": [
                                        {
                                            "name": "TETULIA",
                                            "id": "4f9f299d-6613-41be-ab21-4997945547c1",
                                            "state": {
                                                "id": "b8c19906-b4fc-4745-ac93-af957934136b",
                                                "name": "RANGPUR"
                                            }
                                        },
                                        {
                                            "name": "ATWARI",
                                            "id": "1a02f5b1-d095-4d55-9d14-045721e6c40d",
                                            "state": {
                                                "id": "b8c19906-b4fc-4745-ac93-af957934136b",
                                                "name": "RANGPUR"
                                            }
                                        },
                                        {
                                            "name": "BODA",
                                            "id": "d005e319-3338-4877-936c-c01c42003faf",
                                            "state": {
                                                "id": "b8c19906-b4fc-4745-ac93-af957934136b",
                                                "name": "RANGPUR"
                                            }
                                        },
                                        {
                                            "name": "PANCHAGARH_SADAR",
                                            "id": "7c487b8b-afc0-426f-a5a3-2df6ca17e2b7",
                                            "state": {
                                                "id": "b8c19906-b4fc-4745-ac93-af957934136b",
                                                "name": "RANGPUR"
                                            }
                                        },
                                        {
                                            "name": "DEBIGANJ",
                                            "id": "c69f7be1-f80c-49a0-a422-816cc0aedbe2",
                                            "state": {
                                                "id": "b8c19906-b4fc-4745-ac93-af957934136b",
                                                "name": "RANGPUR"
                                            }
                                        }
                                    ]
                                },
                                {
                                    "id": "02e94441-6145-4fbc-b185-7147f9433b0d",
                                    "name": "KHAGRACHARI",
                                    "upazilas": [
                                        {
                                            "name": "LAKSHMICHHARI",
                                            "id": "15bb16dd-f946-4d7f-ba1a-3833795ce9ae",
                                            "state": {
                                                "id": "d4e8944a-6e8f-4d6e-a313-2228cfe9a567",
                                                "name": "CHITTAGONG"
                                            }
                                        },
                                        {
                                            "name": "MANIKCHHARI",
                                            "id": "7ccab6c5-4db7-4c96-b5c2-f9bf8f4b4b2e",
                                            "state": {
                                                "id": "d4e8944a-6e8f-4d6e-a313-2228cfe9a567",
                                                "name": "CHITTAGONG"
                                            }
                                        },
                                        {
                                            "name": "MAHALCHHARI",
                                            "id": "8d6273ce-8713-4857-8d7f-645ec8cf7b49",
                                            "state": {
                                                "id": "d4e8944a-6e8f-4d6e-a313-2228cfe9a567",
                                                "name": "CHITTAGONG"
                                            }
                                        },
                                        {
                                            "name": "DIGHINALA",
                                            "id": "56d905ea-5cc1-4c95-aa62-a369fa67ef86",
                                            "state": {
                                                "id": "d4e8944a-6e8f-4d6e-a313-2228cfe9a567",
                                                "name": "CHITTAGONG"
                                            }
                                        },
                                        {
                                            "name": "MATIRANGA",
                                            "id": "5a40f09b-f1fc-4a4c-9339-7242810be320",
                                            "state": {
                                                "id": "d4e8944a-6e8f-4d6e-a313-2228cfe9a567",
                                                "name": "CHITTAGONG"
                                            }
                                        },
                                        {
                                            "name": "PANCHHARI",
                                            "id": "72bf30e6-6965-4134-82ee-942435bf0cf8",
                                            "state": {
                                                "id": "d4e8944a-6e8f-4d6e-a313-2228cfe9a567",
                                                "name": "CHITTAGONG"
                                            }
                                        },
                                        {
                                            "name": "KHAGRACHHARI",
                                            "id": "0b5ba0d4-cf95-4748-a05d-3243c24b9c2b",
                                            "state": {
                                                "id": "d4e8944a-6e8f-4d6e-a313-2228cfe9a567",
                                                "name": "CHITTAGONG"
                                            }
                                        },
                                        {
                                            "name": "RAMGARH",
                                            "id": "3a985352-6aac-42ca-9d46-0104299d9d5b",
                                            "state": {
                                                "id": "d4e8944a-6e8f-4d6e-a313-2228cfe9a567",
                                                "name": "CHITTAGONG"
                                            }
                                        }
                                    ]
                                },
                                {
                                    "id": "2bdb9cb8-429c-4c87-8651-44eb75bba39f",
                                    "name": "RANGAMATI",
                                    "upazilas": [
                                        {
                                            "name": "KAPTAI",
                                            "id": "b1e5c4ba-9a01-40d7-ae06-e2eff4512f64",
                                            "state": {
                                                "id": "d4e8944a-6e8f-4d6e-a313-2228cfe9a567",
                                                "name": "CHITTAGONG"
                                            }
                                        },
                                        {
                                            "name": "BELAICHHARI",
                                            "id": "66e451b0-a6e5-4797-ae4e-6e3337e8f656",
                                            "state": {
                                                "id": "d4e8944a-6e8f-4d6e-a313-2228cfe9a567",
                                                "name": "CHITTAGONG"
                                            }
                                        },
                                        {
                                            "name": "LANGADU",
                                            "id": "b0ec8354-8a29-4b89-b657-29036d5ff491",
                                            "state": {
                                                "id": "d4e8944a-6e8f-4d6e-a313-2228cfe9a567",
                                                "name": "CHITTAGONG"
                                            }
                                        },
                                        {
                                            "name": "BAGAICHHARI",
                                            "id": "ab30a268-d429-4a3b-ac46-d6b3962a9746",
                                            "state": {
                                                "id": "d4e8944a-6e8f-4d6e-a313-2228cfe9a567",
                                                "name": "CHITTAGONG"
                                            }
                                        },
                                        {
                                            "name": "BARKAL",
                                            "id": "07a7db0e-69ce-417d-8268-7bebb57c11ae",
                                            "state": {
                                                "id": "d4e8944a-6e8f-4d6e-a313-2228cfe9a567",
                                                "name": "CHITTAGONG"
                                            }
                                        },
                                        {
                                            "name": "KAUKHALI",
                                            "id": "303fd905-dc54-4d74-8371-dfc1f477bfc9",
                                            "state": {
                                                "id": "d4e8944a-6e8f-4d6e-a313-2228cfe9a567",
                                                "name": "CHITTAGONG"
                                            }
                                        },
                                        {
                                            "name": "RAJASTHALI",
                                            "id": "1fcbd368-6caa-4dbd-a9fa-2a00e89e77fc",
                                            "state": {
                                                "id": "d4e8944a-6e8f-4d6e-a313-2228cfe9a567",
                                                "name": "CHITTAGONG"
                                            }
                                        },
                                        {
                                            "name": "JURAICHHARI",
                                            "id": "3f4328c9-7b1e-40e9-ad79-d66389645310",
                                            "state": {
                                                "id": "d4e8944a-6e8f-4d6e-a313-2228cfe9a567",
                                                "name": "CHITTAGONG"
                                            }
                                        },
                                        {
                                            "name": "NANNERCHAR",
                                            "id": "fb57848d-e0b9-4051-816c-712fac450852",
                                            "state": {
                                                "id": "d4e8944a-6e8f-4d6e-a313-2228cfe9a567",
                                                "name": "CHITTAGONG"
                                            }
                                        },
                                        {
                                            "name": "RANGAMATI_SADAR",
                                            "id": "1f383e09-c643-4780-a625-02d83259cd37",
                                            "state": {
                                                "id": "d4e8944a-6e8f-4d6e-a313-2228cfe9a567",
                                                "name": "CHITTAGONG"
                                            }
                                        }
                                    ]
                                }
                            ]
                        },
                        {
                            "name": "Pakistan",
                            "id": "bc79ebd2-95a6-46e5-8ade-e7f494021b83",
                            "districts": [
                                
                            ]
                        },
                        {
                            "name": "India",
                            "id": "82ec6692-b098-4803-8cc0-8df58d65ed10",
                            "districts": [
                                
                            ]
                        }
                    ]
                }
            },
            {
                "id": "04c19ad3-d5fd-4432-be03-d0f3aa0bfef4",
                "region": {
                    "countries": [
                        {
                            "name": "Jordan",
                            "id": "57d77108-7390-4d8b-9175-09fa2278972f",
                            "districts": [
                                
                            ]
                        },
                        {
                            "name": "Yemen",
                            "id": "e36259b6-c350-4fdc-83dc-bfdbe04765d1",
                            "districts": [
                                
                            ]
                        },
                        {
                            "name": "Bahrain",
                            "id": "cb7d2601-26e1-4af4-b27c-1130bc908636",
                            "districts": [
                                
                            ]
                        },
                        {
                            "name": "Armenia",
                            "id": "8f0fda5d-e346-4016-8651-38bc0a9db13f",
                            "districts": [
                                
                            ]
                        },
                        {
                            "name": "Kuwait",
                            "id": "04c19ad3-d5fd-4432-be03-d0f3aa0bfef4",
                            "districts": [
                                
                            ]
                        },
                        {
                            "name": "United Arab Emirates",
                            "id": "191f578d-d3e2-49a4-803c-012c36fae6b8",
                            "districts": [
                                
                            ]
                        },
                        {
                            "name": "Lebanon",
                            "id": "7d6074eb-b44c-4e01-b064-9e67695b896b",
                            "districts": [
                                
                            ]
                        },
                        {
                            "name": "Singapore",
                            "id": "20786ba0-66e7-4c86-9e62-e27456f80ed0",
                            "districts": [
                                
                            ]
                        },
                        {
                            "name": "Palestine, State of",
                            "id": "c4dbf9dc-caad-4b9b-ab84-a178363717f4",
                            "districts": [
                                
                            ]
                        },
                        {
                            "name": "Syrian Arab Republic",
                            "id": "33760701-153e-4220-b9fa-ec4342d2f0e4",
                            "districts": [
                                
                            ]
                        },
                        {
                            "name": "Georgia",
                            "id": "371dea3e-0fa3-45de-898c-05dc08e4da37",
                            "districts": [
                                
                            ]
                        },
                        {
                            "name": "Oman",
                            "id": "ebba5457-cf3a-4c92-a296-c9304075a083",
                            "districts": [
                                
                            ]
                        },
                        {
                            "name": "Azerbaijan",
                            "id": "bf0dafd8-ebe6-4b98-86ab-ed8e16475794",
                            "districts": [
                                
                            ]
                        },
                        {
                            "name": "Philippines",
                            "id": "bd3959ff-aabe-46fa-ac07-055e8436407e",
                            "districts": [
                                
                            ]
                        },
                        {
                            "name": "Israel",
                            "id": "b9435680-f62e-4437-9179-0584ae6af227",
                            "districts": [
                                
                            ]
                        },
                        {
                            "name": "Turkey",
                            "id": "eb6d71b2-8583-4c12-9063-5439639e4817",
                            "districts": [
                                
                            ]
                        },
                        {
                            "name": "Qatar",
                            "id": "6bedb61d-4a24-414a-9ddd-adb4cc1cc389",
                            "districts": [
                                
                            ]
                        },
                        {
                            "name": "Cyprus",
                            "id": "9683b8ba-efbf-4e28-9a27-6d2108466189",
                            "districts": [
                                
                            ]
                        },
                        {
                            "name": "Iraq",
                            "id": "ea4c7ed2-9ce9-4151-9531-ff9af85def73",
                            "districts": [
                                
                            ]
                        },
                        {
                            "name": "Saudi Arabia",
                            "id": "b2d5c8d1-21a7-433a-a592-38268c29f913",
                            "districts": [
                                
                            ]
                        }
                    ]
                }
            },
            {
                "id": "46f6e154-7ea0-40e3-8ee2-68536a0b9e21",
                "region": {
                    "countries": [
                        {
                            "name": "China",
                            "id": "99cdf9ef-7a80-40f1-801d-e294d5f9ee36",
                            "districts": [
                                
                            ]
                        },
                        {
                            "name": "Taiwan, Province of China",
                            "id": "46f6e154-7ea0-40e3-8ee2-68536a0b9e21",
                            "districts": [
                                
                            ]
                        },
                        {
                            "name": "Korea, Republic of",
                            "id": "2f24ae19-b361-4fe6-ac53-fbe75f5485d8",
                            "districts": [
                                
                            ]
                        },
                        {
                            "name": "Malaysia",
                            "id": "bb3e3ec0-3c59-46a6-9573-195fa8dd3c9e",
                            "districts": [
                                
                            ]
                        },
                        {
                            "name": "Korea (Democratic People\"s Republic of)",
                            "id": "6f72ac2e-f7a5-44c0-8726-98f91e72d8e9",
                            "districts": [
                                
                            ]
                        },
                        {
                            "name": "Myanmar",
                            "id": "7f1e32bc-9aae-4cd7-bcad-9dc6082d4811",
                            "districts": [
                                
                            ]
                        },
                        {
                            "name": "Macao",
                            "id": "e89a54d0-98ab-4404-b546-b87cdfab5e6c",
                            "districts": [
                                
                            ]
                        },
                        {
                            "name": "Mongolia",
                            "id": "8ccf4e8b-f765-4707-aff1-cb36bcbf5fb9",
                            "districts": [
                                
                            ]
                        },
                        {
                            "name": "Japan",
                            "id": "b893cdb3-ce45-4ff8-8c82-d0e5728d4fab",
                            "districts": [
                                
                            ]
                        },
                        {
                            "name": "Hong Kong",
                            "id": "66af6153-77ae-41b1-90bc-93e5d9a30416",
                            "districts": [
                                
                            ]
                        }
                    ]
                }
            },
            {
                "id": "310ab811-40b5-48da-8a66-e7562f4cf9d1",
                "region": {
                    "countries": [
                        {
                            "name": "Angola",
                            "id": "5e9f919f-2d42-42ec-8b6c-adf7f7b3cd0b",
                            "districts": [
                                
                            ]
                        },
                        {
                            "name": "Cabo Verde",
                            "id": "e5489353-76dd-4d8d-b61e-d349c6356c68",
                            "districts": [
                                
                            ]
                        },
                        {
                            "name": "Mali",
                            "id": "dd9791d1-fea1-4b9d-9076-37e499de6307",
                            "districts": [
                                
                            ]
                        },
                        {
                            "name": "British Indian Ocean Territory",
                            "id": "20479535-b47b-41ba-8cab-b7024bd8ec82",
                            "districts": [
                                
                            ]
                        },
                        {
                            "name": "Gambia",
                            "id": "efec8f57-a2fb-4f95-b662-d72b21d301ed",
                            "districts": [
                                
                            ]
                        },
                        {
                            "name": "Zambia",
                            "id": "4992bec5-10a9-49df-ad13-69aa7cdcfef6",
                            "districts": [
                                
                            ]
                        },
                        {
                            "name": "Eswatini",
                            "id": "d044d249-e941-47bb-8fae-8cab328ca575",
                            "districts": [
                                
                            ]
                        },
                        {
                            "name": "Mayotte",
                            "id": "f4b83278-abe2-46f6-b0c0-50eceba9a35f",
                            "districts": [
                                
                            ]
                        },
                        {
                            "name": "Burundi",
                            "id": "310ab811-40b5-48da-8a66-e7562f4cf9d1",
                            "districts": [
                                
                            ]
                        },
                        {
                            "name": "Liberia",
                            "id": "86d6e276-b027-4cf8-ad4d-c4793b3425cf",
                            "districts": [
                                
                            ]
                        },
                        {
                            "name": "Mauritius",
                            "id": "a06fe50f-4ff3-483a-83c6-01ce4068ab36",
                            "districts": [
                                
                            ]
                        },
                        {
                            "name": "Sao Tome and Principe",
                            "id": "712df7d0-5d1b-401b-a832-911354b38baf",
                            "districts": [
                                
                            ]
                        },
                        {
                            "name": "Senegal",
                            "id": "990cb125-2ede-4648-b5d4-698d0e6ad712",
                            "districts": [
                                
                            ]
                        },
                        {
                            "name": "Botswana",
                            "id": "f177f103-59bd-4527-831e-101af0a373bd",
                            "districts": [
                                
                            ]
                        },
                        {
                            "name": "Rwanda",
                            "id": "5507db6a-9757-40e2-a498-f8cb8df70fb8",
                            "districts": [
                                
                            ]
                        },
                        {
                            "name": "Niger",
                            "id": "74150778-002b-4ca3-a064-41c5cad3f026",
                            "districts": [
                                
                            ]
                        },
                        {
                            "name": "Benin",
                            "id": "ec5d7439-de38-46d4-8a31-7b23b9525984",
                            "districts": [
                                
                            ]
                        },
                        {
                            "name": "Réunion",
                            "id": "e0f20522-cffc-4e66-8e7d-9334f35fce95",
                            "districts": [
                                
                            ]
                        },
                        {
                            "name": "South Africa",
                            "id": "9a7647d2-60ca-429d-90e5-905edaff872c",
                            "districts": [
                                
                            ]
                        },
                        {
                            "name": "Ghana",
                            "id": "9662349e-2c36-496a-83d5-6f746ae768a7",
                            "districts": [
                                
                            ]
                        },
                        {
                            "name": "Congo",
                            "id": "33c8a05e-4d63-49cd-a5f1-0f4a1d5ab13e",
                            "districts": [
                                
                            ]
                        },
                        {
                            "name": "Guinea-Bissau",
                            "id": "64d1845d-1963-40bc-a31b-1f45084f1644",
                            "districts": [
                                
                            ]
                        },
                        {
                            "name": "Togo",
                            "id": "9d383757-b95f-44da-b535-3887ed82679f",
                            "districts": [
                                
                            ]
                        },
                        {
                            "name": "Namibia",
                            "id": "cf9f295f-bf4c-4a8b-8738-53c6a9ed55b1",
                            "districts": [
                                
                            ]
                        },
                        {
                            "name": "Djibouti",
                            "id": "ba974fdc-3dea-4b6b-a2f3-34624faa59a7",
                            "districts": [
                                
                            ]
                        },
                        {
                            "name": "Gabon",
                            "id": "8f6be81f-6b58-4a61-b684-5c2d620a0e74",
                            "districts": [
                                
                            ]
                        },
                        {
                            "name": "Lesotho",
                            "id": "300752f4-088e-403c-95b0-7a670c09f8cc",
                            "districts": [
                                
                            ]
                        },
                        {
                            "name": "Madagascar",
                            "id": "eb4c5e71-f839-4f3c-8e93-49ef57f4fe8d",
                            "districts": [
                                
                            ]
                        },
                        {
                            "name": "Uganda",
                            "id": "b1693449-e104-47c0-94db-f55cc6c850d5",
                            "districts": [
                                
                            ]
                        },
                        {
                            "name": "Côte d\"Ivoire",
                            "id": "59276e01-0d64-487a-aec6-332ae91f9909",
                            "districts": [
                                
                            ]
                        },
                        {
                            "name": "Nigeria",
                            "id": "3c94aa61-055d-4c38-a40b-67dff395beda",
                            "districts": [
                                
                            ]
                        },
                        {
                            "name": "Zimbabwe",
                            "id": "bfbf9853-bae3-4e57-b7cd-1e9228e8b1f3",
                            "districts": [
                                
                            ]
                        },
                        {
                            "name": "Seychelles",
                            "id": "4c63d1f6-87ba-45f1-9414-eb22bfba46c2",
                            "districts": [
                                
                            ]
                        },
                        {
                            "name": "Cameroon",
                            "id": "0495fba0-693d-433a-a9ef-6bc2ccab6093",
                            "districts": [
                                
                            ]
                        },
                        {
                            "name": "Guinea",
                            "id": "eda1a6fb-f95b-4664-b352-8a468c499b34",
                            "districts": [
                                
                            ]
                        },
                        {
                            "name": "Kenya",
                            "id": "06702720-9c60-4210-8eed-8824f1cc80c2",
                            "districts": [
                                
                            ]
                        },
                        {
                            "name": "Mozambique",
                            "id": "df394703-b3a5-4d0f-aa33-db8b10ba29ab",
                            "districts": [
                                
                            ]
                        },
                        {
                            "name": "Saint Helena, Ascension and Tristan da Cunha",
                            "id": "e379e052-1704-4e98-b4fd-fdac7ca1f9a0",
                            "districts": [
                                
                            ]
                        },
                        {
                            "name": "Ethiopia",
                            "id": "77d5d6a2-5f01-41b8-b06d-88b9efc618f8",
                            "districts": [
                                
                            ]
                        },
                        {
                            "name": "Comoros",
                            "id": "ae0a4c53-9eea-4b4f-b7ab-98750eb58582",
                            "districts": [
                                
                            ]
                        },
                        {
                            "name": "Malawi",
                            "id": "31ffdf7e-d375-4c19-8b4c-6ac8e4486727",
                            "districts": [
                                
                            ]
                        },
                        {
                            "name": "Somalia",
                            "id": "630c356f-e198-4cd0-8e91-b29002c2aca7",
                            "districts": [
                                
                            ]
                        },
                        {
                            "name": "Congo, Democratic Republic of the",
                            "id": "55a5fe27-565c-4963-88c0-9a3ec24dea5c",
                            "districts": [
                                
                            ]
                        },
                        {
                            "name": "Equatorial Guinea",
                            "id": "9d2dd243-9754-4962-a556-6dbbf85b248a",
                            "districts": [
                                
                            ]
                        },
                        {
                            "name": "Chad",
                            "id": "4c4abd99-f4df-4fee-bac5-e2a1eef7ec0f",
                            "districts": [
                                
                            ]
                        },
                        {
                            "name": "Tanzania, United Republic of",
                            "id": "30d8662e-655f-43c8-b307-a2dc0046ebe5",
                            "districts": [
                                
                            ]
                        },
                        {
                            "name": "Sierra Leone",
                            "id": "e2135c5c-dfd3-4d44-b16f-0c29186836ce",
                            "districts": [
                                
                            ]
                        },
                        {
                            "name": "Eritrea",
                            "id": "bdd50ea2-c82d-44e8-b493-09892c245a6d",
                            "districts": [
                                
                            ]
                        },
                        {
                            "name": "Central African Republic",
                            "id": "59d2224e-e8a9-4e08-bf66-6ca50cf3d5e7",
                            "districts": [
                                
                            ]
                        },
                        {
                            "name": "South Sudan",
                            "id": "96e00183-809e-408c-b2f2-0042a6a8a8ba",
                            "districts": [
                                
                            ]
                        },
                        {
                            "name": "Mauritania",
                            "id": "780c64c4-cea5-4b78-85af-7be29c96025f",
                            "districts": [
                                
                            ]
                        },
                        {
                            "name": "Burkina Faso",
                            "id": "cedf0037-0cb1-4ad8-8a83-9ae64bc44992",
                            "districts": [
                                
                            ]
                        }
                    ]
                }
            },
            {
                "id": "1d4758ce-9410-46c2-9e4e-2c90c518f469",
                "region": {
                    "countries": [
                        {
                            "name": "Iran (Islamic Republic of)",
                            "id": "ea7eef91-f8f4-4603-b7a1-d7039e7033e6",
                            "districts": [
                                
                            ]
                        },
                        {
                            "name": "Sri Lanka",
                            "id": "63a03a51-55d6-4a05-91f9-4be04ceff568",
                            "districts": [
                                
                            ]
                        },
                        {
                            "name": "Cambodia",
                            "id": "1c1d7b9c-1af3-4247-9393-6ab5275ed775",
                            "districts": [
                                
                            ]
                        },
                        {
                            "name": "Indonesia",
                            "id": "a0e90a76-7360-4e64-874a-b88b33bff1c6",
                            "districts": [
                                
                            ]
                        },
                        {
                            "name": "Afghanistan",
                            "id": "1d4758ce-9410-46c2-9e4e-2c90c518f469",
                            "districts": [
                                
                            ]
                        },
                        {
                            "name": "Bhutan",
                            "id": "26ac5483-9a31-41bd-b79e-6c82c30cbd75",
                            "districts": [
                                
                            ]
                        },
                        {
                            "name": "Brunei Darussalam",
                            "id": "218b444b-0354-46bd-b768-b8d48eb632e1",
                            "districts": [
                                
                            ]
                        },
                        {
                            "name": "Maldives",
                            "id": "b0305117-6406-4e3f-bd9c-54999c52fd51",
                            "districts": [
                                
                            ]
                        },
                        {
                            "name": "Nepal",
                            "id": "74ec24a7-5308-4b97-890a-a1b2602ab430",
                            "districts": [
                                
                            ]
                        },
                        {
                            "name": "Bangladesh",
                            "id": "6bd284f1-2216-4efc-a80e-218a56731a50",
                            "districts": [
                                {
                                    "id": "052bb7cb-fa24-4e4e-8a1c-c8b5770f81be",
                                    "name": "BARISHAL",
                                    "upazilas": [
                                        {
                                            "name": "AGAILJHARA",
                                            "id": "a87e5293-71fd-4928-a4bc-3fc87b741bd6",
                                            "state": {
                                                "id": "5cbbb439-96e7-4f60-bf2f-abddd0d03e7e",
                                                "name": "BARISAL"
                                            }
                                        },
                                        {
                                            "name": "WAZIRPUR",
                                            "id": "69a7ae9a-af80-4721-8fa7-390bc7a9f056",
                                            "state": {
                                                "id": "5cbbb439-96e7-4f60-bf2f-abddd0d03e7e",
                                                "name": "BARISAL"
                                            }
                                        },
                                        {
                                            "name": "BANARIPARA",
                                            "id": "a1098f6d-e20c-46ff-a695-71d38485dfcd",
                                            "state": {
                                                "id": "5cbbb439-96e7-4f60-bf2f-abddd0d03e7e",
                                                "name": "BARISAL"
                                            }
                                        },
                                        {
                                            "name": "GAURNADI",
                                            "id": "e054f2d4-ba21-423c-8ce2-8790fd3e96e7",
                                            "state": {
                                                "id": "5cbbb439-96e7-4f60-bf2f-abddd0d03e7e",
                                                "name": "BARISAL"
                                            }
                                        },
                                        {
                                            "name": "HIZLA",
                                            "id": "25dc6a64-73d1-41c4-a7a6-3499e419ee76",
                                            "state": {
                                                "id": "5cbbb439-96e7-4f60-bf2f-abddd0d03e7e",
                                                "name": "BARISAL"
                                            }
                                        },
                                        {
                                            "name": "BARISAL_SADAR",
                                            "id": "3e841942-1acf-40d5-a8f8-e76fccbce201",
                                            "state": {
                                                "id": "5cbbb439-96e7-4f60-bf2f-abddd0d03e7e",
                                                "name": "BARISAL"
                                            }
                                        },
                                        {
                                            "name": "BAKERGANJ",
                                            "id": "898bb968-893a-4791-984c-303c28eee8d1",
                                            "state": {
                                                "id": "5cbbb439-96e7-4f60-bf2f-abddd0d03e7e",
                                                "name": "BARISAL"
                                            }
                                        },
                                        {
                                            "name": "BABUGANJ",
                                            "id": "4ecbd185-acfc-4406-8fd6-b3d94387bea9",
                                            "state": {
                                                "id": "5cbbb439-96e7-4f60-bf2f-abddd0d03e7e",
                                                "name": "BARISAL"
                                            }
                                        },
                                        {
                                            "name": "MEHENDIGANJ",
                                            "id": "4f5b876b-a14d-462f-8cea-0b63aa50a888",
                                            "state": {
                                                "id": "5cbbb439-96e7-4f60-bf2f-abddd0d03e7e",
                                                "name": "BARISAL"
                                            }
                                        },
                                        {
                                            "name": "MULADI",
                                            "id": "0084331b-30ca-4576-8b66-503c7b6a2d0c",
                                            "state": {
                                                "id": "5cbbb439-96e7-4f60-bf2f-abddd0d03e7e",
                                                "name": "BARISAL"
                                            }
                                        }
                                    ]
                                },
                                {
                                    "id": "01836026-20ee-4e28-9585-6bde8c8f98a1",
                                    "name": "KURIGRAM",
                                    "upazilas": [
                                        {
                                            "name": "KURIGRAM_SADAR",
                                            "id": "33b43668-894e-4861-a340-9ab38cfac767",
                                            "state": {
                                                "id": "b8c19906-b4fc-4745-ac93-af957934136b",
                                                "name": "RANGPUR"
                                            }
                                        },
                                        {
                                            "name": "BHURUNGAMARI",
                                            "id": "bd6a746c-8e29-4546-9bde-fe70e7c0b1d4",
                                            "state": {
                                                "id": "b8c19906-b4fc-4745-ac93-af957934136b",
                                                "name": "RANGPUR"
                                            }
                                        },
                                        {
                                            "name": "ULIPUR",
                                            "id": "114b95ad-d7c1-4805-addc-2034bc68d133",
                                            "state": {
                                                "id": "b8c19906-b4fc-4745-ac93-af957934136b",
                                                "name": "RANGPUR"
                                            }
                                        },
                                        {
                                            "name": "CHILMARI",
                                            "id": "b74d834a-c4df-4c64-b08b-00fb86c416bd",
                                            "state": {
                                                "id": "b8c19906-b4fc-4745-ac93-af957934136b",
                                                "name": "RANGPUR"
                                            }
                                        },
                                        {
                                            "name": "NAGESHWARI",
                                            "id": "3c5107f8-412a-47a6-a593-75a1577a2fae",
                                            "state": {
                                                "id": "b8c19906-b4fc-4745-ac93-af957934136b",
                                                "name": "RANGPUR"
                                            }
                                        },
                                        {
                                            "name": "RAJARHAT",
                                            "id": "abfb1886-a2ea-4887-afc3-60cc1d194b6e",
                                            "state": {
                                                "id": "b8c19906-b4fc-4745-ac93-af957934136b",
                                                "name": "RANGPUR"
                                            }
                                        },
                                        {
                                            "name": "PHULBARI",
                                            "id": "3580569a-211a-4991-9e10-f52fd97543a6",
                                            "state": {
                                                "id": "b8c19906-b4fc-4745-ac93-af957934136b",
                                                "name": "RANGPUR"
                                            }
                                        },
                                        {
                                            "name": "CHAR RAJIBPUR",
                                            "id": "7d27e425-d2d2-45a9-b7c9-188e05810c0d",
                                            "state": {
                                                "id": "b8c19906-b4fc-4745-ac93-af957934136b",
                                                "name": "RANGPUR"
                                            }
                                        },
                                        {
                                            "name": "ROWMARI",
                                            "id": "290ffa52-6bbb-4482-a054-ce4aff5f6930",
                                            "state": {
                                                "id": "b8c19906-b4fc-4745-ac93-af957934136b",
                                                "name": "RANGPUR"
                                            }
                                        }
                                    ]
                                },
                                {
                                    "id": "2fb6985f-ccb2-4004-89ac-b5b0de520533",
                                    "name": "DINAJPUR",
                                    "upazilas": [
                                        {
                                            "name": "KAHAROLE",
                                            "id": "55d8d92d-d612-4226-b008-60b84b7b8253",
                                            "state": {
                                                "id": "b8c19906-b4fc-4745-ac93-af957934136b",
                                                "name": "RANGPUR"
                                            }
                                        },
                                        {
                                            "name": "PARBATIPUR",
                                            "id": "6f58194a-7690-4ce0-b14e-bea704af6ee5",
                                            "state": {
                                                "id": "b8c19906-b4fc-4745-ac93-af957934136b",
                                                "name": "RANGPUR"
                                            }
                                        },
                                        {
                                            "name": "HAKIMPUR",
                                            "id": "cc45cab8-96dc-43c5-bbc1-040e75736c03",
                                            "state": {
                                                "id": "b8c19906-b4fc-4745-ac93-af957934136b",
                                                "name": "RANGPUR"
                                            }
                                        },
                                        {
                                            "name": "BIRGANJ",
                                            "id": "9afaa410-ddfd-44d2-95d3-d6cfb030acd7",
                                            "state": {
                                                "id": "b8c19906-b4fc-4745-ac93-af957934136b",
                                                "name": "RANGPUR"
                                            }
                                        },
                                        {
                                            "name": "BIRAL",
                                            "id": "a44acb60-2b84-4fbb-b73e-6030542fed2d",
                                            "state": {
                                                "id": "b8c19906-b4fc-4745-ac93-af957934136b",
                                                "name": "RANGPUR"
                                            }
                                        },
                                        {
                                            "name": "BIRAMPUR",
                                            "id": "5a316d35-7488-4a04-b718-819caf81d849",
                                            "state": {
                                                "id": "b8c19906-b4fc-4745-ac93-af957934136b",
                                                "name": "RANGPUR"
                                            }
                                        },
                                        {
                                            "name": "GHORAGHAT",
                                            "id": "5ea22106-1cb9-47de-8a20-28fdcf292598",
                                            "state": {
                                                "id": "b8c19906-b4fc-4745-ac93-af957934136b",
                                                "name": "RANGPUR"
                                            }
                                        },
                                        {
                                            "name": "KHANSAMA",
                                            "id": "0561e004-20dc-4efd-b2e3-4e1c48d86971",
                                            "state": {
                                                "id": "b8c19906-b4fc-4745-ac93-af957934136b",
                                                "name": "RANGPUR"
                                            }
                                        },
                                        {
                                            "name": "DINAJPUR_SADAR",
                                            "id": "e9d6959d-bf05-490a-a95d-6327f93c17b3",
                                            "state": {
                                                "id": "b8c19906-b4fc-4745-ac93-af957934136b",
                                                "name": "RANGPUR"
                                            }
                                        },
                                        {
                                            "name": "BOCHAGANJ",
                                            "id": "526f5997-d4ab-45f7-af53-6fcd25c1d1dc",
                                            "state": {
                                                "id": "b8c19906-b4fc-4745-ac93-af957934136b",
                                                "name": "RANGPUR"
                                            }
                                        },
                                        {
                                            "name": "CHIRIRBANDAR",
                                            "id": "d371b6be-98e7-44ec-98bb-4e3d06f4fd6c",
                                            "state": {
                                                "id": "b8c19906-b4fc-4745-ac93-af957934136b",
                                                "name": "RANGPUR"
                                            }
                                        },
                                        {
                                            "name": "NAWABGANJ",
                                            "id": "802bf9ac-1597-4c30-94cc-51b1e5cd9941",
                                            "state": {
                                                "id": "b8c19906-b4fc-4745-ac93-af957934136b",
                                                "name": "RANGPUR"
                                            }
                                        }
                                    ]
                                },
                                {
                                    "id": "fcbaee9a-6c04-4a77-a2a8-8ee8f0c812a8",
                                    "name": "BAGERHAT",
                                    "upazilas": [
                                        {
                                            "name": "FAKIRHAT",
                                            "id": "23926ee4-dec3-4ba8-aab6-eee9f7003126",
                                            "state": {
                                                "id": "642a6748-942f-473d-96c6-a6c1b2e00e05",
                                                "name": "KHULNA"
                                            }
                                        },
                                        {
                                            "name": "MORRELGANJ",
                                            "id": "c322b9de-9e52-471a-9642-0c7f9510e303",
                                            "state": {
                                                "id": "642a6748-942f-473d-96c6-a6c1b2e00e05",
                                                "name": "KHULNA"
                                            }
                                        },
                                        {
                                            "name": "RAMPAL",
                                            "id": "687c1175-6f6f-459a-aa56-50ea55ab1852",
                                            "state": {
                                                "id": "642a6748-942f-473d-96c6-a6c1b2e00e05",
                                                "name": "KHULNA"
                                            }
                                        },
                                        {
                                            "name": "MOLLAHAT",
                                            "id": "2a18a82f-5a29-4ec1-b383-bb00faf2f958",
                                            "state": {
                                                "id": "642a6748-942f-473d-96c6-a6c1b2e00e05",
                                                "name": "KHULNA"
                                            }
                                        },
                                        {
                                            "name": "MONGLA",
                                            "id": "4ce72789-eebe-4554-ac41-6e94b6a205d5",
                                            "state": {
                                                "id": "642a6748-942f-473d-96c6-a6c1b2e00e05",
                                                "name": "KHULNA"
                                            }
                                        },
                                        {
                                            "name": "CHITALMARI",
                                            "id": "a6c2a70a-e1dd-4565-9eb4-5a84dfd76d36",
                                            "state": {
                                                "id": "642a6748-942f-473d-96c6-a6c1b2e00e05",
                                                "name": "KHULNA"
                                            }
                                        },
                                        {
                                            "name": "SARANKHOLA",
                                            "id": "29e1d269-c6ca-461f-b8bc-b2cf623b2ed4",
                                            "state": {
                                                "id": "642a6748-942f-473d-96c6-a6c1b2e00e05",
                                                "name": "KHULNA"
                                            }
                                        },
                                        {
                                            "name": "KACHUA",
                                            "id": "458438b9-a371-4d34-a429-9ffc72c4bb5a",
                                            "state": {
                                                "id": "642a6748-942f-473d-96c6-a6c1b2e00e05",
                                                "name": "KHULNA"
                                            }
                                        },
                                        {
                                            "name": "BAGERHAT_SADAR",
                                            "id": "8929c669-4c91-4c08-a279-2b61b2b657cb",
                                            "state": {
                                                "id": "642a6748-942f-473d-96c6-a6c1b2e00e05",
                                                "name": "KHULNA"
                                            }
                                        }
                                    ]
                                },
                                {
                                    "id": "8be8ad99-4257-4c89-bc9f-3fd5b54ea42c",
                                    "name": "BARGUNA",
                                    "upazilas": [
                                        {
                                            "name": "BAMNA",
                                            "id": "0becbad0-8054-48ff-8804-70caef441fbc",
                                            "state": {
                                                "id": "5cbbb439-96e7-4f60-bf2f-abddd0d03e7e",
                                                "name": "BARISAL"
                                            }
                                        },
                                        {
                                            "name": "BARGUNA_SADAR",
                                            "id": "6c8d9659-3f6b-4572-89f6-877db489fb8e",
                                            "state": {
                                                "id": "5cbbb439-96e7-4f60-bf2f-abddd0d03e7e",
                                                "name": "BARISAL"
                                            }
                                        },
                                        {
                                            "name": "BETAGI",
                                            "id": "e84e7c7f-d62f-4111-ac9c-6a758d874fa4",
                                            "state": {
                                                "id": "5cbbb439-96e7-4f60-bf2f-abddd0d03e7e",
                                                "name": "BARISAL"
                                            }
                                        },
                                        {
                                            "name": "AMTALI",
                                            "id": "2061f193-da04-4462-ae2c-7d54a60c9790",
                                            "state": {
                                                "id": "5cbbb439-96e7-4f60-bf2f-abddd0d03e7e",
                                                "name": "BARISAL"
                                            }
                                        },
                                        {
                                            "name": "PATHARGHATA",
                                            "id": "1f651fda-0eb3-4efe-b2a1-751c1dbefb4b",
                                            "state": {
                                                "id": "5cbbb439-96e7-4f60-bf2f-abddd0d03e7e",
                                                "name": "BARISAL"
                                            }
                                        },
                                        {
                                            "name": "TALTALI",
                                            "id": "b6d60b5e-b58e-46be-8b53-370a5bdfe5f4",
                                            "state": {
                                                "id": "5cbbb439-96e7-4f60-bf2f-abddd0d03e7e",
                                                "name": "BARISAL"
                                            }
                                        }
                                    ]
                                },
                                {
                                    "id": "9966ea0c-b228-4955-bb2d-07a5095b2645",
                                    "name": "NATORE",
                                    "upazilas": [
                                        {
                                            "name": "NATORE_SADAR",
                                            "id": "ad6a8021-7b0f-4611-86dd-9522ae859ec2",
                                            "state": {
                                                "id": "d68c68d2-108e-4635-93d1-28c44525f178",
                                                "name": "RAJSHAHI"
                                            }
                                        },
                                        {
                                            "name": "BAGATIPARA",
                                            "id": "8c4fd017-e1a2-46b6-a5e7-4118456a6b1d",
                                            "state": {
                                                "id": "d68c68d2-108e-4635-93d1-28c44525f178",
                                                "name": "RAJSHAHI"
                                            }
                                        },
                                        {
                                            "name": "BARAIGRAM",
                                            "id": "b437a240-a56d-4fcf-8f7b-949ab16dd31d",
                                            "state": {
                                                "id": "d68c68d2-108e-4635-93d1-28c44525f178",
                                                "name": "RAJSHAHI"
                                            }
                                        },
                                        {
                                            "name": "LALPUR",
                                            "id": "b21e478e-7b5e-4c3d-b3a0-cf4e1ba07aac",
                                            "state": {
                                                "id": "d68c68d2-108e-4635-93d1-28c44525f178",
                                                "name": "RAJSHAHI"
                                            }
                                        }
                                    ]
                                },
                                {
                                    "id": "e84d4380-c4bb-4228-88c5-d82e8c1b0865",
                                    "name": "TANGAIL",
                                    "upazilas": [
                                        {
                                            "name": "TANGAIL_SADAR",
                                            "id": "2e5d24da-b036-45be-892b-7f296d666c78",
                                            "state": {
                                                "id": "9c75a95b-9f42-4ca9-a152-78c492590a6f",
                                                "name": "DHAKA"
                                            }
                                        },
                                        {
                                            "name": "DHANBARI",
                                            "id": "1456c986-adde-41d1-a0b0-403604bc0d93",
                                            "state": {
                                                "id": "9c75a95b-9f42-4ca9-a152-78c492590a6f",
                                                "name": "DHAKA"
                                            }
                                        },
                                        {
                                            "name": "DELDUAR",
                                            "id": "3a4c7f79-c00e-49e1-abac-816ed50dc3fb",
                                            "state": {
                                                "id": "9c75a95b-9f42-4ca9-a152-78c492590a6f",
                                                "name": "DHAKA"
                                            }
                                        },
                                        {
                                            "name": "GOPALPUR",
                                            "id": "b2a571f1-2242-424d-9023-7f0f25fd2bb8",
                                            "state": {
                                                "id": "9c75a95b-9f42-4ca9-a152-78c492590a6f",
                                                "name": "DHAKA"
                                            }
                                        },
                                        {
                                            "name": "BASAIL",
                                            "id": "eb604fd4-90f1-40e4-9519-d5a7ca445bfc",
                                            "state": {
                                                "id": "9c75a95b-9f42-4ca9-a152-78c492590a6f",
                                                "name": "DHAKA"
                                            }
                                        },
                                        {
                                            "name": "MIRZAPUR",
                                            "id": "124001b8-78ca-48ce-bbb6-47b461c63063",
                                            "state": {
                                                "id": "9c75a95b-9f42-4ca9-a152-78c492590a6f",
                                                "name": "DHAKA"
                                            }
                                        },
                                        {
                                            "name": "NAGARPUR",
                                            "id": "6cfd02f6-756a-4b9b-85ed-04258d99ca07",
                                            "state": {
                                                "id": "9c75a95b-9f42-4ca9-a152-78c492590a6f",
                                                "name": "DHAKA"
                                            }
                                        },
                                        {
                                            "name": "MADHUPUR",
                                            "id": "21165dd7-b75c-44fb-9e86-4460f532083b",
                                            "state": {
                                                "id": "9c75a95b-9f42-4ca9-a152-78c492590a6f",
                                                "name": "DHAKA"
                                            }
                                        },
                                        {
                                            "name": "BHUAPUR",
                                            "id": "5b9c7e29-0e43-4850-8dca-91a74dab06df",
                                            "state": {
                                                "id": "9c75a95b-9f42-4ca9-a152-78c492590a6f",
                                                "name": "DHAKA"
                                            }
                                        },
                                        {
                                            "name": "GHATAIL",
                                            "id": "6a30d344-ac16-4257-acae-53a8f5a3b49f",
                                            "state": {
                                                "id": "9c75a95b-9f42-4ca9-a152-78c492590a6f",
                                                "name": "DHAKA"
                                            }
                                        },
                                        {
                                            "name": "KALIHATI",
                                            "id": "efef7a8d-28a7-4a48-aeb2-9cc9c9785e37",
                                            "state": {
                                                "id": "9c75a95b-9f42-4ca9-a152-78c492590a6f",
                                                "name": "DHAKA"
                                            }
                                        },
                                        {
                                            "name": "SAKHIPUR",
                                            "id": "86572e49-e51d-4de7-a0d1-26c5bc008a97",
                                            "state": {
                                                "id": "9c75a95b-9f42-4ca9-a152-78c492590a6f",
                                                "name": "DHAKA"
                                            }
                                        }
                                    ]
                                },
                                {
                                    "id": "68d1c1a6-79cf-4614-af26-9c92f954a31f",
                                    "name": "JOYPURHAT",
                                    "upazilas": [
                                        {
                                            "name": "JOYPURHAT S",
                                            "id": "ef9c918e-c776-452b-a9c6-1626f887ed68",
                                            "state": {
                                                "id": "d68c68d2-108e-4635-93d1-28c44525f178",
                                                "name": "RAJSHAHI"
                                            }
                                        },
                                        {
                                            "name": "PANCHBIBI",
                                            "id": "3f918cbc-453d-4529-8bc7-54ea7d192610",
                                            "state": {
                                                "id": "d68c68d2-108e-4635-93d1-28c44525f178",
                                                "name": "RAJSHAHI"
                                            }
                                        },
                                        {
                                            "name": "KALAI",
                                            "id": "06ae58bb-d069-40da-a952-6f345ddaa58d",
                                            "state": {
                                                "id": "d68c68d2-108e-4635-93d1-28c44525f178",
                                                "name": "RAJSHAHI"
                                            }
                                        },
                                        {
                                            "name": "KHETLAL",
                                            "id": "1608a3cd-70aa-46ef-8424-3bcb6f1d83bc",
                                            "state": {
                                                "id": "d68c68d2-108e-4635-93d1-28c44525f178",
                                                "name": "RAJSHAHI"
                                            }
                                        },
                                        {
                                            "name": "AKKELPUR",
                                            "id": "74242c78-e84f-4f42-a882-039391447f6c",
                                            "state": {
                                                "id": "d68c68d2-108e-4635-93d1-28c44525f178",
                                                "name": "RAJSHAHI"
                                            }
                                        }
                                    ]
                                },
                                {
                                    "id": "554b09c8-da48-4e22-ad26-491dde9c455b",
                                    "name": "SATKHIRA",
                                    "upazilas": [
                                        {
                                            "name": "ASSASUNI",
                                            "id": "70a2a525-3a4e-4a75-93b6-0751526ae9fd",
                                            "state": {
                                                "id": "642a6748-942f-473d-96c6-a6c1b2e00e05",
                                                "name": "KHULNA"
                                            }
                                        },
                                        {
                                            "name": "SATKHIRA_SADAR",
                                            "id": "18bd63e5-67e7-417f-a94b-eace376e3c53",
                                            "state": {
                                                "id": "642a6748-942f-473d-96c6-a6c1b2e00e05",
                                                "name": "KHULNA"
                                            }
                                        },
                                        {
                                            "name": "KALAROA",
                                            "id": "2bbc4bea-0602-45d5-b8a7-347875b3e0c5",
                                            "state": {
                                                "id": "642a6748-942f-473d-96c6-a6c1b2e00e05",
                                                "name": "KHULNA"
                                            }
                                        },
                                        {
                                            "name": "DEBHATA",
                                            "id": "43ab5450-3fdf-48c5-af62-8eb39cc6bdbd",
                                            "state": {
                                                "id": "642a6748-942f-473d-96c6-a6c1b2e00e05",
                                                "name": "KHULNA"
                                            }
                                        },
                                        {
                                            "name": "SHYAMNAGAR",
                                            "id": "6c225dcc-fb72-4c69-8842-9e24ca8893b3",
                                            "state": {
                                                "id": "642a6748-942f-473d-96c6-a6c1b2e00e05",
                                                "name": "KHULNA"
                                            }
                                        },
                                        {
                                            "name": "TALA",
                                            "id": "9ba03b6b-a81e-460f-bc16-4070cf8853ce",
                                            "state": {
                                                "id": "642a6748-942f-473d-96c6-a6c1b2e00e05",
                                                "name": "KHULNA"
                                            }
                                        }
                                    ]
                                },
                                {
                                    "id": "8532a8c6-657b-43bc-8ed5-bd8d6ff60ace",
                                    "name": "RAJSHAHI",
                                    "upazilas": [
                                        {
                                            "name": "BAGMARA",
                                            "id": "f2ede638-eab8-4f99-8c6b-a210e841fd1d",
                                            "state": {
                                                "id": "d68c68d2-108e-4635-93d1-28c44525f178",
                                                "name": "RAJSHAHI"
                                            }
                                        },
                                        {
                                            "name": "MOHANPUR",
                                            "id": "7aaac890-91b5-403e-9e63-c3d143b36684",
                                            "state": {
                                                "id": "d68c68d2-108e-4635-93d1-28c44525f178",
                                                "name": "RAJSHAHI"
                                            }
                                        },
                                        {
                                            "name": "BAGHA",
                                            "id": "239db35c-a47a-4654-aa45-5b23ce80c442",
                                            "state": {
                                                "id": "d68c68d2-108e-4635-93d1-28c44525f178",
                                                "name": "RAJSHAHI"
                                            }
                                        },
                                        {
                                            "name": "GODAGARI",
                                            "id": "05d823af-b4fc-4dc6-a7c3-1327766addc8",
                                            "state": {
                                                "id": "d68c68d2-108e-4635-93d1-28c44525f178",
                                                "name": "RAJSHAHI"
                                            }
                                        },
                                        {
                                            "name": "PABA",
                                            "id": "7c7f7c74-c68b-4b89-b932-d8a3239bf9b7",
                                            "state": {
                                                "id": "d68c68d2-108e-4635-93d1-28c44525f178",
                                                "name": "RAJSHAHI"
                                            }
                                        },
                                        {
                                            "name": "TANORE",
                                            "id": "58c5cea6-ca41-4a91-a5fa-b9a5934401ac",
                                            "state": {
                                                "id": "d68c68d2-108e-4635-93d1-28c44525f178",
                                                "name": "RAJSHAHI"
                                            }
                                        },
                                        {
                                            "name": "CHARGHAT",
                                            "id": "aff4647e-2079-4cce-97b0-101fc74ae51b",
                                            "state": {
                                                "id": "d68c68d2-108e-4635-93d1-28c44525f178",
                                                "name": "RAJSHAHI"
                                            }
                                        },
                                        {
                                            "name": "DURGAPUR",
                                            "id": "4223b078-975d-44e9-9365-245f0cb05789",
                                            "state": {
                                                "id": "d68c68d2-108e-4635-93d1-28c44525f178",
                                                "name": "RAJSHAHI"
                                            }
                                        },
                                        {
                                            "name": "PUTHIA",
                                            "id": "2d476069-1315-4416-b9be-a0b422700c68",
                                            "state": {
                                                "id": "d68c68d2-108e-4635-93d1-28c44525f178",
                                                "name": "RAJSHAHI"
                                            }
                                        }
                                    ]
                                },
                                {
                                    "id": "d5260be7-24e7-4c50-9a49-0796cb51b216",
                                    "name": "CUMILLA",
                                    "upazilas": [
                                        {
                                            "name": "DAUDKANDI",
                                            "id": "c1e10c6b-deab-42cb-bdc5-c11244fff880",
                                            "state": {
                                                "id": "d4e8944a-6e8f-4d6e-a313-2228cfe9a567",
                                                "name": "CHITTAGONG"
                                            }
                                        },
                                        {
                                            "name": "DEBIDWAR",
                                            "id": "8226c704-027a-489c-abef-9a3758b49617",
                                            "state": {
                                                "id": "d4e8944a-6e8f-4d6e-a313-2228cfe9a567",
                                                "name": "CHITTAGONG"
                                            }
                                        },
                                        {
                                            "name": "BURICHONG",
                                            "id": "e6684874-0ce5-4f73-9eed-7b72049acf8d",
                                            "state": {
                                                "id": "d4e8944a-6e8f-4d6e-a313-2228cfe9a567",
                                                "name": "CHITTAGONG"
                                            }
                                        },
                                        {
                                            "name": "TITAS",
                                            "id": "b224fbca-58dd-4a13-a2bf-ac01636994e2",
                                            "state": {
                                                "id": "d4e8944a-6e8f-4d6e-a313-2228cfe9a567",
                                                "name": "CHITTAGONG"
                                            }
                                        },
                                        {
                                            "name": "CHANDINA",
                                            "id": "a5e4309c-694a-4781-aa98-f8ec016e4109",
                                            "state": {
                                                "id": "d4e8944a-6e8f-4d6e-a313-2228cfe9a567",
                                                "name": "CHITTAGONG"
                                            }
                                        },
                                        {
                                            "name": "LAKSAM",
                                            "id": "bca6900f-c079-4d77-8616-cd4416f42061",
                                            "state": {
                                                "id": "d4e8944a-6e8f-4d6e-a313-2228cfe9a567",
                                                "name": "CHITTAGONG"
                                            }
                                        },
                                        {
                                            "name": "BARURA",
                                            "id": "8d377f34-bb0c-4aca-82d3-fc9f396451e0",
                                            "state": {
                                                "id": "d4e8944a-6e8f-4d6e-a313-2228cfe9a567",
                                                "name": "CHITTAGONG"
                                            }
                                        },
                                        {
                                            "name": "MURADNAGAR",
                                            "id": "d088b585-95a1-4fac-86b4-0e3b436570d4",
                                            "state": {
                                                "id": "d4e8944a-6e8f-4d6e-a313-2228cfe9a567",
                                                "name": "CHITTAGONG"
                                            }
                                        },
                                        {
                                            "name": "MEGHNA",
                                            "id": "c0cfe679-e617-4907-ae22-20e0a4dd494b",
                                            "state": {
                                                "id": "d4e8944a-6e8f-4d6e-a313-2228cfe9a567",
                                                "name": "CHITTAGONG"
                                            }
                                        },
                                        {
                                            "name": "BRAHMANPARA",
                                            "id": "f35b2456-9e76-487c-a998-b51eb7a6eae4",
                                            "state": {
                                                "id": "d4e8944a-6e8f-4d6e-a313-2228cfe9a567",
                                                "name": "CHITTAGONG"
                                            }
                                        },
                                        {
                                            "name": "COMILLA_SADAR",
                                            "id": "6abbbc95-fa39-49c4-8127-1453fe90181c",
                                            "state": {
                                                "id": "d4e8944a-6e8f-4d6e-a313-2228cfe9a567",
                                                "name": "CHITTAGONG"
                                            }
                                        },
                                        {
                                            "name": "NANGALKOT",
                                            "id": "e9e0cac7-f5dd-44d5-b1e9-9e9e1166c478",
                                            "state": {
                                                "id": "d4e8944a-6e8f-4d6e-a313-2228cfe9a567",
                                                "name": "CHITTAGONG"
                                            }
                                        },
                                        {
                                            "name": "CHAUDDAGRAM",
                                            "id": "7c9eac52-0e2e-4867-b2ee-7c4cf3a1c643",
                                            "state": {
                                                "id": "d4e8944a-6e8f-4d6e-a313-2228cfe9a567",
                                                "name": "CHITTAGONG"
                                            }
                                        },
                                        {
                                            "name": "COMILLA_SADAR SOUTH",
                                            "id": "a8ea2db4-ee9b-4340-8537-83cd622292c2",
                                            "state": {
                                                "id": "d4e8944a-6e8f-4d6e-a313-2228cfe9a567",
                                                "name": "CHITTAGONG"
                                            }
                                        },
                                        {
                                            "name": "MONOHORGONJ",
                                            "id": "eabcbd1f-9f0e-494c-b8a3-16301fd6fa10",
                                            "state": {
                                                "id": "d4e8944a-6e8f-4d6e-a313-2228cfe9a567",
                                                "name": "CHITTAGONG"
                                            }
                                        },
                                        {
                                            "name": "HOMNA",
                                            "id": "07582306-d3c1-4cb1-b07e-23d0a4d62a5f",
                                            "state": {
                                                "id": "d4e8944a-6e8f-4d6e-a313-2228cfe9a567",
                                                "name": "CHITTAGONG"
                                            }
                                        }
                                    ]
                                },
                                {
                                    "id": "272e4693-e399-466a-b021-6728909093d3",
                                    "name": "BRAHMANBARIA",
                                    "upazilas": [
                                        {
                                            "name": "KASBA",
                                            "id": "4498e76d-1d3f-48af-9194-032e8d236b61",
                                            "state": {
                                                "id": "d4e8944a-6e8f-4d6e-a313-2228cfe9a567",
                                                "name": "CHITTAGONG"
                                            }
                                        },
                                        {
                                            "name": "BRAHMANBARIA_SADAR",
                                            "id": "4f269d37-5f46-460f-b145-ada17379cbfc",
                                            "state": {
                                                "id": "d4e8944a-6e8f-4d6e-a313-2228cfe9a567",
                                                "name": "CHITTAGONG"
                                            }
                                        },
                                        {
                                            "name": "ASHUGANJ",
                                            "id": "e5395c84-18d2-4543-a6ec-a707cfe81bcc",
                                            "state": {
                                                "id": "d4e8944a-6e8f-4d6e-a313-2228cfe9a567",
                                                "name": "CHITTAGONG"
                                            }
                                        },
                                        {
                                            "name": "BIJOYNAGAR",
                                            "id": "947631d1-8146-4df8-ae1e-4d04e7595de6",
                                            "state": {
                                                "id": "d4e8944a-6e8f-4d6e-a313-2228cfe9a567",
                                                "name": "CHITTAGONG"
                                            }
                                        },
                                        {
                                            "name": "BANCHARAMPUR",
                                            "id": "0db8bac6-d7d0-4100-869e-41ebe3eb92cd",
                                            "state": {
                                                "id": "d4e8944a-6e8f-4d6e-a313-2228cfe9a567",
                                                "name": "CHITTAGONG"
                                            }
                                        },
                                        {
                                            "name": "AKHAURA",
                                            "id": "5a302ebb-61a8-4e8c-8b59-6a7a49a7b201",
                                            "state": {
                                                "id": "d4e8944a-6e8f-4d6e-a313-2228cfe9a567",
                                                "name": "CHITTAGONG"
                                            }
                                        },
                                        {
                                            "name": "NASIRNAGAR",
                                            "id": "76484d2d-47cc-4c8b-99e1-24c94c3c330e",
                                            "state": {
                                                "id": "d4e8944a-6e8f-4d6e-a313-2228cfe9a567",
                                                "name": "CHITTAGONG"
                                            }
                                        },
                                        {
                                            "name": "NABINAGAR",
                                            "id": "84aeef02-dd01-48da-8468-ac1f5479bf70",
                                            "state": {
                                                "id": "d4e8944a-6e8f-4d6e-a313-2228cfe9a567",
                                                "name": "CHITTAGONG"
                                            }
                                        },
                                        {
                                            "name": "SARAIL",
                                            "id": "ba8e3375-d3cc-48f3-915c-9699081fa9d5",
                                            "state": {
                                                "id": "d4e8944a-6e8f-4d6e-a313-2228cfe9a567",
                                                "name": "CHITTAGONG"
                                            }
                                        },
                                        {
                                            "name": "SHAHBAZPUR TOWN",
                                            "id": "9aa10ffe-f68d-4c46-9994-04d746f5d1bc",
                                            "state": {
                                                "id": "d4e8944a-6e8f-4d6e-a313-2228cfe9a567",
                                                "name": "CHITTAGONG"
                                            }
                                        }
                                    ]
                                },
                                {
                                    "id": "3c67f19f-4e59-4fda-8503-117efa8b69d6",
                                    "name": "LAKSHMIPUR",
                                    "upazilas": [
                                        {
                                            "name": "RAMGATI",
                                            "id": "85171790-705a-43f5-ac34-99c2048f50f7",
                                            "state": {
                                                "id": "d4e8944a-6e8f-4d6e-a313-2228cfe9a567",
                                                "name": "CHITTAGONG"
                                            }
                                        },
                                        {
                                            "name": "RAIPUR",
                                            "id": "bed17fa7-df5e-41a3-905b-d4675de832ce",
                                            "state": {
                                                "id": "d4e8944a-6e8f-4d6e-a313-2228cfe9a567",
                                                "name": "CHITTAGONG"
                                            }
                                        },
                                        {
                                            "name": "LAKSHMIPUR_SADAR",
                                            "id": "2769623f-1de5-407a-8e77-ce987cbfc80e",
                                            "state": {
                                                "id": "d4e8944a-6e8f-4d6e-a313-2228cfe9a567",
                                                "name": "CHITTAGONG"
                                            }
                                        },
                                        {
                                            "name": "KOMOL NAGAR",
                                            "id": "7550df44-de22-487f-aa63-47fea04a985d",
                                            "state": {
                                                "id": "d4e8944a-6e8f-4d6e-a313-2228cfe9a567",
                                                "name": "CHITTAGONG"
                                            }
                                        },
                                        {
                                            "name": "RAMGANJ",
                                            "id": "b5ceb354-c53c-41c3-b9e5-83bf8be9ed17",
                                            "state": {
                                                "id": "d4e8944a-6e8f-4d6e-a313-2228cfe9a567",
                                                "name": "CHITTAGONG"
                                            }
                                        }
                                    ]
                                },
                                {
                                    "id": "1774b360-47d1-4c74-94f9-e92b49968263",
                                    "name": "NETROKONA",
                                    "upazilas": [
                                        {
                                            "name": "KALMAKANDA UPAZILLA",
                                            "id": "c06fd86e-e96d-4148-b393-c7a909eb6b5c",
                                            "state": {
                                                "id": "f6395340-53b2-4824-8252-ef3a164b8446",
                                                "name": "MAYMENSINGH"
                                            }
                                        },
                                        {
                                            "name": "MOHANGANJ UPAZILLA",
                                            "id": "8bdfbfde-f52f-4eda-a4dc-1ea70461cf15",
                                            "state": {
                                                "id": "f6395340-53b2-4824-8252-ef3a164b8446",
                                                "name": "MAYMENSINGH"
                                            }
                                        },
                                        {
                                            "name": "NETRAKONA-S UPAZILLA",
                                            "id": "8f6dd6df-f4b6-434f-a8d8-50363278501f",
                                            "state": {
                                                "id": "f6395340-53b2-4824-8252-ef3a164b8446",
                                                "name": "MAYMENSINGH"
                                            }
                                        },
                                        {
                                            "name": "BARHATTA UPAZILLA",
                                            "id": "98dd7d62-259b-4f9b-8bcb-c9b81440439b",
                                            "state": {
                                                "id": "f6395340-53b2-4824-8252-ef3a164b8446",
                                                "name": "MAYMENSINGH"
                                            }
                                        },
                                        {
                                            "name": "KHALIAJURI UPAZILLA",
                                            "id": "0a55806b-be24-484b-9c56-3b475d525ec3",
                                            "state": {
                                                "id": "f6395340-53b2-4824-8252-ef3a164b8446",
                                                "name": "MAYMENSINGH"
                                            }
                                        },
                                        {
                                            "name": "KENDUA UPAZILLA",
                                            "id": "0a227fd8-fa1a-437b-b3e8-80df07ce0127",
                                            "state": {
                                                "id": "f6395340-53b2-4824-8252-ef3a164b8446",
                                                "name": "MAYMENSINGH"
                                            }
                                        },
                                        {
                                            "name": "ATPARA UPAZILLA",
                                            "id": "0f88c435-a402-42a6-b543-fcaad9a10cf9",
                                            "state": {
                                                "id": "f6395340-53b2-4824-8252-ef3a164b8446",
                                                "name": "MAYMENSINGH"
                                            }
                                        },
                                        {
                                            "name": "PURBADHALA UPAZILLA",
                                            "id": "421e74d9-7bd0-4186-9468-99173c747a9a",
                                            "state": {
                                                "id": "f6395340-53b2-4824-8252-ef3a164b8446",
                                                "name": "MAYMENSINGH"
                                            }
                                        },
                                        {
                                            "name": "MADAN UPAZILLA",
                                            "id": "8a74093b-0358-4469-abcf-e179b122d97c",
                                            "state": {
                                                "id": "f6395340-53b2-4824-8252-ef3a164b8446",
                                                "name": "MAYMENSINGH"
                                            }
                                        },
                                        {
                                            "name": "DURGAPUR UPAZILLA",
                                            "id": "620df571-6ff3-4f42-9879-01d7fbd58664",
                                            "state": {
                                                "id": "f6395340-53b2-4824-8252-ef3a164b8446",
                                                "name": "MAYMENSINGH"
                                            }
                                        }
                                    ]
                                },
                                {
                                    "id": "f46364df-b16f-4916-9601-56bc37674090",
                                    "name": "MADARIPUR",
                                    "upazilas": [
                                        {
                                            "name": "RAJOIR",
                                            "id": "e93745bf-e56f-4059-9a47-0cdc7a6dd0e6",
                                            "state": {
                                                "id": "9c75a95b-9f42-4ca9-a152-78c492590a6f",
                                                "name": "DHAKA"
                                            }
                                        },
                                        {
                                            "name": "KALKINI",
                                            "id": "39b91e5b-54e0-4ef5-900c-0f260df1b12c",
                                            "state": {
                                                "id": "9c75a95b-9f42-4ca9-a152-78c492590a6f",
                                                "name": "DHAKA"
                                            }
                                        },
                                        {
                                            "name": "DASAR",
                                            "id": "3558fcad-3277-4d85-8b05-c4c39ad8add0",
                                            "state": {
                                                "id": "9c75a95b-9f42-4ca9-a152-78c492590a6f",
                                                "name": "DHAKA"
                                            }
                                        },
                                        {
                                            "name": "SHIBCHAR",
                                            "id": "2090422b-acad-447b-bdc5-f5df7813287d",
                                            "state": {
                                                "id": "9c75a95b-9f42-4ca9-a152-78c492590a6f",
                                                "name": "DHAKA"
                                            }
                                        },
                                        {
                                            "name": "MADARIPUR_SADAR",
                                            "id": "a0368a52-0c1a-4ca6-8c6f-3bddda0602bf",
                                            "state": {
                                                "id": "9c75a95b-9f42-4ca9-a152-78c492590a6f",
                                                "name": "DHAKA"
                                            }
                                        }
                                    ]
                                },
                                {
                                    "id": "03394485-abb0-4a8f-b928-9b986ca6cd35",
                                    "name": "NARAYANGANJ",
                                    "upazilas": [
                                        {
                                            "name": "NARYANGANJ_SADAR",
                                            "id": "204bc228-4838-4831-86c1-83fddbab206c",
                                            "state": {
                                                "id": "9c75a95b-9f42-4ca9-a152-78c492590a6f",
                                                "name": "DHAKA"
                                            }
                                        },
                                        {
                                            "name": "SONARGAON",
                                            "id": "f49e5635-d73c-4cea-83ee-5de520c1ceb3",
                                            "state": {
                                                "id": "9c75a95b-9f42-4ca9-a152-78c492590a6f",
                                                "name": "DHAKA"
                                            }
                                        },
                                        {
                                            "name": "ARAIHAZAR",
                                            "id": "5b715c3d-64d6-4144-81a2-c9c3222c3583",
                                            "state": {
                                                "id": "9c75a95b-9f42-4ca9-a152-78c492590a6f",
                                                "name": "DHAKA"
                                            }
                                        },
                                        {
                                            "name": "BANDAR",
                                            "id": "f745e13a-9ff7-4b1f-a370-3706ed8fe794",
                                            "state": {
                                                "id": "9c75a95b-9f42-4ca9-a152-78c492590a6f",
                                                "name": "DHAKA"
                                            }
                                        },
                                        {
                                            "name": "RUPGANJ",
                                            "id": "850fc0af-59a8-4beb-aeb5-f9d2a33fae32",
                                            "state": {
                                                "id": "9c75a95b-9f42-4ca9-a152-78c492590a6f",
                                                "name": "DHAKA"
                                            }
                                        },
                                        {
                                            "name": "SIDDIRGONJ",
                                            "id": "eb803c77-6bd5-4485-8984-cefc09569d46",
                                            "state": {
                                                "id": "9c75a95b-9f42-4ca9-a152-78c492590a6f",
                                                "name": "DHAKA"
                                            }
                                        }
                                    ]
                                },
                                {
                                    "id": "6988fbb2-ec1a-483e-b38d-b444db1232e4",
                                    "name": "GAZIPUR",
                                    "upazilas": [
                                        {
                                            "name": "SRIPUR",
                                            "id": "ff0b71cd-078d-4b86-bbfc-277f9e7831bd",
                                            "state": {
                                                "id": "9c75a95b-9f42-4ca9-a152-78c492590a6f",
                                                "name": "DHAKA"
                                            }
                                        },
                                        {
                                            "name": "KALIAKIOR",
                                            "id": "38522ca1-1e56-4afb-8e22-9fb942025670",
                                            "state": {
                                                "id": "9c75a95b-9f42-4ca9-a152-78c492590a6f",
                                                "name": "DHAKA"
                                            }
                                        },
                                        {
                                            "name": "TONGI",
                                            "id": "7d80f457-b9e9-4264-838e-5b085f402e99",
                                            "state": {
                                                "id": "9c75a95b-9f42-4ca9-a152-78c492590a6f",
                                                "name": "DHAKA"
                                            }
                                        },
                                        {
                                            "name": "KAPASIA",
                                            "id": "90c13f9e-25c6-41cc-aecc-da6ec1adf439",
                                            "state": {
                                                "id": "9c75a95b-9f42-4ca9-a152-78c492590a6f",
                                                "name": "DHAKA"
                                            }
                                        },
                                        {
                                            "name": "GAZIPUR_SADAR-JOYDEBPUR",
                                            "id": "9de27df1-812c-47be-a756-66b298a15281",
                                            "state": {
                                                "id": "9c75a95b-9f42-4ca9-a152-78c492590a6f",
                                                "name": "DHAKA"
                                            }
                                        }
                                    ]
                                },
                                {
                                    "id": "3e56df9f-26ae-4ec2-9d75-cbe655ee5fcd",
                                    "name": "NAWABGANJ",
                                    "upazilas": [
                                        {
                                            "name": "SHIBGANJ",
                                            "id": "5a69a253-29cc-437b-bd7f-765f9020b05c",
                                            "state": {
                                                "id": "d68c68d2-108e-4635-93d1-28c44525f178",
                                                "name": "RAJSHAHI"
                                            }
                                        },
                                        {
                                            "name": "NAWABGANJ_SADAR",
                                            "id": "38cf4ab6-34d7-4822-81c9-cf35860c09eb",
                                            "state": {
                                                "id": "d68c68d2-108e-4635-93d1-28c44525f178",
                                                "name": "RAJSHAHI"
                                            }
                                        },
                                        {
                                            "name": "BHOLAHAT",
                                            "id": "1fc07589-90dc-4484-91b3-b7aa6ea120c7",
                                            "state": {
                                                "id": "d68c68d2-108e-4635-93d1-28c44525f178",
                                                "name": "RAJSHAHI"
                                            }
                                        },
                                        {
                                            "name": "GOMASTAPUR",
                                            "id": "e02d73bf-e86e-49c6-a88f-386dba2e77f5",
                                            "state": {
                                                "id": "d68c68d2-108e-4635-93d1-28c44525f178",
                                                "name": "RAJSHAHI"
                                            }
                                        },
                                        {
                                            "name": "NACHOLE",
                                            "id": "ef4efc17-4d51-42ad-ab19-ad9ca8825334",
                                            "state": {
                                                "id": "d68c68d2-108e-4635-93d1-28c44525f178",
                                                "name": "RAJSHAHI"
                                            }
                                        }
                                    ]
                                },
                                {
                                    "id": "d9ba4812-1282-44de-9f59-c343ec5d1623",
                                    "name": "HABIGANJ",
                                    "upazilas": [
                                        {
                                            "name": "MADHABPUR",
                                            "id": "6b3a6f8c-2a46-4f42-9eec-ca4dce6db8d1",
                                            "state": {
                                                "id": "2f2f0cc1-587a-4dad-a3f0-83c0bac697ec",
                                                "name": "SYLHET"
                                            }
                                        },
                                        {
                                            "name": "AJMIRIGANJ",
                                            "id": "fe078d20-cdd6-4505-987f-75724794fc60",
                                            "state": {
                                                "id": "2f2f0cc1-587a-4dad-a3f0-83c0bac697ec",
                                                "name": "SYLHET"
                                            }
                                        },
                                        {
                                            "name": "HABIGANJ_SADAR",
                                            "id": "9abb2827-c6bf-4dff-88ba-08a8f443de07",
                                            "state": {
                                                "id": "2f2f0cc1-587a-4dad-a3f0-83c0bac697ec",
                                                "name": "SYLHET"
                                            }
                                        },
                                        {
                                            "name": "SHAISTAGONJ",
                                            "id": "7b1ffaa0-17d4-41aa-8a09-ef548e1ed0d3",
                                            "state": {
                                                "id": "2f2f0cc1-587a-4dad-a3f0-83c0bac697ec",
                                                "name": "SYLHET"
                                            }
                                        },
                                        {
                                            "name": "CHUNARUGHAT",
                                            "id": "e93527a1-bc76-4c94-9a0b-a1bf1ffeb2d9",
                                            "state": {
                                                "id": "2f2f0cc1-587a-4dad-a3f0-83c0bac697ec",
                                                "name": "SYLHET"
                                            }
                                        },
                                        {
                                            "name": "LAKHAI",
                                            "id": "63cbbda9-fd2e-4571-88a4-5ee93002ece0",
                                            "state": {
                                                "id": "2f2f0cc1-587a-4dad-a3f0-83c0bac697ec",
                                                "name": "SYLHET"
                                            }
                                        },
                                        {
                                            "name": "BANIACHANG",
                                            "id": "3c4a572a-fa59-4f9a-bb18-c3452a160f07",
                                            "state": {
                                                "id": "2f2f0cc1-587a-4dad-a3f0-83c0bac697ec",
                                                "name": "SYLHET"
                                            }
                                        },
                                        {
                                            "name": "BAHUBAL",
                                            "id": "0cc7bd46-ff4a-4097-8624-86a54e58635a",
                                            "state": {
                                                "id": "2f2f0cc1-587a-4dad-a3f0-83c0bac697ec",
                                                "name": "SYLHET"
                                            }
                                        },
                                        {
                                            "name": "NABIGANJ",
                                            "id": "753f6651-0ca3-4a21-8edc-9a33086ba51e",
                                            "state": {
                                                "id": "2f2f0cc1-587a-4dad-a3f0-83c0bac697ec",
                                                "name": "SYLHET"
                                            }
                                        }
                                    ]
                                },
                                {
                                    "id": "aec90468-bdf5-4909-9603-7fb165dd34b0",
                                    "name": "BANDARBAN",
                                    "upazilas": [
                                        {
                                            "name": "BANDARBAN_SADAR",
                                            "id": "29593331-9a0e-411b-b8dc-a3d3d92eb941",
                                            "state": {
                                                "id": "d4e8944a-6e8f-4d6e-a313-2228cfe9a567",
                                                "name": "CHITTAGONG"
                                            }
                                        },
                                        {
                                            "name": "LAMA",
                                            "id": "2e0b2174-f8fd-4253-8c0a-70683d748a3f",
                                            "state": {
                                                "id": "d4e8944a-6e8f-4d6e-a313-2228cfe9a567",
                                                "name": "CHITTAGONG"
                                            }
                                        },
                                        {
                                            "name": "ALI KADAM",
                                            "id": "9fde9ce1-993f-4259-91e7-3b98a24e8761",
                                            "state": {
                                                "id": "d4e8944a-6e8f-4d6e-a313-2228cfe9a567",
                                                "name": "CHITTAGONG"
                                            }
                                        },
                                        {
                                            "name": "ROWANGCHHARI",
                                            "id": "276ee236-ded6-41ca-8e0a-f78e67d2b3da",
                                            "state": {
                                                "id": "d4e8944a-6e8f-4d6e-a313-2228cfe9a567",
                                                "name": "CHITTAGONG"
                                            }
                                        },
                                        {
                                            "name": "THANCHI",
                                            "id": "03e46154-e64f-46e4-a1ec-e85ddf107787",
                                            "state": {
                                                "id": "d4e8944a-6e8f-4d6e-a313-2228cfe9a567",
                                                "name": "CHITTAGONG"
                                            }
                                        },
                                        {
                                            "name": "RUMA",
                                            "id": "1151bfe0-da1f-4b1f-b114-4bf1d90d22cc",
                                            "state": {
                                                "id": "d4e8944a-6e8f-4d6e-a313-2228cfe9a567",
                                                "name": "CHITTAGONG"
                                            }
                                        },
                                        {
                                            "name": "NAIKHONGCHHARI",
                                            "id": "6a91aef8-e8f4-4a6d-ba56-d0c2dc7c1825",
                                            "state": {
                                                "id": "d4e8944a-6e8f-4d6e-a313-2228cfe9a567",
                                                "name": "CHITTAGONG"
                                            }
                                        }
                                    ]
                                },
                                {
                                    "id": "c73a2eed-dabd-4afe-8697-b61c7660367c",
                                    "name": "SYLHET",
                                    "upazilas": [
                                        {
                                            "name": "COMPANIGANJ",
                                            "id": "31e28b0b-7ebc-421d-b4ba-639b9ca7cb53",
                                            "state": {
                                                "id": "2f2f0cc1-587a-4dad-a3f0-83c0bac697ec",
                                                "name": "SYLHET"
                                            }
                                        },
                                        {
                                            "name": "SYLHET_SADAR",
                                            "id": "a34f0b38-18e8-4262-86b2-1651bb537760",
                                            "state": {
                                                "id": "2f2f0cc1-587a-4dad-a3f0-83c0bac697ec",
                                                "name": "SYLHET"
                                            }
                                        },
                                        {
                                            "name": "BISHWANATH",
                                            "id": "d6ba0515-8d7b-4bfb-98c2-106a38549130",
                                            "state": {
                                                "id": "2f2f0cc1-587a-4dad-a3f0-83c0bac697ec",
                                                "name": "SYLHET"
                                            }
                                        },
                                        {
                                            "name": "KANAIGHAT",
                                            "id": "e031ef05-3d43-4ad6-b6f1-b773fbb9096d",
                                            "state": {
                                                "id": "2f2f0cc1-587a-4dad-a3f0-83c0bac697ec",
                                                "name": "SYLHET"
                                            }
                                        },
                                        {
                                            "name": "GOLAPGANJ",
                                            "id": "210156d5-afd9-4bd0-a11a-b9a4c5cbbdbc",
                                            "state": {
                                                "id": "2f2f0cc1-587a-4dad-a3f0-83c0bac697ec",
                                                "name": "SYLHET"
                                            }
                                        },
                                        {
                                            "name": "GOWAINGHAT",
                                            "id": "2dd4daf8-43b6-482d-a890-2bb2a70e8991",
                                            "state": {
                                                "id": "2f2f0cc1-587a-4dad-a3f0-83c0bac697ec",
                                                "name": "SYLHET"
                                            }
                                        },
                                        {
                                            "name": "ZAKIGANJ",
                                            "id": "30f4b678-fdec-482d-8f8a-e26c346f26ad",
                                            "state": {
                                                "id": "2f2f0cc1-587a-4dad-a3f0-83c0bac697ec",
                                                "name": "SYLHET"
                                            }
                                        },
                                        {
                                            "name": "JAINTIAPUR",
                                            "id": "8f86c696-7e8e-44a4-91cf-6561dd174a18",
                                            "state": {
                                                "id": "2f2f0cc1-587a-4dad-a3f0-83c0bac697ec",
                                                "name": "SYLHET"
                                            }
                                        },
                                        {
                                            "name": "DAKSHIN SURMA",
                                            "id": "ff180545-ebf0-481f-827b-2fa7cd6ee10b",
                                            "state": {
                                                "id": "2f2f0cc1-587a-4dad-a3f0-83c0bac697ec",
                                                "name": "SYLHET"
                                            }
                                        },
                                        {
                                            "name": "FENCHUGANJ",
                                            "id": "adaf36ec-689f-4591-b29c-8677a4e45f9e",
                                            "state": {
                                                "id": "2f2f0cc1-587a-4dad-a3f0-83c0bac697ec",
                                                "name": "SYLHET"
                                            }
                                        },
                                        {
                                            "name": "NOBIGONJ",
                                            "id": "c04977f2-7416-40cf-9c90-d828a9e789d5",
                                            "state": {
                                                "id": "2f2f0cc1-587a-4dad-a3f0-83c0bac697ec",
                                                "name": "SYLHET"
                                            }
                                        },
                                        {
                                            "name": "BEANIBAZAR",
                                            "id": "e5334066-cdb3-4529-a7a7-6cc3a6160265",
                                            "state": {
                                                "id": "2f2f0cc1-587a-4dad-a3f0-83c0bac697ec",
                                                "name": "SYLHET"
                                            }
                                        },
                                        {
                                            "name": "BALAGANJ",
                                            "id": "d92a9983-9313-470e-80da-9f025ed17212",
                                            "state": {
                                                "id": "2f2f0cc1-587a-4dad-a3f0-83c0bac697ec",
                                                "name": "SYLHET"
                                            }
                                        }
                                    ]
                                },
                                {
                                    "id": "86d79ef2-dc45-4d2d-8e54-fad70c79b647",
                                    "name": "PIROJPUR",
                                    "upazilas": [
                                        {
                                            "name": "NAZIRPUR",
                                            "id": "d7844a35-f652-4b30-925b-194f2396958d",
                                            "state": {
                                                "id": "5cbbb439-96e7-4f60-bf2f-abddd0d03e7e",
                                                "name": "BARISAL"
                                            }
                                        },
                                        {
                                            "name": "MATHBARIA",
                                            "id": "8e328e74-3026-4e46-8e67-fc37ce651dfe",
                                            "state": {
                                                "id": "5cbbb439-96e7-4f60-bf2f-abddd0d03e7e",
                                                "name": "BARISAL"
                                            }
                                        },
                                        {
                                            "name": "BHANDARIA",
                                            "id": "6c758ead-5526-424d-9228-1fc826c3c76e",
                                            "state": {
                                                "id": "5cbbb439-96e7-4f60-bf2f-abddd0d03e7e",
                                                "name": "BARISAL"
                                            }
                                        },
                                        {
                                            "name": "ZIANAGAR",
                                            "id": "316d4e46-74dc-458f-8750-e3643592b032",
                                            "state": {
                                                "id": "5cbbb439-96e7-4f60-bf2f-abddd0d03e7e",
                                                "name": "BARISAL"
                                            }
                                        },
                                        {
                                            "name": "PIROJPUR_SADAR",
                                            "id": "c98de406-4053-41d1-b72e-479d07b91a94",
                                            "state": {
                                                "id": "5cbbb439-96e7-4f60-bf2f-abddd0d03e7e",
                                                "name": "BARISAL"
                                            }
                                        },
                                        {
                                            "name": "NESARABAD",
                                            "id": "7dca70fe-76a9-4517-96bd-961f4a82c401",
                                            "state": {
                                                "id": "5cbbb439-96e7-4f60-bf2f-abddd0d03e7e",
                                                "name": "BARISAL"
                                            }
                                        }
                                    ]
                                },
                                {
                                    "id": "faeca4b5-c49e-4522-9d6b-b1f1786d3fe4",
                                    "name": "MEHERPUR",
                                    "upazilas": [
                                        {
                                            "name": "ANGNI",
                                            "id": "8dc5d275-9329-47d9-af59-fcad6d54bf3b",
                                            "state": {
                                                "id": "642a6748-942f-473d-96c6-a6c1b2e00e05",
                                                "name": "KHULNA"
                                            }
                                        },
                                        {
                                            "name": "MEHERPUR-S",
                                            "id": "90ee1389-ade9-47fd-b25b-0210a778cbb7",
                                            "state": {
                                                "id": "642a6748-942f-473d-96c6-a6c1b2e00e05",
                                                "name": "KHULNA"
                                            }
                                        },
                                        {
                                            "name": "MUJIB NAGAR",
                                            "id": "5d4ba578-bd32-4c79-9211-573b9174c19c",
                                            "state": {
                                                "id": "642a6748-942f-473d-96c6-a6c1b2e00e05",
                                                "name": "KHULNA"
                                            }
                                        }
                                    ]
                                },
                                {
                                    "id": "c9ee4e88-6a9e-4dca-a376-e34b12b08a7c",
                                    "name": "MAULVIBAZAR",
                                    "upazilas": [
                                        {
                                            "name": "RAJNAGAR",
                                            "id": "7d51ce73-16fe-47cf-ba03-0c064ccc14f0",
                                            "state": {
                                                "id": "2f2f0cc1-587a-4dad-a3f0-83c0bac697ec",
                                                "name": "SYLHET"
                                            }
                                        },
                                        {
                                            "name": "BARLEKHA",
                                            "id": "4787d06c-b9e4-43b1-80ef-21623028b031",
                                            "state": {
                                                "id": "2f2f0cc1-587a-4dad-a3f0-83c0bac697ec",
                                                "name": "SYLHET"
                                            }
                                        },
                                        {
                                            "name": "KULAURA",
                                            "id": "bd871dd2-4f8d-4c28-8d67-775939289225",
                                            "state": {
                                                "id": "2f2f0cc1-587a-4dad-a3f0-83c0bac697ec",
                                                "name": "SYLHET"
                                            }
                                        },
                                        {
                                            "name": "JURI",
                                            "id": "77753183-cece-4b78-85f7-fbb30b55cda4",
                                            "state": {
                                                "id": "2f2f0cc1-587a-4dad-a3f0-83c0bac697ec",
                                                "name": "SYLHET"
                                            }
                                        },
                                        {
                                            "name": "SREEMANGAL",
                                            "id": "8ee98bba-fc39-4bb2-9d83-e357a620b424",
                                            "state": {
                                                "id": "2f2f0cc1-587a-4dad-a3f0-83c0bac697ec",
                                                "name": "SYLHET"
                                            }
                                        },
                                        {
                                            "name": "KAMALGANJ",
                                            "id": "11e746ba-02ec-4142-9177-6740d9a5c6f9",
                                            "state": {
                                                "id": "2f2f0cc1-587a-4dad-a3f0-83c0bac697ec",
                                                "name": "SYLHET"
                                            }
                                        },
                                        {
                                            "name": "MOULVIBAZAR_SADAR",
                                            "id": "fb364596-f586-4335-9ab7-c7ab0104689f",
                                            "state": {
                                                "id": "2f2f0cc1-587a-4dad-a3f0-83c0bac697ec",
                                                "name": "SYLHET"
                                            }
                                        }
                                    ]
                                },
                                {
                                    "id": "1319d89d-5fb0-41b9-bdb5-05339617a6fa",
                                    "name": "SHERPUR",
                                    "upazilas": [
                                        {
                                            "name": "NAKLA",
                                            "id": "864fc566-3981-4a3a-b47a-bb549d6697f4",
                                            "state": {
                                                "id": "f6395340-53b2-4824-8252-ef3a164b8446",
                                                "name": "MAYMENSINGH"
                                            }
                                        },
                                        {
                                            "name": "JHENAIGATI",
                                            "id": "880b10a0-05da-46be-bf3e-354aac03cab7",
                                            "state": {
                                                "id": "f6395340-53b2-4824-8252-ef3a164b8446",
                                                "name": "MAYMENSINGH"
                                            }
                                        },
                                        {
                                            "name": "SREEBARDI",
                                            "id": "9f257f25-c5d3-471b-8364-62ce7eb59dfc",
                                            "state": {
                                                "id": "f6395340-53b2-4824-8252-ef3a164b8446",
                                                "name": "MAYMENSINGH"
                                            }
                                        },
                                        {
                                            "name": "SHERPUR_SADAR",
                                            "id": "cd07db73-b66e-456a-825f-81fc08cf337a",
                                            "state": {
                                                "id": "f6395340-53b2-4824-8252-ef3a164b8446",
                                                "name": "MAYMENSINGH"
                                            }
                                        },
                                        {
                                            "name": "NALITABARI",
                                            "id": "37c7e577-eeb5-4df5-877f-7ccee900a891",
                                            "state": {
                                                "id": "f6395340-53b2-4824-8252-ef3a164b8446",
                                                "name": "MAYMENSINGH"
                                            }
                                        }
                                    ]
                                },
                                {
                                    "id": "f9c3c547-adb4-4e53-a2a8-70bd5b31e3d7",
                                    "name": "FARIDPUR",
                                    "upazilas": [
                                        {
                                            "name": "CHARBHADRASAN",
                                            "id": "babc9507-275e-4611-ba34-4a080f4d42a8",
                                            "state": {
                                                "id": "9c75a95b-9f42-4ca9-a152-78c492590a6f",
                                                "name": "DHAKA"
                                            }
                                        },
                                        {
                                            "name": "FARIDPUR_SADAR",
                                            "id": "5f3eccfd-b863-4ccf-8c18-ad32f99e2859",
                                            "state": {
                                                "id": "9c75a95b-9f42-4ca9-a152-78c492590a6f",
                                                "name": "DHAKA"
                                            }
                                        },
                                        {
                                            "name": "ALFADANGA",
                                            "id": "259fd208-67c5-42b8-b98a-aa4a39290da5",
                                            "state": {
                                                "id": "9c75a95b-9f42-4ca9-a152-78c492590a6f",
                                                "name": "DHAKA"
                                            }
                                        },
                                        {
                                            "name": "Faridpur Sadar",
                                            "id": "99ac95fe-a484-448c-b9d8-5c9200b273e3",
                                            "state": {
                                                "id": "9c75a95b-9f42-4ca9-a152-78c492590a6f",
                                                "name": "DHAKA"
                                            }
                                        },
                                        {
                                            "name": "SADARPUR",
                                            "id": "f518eb87-fa45-438b-ac13-2415f3faea91",
                                            "state": {
                                                "id": "9c75a95b-9f42-4ca9-a152-78c492590a6f",
                                                "name": "DHAKA"
                                            }
                                        },
                                        {
                                            "name": "BHANGA",
                                            "id": "ed2d07c1-11c0-4f41-b499-fde54429851f",
                                            "state": {
                                                "id": "9c75a95b-9f42-4ca9-a152-78c492590a6f",
                                                "name": "DHAKA"
                                            }
                                        },
                                        {
                                            "name": "MADHUKHALI",
                                            "id": "6b341b59-641e-4db0-8dc0-2ce74ae664e9",
                                            "state": {
                                                "id": "9c75a95b-9f42-4ca9-a152-78c492590a6f",
                                                "name": "DHAKA"
                                            }
                                        },
                                        {
                                            "name": "NAGARKANDA",
                                            "id": "4d6dd97f-3b4c-4d48-8502-2f6e2c7c9274",
                                            "state": {
                                                "id": "9c75a95b-9f42-4ca9-a152-78c492590a6f",
                                                "name": "DHAKA"
                                            }
                                        },
                                        {
                                            "name": "BOALMARI",
                                            "id": "953e90ab-0015-4e6e-aa42-3d139c026a5d",
                                            "state": {
                                                "id": "9c75a95b-9f42-4ca9-a152-78c492590a6f",
                                                "name": "DHAKA"
                                            }
                                        },
                                        {
                                            "name": "SHALTHA",
                                            "id": "b67e6c94-f523-4359-a2a8-335a8d8dd43c",
                                            "state": {
                                                "id": "9c75a95b-9f42-4ca9-a152-78c492590a6f",
                                                "name": "DHAKA"
                                            }
                                        }
                                    ]
                                },
                                {
                                    "id": "8fdce543-067c-4c21-8ed2-f19c3fdf215b",
                                    "name": "NILPHAMARI",
                                    "upazilas": [
                                        {
                                            "name": "NILPHAMARI_SADAR",
                                            "id": "23cf2816-4cb3-4159-bb93-52a3fd781c00",
                                            "state": {
                                                "id": "b8c19906-b4fc-4745-ac93-af957934136b",
                                                "name": "RANGPUR"
                                            }
                                        },
                                        {
                                            "name": "JALDHAKA",
                                            "id": "623722ab-fa63-40cb-87d2-30f7b9f0b66b",
                                            "state": {
                                                "id": "b8c19906-b4fc-4745-ac93-af957934136b",
                                                "name": "RANGPUR"
                                            }
                                        },
                                        {
                                            "name": "DOMAR",
                                            "id": "a776cc51-7370-493a-a772-ccd1b0b20855",
                                            "state": {
                                                "id": "b8c19906-b4fc-4745-ac93-af957934136b",
                                                "name": "RANGPUR"
                                            }
                                        },
                                        {
                                            "name": "KISHOREGANJ",
                                            "id": "1deadcdb-a5f3-475b-95be-108a1046f978",
                                            "state": {
                                                "id": "b8c19906-b4fc-4745-ac93-af957934136b",
                                                "name": "RANGPUR"
                                            }
                                        },
                                        {
                                            "name": "SAIDPUR",
                                            "id": "a232edd2-b19a-4344-8c76-4ebd7090457a",
                                            "state": {
                                                "id": "b8c19906-b4fc-4745-ac93-af957934136b",
                                                "name": "RANGPUR"
                                            }
                                        },
                                        {
                                            "name": "DIMLA",
                                            "id": "1c92cece-1653-45ac-a086-24e8d852b562",
                                            "state": {
                                                "id": "b8c19906-b4fc-4745-ac93-af957934136b",
                                                "name": "RANGPUR"
                                            }
                                        }
                                    ]
                                },
                                {
                                    "id": "739583dc-519d-49b0-9582-d798a027ca79",
                                    "name": "COX'S BAZAR",
                                    "upazilas": [
                                        {
                                            "name": "COXS BAZAR SADAR",
                                            "id": "38c08333-395d-4aa8-86c0-8caea9a52c76",
                                            "state": {
                                                "id": "d4e8944a-6e8f-4d6e-a313-2228cfe9a567",
                                                "name": "CHITTAGONG"
                                            }
                                        },
                                        {
                                            "name": "TEKNAF",
                                            "id": "d41283c5-bca6-405f-8acf-e68e68e73308",
                                            "state": {
                                                "id": "d4e8944a-6e8f-4d6e-a313-2228cfe9a567",
                                                "name": "CHITTAGONG"
                                            }
                                        },
                                        {
                                            "name": "CHAKARIA",
                                            "id": "7a82b092-c530-4b72-985a-6e7c61a4f69f",
                                            "state": {
                                                "id": "d4e8944a-6e8f-4d6e-a313-2228cfe9a567",
                                                "name": "CHITTAGONG"
                                            }
                                        },
                                        {
                                            "name": "RAMU",
                                            "id": "529c05f5-dbc9-4442-9600-6debc27754d3",
                                            "state": {
                                                "id": "d4e8944a-6e8f-4d6e-a313-2228cfe9a567",
                                                "name": "CHITTAGONG"
                                            }
                                        },
                                        {
                                            "name": "EIDGAON",
                                            "id": "56f91627-c045-4618-b933-805104e9ed1f",
                                            "state": {
                                                "id": "d4e8944a-6e8f-4d6e-a313-2228cfe9a567",
                                                "name": "CHITTAGONG"
                                            }
                                        },
                                        {
                                            "name": "UKHIA",
                                            "id": "66dc64de-4a0b-4c4a-a6c8-80b63c9a3c75",
                                            "state": {
                                                "id": "d4e8944a-6e8f-4d6e-a313-2228cfe9a567",
                                                "name": "CHITTAGONG"
                                            }
                                        },
                                        {
                                            "name": "PEKUA",
                                            "id": "d01cb26d-4cfe-4017-a7c2-e9fdc0d8e2df",
                                            "state": {
                                                "id": "d4e8944a-6e8f-4d6e-a313-2228cfe9a567",
                                                "name": "CHITTAGONG"
                                            }
                                        },
                                        {
                                            "name": "MAHESHKHALI",
                                            "id": "c2ebc5a8-aaf2-4b98-a059-8beb05b34bdd",
                                            "state": {
                                                "id": "d4e8944a-6e8f-4d6e-a313-2228cfe9a567",
                                                "name": "CHITTAGONG"
                                            }
                                        },
                                        {
                                            "name": "KUTUBDIA",
                                            "id": "8f731bf7-fbb2-4b70-9e47-6d3d0d415d5d",
                                            "state": {
                                                "id": "d4e8944a-6e8f-4d6e-a313-2228cfe9a567",
                                                "name": "CHITTAGONG"
                                            }
                                        }
                                    ]
                                },
                                {
                                    "id": "2e26f8c1-97a7-44fc-9090-22af4de4ac9e",
                                    "name": "DHAKA",
                                    "upazilas": [
                                        {
                                            "name": "KERANIGANJ",
                                            "id": "37fa6ec5-6a13-4a35-b5c6-674b507edc01",
                                            "state": {
                                                "id": "9c75a95b-9f42-4ca9-a152-78c492590a6f",
                                                "name": "DHAKA"
                                            }
                                        },
                                        {
                                            "name": "DHAMRAI",
                                            "id": "9f2f6c8f-663f-4416-a1a7-1c59abb3852a",
                                            "state": {
                                                "id": "9c75a95b-9f42-4ca9-a152-78c492590a6f",
                                                "name": "DHAKA"
                                            }
                                        },
                                        {
                                            "name": "SAVAR",
                                            "id": "1a6db9e6-f058-4a33-a404-f7825a11a530",
                                            "state": {
                                                "id": "9c75a95b-9f42-4ca9-a152-78c492590a6f",
                                                "name": "DHAKA"
                                            }
                                        },
                                        {
                                            "name": "DOHAR",
                                            "id": "eaad1c5c-5972-4dd5-a18c-734fbadb8864",
                                            "state": {
                                                "id": "9c75a95b-9f42-4ca9-a152-78c492590a6f",
                                                "name": "DHAKA"
                                            }
                                        }
                                    ]
                                },
                                {
                                    "id": "f25de2cd-5ed8-44a8-9ae0-7d65c232f423",
                                    "name": "JAMALPUR",
                                    "upazilas": [
                                        {
                                            "name": "MELANDAHA",
                                            "id": "e5a81703-97d0-479b-a4fd-22a3a602697f",
                                            "state": {
                                                "id": "f6395340-53b2-4824-8252-ef3a164b8446",
                                                "name": "MAYMENSINGH"
                                            }
                                        },
                                        {
                                            "name": "NARUNDI POLICE I.C",
                                            "id": "c7710b29-c844-4892-9108-d73148cda29c",
                                            "state": {
                                                "id": "f6395340-53b2-4824-8252-ef3a164b8446",
                                                "name": "MAYMENSINGH"
                                            }
                                        },
                                        {
                                            "name": "ISLAMPUR",
                                            "id": "aedbc063-13ca-4e20-8357-eb22e8936000",
                                            "state": {
                                                "id": "f6395340-53b2-4824-8252-ef3a164b8446",
                                                "name": "MAYMENSINGH"
                                            }
                                        },
                                        {
                                            "name": "DEWANGANJ",
                                            "id": "1cc6d50f-87e6-4dd4-8a6e-9490a827621b",
                                            "state": {
                                                "id": "f6395340-53b2-4824-8252-ef3a164b8446",
                                                "name": "MAYMENSINGH"
                                            }
                                        },
                                        {
                                            "name": "JAMALPUR_SADAR",
                                            "id": "084e0df5-fe78-46ce-a473-939b9333bf40",
                                            "state": {
                                                "id": "f6395340-53b2-4824-8252-ef3a164b8446",
                                                "name": "MAYMENSINGH"
                                            }
                                        },
                                        {
                                            "name": "MADARGANJ",
                                            "id": "4782f9bd-aede-453f-8c96-7e2e10e8255b",
                                            "state": {
                                                "id": "f6395340-53b2-4824-8252-ef3a164b8446",
                                                "name": "MAYMENSINGH"
                                            }
                                        },
                                        {
                                            "name": "BAKSIGANJ",
                                            "id": "209bc080-4acc-4ac4-a88c-0ebc92355a2c",
                                            "state": {
                                                "id": "f6395340-53b2-4824-8252-ef3a164b8446",
                                                "name": "MAYMENSINGH"
                                            }
                                        },
                                        {
                                            "name": "SARISHABARI",
                                            "id": "c9d83f61-fe43-402a-9e0b-7f4df5cbe0e2",
                                            "state": {
                                                "id": "f6395340-53b2-4824-8252-ef3a164b8446",
                                                "name": "MAYMENSINGH"
                                            }
                                        }
                                    ]
                                },
                                {
                                    "id": "468da8cf-58f1-426f-ae73-d9554f7f71f6",
                                    "name": "NOAKHALI",
                                    "upazilas": [
                                        {
                                            "name": "COMPANYGANJ",
                                            "id": "87c2d2fe-377e-4bb3-aa56-93c5eb46ce99",
                                            "state": {
                                                "id": "d4e8944a-6e8f-4d6e-a313-2228cfe9a567",
                                                "name": "CHITTAGONG"
                                            }
                                        },
                                        {
                                            "name": "KOBIRHAT",
                                            "id": "edd18fb6-2dba-492a-bc59-f118923cfb9d",
                                            "state": {
                                                "id": "d4e8944a-6e8f-4d6e-a313-2228cfe9a567",
                                                "name": "CHITTAGONG"
                                            }
                                        },
                                        {
                                            "name": "BEGUMGANJ",
                                            "id": "fa8e1bdd-241d-484c-b5d8-82d5ee981528",
                                            "state": {
                                                "id": "d4e8944a-6e8f-4d6e-a313-2228cfe9a567",
                                                "name": "CHITTAGONG"
                                            }
                                        },
                                        {
                                            "name": "SUBORNO CHAR",
                                            "id": "e4fdab05-6c34-4af4-9a3c-9dd46abf24b1",
                                            "state": {
                                                "id": "d4e8944a-6e8f-4d6e-a313-2228cfe9a567",
                                                "name": "CHITTAGONG"
                                            }
                                        },
                                        {
                                            "name": "HATIA",
                                            "id": "8a144eff-edd1-4e0f-a6a8-70e1d8a19393",
                                            "state": {
                                                "id": "d4e8944a-6e8f-4d6e-a313-2228cfe9a567",
                                                "name": "CHITTAGONG"
                                            }
                                        },
                                        {
                                            "name": "SONAIMURI",
                                            "id": "ac50ed77-f382-46a1-a3d0-f0ad7d4788ac",
                                            "state": {
                                                "id": "d4e8944a-6e8f-4d6e-a313-2228cfe9a567",
                                                "name": "CHITTAGONG"
                                            }
                                        },
                                        {
                                            "name": "SHENBAG",
                                            "id": "e8164a0d-375a-4012-a790-694387014d4b",
                                            "state": {
                                                "id": "d4e8944a-6e8f-4d6e-a313-2228cfe9a567",
                                                "name": "CHITTAGONG"
                                            }
                                        },
                                        {
                                            "name": "CHATKHIL",
                                            "id": "59588ff2-33b7-4cd3-8e7e-fb302e9220c9",
                                            "state": {
                                                "id": "d4e8944a-6e8f-4d6e-a313-2228cfe9a567",
                                                "name": "CHITTAGONG"
                                            }
                                        },
                                        {
                                            "name": "NOAKHALI_SADAR",
                                            "id": "cb154cac-8111-4360-950e-daf4c472cbdf",
                                            "state": {
                                                "id": "d4e8944a-6e8f-4d6e-a313-2228cfe9a567",
                                                "name": "CHITTAGONG"
                                            }
                                        }
                                    ]
                                },
                                {
                                    "id": "54d0ae5a-d1d3-4212-a0df-9af09ff11378",
                                    "name": "CHATTOGRAM",
                                    "upazilas": [
                                        {
                                            "name": "BANSHKHALI",
                                            "id": "5ddabeca-76c8-4c6a-83e2-0c9cc8ad08d8",
                                            "state": {
                                                "id": "d4e8944a-6e8f-4d6e-a313-2228cfe9a567",
                                                "name": "CHITTAGONG"
                                            }
                                        },
                                        {
                                            "name": "FATIKCHHARI",
                                            "id": "711efd46-765f-4eda-a5a6-6199af270f52",
                                            "state": {
                                                "id": "d4e8944a-6e8f-4d6e-a313-2228cfe9a567",
                                                "name": "CHITTAGONG"
                                            }
                                        },
                                        {
                                            "name": "CHANDANAISH",
                                            "id": "f4bda4c9-417b-4cb2-8cdf-e79e95eede46",
                                            "state": {
                                                "id": "d4e8944a-6e8f-4d6e-a313-2228cfe9a567",
                                                "name": "CHITTAGONG"
                                            }
                                        },
                                        {
                                            "name": "SATKANIA",
                                            "id": "e6761574-7af1-405b-ab56-a967edf628f9",
                                            "state": {
                                                "id": "d4e8944a-6e8f-4d6e-a313-2228cfe9a567",
                                                "name": "CHITTAGONG"
                                            }
                                        },
                                        {
                                            "name": "SANDWIP",
                                            "id": "fa949a73-22a2-461a-b287-aac4effba9c6",
                                            "state": {
                                                "id": "d4e8944a-6e8f-4d6e-a313-2228cfe9a567",
                                                "name": "CHITTAGONG"
                                            }
                                        },
                                        {
                                            "name": "PATIYA",
                                            "id": "e6b414c2-9a47-4f78-bab7-c8c3859e24e1",
                                            "state": {
                                                "id": "d4e8944a-6e8f-4d6e-a313-2228cfe9a567",
                                                "name": "CHITTAGONG"
                                            }
                                        },
                                        {
                                            "name": "LOHAGARA",
                                            "id": "e78211f4-9d77-4e85-82e3-ec7fb12b64ce",
                                            "state": {
                                                "id": "d4e8944a-6e8f-4d6e-a313-2228cfe9a567",
                                                "name": "CHITTAGONG"
                                            }
                                        },
                                        {
                                            "name": "BOALKHALI",
                                            "id": "c414a0ec-ffab-45ea-bb72-bb1890086b90",
                                            "state": {
                                                "id": "d4e8944a-6e8f-4d6e-a313-2228cfe9a567",
                                                "name": "CHITTAGONG"
                                            }
                                        },
                                        {
                                            "name": "ANWARA",
                                            "id": "a0723800-077f-437f-9d36-9f745cb0b31e",
                                            "state": {
                                                "id": "d4e8944a-6e8f-4d6e-a313-2228cfe9a567",
                                                "name": "CHITTAGONG"
                                            }
                                        },
                                        {
                                            "name": "RAOZAN",
                                            "id": "95fb0054-aa7f-400c-b645-f0d90cb2a833",
                                            "state": {
                                                "id": "d4e8944a-6e8f-4d6e-a313-2228cfe9a567",
                                                "name": "CHITTAGONG"
                                            }
                                        },
                                        {
                                            "name": "MIRSHARAI",
                                            "id": "fe518ddf-6a83-4694-a2a6-ddeec0b93c18",
                                            "state": {
                                                "id": "d4e8944a-6e8f-4d6e-a313-2228cfe9a567",
                                                "name": "CHITTAGONG"
                                            }
                                        },
                                        {
                                            "name": "RANGUNIA",
                                            "id": "9c3e5edc-e95e-4671-89d4-974e7a31342e",
                                            "state": {
                                                "id": "d4e8944a-6e8f-4d6e-a313-2228cfe9a567",
                                                "name": "CHITTAGONG"
                                            }
                                        },
                                        {
                                            "name": "HATHAZARI",
                                            "id": "bda87d19-77d0-4c25-bca1-a911f4331afd",
                                            "state": {
                                                "id": "d4e8944a-6e8f-4d6e-a313-2228cfe9a567",
                                                "name": "CHITTAGONG"
                                            }
                                        },
                                        {
                                            "name": "SITAKUNDA",
                                            "id": "6fae4e24-7c93-493f-91f0-5fa877a326f4",
                                            "state": {
                                                "id": "d4e8944a-6e8f-4d6e-a313-2228cfe9a567",
                                                "name": "CHITTAGONG"
                                            }
                                        }
                                    ]
                                },
                                {
                                    "id": "66a27ec2-f335-413d-b228-4a4df8fa4eea",
                                    "name": "BHOLA",
                                    "upazilas": [
                                        {
                                            "name": "BHOLA_SADAR",
                                            "id": "3cbaa092-c96b-4845-a314-b9cdc02d61fd",
                                            "state": {
                                                "id": "5cbbb439-96e7-4f60-bf2f-abddd0d03e7e",
                                                "name": "BARISAL"
                                            }
                                        },
                                        {
                                            "name": "MANPURA",
                                            "id": "3220264c-e0d8-41c3-9b69-55cdd4aea21e",
                                            "state": {
                                                "id": "5cbbb439-96e7-4f60-bf2f-abddd0d03e7e",
                                                "name": "BARISAL"
                                            }
                                        },
                                        {
                                            "name": "BURHANUDDIN",
                                            "id": "692e6a01-748c-4451-8d67-e0f404c69572",
                                            "state": {
                                                "id": "5cbbb439-96e7-4f60-bf2f-abddd0d03e7e",
                                                "name": "BARISAL"
                                            }
                                        },
                                        {
                                            "name": "CHAR FASSON",
                                            "id": "9f23a216-4a71-48ef-8c7e-e20f01a67e4a",
                                            "state": {
                                                "id": "5cbbb439-96e7-4f60-bf2f-abddd0d03e7e",
                                                "name": "BARISAL"
                                            }
                                        },
                                        {
                                            "name": "DAULATKHAN",
                                            "id": "16ea4a9e-60b8-4eed-a011-d3d52d5a646d",
                                            "state": {
                                                "id": "5cbbb439-96e7-4f60-bf2f-abddd0d03e7e",
                                                "name": "BARISAL"
                                            }
                                        },
                                        {
                                            "name": "LALMOHAN",
                                            "id": "634c328d-d819-4c09-a1b4-ebe643071f5e",
                                            "state": {
                                                "id": "5cbbb439-96e7-4f60-bf2f-abddd0d03e7e",
                                                "name": "BARISAL"
                                            }
                                        },
                                        {
                                            "name": "TAZUMUDDIN",
                                            "id": "303c6383-711c-4c09-ba87-f261320d697e",
                                            "state": {
                                                "id": "5cbbb439-96e7-4f60-bf2f-abddd0d03e7e",
                                                "name": "BARISAL"
                                            }
                                        }
                                    ]
                                },
                                {
                                    "id": "00358d0a-f4c2-4374-908b-b37dac235fc0",
                                    "name": "JHENAIDAH",
                                    "upazilas": [
                                        {
                                            "name": "JHENAIDAH_SADAR",
                                            "id": "b730ac9a-c96e-4e9c-8583-dda0a4b61f9b",
                                            "state": {
                                                "id": "642a6748-942f-473d-96c6-a6c1b2e00e05",
                                                "name": "KHULNA"
                                            }
                                        },
                                        {
                                            "name": "SHAILKUPA",
                                            "id": "9216f983-c056-40f1-a143-463a2e4a2e84",
                                            "state": {
                                                "id": "642a6748-942f-473d-96c6-a6c1b2e00e05",
                                                "name": "KHULNA"
                                            }
                                        },
                                        {
                                            "name": "KOTCHANDPUR",
                                            "id": "7d743b39-a4ef-499b-b1eb-ccc7c9c1df81",
                                            "state": {
                                                "id": "642a6748-942f-473d-96c6-a6c1b2e00e05",
                                                "name": "KHULNA"
                                            }
                                        },
                                        {
                                            "name": "MAHESHPUR",
                                            "id": "9f3f6256-e1a0-457a-bf19-21fd5ccf253f",
                                            "state": {
                                                "id": "642a6748-942f-473d-96c6-a6c1b2e00e05",
                                                "name": "KHULNA"
                                            }
                                        },
                                        {
                                            "name": "HARINAKUNDA",
                                            "id": "8e2f9be1-24a7-48f6-9772-60c671fd5b2e",
                                            "state": {
                                                "id": "642a6748-942f-473d-96c6-a6c1b2e00e05",
                                                "name": "KHULNA"
                                            }
                                        }
                                    ]
                                },
                                {
                                    "id": "7a79fbbb-0414-4c68-ba03-a7d86e0f77ce",
                                    "name": "PABNA",
                                    "upazilas": [
                                        {
                                            "name": "BERA",
                                            "id": "9e859765-d526-4191-bab6-bf8d5a17317b",
                                            "state": {
                                                "id": "d68c68d2-108e-4635-93d1-28c44525f178",
                                                "name": "RAJSHAHI"
                                            }
                                        },
                                        {
                                            "name": "SUJANAGAR",
                                            "id": "a1b3c50a-d7af-4d16-a72d-4bdb5d0647b4",
                                            "state": {
                                                "id": "d68c68d2-108e-4635-93d1-28c44525f178",
                                                "name": "RAJSHAHI"
                                            }
                                        },
                                        {
                                            "name": "ATGHARIA",
                                            "id": "1faaac6e-d6b6-4852-9538-5c85438e47a5",
                                            "state": {
                                                "id": "d68c68d2-108e-4635-93d1-28c44525f178",
                                                "name": "RAJSHAHI"
                                            }
                                        },
                                        {
                                            "name": "SANTHIA",
                                            "id": "89ee778e-f765-4f8b-96d2-e00a6948199f",
                                            "state": {
                                                "id": "d68c68d2-108e-4635-93d1-28c44525f178",
                                                "name": "RAJSHAHI"
                                            }
                                        },
                                        {
                                            "name": "FARIDPUR",
                                            "id": "f9e13f42-2b4c-4af1-ae0b-186ee9fed178",
                                            "state": {
                                                "id": "d68c68d2-108e-4635-93d1-28c44525f178",
                                                "name": "RAJSHAHI"
                                            }
                                        },
                                        {
                                            "name": "BHANGURA",
                                            "id": "ce5f60e3-36ca-47e2-ac30-fea8af549985",
                                            "state": {
                                                "id": "d68c68d2-108e-4635-93d1-28c44525f178",
                                                "name": "RAJSHAHI"
                                            }
                                        },
                                        {
                                            "name": "CHATMOHAR",
                                            "id": "ee68ea82-2a16-46d4-a111-8d6a717363e3",
                                            "state": {
                                                "id": "d68c68d2-108e-4635-93d1-28c44525f178",
                                                "name": "RAJSHAHI"
                                            }
                                        },
                                        {
                                            "name": "ISHWARDI",
                                            "id": "e6f6b813-2ef3-429a-8dc6-3664b2d7af18",
                                            "state": {
                                                "id": "d68c68d2-108e-4635-93d1-28c44525f178",
                                                "name": "RAJSHAHI"
                                            }
                                        },
                                        {
                                            "name": "PABNA_SADAR",
                                            "id": "9a08add3-9997-4def-8a7e-2d4c47b78e1a",
                                            "state": {
                                                "id": "d68c68d2-108e-4635-93d1-28c44525f178",
                                                "name": "RAJSHAHI"
                                            }
                                        }
                                    ]
                                },
                                {
                                    "id": "c8c07a38-023f-4177-a946-7ea85bc5e62f",
                                    "name": "KISHOREGANJ",
                                    "upazilas": [
                                        {
                                            "name": "ASTAGRAM",
                                            "id": "8af0a33e-ec3f-4819-9c9a-d2e7b407340b",
                                            "state": {
                                                "id": "9c75a95b-9f42-4ca9-a152-78c492590a6f",
                                                "name": "DHAKA"
                                            }
                                        },
                                        {
                                            "name": "KATIADI",
                                            "id": "e14e5e25-3f0a-47a6-a16d-fe2023ec0a0e",
                                            "state": {
                                                "id": "9c75a95b-9f42-4ca9-a152-78c492590a6f",
                                                "name": "DHAKA"
                                            }
                                        },
                                        {
                                            "name": "MITHAMAIN",
                                            "id": "baa02b29-ad36-4df1-b296-07c71e4dabff",
                                            "state": {
                                                "id": "9c75a95b-9f42-4ca9-a152-78c492590a6f",
                                                "name": "DHAKA"
                                            }
                                        },
                                        {
                                            "name": "NIKLI",
                                            "id": "6f94a91b-a7e0-4690-83f4-82181b04c922",
                                            "state": {
                                                "id": "9c75a95b-9f42-4ca9-a152-78c492590a6f",
                                                "name": "DHAKA"
                                            }
                                        },
                                        {
                                            "name": "PAKUNDIA",
                                            "id": "3a4de8ba-819b-4935-843c-a3f1b5f6c421",
                                            "state": {
                                                "id": "9c75a95b-9f42-4ca9-a152-78c492590a6f",
                                                "name": "DHAKA"
                                            }
                                        },
                                        {
                                            "name": "KARIMGANJ",
                                            "id": "603092ee-3099-4b52-8b05-a76998c55ac0",
                                            "state": {
                                                "id": "9c75a95b-9f42-4ca9-a152-78c492590a6f",
                                                "name": "DHAKA"
                                            }
                                        },
                                        {
                                            "name": "KULIARCHAR",
                                            "id": "ba05daa9-21a2-4c7f-8a6f-4eca370e67c9",
                                            "state": {
                                                "id": "9c75a95b-9f42-4ca9-a152-78c492590a6f",
                                                "name": "DHAKA"
                                            }
                                        },
                                        {
                                            "name": "HOSSAINPUR",
                                            "id": "35ee81bc-c606-4f50-8c62-be135699f164",
                                            "state": {
                                                "id": "9c75a95b-9f42-4ca9-a152-78c492590a6f",
                                                "name": "DHAKA"
                                            }
                                        },
                                        {
                                            "name": "ITNA",
                                            "id": "64a6f7b6-ae00-48d7-91ff-d1afdd013728",
                                            "state": {
                                                "id": "9c75a95b-9f42-4ca9-a152-78c492590a6f",
                                                "name": "DHAKA"
                                            }
                                        },
                                        {
                                            "name": "BHAIRAB",
                                            "id": "f76de4f1-4367-46b4-ae35-25b31e161eaa",
                                            "state": {
                                                "id": "9c75a95b-9f42-4ca9-a152-78c492590a6f",
                                                "name": "DHAKA"
                                            }
                                        },
                                        {
                                            "name": "KISHOREGANJ_SADAR",
                                            "id": "f71d8ef1-88f4-4648-a927-1999cbec41e7",
                                            "state": {
                                                "id": "9c75a95b-9f42-4ca9-a152-78c492590a6f",
                                                "name": "DHAKA"
                                            }
                                        },
                                        {
                                            "name": "TARAIL",
                                            "id": "f5f8b58c-3d89-4a8f-8533-d689e34cbed3",
                                            "state": {
                                                "id": "9c75a95b-9f42-4ca9-a152-78c492590a6f",
                                                "name": "DHAKA"
                                            }
                                        },
                                        {
                                            "name": "BAJITPUR",
                                            "id": "d0a74c06-98ae-486a-9e67-fc5674c75288",
                                            "state": {
                                                "id": "9c75a95b-9f42-4ca9-a152-78c492590a6f",
                                                "name": "DHAKA"
                                            }
                                        }
                                    ]
                                },
                                {
                                    "id": "db758e15-588a-4c28-bae2-15069f2ce0f8",
                                    "name": "GOPALGANJ",
                                    "upazilas": [
                                        {
                                            "name": "KOTALIPARA",
                                            "id": "1729714e-61c8-4c5c-b062-7336efc80f74",
                                            "state": {
                                                "id": "9c75a95b-9f42-4ca9-a152-78c492590a6f",
                                                "name": "DHAKA"
                                            }
                                        },
                                        {
                                            "name": "MUKSUDPUR",
                                            "id": "52e46038-ba96-4a5c-96b5-1017b4eb6626",
                                            "state": {
                                                "id": "9c75a95b-9f42-4ca9-a152-78c492590a6f",
                                                "name": "DHAKA"
                                            }
                                        },
                                        {
                                            "name": "KASHIANI",
                                            "id": "9ea8f46d-358f-496e-b244-c3daf64e75c3",
                                            "state": {
                                                "id": "9c75a95b-9f42-4ca9-a152-78c492590a6f",
                                                "name": "DHAKA"
                                            }
                                        },
                                        {
                                            "name": "GOPALGANJ_SADAR",
                                            "id": "2ad2bc1d-038e-4d77-8754-a4eaa1ee4aa2",
                                            "state": {
                                                "id": "9c75a95b-9f42-4ca9-a152-78c492590a6f",
                                                "name": "DHAKA"
                                            }
                                        },
                                        {
                                            "name": "TUNGIPARA",
                                            "id": "18618e91-ce26-4c99-a7d1-a88be829a48b",
                                            "state": {
                                                "id": "9c75a95b-9f42-4ca9-a152-78c492590a6f",
                                                "name": "DHAKA"
                                            }
                                        }
                                    ]
                                },
                                {
                                    "id": "d1502152-1a34-423b-9811-576ccb88a3ea",
                                    "name": "KHULNA",
                                    "upazilas": [
                                        {
                                            "name": "BATIAGHATA",
                                            "id": "df3aa4c1-bfc8-4d9b-ade6-7c9dcc05e43b",
                                            "state": {
                                                "id": "642a6748-942f-473d-96c6-a6c1b2e00e05",
                                                "name": "KHULNA"
                                            }
                                        },
                                        {
                                            "name": "DACOPE",
                                            "id": "0510005c-3839-4f55-a93c-8147fa5657c3",
                                            "state": {
                                                "id": "642a6748-942f-473d-96c6-a6c1b2e00e05",
                                                "name": "KHULNA"
                                            }
                                        },
                                        {
                                            "name": "PAIKGACHHA",
                                            "id": "6dedbbd8-ad85-419e-a6f3-3b7b110beeef",
                                            "state": {
                                                "id": "642a6748-942f-473d-96c6-a6c1b2e00e05",
                                                "name": "KHULNA"
                                            }
                                        },
                                        {
                                            "name": "DIGHALIA",
                                            "id": "01a498b4-e2b8-4196-b1a8-37c83dd96d40",
                                            "state": {
                                                "id": "642a6748-942f-473d-96c6-a6c1b2e00e05",
                                                "name": "KHULNA"
                                            }
                                        },
                                        {
                                            "name": "TEROKHADA",
                                            "id": "78368a85-2301-4b61-b08c-bda0a7f2989d",
                                            "state": {
                                                "id": "642a6748-942f-473d-96c6-a6c1b2e00e05",
                                                "name": "KHULNA"
                                            }
                                        },
                                        {
                                            "name": "PHULTALA",
                                            "id": "de1c9dd2-c46c-4eb3-ae0d-ee1cbd77bfea",
                                            "state": {
                                                "id": "642a6748-942f-473d-96c6-a6c1b2e00e05",
                                                "name": "KHULNA"
                                            }
                                        },
                                        {
                                            "name": "DUMURIA",
                                            "id": "37c742e6-7aac-4034-8ed6-f0e58d0ad522",
                                            "state": {
                                                "id": "642a6748-942f-473d-96c6-a6c1b2e00e05",
                                                "name": "KHULNA"
                                            }
                                        },
                                        {
                                            "name": "KOYRA",
                                            "id": "4e5d83f1-3445-4445-a497-72dd54840c08",
                                            "state": {
                                                "id": "642a6748-942f-473d-96c6-a6c1b2e00e05",
                                                "name": "KHULNA"
                                            }
                                        },
                                        {
                                            "name": "RUPSA",
                                            "id": "0a761827-088c-4d43-a4d2-5904df789dcb",
                                            "state": {
                                                "id": "642a6748-942f-473d-96c6-a6c1b2e00e05",
                                                "name": "KHULNA"
                                            }
                                        }
                                    ]
                                },
                                {
                                    "id": "053cccf1-2ff4-4935-9b97-a7d73d2f29e2",
                                    "name": "NAOGAON",
                                    "upazilas": [
                                        {
                                            "name": "ATRAI",
                                            "id": "ca19d552-2c0f-4c03-99b5-9c84660083a9",
                                            "state": {
                                                "id": "d68c68d2-108e-4635-93d1-28c44525f178",
                                                "name": "RAJSHAHI"
                                            }
                                        },
                                        {
                                            "name": "RANINAGAR",
                                            "id": "bfcd8825-c7fa-4a19-8d0d-f097ba900ea6",
                                            "state": {
                                                "id": "d68c68d2-108e-4635-93d1-28c44525f178",
                                                "name": "RAJSHAHI"
                                            }
                                        },
                                        {
                                            "name": "DHAMOIRHAT",
                                            "id": "fdf566cf-11b6-4c01-ae47-c6c779feb92d",
                                            "state": {
                                                "id": "d68c68d2-108e-4635-93d1-28c44525f178",
                                                "name": "RAJSHAHI"
                                            }
                                        },
                                        {
                                            "name": "PATNITALA",
                                            "id": "1ef21421-63e5-42d4-854d-4da3c572a061",
                                            "state": {
                                                "id": "d68c68d2-108e-4635-93d1-28c44525f178",
                                                "name": "RAJSHAHI"
                                            }
                                        },
                                        {
                                            "name": "NIAMATPUR",
                                            "id": "cb79ca11-a7f4-4de9-8b73-726b9f277260",
                                            "state": {
                                                "id": "d68c68d2-108e-4635-93d1-28c44525f178",
                                                "name": "RAJSHAHI"
                                            }
                                        },
                                        {
                                            "name": "MOHADEVPUR",
                                            "id": "87fc4733-5ba9-4492-a4a3-477e1bbf4965",
                                            "state": {
                                                "id": "d68c68d2-108e-4635-93d1-28c44525f178",
                                                "name": "RAJSHAHI"
                                            }
                                        },
                                        {
                                            "name": "MANDA",
                                            "id": "38a158ef-7fae-4cdf-a906-9bfedbf5ee8d",
                                            "state": {
                                                "id": "d68c68d2-108e-4635-93d1-28c44525f178",
                                                "name": "RAJSHAHI"
                                            }
                                        },
                                        {
                                            "name": "NAOGAON_SADAR",
                                            "id": "433415ed-7b51-415a-9826-c5a655a42e1f",
                                            "state": {
                                                "id": "d68c68d2-108e-4635-93d1-28c44525f178",
                                                "name": "RAJSHAHI"
                                            }
                                        },
                                        {
                                            "name": "PORSHA",
                                            "id": "075b5f29-ffb3-4a22-8bce-255a305320d0",
                                            "state": {
                                                "id": "d68c68d2-108e-4635-93d1-28c44525f178",
                                                "name": "RAJSHAHI"
                                            }
                                        },
                                        {
                                            "name": "BADALGACHHI",
                                            "id": "5a52e1a2-7603-410d-b929-f07424bd3818",
                                            "state": {
                                                "id": "d68c68d2-108e-4635-93d1-28c44525f178",
                                                "name": "RAJSHAHI"
                                            }
                                        },
                                        {
                                            "name": "SAPAHAR",
                                            "id": "f24efbcc-3048-42d4-b2de-3cd80570f107",
                                            "state": {
                                                "id": "d68c68d2-108e-4635-93d1-28c44525f178",
                                                "name": "RAJSHAHI"
                                            }
                                        }
                                    ]
                                },
                                {
                                    "id": "3841e03e-b526-4568-b373-6fb874ae2dd2",
                                    "name": "NARAIL",
                                    "upazilas": [
                                        {
                                            "name": "NARAIL-S UPAZILLA",
                                            "id": "58236735-155d-45f5-81c6-d2528a3327e9",
                                            "state": {
                                                "id": "642a6748-942f-473d-96c6-a6c1b2e00e05",
                                                "name": "KHULNA"
                                            }
                                        },
                                        {
                                            "name": "LOHAGARA UPAZILLA",
                                            "id": "3a7dc21f-8d9e-4db5-83ad-4a42791fcaa4",
                                            "state": {
                                                "id": "642a6748-942f-473d-96c6-a6c1b2e00e05",
                                                "name": "KHULNA"
                                            }
                                        },
                                        {
                                            "name": "KALIA UPAZILLA",
                                            "id": "5e60afd8-8c2b-44ea-992f-027e764fc068",
                                            "state": {
                                                "id": "642a6748-942f-473d-96c6-a6c1b2e00e05",
                                                "name": "KHULNA"
                                            }
                                        }
                                    ]
                                },
                                {
                                    "id": "ba44bb5a-c4fc-4622-9b74-0b5641780581",
                                    "name": "MYMENSINGH",
                                    "upazilas": [
                                        {
                                            "name": "FULBARIA",
                                            "id": "14786483-84f3-4ac4-af4e-6928097bd398",
                                            "state": {
                                                "id": "f6395340-53b2-4824-8252-ef3a164b8446",
                                                "name": "MAYMENSINGH"
                                            }
                                        },
                                        {
                                            "name": "MUKTAGACHHA",
                                            "id": "6112996c-f960-4f30-bd1f-867050a656cb",
                                            "state": {
                                                "id": "f6395340-53b2-4824-8252-ef3a164b8446",
                                                "name": "MAYMENSINGH"
                                            }
                                        },
                                        {
                                            "name": "GAFFARGAON",
                                            "id": "f1027b1e-4a47-4e6f-9dca-8ee4974dcee3",
                                            "state": {
                                                "id": "f6395340-53b2-4824-8252-ef3a164b8446",
                                                "name": "MAYMENSINGH"
                                            }
                                        },
                                        {
                                            "name": "GAURIPUR",
                                            "id": "89af4299-90a2-4e9e-a201-d090d4f0a26a",
                                            "state": {
                                                "id": "f6395340-53b2-4824-8252-ef3a164b8446",
                                                "name": "MAYMENSINGH"
                                            }
                                        },
                                        {
                                            "name": "NANDAIL",
                                            "id": "4a7f82e3-e7f0-4dc1-b216-475ae369c902",
                                            "state": {
                                                "id": "f6395340-53b2-4824-8252-ef3a164b8446",
                                                "name": "MAYMENSINGH"
                                            }
                                        },
                                        {
                                            "name": "PHULPUR",
                                            "id": "e7f43bd5-defe-4d78-a9ea-8394b2d85ae8",
                                            "state": {
                                                "id": "f6395340-53b2-4824-8252-ef3a164b8446",
                                                "name": "MAYMENSINGH"
                                            }
                                        },
                                        {
                                            "name": "ISHWARGANJ",
                                            "id": "343276b0-a108-4b67-aa9f-6ff2eecfa3f1",
                                            "state": {
                                                "id": "f6395340-53b2-4824-8252-ef3a164b8446",
                                                "name": "MAYMENSINGH"
                                            }
                                        },
                                        {
                                            "name": "HALUAGHAT",
                                            "id": "b3cf9a18-0480-4a79-b898-0c9558158569",
                                            "state": {
                                                "id": "f6395340-53b2-4824-8252-ef3a164b8446",
                                                "name": "MAYMENSINGH"
                                            }
                                        },
                                        {
                                            "name": "MYMENSINGH_SADAR",
                                            "id": "944d5c60-96f6-4b1b-9245-57a7d1b8f80c",
                                            "state": {
                                                "id": "f6395340-53b2-4824-8252-ef3a164b8446",
                                                "name": "MAYMENSINGH"
                                            }
                                        },
                                        {
                                            "name": "TRISHAL",
                                            "id": "b54f2e4f-fadd-4386-a7fe-e29c806df77b",
                                            "state": {
                                                "id": "f6395340-53b2-4824-8252-ef3a164b8446",
                                                "name": "MAYMENSINGH"
                                            }
                                        },
                                        {
                                            "name": "DHOBAURA",
                                            "id": "90e06f5e-7571-4ce8-a713-53b94b2b6770",
                                            "state": {
                                                "id": "f6395340-53b2-4824-8252-ef3a164b8446",
                                                "name": "MAYMENSINGH"
                                            }
                                        },
                                        {
                                            "name": "BHALUKA",
                                            "id": "34920b68-a4b6-444b-95f5-d072d29fc1eb",
                                            "state": {
                                                "id": "f6395340-53b2-4824-8252-ef3a164b8446",
                                                "name": "MAYMENSINGH"
                                            }
                                        }
                                    ]
                                },
                                {
                                    "id": "bbed7d2c-59fb-43ce-a03c-8abd7a9f8f18",
                                    "name": "NARSINGDI",
                                    "upazilas": [
                                        {
                                            "name": "SHIBPUR",
                                            "id": "189fa0e5-3fba-4bb7-a1fa-1244de4d259c",
                                            "state": {
                                                "id": "9c75a95b-9f42-4ca9-a152-78c492590a6f",
                                                "name": "DHAKA"
                                            }
                                        },
                                        {
                                            "name": "MONOHARDI",
                                            "id": "243e2783-eb7e-4284-9ad6-461870dc8937",
                                            "state": {
                                                "id": "9c75a95b-9f42-4ca9-a152-78c492590a6f",
                                                "name": "DHAKA"
                                            }
                                        },
                                        {
                                            "name": "BELABO",
                                            "id": "785efd52-cefe-46f7-9a57-3a0b9ff6e8f6",
                                            "state": {
                                                "id": "9c75a95b-9f42-4ca9-a152-78c492590a6f",
                                                "name": "DHAKA"
                                            }
                                        },
                                        {
                                            "name": "RAIPURA, NARSINGDI",
                                            "id": "62845bb0-be44-48d6-a163-908e4b35b7fb",
                                            "state": {
                                                "id": "9c75a95b-9f42-4ca9-a152-78c492590a6f",
                                                "name": "DHAKA"
                                            }
                                        },
                                        {
                                            "name": "NARSINGDI_SADAR",
                                            "id": "06b56b35-2e12-44ba-b18f-22cd4d6ecb98",
                                            "state": {
                                                "id": "9c75a95b-9f42-4ca9-a152-78c492590a6f",
                                                "name": "DHAKA"
                                            }
                                        },
                                        {
                                            "name": "PALASH",
                                            "id": "ccd33f77-057f-4819-bdf6-a7da5785e2c5",
                                            "state": {
                                                "id": "9c75a95b-9f42-4ca9-a152-78c492590a6f",
                                                "name": "DHAKA"
                                            }
                                        }
                                    ]
                                },
                                {
                                    "id": "8b99d1ec-6c05-4e8e-b708-8216c9690652",
                                    "name": "RAJBARI",
                                    "upazilas": [
                                        {
                                            "name": "KALUKHALI",
                                            "id": "ad20fd23-08a0-4422-a4ce-2d664b65fc2e",
                                            "state": {
                                                "id": "9c75a95b-9f42-4ca9-a152-78c492590a6f",
                                                "name": "DHAKA"
                                            }
                                        },
                                        {
                                            "name": "RAJBARI_SADAR",
                                            "id": "a60723aa-280a-4b8b-a4fd-b2fa0323c4c4",
                                            "state": {
                                                "id": "9c75a95b-9f42-4ca9-a152-78c492590a6f",
                                                "name": "DHAKA"
                                            }
                                        },
                                        {
                                            "name": "BALIAKANDI",
                                            "id": "a654e917-d396-4a82-9e9d-9ab7581b3c1b",
                                            "state": {
                                                "id": "9c75a95b-9f42-4ca9-a152-78c492590a6f",
                                                "name": "DHAKA"
                                            }
                                        },
                                        {
                                            "name": "GOALANDAGHAT",
                                            "id": "7de09957-126b-4fee-9833-49f637931f79",
                                            "state": {
                                                "id": "9c75a95b-9f42-4ca9-a152-78c492590a6f",
                                                "name": "DHAKA"
                                            }
                                        },
                                        {
                                            "name": "PANGSHA",
                                            "id": "532c2c8a-0a92-4c5c-9710-622eabaab454",
                                            "state": {
                                                "id": "9c75a95b-9f42-4ca9-a152-78c492590a6f",
                                                "name": "DHAKA"
                                            }
                                        }
                                    ]
                                },
                                {
                                    "id": "8a26a551-dbef-4fa9-b50c-17a7fe590b13",
                                    "name": "SIRAJGONJ",
                                    "upazilas": [
                                        {
                                            "name": "KAZIPUR",
                                            "id": "b1363ee2-d297-4f58-a353-d94bba646dd6",
                                            "state": {
                                                "id": "d68c68d2-108e-4635-93d1-28c44525f178",
                                                "name": "RAJSHAHI"
                                            }
                                        },
                                        {
                                            "name": "RAIGANJ",
                                            "id": "3b9f4a36-dc41-48ab-9261-4843e2dee251",
                                            "state": {
                                                "id": "d68c68d2-108e-4635-93d1-28c44525f178",
                                                "name": "RAJSHAHI"
                                            }
                                        },
                                        {
                                            "name": "BELKUCHI",
                                            "id": "346c0522-e283-421d-9991-d95c10faf7b8",
                                            "state": {
                                                "id": "d68c68d2-108e-4635-93d1-28c44525f178",
                                                "name": "RAJSHAHI"
                                            }
                                        },
                                        {
                                            "name": "KAMARKHANDA",
                                            "id": "0012b1ec-f07e-4956-8208-d99e74a19aa7",
                                            "state": {
                                                "id": "d68c68d2-108e-4635-93d1-28c44525f178",
                                                "name": "RAJSHAHI"
                                            }
                                        },
                                        {
                                            "name": "SIRAJGANJ_SADAR",
                                            "id": "983f7c6b-9831-4027-b0f9-0e909b74e4ab",
                                            "state": {
                                                "id": "d68c68d2-108e-4635-93d1-28c44525f178",
                                                "name": "RAJSHAHI"
                                            }
                                        },
                                        {
                                            "name": "CHAUHALI",
                                            "id": "fa6ccc95-c941-4284-8d9f-7c4624683e0c",
                                            "state": {
                                                "id": "d68c68d2-108e-4635-93d1-28c44525f178",
                                                "name": "RAJSHAHI"
                                            }
                                        },
                                        {
                                            "name": "TARASH",
                                            "id": "72d45478-f1c8-4317-a912-5f90a6033813",
                                            "state": {
                                                "id": "d68c68d2-108e-4635-93d1-28c44525f178",
                                                "name": "RAJSHAHI"
                                            }
                                        },
                                        {
                                            "name": "SHAHJADPUR",
                                            "id": "aba04480-80aa-4c49-94f5-54a5f8cec70c",
                                            "state": {
                                                "id": "d68c68d2-108e-4635-93d1-28c44525f178",
                                                "name": "RAJSHAHI"
                                            }
                                        },
                                        {
                                            "name": "ULLAHPARA",
                                            "id": "2b03ca99-77d6-4dac-8c30-72fd7820b170",
                                            "state": {
                                                "id": "d68c68d2-108e-4635-93d1-28c44525f178",
                                                "name": "RAJSHAHI"
                                            }
                                        }
                                    ]
                                },
                                {
                                    "id": "3b2a6a3c-5159-471d-abe6-9f4ebad7e6c1",
                                    "name": "MAGURA",
                                    "upazilas": [
                                        {
                                            "name": "SHALIKHA",
                                            "id": "a2705dba-cae2-4e3d-86f6-8ed9c08df535",
                                            "state": {
                                                "id": "642a6748-942f-473d-96c6-a6c1b2e00e05",
                                                "name": "KHULNA"
                                            }
                                        },
                                        {
                                            "name": "MOHAMMADPUR",
                                            "id": "53edb99e-47b4-4979-b3f5-3d80de1b7118",
                                            "state": {
                                                "id": "642a6748-942f-473d-96c6-a6c1b2e00e05",
                                                "name": "KHULNA"
                                            }
                                        },
                                        {
                                            "name": "MAGURA_SADAR",
                                            "id": "dd0bd5ac-d63d-407d-bcf5-ba24191b7cba",
                                            "state": {
                                                "id": "642a6748-942f-473d-96c6-a6c1b2e00e05",
                                                "name": "KHULNA"
                                            }
                                        },
                                        {
                                            "name": "SREEPUR",
                                            "id": "4e4122d5-c778-4303-823f-8a95b13f3f77",
                                            "state": {
                                                "id": "642a6748-942f-473d-96c6-a6c1b2e00e05",
                                                "name": "KHULNA"
                                            }
                                        }
                                    ]
                                },
                                {
                                    "id": "9dd946ca-b2e9-4369-9456-5d7c8308901c",
                                    "name": "JHALOKATI",
                                    "upazilas": [
                                        {
                                            "name": "RAJAPUR",
                                            "id": "595eceec-72ac-4b2a-a8c1-4d1a9d8c93dc",
                                            "state": {
                                                "id": "5cbbb439-96e7-4f60-bf2f-abddd0d03e7e",
                                                "name": "BARISAL"
                                            }
                                        },
                                        {
                                            "name": "NALCHITY",
                                            "id": "c16b84e6-4636-4559-9713-bbfb460be2ec",
                                            "state": {
                                                "id": "5cbbb439-96e7-4f60-bf2f-abddd0d03e7e",
                                                "name": "BARISAL"
                                            }
                                        },
                                        {
                                            "name": "JHALOKATI_SADAR",
                                            "id": "3c848ec1-c630-48f7-8327-8230e4d16846",
                                            "state": {
                                                "id": "5cbbb439-96e7-4f60-bf2f-abddd0d03e7e",
                                                "name": "BARISAL"
                                            }
                                        },
                                        {
                                            "name": "KATHALIA",
                                            "id": "98bbf847-31a1-4d55-a771-a5d045976cfe",
                                            "state": {
                                                "id": "5cbbb439-96e7-4f60-bf2f-abddd0d03e7e",
                                                "name": "BARISAL"
                                            }
                                        }
                                    ]
                                },
                                {
                                    "id": "e9431d37-c6a8-49a5-b5f5-3d8c14bc8ec7",
                                    "name": "LALMONIRHAT",
                                    "upazilas": [
                                        {
                                            "name": "KALIGANJ",
                                            "id": "40f7ed07-08b0-4244-9f65-17971aaeb6d2",
                                            "state": {
                                                "id": "b8c19906-b4fc-4745-ac93-af957934136b",
                                                "name": "RANGPUR"
                                            }
                                        },
                                        {
                                            "name": "LALMANIRHAT_SADAR",
                                            "id": "c3fdab30-b48f-484a-bcab-d8fdb8038626",
                                            "state": {
                                                "id": "b8c19906-b4fc-4745-ac93-af957934136b",
                                                "name": "RANGPUR"
                                            }
                                        },
                                        {
                                            "name": "HATIBANDHA",
                                            "id": "81a52b21-ee0e-4b30-af0e-077ef3b01cc5",
                                            "state": {
                                                "id": "b8c19906-b4fc-4745-ac93-af957934136b",
                                                "name": "RANGPUR"
                                            }
                                        },
                                        {
                                            "name": "ADITMARI",
                                            "id": "b4123b8d-af34-4c2f-8755-8c8d37c59e89",
                                            "state": {
                                                "id": "b8c19906-b4fc-4745-ac93-af957934136b",
                                                "name": "RANGPUR"
                                            }
                                        },
                                        {
                                            "name": "PATGRAM",
                                            "id": "bff9e973-cc00-4aaa-8e53-4ca5ff6dab3d",
                                            "state": {
                                                "id": "b8c19906-b4fc-4745-ac93-af957934136b",
                                                "name": "RANGPUR"
                                            }
                                        }
                                    ]
                                },
                                {
                                    "id": "3244a7d0-e432-4753-841f-cdbd7aa1f437",
                                    "name": "SHARIATPUR",
                                    "upazilas": [
                                        {
                                            "name": "NARIA",
                                            "id": "3e8850ed-a488-46ae-afa3-5b567c539ba2",
                                            "state": {
                                                "id": "9c75a95b-9f42-4ca9-a152-78c492590a6f",
                                                "name": "DHAKA"
                                            }
                                        },
                                        {
                                            "name": "BHEDARGANJ",
                                            "id": "088a2bdf-e98a-407a-9096-01143b440bf1",
                                            "state": {
                                                "id": "9c75a95b-9f42-4ca9-a152-78c492590a6f",
                                                "name": "DHAKA"
                                            }
                                        },
                                        {
                                            "name": "JAJIRA",
                                            "id": "c37722a7-f975-43ee-856b-2059735e3915",
                                            "state": {
                                                "id": "9c75a95b-9f42-4ca9-a152-78c492590a6f",
                                                "name": "DHAKA"
                                            }
                                        },
                                        {
                                            "name": "DAMUDYA",
                                            "id": "e5e20af1-f619-4df7-be4a-ee1958717815",
                                            "state": {
                                                "id": "9c75a95b-9f42-4ca9-a152-78c492590a6f",
                                                "name": "DHAKA"
                                            }
                                        },
                                        {
                                            "name": "SHARIATPUR_SADAR -PALONG",
                                            "id": "0d38ea96-e004-4fab-93d8-88216ca015ef",
                                            "state": {
                                                "id": "9c75a95b-9f42-4ca9-a152-78c492590a6f",
                                                "name": "DHAKA"
                                            }
                                        },
                                        {
                                            "name": "GOSAIRHAT",
                                            "id": "92f19d77-dcd7-4b5b-95bc-de0ca310248c",
                                            "state": {
                                                "id": "9c75a95b-9f42-4ca9-a152-78c492590a6f",
                                                "name": "DHAKA"
                                            }
                                        }
                                    ]
                                },
                                {
                                    "id": "dd4ed0a1-039e-4411-9337-e3bf3f9def9b",
                                    "name": "FENI",
                                    "upazilas": [
                                        {
                                            "name": "SONAGAZI",
                                            "id": "27efec53-92df-41c3-bc6a-9e81493d016d",
                                            "state": {
                                                "id": "d4e8944a-6e8f-4d6e-a313-2228cfe9a567",
                                                "name": "CHITTAGONG"
                                            }
                                        },
                                        {
                                            "name": "DAGANBHYAN",
                                            "id": "53afc9e2-06de-4aa2-b8b0-a05e8293b780",
                                            "state": {
                                                "id": "d4e8944a-6e8f-4d6e-a313-2228cfe9a567",
                                                "name": "CHITTAGONG"
                                            }
                                        },
                                        {
                                            "name": "PARSHURAM",
                                            "id": "49ff9838-f33c-474c-b129-2c9ae86e3ee4",
                                            "state": {
                                                "id": "d4e8944a-6e8f-4d6e-a313-2228cfe9a567",
                                                "name": "CHITTAGONG"
                                            }
                                        },
                                        {
                                            "name": "CHAGALNAIYA",
                                            "id": "04c3cb80-8635-455a-a5fa-84dbaa621b70",
                                            "state": {
                                                "id": "d4e8944a-6e8f-4d6e-a313-2228cfe9a567",
                                                "name": "CHITTAGONG"
                                            }
                                        },
                                        {
                                            "name": "FHULGAZI",
                                            "id": "3290d327-252d-4ac8-b994-c32aa5683ffa",
                                            "state": {
                                                "id": "d4e8944a-6e8f-4d6e-a313-2228cfe9a567",
                                                "name": "CHITTAGONG"
                                            }
                                        },
                                        {
                                            "name": "FENI_SADAR",
                                            "id": "d7952bf9-ddfa-4bc5-a8f0-41dfc66a892e",
                                            "state": {
                                                "id": "d4e8944a-6e8f-4d6e-a313-2228cfe9a567",
                                                "name": "CHITTAGONG"
                                            }
                                        }
                                    ]
                                },
                                {
                                    "id": "970ee245-d795-4373-923b-1d66e666d1a6",
                                    "name": "PATUAKHALI",
                                    "upazilas": [
                                        {
                                            "name": "PATUAKHALI_SADAR",
                                            "id": "afda7029-c236-44ba-b3df-5855d1e83414",
                                            "state": {
                                                "id": "5cbbb439-96e7-4f60-bf2f-abddd0d03e7e",
                                                "name": "BARISAL"
                                            }
                                        },
                                        {
                                            "name": "DASHMINA",
                                            "id": "89e2dffc-cb82-4fdd-9f42-8823500f1b10",
                                            "state": {
                                                "id": "5cbbb439-96e7-4f60-bf2f-abddd0d03e7e",
                                                "name": "BARISAL"
                                            }
                                        },
                                        {
                                            "name": "MIRZAGANJ",
                                            "id": "485e7d51-a1c0-4758-84c1-72129e770eba",
                                            "state": {
                                                "id": "5cbbb439-96e7-4f60-bf2f-abddd0d03e7e",
                                                "name": "BARISAL"
                                            }
                                        },
                                        {
                                            "name": "KALAPARA",
                                            "id": "0f279548-56c6-469b-931d-98f8666550f4",
                                            "state": {
                                                "id": "5cbbb439-96e7-4f60-bf2f-abddd0d03e7e",
                                                "name": "BARISAL"
                                            }
                                        },
                                        {
                                            "name": "GALACHIPA",
                                            "id": "fe4542b1-4c54-435c-93bf-7528621355b9",
                                            "state": {
                                                "id": "5cbbb439-96e7-4f60-bf2f-abddd0d03e7e",
                                                "name": "BARISAL"
                                            }
                                        },
                                        {
                                            "name": "BAUPHAL",
                                            "id": "3befd289-1458-4cfc-bc85-f929255b4161",
                                            "state": {
                                                "id": "5cbbb439-96e7-4f60-bf2f-abddd0d03e7e",
                                                "name": "BARISAL"
                                            }
                                        },
                                        {
                                            "name": "RANGABALI",
                                            "id": "fd694849-085a-4e6e-b708-fc06792067cf",
                                            "state": {
                                                "id": "5cbbb439-96e7-4f60-bf2f-abddd0d03e7e",
                                                "name": "BARISAL"
                                            }
                                        },
                                        {
                                            "name": "DUMKI",
                                            "id": "acde2384-2fcd-4771-bf87-1b5b08efe4a3",
                                            "state": {
                                                "id": "5cbbb439-96e7-4f60-bf2f-abddd0d03e7e",
                                                "name": "BARISAL"
                                            }
                                        }
                                    ]
                                },
                                {
                                    "id": "467a49c1-9b1e-4409-a811-a2541a28cc9d",
                                    "name": "RANGPUR",
                                    "upazilas": [
                                        {
                                            "name": "TARAGANJ",
                                            "id": "f3cafdc7-ff33-4c9a-bf41-e092493e5e1b",
                                            "state": {
                                                "id": "b8c19906-b4fc-4745-ac93-af957934136b",
                                                "name": "RANGPUR"
                                            }
                                        },
                                        {
                                            "name": "GANGACHARA",
                                            "id": "331ce02e-1f27-429d-9256-95faacb19759",
                                            "state": {
                                                "id": "b8c19906-b4fc-4745-ac93-af957934136b",
                                                "name": "RANGPUR"
                                            }
                                        },
                                        {
                                            "name": "BADARGANJ",
                                            "id": "23b5ff55-5742-48ae-9dc6-b15f225a1268",
                                            "state": {
                                                "id": "b8c19906-b4fc-4745-ac93-af957934136b",
                                                "name": "RANGPUR"
                                            }
                                        },
                                        {
                                            "name": "KAUNIA",
                                            "id": "ea59b48e-61b7-40d5-a041-3189f4143167",
                                            "state": {
                                                "id": "b8c19906-b4fc-4745-ac93-af957934136b",
                                                "name": "RANGPUR"
                                            }
                                        },
                                        {
                                            "name": "PIRGACHHA",
                                            "id": "513d1649-1f41-498e-ac2d-6912f8b2327d",
                                            "state": {
                                                "id": "b8c19906-b4fc-4745-ac93-af957934136b",
                                                "name": "RANGPUR"
                                            }
                                        },
                                        {
                                            "name": "MITHAPUKUR",
                                            "id": "d8e55f9d-f8ec-4027-a775-ffb34e90a6c2",
                                            "state": {
                                                "id": "b8c19906-b4fc-4745-ac93-af957934136b",
                                                "name": "RANGPUR"
                                            }
                                        },
                                        {
                                            "name": "RANGPUR_SADAR",
                                            "id": "c7f28afe-ce75-4b54-9eb0-8ad04f863a9d",
                                            "state": {
                                                "id": "b8c19906-b4fc-4745-ac93-af957934136b",
                                                "name": "RANGPUR"
                                            }
                                        }
                                    ]
                                },
                                {
                                    "id": "086915fc-d139-4e2e-839c-b38a5be1e5f6",
                                    "name": "GAIBANDHA",
                                    "upazilas": [
                                        {
                                            "name": "SAGHATA",
                                            "id": "7b7f1bed-05af-46ef-9a98-c4be724fd5e2",
                                            "state": {
                                                "id": "b8c19906-b4fc-4745-ac93-af957934136b",
                                                "name": "RANGPUR"
                                            }
                                        },
                                        {
                                            "name": "SUNDARGANJ",
                                            "id": "b3c77682-f3b2-43a0-b18f-ce0fde8cd30d",
                                            "state": {
                                                "id": "b8c19906-b4fc-4745-ac93-af957934136b",
                                                "name": "RANGPUR"
                                            }
                                        },
                                        {
                                            "name": "GAIBANDHA_SADAR",
                                            "id": "549a592d-7e92-4dba-98a2-ccf8988786d4",
                                            "state": {
                                                "id": "b8c19906-b4fc-4745-ac93-af957934136b",
                                                "name": "RANGPUR"
                                            }
                                        },
                                        {
                                            "name": "PALASHBARI",
                                            "id": "4ca323ee-31f6-4126-a12e-b8ac59881175",
                                            "state": {
                                                "id": "b8c19906-b4fc-4745-ac93-af957934136b",
                                                "name": "RANGPUR"
                                            }
                                        },
                                        {
                                            "name": "GOBINDAGANJ",
                                            "id": "f28adc54-023d-4585-9859-72797f1a509b",
                                            "state": {
                                                "id": "b8c19906-b4fc-4745-ac93-af957934136b",
                                                "name": "RANGPUR"
                                            }
                                        },
                                        {
                                            "name": "FULCHHARI",
                                            "id": "a2a7553c-a2bd-44e5-bd52-0a085246f0a3",
                                            "state": {
                                                "id": "b8c19906-b4fc-4745-ac93-af957934136b",
                                                "name": "RANGPUR"
                                            }
                                        },
                                        {
                                            "name": "SADULLAPUR",
                                            "id": "e9b50e9e-ac38-4969-b483-d3972f87cee4",
                                            "state": {
                                                "id": "b8c19906-b4fc-4745-ac93-af957934136b",
                                                "name": "RANGPUR"
                                            }
                                        }
                                    ]
                                },
                                {
                                    "id": "1c714c0b-021b-4301-a593-2c83a2313649",
                                    "name": "JASHORE",
                                    "upazilas": [
                                        {
                                            "name": "JESSORE_SADAR",
                                            "id": "42f61364-59f7-4623-9426-6cdc057ec349",
                                            "state": {
                                                "id": "642a6748-942f-473d-96c6-a6c1b2e00e05",
                                                "name": "KHULNA"
                                            }
                                        },
                                        {
                                            "name": "JHIKARGACHHA",
                                            "id": "e8528241-9712-4342-9aeb-09f71796e266",
                                            "state": {
                                                "id": "642a6748-942f-473d-96c6-a6c1b2e00e05",
                                                "name": "KHULNA"
                                            }
                                        },
                                        {
                                            "name": "CHAUGACHHA",
                                            "id": "12c0fdba-54d7-44c3-8261-799edb2af99c",
                                            "state": {
                                                "id": "642a6748-942f-473d-96c6-a6c1b2e00e05",
                                                "name": "KHULNA"
                                            }
                                        },
                                        {
                                            "name": "SHARSHA",
                                            "id": "cbf6f38e-583e-4ccc-b6d4-79af79fa8219",
                                            "state": {
                                                "id": "642a6748-942f-473d-96c6-a6c1b2e00e05",
                                                "name": "KHULNA"
                                            }
                                        },
                                        {
                                            "name": "MANIRAMPUR",
                                            "id": "d0720ff4-ff9b-465d-91e9-aa3c8b7786e6",
                                            "state": {
                                                "id": "642a6748-942f-473d-96c6-a6c1b2e00e05",
                                                "name": "KHULNA"
                                            }
                                        },
                                        {
                                            "name": "KESHABPUR",
                                            "id": "eb816407-8817-4b72-a245-aa3d26a6730a",
                                            "state": {
                                                "id": "642a6748-942f-473d-96c6-a6c1b2e00e05",
                                                "name": "KHULNA"
                                            }
                                        },
                                        {
                                            "name": "BAGHERPARA",
                                            "id": "57a33475-5412-4756-96a0-c856f6e69819",
                                            "state": {
                                                "id": "642a6748-942f-473d-96c6-a6c1b2e00e05",
                                                "name": "KHULNA"
                                            }
                                        }
                                    ]
                                },
                                {
                                    "id": "e6fbbbf2-76b6-454c-aab1-00bae43ee7fb",
                                    "name": "CHANDPUR",
                                    "upazilas": [
                                        {
                                            "name": "MATLAB UTTAR",
                                            "id": "063793f3-d840-4cd8-9b37-16b346b5802b",
                                            "state": {
                                                "id": "d4e8944a-6e8f-4d6e-a313-2228cfe9a567",
                                                "name": "CHITTAGONG"
                                            }
                                        },
                                        {
                                            "name": "CHANDPUR_SADAR",
                                            "id": "ed3e766b-5c5f-4898-9807-c60656a34d68",
                                            "state": {
                                                "id": "d4e8944a-6e8f-4d6e-a313-2228cfe9a567",
                                                "name": "CHITTAGONG"
                                            }
                                        },
                                        {
                                            "name": "FARIDGANJ",
                                            "id": "80004c2e-4af7-4c54-a08f-7c5eab9de5b7",
                                            "state": {
                                                "id": "d4e8944a-6e8f-4d6e-a313-2228cfe9a567",
                                                "name": "CHITTAGONG"
                                            }
                                        },
                                        {
                                            "name": "SHAHRASTI",
                                            "id": "ce322d53-bbdb-415b-8d13-45a8185dce83",
                                            "state": {
                                                "id": "d4e8944a-6e8f-4d6e-a313-2228cfe9a567",
                                                "name": "CHITTAGONG"
                                            }
                                        },
                                        {
                                            "name": "HAIMCHAR",
                                            "id": "b7b43526-46a4-48d6-8d67-f4c15ba2afe0",
                                            "state": {
                                                "id": "d4e8944a-6e8f-4d6e-a313-2228cfe9a567",
                                                "name": "CHITTAGONG"
                                            }
                                        },
                                        {
                                            "name": "MATLAB DAKKHIN",
                                            "id": "c099cd9b-69a4-4e70-9314-2d54f940fcd8",
                                            "state": {
                                                "id": "d4e8944a-6e8f-4d6e-a313-2228cfe9a567",
                                                "name": "CHITTAGONG"
                                            }
                                        },
                                        {
                                            "name": "HAZIGANJ",
                                            "id": "d4f9f2a0-9974-4d64-9cf0-139a6619407e",
                                            "state": {
                                                "id": "d4e8944a-6e8f-4d6e-a313-2228cfe9a567",
                                                "name": "CHITTAGONG"
                                            }
                                        }
                                    ]
                                },
                                {
                                    "id": "82157ea8-5e09-483d-82b6-7fbc0c15ead9",
                                    "name": "CHUADANGA",
                                    "upazilas": [
                                        {
                                            "name": "JIBANNAGAR",
                                            "id": "056bb4e6-8df9-4275-8bd0-5de51d1375e5",
                                            "state": {
                                                "id": "642a6748-942f-473d-96c6-a6c1b2e00e05",
                                                "name": "KHULNA"
                                            }
                                        },
                                        {
                                            "name": "DAMURHUDA",
                                            "id": "48021efd-36b5-4321-8505-e9d5d2388c27",
                                            "state": {
                                                "id": "642a6748-942f-473d-96c6-a6c1b2e00e05",
                                                "name": "KHULNA"
                                            }
                                        },
                                        {
                                            "name": "CHUADANGA-S",
                                            "id": "6074f64e-f724-4a45-89fa-45dd861ff000",
                                            "state": {
                                                "id": "642a6748-942f-473d-96c6-a6c1b2e00e05",
                                                "name": "KHULNA"
                                            }
                                        },
                                        {
                                            "name": "ALAMDANGA",
                                            "id": "d0578b99-4bb0-4dbd-9c2c-55ba5b2dd713",
                                            "state": {
                                                "id": "642a6748-942f-473d-96c6-a6c1b2e00e05",
                                                "name": "KHULNA"
                                            }
                                        }
                                    ]
                                },
                                {
                                    "id": "fdd90dd4-29f5-47e3-9c83-86247e30e011",
                                    "name": "MANIKGANJ",
                                    "upazilas": [
                                        {
                                            "name": "SATURIA",
                                            "id": "d9009b9c-883f-44b8-8510-e89dd74298ef",
                                            "state": {
                                                "id": "9c75a95b-9f42-4ca9-a152-78c492590a6f",
                                                "name": "DHAKA"
                                            }
                                        },
                                        {
                                            "name": "SHIBALAYA",
                                            "id": "ab1e982e-faba-4f99-93af-8be8a4fd5fe5",
                                            "state": {
                                                "id": "9c75a95b-9f42-4ca9-a152-78c492590a6f",
                                                "name": "DHAKA"
                                            }
                                        },
                                        {
                                            "name": "GHIOR",
                                            "id": "39c075ea-6975-49d4-9028-f904f0bf6c6c",
                                            "state": {
                                                "id": "9c75a95b-9f42-4ca9-a152-78c492590a6f",
                                                "name": "DHAKA"
                                            }
                                        },
                                        {
                                            "name": "HARIRAMPUR",
                                            "id": "a11e3d5b-0753-4029-9491-ea2ea72465aa",
                                            "state": {
                                                "id": "9c75a95b-9f42-4ca9-a152-78c492590a6f",
                                                "name": "DHAKA"
                                            }
                                        },
                                        {
                                            "name": "SINGAIR",
                                            "id": "f178d21b-89ed-42df-a9a3-21f108b44d28",
                                            "state": {
                                                "id": "9c75a95b-9f42-4ca9-a152-78c492590a6f",
                                                "name": "DHAKA"
                                            }
                                        },
                                        {
                                            "name": "MANIKGANJ_SADAR",
                                            "id": "75442244-e5ad-4289-8a34-d5615d19b3a4",
                                            "state": {
                                                "id": "9c75a95b-9f42-4ca9-a152-78c492590a6f",
                                                "name": "DHAKA"
                                            }
                                        }
                                    ]
                                },
                                {
                                    "id": "eb65d06c-18a8-4220-abbb-a4fc1de8f740",
                                    "name": "MUNSHIGANJ",
                                    "upazilas": [
                                        {
                                            "name": "GAZARIA",
                                            "id": "d93e5ad7-1fa9-453b-be01-f707de0dee0d",
                                            "state": {
                                                "id": "9c75a95b-9f42-4ca9-a152-78c492590a6f",
                                                "name": "DHAKA"
                                            }
                                        },
                                        {
                                            "name": "LOHAJANG",
                                            "id": "8de67669-ef24-4fc0-974d-614802bc635c",
                                            "state": {
                                                "id": "9c75a95b-9f42-4ca9-a152-78c492590a6f",
                                                "name": "DHAKA"
                                            }
                                        },
                                        {
                                            "name": "SREENAGAR",
                                            "id": "8f4bf6d0-176e-46a3-911b-50fa597f928a",
                                            "state": {
                                                "id": "9c75a95b-9f42-4ca9-a152-78c492590a6f",
                                                "name": "DHAKA"
                                            }
                                        },
                                        {
                                            "name": "MUNSHIGANJ_SADAR",
                                            "id": "d0ee788a-80bc-41a6-85c0-285852acb1c1",
                                            "state": {
                                                "id": "9c75a95b-9f42-4ca9-a152-78c492590a6f",
                                                "name": "DHAKA"
                                            }
                                        },
                                        {
                                            "name": "SIRAJDIKHAN",
                                            "id": "76276c1f-b0a4-4ad9-8994-f7056d23bcfd",
                                            "state": {
                                                "id": "9c75a95b-9f42-4ca9-a152-78c492590a6f",
                                                "name": "DHAKA"
                                            }
                                        },
                                        {
                                            "name": "TONGIBARI",
                                            "id": "632c71cf-94e4-43da-b567-79d0e8ddc66c",
                                            "state": {
                                                "id": "9c75a95b-9f42-4ca9-a152-78c492590a6f",
                                                "name": "DHAKA"
                                            }
                                        }
                                    ]
                                },
                                {
                                    "id": "27088eef-3fb2-45db-83f6-7b5820818817",
                                    "name": "KUSHTIA",
                                    "upazilas": [
                                        {
                                            "name": "KUMARKHALI",
                                            "id": "f172ffc4-fc9f-49de-956b-6385b8fd74d3",
                                            "state": {
                                                "id": "642a6748-942f-473d-96c6-a6c1b2e00e05",
                                                "name": "KHULNA"
                                            }
                                        },
                                        {
                                            "name": "BHERAMARA",
                                            "id": "7a6ae3eb-abfb-4059-9759-59fc79242f27",
                                            "state": {
                                                "id": "642a6748-942f-473d-96c6-a6c1b2e00e05",
                                                "name": "KHULNA"
                                            }
                                        },
                                        {
                                            "name": "KUSHTIA_SADAR",
                                            "id": "080eebe9-aace-48e8-81c5-85b575971f51",
                                            "state": {
                                                "id": "642a6748-942f-473d-96c6-a6c1b2e00e05",
                                                "name": "KHULNA"
                                            }
                                        },
                                        {
                                            "name": "MIRPUR",
                                            "id": "b652dbdd-b30a-4afb-886c-9d59c58a8c0e",
                                            "state": {
                                                "id": "642a6748-942f-473d-96c6-a6c1b2e00e05",
                                                "name": "KHULNA"
                                            }
                                        },
                                        {
                                            "name": "KHOKSA",
                                            "id": "2efbd4a2-b662-4471-a226-7feb55866616",
                                            "state": {
                                                "id": "642a6748-942f-473d-96c6-a6c1b2e00e05",
                                                "name": "KHULNA"
                                            }
                                        },
                                        {
                                            "name": "DAULATPUR",
                                            "id": "ca60c131-5d3d-4e69-a08a-e346ffaea90a",
                                            "state": {
                                                "id": "642a6748-942f-473d-96c6-a6c1b2e00e05",
                                                "name": "KHULNA"
                                            }
                                        }
                                    ]
                                },
                                {
                                    "id": "3f0b76be-22bf-4ac9-8a29-0dc53c9641c5",
                                    "name": "BOGURA",
                                    "upazilas": [
                                        {
                                            "name": "SHERPUR",
                                            "id": "27718256-3ec0-4b90-803d-2e077b4c6bb7",
                                            "state": {
                                                "id": "d68c68d2-108e-4635-93d1-28c44525f178",
                                                "name": "RAJSHAHI"
                                            }
                                        },
                                        {
                                            "name": "SARIAKANDI",
                                            "id": "c5843f0e-3bc2-4e45-b823-b5ca3c5c9991",
                                            "state": {
                                                "id": "d68c68d2-108e-4635-93d1-28c44525f178",
                                                "name": "RAJSHAHI"
                                            }
                                        },
                                        {
                                            "name": "NANDIGRAM",
                                            "id": "1085c7de-e430-45fc-970e-79f4336a854a",
                                            "state": {
                                                "id": "d68c68d2-108e-4635-93d1-28c44525f178",
                                                "name": "RAJSHAHI"
                                            }
                                        },
                                        {
                                            "name": "ADAMDIGHI",
                                            "id": "d4fb9820-bf93-498b-bbd9-68c432008c8b",
                                            "state": {
                                                "id": "d68c68d2-108e-4635-93d1-28c44525f178",
                                                "name": "RAJSHAHI"
                                            }
                                        },
                                        {
                                            "name": "DHUNAT",
                                            "id": "4ae13d59-e9e4-47c7-afc0-9f8bfa03e321",
                                            "state": {
                                                "id": "d68c68d2-108e-4635-93d1-28c44525f178",
                                                "name": "RAJSHAHI"
                                            }
                                        },
                                        {
                                            "name": "GABTALI",
                                            "id": "23160f5f-aec6-4b0b-81c4-5aa895621020",
                                            "state": {
                                                "id": "d68c68d2-108e-4635-93d1-28c44525f178",
                                                "name": "RAJSHAHI"
                                            }
                                        },
                                        {
                                            "name": "SONATALA",
                                            "id": "72bf0fce-8301-4e93-b9ce-e7b776e5bd6f",
                                            "state": {
                                                "id": "d68c68d2-108e-4635-93d1-28c44525f178",
                                                "name": "RAJSHAHI"
                                            }
                                        },
                                        {
                                            "name": "BOGRA_SADAR",
                                            "id": "dcf677c9-ffde-466c-a5fd-72d273586b19",
                                            "state": {
                                                "id": "d68c68d2-108e-4635-93d1-28c44525f178",
                                                "name": "RAJSHAHI"
                                            }
                                        },
                                        {
                                            "name": "SAHAJANPUR",
                                            "id": "bfaadb41-661b-4556-8b5c-6d8a2611e817",
                                            "state": {
                                                "id": "d68c68d2-108e-4635-93d1-28c44525f178",
                                                "name": "RAJSHAHI"
                                            }
                                        },
                                        {
                                            "name": "KAHALOO",
                                            "id": "303a6199-9118-46c1-b9ec-68e991107bb5",
                                            "state": {
                                                "id": "d68c68d2-108e-4635-93d1-28c44525f178",
                                                "name": "RAJSHAHI"
                                            }
                                        },
                                        {
                                            "name": "DHUPCHANCHIA",
                                            "id": "25c404c7-009d-4b24-aa5b-8b2a8de06f02",
                                            "state": {
                                                "id": "d68c68d2-108e-4635-93d1-28c44525f178",
                                                "name": "RAJSHAHI"
                                            }
                                        }
                                    ]
                                },
                                {
                                    "id": "acac9cb9-207c-48b8-bf7f-2bb26c3cbaf3",
                                    "name": "SUNAMGANJ",
                                    "upazilas": [
                                        {
                                            "name": "DOWARABAZAR",
                                            "id": "cff4ac7e-408b-4f6b-87ab-3009304229e8",
                                            "state": {
                                                "id": "2f2f0cc1-587a-4dad-a3f0-83c0bac697ec",
                                                "name": "SYLHET"
                                            }
                                        },
                                        {
                                            "name": "JAMALGANJ",
                                            "id": "dc3ee901-0d99-4235-9097-9392156a30b2",
                                            "state": {
                                                "id": "2f2f0cc1-587a-4dad-a3f0-83c0bac697ec",
                                                "name": "SYLHET"
                                            }
                                        },
                                        {
                                            "name": "SUNAMGANJ_SADAR",
                                            "id": "4fef6ecc-27ee-4547-b1f2-cac270075800",
                                            "state": {
                                                "id": "2f2f0cc1-587a-4dad-a3f0-83c0bac697ec",
                                                "name": "SYLHET"
                                            }
                                        },
                                        {
                                            "name": "CHHATAK",
                                            "id": "2850075b-f85b-4b3e-9464-fb094fdab0d1",
                                            "state": {
                                                "id": "2f2f0cc1-587a-4dad-a3f0-83c0bac697ec",
                                                "name": "SYLHET"
                                            }
                                        },
                                        {
                                            "name": "BISHWAMVARPUR",
                                            "id": "bd2a5b8d-2db7-4457-890f-cb7949ab679b",
                                            "state": {
                                                "id": "2f2f0cc1-587a-4dad-a3f0-83c0bac697ec",
                                                "name": "SYLHET"
                                            }
                                        },
                                        {
                                            "name": "TAHIRPUR",
                                            "id": "e629bf90-c502-4b6a-ab23-1c0e2ed8c422",
                                            "state": {
                                                "id": "2f2f0cc1-587a-4dad-a3f0-83c0bac697ec",
                                                "name": "SYLHET"
                                            }
                                        },
                                        {
                                            "name": "SHANTHIGANJ",
                                            "id": "1d7a3c9c-c35f-4813-a587-a3b823c24929",
                                            "state": {
                                                "id": "2f2f0cc1-587a-4dad-a3f0-83c0bac697ec",
                                                "name": "SYLHET"
                                            }
                                        },
                                        {
                                            "name": "DHARAMPASHA",
                                            "id": "eef5310f-38fa-46a5-8c0d-1a1921b45c75",
                                            "state": {
                                                "id": "2f2f0cc1-587a-4dad-a3f0-83c0bac697ec",
                                                "name": "SYLHET"
                                            }
                                        },
                                        {
                                            "name": "DERAI",
                                            "id": "cdd49f46-021e-402f-b1e9-bab17bf44714",
                                            "state": {
                                                "id": "2f2f0cc1-587a-4dad-a3f0-83c0bac697ec",
                                                "name": "SYLHET"
                                            }
                                        },
                                        {
                                            "name": "SULLA",
                                            "id": "f4446cae-89b8-4db4-844b-d46ac7d71a8d",
                                            "state": {
                                                "id": "2f2f0cc1-587a-4dad-a3f0-83c0bac697ec",
                                                "name": "SYLHET"
                                            }
                                        },
                                        {
                                            "name": "MODHYANAGAR",
                                            "id": "f2eb6c8d-a10e-4f30-bf84-758a716f9e5b",
                                            "state": {
                                                "id": "2f2f0cc1-587a-4dad-a3f0-83c0bac697ec",
                                                "name": "SYLHET"
                                            }
                                        },
                                        {
                                            "name": "JAGANNATHPUR",
                                            "id": "ed7e25d5-9cae-409c-b4b6-ec487ae79e26",
                                            "state": {
                                                "id": "2f2f0cc1-587a-4dad-a3f0-83c0bac697ec",
                                                "name": "SYLHET"
                                            }
                                        }
                                    ]
                                },
                                {
                                    "id": "440478fc-7e81-4b0e-9e11-7a30d0240c6a",
                                    "name": "THAKURGAON",
                                    "upazilas": [
                                        {
                                            "name": "RANISANKAIL",
                                            "id": "3fe1bae0-b945-47c8-b858-143e99d1345c",
                                            "state": {
                                                "id": "b8c19906-b4fc-4745-ac93-af957934136b",
                                                "name": "RANGPUR"
                                            }
                                        },
                                        {
                                            "name": "BALIADANGI",
                                            "id": "bc011048-a141-4782-80e6-1de7933f976f",
                                            "state": {
                                                "id": "b8c19906-b4fc-4745-ac93-af957934136b",
                                                "name": "RANGPUR"
                                            }
                                        },
                                        {
                                            "name": "THAKURGAON_SADAR",
                                            "id": "e76216bc-9591-448d-bdd2-f11337f1d167",
                                            "state": {
                                                "id": "b8c19906-b4fc-4745-ac93-af957934136b",
                                                "name": "RANGPUR"
                                            }
                                        },
                                        {
                                            "name": "HARIPUR",
                                            "id": "a057fd71-762f-4e3b-94c4-b0c25f1330e1",
                                            "state": {
                                                "id": "b8c19906-b4fc-4745-ac93-af957934136b",
                                                "name": "RANGPUR"
                                            }
                                        },
                                        {
                                            "name": "PIRGANJ",
                                            "id": "6f84b588-ac8a-4a62-b9ea-5d2ca913c00c",
                                            "state": {
                                                "id": "b8c19906-b4fc-4745-ac93-af957934136b",
                                                "name": "RANGPUR"
                                            }
                                        }
                                    ]
                                },
                                {
                                    "id": "7597f272-f003-4db4-8568-e8f45cb1a56d",
                                    "name": "PANCHAGARH",
                                    "upazilas": [
                                        {
                                            "name": "TETULIA",
                                            "id": "4f9f299d-6613-41be-ab21-4997945547c1",
                                            "state": {
                                                "id": "b8c19906-b4fc-4745-ac93-af957934136b",
                                                "name": "RANGPUR"
                                            }
                                        },
                                        {
                                            "name": "ATWARI",
                                            "id": "1a02f5b1-d095-4d55-9d14-045721e6c40d",
                                            "state": {
                                                "id": "b8c19906-b4fc-4745-ac93-af957934136b",
                                                "name": "RANGPUR"
                                            }
                                        },
                                        {
                                            "name": "BODA",
                                            "id": "d005e319-3338-4877-936c-c01c42003faf",
                                            "state": {
                                                "id": "b8c19906-b4fc-4745-ac93-af957934136b",
                                                "name": "RANGPUR"
                                            }
                                        },
                                        {
                                            "name": "PANCHAGARH_SADAR",
                                            "id": "7c487b8b-afc0-426f-a5a3-2df6ca17e2b7",
                                            "state": {
                                                "id": "b8c19906-b4fc-4745-ac93-af957934136b",
                                                "name": "RANGPUR"
                                            }
                                        },
                                        {
                                            "name": "DEBIGANJ",
                                            "id": "c69f7be1-f80c-49a0-a422-816cc0aedbe2",
                                            "state": {
                                                "id": "b8c19906-b4fc-4745-ac93-af957934136b",
                                                "name": "RANGPUR"
                                            }
                                        }
                                    ]
                                },
                                {
                                    "id": "02e94441-6145-4fbc-b185-7147f9433b0d",
                                    "name": "KHAGRACHARI",
                                    "upazilas": [
                                        {
                                            "name": "LAKSHMICHHARI",
                                            "id": "15bb16dd-f946-4d7f-ba1a-3833795ce9ae",
                                            "state": {
                                                "id": "d4e8944a-6e8f-4d6e-a313-2228cfe9a567",
                                                "name": "CHITTAGONG"
                                            }
                                        },
                                        {
                                            "name": "MANIKCHHARI",
                                            "id": "7ccab6c5-4db7-4c96-b5c2-f9bf8f4b4b2e",
                                            "state": {
                                                "id": "d4e8944a-6e8f-4d6e-a313-2228cfe9a567",
                                                "name": "CHITTAGONG"
                                            }
                                        },
                                        {
                                            "name": "MAHALCHHARI",
                                            "id": "8d6273ce-8713-4857-8d7f-645ec8cf7b49",
                                            "state": {
                                                "id": "d4e8944a-6e8f-4d6e-a313-2228cfe9a567",
                                                "name": "CHITTAGONG"
                                            }
                                        },
                                        {
                                            "name": "DIGHINALA",
                                            "id": "56d905ea-5cc1-4c95-aa62-a369fa67ef86",
                                            "state": {
                                                "id": "d4e8944a-6e8f-4d6e-a313-2228cfe9a567",
                                                "name": "CHITTAGONG"
                                            }
                                        },
                                        {
                                            "name": "MATIRANGA",
                                            "id": "5a40f09b-f1fc-4a4c-9339-7242810be320",
                                            "state": {
                                                "id": "d4e8944a-6e8f-4d6e-a313-2228cfe9a567",
                                                "name": "CHITTAGONG"
                                            }
                                        },
                                        {
                                            "name": "PANCHHARI",
                                            "id": "72bf30e6-6965-4134-82ee-942435bf0cf8",
                                            "state": {
                                                "id": "d4e8944a-6e8f-4d6e-a313-2228cfe9a567",
                                                "name": "CHITTAGONG"
                                            }
                                        },
                                        {
                                            "name": "KHAGRACHHARI",
                                            "id": "0b5ba0d4-cf95-4748-a05d-3243c24b9c2b",
                                            "state": {
                                                "id": "d4e8944a-6e8f-4d6e-a313-2228cfe9a567",
                                                "name": "CHITTAGONG"
                                            }
                                        },
                                        {
                                            "name": "RAMGARH",
                                            "id": "3a985352-6aac-42ca-9d46-0104299d9d5b",
                                            "state": {
                                                "id": "d4e8944a-6e8f-4d6e-a313-2228cfe9a567",
                                                "name": "CHITTAGONG"
                                            }
                                        }
                                    ]
                                },
                                {
                                    "id": "2bdb9cb8-429c-4c87-8651-44eb75bba39f",
                                    "name": "RANGAMATI",
                                    "upazilas": [
                                        {
                                            "name": "KAPTAI",
                                            "id": "b1e5c4ba-9a01-40d7-ae06-e2eff4512f64",
                                            "state": {
                                                "id": "d4e8944a-6e8f-4d6e-a313-2228cfe9a567",
                                                "name": "CHITTAGONG"
                                            }
                                        },
                                        {
                                            "name": "BELAICHHARI",
                                            "id": "66e451b0-a6e5-4797-ae4e-6e3337e8f656",
                                            "state": {
                                                "id": "d4e8944a-6e8f-4d6e-a313-2228cfe9a567",
                                                "name": "CHITTAGONG"
                                            }
                                        },
                                        {
                                            "name": "LANGADU",
                                            "id": "b0ec8354-8a29-4b89-b657-29036d5ff491",
                                            "state": {
                                                "id": "d4e8944a-6e8f-4d6e-a313-2228cfe9a567",
                                                "name": "CHITTAGONG"
                                            }
                                        },
                                        {
                                            "name": "BAGAICHHARI",
                                            "id": "ab30a268-d429-4a3b-ac46-d6b3962a9746",
                                            "state": {
                                                "id": "d4e8944a-6e8f-4d6e-a313-2228cfe9a567",
                                                "name": "CHITTAGONG"
                                            }
                                        },
                                        {
                                            "name": "BARKAL",
                                            "id": "07a7db0e-69ce-417d-8268-7bebb57c11ae",
                                            "state": {
                                                "id": "d4e8944a-6e8f-4d6e-a313-2228cfe9a567",
                                                "name": "CHITTAGONG"
                                            }
                                        },
                                        {
                                            "name": "KAUKHALI",
                                            "id": "303fd905-dc54-4d74-8371-dfc1f477bfc9",
                                            "state": {
                                                "id": "d4e8944a-6e8f-4d6e-a313-2228cfe9a567",
                                                "name": "CHITTAGONG"
                                            }
                                        },
                                        {
                                            "name": "RAJASTHALI",
                                            "id": "1fcbd368-6caa-4dbd-a9fa-2a00e89e77fc",
                                            "state": {
                                                "id": "d4e8944a-6e8f-4d6e-a313-2228cfe9a567",
                                                "name": "CHITTAGONG"
                                            }
                                        },
                                        {
                                            "name": "JURAICHHARI",
                                            "id": "3f4328c9-7b1e-40e9-ad79-d66389645310",
                                            "state": {
                                                "id": "d4e8944a-6e8f-4d6e-a313-2228cfe9a567",
                                                "name": "CHITTAGONG"
                                            }
                                        },
                                        {
                                            "name": "NANNERCHAR",
                                            "id": "fb57848d-e0b9-4051-816c-712fac450852",
                                            "state": {
                                                "id": "d4e8944a-6e8f-4d6e-a313-2228cfe9a567",
                                                "name": "CHITTAGONG"
                                            }
                                        },
                                        {
                                            "name": "RANGAMATI_SADAR",
                                            "id": "1f383e09-c643-4780-a625-02d83259cd37",
                                            "state": {
                                                "id": "d4e8944a-6e8f-4d6e-a313-2228cfe9a567",
                                                "name": "CHITTAGONG"
                                            }
                                        }
                                    ]
                                }
                            ]
                        },
                        {
                            "name": "Pakistan",
                            "id": "bc79ebd2-95a6-46e5-8ade-e7f494021b83",
                            "districts": [
                                
                            ]
                        },
                        {
                            "name": "India",
                            "id": "82ec6692-b098-4803-8cc0-8df58d65ed10",
                            "districts": [
                                
                            ]
                        }
                    ]
                }
            },
            {
                "id": "191f578d-d3e2-49a4-803c-012c36fae6b8",
                "region": {
                    "countries": [
                        {
                            "name": "Jordan",
                            "id": "57d77108-7390-4d8b-9175-09fa2278972f",
                            "districts": [
                                
                            ]
                        },
                        {
                            "name": "Yemen",
                            "id": "e36259b6-c350-4fdc-83dc-bfdbe04765d1",
                            "districts": [
                                
                            ]
                        },
                        {
                            "name": "Bahrain",
                            "id": "cb7d2601-26e1-4af4-b27c-1130bc908636",
                            "districts": [
                                
                            ]
                        },
                        {
                            "name": "Armenia",
                            "id": "8f0fda5d-e346-4016-8651-38bc0a9db13f",
                            "districts": [
                                
                            ]
                        },
                        {
                            "name": "Kuwait",
                            "id": "04c19ad3-d5fd-4432-be03-d0f3aa0bfef4",
                            "districts": [
                                
                            ]
                        },
                        {
                            "name": "United Arab Emirates",
                            "id": "191f578d-d3e2-49a4-803c-012c36fae6b8",
                            "districts": [
                                
                            ]
                        },
                        {
                            "name": "Lebanon",
                            "id": "7d6074eb-b44c-4e01-b064-9e67695b896b",
                            "districts": [
                                
                            ]
                        },
                        {
                            "name": "Singapore",
                            "id": "20786ba0-66e7-4c86-9e62-e27456f80ed0",
                            "districts": [
                                
                            ]
                        },
                        {
                            "name": "Palestine, State of",
                            "id": "c4dbf9dc-caad-4b9b-ab84-a178363717f4",
                            "districts": [
                                
                            ]
                        },
                        {
                            "name": "Syrian Arab Republic",
                            "id": "33760701-153e-4220-b9fa-ec4342d2f0e4",
                            "districts": [
                                
                            ]
                        },
                        {
                            "name": "Georgia",
                            "id": "371dea3e-0fa3-45de-898c-05dc08e4da37",
                            "districts": [
                                
                            ]
                        },
                        {
                            "name": "Oman",
                            "id": "ebba5457-cf3a-4c92-a296-c9304075a083",
                            "districts": [
                                
                            ]
                        },
                        {
                            "name": "Azerbaijan",
                            "id": "bf0dafd8-ebe6-4b98-86ab-ed8e16475794",
                            "districts": [
                                
                            ]
                        },
                        {
                            "name": "Philippines",
                            "id": "bd3959ff-aabe-46fa-ac07-055e8436407e",
                            "districts": [
                                
                            ]
                        },
                        {
                            "name": "Israel",
                            "id": "b9435680-f62e-4437-9179-0584ae6af227",
                            "districts": [
                                
                            ]
                        },
                        {
                            "name": "Turkey",
                            "id": "eb6d71b2-8583-4c12-9063-5439639e4817",
                            "districts": [
                                
                            ]
                        },
                        {
                            "name": "Qatar",
                            "id": "6bedb61d-4a24-414a-9ddd-adb4cc1cc389",
                            "districts": [
                                
                            ]
                        },
                        {
                            "name": "Cyprus",
                            "id": "9683b8ba-efbf-4e28-9a27-6d2108466189",
                            "districts": [
                                
                            ]
                        },
                        {
                            "name": "Iraq",
                            "id": "ea4c7ed2-9ce9-4151-9531-ff9af85def73",
                            "districts": [
                                
                            ]
                        },
                        {
                            "name": "Saudi Arabia",
                            "id": "b2d5c8d1-21a7-433a-a592-38268c29f913",
                            "districts": [
                                
                            ]
                        }
                    ]
                }
            },
            {
                "id": "86d6e276-b027-4cf8-ad4d-c4793b3425cf",
                "region": {
                    "countries": [
                        {
                            "name": "Angola",
                            "id": "5e9f919f-2d42-42ec-8b6c-adf7f7b3cd0b",
                            "districts": [
                                
                            ]
                        },
                        {
                            "name": "Cabo Verde",
                            "id": "e5489353-76dd-4d8d-b61e-d349c6356c68",
                            "districts": [
                                
                            ]
                        },
                        {
                            "name": "Mali",
                            "id": "dd9791d1-fea1-4b9d-9076-37e499de6307",
                            "districts": [
                                
                            ]
                        },
                        {
                            "name": "British Indian Ocean Territory",
                            "id": "20479535-b47b-41ba-8cab-b7024bd8ec82",
                            "districts": [
                                
                            ]
                        },
                        {
                            "name": "Gambia",
                            "id": "efec8f57-a2fb-4f95-b662-d72b21d301ed",
                            "districts": [
                                
                            ]
                        },
                        {
                            "name": "Zambia",
                            "id": "4992bec5-10a9-49df-ad13-69aa7cdcfef6",
                            "districts": [
                                
                            ]
                        },
                        {
                            "name": "Eswatini",
                            "id": "d044d249-e941-47bb-8fae-8cab328ca575",
                            "districts": [
                                
                            ]
                        },
                        {
                            "name": "Mayotte",
                            "id": "f4b83278-abe2-46f6-b0c0-50eceba9a35f",
                            "districts": [
                                
                            ]
                        },
                        {
                            "name": "Burundi",
                            "id": "310ab811-40b5-48da-8a66-e7562f4cf9d1",
                            "districts": [
                                
                            ]
                        },
                        {
                            "name": "Liberia",
                            "id": "86d6e276-b027-4cf8-ad4d-c4793b3425cf",
                            "districts": [
                                
                            ]
                        },
                        {
                            "name": "Mauritius",
                            "id": "a06fe50f-4ff3-483a-83c6-01ce4068ab36",
                            "districts": [
                                
                            ]
                        },
                        {
                            "name": "Sao Tome and Principe",
                            "id": "712df7d0-5d1b-401b-a832-911354b38baf",
                            "districts": [
                                
                            ]
                        },
                        {
                            "name": "Senegal",
                            "id": "990cb125-2ede-4648-b5d4-698d0e6ad712",
                            "districts": [
                                
                            ]
                        },
                        {
                            "name": "Botswana",
                            "id": "f177f103-59bd-4527-831e-101af0a373bd",
                            "districts": [
                                
                            ]
                        },
                        {
                            "name": "Rwanda",
                            "id": "5507db6a-9757-40e2-a498-f8cb8df70fb8",
                            "districts": [
                                
                            ]
                        },
                        {
                            "name": "Niger",
                            "id": "74150778-002b-4ca3-a064-41c5cad3f026",
                            "districts": [
                                
                            ]
                        },
                        {
                            "name": "Benin",
                            "id": "ec5d7439-de38-46d4-8a31-7b23b9525984",
                            "districts": [
                                
                            ]
                        },
                        {
                            "name": "Réunion",
                            "id": "e0f20522-cffc-4e66-8e7d-9334f35fce95",
                            "districts": [
                                
                            ]
                        },
                        {
                            "name": "South Africa",
                            "id": "9a7647d2-60ca-429d-90e5-905edaff872c",
                            "districts": [
                                
                            ]
                        },
                        {
                            "name": "Ghana",
                            "id": "9662349e-2c36-496a-83d5-6f746ae768a7",
                            "districts": [
                                
                            ]
                        },
                        {
                            "name": "Congo",
                            "id": "33c8a05e-4d63-49cd-a5f1-0f4a1d5ab13e",
                            "districts": [
                                
                            ]
                        },
                        {
                            "name": "Guinea-Bissau",
                            "id": "64d1845d-1963-40bc-a31b-1f45084f1644",
                            "districts": [
                                
                            ]
                        },
                        {
                            "name": "Togo",
                            "id": "9d383757-b95f-44da-b535-3887ed82679f",
                            "districts": [
                                
                            ]
                        },
                        {
                            "name": "Namibia",
                            "id": "cf9f295f-bf4c-4a8b-8738-53c6a9ed55b1",
                            "districts": [
                                
                            ]
                        },
                        {
                            "name": "Djibouti",
                            "id": "ba974fdc-3dea-4b6b-a2f3-34624faa59a7",
                            "districts": [
                                
                            ]
                        },
                        {
                            "name": "Gabon",
                            "id": "8f6be81f-6b58-4a61-b684-5c2d620a0e74",
                            "districts": [
                                
                            ]
                        },
                        {
                            "name": "Lesotho",
                            "id": "300752f4-088e-403c-95b0-7a670c09f8cc",
                            "districts": [
                                
                            ]
                        },
                        {
                            "name": "Madagascar",
                            "id": "eb4c5e71-f839-4f3c-8e93-49ef57f4fe8d",
                            "districts": [
                                
                            ]
                        },
                        {
                            "name": "Uganda",
                            "id": "b1693449-e104-47c0-94db-f55cc6c850d5",
                            "districts": [
                                
                            ]
                        },
                        {
                            "name": "Côte d\"Ivoire",
                            "id": "59276e01-0d64-487a-aec6-332ae91f9909",
                            "districts": [
                                
                            ]
                        },
                        {
                            "name": "Nigeria",
                            "id": "3c94aa61-055d-4c38-a40b-67dff395beda",
                            "districts": [
                                
                            ]
                        },
                        {
                            "name": "Zimbabwe",
                            "id": "bfbf9853-bae3-4e57-b7cd-1e9228e8b1f3",
                            "districts": [
                                
                            ]
                        },
                        {
                            "name": "Seychelles",
                            "id": "4c63d1f6-87ba-45f1-9414-eb22bfba46c2",
                            "districts": [
                                
                            ]
                        },
                        {
                            "name": "Cameroon",
                            "id": "0495fba0-693d-433a-a9ef-6bc2ccab6093",
                            "districts": [
                                
                            ]
                        },
                        {
                            "name": "Guinea",
                            "id": "eda1a6fb-f95b-4664-b352-8a468c499b34",
                            "districts": [
                                
                            ]
                        },
                        {
                            "name": "Kenya",
                            "id": "06702720-9c60-4210-8eed-8824f1cc80c2",
                            "districts": [
                                
                            ]
                        },
                        {
                            "name": "Mozambique",
                            "id": "df394703-b3a5-4d0f-aa33-db8b10ba29ab",
                            "districts": [
                                
                            ]
                        },
                        {
                            "name": "Saint Helena, Ascension and Tristan da Cunha",
                            "id": "e379e052-1704-4e98-b4fd-fdac7ca1f9a0",
                            "districts": [
                                
                            ]
                        },
                        {
                            "name": "Ethiopia",
                            "id": "77d5d6a2-5f01-41b8-b06d-88b9efc618f8",
                            "districts": [
                                
                            ]
                        },
                        {
                            "name": "Comoros",
                            "id": "ae0a4c53-9eea-4b4f-b7ab-98750eb58582",
                            "districts": [
                                
                            ]
                        },
                        {
                            "name": "Malawi",
                            "id": "31ffdf7e-d375-4c19-8b4c-6ac8e4486727",
                            "districts": [
                                
                            ]
                        },
                        {
                            "name": "Somalia",
                            "id": "630c356f-e198-4cd0-8e91-b29002c2aca7",
                            "districts": [
                                
                            ]
                        },
                        {
                            "name": "Congo, Democratic Republic of the",
                            "id": "55a5fe27-565c-4963-88c0-9a3ec24dea5c",
                            "districts": [
                                
                            ]
                        },
                        {
                            "name": "Equatorial Guinea",
                            "id": "9d2dd243-9754-4962-a556-6dbbf85b248a",
                            "districts": [
                                
                            ]
                        },
                        {
                            "name": "Chad",
                            "id": "4c4abd99-f4df-4fee-bac5-e2a1eef7ec0f",
                            "districts": [
                                
                            ]
                        },
                        {
                            "name": "Tanzania, United Republic of",
                            "id": "30d8662e-655f-43c8-b307-a2dc0046ebe5",
                            "districts": [
                                
                            ]
                        },
                        {
                            "name": "Sierra Leone",
                            "id": "e2135c5c-dfd3-4d44-b16f-0c29186836ce",
                            "districts": [
                                
                            ]
                        },
                        {
                            "name": "Eritrea",
                            "id": "bdd50ea2-c82d-44e8-b493-09892c245a6d",
                            "districts": [
                                
                            ]
                        },
                        {
                            "name": "Central African Republic",
                            "id": "59d2224e-e8a9-4e08-bf66-6ca50cf3d5e7",
                            "districts": [
                                
                            ]
                        },
                        {
                            "name": "South Sudan",
                            "id": "96e00183-809e-408c-b2f2-0042a6a8a8ba",
                            "districts": [
                                
                            ]
                        },
                        {
                            "name": "Mauritania",
                            "id": "780c64c4-cea5-4b78-85af-7be29c96025f",
                            "districts": [
                                
                            ]
                        },
                        {
                            "name": "Burkina Faso",
                            "id": "cedf0037-0cb1-4ad8-8a83-9ae64bc44992",
                            "districts": [
                                
                            ]
                        }
                    ]
                }
            },
            {
                "id": "a06fe50f-4ff3-483a-83c6-01ce4068ab36",
                "region": {
                    "countries": [
                        {
                            "name": "Angola",
                            "id": "5e9f919f-2d42-42ec-8b6c-adf7f7b3cd0b",
                            "districts": [
                                
                            ]
                        },
                        {
                            "name": "Cabo Verde",
                            "id": "e5489353-76dd-4d8d-b61e-d349c6356c68",
                            "districts": [
                                
                            ]
                        },
                        {
                            "name": "Mali",
                            "id": "dd9791d1-fea1-4b9d-9076-37e499de6307",
                            "districts": [
                                
                            ]
                        },
                        {
                            "name": "British Indian Ocean Territory",
                            "id": "20479535-b47b-41ba-8cab-b7024bd8ec82",
                            "districts": [
                                
                            ]
                        },
                        {
                            "name": "Gambia",
                            "id": "efec8f57-a2fb-4f95-b662-d72b21d301ed",
                            "districts": [
                                
                            ]
                        },
                        {
                            "name": "Zambia",
                            "id": "4992bec5-10a9-49df-ad13-69aa7cdcfef6",
                            "districts": [
                                
                            ]
                        },
                        {
                            "name": "Eswatini",
                            "id": "d044d249-e941-47bb-8fae-8cab328ca575",
                            "districts": [
                                
                            ]
                        },
                        {
                            "name": "Mayotte",
                            "id": "f4b83278-abe2-46f6-b0c0-50eceba9a35f",
                            "districts": [
                                
                            ]
                        },
                        {
                            "name": "Burundi",
                            "id": "310ab811-40b5-48da-8a66-e7562f4cf9d1",
                            "districts": [
                                
                            ]
                        },
                        {
                            "name": "Liberia",
                            "id": "86d6e276-b027-4cf8-ad4d-c4793b3425cf",
                            "districts": [
                                
                            ]
                        },
                        {
                            "name": "Mauritius",
                            "id": "a06fe50f-4ff3-483a-83c6-01ce4068ab36",
                            "districts": [
                                
                            ]
                        },
                        {
                            "name": "Sao Tome and Principe",
                            "id": "712df7d0-5d1b-401b-a832-911354b38baf",
                            "districts": [
                                
                            ]
                        },
                        {
                            "name": "Senegal",
                            "id": "990cb125-2ede-4648-b5d4-698d0e6ad712",
                            "districts": [
                                
                            ]
                        },
                        {
                            "name": "Botswana",
                            "id": "f177f103-59bd-4527-831e-101af0a373bd",
                            "districts": [
                                
                            ]
                        },
                        {
                            "name": "Rwanda",
                            "id": "5507db6a-9757-40e2-a498-f8cb8df70fb8",
                            "districts": [
                                
                            ]
                        },
                        {
                            "name": "Niger",
                            "id": "74150778-002b-4ca3-a064-41c5cad3f026",
                            "districts": [
                                
                            ]
                        },
                        {
                            "name": "Benin",
                            "id": "ec5d7439-de38-46d4-8a31-7b23b9525984",
                            "districts": [
                                
                            ]
                        },
                        {
                            "name": "Réunion",
                            "id": "e0f20522-cffc-4e66-8e7d-9334f35fce95",
                            "districts": [
                                
                            ]
                        },
                        {
                            "name": "South Africa",
                            "id": "9a7647d2-60ca-429d-90e5-905edaff872c",
                            "districts": [
                                
                            ]
                        },
                        {
                            "name": "Ghana",
                            "id": "9662349e-2c36-496a-83d5-6f746ae768a7",
                            "districts": [
                                
                            ]
                        },
                        {
                            "name": "Congo",
                            "id": "33c8a05e-4d63-49cd-a5f1-0f4a1d5ab13e",
                            "districts": [
                                
                            ]
                        },
                        {
                            "name": "Guinea-Bissau",
                            "id": "64d1845d-1963-40bc-a31b-1f45084f1644",
                            "districts": [
                                
                            ]
                        },
                        {
                            "name": "Togo",
                            "id": "9d383757-b95f-44da-b535-3887ed82679f",
                            "districts": [
                                
                            ]
                        },
                        {
                            "name": "Namibia",
                            "id": "cf9f295f-bf4c-4a8b-8738-53c6a9ed55b1",
                            "districts": [
                                
                            ]
                        },
                        {
                            "name": "Djibouti",
                            "id": "ba974fdc-3dea-4b6b-a2f3-34624faa59a7",
                            "districts": [
                                
                            ]
                        },
                        {
                            "name": "Gabon",
                            "id": "8f6be81f-6b58-4a61-b684-5c2d620a0e74",
                            "districts": [
                                
                            ]
                        },
                        {
                            "name": "Lesotho",
                            "id": "300752f4-088e-403c-95b0-7a670c09f8cc",
                            "districts": [
                                
                            ]
                        },
                        {
                            "name": "Madagascar",
                            "id": "eb4c5e71-f839-4f3c-8e93-49ef57f4fe8d",
                            "districts": [
                                
                            ]
                        },
                        {
                            "name": "Uganda",
                            "id": "b1693449-e104-47c0-94db-f55cc6c850d5",
                            "districts": [
                                
                            ]
                        },
                        {
                            "name": "Côte d\"Ivoire",
                            "id": "59276e01-0d64-487a-aec6-332ae91f9909",
                            "districts": [
                                
                            ]
                        },
                        {
                            "name": "Nigeria",
                            "id": "3c94aa61-055d-4c38-a40b-67dff395beda",
                            "districts": [
                                
                            ]
                        },
                        {
                            "name": "Zimbabwe",
                            "id": "bfbf9853-bae3-4e57-b7cd-1e9228e8b1f3",
                            "districts": [
                                
                            ]
                        },
                        {
                            "name": "Seychelles",
                            "id": "4c63d1f6-87ba-45f1-9414-eb22bfba46c2",
                            "districts": [
                                
                            ]
                        },
                        {
                            "name": "Cameroon",
                            "id": "0495fba0-693d-433a-a9ef-6bc2ccab6093",
                            "districts": [
                                
                            ]
                        },
                        {
                            "name": "Guinea",
                            "id": "eda1a6fb-f95b-4664-b352-8a468c499b34",
                            "districts": [
                                
                            ]
                        },
                        {
                            "name": "Kenya",
                            "id": "06702720-9c60-4210-8eed-8824f1cc80c2",
                            "districts": [
                                
                            ]
                        },
                        {
                            "name": "Mozambique",
                            "id": "df394703-b3a5-4d0f-aa33-db8b10ba29ab",
                            "districts": [
                                
                            ]
                        },
                        {
                            "name": "Saint Helena, Ascension and Tristan da Cunha",
                            "id": "e379e052-1704-4e98-b4fd-fdac7ca1f9a0",
                            "districts": [
                                
                            ]
                        },
                        {
                            "name": "Ethiopia",
                            "id": "77d5d6a2-5f01-41b8-b06d-88b9efc618f8",
                            "districts": [
                                
                            ]
                        },
                        {
                            "name": "Comoros",
                            "id": "ae0a4c53-9eea-4b4f-b7ab-98750eb58582",
                            "districts": [
                                
                            ]
                        },
                        {
                            "name": "Malawi",
                            "id": "31ffdf7e-d375-4c19-8b4c-6ac8e4486727",
                            "districts": [
                                
                            ]
                        },
                        {
                            "name": "Somalia",
                            "id": "630c356f-e198-4cd0-8e91-b29002c2aca7",
                            "districts": [
                                
                            ]
                        },
                        {
                            "name": "Congo, Democratic Republic of the",
                            "id": "55a5fe27-565c-4963-88c0-9a3ec24dea5c",
                            "districts": [
                                
                            ]
                        },
                        {
                            "name": "Equatorial Guinea",
                            "id": "9d2dd243-9754-4962-a556-6dbbf85b248a",
                            "districts": [
                                
                            ]
                        },
                        {
                            "name": "Chad",
                            "id": "4c4abd99-f4df-4fee-bac5-e2a1eef7ec0f",
                            "districts": [
                                
                            ]
                        },
                        {
                            "name": "Tanzania, United Republic of",
                            "id": "30d8662e-655f-43c8-b307-a2dc0046ebe5",
                            "districts": [
                                
                            ]
                        },
                        {
                            "name": "Sierra Leone",
                            "id": "e2135c5c-dfd3-4d44-b16f-0c29186836ce",
                            "districts": [
                                
                            ]
                        },
                        {
                            "name": "Eritrea",
                            "id": "bdd50ea2-c82d-44e8-b493-09892c245a6d",
                            "districts": [
                                
                            ]
                        },
                        {
                            "name": "Central African Republic",
                            "id": "59d2224e-e8a9-4e08-bf66-6ca50cf3d5e7",
                            "districts": [
                                
                            ]
                        },
                        {
                            "name": "South Sudan",
                            "id": "96e00183-809e-408c-b2f2-0042a6a8a8ba",
                            "districts": [
                                
                            ]
                        },
                        {
                            "name": "Mauritania",
                            "id": "780c64c4-cea5-4b78-85af-7be29c96025f",
                            "districts": [
                                
                            ]
                        },
                        {
                            "name": "Burkina Faso",
                            "id": "cedf0037-0cb1-4ad8-8a83-9ae64bc44992",
                            "districts": [
                                
                            ]
                        }
                    ]
                }
            },
            {
                "id": "7d6074eb-b44c-4e01-b064-9e67695b896b",
                "region": {
                    "countries": [
                        {
                            "name": "Jordan",
                            "id": "57d77108-7390-4d8b-9175-09fa2278972f",
                            "districts": [
                                
                            ]
                        },
                        {
                            "name": "Yemen",
                            "id": "e36259b6-c350-4fdc-83dc-bfdbe04765d1",
                            "districts": [
                                
                            ]
                        },
                        {
                            "name": "Bahrain",
                            "id": "cb7d2601-26e1-4af4-b27c-1130bc908636",
                            "districts": [
                                
                            ]
                        },
                        {
                            "name": "Armenia",
                            "id": "8f0fda5d-e346-4016-8651-38bc0a9db13f",
                            "districts": [
                                
                            ]
                        },
                        {
                            "name": "Kuwait",
                            "id": "04c19ad3-d5fd-4432-be03-d0f3aa0bfef4",
                            "districts": [
                                
                            ]
                        },
                        {
                            "name": "United Arab Emirates",
                            "id": "191f578d-d3e2-49a4-803c-012c36fae6b8",
                            "districts": [
                                
                            ]
                        },
                        {
                            "name": "Lebanon",
                            "id": "7d6074eb-b44c-4e01-b064-9e67695b896b",
                            "districts": [
                                
                            ]
                        },
                        {
                            "name": "Singapore",
                            "id": "20786ba0-66e7-4c86-9e62-e27456f80ed0",
                            "districts": [
                                
                            ]
                        },
                        {
                            "name": "Palestine, State of",
                            "id": "c4dbf9dc-caad-4b9b-ab84-a178363717f4",
                            "districts": [
                                
                            ]
                        },
                        {
                            "name": "Syrian Arab Republic",
                            "id": "33760701-153e-4220-b9fa-ec4342d2f0e4",
                            "districts": [
                                
                            ]
                        },
                        {
                            "name": "Georgia",
                            "id": "371dea3e-0fa3-45de-898c-05dc08e4da37",
                            "districts": [
                                
                            ]
                        },
                        {
                            "name": "Oman",
                            "id": "ebba5457-cf3a-4c92-a296-c9304075a083",
                            "districts": [
                                
                            ]
                        },
                        {
                            "name": "Azerbaijan",
                            "id": "bf0dafd8-ebe6-4b98-86ab-ed8e16475794",
                            "districts": [
                                
                            ]
                        },
                        {
                            "name": "Philippines",
                            "id": "bd3959ff-aabe-46fa-ac07-055e8436407e",
                            "districts": [
                                
                            ]
                        },
                        {
                            "name": "Israel",
                            "id": "b9435680-f62e-4437-9179-0584ae6af227",
                            "districts": [
                                
                            ]
                        },
                        {
                            "name": "Turkey",
                            "id": "eb6d71b2-8583-4c12-9063-5439639e4817",
                            "districts": [
                                
                            ]
                        },
                        {
                            "name": "Qatar",
                            "id": "6bedb61d-4a24-414a-9ddd-adb4cc1cc389",
                            "districts": [
                                
                            ]
                        },
                        {
                            "name": "Cyprus",
                            "id": "9683b8ba-efbf-4e28-9a27-6d2108466189",
                            "districts": [
                                
                            ]
                        },
                        {
                            "name": "Iraq",
                            "id": "ea4c7ed2-9ce9-4151-9531-ff9af85def73",
                            "districts": [
                                
                            ]
                        },
                        {
                            "name": "Saudi Arabia",
                            "id": "b2d5c8d1-21a7-433a-a592-38268c29f913",
                            "districts": [
                                
                            ]
                        }
                    ]
                }
            },
            {
                "id": "712df7d0-5d1b-401b-a832-911354b38baf",
                "region": {
                    "countries": [
                        {
                            "name": "Angola",
                            "id": "5e9f919f-2d42-42ec-8b6c-adf7f7b3cd0b",
                            "districts": [
                                
                            ]
                        },
                        {
                            "name": "Cabo Verde",
                            "id": "e5489353-76dd-4d8d-b61e-d349c6356c68",
                            "districts": [
                                
                            ]
                        },
                        {
                            "name": "Mali",
                            "id": "dd9791d1-fea1-4b9d-9076-37e499de6307",
                            "districts": [
                                
                            ]
                        },
                        {
                            "name": "British Indian Ocean Territory",
                            "id": "20479535-b47b-41ba-8cab-b7024bd8ec82",
                            "districts": [
                                
                            ]
                        },
                        {
                            "name": "Gambia",
                            "id": "efec8f57-a2fb-4f95-b662-d72b21d301ed",
                            "districts": [
                                
                            ]
                        },
                        {
                            "name": "Zambia",
                            "id": "4992bec5-10a9-49df-ad13-69aa7cdcfef6",
                            "districts": [
                                
                            ]
                        },
                        {
                            "name": "Eswatini",
                            "id": "d044d249-e941-47bb-8fae-8cab328ca575",
                            "districts": [
                                
                            ]
                        },
                        {
                            "name": "Mayotte",
                            "id": "f4b83278-abe2-46f6-b0c0-50eceba9a35f",
                            "districts": [
                                
                            ]
                        },
                        {
                            "name": "Burundi",
                            "id": "310ab811-40b5-48da-8a66-e7562f4cf9d1",
                            "districts": [
                                
                            ]
                        },
                        {
                            "name": "Liberia",
                            "id": "86d6e276-b027-4cf8-ad4d-c4793b3425cf",
                            "districts": [
                                
                            ]
                        },
                        {
                            "name": "Mauritius",
                            "id": "a06fe50f-4ff3-483a-83c6-01ce4068ab36",
                            "districts": [
                                
                            ]
                        },
                        {
                            "name": "Sao Tome and Principe",
                            "id": "712df7d0-5d1b-401b-a832-911354b38baf",
                            "districts": [
                                
                            ]
                        },
                        {
                            "name": "Senegal",
                            "id": "990cb125-2ede-4648-b5d4-698d0e6ad712",
                            "districts": [
                                
                            ]
                        },
                        {
                            "name": "Botswana",
                            "id": "f177f103-59bd-4527-831e-101af0a373bd",
                            "districts": [
                                
                            ]
                        },
                        {
                            "name": "Rwanda",
                            "id": "5507db6a-9757-40e2-a498-f8cb8df70fb8",
                            "districts": [
                                
                            ]
                        },
                        {
                            "name": "Niger",
                            "id": "74150778-002b-4ca3-a064-41c5cad3f026",
                            "districts": [
                                
                            ]
                        },
                        {
                            "name": "Benin",
                            "id": "ec5d7439-de38-46d4-8a31-7b23b9525984",
                            "districts": [
                                
                            ]
                        },
                        {
                            "name": "Réunion",
                            "id": "e0f20522-cffc-4e66-8e7d-9334f35fce95",
                            "districts": [
                                
                            ]
                        },
                        {
                            "name": "South Africa",
                            "id": "9a7647d2-60ca-429d-90e5-905edaff872c",
                            "districts": [
                                
                            ]
                        },
                        {
                            "name": "Ghana",
                            "id": "9662349e-2c36-496a-83d5-6f746ae768a7",
                            "districts": [
                                
                            ]
                        },
                        {
                            "name": "Congo",
                            "id": "33c8a05e-4d63-49cd-a5f1-0f4a1d5ab13e",
                            "districts": [
                                
                            ]
                        },
                        {
                            "name": "Guinea-Bissau",
                            "id": "64d1845d-1963-40bc-a31b-1f45084f1644",
                            "districts": [
                                
                            ]
                        },
                        {
                            "name": "Togo",
                            "id": "9d383757-b95f-44da-b535-3887ed82679f",
                            "districts": [
                                
                            ]
                        },
                        {
                            "name": "Namibia",
                            "id": "cf9f295f-bf4c-4a8b-8738-53c6a9ed55b1",
                            "districts": [
                                
                            ]
                        },
                        {
                            "name": "Djibouti",
                            "id": "ba974fdc-3dea-4b6b-a2f3-34624faa59a7",
                            "districts": [
                                
                            ]
                        },
                        {
                            "name": "Gabon",
                            "id": "8f6be81f-6b58-4a61-b684-5c2d620a0e74",
                            "districts": [
                                
                            ]
                        },
                        {
                            "name": "Lesotho",
                            "id": "300752f4-088e-403c-95b0-7a670c09f8cc",
                            "districts": [
                                
                            ]
                        },
                        {
                            "name": "Madagascar",
                            "id": "eb4c5e71-f839-4f3c-8e93-49ef57f4fe8d",
                            "districts": [
                                
                            ]
                        },
                        {
                            "name": "Uganda",
                            "id": "b1693449-e104-47c0-94db-f55cc6c850d5",
                            "districts": [
                                
                            ]
                        },
                        {
                            "name": "Côte d\"Ivoire",
                            "id": "59276e01-0d64-487a-aec6-332ae91f9909",
                            "districts": [
                                
                            ]
                        },
                        {
                            "name": "Nigeria",
                            "id": "3c94aa61-055d-4c38-a40b-67dff395beda",
                            "districts": [
                                
                            ]
                        },
                        {
                            "name": "Zimbabwe",
                            "id": "bfbf9853-bae3-4e57-b7cd-1e9228e8b1f3",
                            "districts": [
                                
                            ]
                        },
                        {
                            "name": "Seychelles",
                            "id": "4c63d1f6-87ba-45f1-9414-eb22bfba46c2",
                            "districts": [
                                
                            ]
                        },
                        {
                            "name": "Cameroon",
                            "id": "0495fba0-693d-433a-a9ef-6bc2ccab6093",
                            "districts": [
                                
                            ]
                        },
                        {
                            "name": "Guinea",
                            "id": "eda1a6fb-f95b-4664-b352-8a468c499b34",
                            "districts": [
                                
                            ]
                        },
                        {
                            "name": "Kenya",
                            "id": "06702720-9c60-4210-8eed-8824f1cc80c2",
                            "districts": [
                                
                            ]
                        },
                        {
                            "name": "Mozambique",
                            "id": "df394703-b3a5-4d0f-aa33-db8b10ba29ab",
                            "districts": [
                                
                            ]
                        },
                        {
                            "name": "Saint Helena, Ascension and Tristan da Cunha",
                            "id": "e379e052-1704-4e98-b4fd-fdac7ca1f9a0",
                            "districts": [
                                
                            ]
                        },
                        {
                            "name": "Ethiopia",
                            "id": "77d5d6a2-5f01-41b8-b06d-88b9efc618f8",
                            "districts": [
                                
                            ]
                        },
                        {
                            "name": "Comoros",
                            "id": "ae0a4c53-9eea-4b4f-b7ab-98750eb58582",
                            "districts": [
                                
                            ]
                        },
                        {
                            "name": "Malawi",
                            "id": "31ffdf7e-d375-4c19-8b4c-6ac8e4486727",
                            "districts": [
                                
                            ]
                        },
                        {
                            "name": "Somalia",
                            "id": "630c356f-e198-4cd0-8e91-b29002c2aca7",
                            "districts": [
                                
                            ]
                        },
                        {
                            "name": "Congo, Democratic Republic of the",
                            "id": "55a5fe27-565c-4963-88c0-9a3ec24dea5c",
                            "districts": [
                                
                            ]
                        },
                        {
                            "name": "Equatorial Guinea",
                            "id": "9d2dd243-9754-4962-a556-6dbbf85b248a",
                            "districts": [
                                
                            ]
                        },
                        {
                            "name": "Chad",
                            "id": "4c4abd99-f4df-4fee-bac5-e2a1eef7ec0f",
                            "districts": [
                                
                            ]
                        },
                        {
                            "name": "Tanzania, United Republic of",
                            "id": "30d8662e-655f-43c8-b307-a2dc0046ebe5",
                            "districts": [
                                
                            ]
                        },
                        {
                            "name": "Sierra Leone",
                            "id": "e2135c5c-dfd3-4d44-b16f-0c29186836ce",
                            "districts": [
                                
                            ]
                        },
                        {
                            "name": "Eritrea",
                            "id": "bdd50ea2-c82d-44e8-b493-09892c245a6d",
                            "districts": [
                                
                            ]
                        },
                        {
                            "name": "Central African Republic",
                            "id": "59d2224e-e8a9-4e08-bf66-6ca50cf3d5e7",
                            "districts": [
                                
                            ]
                        },
                        {
                            "name": "South Sudan",
                            "id": "96e00183-809e-408c-b2f2-0042a6a8a8ba",
                            "districts": [
                                
                            ]
                        },
                        {
                            "name": "Mauritania",
                            "id": "780c64c4-cea5-4b78-85af-7be29c96025f",
                            "districts": [
                                
                            ]
                        },
                        {
                            "name": "Burkina Faso",
                            "id": "cedf0037-0cb1-4ad8-8a83-9ae64bc44992",
                            "districts": [
                                
                            ]
                        }
                    ]
                }
            },
            {
                "id": "990cb125-2ede-4648-b5d4-698d0e6ad712",
                "region": {
                    "countries": [
                        {
                            "name": "Angola",
                            "id": "5e9f919f-2d42-42ec-8b6c-adf7f7b3cd0b",
                            "districts": [
                                
                            ]
                        },
                        {
                            "name": "Cabo Verde",
                            "id": "e5489353-76dd-4d8d-b61e-d349c6356c68",
                            "districts": [
                                
                            ]
                        },
                        {
                            "name": "Mali",
                            "id": "dd9791d1-fea1-4b9d-9076-37e499de6307",
                            "districts": [
                                
                            ]
                        },
                        {
                            "name": "British Indian Ocean Territory",
                            "id": "20479535-b47b-41ba-8cab-b7024bd8ec82",
                            "districts": [
                                
                            ]
                        },
                        {
                            "name": "Gambia",
                            "id": "efec8f57-a2fb-4f95-b662-d72b21d301ed",
                            "districts": [
                                
                            ]
                        },
                        {
                            "name": "Zambia",
                            "id": "4992bec5-10a9-49df-ad13-69aa7cdcfef6",
                            "districts": [
                                
                            ]
                        },
                        {
                            "name": "Eswatini",
                            "id": "d044d249-e941-47bb-8fae-8cab328ca575",
                            "districts": [
                                
                            ]
                        },
                        {
                            "name": "Mayotte",
                            "id": "f4b83278-abe2-46f6-b0c0-50eceba9a35f",
                            "districts": [
                                
                            ]
                        },
                        {
                            "name": "Burundi",
                            "id": "310ab811-40b5-48da-8a66-e7562f4cf9d1",
                            "districts": [
                                
                            ]
                        },
                        {
                            "name": "Liberia",
                            "id": "86d6e276-b027-4cf8-ad4d-c4793b3425cf",
                            "districts": [
                                
                            ]
                        },
                        {
                            "name": "Mauritius",
                            "id": "a06fe50f-4ff3-483a-83c6-01ce4068ab36",
                            "districts": [
                                
                            ]
                        },
                        {
                            "name": "Sao Tome and Principe",
                            "id": "712df7d0-5d1b-401b-a832-911354b38baf",
                            "districts": [
                                
                            ]
                        },
                        {
                            "name": "Senegal",
                            "id": "990cb125-2ede-4648-b5d4-698d0e6ad712",
                            "districts": [
                                
                            ]
                        },
                        {
                            "name": "Botswana",
                            "id": "f177f103-59bd-4527-831e-101af0a373bd",
                            "districts": [
                                
                            ]
                        },
                        {
                            "name": "Rwanda",
                            "id": "5507db6a-9757-40e2-a498-f8cb8df70fb8",
                            "districts": [
                                
                            ]
                        },
                        {
                            "name": "Niger",
                            "id": "74150778-002b-4ca3-a064-41c5cad3f026",
                            "districts": [
                                
                            ]
                        },
                        {
                            "name": "Benin",
                            "id": "ec5d7439-de38-46d4-8a31-7b23b9525984",
                            "districts": [
                                
                            ]
                        },
                        {
                            "name": "Réunion",
                            "id": "e0f20522-cffc-4e66-8e7d-9334f35fce95",
                            "districts": [
                                
                            ]
                        },
                        {
                            "name": "South Africa",
                            "id": "9a7647d2-60ca-429d-90e5-905edaff872c",
                            "districts": [
                                
                            ]
                        },
                        {
                            "name": "Ghana",
                            "id": "9662349e-2c36-496a-83d5-6f746ae768a7",
                            "districts": [
                                
                            ]
                        },
                        {
                            "name": "Congo",
                            "id": "33c8a05e-4d63-49cd-a5f1-0f4a1d5ab13e",
                            "districts": [
                                
                            ]
                        },
                        {
                            "name": "Guinea-Bissau",
                            "id": "64d1845d-1963-40bc-a31b-1f45084f1644",
                            "districts": [
                                
                            ]
                        },
                        {
                            "name": "Togo",
                            "id": "9d383757-b95f-44da-b535-3887ed82679f",
                            "districts": [
                                
                            ]
                        },
                        {
                            "name": "Namibia",
                            "id": "cf9f295f-bf4c-4a8b-8738-53c6a9ed55b1",
                            "districts": [
                                
                            ]
                        },
                        {
                            "name": "Djibouti",
                            "id": "ba974fdc-3dea-4b6b-a2f3-34624faa59a7",
                            "districts": [
                                
                            ]
                        },
                        {
                            "name": "Gabon",
                            "id": "8f6be81f-6b58-4a61-b684-5c2d620a0e74",
                            "districts": [
                                
                            ]
                        },
                        {
                            "name": "Lesotho",
                            "id": "300752f4-088e-403c-95b0-7a670c09f8cc",
                            "districts": [
                                
                            ]
                        },
                        {
                            "name": "Madagascar",
                            "id": "eb4c5e71-f839-4f3c-8e93-49ef57f4fe8d",
                            "districts": [
                                
                            ]
                        },
                        {
                            "name": "Uganda",
                            "id": "b1693449-e104-47c0-94db-f55cc6c850d5",
                            "districts": [
                                
                            ]
                        },
                        {
                            "name": "Côte d\"Ivoire",
                            "id": "59276e01-0d64-487a-aec6-332ae91f9909",
                            "districts": [
                                
                            ]
                        },
                        {
                            "name": "Nigeria",
                            "id": "3c94aa61-055d-4c38-a40b-67dff395beda",
                            "districts": [
                                
                            ]
                        },
                        {
                            "name": "Zimbabwe",
                            "id": "bfbf9853-bae3-4e57-b7cd-1e9228e8b1f3",
                            "districts": [
                                
                            ]
                        },
                        {
                            "name": "Seychelles",
                            "id": "4c63d1f6-87ba-45f1-9414-eb22bfba46c2",
                            "districts": [
                                
                            ]
                        },
                        {
                            "name": "Cameroon",
                            "id": "0495fba0-693d-433a-a9ef-6bc2ccab6093",
                            "districts": [
                                
                            ]
                        },
                        {
                            "name": "Guinea",
                            "id": "eda1a6fb-f95b-4664-b352-8a468c499b34",
                            "districts": [
                                
                            ]
                        },
                        {
                            "name": "Kenya",
                            "id": "06702720-9c60-4210-8eed-8824f1cc80c2",
                            "districts": [
                                
                            ]
                        },
                        {
                            "name": "Mozambique",
                            "id": "df394703-b3a5-4d0f-aa33-db8b10ba29ab",
                            "districts": [
                                
                            ]
                        },
                        {
                            "name": "Saint Helena, Ascension and Tristan da Cunha",
                            "id": "e379e052-1704-4e98-b4fd-fdac7ca1f9a0",
                            "districts": [
                                
                            ]
                        },
                        {
                            "name": "Ethiopia",
                            "id": "77d5d6a2-5f01-41b8-b06d-88b9efc618f8",
                            "districts": [
                                
                            ]
                        },
                        {
                            "name": "Comoros",
                            "id": "ae0a4c53-9eea-4b4f-b7ab-98750eb58582",
                            "districts": [
                                
                            ]
                        },
                        {
                            "name": "Malawi",
                            "id": "31ffdf7e-d375-4c19-8b4c-6ac8e4486727",
                            "districts": [
                                
                            ]
                        },
                        {
                            "name": "Somalia",
                            "id": "630c356f-e198-4cd0-8e91-b29002c2aca7",
                            "districts": [
                                
                            ]
                        },
                        {
                            "name": "Congo, Democratic Republic of the",
                            "id": "55a5fe27-565c-4963-88c0-9a3ec24dea5c",
                            "districts": [
                                
                            ]
                        },
                        {
                            "name": "Equatorial Guinea",
                            "id": "9d2dd243-9754-4962-a556-6dbbf85b248a",
                            "districts": [
                                
                            ]
                        },
                        {
                            "name": "Chad",
                            "id": "4c4abd99-f4df-4fee-bac5-e2a1eef7ec0f",
                            "districts": [
                                
                            ]
                        },
                        {
                            "name": "Tanzania, United Republic of",
                            "id": "30d8662e-655f-43c8-b307-a2dc0046ebe5",
                            "districts": [
                                
                            ]
                        },
                        {
                            "name": "Sierra Leone",
                            "id": "e2135c5c-dfd3-4d44-b16f-0c29186836ce",
                            "districts": [
                                
                            ]
                        },
                        {
                            "name": "Eritrea",
                            "id": "bdd50ea2-c82d-44e8-b493-09892c245a6d",
                            "districts": [
                                
                            ]
                        },
                        {
                            "name": "Central African Republic",
                            "id": "59d2224e-e8a9-4e08-bf66-6ca50cf3d5e7",
                            "districts": [
                                
                            ]
                        },
                        {
                            "name": "South Sudan",
                            "id": "96e00183-809e-408c-b2f2-0042a6a8a8ba",
                            "districts": [
                                
                            ]
                        },
                        {
                            "name": "Mauritania",
                            "id": "780c64c4-cea5-4b78-85af-7be29c96025f",
                            "districts": [
                                
                            ]
                        },
                        {
                            "name": "Burkina Faso",
                            "id": "cedf0037-0cb1-4ad8-8a83-9ae64bc44992",
                            "districts": [
                                
                            ]
                        }
                    ]
                }
            },
            {
                "id": "f177f103-59bd-4527-831e-101af0a373bd",
                "region": {
                    "countries": [
                        {
                            "name": "Angola",
                            "id": "5e9f919f-2d42-42ec-8b6c-adf7f7b3cd0b",
                            "districts": [
                                
                            ]
                        },
                        {
                            "name": "Cabo Verde",
                            "id": "e5489353-76dd-4d8d-b61e-d349c6356c68",
                            "districts": [
                                
                            ]
                        },
                        {
                            "name": "Mali",
                            "id": "dd9791d1-fea1-4b9d-9076-37e499de6307",
                            "districts": [
                                
                            ]
                        },
                        {
                            "name": "British Indian Ocean Territory",
                            "id": "20479535-b47b-41ba-8cab-b7024bd8ec82",
                            "districts": [
                                
                            ]
                        },
                        {
                            "name": "Gambia",
                            "id": "efec8f57-a2fb-4f95-b662-d72b21d301ed",
                            "districts": [
                                
                            ]
                        },
                        {
                            "name": "Zambia",
                            "id": "4992bec5-10a9-49df-ad13-69aa7cdcfef6",
                            "districts": [
                                
                            ]
                        },
                        {
                            "name": "Eswatini",
                            "id": "d044d249-e941-47bb-8fae-8cab328ca575",
                            "districts": [
                                
                            ]
                        },
                        {
                            "name": "Mayotte",
                            "id": "f4b83278-abe2-46f6-b0c0-50eceba9a35f",
                            "districts": [
                                
                            ]
                        },
                        {
                            "name": "Burundi",
                            "id": "310ab811-40b5-48da-8a66-e7562f4cf9d1",
                            "districts": [
                                
                            ]
                        },
                        {
                            "name": "Liberia",
                            "id": "86d6e276-b027-4cf8-ad4d-c4793b3425cf",
                            "districts": [
                                
                            ]
                        },
                        {
                            "name": "Mauritius",
                            "id": "a06fe50f-4ff3-483a-83c6-01ce4068ab36",
                            "districts": [
                                
                            ]
                        },
                        {
                            "name": "Sao Tome and Principe",
                            "id": "712df7d0-5d1b-401b-a832-911354b38baf",
                            "districts": [
                                
                            ]
                        },
                        {
                            "name": "Senegal",
                            "id": "990cb125-2ede-4648-b5d4-698d0e6ad712",
                            "districts": [
                                
                            ]
                        },
                        {
                            "name": "Botswana",
                            "id": "f177f103-59bd-4527-831e-101af0a373bd",
                            "districts": [
                                
                            ]
                        },
                        {
                            "name": "Rwanda",
                            "id": "5507db6a-9757-40e2-a498-f8cb8df70fb8",
                            "districts": [
                                
                            ]
                        },
                        {
                            "name": "Niger",
                            "id": "74150778-002b-4ca3-a064-41c5cad3f026",
                            "districts": [
                                
                            ]
                        },
                        {
                            "name": "Benin",
                            "id": "ec5d7439-de38-46d4-8a31-7b23b9525984",
                            "districts": [
                                
                            ]
                        },
                        {
                            "name": "Réunion",
                            "id": "e0f20522-cffc-4e66-8e7d-9334f35fce95",
                            "districts": [
                                
                            ]
                        },
                        {
                            "name": "South Africa",
                            "id": "9a7647d2-60ca-429d-90e5-905edaff872c",
                            "districts": [
                                
                            ]
                        },
                        {
                            "name": "Ghana",
                            "id": "9662349e-2c36-496a-83d5-6f746ae768a7",
                            "districts": [
                                
                            ]
                        },
                        {
                            "name": "Congo",
                            "id": "33c8a05e-4d63-49cd-a5f1-0f4a1d5ab13e",
                            "districts": [
                                
                            ]
                        },
                        {
                            "name": "Guinea-Bissau",
                            "id": "64d1845d-1963-40bc-a31b-1f45084f1644",
                            "districts": [
                                
                            ]
                        },
                        {
                            "name": "Togo",
                            "id": "9d383757-b95f-44da-b535-3887ed82679f",
                            "districts": [
                                
                            ]
                        },
                        {
                            "name": "Namibia",
                            "id": "cf9f295f-bf4c-4a8b-8738-53c6a9ed55b1",
                            "districts": [
                                
                            ]
                        },
                        {
                            "name": "Djibouti",
                            "id": "ba974fdc-3dea-4b6b-a2f3-34624faa59a7",
                            "districts": [
                                
                            ]
                        },
                        {
                            "name": "Gabon",
                            "id": "8f6be81f-6b58-4a61-b684-5c2d620a0e74",
                            "districts": [
                                
                            ]
                        },
                        {
                            "name": "Lesotho",
                            "id": "300752f4-088e-403c-95b0-7a670c09f8cc",
                            "districts": [
                                
                            ]
                        },
                        {
                            "name": "Madagascar",
                            "id": "eb4c5e71-f839-4f3c-8e93-49ef57f4fe8d",
                            "districts": [
                                
                            ]
                        },
                        {
                            "name": "Uganda",
                            "id": "b1693449-e104-47c0-94db-f55cc6c850d5",
                            "districts": [
                                
                            ]
                        },
                        {
                            "name": "Côte d\"Ivoire",
                            "id": "59276e01-0d64-487a-aec6-332ae91f9909",
                            "districts": [
                                
                            ]
                        },
                        {
                            "name": "Nigeria",
                            "id": "3c94aa61-055d-4c38-a40b-67dff395beda",
                            "districts": [
                                
                            ]
                        },
                        {
                            "name": "Zimbabwe",
                            "id": "bfbf9853-bae3-4e57-b7cd-1e9228e8b1f3",
                            "districts": [
                                
                            ]
                        },
                        {
                            "name": "Seychelles",
                            "id": "4c63d1f6-87ba-45f1-9414-eb22bfba46c2",
                            "districts": [
                                
                            ]
                        },
                        {
                            "name": "Cameroon",
                            "id": "0495fba0-693d-433a-a9ef-6bc2ccab6093",
                            "districts": [
                                
                            ]
                        },
                        {
                            "name": "Guinea",
                            "id": "eda1a6fb-f95b-4664-b352-8a468c499b34",
                            "districts": [
                                
                            ]
                        },
                        {
                            "name": "Kenya",
                            "id": "06702720-9c60-4210-8eed-8824f1cc80c2",
                            "districts": [
                                
                            ]
                        },
                        {
                            "name": "Mozambique",
                            "id": "df394703-b3a5-4d0f-aa33-db8b10ba29ab",
                            "districts": [
                                
                            ]
                        },
                        {
                            "name": "Saint Helena, Ascension and Tristan da Cunha",
                            "id": "e379e052-1704-4e98-b4fd-fdac7ca1f9a0",
                            "districts": [
                                
                            ]
                        },
                        {
                            "name": "Ethiopia",
                            "id": "77d5d6a2-5f01-41b8-b06d-88b9efc618f8",
                            "districts": [
                                
                            ]
                        },
                        {
                            "name": "Comoros",
                            "id": "ae0a4c53-9eea-4b4f-b7ab-98750eb58582",
                            "districts": [
                                
                            ]
                        },
                        {
                            "name": "Malawi",
                            "id": "31ffdf7e-d375-4c19-8b4c-6ac8e4486727",
                            "districts": [
                                
                            ]
                        },
                        {
                            "name": "Somalia",
                            "id": "630c356f-e198-4cd0-8e91-b29002c2aca7",
                            "districts": [
                                
                            ]
                        },
                        {
                            "name": "Congo, Democratic Republic of the",
                            "id": "55a5fe27-565c-4963-88c0-9a3ec24dea5c",
                            "districts": [
                                
                            ]
                        },
                        {
                            "name": "Equatorial Guinea",
                            "id": "9d2dd243-9754-4962-a556-6dbbf85b248a",
                            "districts": [
                                
                            ]
                        },
                        {
                            "name": "Chad",
                            "id": "4c4abd99-f4df-4fee-bac5-e2a1eef7ec0f",
                            "districts": [
                                
                            ]
                        },
                        {
                            "name": "Tanzania, United Republic of",
                            "id": "30d8662e-655f-43c8-b307-a2dc0046ebe5",
                            "districts": [
                                
                            ]
                        },
                        {
                            "name": "Sierra Leone",
                            "id": "e2135c5c-dfd3-4d44-b16f-0c29186836ce",
                            "districts": [
                                
                            ]
                        },
                        {
                            "name": "Eritrea",
                            "id": "bdd50ea2-c82d-44e8-b493-09892c245a6d",
                            "districts": [
                                
                            ]
                        },
                        {
                            "name": "Central African Republic",
                            "id": "59d2224e-e8a9-4e08-bf66-6ca50cf3d5e7",
                            "districts": [
                                
                            ]
                        },
                        {
                            "name": "South Sudan",
                            "id": "96e00183-809e-408c-b2f2-0042a6a8a8ba",
                            "districts": [
                                
                            ]
                        },
                        {
                            "name": "Mauritania",
                            "id": "780c64c4-cea5-4b78-85af-7be29c96025f",
                            "districts": [
                                
                            ]
                        },
                        {
                            "name": "Burkina Faso",
                            "id": "cedf0037-0cb1-4ad8-8a83-9ae64bc44992",
                            "districts": [
                                
                            ]
                        }
                    ]
                }
            },
            {
                "id": "5507db6a-9757-40e2-a498-f8cb8df70fb8",
                "region": {
                    "countries": [
                        {
                            "name": "Angola",
                            "id": "5e9f919f-2d42-42ec-8b6c-adf7f7b3cd0b",
                            "districts": [
                                
                            ]
                        },
                        {
                            "name": "Cabo Verde",
                            "id": "e5489353-76dd-4d8d-b61e-d349c6356c68",
                            "districts": [
                                
                            ]
                        },
                        {
                            "name": "Mali",
                            "id": "dd9791d1-fea1-4b9d-9076-37e499de6307",
                            "districts": [
                                
                            ]
                        },
                        {
                            "name": "British Indian Ocean Territory",
                            "id": "20479535-b47b-41ba-8cab-b7024bd8ec82",
                            "districts": [
                                
                            ]
                        },
                        {
                            "name": "Gambia",
                            "id": "efec8f57-a2fb-4f95-b662-d72b21d301ed",
                            "districts": [
                                
                            ]
                        },
                        {
                            "name": "Zambia",
                            "id": "4992bec5-10a9-49df-ad13-69aa7cdcfef6",
                            "districts": [
                                
                            ]
                        },
                        {
                            "name": "Eswatini",
                            "id": "d044d249-e941-47bb-8fae-8cab328ca575",
                            "districts": [
                                
                            ]
                        },
                        {
                            "name": "Mayotte",
                            "id": "f4b83278-abe2-46f6-b0c0-50eceba9a35f",
                            "districts": [
                                
                            ]
                        },
                        {
                            "name": "Burundi",
                            "id": "310ab811-40b5-48da-8a66-e7562f4cf9d1",
                            "districts": [
                                
                            ]
                        },
                        {
                            "name": "Liberia",
                            "id": "86d6e276-b027-4cf8-ad4d-c4793b3425cf",
                            "districts": [
                                
                            ]
                        },
                        {
                            "name": "Mauritius",
                            "id": "a06fe50f-4ff3-483a-83c6-01ce4068ab36",
                            "districts": [
                                
                            ]
                        },
                        {
                            "name": "Sao Tome and Principe",
                            "id": "712df7d0-5d1b-401b-a832-911354b38baf",
                            "districts": [
                                
                            ]
                        },
                        {
                            "name": "Senegal",
                            "id": "990cb125-2ede-4648-b5d4-698d0e6ad712",
                            "districts": [
                                
                            ]
                        },
                        {
                            "name": "Botswana",
                            "id": "f177f103-59bd-4527-831e-101af0a373bd",
                            "districts": [
                                
                            ]
                        },
                        {
                            "name": "Rwanda",
                            "id": "5507db6a-9757-40e2-a498-f8cb8df70fb8",
                            "districts": [
                                
                            ]
                        },
                        {
                            "name": "Niger",
                            "id": "74150778-002b-4ca3-a064-41c5cad3f026",
                            "districts": [
                                
                            ]
                        },
                        {
                            "name": "Benin",
                            "id": "ec5d7439-de38-46d4-8a31-7b23b9525984",
                            "districts": [
                                
                            ]
                        },
                        {
                            "name": "Réunion",
                            "id": "e0f20522-cffc-4e66-8e7d-9334f35fce95",
                            "districts": [
                                
                            ]
                        },
                        {
                            "name": "South Africa",
                            "id": "9a7647d2-60ca-429d-90e5-905edaff872c",
                            "districts": [
                                
                            ]
                        },
                        {
                            "name": "Ghana",
                            "id": "9662349e-2c36-496a-83d5-6f746ae768a7",
                            "districts": [
                                
                            ]
                        },
                        {
                            "name": "Congo",
                            "id": "33c8a05e-4d63-49cd-a5f1-0f4a1d5ab13e",
                            "districts": [
                                
                            ]
                        },
                        {
                            "name": "Guinea-Bissau",
                            "id": "64d1845d-1963-40bc-a31b-1f45084f1644",
                            "districts": [
                                
                            ]
                        },
                        {
                            "name": "Togo",
                            "id": "9d383757-b95f-44da-b535-3887ed82679f",
                            "districts": [
                                
                            ]
                        },
                        {
                            "name": "Namibia",
                            "id": "cf9f295f-bf4c-4a8b-8738-53c6a9ed55b1",
                            "districts": [
                                
                            ]
                        },
                        {
                            "name": "Djibouti",
                            "id": "ba974fdc-3dea-4b6b-a2f3-34624faa59a7",
                            "districts": [
                                
                            ]
                        },
                        {
                            "name": "Gabon",
                            "id": "8f6be81f-6b58-4a61-b684-5c2d620a0e74",
                            "districts": [
                                
                            ]
                        },
                        {
                            "name": "Lesotho",
                            "id": "300752f4-088e-403c-95b0-7a670c09f8cc",
                            "districts": [
                                
                            ]
                        },
                        {
                            "name": "Madagascar",
                            "id": "eb4c5e71-f839-4f3c-8e93-49ef57f4fe8d",
                            "districts": [
                                
                            ]
                        },
                        {
                            "name": "Uganda",
                            "id": "b1693449-e104-47c0-94db-f55cc6c850d5",
                            "districts": [
                                
                            ]
                        },
                        {
                            "name": "Côte d\"Ivoire",
                            "id": "59276e01-0d64-487a-aec6-332ae91f9909",
                            "districts": [
                                
                            ]
                        },
                        {
                            "name": "Nigeria",
                            "id": "3c94aa61-055d-4c38-a40b-67dff395beda",
                            "districts": [
                                
                            ]
                        },
                        {
                            "name": "Zimbabwe",
                            "id": "bfbf9853-bae3-4e57-b7cd-1e9228e8b1f3",
                            "districts": [
                                
                            ]
                        },
                        {
                            "name": "Seychelles",
                            "id": "4c63d1f6-87ba-45f1-9414-eb22bfba46c2",
                            "districts": [
                                
                            ]
                        },
                        {
                            "name": "Cameroon",
                            "id": "0495fba0-693d-433a-a9ef-6bc2ccab6093",
                            "districts": [
                                
                            ]
                        },
                        {
                            "name": "Guinea",
                            "id": "eda1a6fb-f95b-4664-b352-8a468c499b34",
                            "districts": [
                                
                            ]
                        },
                        {
                            "name": "Kenya",
                            "id": "06702720-9c60-4210-8eed-8824f1cc80c2",
                            "districts": [
                                
                            ]
                        },
                        {
                            "name": "Mozambique",
                            "id": "df394703-b3a5-4d0f-aa33-db8b10ba29ab",
                            "districts": [
                                
                            ]
                        },
                        {
                            "name": "Saint Helena, Ascension and Tristan da Cunha",
                            "id": "e379e052-1704-4e98-b4fd-fdac7ca1f9a0",
                            "districts": [
                                
                            ]
                        },
                        {
                            "name": "Ethiopia",
                            "id": "77d5d6a2-5f01-41b8-b06d-88b9efc618f8",
                            "districts": [
                                
                            ]
                        },
                        {
                            "name": "Comoros",
                            "id": "ae0a4c53-9eea-4b4f-b7ab-98750eb58582",
                            "districts": [
                                
                            ]
                        },
                        {
                            "name": "Malawi",
                            "id": "31ffdf7e-d375-4c19-8b4c-6ac8e4486727",
                            "districts": [
                                
                            ]
                        },
                        {
                            "name": "Somalia",
                            "id": "630c356f-e198-4cd0-8e91-b29002c2aca7",
                            "districts": [
                                
                            ]
                        },
                        {
                            "name": "Congo, Democratic Republic of the",
                            "id": "55a5fe27-565c-4963-88c0-9a3ec24dea5c",
                            "districts": [
                                
                            ]
                        },
                        {
                            "name": "Equatorial Guinea",
                            "id": "9d2dd243-9754-4962-a556-6dbbf85b248a",
                            "districts": [
                                
                            ]
                        },
                        {
                            "name": "Chad",
                            "id": "4c4abd99-f4df-4fee-bac5-e2a1eef7ec0f",
                            "districts": [
                                
                            ]
                        },
                        {
                            "name": "Tanzania, United Republic of",
                            "id": "30d8662e-655f-43c8-b307-a2dc0046ebe5",
                            "districts": [
                                
                            ]
                        },
                        {
                            "name": "Sierra Leone",
                            "id": "e2135c5c-dfd3-4d44-b16f-0c29186836ce",
                            "districts": [
                                
                            ]
                        },
                        {
                            "name": "Eritrea",
                            "id": "bdd50ea2-c82d-44e8-b493-09892c245a6d",
                            "districts": [
                                
                            ]
                        },
                        {
                            "name": "Central African Republic",
                            "id": "59d2224e-e8a9-4e08-bf66-6ca50cf3d5e7",
                            "districts": [
                                
                            ]
                        },
                        {
                            "name": "South Sudan",
                            "id": "96e00183-809e-408c-b2f2-0042a6a8a8ba",
                            "districts": [
                                
                            ]
                        },
                        {
                            "name": "Mauritania",
                            "id": "780c64c4-cea5-4b78-85af-7be29c96025f",
                            "districts": [
                                
                            ]
                        },
                        {
                            "name": "Burkina Faso",
                            "id": "cedf0037-0cb1-4ad8-8a83-9ae64bc44992",
                            "districts": [
                                
                            ]
                        }
                    ]
                }
            },
            {
                "id": "74150778-002b-4ca3-a064-41c5cad3f026",
                "region": {
                    "countries": [
                        {
                            "name": "Angola",
                            "id": "5e9f919f-2d42-42ec-8b6c-adf7f7b3cd0b",
                            "districts": [
                                
                            ]
                        },
                        {
                            "name": "Cabo Verde",
                            "id": "e5489353-76dd-4d8d-b61e-d349c6356c68",
                            "districts": [
                                
                            ]
                        },
                        {
                            "name": "Mali",
                            "id": "dd9791d1-fea1-4b9d-9076-37e499de6307",
                            "districts": [
                                
                            ]
                        },
                        {
                            "name": "British Indian Ocean Territory",
                            "id": "20479535-b47b-41ba-8cab-b7024bd8ec82",
                            "districts": [
                                
                            ]
                        },
                        {
                            "name": "Gambia",
                            "id": "efec8f57-a2fb-4f95-b662-d72b21d301ed",
                            "districts": [
                                
                            ]
                        },
                        {
                            "name": "Zambia",
                            "id": "4992bec5-10a9-49df-ad13-69aa7cdcfef6",
                            "districts": [
                                
                            ]
                        },
                        {
                            "name": "Eswatini",
                            "id": "d044d249-e941-47bb-8fae-8cab328ca575",
                            "districts": [
                                
                            ]
                        },
                        {
                            "name": "Mayotte",
                            "id": "f4b83278-abe2-46f6-b0c0-50eceba9a35f",
                            "districts": [
                                
                            ]
                        },
                        {
                            "name": "Burundi",
                            "id": "310ab811-40b5-48da-8a66-e7562f4cf9d1",
                            "districts": [
                                
                            ]
                        },
                        {
                            "name": "Liberia",
                            "id": "86d6e276-b027-4cf8-ad4d-c4793b3425cf",
                            "districts": [
                                
                            ]
                        },
                        {
                            "name": "Mauritius",
                            "id": "a06fe50f-4ff3-483a-83c6-01ce4068ab36",
                            "districts": [
                                
                            ]
                        },
                        {
                            "name": "Sao Tome and Principe",
                            "id": "712df7d0-5d1b-401b-a832-911354b38baf",
                            "districts": [
                                
                            ]
                        },
                        {
                            "name": "Senegal",
                            "id": "990cb125-2ede-4648-b5d4-698d0e6ad712",
                            "districts": [
                                
                            ]
                        },
                        {
                            "name": "Botswana",
                            "id": "f177f103-59bd-4527-831e-101af0a373bd",
                            "districts": [
                                
                            ]
                        },
                        {
                            "name": "Rwanda",
                            "id": "5507db6a-9757-40e2-a498-f8cb8df70fb8",
                            "districts": [
                                
                            ]
                        },
                        {
                            "name": "Niger",
                            "id": "74150778-002b-4ca3-a064-41c5cad3f026",
                            "districts": [
                                
                            ]
                        },
                        {
                            "name": "Benin",
                            "id": "ec5d7439-de38-46d4-8a31-7b23b9525984",
                            "districts": [
                                
                            ]
                        },
                        {
                            "name": "Réunion",
                            "id": "e0f20522-cffc-4e66-8e7d-9334f35fce95",
                            "districts": [
                                
                            ]
                        },
                        {
                            "name": "South Africa",
                            "id": "9a7647d2-60ca-429d-90e5-905edaff872c",
                            "districts": [
                                
                            ]
                        },
                        {
                            "name": "Ghana",
                            "id": "9662349e-2c36-496a-83d5-6f746ae768a7",
                            "districts": [
                                
                            ]
                        },
                        {
                            "name": "Congo",
                            "id": "33c8a05e-4d63-49cd-a5f1-0f4a1d5ab13e",
                            "districts": [
                                
                            ]
                        },
                        {
                            "name": "Guinea-Bissau",
                            "id": "64d1845d-1963-40bc-a31b-1f45084f1644",
                            "districts": [
                                
                            ]
                        },
                        {
                            "name": "Togo",
                            "id": "9d383757-b95f-44da-b535-3887ed82679f",
                            "districts": [
                                
                            ]
                        },
                        {
                            "name": "Namibia",
                            "id": "cf9f295f-bf4c-4a8b-8738-53c6a9ed55b1",
                            "districts": [
                                
                            ]
                        },
                        {
                            "name": "Djibouti",
                            "id": "ba974fdc-3dea-4b6b-a2f3-34624faa59a7",
                            "districts": [
                                
                            ]
                        },
                        {
                            "name": "Gabon",
                            "id": "8f6be81f-6b58-4a61-b684-5c2d620a0e74",
                            "districts": [
                                
                            ]
                        },
                        {
                            "name": "Lesotho",
                            "id": "300752f4-088e-403c-95b0-7a670c09f8cc",
                            "districts": [
                                
                            ]
                        },
                        {
                            "name": "Madagascar",
                            "id": "eb4c5e71-f839-4f3c-8e93-49ef57f4fe8d",
                            "districts": [
                                
                            ]
                        },
                        {
                            "name": "Uganda",
                            "id": "b1693449-e104-47c0-94db-f55cc6c850d5",
                            "districts": [
                                
                            ]
                        },
                        {
                            "name": "Côte d\"Ivoire",
                            "id": "59276e01-0d64-487a-aec6-332ae91f9909",
                            "districts": [
                                
                            ]
                        },
                        {
                            "name": "Nigeria",
                            "id": "3c94aa61-055d-4c38-a40b-67dff395beda",
                            "districts": [
                                
                            ]
                        },
                        {
                            "name": "Zimbabwe",
                            "id": "bfbf9853-bae3-4e57-b7cd-1e9228e8b1f3",
                            "districts": [
                                
                            ]
                        },
                        {
                            "name": "Seychelles",
                            "id": "4c63d1f6-87ba-45f1-9414-eb22bfba46c2",
                            "districts": [
                                
                            ]
                        },
                        {
                            "name": "Cameroon",
                            "id": "0495fba0-693d-433a-a9ef-6bc2ccab6093",
                            "districts": [
                                
                            ]
                        },
                        {
                            "name": "Guinea",
                            "id": "eda1a6fb-f95b-4664-b352-8a468c499b34",
                            "districts": [
                                
                            ]
                        },
                        {
                            "name": "Kenya",
                            "id": "06702720-9c60-4210-8eed-8824f1cc80c2",
                            "districts": [
                                
                            ]
                        },
                        {
                            "name": "Mozambique",
                            "id": "df394703-b3a5-4d0f-aa33-db8b10ba29ab",
                            "districts": [
                                
                            ]
                        },
                        {
                            "name": "Saint Helena, Ascension and Tristan da Cunha",
                            "id": "e379e052-1704-4e98-b4fd-fdac7ca1f9a0",
                            "districts": [
                                
                            ]
                        },
                        {
                            "name": "Ethiopia",
                            "id": "77d5d6a2-5f01-41b8-b06d-88b9efc618f8",
                            "districts": [
                                
                            ]
                        },
                        {
                            "name": "Comoros",
                            "id": "ae0a4c53-9eea-4b4f-b7ab-98750eb58582",
                            "districts": [
                                
                            ]
                        },
                        {
                            "name": "Malawi",
                            "id": "31ffdf7e-d375-4c19-8b4c-6ac8e4486727",
                            "districts": [
                                
                            ]
                        },
                        {
                            "name": "Somalia",
                            "id": "630c356f-e198-4cd0-8e91-b29002c2aca7",
                            "districts": [
                                
                            ]
                        },
                        {
                            "name": "Congo, Democratic Republic of the",
                            "id": "55a5fe27-565c-4963-88c0-9a3ec24dea5c",
                            "districts": [
                                
                            ]
                        },
                        {
                            "name": "Equatorial Guinea",
                            "id": "9d2dd243-9754-4962-a556-6dbbf85b248a",
                            "districts": [
                                
                            ]
                        },
                        {
                            "name": "Chad",
                            "id": "4c4abd99-f4df-4fee-bac5-e2a1eef7ec0f",
                            "districts": [
                                
                            ]
                        },
                        {
                            "name": "Tanzania, United Republic of",
                            "id": "30d8662e-655f-43c8-b307-a2dc0046ebe5",
                            "districts": [
                                
                            ]
                        },
                        {
                            "name": "Sierra Leone",
                            "id": "e2135c5c-dfd3-4d44-b16f-0c29186836ce",
                            "districts": [
                                
                            ]
                        },
                        {
                            "name": "Eritrea",
                            "id": "bdd50ea2-c82d-44e8-b493-09892c245a6d",
                            "districts": [
                                
                            ]
                        },
                        {
                            "name": "Central African Republic",
                            "id": "59d2224e-e8a9-4e08-bf66-6ca50cf3d5e7",
                            "districts": [
                                
                            ]
                        },
                        {
                            "name": "South Sudan",
                            "id": "96e00183-809e-408c-b2f2-0042a6a8a8ba",
                            "districts": [
                                
                            ]
                        },
                        {
                            "name": "Mauritania",
                            "id": "780c64c4-cea5-4b78-85af-7be29c96025f",
                            "districts": [
                                
                            ]
                        },
                        {
                            "name": "Burkina Faso",
                            "id": "cedf0037-0cb1-4ad8-8a83-9ae64bc44992",
                            "districts": [
                                
                            ]
                        }
                    ]
                }
            },
            {
                "id": "5d000f83-13ca-4649-bb2d-d2be565f0a2c",
                "region": {
                    "countries": [
                        {
                            "name": "Kyrgyzstan",
                            "id": "c046ec2c-b375-45c7-9558-cb8adfca0651",
                            "districts": [
                                
                            ]
                        },
                        {
                            "name": "Uzbekistan",
                            "id": "997ef444-25be-4a56-896e-bc450f736b57",
                            "districts": [
                                
                            ]
                        },
                        {
                            "name": "Kazakhstan",
                            "id": "26bc4b50-82d3-4b68-817d-795f011ee9af",
                            "districts": [
                                
                            ]
                        },
                        {
                            "name": "Thailand",
                            "id": "b7a44eef-15f4-4b45-bdef-070637f8af87",
                            "districts": [
                                
                            ]
                        },
                        {
                            "name": "Timor-Leste",
                            "id": "5d000f83-13ca-4649-bb2d-d2be565f0a2c",
                            "districts": [
                                
                            ]
                        },
                        {
                            "name": "Lao People\"s Democratic Republic",
                            "id": "98815a15-47a6-4679-86d8-5e1a5214ba11",
                            "districts": [
                                
                            ]
                        },
                        {
                            "name": "Tajikistan",
                            "id": "d1c132e4-e157-47fd-906c-458d7df6ba96",
                            "districts": [
                                
                            ]
                        },
                        {
                            "name": "Turkmenistan",
                            "id": "ecde24a4-68ca-45de-9021-e9c3a446caff",
                            "districts": [
                                
                            ]
                        },
                        {
                            "name": "Viet Nam",
                            "id": "c9d61dfb-f6d4-4ecc-a4a8-b6fc4861376a",
                            "districts": [
                                
                            ]
                        }
                    ]
                }
            },
            {
                "id": "ec5d7439-de38-46d4-8a31-7b23b9525984",
                "region": {
                    "countries": [
                        {
                            "name": "Angola",
                            "id": "5e9f919f-2d42-42ec-8b6c-adf7f7b3cd0b",
                            "districts": [
                                
                            ]
                        },
                        {
                            "name": "Cabo Verde",
                            "id": "e5489353-76dd-4d8d-b61e-d349c6356c68",
                            "districts": [
                                
                            ]
                        },
                        {
                            "name": "Mali",
                            "id": "dd9791d1-fea1-4b9d-9076-37e499de6307",
                            "districts": [
                                
                            ]
                        },
                        {
                            "name": "British Indian Ocean Territory",
                            "id": "20479535-b47b-41ba-8cab-b7024bd8ec82",
                            "districts": [
                                
                            ]
                        },
                        {
                            "name": "Gambia",
                            "id": "efec8f57-a2fb-4f95-b662-d72b21d301ed",
                            "districts": [
                                
                            ]
                        },
                        {
                            "name": "Zambia",
                            "id": "4992bec5-10a9-49df-ad13-69aa7cdcfef6",
                            "districts": [
                                
                            ]
                        },
                        {
                            "name": "Eswatini",
                            "id": "d044d249-e941-47bb-8fae-8cab328ca575",
                            "districts": [
                                
                            ]
                        },
                        {
                            "name": "Mayotte",
                            "id": "f4b83278-abe2-46f6-b0c0-50eceba9a35f",
                            "districts": [
                                
                            ]
                        },
                        {
                            "name": "Burundi",
                            "id": "310ab811-40b5-48da-8a66-e7562f4cf9d1",
                            "districts": [
                                
                            ]
                        },
                        {
                            "name": "Liberia",
                            "id": "86d6e276-b027-4cf8-ad4d-c4793b3425cf",
                            "districts": [
                                
                            ]
                        },
                        {
                            "name": "Mauritius",
                            "id": "a06fe50f-4ff3-483a-83c6-01ce4068ab36",
                            "districts": [
                                
                            ]
                        },
                        {
                            "name": "Sao Tome and Principe",
                            "id": "712df7d0-5d1b-401b-a832-911354b38baf",
                            "districts": [
                                
                            ]
                        },
                        {
                            "name": "Senegal",
                            "id": "990cb125-2ede-4648-b5d4-698d0e6ad712",
                            "districts": [
                                
                            ]
                        },
                        {
                            "name": "Botswana",
                            "id": "f177f103-59bd-4527-831e-101af0a373bd",
                            "districts": [
                                
                            ]
                        },
                        {
                            "name": "Rwanda",
                            "id": "5507db6a-9757-40e2-a498-f8cb8df70fb8",
                            "districts": [
                                
                            ]
                        },
                        {
                            "name": "Niger",
                            "id": "74150778-002b-4ca3-a064-41c5cad3f026",
                            "districts": [
                                
                            ]
                        },
                        {
                            "name": "Benin",
                            "id": "ec5d7439-de38-46d4-8a31-7b23b9525984",
                            "districts": [
                                
                            ]
                        },
                        {
                            "name": "Réunion",
                            "id": "e0f20522-cffc-4e66-8e7d-9334f35fce95",
                            "districts": [
                                
                            ]
                        },
                        {
                            "name": "South Africa",
                            "id": "9a7647d2-60ca-429d-90e5-905edaff872c",
                            "districts": [
                                
                            ]
                        },
                        {
                            "name": "Ghana",
                            "id": "9662349e-2c36-496a-83d5-6f746ae768a7",
                            "districts": [
                                
                            ]
                        },
                        {
                            "name": "Congo",
                            "id": "33c8a05e-4d63-49cd-a5f1-0f4a1d5ab13e",
                            "districts": [
                                
                            ]
                        },
                        {
                            "name": "Guinea-Bissau",
                            "id": "64d1845d-1963-40bc-a31b-1f45084f1644",
                            "districts": [
                                
                            ]
                        },
                        {
                            "name": "Togo",
                            "id": "9d383757-b95f-44da-b535-3887ed82679f",
                            "districts": [
                                
                            ]
                        },
                        {
                            "name": "Namibia",
                            "id": "cf9f295f-bf4c-4a8b-8738-53c6a9ed55b1",
                            "districts": [
                                
                            ]
                        },
                        {
                            "name": "Djibouti",
                            "id": "ba974fdc-3dea-4b6b-a2f3-34624faa59a7",
                            "districts": [
                                
                            ]
                        },
                        {
                            "name": "Gabon",
                            "id": "8f6be81f-6b58-4a61-b684-5c2d620a0e74",
                            "districts": [
                                
                            ]
                        },
                        {
                            "name": "Lesotho",
                            "id": "300752f4-088e-403c-95b0-7a670c09f8cc",
                            "districts": [
                                
                            ]
                        },
                        {
                            "name": "Madagascar",
                            "id": "eb4c5e71-f839-4f3c-8e93-49ef57f4fe8d",
                            "districts": [
                                
                            ]
                        },
                        {
                            "name": "Uganda",
                            "id": "b1693449-e104-47c0-94db-f55cc6c850d5",
                            "districts": [
                                
                            ]
                        },
                        {
                            "name": "Côte d\"Ivoire",
                            "id": "59276e01-0d64-487a-aec6-332ae91f9909",
                            "districts": [
                                
                            ]
                        },
                        {
                            "name": "Nigeria",
                            "id": "3c94aa61-055d-4c38-a40b-67dff395beda",
                            "districts": [
                                
                            ]
                        },
                        {
                            "name": "Zimbabwe",
                            "id": "bfbf9853-bae3-4e57-b7cd-1e9228e8b1f3",
                            "districts": [
                                
                            ]
                        },
                        {
                            "name": "Seychelles",
                            "id": "4c63d1f6-87ba-45f1-9414-eb22bfba46c2",
                            "districts": [
                                
                            ]
                        },
                        {
                            "name": "Cameroon",
                            "id": "0495fba0-693d-433a-a9ef-6bc2ccab6093",
                            "districts": [
                                
                            ]
                        },
                        {
                            "name": "Guinea",
                            "id": "eda1a6fb-f95b-4664-b352-8a468c499b34",
                            "districts": [
                                
                            ]
                        },
                        {
                            "name": "Kenya",
                            "id": "06702720-9c60-4210-8eed-8824f1cc80c2",
                            "districts": [
                                
                            ]
                        },
                        {
                            "name": "Mozambique",
                            "id": "df394703-b3a5-4d0f-aa33-db8b10ba29ab",
                            "districts": [
                                
                            ]
                        },
                        {
                            "name": "Saint Helena, Ascension and Tristan da Cunha",
                            "id": "e379e052-1704-4e98-b4fd-fdac7ca1f9a0",
                            "districts": [
                                
                            ]
                        },
                        {
                            "name": "Ethiopia",
                            "id": "77d5d6a2-5f01-41b8-b06d-88b9efc618f8",
                            "districts": [
                                
                            ]
                        },
                        {
                            "name": "Comoros",
                            "id": "ae0a4c53-9eea-4b4f-b7ab-98750eb58582",
                            "districts": [
                                
                            ]
                        },
                        {
                            "name": "Malawi",
                            "id": "31ffdf7e-d375-4c19-8b4c-6ac8e4486727",
                            "districts": [
                                
                            ]
                        },
                        {
                            "name": "Somalia",
                            "id": "630c356f-e198-4cd0-8e91-b29002c2aca7",
                            "districts": [
                                
                            ]
                        },
                        {
                            "name": "Congo, Democratic Republic of the",
                            "id": "55a5fe27-565c-4963-88c0-9a3ec24dea5c",
                            "districts": [
                                
                            ]
                        },
                        {
                            "name": "Equatorial Guinea",
                            "id": "9d2dd243-9754-4962-a556-6dbbf85b248a",
                            "districts": [
                                
                            ]
                        },
                        {
                            "name": "Chad",
                            "id": "4c4abd99-f4df-4fee-bac5-e2a1eef7ec0f",
                            "districts": [
                                
                            ]
                        },
                        {
                            "name": "Tanzania, United Republic of",
                            "id": "30d8662e-655f-43c8-b307-a2dc0046ebe5",
                            "districts": [
                                
                            ]
                        },
                        {
                            "name": "Sierra Leone",
                            "id": "e2135c5c-dfd3-4d44-b16f-0c29186836ce",
                            "districts": [
                                
                            ]
                        },
                        {
                            "name": "Eritrea",
                            "id": "bdd50ea2-c82d-44e8-b493-09892c245a6d",
                            "districts": [
                                
                            ]
                        },
                        {
                            "name": "Central African Republic",
                            "id": "59d2224e-e8a9-4e08-bf66-6ca50cf3d5e7",
                            "districts": [
                                
                            ]
                        },
                        {
                            "name": "South Sudan",
                            "id": "96e00183-809e-408c-b2f2-0042a6a8a8ba",
                            "districts": [
                                
                            ]
                        },
                        {
                            "name": "Mauritania",
                            "id": "780c64c4-cea5-4b78-85af-7be29c96025f",
                            "districts": [
                                
                            ]
                        },
                        {
                            "name": "Burkina Faso",
                            "id": "cedf0037-0cb1-4ad8-8a83-9ae64bc44992",
                            "districts": [
                                
                            ]
                        }
                    ]
                }
            },
            {
                "id": "20786ba0-66e7-4c86-9e62-e27456f80ed0",
                "region": {
                    "countries": [
                        {
                            "name": "Jordan",
                            "id": "57d77108-7390-4d8b-9175-09fa2278972f",
                            "districts": [
                                
                            ]
                        },
                        {
                            "name": "Yemen",
                            "id": "e36259b6-c350-4fdc-83dc-bfdbe04765d1",
                            "districts": [
                                
                            ]
                        },
                        {
                            "name": "Bahrain",
                            "id": "cb7d2601-26e1-4af4-b27c-1130bc908636",
                            "districts": [
                                
                            ]
                        },
                        {
                            "name": "Armenia",
                            "id": "8f0fda5d-e346-4016-8651-38bc0a9db13f",
                            "districts": [
                                
                            ]
                        },
                        {
                            "name": "Kuwait",
                            "id": "04c19ad3-d5fd-4432-be03-d0f3aa0bfef4",
                            "districts": [
                                
                            ]
                        },
                        {
                            "name": "United Arab Emirates",
                            "id": "191f578d-d3e2-49a4-803c-012c36fae6b8",
                            "districts": [
                                
                            ]
                        },
                        {
                            "name": "Lebanon",
                            "id": "7d6074eb-b44c-4e01-b064-9e67695b896b",
                            "districts": [
                                
                            ]
                        },
                        {
                            "name": "Singapore",
                            "id": "20786ba0-66e7-4c86-9e62-e27456f80ed0",
                            "districts": [
                                
                            ]
                        },
                        {
                            "name": "Palestine, State of",
                            "id": "c4dbf9dc-caad-4b9b-ab84-a178363717f4",
                            "districts": [
                                
                            ]
                        },
                        {
                            "name": "Syrian Arab Republic",
                            "id": "33760701-153e-4220-b9fa-ec4342d2f0e4",
                            "districts": [
                                
                            ]
                        },
                        {
                            "name": "Georgia",
                            "id": "371dea3e-0fa3-45de-898c-05dc08e4da37",
                            "districts": [
                                
                            ]
                        },
                        {
                            "name": "Oman",
                            "id": "ebba5457-cf3a-4c92-a296-c9304075a083",
                            "districts": [
                                
                            ]
                        },
                        {
                            "name": "Azerbaijan",
                            "id": "bf0dafd8-ebe6-4b98-86ab-ed8e16475794",
                            "districts": [
                                
                            ]
                        },
                        {
                            "name": "Philippines",
                            "id": "bd3959ff-aabe-46fa-ac07-055e8436407e",
                            "districts": [
                                
                            ]
                        },
                        {
                            "name": "Israel",
                            "id": "b9435680-f62e-4437-9179-0584ae6af227",
                            "districts": [
                                
                            ]
                        },
                        {
                            "name": "Turkey",
                            "id": "eb6d71b2-8583-4c12-9063-5439639e4817",
                            "districts": [
                                
                            ]
                        },
                        {
                            "name": "Qatar",
                            "id": "6bedb61d-4a24-414a-9ddd-adb4cc1cc389",
                            "districts": [
                                
                            ]
                        },
                        {
                            "name": "Cyprus",
                            "id": "9683b8ba-efbf-4e28-9a27-6d2108466189",
                            "districts": [
                                
                            ]
                        },
                        {
                            "name": "Iraq",
                            "id": "ea4c7ed2-9ce9-4151-9531-ff9af85def73",
                            "districts": [
                                
                            ]
                        },
                        {
                            "name": "Saudi Arabia",
                            "id": "b2d5c8d1-21a7-433a-a592-38268c29f913",
                            "districts": [
                                
                            ]
                        }
                    ]
                }
            },
            {
                "id": "c4dbf9dc-caad-4b9b-ab84-a178363717f4",
                "region": {
                    "countries": [
                        {
                            "name": "Jordan",
                            "id": "57d77108-7390-4d8b-9175-09fa2278972f",
                            "districts": [
                                
                            ]
                        },
                        {
                            "name": "Yemen",
                            "id": "e36259b6-c350-4fdc-83dc-bfdbe04765d1",
                            "districts": [
                                
                            ]
                        },
                        {
                            "name": "Bahrain",
                            "id": "cb7d2601-26e1-4af4-b27c-1130bc908636",
                            "districts": [
                                
                            ]
                        },
                        {
                            "name": "Armenia",
                            "id": "8f0fda5d-e346-4016-8651-38bc0a9db13f",
                            "districts": [
                                
                            ]
                        },
                        {
                            "name": "Kuwait",
                            "id": "04c19ad3-d5fd-4432-be03-d0f3aa0bfef4",
                            "districts": [
                                
                            ]
                        },
                        {
                            "name": "United Arab Emirates",
                            "id": "191f578d-d3e2-49a4-803c-012c36fae6b8",
                            "districts": [
                                
                            ]
                        },
                        {
                            "name": "Lebanon",
                            "id": "7d6074eb-b44c-4e01-b064-9e67695b896b",
                            "districts": [
                                
                            ]
                        },
                        {
                            "name": "Singapore",
                            "id": "20786ba0-66e7-4c86-9e62-e27456f80ed0",
                            "districts": [
                                
                            ]
                        },
                        {
                            "name": "Palestine, State of",
                            "id": "c4dbf9dc-caad-4b9b-ab84-a178363717f4",
                            "districts": [
                                
                            ]
                        },
                        {
                            "name": "Syrian Arab Republic",
                            "id": "33760701-153e-4220-b9fa-ec4342d2f0e4",
                            "districts": [
                                
                            ]
                        },
                        {
                            "name": "Georgia",
                            "id": "371dea3e-0fa3-45de-898c-05dc08e4da37",
                            "districts": [
                                
                            ]
                        },
                        {
                            "name": "Oman",
                            "id": "ebba5457-cf3a-4c92-a296-c9304075a083",
                            "districts": [
                                
                            ]
                        },
                        {
                            "name": "Azerbaijan",
                            "id": "bf0dafd8-ebe6-4b98-86ab-ed8e16475794",
                            "districts": [
                                
                            ]
                        },
                        {
                            "name": "Philippines",
                            "id": "bd3959ff-aabe-46fa-ac07-055e8436407e",
                            "districts": [
                                
                            ]
                        },
                        {
                            "name": "Israel",
                            "id": "b9435680-f62e-4437-9179-0584ae6af227",
                            "districts": [
                                
                            ]
                        },
                        {
                            "name": "Turkey",
                            "id": "eb6d71b2-8583-4c12-9063-5439639e4817",
                            "districts": [
                                
                            ]
                        },
                        {
                            "name": "Qatar",
                            "id": "6bedb61d-4a24-414a-9ddd-adb4cc1cc389",
                            "districts": [
                                
                            ]
                        },
                        {
                            "name": "Cyprus",
                            "id": "9683b8ba-efbf-4e28-9a27-6d2108466189",
                            "districts": [
                                
                            ]
                        },
                        {
                            "name": "Iraq",
                            "id": "ea4c7ed2-9ce9-4151-9531-ff9af85def73",
                            "districts": [
                                
                            ]
                        },
                        {
                            "name": "Saudi Arabia",
                            "id": "b2d5c8d1-21a7-433a-a592-38268c29f913",
                            "districts": [
                                
                            ]
                        }
                    ]
                }
            },
            {
                "id": "2f24ae19-b361-4fe6-ac53-fbe75f5485d8",
                "region": {
                    "countries": [
                        {
                            "name": "China",
                            "id": "99cdf9ef-7a80-40f1-801d-e294d5f9ee36",
                            "districts": [
                                
                            ]
                        },
                        {
                            "name": "Taiwan, Province of China",
                            "id": "46f6e154-7ea0-40e3-8ee2-68536a0b9e21",
                            "districts": [
                                
                            ]
                        },
                        {
                            "name": "Korea, Republic of",
                            "id": "2f24ae19-b361-4fe6-ac53-fbe75f5485d8",
                            "districts": [
                                
                            ]
                        },
                        {
                            "name": "Malaysia",
                            "id": "bb3e3ec0-3c59-46a6-9573-195fa8dd3c9e",
                            "districts": [
                                
                            ]
                        },
                        {
                            "name": "Korea (Democratic People\"s Republic of)",
                            "id": "6f72ac2e-f7a5-44c0-8726-98f91e72d8e9",
                            "districts": [
                                
                            ]
                        },
                        {
                            "name": "Myanmar",
                            "id": "7f1e32bc-9aae-4cd7-bcad-9dc6082d4811",
                            "districts": [
                                
                            ]
                        },
                        {
                            "name": "Macao",
                            "id": "e89a54d0-98ab-4404-b546-b87cdfab5e6c",
                            "districts": [
                                
                            ]
                        },
                        {
                            "name": "Mongolia",
                            "id": "8ccf4e8b-f765-4707-aff1-cb36bcbf5fb9",
                            "districts": [
                                
                            ]
                        },
                        {
                            "name": "Japan",
                            "id": "b893cdb3-ce45-4ff8-8c82-d0e5728d4fab",
                            "districts": [
                                
                            ]
                        },
                        {
                            "name": "Hong Kong",
                            "id": "66af6153-77ae-41b1-90bc-93e5d9a30416",
                            "districts": [
                                
                            ]
                        }
                    ]
                }
            },
            {
                "id": "e0f20522-cffc-4e66-8e7d-9334f35fce95",
                "region": {
                    "countries": [
                        {
                            "name": "Angola",
                            "id": "5e9f919f-2d42-42ec-8b6c-adf7f7b3cd0b",
                            "districts": [
                                
                            ]
                        },
                        {
                            "name": "Cabo Verde",
                            "id": "e5489353-76dd-4d8d-b61e-d349c6356c68",
                            "districts": [
                                
                            ]
                        },
                        {
                            "name": "Mali",
                            "id": "dd9791d1-fea1-4b9d-9076-37e499de6307",
                            "districts": [
                                
                            ]
                        },
                        {
                            "name": "British Indian Ocean Territory",
                            "id": "20479535-b47b-41ba-8cab-b7024bd8ec82",
                            "districts": [
                                
                            ]
                        },
                        {
                            "name": "Gambia",
                            "id": "efec8f57-a2fb-4f95-b662-d72b21d301ed",
                            "districts": [
                                
                            ]
                        },
                        {
                            "name": "Zambia",
                            "id": "4992bec5-10a9-49df-ad13-69aa7cdcfef6",
                            "districts": [
                                
                            ]
                        },
                        {
                            "name": "Eswatini",
                            "id": "d044d249-e941-47bb-8fae-8cab328ca575",
                            "districts": [
                                
                            ]
                        },
                        {
                            "name": "Mayotte",
                            "id": "f4b83278-abe2-46f6-b0c0-50eceba9a35f",
                            "districts": [
                                
                            ]
                        },
                        {
                            "name": "Burundi",
                            "id": "310ab811-40b5-48da-8a66-e7562f4cf9d1",
                            "districts": [
                                
                            ]
                        },
                        {
                            "name": "Liberia",
                            "id": "86d6e276-b027-4cf8-ad4d-c4793b3425cf",
                            "districts": [
                                
                            ]
                        },
                        {
                            "name": "Mauritius",
                            "id": "a06fe50f-4ff3-483a-83c6-01ce4068ab36",
                            "districts": [
                                
                            ]
                        },
                        {
                            "name": "Sao Tome and Principe",
                            "id": "712df7d0-5d1b-401b-a832-911354b38baf",
                            "districts": [
                                
                            ]
                        },
                        {
                            "name": "Senegal",
                            "id": "990cb125-2ede-4648-b5d4-698d0e6ad712",
                            "districts": [
                                
                            ]
                        },
                        {
                            "name": "Botswana",
                            "id": "f177f103-59bd-4527-831e-101af0a373bd",
                            "districts": [
                                
                            ]
                        },
                        {
                            "name": "Rwanda",
                            "id": "5507db6a-9757-40e2-a498-f8cb8df70fb8",
                            "districts": [
                                
                            ]
                        },
                        {
                            "name": "Niger",
                            "id": "74150778-002b-4ca3-a064-41c5cad3f026",
                            "districts": [
                                
                            ]
                        },
                        {
                            "name": "Benin",
                            "id": "ec5d7439-de38-46d4-8a31-7b23b9525984",
                            "districts": [
                                
                            ]
                        },
                        {
                            "name": "Réunion",
                            "id": "e0f20522-cffc-4e66-8e7d-9334f35fce95",
                            "districts": [
                                
                            ]
                        },
                        {
                            "name": "South Africa",
                            "id": "9a7647d2-60ca-429d-90e5-905edaff872c",
                            "districts": [
                                
                            ]
                        },
                        {
                            "name": "Ghana",
                            "id": "9662349e-2c36-496a-83d5-6f746ae768a7",
                            "districts": [
                                
                            ]
                        },
                        {
                            "name": "Congo",
                            "id": "33c8a05e-4d63-49cd-a5f1-0f4a1d5ab13e",
                            "districts": [
                                
                            ]
                        },
                        {
                            "name": "Guinea-Bissau",
                            "id": "64d1845d-1963-40bc-a31b-1f45084f1644",
                            "districts": [
                                
                            ]
                        },
                        {
                            "name": "Togo",
                            "id": "9d383757-b95f-44da-b535-3887ed82679f",
                            "districts": [
                                
                            ]
                        },
                        {
                            "name": "Namibia",
                            "id": "cf9f295f-bf4c-4a8b-8738-53c6a9ed55b1",
                            "districts": [
                                
                            ]
                        },
                        {
                            "name": "Djibouti",
                            "id": "ba974fdc-3dea-4b6b-a2f3-34624faa59a7",
                            "districts": [
                                
                            ]
                        },
                        {
                            "name": "Gabon",
                            "id": "8f6be81f-6b58-4a61-b684-5c2d620a0e74",
                            "districts": [
                                
                            ]
                        },
                        {
                            "name": "Lesotho",
                            "id": "300752f4-088e-403c-95b0-7a670c09f8cc",
                            "districts": [
                                
                            ]
                        },
                        {
                            "name": "Madagascar",
                            "id": "eb4c5e71-f839-4f3c-8e93-49ef57f4fe8d",
                            "districts": [
                                
                            ]
                        },
                        {
                            "name": "Uganda",
                            "id": "b1693449-e104-47c0-94db-f55cc6c850d5",
                            "districts": [
                                
                            ]
                        },
                        {
                            "name": "Côte d\"Ivoire",
                            "id": "59276e01-0d64-487a-aec6-332ae91f9909",
                            "districts": [
                                
                            ]
                        },
                        {
                            "name": "Nigeria",
                            "id": "3c94aa61-055d-4c38-a40b-67dff395beda",
                            "districts": [
                                
                            ]
                        },
                        {
                            "name": "Zimbabwe",
                            "id": "bfbf9853-bae3-4e57-b7cd-1e9228e8b1f3",
                            "districts": [
                                
                            ]
                        },
                        {
                            "name": "Seychelles",
                            "id": "4c63d1f6-87ba-45f1-9414-eb22bfba46c2",
                            "districts": [
                                
                            ]
                        },
                        {
                            "name": "Cameroon",
                            "id": "0495fba0-693d-433a-a9ef-6bc2ccab6093",
                            "districts": [
                                
                            ]
                        },
                        {
                            "name": "Guinea",
                            "id": "eda1a6fb-f95b-4664-b352-8a468c499b34",
                            "districts": [
                                
                            ]
                        },
                        {
                            "name": "Kenya",
                            "id": "06702720-9c60-4210-8eed-8824f1cc80c2",
                            "districts": [
                                
                            ]
                        },
                        {
                            "name": "Mozambique",
                            "id": "df394703-b3a5-4d0f-aa33-db8b10ba29ab",
                            "districts": [
                                
                            ]
                        },
                        {
                            "name": "Saint Helena, Ascension and Tristan da Cunha",
                            "id": "e379e052-1704-4e98-b4fd-fdac7ca1f9a0",
                            "districts": [
                                
                            ]
                        },
                        {
                            "name": "Ethiopia",
                            "id": "77d5d6a2-5f01-41b8-b06d-88b9efc618f8",
                            "districts": [
                                
                            ]
                        },
                        {
                            "name": "Comoros",
                            "id": "ae0a4c53-9eea-4b4f-b7ab-98750eb58582",
                            "districts": [
                                
                            ]
                        },
                        {
                            "name": "Malawi",
                            "id": "31ffdf7e-d375-4c19-8b4c-6ac8e4486727",
                            "districts": [
                                
                            ]
                        },
                        {
                            "name": "Somalia",
                            "id": "630c356f-e198-4cd0-8e91-b29002c2aca7",
                            "districts": [
                                
                            ]
                        },
                        {
                            "name": "Congo, Democratic Republic of the",
                            "id": "55a5fe27-565c-4963-88c0-9a3ec24dea5c",
                            "districts": [
                                
                            ]
                        },
                        {
                            "name": "Equatorial Guinea",
                            "id": "9d2dd243-9754-4962-a556-6dbbf85b248a",
                            "districts": [
                                
                            ]
                        },
                        {
                            "name": "Chad",
                            "id": "4c4abd99-f4df-4fee-bac5-e2a1eef7ec0f",
                            "districts": [
                                
                            ]
                        },
                        {
                            "name": "Tanzania, United Republic of",
                            "id": "30d8662e-655f-43c8-b307-a2dc0046ebe5",
                            "districts": [
                                
                            ]
                        },
                        {
                            "name": "Sierra Leone",
                            "id": "e2135c5c-dfd3-4d44-b16f-0c29186836ce",
                            "districts": [
                                
                            ]
                        },
                        {
                            "name": "Eritrea",
                            "id": "bdd50ea2-c82d-44e8-b493-09892c245a6d",
                            "districts": [
                                
                            ]
                        },
                        {
                            "name": "Central African Republic",
                            "id": "59d2224e-e8a9-4e08-bf66-6ca50cf3d5e7",
                            "districts": [
                                
                            ]
                        },
                        {
                            "name": "South Sudan",
                            "id": "96e00183-809e-408c-b2f2-0042a6a8a8ba",
                            "districts": [
                                
                            ]
                        },
                        {
                            "name": "Mauritania",
                            "id": "780c64c4-cea5-4b78-85af-7be29c96025f",
                            "districts": [
                                
                            ]
                        },
                        {
                            "name": "Burkina Faso",
                            "id": "cedf0037-0cb1-4ad8-8a83-9ae64bc44992",
                            "districts": [
                                
                            ]
                        }
                    ]
                }
            },
            {
                "id": "9a7647d2-60ca-429d-90e5-905edaff872c",
                "region": {
                    "countries": [
                        {
                            "name": "Angola",
                            "id": "5e9f919f-2d42-42ec-8b6c-adf7f7b3cd0b",
                            "districts": [
                                
                            ]
                        },
                        {
                            "name": "Cabo Verde",
                            "id": "e5489353-76dd-4d8d-b61e-d349c6356c68",
                            "districts": [
                                
                            ]
                        },
                        {
                            "name": "Mali",
                            "id": "dd9791d1-fea1-4b9d-9076-37e499de6307",
                            "districts": [
                                
                            ]
                        },
                        {
                            "name": "British Indian Ocean Territory",
                            "id": "20479535-b47b-41ba-8cab-b7024bd8ec82",
                            "districts": [
                                
                            ]
                        },
                        {
                            "name": "Gambia",
                            "id": "efec8f57-a2fb-4f95-b662-d72b21d301ed",
                            "districts": [
                                
                            ]
                        },
                        {
                            "name": "Zambia",
                            "id": "4992bec5-10a9-49df-ad13-69aa7cdcfef6",
                            "districts": [
                                
                            ]
                        },
                        {
                            "name": "Eswatini",
                            "id": "d044d249-e941-47bb-8fae-8cab328ca575",
                            "districts": [
                                
                            ]
                        },
                        {
                            "name": "Mayotte",
                            "id": "f4b83278-abe2-46f6-b0c0-50eceba9a35f",
                            "districts": [
                                
                            ]
                        },
                        {
                            "name": "Burundi",
                            "id": "310ab811-40b5-48da-8a66-e7562f4cf9d1",
                            "districts": [
                                
                            ]
                        },
                        {
                            "name": "Liberia",
                            "id": "86d6e276-b027-4cf8-ad4d-c4793b3425cf",
                            "districts": [
                                
                            ]
                        },
                        {
                            "name": "Mauritius",
                            "id": "a06fe50f-4ff3-483a-83c6-01ce4068ab36",
                            "districts": [
                                
                            ]
                        },
                        {
                            "name": "Sao Tome and Principe",
                            "id": "712df7d0-5d1b-401b-a832-911354b38baf",
                            "districts": [
                                
                            ]
                        },
                        {
                            "name": "Senegal",
                            "id": "990cb125-2ede-4648-b5d4-698d0e6ad712",
                            "districts": [
                                
                            ]
                        },
                        {
                            "name": "Botswana",
                            "id": "f177f103-59bd-4527-831e-101af0a373bd",
                            "districts": [
                                
                            ]
                        },
                        {
                            "name": "Rwanda",
                            "id": "5507db6a-9757-40e2-a498-f8cb8df70fb8",
                            "districts": [
                                
                            ]
                        },
                        {
                            "name": "Niger",
                            "id": "74150778-002b-4ca3-a064-41c5cad3f026",
                            "districts": [
                                
                            ]
                        },
                        {
                            "name": "Benin",
                            "id": "ec5d7439-de38-46d4-8a31-7b23b9525984",
                            "districts": [
                                
                            ]
                        },
                        {
                            "name": "Réunion",
                            "id": "e0f20522-cffc-4e66-8e7d-9334f35fce95",
                            "districts": [
                                
                            ]
                        },
                        {
                            "name": "South Africa",
                            "id": "9a7647d2-60ca-429d-90e5-905edaff872c",
                            "districts": [
                                
                            ]
                        },
                        {
                            "name": "Ghana",
                            "id": "9662349e-2c36-496a-83d5-6f746ae768a7",
                            "districts": [
                                
                            ]
                        },
                        {
                            "name": "Congo",
                            "id": "33c8a05e-4d63-49cd-a5f1-0f4a1d5ab13e",
                            "districts": [
                                
                            ]
                        },
                        {
                            "name": "Guinea-Bissau",
                            "id": "64d1845d-1963-40bc-a31b-1f45084f1644",
                            "districts": [
                                
                            ]
                        },
                        {
                            "name": "Togo",
                            "id": "9d383757-b95f-44da-b535-3887ed82679f",
                            "districts": [
                                
                            ]
                        },
                        {
                            "name": "Namibia",
                            "id": "cf9f295f-bf4c-4a8b-8738-53c6a9ed55b1",
                            "districts": [
                                
                            ]
                        },
                        {
                            "name": "Djibouti",
                            "id": "ba974fdc-3dea-4b6b-a2f3-34624faa59a7",
                            "districts": [
                                
                            ]
                        },
                        {
                            "name": "Gabon",
                            "id": "8f6be81f-6b58-4a61-b684-5c2d620a0e74",
                            "districts": [
                                
                            ]
                        },
                        {
                            "name": "Lesotho",
                            "id": "300752f4-088e-403c-95b0-7a670c09f8cc",
                            "districts": [
                                
                            ]
                        },
                        {
                            "name": "Madagascar",
                            "id": "eb4c5e71-f839-4f3c-8e93-49ef57f4fe8d",
                            "districts": [
                                
                            ]
                        },
                        {
                            "name": "Uganda",
                            "id": "b1693449-e104-47c0-94db-f55cc6c850d5",
                            "districts": [
                                
                            ]
                        },
                        {
                            "name": "Côte d\"Ivoire",
                            "id": "59276e01-0d64-487a-aec6-332ae91f9909",
                            "districts": [
                                
                            ]
                        },
                        {
                            "name": "Nigeria",
                            "id": "3c94aa61-055d-4c38-a40b-67dff395beda",
                            "districts": [
                                
                            ]
                        },
                        {
                            "name": "Zimbabwe",
                            "id": "bfbf9853-bae3-4e57-b7cd-1e9228e8b1f3",
                            "districts": [
                                
                            ]
                        },
                        {
                            "name": "Seychelles",
                            "id": "4c63d1f6-87ba-45f1-9414-eb22bfba46c2",
                            "districts": [
                                
                            ]
                        },
                        {
                            "name": "Cameroon",
                            "id": "0495fba0-693d-433a-a9ef-6bc2ccab6093",
                            "districts": [
                                
                            ]
                        },
                        {
                            "name": "Guinea",
                            "id": "eda1a6fb-f95b-4664-b352-8a468c499b34",
                            "districts": [
                                
                            ]
                        },
                        {
                            "name": "Kenya",
                            "id": "06702720-9c60-4210-8eed-8824f1cc80c2",
                            "districts": [
                                
                            ]
                        },
                        {
                            "name": "Mozambique",
                            "id": "df394703-b3a5-4d0f-aa33-db8b10ba29ab",
                            "districts": [
                                
                            ]
                        },
                        {
                            "name": "Saint Helena, Ascension and Tristan da Cunha",
                            "id": "e379e052-1704-4e98-b4fd-fdac7ca1f9a0",
                            "districts": [
                                
                            ]
                        },
                        {
                            "name": "Ethiopia",
                            "id": "77d5d6a2-5f01-41b8-b06d-88b9efc618f8",
                            "districts": [
                                
                            ]
                        },
                        {
                            "name": "Comoros",
                            "id": "ae0a4c53-9eea-4b4f-b7ab-98750eb58582",
                            "districts": [
                                
                            ]
                        },
                        {
                            "name": "Malawi",
                            "id": "31ffdf7e-d375-4c19-8b4c-6ac8e4486727",
                            "districts": [
                                
                            ]
                        },
                        {
                            "name": "Somalia",
                            "id": "630c356f-e198-4cd0-8e91-b29002c2aca7",
                            "districts": [
                                
                            ]
                        },
                        {
                            "name": "Congo, Democratic Republic of the",
                            "id": "55a5fe27-565c-4963-88c0-9a3ec24dea5c",
                            "districts": [
                                
                            ]
                        },
                        {
                            "name": "Equatorial Guinea",
                            "id": "9d2dd243-9754-4962-a556-6dbbf85b248a",
                            "districts": [
                                
                            ]
                        },
                        {
                            "name": "Chad",
                            "id": "4c4abd99-f4df-4fee-bac5-e2a1eef7ec0f",
                            "districts": [
                                
                            ]
                        },
                        {
                            "name": "Tanzania, United Republic of",
                            "id": "30d8662e-655f-43c8-b307-a2dc0046ebe5",
                            "districts": [
                                
                            ]
                        },
                        {
                            "name": "Sierra Leone",
                            "id": "e2135c5c-dfd3-4d44-b16f-0c29186836ce",
                            "districts": [
                                
                            ]
                        },
                        {
                            "name": "Eritrea",
                            "id": "bdd50ea2-c82d-44e8-b493-09892c245a6d",
                            "districts": [
                                
                            ]
                        },
                        {
                            "name": "Central African Republic",
                            "id": "59d2224e-e8a9-4e08-bf66-6ca50cf3d5e7",
                            "districts": [
                                
                            ]
                        },
                        {
                            "name": "South Sudan",
                            "id": "96e00183-809e-408c-b2f2-0042a6a8a8ba",
                            "districts": [
                                
                            ]
                        },
                        {
                            "name": "Mauritania",
                            "id": "780c64c4-cea5-4b78-85af-7be29c96025f",
                            "districts": [
                                
                            ]
                        },
                        {
                            "name": "Burkina Faso",
                            "id": "cedf0037-0cb1-4ad8-8a83-9ae64bc44992",
                            "districts": [
                                
                            ]
                        }
                    ]
                }
            },
            {
                "id": "9662349e-2c36-496a-83d5-6f746ae768a7",
                "region": {
                    "countries": [
                        {
                            "name": "Angola",
                            "id": "5e9f919f-2d42-42ec-8b6c-adf7f7b3cd0b",
                            "districts": [
                                
                            ]
                        },
                        {
                            "name": "Cabo Verde",
                            "id": "e5489353-76dd-4d8d-b61e-d349c6356c68",
                            "districts": [
                                
                            ]
                        },
                        {
                            "name": "Mali",
                            "id": "dd9791d1-fea1-4b9d-9076-37e499de6307",
                            "districts": [
                                
                            ]
                        },
                        {
                            "name": "British Indian Ocean Territory",
                            "id": "20479535-b47b-41ba-8cab-b7024bd8ec82",
                            "districts": [
                                
                            ]
                        },
                        {
                            "name": "Gambia",
                            "id": "efec8f57-a2fb-4f95-b662-d72b21d301ed",
                            "districts": [
                                
                            ]
                        },
                        {
                            "name": "Zambia",
                            "id": "4992bec5-10a9-49df-ad13-69aa7cdcfef6",
                            "districts": [
                                
                            ]
                        },
                        {
                            "name": "Eswatini",
                            "id": "d044d249-e941-47bb-8fae-8cab328ca575",
                            "districts": [
                                
                            ]
                        },
                        {
                            "name": "Mayotte",
                            "id": "f4b83278-abe2-46f6-b0c0-50eceba9a35f",
                            "districts": [
                                
                            ]
                        },
                        {
                            "name": "Burundi",
                            "id": "310ab811-40b5-48da-8a66-e7562f4cf9d1",
                            "districts": [
                                
                            ]
                        },
                        {
                            "name": "Liberia",
                            "id": "86d6e276-b027-4cf8-ad4d-c4793b3425cf",
                            "districts": [
                                
                            ]
                        },
                        {
                            "name": "Mauritius",
                            "id": "a06fe50f-4ff3-483a-83c6-01ce4068ab36",
                            "districts": [
                                
                            ]
                        },
                        {
                            "name": "Sao Tome and Principe",
                            "id": "712df7d0-5d1b-401b-a832-911354b38baf",
                            "districts": [
                                
                            ]
                        },
                        {
                            "name": "Senegal",
                            "id": "990cb125-2ede-4648-b5d4-698d0e6ad712",
                            "districts": [
                                
                            ]
                        },
                        {
                            "name": "Botswana",
                            "id": "f177f103-59bd-4527-831e-101af0a373bd",
                            "districts": [
                                
                            ]
                        },
                        {
                            "name": "Rwanda",
                            "id": "5507db6a-9757-40e2-a498-f8cb8df70fb8",
                            "districts": [
                                
                            ]
                        },
                        {
                            "name": "Niger",
                            "id": "74150778-002b-4ca3-a064-41c5cad3f026",
                            "districts": [
                                
                            ]
                        },
                        {
                            "name": "Benin",
                            "id": "ec5d7439-de38-46d4-8a31-7b23b9525984",
                            "districts": [
                                
                            ]
                        },
                        {
                            "name": "Réunion",
                            "id": "e0f20522-cffc-4e66-8e7d-9334f35fce95",
                            "districts": [
                                
                            ]
                        },
                        {
                            "name": "South Africa",
                            "id": "9a7647d2-60ca-429d-90e5-905edaff872c",
                            "districts": [
                                
                            ]
                        },
                        {
                            "name": "Ghana",
                            "id": "9662349e-2c36-496a-83d5-6f746ae768a7",
                            "districts": [
                                
                            ]
                        },
                        {
                            "name": "Congo",
                            "id": "33c8a05e-4d63-49cd-a5f1-0f4a1d5ab13e",
                            "districts": [
                                
                            ]
                        },
                        {
                            "name": "Guinea-Bissau",
                            "id": "64d1845d-1963-40bc-a31b-1f45084f1644",
                            "districts": [
                                
                            ]
                        },
                        {
                            "name": "Togo",
                            "id": "9d383757-b95f-44da-b535-3887ed82679f",
                            "districts": [
                                
                            ]
                        },
                        {
                            "name": "Namibia",
                            "id": "cf9f295f-bf4c-4a8b-8738-53c6a9ed55b1",
                            "districts": [
                                
                            ]
                        },
                        {
                            "name": "Djibouti",
                            "id": "ba974fdc-3dea-4b6b-a2f3-34624faa59a7",
                            "districts": [
                                
                            ]
                        },
                        {
                            "name": "Gabon",
                            "id": "8f6be81f-6b58-4a61-b684-5c2d620a0e74",
                            "districts": [
                                
                            ]
                        },
                        {
                            "name": "Lesotho",
                            "id": "300752f4-088e-403c-95b0-7a670c09f8cc",
                            "districts": [
                                
                            ]
                        },
                        {
                            "name": "Madagascar",
                            "id": "eb4c5e71-f839-4f3c-8e93-49ef57f4fe8d",
                            "districts": [
                                
                            ]
                        },
                        {
                            "name": "Uganda",
                            "id": "b1693449-e104-47c0-94db-f55cc6c850d5",
                            "districts": [
                                
                            ]
                        },
                        {
                            "name": "Côte d\"Ivoire",
                            "id": "59276e01-0d64-487a-aec6-332ae91f9909",
                            "districts": [
                                
                            ]
                        },
                        {
                            "name": "Nigeria",
                            "id": "3c94aa61-055d-4c38-a40b-67dff395beda",
                            "districts": [
                                
                            ]
                        },
                        {
                            "name": "Zimbabwe",
                            "id": "bfbf9853-bae3-4e57-b7cd-1e9228e8b1f3",
                            "districts": [
                                
                            ]
                        },
                        {
                            "name": "Seychelles",
                            "id": "4c63d1f6-87ba-45f1-9414-eb22bfba46c2",
                            "districts": [
                                
                            ]
                        },
                        {
                            "name": "Cameroon",
                            "id": "0495fba0-693d-433a-a9ef-6bc2ccab6093",
                            "districts": [
                                
                            ]
                        },
                        {
                            "name": "Guinea",
                            "id": "eda1a6fb-f95b-4664-b352-8a468c499b34",
                            "districts": [
                                
                            ]
                        },
                        {
                            "name": "Kenya",
                            "id": "06702720-9c60-4210-8eed-8824f1cc80c2",
                            "districts": [
                                
                            ]
                        },
                        {
                            "name": "Mozambique",
                            "id": "df394703-b3a5-4d0f-aa33-db8b10ba29ab",
                            "districts": [
                                
                            ]
                        },
                        {
                            "name": "Saint Helena, Ascension and Tristan da Cunha",
                            "id": "e379e052-1704-4e98-b4fd-fdac7ca1f9a0",
                            "districts": [
                                
                            ]
                        },
                        {
                            "name": "Ethiopia",
                            "id": "77d5d6a2-5f01-41b8-b06d-88b9efc618f8",
                            "districts": [
                                
                            ]
                        },
                        {
                            "name": "Comoros",
                            "id": "ae0a4c53-9eea-4b4f-b7ab-98750eb58582",
                            "districts": [
                                
                            ]
                        },
                        {
                            "name": "Malawi",
                            "id": "31ffdf7e-d375-4c19-8b4c-6ac8e4486727",
                            "districts": [
                                
                            ]
                        },
                        {
                            "name": "Somalia",
                            "id": "630c356f-e198-4cd0-8e91-b29002c2aca7",
                            "districts": [
                                
                            ]
                        },
                        {
                            "name": "Congo, Democratic Republic of the",
                            "id": "55a5fe27-565c-4963-88c0-9a3ec24dea5c",
                            "districts": [
                                
                            ]
                        },
                        {
                            "name": "Equatorial Guinea",
                            "id": "9d2dd243-9754-4962-a556-6dbbf85b248a",
                            "districts": [
                                
                            ]
                        },
                        {
                            "name": "Chad",
                            "id": "4c4abd99-f4df-4fee-bac5-e2a1eef7ec0f",
                            "districts": [
                                
                            ]
                        },
                        {
                            "name": "Tanzania, United Republic of",
                            "id": "30d8662e-655f-43c8-b307-a2dc0046ebe5",
                            "districts": [
                                
                            ]
                        },
                        {
                            "name": "Sierra Leone",
                            "id": "e2135c5c-dfd3-4d44-b16f-0c29186836ce",
                            "districts": [
                                
                            ]
                        },
                        {
                            "name": "Eritrea",
                            "id": "bdd50ea2-c82d-44e8-b493-09892c245a6d",
                            "districts": [
                                
                            ]
                        },
                        {
                            "name": "Central African Republic",
                            "id": "59d2224e-e8a9-4e08-bf66-6ca50cf3d5e7",
                            "districts": [
                                
                            ]
                        },
                        {
                            "name": "South Sudan",
                            "id": "96e00183-809e-408c-b2f2-0042a6a8a8ba",
                            "districts": [
                                
                            ]
                        },
                        {
                            "name": "Mauritania",
                            "id": "780c64c4-cea5-4b78-85af-7be29c96025f",
                            "districts": [
                                
                            ]
                        },
                        {
                            "name": "Burkina Faso",
                            "id": "cedf0037-0cb1-4ad8-8a83-9ae64bc44992",
                            "districts": [
                                
                            ]
                        }
                    ]
                }
            },
            {
                "id": "33c8a05e-4d63-49cd-a5f1-0f4a1d5ab13e",
                "region": {
                    "countries": [
                        {
                            "name": "Angola",
                            "id": "5e9f919f-2d42-42ec-8b6c-adf7f7b3cd0b",
                            "districts": [
                                
                            ]
                        },
                        {
                            "name": "Cabo Verde",
                            "id": "e5489353-76dd-4d8d-b61e-d349c6356c68",
                            "districts": [
                                
                            ]
                        },
                        {
                            "name": "Mali",
                            "id": "dd9791d1-fea1-4b9d-9076-37e499de6307",
                            "districts": [
                                
                            ]
                        },
                        {
                            "name": "British Indian Ocean Territory",
                            "id": "20479535-b47b-41ba-8cab-b7024bd8ec82",
                            "districts": [
                                
                            ]
                        },
                        {
                            "name": "Gambia",
                            "id": "efec8f57-a2fb-4f95-b662-d72b21d301ed",
                            "districts": [
                                
                            ]
                        },
                        {
                            "name": "Zambia",
                            "id": "4992bec5-10a9-49df-ad13-69aa7cdcfef6",
                            "districts": [
                                
                            ]
                        },
                        {
                            "name": "Eswatini",
                            "id": "d044d249-e941-47bb-8fae-8cab328ca575",
                            "districts": [
                                
                            ]
                        },
                        {
                            "name": "Mayotte",
                            "id": "f4b83278-abe2-46f6-b0c0-50eceba9a35f",
                            "districts": [
                                
                            ]
                        },
                        {
                            "name": "Burundi",
                            "id": "310ab811-40b5-48da-8a66-e7562f4cf9d1",
                            "districts": [
                                
                            ]
                        },
                        {
                            "name": "Liberia",
                            "id": "86d6e276-b027-4cf8-ad4d-c4793b3425cf",
                            "districts": [
                                
                            ]
                        },
                        {
                            "name": "Mauritius",
                            "id": "a06fe50f-4ff3-483a-83c6-01ce4068ab36",
                            "districts": [
                                
                            ]
                        },
                        {
                            "name": "Sao Tome and Principe",
                            "id": "712df7d0-5d1b-401b-a832-911354b38baf",
                            "districts": [
                                
                            ]
                        },
                        {
                            "name": "Senegal",
                            "id": "990cb125-2ede-4648-b5d4-698d0e6ad712",
                            "districts": [
                                
                            ]
                        },
                        {
                            "name": "Botswana",
                            "id": "f177f103-59bd-4527-831e-101af0a373bd",
                            "districts": [
                                
                            ]
                        },
                        {
                            "name": "Rwanda",
                            "id": "5507db6a-9757-40e2-a498-f8cb8df70fb8",
                            "districts": [
                                
                            ]
                        },
                        {
                            "name": "Niger",
                            "id": "74150778-002b-4ca3-a064-41c5cad3f026",
                            "districts": [
                                
                            ]
                        },
                        {
                            "name": "Benin",
                            "id": "ec5d7439-de38-46d4-8a31-7b23b9525984",
                            "districts": [
                                
                            ]
                        },
                        {
                            "name": "Réunion",
                            "id": "e0f20522-cffc-4e66-8e7d-9334f35fce95",
                            "districts": [
                                
                            ]
                        },
                        {
                            "name": "South Africa",
                            "id": "9a7647d2-60ca-429d-90e5-905edaff872c",
                            "districts": [
                                
                            ]
                        },
                        {
                            "name": "Ghana",
                            "id": "9662349e-2c36-496a-83d5-6f746ae768a7",
                            "districts": [
                                
                            ]
                        },
                        {
                            "name": "Congo",
                            "id": "33c8a05e-4d63-49cd-a5f1-0f4a1d5ab13e",
                            "districts": [
                                
                            ]
                        },
                        {
                            "name": "Guinea-Bissau",
                            "id": "64d1845d-1963-40bc-a31b-1f45084f1644",
                            "districts": [
                                
                            ]
                        },
                        {
                            "name": "Togo",
                            "id": "9d383757-b95f-44da-b535-3887ed82679f",
                            "districts": [
                                
                            ]
                        },
                        {
                            "name": "Namibia",
                            "id": "cf9f295f-bf4c-4a8b-8738-53c6a9ed55b1",
                            "districts": [
                                
                            ]
                        },
                        {
                            "name": "Djibouti",
                            "id": "ba974fdc-3dea-4b6b-a2f3-34624faa59a7",
                            "districts": [
                                
                            ]
                        },
                        {
                            "name": "Gabon",
                            "id": "8f6be81f-6b58-4a61-b684-5c2d620a0e74",
                            "districts": [
                                
                            ]
                        },
                        {
                            "name": "Lesotho",
                            "id": "300752f4-088e-403c-95b0-7a670c09f8cc",
                            "districts": [
                                
                            ]
                        },
                        {
                            "name": "Madagascar",
                            "id": "eb4c5e71-f839-4f3c-8e93-49ef57f4fe8d",
                            "districts": [
                                
                            ]
                        },
                        {
                            "name": "Uganda",
                            "id": "b1693449-e104-47c0-94db-f55cc6c850d5",
                            "districts": [
                                
                            ]
                        },
                        {
                            "name": "Côte d\"Ivoire",
                            "id": "59276e01-0d64-487a-aec6-332ae91f9909",
                            "districts": [
                                
                            ]
                        },
                        {
                            "name": "Nigeria",
                            "id": "3c94aa61-055d-4c38-a40b-67dff395beda",
                            "districts": [
                                
                            ]
                        },
                        {
                            "name": "Zimbabwe",
                            "id": "bfbf9853-bae3-4e57-b7cd-1e9228e8b1f3",
                            "districts": [
                                
                            ]
                        },
                        {
                            "name": "Seychelles",
                            "id": "4c63d1f6-87ba-45f1-9414-eb22bfba46c2",
                            "districts": [
                                
                            ]
                        },
                        {
                            "name": "Cameroon",
                            "id": "0495fba0-693d-433a-a9ef-6bc2ccab6093",
                            "districts": [
                                
                            ]
                        },
                        {
                            "name": "Guinea",
                            "id": "eda1a6fb-f95b-4664-b352-8a468c499b34",
                            "districts": [
                                
                            ]
                        },
                        {
                            "name": "Kenya",
                            "id": "06702720-9c60-4210-8eed-8824f1cc80c2",
                            "districts": [
                                
                            ]
                        },
                        {
                            "name": "Mozambique",
                            "id": "df394703-b3a5-4d0f-aa33-db8b10ba29ab",
                            "districts": [
                                
                            ]
                        },
                        {
                            "name": "Saint Helena, Ascension and Tristan da Cunha",
                            "id": "e379e052-1704-4e98-b4fd-fdac7ca1f9a0",
                            "districts": [
                                
                            ]
                        },
                        {
                            "name": "Ethiopia",
                            "id": "77d5d6a2-5f01-41b8-b06d-88b9efc618f8",
                            "districts": [
                                
                            ]
                        },
                        {
                            "name": "Comoros",
                            "id": "ae0a4c53-9eea-4b4f-b7ab-98750eb58582",
                            "districts": [
                                
                            ]
                        },
                        {
                            "name": "Malawi",
                            "id": "31ffdf7e-d375-4c19-8b4c-6ac8e4486727",
                            "districts": [
                                
                            ]
                        },
                        {
                            "name": "Somalia",
                            "id": "630c356f-e198-4cd0-8e91-b29002c2aca7",
                            "districts": [
                                
                            ]
                        },
                        {
                            "name": "Congo, Democratic Republic of the",
                            "id": "55a5fe27-565c-4963-88c0-9a3ec24dea5c",
                            "districts": [
                                
                            ]
                        },
                        {
                            "name": "Equatorial Guinea",
                            "id": "9d2dd243-9754-4962-a556-6dbbf85b248a",
                            "districts": [
                                
                            ]
                        },
                        {
                            "name": "Chad",
                            "id": "4c4abd99-f4df-4fee-bac5-e2a1eef7ec0f",
                            "districts": [
                                
                            ]
                        },
                        {
                            "name": "Tanzania, United Republic of",
                            "id": "30d8662e-655f-43c8-b307-a2dc0046ebe5",
                            "districts": [
                                
                            ]
                        },
                        {
                            "name": "Sierra Leone",
                            "id": "e2135c5c-dfd3-4d44-b16f-0c29186836ce",
                            "districts": [
                                
                            ]
                        },
                        {
                            "name": "Eritrea",
                            "id": "bdd50ea2-c82d-44e8-b493-09892c245a6d",
                            "districts": [
                                
                            ]
                        },
                        {
                            "name": "Central African Republic",
                            "id": "59d2224e-e8a9-4e08-bf66-6ca50cf3d5e7",
                            "districts": [
                                
                            ]
                        },
                        {
                            "name": "South Sudan",
                            "id": "96e00183-809e-408c-b2f2-0042a6a8a8ba",
                            "districts": [
                                
                            ]
                        },
                        {
                            "name": "Mauritania",
                            "id": "780c64c4-cea5-4b78-85af-7be29c96025f",
                            "districts": [
                                
                            ]
                        },
                        {
                            "name": "Burkina Faso",
                            "id": "cedf0037-0cb1-4ad8-8a83-9ae64bc44992",
                            "districts": [
                                
                            ]
                        }
                    ]
                }
            },
            {
                "id": "64d1845d-1963-40bc-a31b-1f45084f1644",
                "region": {
                    "countries": [
                        {
                            "name": "Angola",
                            "id": "5e9f919f-2d42-42ec-8b6c-adf7f7b3cd0b",
                            "districts": [
                                
                            ]
                        },
                        {
                            "name": "Cabo Verde",
                            "id": "e5489353-76dd-4d8d-b61e-d349c6356c68",
                            "districts": [
                                
                            ]
                        },
                        {
                            "name": "Mali",
                            "id": "dd9791d1-fea1-4b9d-9076-37e499de6307",
                            "districts": [
                                
                            ]
                        },
                        {
                            "name": "British Indian Ocean Territory",
                            "id": "20479535-b47b-41ba-8cab-b7024bd8ec82",
                            "districts": [
                                
                            ]
                        },
                        {
                            "name": "Gambia",
                            "id": "efec8f57-a2fb-4f95-b662-d72b21d301ed",
                            "districts": [
                                
                            ]
                        },
                        {
                            "name": "Zambia",
                            "id": "4992bec5-10a9-49df-ad13-69aa7cdcfef6",
                            "districts": [
                                
                            ]
                        },
                        {
                            "name": "Eswatini",
                            "id": "d044d249-e941-47bb-8fae-8cab328ca575",
                            "districts": [
                                
                            ]
                        },
                        {
                            "name": "Mayotte",
                            "id": "f4b83278-abe2-46f6-b0c0-50eceba9a35f",
                            "districts": [
                                
                            ]
                        },
                        {
                            "name": "Burundi",
                            "id": "310ab811-40b5-48da-8a66-e7562f4cf9d1",
                            "districts": [
                                
                            ]
                        },
                        {
                            "name": "Liberia",
                            "id": "86d6e276-b027-4cf8-ad4d-c4793b3425cf",
                            "districts": [
                                
                            ]
                        },
                        {
                            "name": "Mauritius",
                            "id": "a06fe50f-4ff3-483a-83c6-01ce4068ab36",
                            "districts": [
                                
                            ]
                        },
                        {
                            "name": "Sao Tome and Principe",
                            "id": "712df7d0-5d1b-401b-a832-911354b38baf",
                            "districts": [
                                
                            ]
                        },
                        {
                            "name": "Senegal",
                            "id": "990cb125-2ede-4648-b5d4-698d0e6ad712",
                            "districts": [
                                
                            ]
                        },
                        {
                            "name": "Botswana",
                            "id": "f177f103-59bd-4527-831e-101af0a373bd",
                            "districts": [
                                
                            ]
                        },
                        {
                            "name": "Rwanda",
                            "id": "5507db6a-9757-40e2-a498-f8cb8df70fb8",
                            "districts": [
                                
                            ]
                        },
                        {
                            "name": "Niger",
                            "id": "74150778-002b-4ca3-a064-41c5cad3f026",
                            "districts": [
                                
                            ]
                        },
                        {
                            "name": "Benin",
                            "id": "ec5d7439-de38-46d4-8a31-7b23b9525984",
                            "districts": [
                                
                            ]
                        },
                        {
                            "name": "Réunion",
                            "id": "e0f20522-cffc-4e66-8e7d-9334f35fce95",
                            "districts": [
                                
                            ]
                        },
                        {
                            "name": "South Africa",
                            "id": "9a7647d2-60ca-429d-90e5-905edaff872c",
                            "districts": [
                                
                            ]
                        },
                        {
                            "name": "Ghana",
                            "id": "9662349e-2c36-496a-83d5-6f746ae768a7",
                            "districts": [
                                
                            ]
                        },
                        {
                            "name": "Congo",
                            "id": "33c8a05e-4d63-49cd-a5f1-0f4a1d5ab13e",
                            "districts": [
                                
                            ]
                        },
                        {
                            "name": "Guinea-Bissau",
                            "id": "64d1845d-1963-40bc-a31b-1f45084f1644",
                            "districts": [
                                
                            ]
                        },
                        {
                            "name": "Togo",
                            "id": "9d383757-b95f-44da-b535-3887ed82679f",
                            "districts": [
                                
                            ]
                        },
                        {
                            "name": "Namibia",
                            "id": "cf9f295f-bf4c-4a8b-8738-53c6a9ed55b1",
                            "districts": [
                                
                            ]
                        },
                        {
                            "name": "Djibouti",
                            "id": "ba974fdc-3dea-4b6b-a2f3-34624faa59a7",
                            "districts": [
                                
                            ]
                        },
                        {
                            "name": "Gabon",
                            "id": "8f6be81f-6b58-4a61-b684-5c2d620a0e74",
                            "districts": [
                                
                            ]
                        },
                        {
                            "name": "Lesotho",
                            "id": "300752f4-088e-403c-95b0-7a670c09f8cc",
                            "districts": [
                                
                            ]
                        },
                        {
                            "name": "Madagascar",
                            "id": "eb4c5e71-f839-4f3c-8e93-49ef57f4fe8d",
                            "districts": [
                                
                            ]
                        },
                        {
                            "name": "Uganda",
                            "id": "b1693449-e104-47c0-94db-f55cc6c850d5",
                            "districts": [
                                
                            ]
                        },
                        {
                            "name": "Côte d\"Ivoire",
                            "id": "59276e01-0d64-487a-aec6-332ae91f9909",
                            "districts": [
                                
                            ]
                        },
                        {
                            "name": "Nigeria",
                            "id": "3c94aa61-055d-4c38-a40b-67dff395beda",
                            "districts": [
                                
                            ]
                        },
                        {
                            "name": "Zimbabwe",
                            "id": "bfbf9853-bae3-4e57-b7cd-1e9228e8b1f3",
                            "districts": [
                                
                            ]
                        },
                        {
                            "name": "Seychelles",
                            "id": "4c63d1f6-87ba-45f1-9414-eb22bfba46c2",
                            "districts": [
                                
                            ]
                        },
                        {
                            "name": "Cameroon",
                            "id": "0495fba0-693d-433a-a9ef-6bc2ccab6093",
                            "districts": [
                                
                            ]
                        },
                        {
                            "name": "Guinea",
                            "id": "eda1a6fb-f95b-4664-b352-8a468c499b34",
                            "districts": [
                                
                            ]
                        },
                        {
                            "name": "Kenya",
                            "id": "06702720-9c60-4210-8eed-8824f1cc80c2",
                            "districts": [
                                
                            ]
                        },
                        {
                            "name": "Mozambique",
                            "id": "df394703-b3a5-4d0f-aa33-db8b10ba29ab",
                            "districts": [
                                
                            ]
                        },
                        {
                            "name": "Saint Helena, Ascension and Tristan da Cunha",
                            "id": "e379e052-1704-4e98-b4fd-fdac7ca1f9a0",
                            "districts": [
                                
                            ]
                        },
                        {
                            "name": "Ethiopia",
                            "id": "77d5d6a2-5f01-41b8-b06d-88b9efc618f8",
                            "districts": [
                                
                            ]
                        },
                        {
                            "name": "Comoros",
                            "id": "ae0a4c53-9eea-4b4f-b7ab-98750eb58582",
                            "districts": [
                                
                            ]
                        },
                        {
                            "name": "Malawi",
                            "id": "31ffdf7e-d375-4c19-8b4c-6ac8e4486727",
                            "districts": [
                                
                            ]
                        },
                        {
                            "name": "Somalia",
                            "id": "630c356f-e198-4cd0-8e91-b29002c2aca7",
                            "districts": [
                                
                            ]
                        },
                        {
                            "name": "Congo, Democratic Republic of the",
                            "id": "55a5fe27-565c-4963-88c0-9a3ec24dea5c",
                            "districts": [
                                
                            ]
                        },
                        {
                            "name": "Equatorial Guinea",
                            "id": "9d2dd243-9754-4962-a556-6dbbf85b248a",
                            "districts": [
                                
                            ]
                        },
                        {
                            "name": "Chad",
                            "id": "4c4abd99-f4df-4fee-bac5-e2a1eef7ec0f",
                            "districts": [
                                
                            ]
                        },
                        {
                            "name": "Tanzania, United Republic of",
                            "id": "30d8662e-655f-43c8-b307-a2dc0046ebe5",
                            "districts": [
                                
                            ]
                        },
                        {
                            "name": "Sierra Leone",
                            "id": "e2135c5c-dfd3-4d44-b16f-0c29186836ce",
                            "districts": [
                                
                            ]
                        },
                        {
                            "name": "Eritrea",
                            "id": "bdd50ea2-c82d-44e8-b493-09892c245a6d",
                            "districts": [
                                
                            ]
                        },
                        {
                            "name": "Central African Republic",
                            "id": "59d2224e-e8a9-4e08-bf66-6ca50cf3d5e7",
                            "districts": [
                                
                            ]
                        },
                        {
                            "name": "South Sudan",
                            "id": "96e00183-809e-408c-b2f2-0042a6a8a8ba",
                            "districts": [
                                
                            ]
                        },
                        {
                            "name": "Mauritania",
                            "id": "780c64c4-cea5-4b78-85af-7be29c96025f",
                            "districts": [
                                
                            ]
                        },
                        {
                            "name": "Burkina Faso",
                            "id": "cedf0037-0cb1-4ad8-8a83-9ae64bc44992",
                            "districts": [
                                
                            ]
                        }
                    ]
                }
            },
            {
                "id": "9d383757-b95f-44da-b535-3887ed82679f",
                "region": {
                    "countries": [
                        {
                            "name": "Angola",
                            "id": "5e9f919f-2d42-42ec-8b6c-adf7f7b3cd0b",
                            "districts": [
                                
                            ]
                        },
                        {
                            "name": "Cabo Verde",
                            "id": "e5489353-76dd-4d8d-b61e-d349c6356c68",
                            "districts": [
                                
                            ]
                        },
                        {
                            "name": "Mali",
                            "id": "dd9791d1-fea1-4b9d-9076-37e499de6307",
                            "districts": [
                                
                            ]
                        },
                        {
                            "name": "British Indian Ocean Territory",
                            "id": "20479535-b47b-41ba-8cab-b7024bd8ec82",
                            "districts": [
                                
                            ]
                        },
                        {
                            "name": "Gambia",
                            "id": "efec8f57-a2fb-4f95-b662-d72b21d301ed",
                            "districts": [
                                
                            ]
                        },
                        {
                            "name": "Zambia",
                            "id": "4992bec5-10a9-49df-ad13-69aa7cdcfef6",
                            "districts": [
                                
                            ]
                        },
                        {
                            "name": "Eswatini",
                            "id": "d044d249-e941-47bb-8fae-8cab328ca575",
                            "districts": [
                                
                            ]
                        },
                        {
                            "name": "Mayotte",
                            "id": "f4b83278-abe2-46f6-b0c0-50eceba9a35f",
                            "districts": [
                                
                            ]
                        },
                        {
                            "name": "Burundi",
                            "id": "310ab811-40b5-48da-8a66-e7562f4cf9d1",
                            "districts": [
                                
                            ]
                        },
                        {
                            "name": "Liberia",
                            "id": "86d6e276-b027-4cf8-ad4d-c4793b3425cf",
                            "districts": [
                                
                            ]
                        },
                        {
                            "name": "Mauritius",
                            "id": "a06fe50f-4ff3-483a-83c6-01ce4068ab36",
                            "districts": [
                                
                            ]
                        },
                        {
                            "name": "Sao Tome and Principe",
                            "id": "712df7d0-5d1b-401b-a832-911354b38baf",
                            "districts": [
                                
                            ]
                        },
                        {
                            "name": "Senegal",
                            "id": "990cb125-2ede-4648-b5d4-698d0e6ad712",
                            "districts": [
                                
                            ]
                        },
                        {
                            "name": "Botswana",
                            "id": "f177f103-59bd-4527-831e-101af0a373bd",
                            "districts": [
                                
                            ]
                        },
                        {
                            "name": "Rwanda",
                            "id": "5507db6a-9757-40e2-a498-f8cb8df70fb8",
                            "districts": [
                                
                            ]
                        },
                        {
                            "name": "Niger",
                            "id": "74150778-002b-4ca3-a064-41c5cad3f026",
                            "districts": [
                                
                            ]
                        },
                        {
                            "name": "Benin",
                            "id": "ec5d7439-de38-46d4-8a31-7b23b9525984",
                            "districts": [
                                
                            ]
                        },
                        {
                            "name": "Réunion",
                            "id": "e0f20522-cffc-4e66-8e7d-9334f35fce95",
                            "districts": [
                                
                            ]
                        },
                        {
                            "name": "South Africa",
                            "id": "9a7647d2-60ca-429d-90e5-905edaff872c",
                            "districts": [
                                
                            ]
                        },
                        {
                            "name": "Ghana",
                            "id": "9662349e-2c36-496a-83d5-6f746ae768a7",
                            "districts": [
                                
                            ]
                        },
                        {
                            "name": "Congo",
                            "id": "33c8a05e-4d63-49cd-a5f1-0f4a1d5ab13e",
                            "districts": [
                                
                            ]
                        },
                        {
                            "name": "Guinea-Bissau",
                            "id": "64d1845d-1963-40bc-a31b-1f45084f1644",
                            "districts": [
                                
                            ]
                        },
                        {
                            "name": "Togo",
                            "id": "9d383757-b95f-44da-b535-3887ed82679f",
                            "districts": [
                                
                            ]
                        },
                        {
                            "name": "Namibia",
                            "id": "cf9f295f-bf4c-4a8b-8738-53c6a9ed55b1",
                            "districts": [
                                
                            ]
                        },
                        {
                            "name": "Djibouti",
                            "id": "ba974fdc-3dea-4b6b-a2f3-34624faa59a7",
                            "districts": [
                                
                            ]
                        },
                        {
                            "name": "Gabon",
                            "id": "8f6be81f-6b58-4a61-b684-5c2d620a0e74",
                            "districts": [
                                
                            ]
                        },
                        {
                            "name": "Lesotho",
                            "id": "300752f4-088e-403c-95b0-7a670c09f8cc",
                            "districts": [
                                
                            ]
                        },
                        {
                            "name": "Madagascar",
                            "id": "eb4c5e71-f839-4f3c-8e93-49ef57f4fe8d",
                            "districts": [
                                
                            ]
                        },
                        {
                            "name": "Uganda",
                            "id": "b1693449-e104-47c0-94db-f55cc6c850d5",
                            "districts": [
                                
                            ]
                        },
                        {
                            "name": "Côte d\"Ivoire",
                            "id": "59276e01-0d64-487a-aec6-332ae91f9909",
                            "districts": [
                                
                            ]
                        },
                        {
                            "name": "Nigeria",
                            "id": "3c94aa61-055d-4c38-a40b-67dff395beda",
                            "districts": [
                                
                            ]
                        },
                        {
                            "name": "Zimbabwe",
                            "id": "bfbf9853-bae3-4e57-b7cd-1e9228e8b1f3",
                            "districts": [
                                
                            ]
                        },
                        {
                            "name": "Seychelles",
                            "id": "4c63d1f6-87ba-45f1-9414-eb22bfba46c2",
                            "districts": [
                                
                            ]
                        },
                        {
                            "name": "Cameroon",
                            "id": "0495fba0-693d-433a-a9ef-6bc2ccab6093",
                            "districts": [
                                
                            ]
                        },
                        {
                            "name": "Guinea",
                            "id": "eda1a6fb-f95b-4664-b352-8a468c499b34",
                            "districts": [
                                
                            ]
                        },
                        {
                            "name": "Kenya",
                            "id": "06702720-9c60-4210-8eed-8824f1cc80c2",
                            "districts": [
                                
                            ]
                        },
                        {
                            "name": "Mozambique",
                            "id": "df394703-b3a5-4d0f-aa33-db8b10ba29ab",
                            "districts": [
                                
                            ]
                        },
                        {
                            "name": "Saint Helena, Ascension and Tristan da Cunha",
                            "id": "e379e052-1704-4e98-b4fd-fdac7ca1f9a0",
                            "districts": [
                                
                            ]
                        },
                        {
                            "name": "Ethiopia",
                            "id": "77d5d6a2-5f01-41b8-b06d-88b9efc618f8",
                            "districts": [
                                
                            ]
                        },
                        {
                            "name": "Comoros",
                            "id": "ae0a4c53-9eea-4b4f-b7ab-98750eb58582",
                            "districts": [
                                
                            ]
                        },
                        {
                            "name": "Malawi",
                            "id": "31ffdf7e-d375-4c19-8b4c-6ac8e4486727",
                            "districts": [
                                
                            ]
                        },
                        {
                            "name": "Somalia",
                            "id": "630c356f-e198-4cd0-8e91-b29002c2aca7",
                            "districts": [
                                
                            ]
                        },
                        {
                            "name": "Congo, Democratic Republic of the",
                            "id": "55a5fe27-565c-4963-88c0-9a3ec24dea5c",
                            "districts": [
                                
                            ]
                        },
                        {
                            "name": "Equatorial Guinea",
                            "id": "9d2dd243-9754-4962-a556-6dbbf85b248a",
                            "districts": [
                                
                            ]
                        },
                        {
                            "name": "Chad",
                            "id": "4c4abd99-f4df-4fee-bac5-e2a1eef7ec0f",
                            "districts": [
                                
                            ]
                        },
                        {
                            "name": "Tanzania, United Republic of",
                            "id": "30d8662e-655f-43c8-b307-a2dc0046ebe5",
                            "districts": [
                                
                            ]
                        },
                        {
                            "name": "Sierra Leone",
                            "id": "e2135c5c-dfd3-4d44-b16f-0c29186836ce",
                            "districts": [
                                
                            ]
                        },
                        {
                            "name": "Eritrea",
                            "id": "bdd50ea2-c82d-44e8-b493-09892c245a6d",
                            "districts": [
                                
                            ]
                        },
                        {
                            "name": "Central African Republic",
                            "id": "59d2224e-e8a9-4e08-bf66-6ca50cf3d5e7",
                            "districts": [
                                
                            ]
                        },
                        {
                            "name": "South Sudan",
                            "id": "96e00183-809e-408c-b2f2-0042a6a8a8ba",
                            "districts": [
                                
                            ]
                        },
                        {
                            "name": "Mauritania",
                            "id": "780c64c4-cea5-4b78-85af-7be29c96025f",
                            "districts": [
                                
                            ]
                        },
                        {
                            "name": "Burkina Faso",
                            "id": "cedf0037-0cb1-4ad8-8a83-9ae64bc44992",
                            "districts": [
                                
                            ]
                        }
                    ]
                }
            },
            {
                "id": "26ac5483-9a31-41bd-b79e-6c82c30cbd75",
                "region": {
                    "countries": [
                        {
                            "name": "Iran (Islamic Republic of)",
                            "id": "ea7eef91-f8f4-4603-b7a1-d7039e7033e6",
                            "districts": [
                                
                            ]
                        },
                        {
                            "name": "Sri Lanka",
                            "id": "63a03a51-55d6-4a05-91f9-4be04ceff568",
                            "districts": [
                                
                            ]
                        },
                        {
                            "name": "Cambodia",
                            "id": "1c1d7b9c-1af3-4247-9393-6ab5275ed775",
                            "districts": [
                                
                            ]
                        },
                        {
                            "name": "Indonesia",
                            "id": "a0e90a76-7360-4e64-874a-b88b33bff1c6",
                            "districts": [
                                
                            ]
                        },
                        {
                            "name": "Afghanistan",
                            "id": "1d4758ce-9410-46c2-9e4e-2c90c518f469",
                            "districts": [
                                
                            ]
                        },
                        {
                            "name": "Bhutan",
                            "id": "26ac5483-9a31-41bd-b79e-6c82c30cbd75",
                            "districts": [
                                
                            ]
                        },
                        {
                            "name": "Brunei Darussalam",
                            "id": "218b444b-0354-46bd-b768-b8d48eb632e1",
                            "districts": [
                                
                            ]
                        },
                        {
                            "name": "Maldives",
                            "id": "b0305117-6406-4e3f-bd9c-54999c52fd51",
                            "districts": [
                                
                            ]
                        },
                        {
                            "name": "Nepal",
                            "id": "74ec24a7-5308-4b97-890a-a1b2602ab430",
                            "districts": [
                                
                            ]
                        },
                        {
                            "name": "Bangladesh",
                            "id": "6bd284f1-2216-4efc-a80e-218a56731a50",
                            "districts": [
                                {
                                    "id": "052bb7cb-fa24-4e4e-8a1c-c8b5770f81be",
                                    "name": "BARISHAL",
                                    "upazilas": [
                                        {
                                            "name": "AGAILJHARA",
                                            "id": "a87e5293-71fd-4928-a4bc-3fc87b741bd6",
                                            "state": {
                                                "id": "5cbbb439-96e7-4f60-bf2f-abddd0d03e7e",
                                                "name": "BARISAL"
                                            }
                                        },
                                        {
                                            "name": "WAZIRPUR",
                                            "id": "69a7ae9a-af80-4721-8fa7-390bc7a9f056",
                                            "state": {
                                                "id": "5cbbb439-96e7-4f60-bf2f-abddd0d03e7e",
                                                "name": "BARISAL"
                                            }
                                        },
                                        {
                                            "name": "BANARIPARA",
                                            "id": "a1098f6d-e20c-46ff-a695-71d38485dfcd",
                                            "state": {
                                                "id": "5cbbb439-96e7-4f60-bf2f-abddd0d03e7e",
                                                "name": "BARISAL"
                                            }
                                        },
                                        {
                                            "name": "GAURNADI",
                                            "id": "e054f2d4-ba21-423c-8ce2-8790fd3e96e7",
                                            "state": {
                                                "id": "5cbbb439-96e7-4f60-bf2f-abddd0d03e7e",
                                                "name": "BARISAL"
                                            }
                                        },
                                        {
                                            "name": "HIZLA",
                                            "id": "25dc6a64-73d1-41c4-a7a6-3499e419ee76",
                                            "state": {
                                                "id": "5cbbb439-96e7-4f60-bf2f-abddd0d03e7e",
                                                "name": "BARISAL"
                                            }
                                        },
                                        {
                                            "name": "BARISAL_SADAR",
                                            "id": "3e841942-1acf-40d5-a8f8-e76fccbce201",
                                            "state": {
                                                "id": "5cbbb439-96e7-4f60-bf2f-abddd0d03e7e",
                                                "name": "BARISAL"
                                            }
                                        },
                                        {
                                            "name": "BAKERGANJ",
                                            "id": "898bb968-893a-4791-984c-303c28eee8d1",
                                            "state": {
                                                "id": "5cbbb439-96e7-4f60-bf2f-abddd0d03e7e",
                                                "name": "BARISAL"
                                            }
                                        },
                                        {
                                            "name": "BABUGANJ",
                                            "id": "4ecbd185-acfc-4406-8fd6-b3d94387bea9",
                                            "state": {
                                                "id": "5cbbb439-96e7-4f60-bf2f-abddd0d03e7e",
                                                "name": "BARISAL"
                                            }
                                        },
                                        {
                                            "name": "MEHENDIGANJ",
                                            "id": "4f5b876b-a14d-462f-8cea-0b63aa50a888",
                                            "state": {
                                                "id": "5cbbb439-96e7-4f60-bf2f-abddd0d03e7e",
                                                "name": "BARISAL"
                                            }
                                        },
                                        {
                                            "name": "MULADI",
                                            "id": "0084331b-30ca-4576-8b66-503c7b6a2d0c",
                                            "state": {
                                                "id": "5cbbb439-96e7-4f60-bf2f-abddd0d03e7e",
                                                "name": "BARISAL"
                                            }
                                        }
                                    ]
                                },
                                {
                                    "id": "01836026-20ee-4e28-9585-6bde8c8f98a1",
                                    "name": "KURIGRAM",
                                    "upazilas": [
                                        {
                                            "name": "KURIGRAM_SADAR",
                                            "id": "33b43668-894e-4861-a340-9ab38cfac767",
                                            "state": {
                                                "id": "b8c19906-b4fc-4745-ac93-af957934136b",
                                                "name": "RANGPUR"
                                            }
                                        },
                                        {
                                            "name": "BHURUNGAMARI",
                                            "id": "bd6a746c-8e29-4546-9bde-fe70e7c0b1d4",
                                            "state": {
                                                "id": "b8c19906-b4fc-4745-ac93-af957934136b",
                                                "name": "RANGPUR"
                                            }
                                        },
                                        {
                                            "name": "ULIPUR",
                                            "id": "114b95ad-d7c1-4805-addc-2034bc68d133",
                                            "state": {
                                                "id": "b8c19906-b4fc-4745-ac93-af957934136b",
                                                "name": "RANGPUR"
                                            }
                                        },
                                        {
                                            "name": "CHILMARI",
                                            "id": "b74d834a-c4df-4c64-b08b-00fb86c416bd",
                                            "state": {
                                                "id": "b8c19906-b4fc-4745-ac93-af957934136b",
                                                "name": "RANGPUR"
                                            }
                                        },
                                        {
                                            "name": "NAGESHWARI",
                                            "id": "3c5107f8-412a-47a6-a593-75a1577a2fae",
                                            "state": {
                                                "id": "b8c19906-b4fc-4745-ac93-af957934136b",
                                                "name": "RANGPUR"
                                            }
                                        },
                                        {
                                            "name": "RAJARHAT",
                                            "id": "abfb1886-a2ea-4887-afc3-60cc1d194b6e",
                                            "state": {
                                                "id": "b8c19906-b4fc-4745-ac93-af957934136b",
                                                "name": "RANGPUR"
                                            }
                                        },
                                        {
                                            "name": "PHULBARI",
                                            "id": "3580569a-211a-4991-9e10-f52fd97543a6",
                                            "state": {
                                                "id": "b8c19906-b4fc-4745-ac93-af957934136b",
                                                "name": "RANGPUR"
                                            }
                                        },
                                        {
                                            "name": "CHAR RAJIBPUR",
                                            "id": "7d27e425-d2d2-45a9-b7c9-188e05810c0d",
                                            "state": {
                                                "id": "b8c19906-b4fc-4745-ac93-af957934136b",
                                                "name": "RANGPUR"
                                            }
                                        },
                                        {
                                            "name": "ROWMARI",
                                            "id": "290ffa52-6bbb-4482-a054-ce4aff5f6930",
                                            "state": {
                                                "id": "b8c19906-b4fc-4745-ac93-af957934136b",
                                                "name": "RANGPUR"
                                            }
                                        }
                                    ]
                                },
                                {
                                    "id": "2fb6985f-ccb2-4004-89ac-b5b0de520533",
                                    "name": "DINAJPUR",
                                    "upazilas": [
                                        {
                                            "name": "KAHAROLE",
                                            "id": "55d8d92d-d612-4226-b008-60b84b7b8253",
                                            "state": {
                                                "id": "b8c19906-b4fc-4745-ac93-af957934136b",
                                                "name": "RANGPUR"
                                            }
                                        },
                                        {
                                            "name": "PARBATIPUR",
                                            "id": "6f58194a-7690-4ce0-b14e-bea704af6ee5",
                                            "state": {
                                                "id": "b8c19906-b4fc-4745-ac93-af957934136b",
                                                "name": "RANGPUR"
                                            }
                                        },
                                        {
                                            "name": "HAKIMPUR",
                                            "id": "cc45cab8-96dc-43c5-bbc1-040e75736c03",
                                            "state": {
                                                "id": "b8c19906-b4fc-4745-ac93-af957934136b",
                                                "name": "RANGPUR"
                                            }
                                        },
                                        {
                                            "name": "BIRGANJ",
                                            "id": "9afaa410-ddfd-44d2-95d3-d6cfb030acd7",
                                            "state": {
                                                "id": "b8c19906-b4fc-4745-ac93-af957934136b",
                                                "name": "RANGPUR"
                                            }
                                        },
                                        {
                                            "name": "BIRAL",
                                            "id": "a44acb60-2b84-4fbb-b73e-6030542fed2d",
                                            "state": {
                                                "id": "b8c19906-b4fc-4745-ac93-af957934136b",
                                                "name": "RANGPUR"
                                            }
                                        },
                                        {
                                            "name": "BIRAMPUR",
                                            "id": "5a316d35-7488-4a04-b718-819caf81d849",
                                            "state": {
                                                "id": "b8c19906-b4fc-4745-ac93-af957934136b",
                                                "name": "RANGPUR"
                                            }
                                        },
                                        {
                                            "name": "GHORAGHAT",
                                            "id": "5ea22106-1cb9-47de-8a20-28fdcf292598",
                                            "state": {
                                                "id": "b8c19906-b4fc-4745-ac93-af957934136b",
                                                "name": "RANGPUR"
                                            }
                                        },
                                        {
                                            "name": "KHANSAMA",
                                            "id": "0561e004-20dc-4efd-b2e3-4e1c48d86971",
                                            "state": {
                                                "id": "b8c19906-b4fc-4745-ac93-af957934136b",
                                                "name": "RANGPUR"
                                            }
                                        },
                                        {
                                            "name": "DINAJPUR_SADAR",
                                            "id": "e9d6959d-bf05-490a-a95d-6327f93c17b3",
                                            "state": {
                                                "id": "b8c19906-b4fc-4745-ac93-af957934136b",
                                                "name": "RANGPUR"
                                            }
                                        },
                                        {
                                            "name": "BOCHAGANJ",
                                            "id": "526f5997-d4ab-45f7-af53-6fcd25c1d1dc",
                                            "state": {
                                                "id": "b8c19906-b4fc-4745-ac93-af957934136b",
                                                "name": "RANGPUR"
                                            }
                                        },
                                        {
                                            "name": "CHIRIRBANDAR",
                                            "id": "d371b6be-98e7-44ec-98bb-4e3d06f4fd6c",
                                            "state": {
                                                "id": "b8c19906-b4fc-4745-ac93-af957934136b",
                                                "name": "RANGPUR"
                                            }
                                        },
                                        {
                                            "name": "NAWABGANJ",
                                            "id": "802bf9ac-1597-4c30-94cc-51b1e5cd9941",
                                            "state": {
                                                "id": "b8c19906-b4fc-4745-ac93-af957934136b",
                                                "name": "RANGPUR"
                                            }
                                        }
                                    ]
                                },
                                {
                                    "id": "fcbaee9a-6c04-4a77-a2a8-8ee8f0c812a8",
                                    "name": "BAGERHAT",
                                    "upazilas": [
                                        {
                                            "name": "FAKIRHAT",
                                            "id": "23926ee4-dec3-4ba8-aab6-eee9f7003126",
                                            "state": {
                                                "id": "642a6748-942f-473d-96c6-a6c1b2e00e05",
                                                "name": "KHULNA"
                                            }
                                        },
                                        {
                                            "name": "MORRELGANJ",
                                            "id": "c322b9de-9e52-471a-9642-0c7f9510e303",
                                            "state": {
                                                "id": "642a6748-942f-473d-96c6-a6c1b2e00e05",
                                                "name": "KHULNA"
                                            }
                                        },
                                        {
                                            "name": "RAMPAL",
                                            "id": "687c1175-6f6f-459a-aa56-50ea55ab1852",
                                            "state": {
                                                "id": "642a6748-942f-473d-96c6-a6c1b2e00e05",
                                                "name": "KHULNA"
                                            }
                                        },
                                        {
                                            "name": "MOLLAHAT",
                                            "id": "2a18a82f-5a29-4ec1-b383-bb00faf2f958",
                                            "state": {
                                                "id": "642a6748-942f-473d-96c6-a6c1b2e00e05",
                                                "name": "KHULNA"
                                            }
                                        },
                                        {
                                            "name": "MONGLA",
                                            "id": "4ce72789-eebe-4554-ac41-6e94b6a205d5",
                                            "state": {
                                                "id": "642a6748-942f-473d-96c6-a6c1b2e00e05",
                                                "name": "KHULNA"
                                            }
                                        },
                                        {
                                            "name": "CHITALMARI",
                                            "id": "a6c2a70a-e1dd-4565-9eb4-5a84dfd76d36",
                                            "state": {
                                                "id": "642a6748-942f-473d-96c6-a6c1b2e00e05",
                                                "name": "KHULNA"
                                            }
                                        },
                                        {
                                            "name": "SARANKHOLA",
                                            "id": "29e1d269-c6ca-461f-b8bc-b2cf623b2ed4",
                                            "state": {
                                                "id": "642a6748-942f-473d-96c6-a6c1b2e00e05",
                                                "name": "KHULNA"
                                            }
                                        },
                                        {
                                            "name": "KACHUA",
                                            "id": "458438b9-a371-4d34-a429-9ffc72c4bb5a",
                                            "state": {
                                                "id": "642a6748-942f-473d-96c6-a6c1b2e00e05",
                                                "name": "KHULNA"
                                            }
                                        },
                                        {
                                            "name": "BAGERHAT_SADAR",
                                            "id": "8929c669-4c91-4c08-a279-2b61b2b657cb",
                                            "state": {
                                                "id": "642a6748-942f-473d-96c6-a6c1b2e00e05",
                                                "name": "KHULNA"
                                            }
                                        }
                                    ]
                                },
                                {
                                    "id": "8be8ad99-4257-4c89-bc9f-3fd5b54ea42c",
                                    "name": "BARGUNA",
                                    "upazilas": [
                                        {
                                            "name": "BAMNA",
                                            "id": "0becbad0-8054-48ff-8804-70caef441fbc",
                                            "state": {
                                                "id": "5cbbb439-96e7-4f60-bf2f-abddd0d03e7e",
                                                "name": "BARISAL"
                                            }
                                        },
                                        {
                                            "name": "BARGUNA_SADAR",
                                            "id": "6c8d9659-3f6b-4572-89f6-877db489fb8e",
                                            "state": {
                                                "id": "5cbbb439-96e7-4f60-bf2f-abddd0d03e7e",
                                                "name": "BARISAL"
                                            }
                                        },
                                        {
                                            "name": "BETAGI",
                                            "id": "e84e7c7f-d62f-4111-ac9c-6a758d874fa4",
                                            "state": {
                                                "id": "5cbbb439-96e7-4f60-bf2f-abddd0d03e7e",
                                                "name": "BARISAL"
                                            }
                                        },
                                        {
                                            "name": "AMTALI",
                                            "id": "2061f193-da04-4462-ae2c-7d54a60c9790",
                                            "state": {
                                                "id": "5cbbb439-96e7-4f60-bf2f-abddd0d03e7e",
                                                "name": "BARISAL"
                                            }
                                        },
                                        {
                                            "name": "PATHARGHATA",
                                            "id": "1f651fda-0eb3-4efe-b2a1-751c1dbefb4b",
                                            "state": {
                                                "id": "5cbbb439-96e7-4f60-bf2f-abddd0d03e7e",
                                                "name": "BARISAL"
                                            }
                                        },
                                        {
                                            "name": "TALTALI",
                                            "id": "b6d60b5e-b58e-46be-8b53-370a5bdfe5f4",
                                            "state": {
                                                "id": "5cbbb439-96e7-4f60-bf2f-abddd0d03e7e",
                                                "name": "BARISAL"
                                            }
                                        }
                                    ]
                                },
                                {
                                    "id": "9966ea0c-b228-4955-bb2d-07a5095b2645",
                                    "name": "NATORE",
                                    "upazilas": [
                                        {
                                            "name": "NATORE_SADAR",
                                            "id": "ad6a8021-7b0f-4611-86dd-9522ae859ec2",
                                            "state": {
                                                "id": "d68c68d2-108e-4635-93d1-28c44525f178",
                                                "name": "RAJSHAHI"
                                            }
                                        },
                                        {
                                            "name": "BAGATIPARA",
                                            "id": "8c4fd017-e1a2-46b6-a5e7-4118456a6b1d",
                                            "state": {
                                                "id": "d68c68d2-108e-4635-93d1-28c44525f178",
                                                "name": "RAJSHAHI"
                                            }
                                        },
                                        {
                                            "name": "BARAIGRAM",
                                            "id": "b437a240-a56d-4fcf-8f7b-949ab16dd31d",
                                            "state": {
                                                "id": "d68c68d2-108e-4635-93d1-28c44525f178",
                                                "name": "RAJSHAHI"
                                            }
                                        },
                                        {
                                            "name": "LALPUR",
                                            "id": "b21e478e-7b5e-4c3d-b3a0-cf4e1ba07aac",
                                            "state": {
                                                "id": "d68c68d2-108e-4635-93d1-28c44525f178",
                                                "name": "RAJSHAHI"
                                            }
                                        }
                                    ]
                                },
                                {
                                    "id": "e84d4380-c4bb-4228-88c5-d82e8c1b0865",
                                    "name": "TANGAIL",
                                    "upazilas": [
                                        {
                                            "name": "TANGAIL_SADAR",
                                            "id": "2e5d24da-b036-45be-892b-7f296d666c78",
                                            "state": {
                                                "id": "9c75a95b-9f42-4ca9-a152-78c492590a6f",
                                                "name": "DHAKA"
                                            }
                                        },
                                        {
                                            "name": "DHANBARI",
                                            "id": "1456c986-adde-41d1-a0b0-403604bc0d93",
                                            "state": {
                                                "id": "9c75a95b-9f42-4ca9-a152-78c492590a6f",
                                                "name": "DHAKA"
                                            }
                                        },
                                        {
                                            "name": "DELDUAR",
                                            "id": "3a4c7f79-c00e-49e1-abac-816ed50dc3fb",
                                            "state": {
                                                "id": "9c75a95b-9f42-4ca9-a152-78c492590a6f",
                                                "name": "DHAKA"
                                            }
                                        },
                                        {
                                            "name": "GOPALPUR",
                                            "id": "b2a571f1-2242-424d-9023-7f0f25fd2bb8",
                                            "state": {
                                                "id": "9c75a95b-9f42-4ca9-a152-78c492590a6f",
                                                "name": "DHAKA"
                                            }
                                        },
                                        {
                                            "name": "BASAIL",
                                            "id": "eb604fd4-90f1-40e4-9519-d5a7ca445bfc",
                                            "state": {
                                                "id": "9c75a95b-9f42-4ca9-a152-78c492590a6f",
                                                "name": "DHAKA"
                                            }
                                        },
                                        {
                                            "name": "MIRZAPUR",
                                            "id": "124001b8-78ca-48ce-bbb6-47b461c63063",
                                            "state": {
                                                "id": "9c75a95b-9f42-4ca9-a152-78c492590a6f",
                                                "name": "DHAKA"
                                            }
                                        },
                                        {
                                            "name": "NAGARPUR",
                                            "id": "6cfd02f6-756a-4b9b-85ed-04258d99ca07",
                                            "state": {
                                                "id": "9c75a95b-9f42-4ca9-a152-78c492590a6f",
                                                "name": "DHAKA"
                                            }
                                        },
                                        {
                                            "name": "MADHUPUR",
                                            "id": "21165dd7-b75c-44fb-9e86-4460f532083b",
                                            "state": {
                                                "id": "9c75a95b-9f42-4ca9-a152-78c492590a6f",
                                                "name": "DHAKA"
                                            }
                                        },
                                        {
                                            "name": "BHUAPUR",
                                            "id": "5b9c7e29-0e43-4850-8dca-91a74dab06df",
                                            "state": {
                                                "id": "9c75a95b-9f42-4ca9-a152-78c492590a6f",
                                                "name": "DHAKA"
                                            }
                                        },
                                        {
                                            "name": "GHATAIL",
                                            "id": "6a30d344-ac16-4257-acae-53a8f5a3b49f",
                                            "state": {
                                                "id": "9c75a95b-9f42-4ca9-a152-78c492590a6f",
                                                "name": "DHAKA"
                                            }
                                        },
                                        {
                                            "name": "KALIHATI",
                                            "id": "efef7a8d-28a7-4a48-aeb2-9cc9c9785e37",
                                            "state": {
                                                "id": "9c75a95b-9f42-4ca9-a152-78c492590a6f",
                                                "name": "DHAKA"
                                            }
                                        },
                                        {
                                            "name": "SAKHIPUR",
                                            "id": "86572e49-e51d-4de7-a0d1-26c5bc008a97",
                                            "state": {
                                                "id": "9c75a95b-9f42-4ca9-a152-78c492590a6f",
                                                "name": "DHAKA"
                                            }
                                        }
                                    ]
                                },
                                {
                                    "id": "68d1c1a6-79cf-4614-af26-9c92f954a31f",
                                    "name": "JOYPURHAT",
                                    "upazilas": [
                                        {
                                            "name": "JOYPURHAT S",
                                            "id": "ef9c918e-c776-452b-a9c6-1626f887ed68",
                                            "state": {
                                                "id": "d68c68d2-108e-4635-93d1-28c44525f178",
                                                "name": "RAJSHAHI"
                                            }
                                        },
                                        {
                                            "name": "PANCHBIBI",
                                            "id": "3f918cbc-453d-4529-8bc7-54ea7d192610",
                                            "state": {
                                                "id": "d68c68d2-108e-4635-93d1-28c44525f178",
                                                "name": "RAJSHAHI"
                                            }
                                        },
                                        {
                                            "name": "KALAI",
                                            "id": "06ae58bb-d069-40da-a952-6f345ddaa58d",
                                            "state": {
                                                "id": "d68c68d2-108e-4635-93d1-28c44525f178",
                                                "name": "RAJSHAHI"
                                            }
                                        },
                                        {
                                            "name": "KHETLAL",
                                            "id": "1608a3cd-70aa-46ef-8424-3bcb6f1d83bc",
                                            "state": {
                                                "id": "d68c68d2-108e-4635-93d1-28c44525f178",
                                                "name": "RAJSHAHI"
                                            }
                                        },
                                        {
                                            "name": "AKKELPUR",
                                            "id": "74242c78-e84f-4f42-a882-039391447f6c",
                                            "state": {
                                                "id": "d68c68d2-108e-4635-93d1-28c44525f178",
                                                "name": "RAJSHAHI"
                                            }
                                        }
                                    ]
                                },
                                {
                                    "id": "554b09c8-da48-4e22-ad26-491dde9c455b",
                                    "name": "SATKHIRA",
                                    "upazilas": [
                                        {
                                            "name": "ASSASUNI",
                                            "id": "70a2a525-3a4e-4a75-93b6-0751526ae9fd",
                                            "state": {
                                                "id": "642a6748-942f-473d-96c6-a6c1b2e00e05",
                                                "name": "KHULNA"
                                            }
                                        },
                                        {
                                            "name": "SATKHIRA_SADAR",
                                            "id": "18bd63e5-67e7-417f-a94b-eace376e3c53",
                                            "state": {
                                                "id": "642a6748-942f-473d-96c6-a6c1b2e00e05",
                                                "name": "KHULNA"
                                            }
                                        },
                                        {
                                            "name": "KALAROA",
                                            "id": "2bbc4bea-0602-45d5-b8a7-347875b3e0c5",
                                            "state": {
                                                "id": "642a6748-942f-473d-96c6-a6c1b2e00e05",
                                                "name": "KHULNA"
                                            }
                                        },
                                        {
                                            "name": "DEBHATA",
                                            "id": "43ab5450-3fdf-48c5-af62-8eb39cc6bdbd",
                                            "state": {
                                                "id": "642a6748-942f-473d-96c6-a6c1b2e00e05",
                                                "name": "KHULNA"
                                            }
                                        },
                                        {
                                            "name": "SHYAMNAGAR",
                                            "id": "6c225dcc-fb72-4c69-8842-9e24ca8893b3",
                                            "state": {
                                                "id": "642a6748-942f-473d-96c6-a6c1b2e00e05",
                                                "name": "KHULNA"
                                            }
                                        },
                                        {
                                            "name": "TALA",
                                            "id": "9ba03b6b-a81e-460f-bc16-4070cf8853ce",
                                            "state": {
                                                "id": "642a6748-942f-473d-96c6-a6c1b2e00e05",
                                                "name": "KHULNA"
                                            }
                                        }
                                    ]
                                },
                                {
                                    "id": "8532a8c6-657b-43bc-8ed5-bd8d6ff60ace",
                                    "name": "RAJSHAHI",
                                    "upazilas": [
                                        {
                                            "name": "BAGMARA",
                                            "id": "f2ede638-eab8-4f99-8c6b-a210e841fd1d",
                                            "state": {
                                                "id": "d68c68d2-108e-4635-93d1-28c44525f178",
                                                "name": "RAJSHAHI"
                                            }
                                        },
                                        {
                                            "name": "MOHANPUR",
                                            "id": "7aaac890-91b5-403e-9e63-c3d143b36684",
                                            "state": {
                                                "id": "d68c68d2-108e-4635-93d1-28c44525f178",
                                                "name": "RAJSHAHI"
                                            }
                                        },
                                        {
                                            "name": "BAGHA",
                                            "id": "239db35c-a47a-4654-aa45-5b23ce80c442",
                                            "state": {
                                                "id": "d68c68d2-108e-4635-93d1-28c44525f178",
                                                "name": "RAJSHAHI"
                                            }
                                        },
                                        {
                                            "name": "GODAGARI",
                                            "id": "05d823af-b4fc-4dc6-a7c3-1327766addc8",
                                            "state": {
                                                "id": "d68c68d2-108e-4635-93d1-28c44525f178",
                                                "name": "RAJSHAHI"
                                            }
                                        },
                                        {
                                            "name": "PABA",
                                            "id": "7c7f7c74-c68b-4b89-b932-d8a3239bf9b7",
                                            "state": {
                                                "id": "d68c68d2-108e-4635-93d1-28c44525f178",
                                                "name": "RAJSHAHI"
                                            }
                                        },
                                        {
                                            "name": "TANORE",
                                            "id": "58c5cea6-ca41-4a91-a5fa-b9a5934401ac",
                                            "state": {
                                                "id": "d68c68d2-108e-4635-93d1-28c44525f178",
                                                "name": "RAJSHAHI"
                                            }
                                        },
                                        {
                                            "name": "CHARGHAT",
                                            "id": "aff4647e-2079-4cce-97b0-101fc74ae51b",
                                            "state": {
                                                "id": "d68c68d2-108e-4635-93d1-28c44525f178",
                                                "name": "RAJSHAHI"
                                            }
                                        },
                                        {
                                            "name": "DURGAPUR",
                                            "id": "4223b078-975d-44e9-9365-245f0cb05789",
                                            "state": {
                                                "id": "d68c68d2-108e-4635-93d1-28c44525f178",
                                                "name": "RAJSHAHI"
                                            }
                                        },
                                        {
                                            "name": "PUTHIA",
                                            "id": "2d476069-1315-4416-b9be-a0b422700c68",
                                            "state": {
                                                "id": "d68c68d2-108e-4635-93d1-28c44525f178",
                                                "name": "RAJSHAHI"
                                            }
                                        }
                                    ]
                                },
                                {
                                    "id": "d5260be7-24e7-4c50-9a49-0796cb51b216",
                                    "name": "CUMILLA",
                                    "upazilas": [
                                        {
                                            "name": "DAUDKANDI",
                                            "id": "c1e10c6b-deab-42cb-bdc5-c11244fff880",
                                            "state": {
                                                "id": "d4e8944a-6e8f-4d6e-a313-2228cfe9a567",
                                                "name": "CHITTAGONG"
                                            }
                                        },
                                        {
                                            "name": "DEBIDWAR",
                                            "id": "8226c704-027a-489c-abef-9a3758b49617",
                                            "state": {
                                                "id": "d4e8944a-6e8f-4d6e-a313-2228cfe9a567",
                                                "name": "CHITTAGONG"
                                            }
                                        },
                                        {
                                            "name": "BURICHONG",
                                            "id": "e6684874-0ce5-4f73-9eed-7b72049acf8d",
                                            "state": {
                                                "id": "d4e8944a-6e8f-4d6e-a313-2228cfe9a567",
                                                "name": "CHITTAGONG"
                                            }
                                        },
                                        {
                                            "name": "TITAS",
                                            "id": "b224fbca-58dd-4a13-a2bf-ac01636994e2",
                                            "state": {
                                                "id": "d4e8944a-6e8f-4d6e-a313-2228cfe9a567",
                                                "name": "CHITTAGONG"
                                            }
                                        },
                                        {
                                            "name": "CHANDINA",
                                            "id": "a5e4309c-694a-4781-aa98-f8ec016e4109",
                                            "state": {
                                                "id": "d4e8944a-6e8f-4d6e-a313-2228cfe9a567",
                                                "name": "CHITTAGONG"
                                            }
                                        },
                                        {
                                            "name": "LAKSAM",
                                            "id": "bca6900f-c079-4d77-8616-cd4416f42061",
                                            "state": {
                                                "id": "d4e8944a-6e8f-4d6e-a313-2228cfe9a567",
                                                "name": "CHITTAGONG"
                                            }
                                        },
                                        {
                                            "name": "BARURA",
                                            "id": "8d377f34-bb0c-4aca-82d3-fc9f396451e0",
                                            "state": {
                                                "id": "d4e8944a-6e8f-4d6e-a313-2228cfe9a567",
                                                "name": "CHITTAGONG"
                                            }
                                        },
                                        {
                                            "name": "MURADNAGAR",
                                            "id": "d088b585-95a1-4fac-86b4-0e3b436570d4",
                                            "state": {
                                                "id": "d4e8944a-6e8f-4d6e-a313-2228cfe9a567",
                                                "name": "CHITTAGONG"
                                            }
                                        },
                                        {
                                            "name": "MEGHNA",
                                            "id": "c0cfe679-e617-4907-ae22-20e0a4dd494b",
                                            "state": {
                                                "id": "d4e8944a-6e8f-4d6e-a313-2228cfe9a567",
                                                "name": "CHITTAGONG"
                                            }
                                        },
                                        {
                                            "name": "BRAHMANPARA",
                                            "id": "f35b2456-9e76-487c-a998-b51eb7a6eae4",
                                            "state": {
                                                "id": "d4e8944a-6e8f-4d6e-a313-2228cfe9a567",
                                                "name": "CHITTAGONG"
                                            }
                                        },
                                        {
                                            "name": "COMILLA_SADAR",
                                            "id": "6abbbc95-fa39-49c4-8127-1453fe90181c",
                                            "state": {
                                                "id": "d4e8944a-6e8f-4d6e-a313-2228cfe9a567",
                                                "name": "CHITTAGONG"
                                            }
                                        },
                                        {
                                            "name": "NANGALKOT",
                                            "id": "e9e0cac7-f5dd-44d5-b1e9-9e9e1166c478",
                                            "state": {
                                                "id": "d4e8944a-6e8f-4d6e-a313-2228cfe9a567",
                                                "name": "CHITTAGONG"
                                            }
                                        },
                                        {
                                            "name": "CHAUDDAGRAM",
                                            "id": "7c9eac52-0e2e-4867-b2ee-7c4cf3a1c643",
                                            "state": {
                                                "id": "d4e8944a-6e8f-4d6e-a313-2228cfe9a567",
                                                "name": "CHITTAGONG"
                                            }
                                        },
                                        {
                                            "name": "COMILLA_SADAR SOUTH",
                                            "id": "a8ea2db4-ee9b-4340-8537-83cd622292c2",
                                            "state": {
                                                "id": "d4e8944a-6e8f-4d6e-a313-2228cfe9a567",
                                                "name": "CHITTAGONG"
                                            }
                                        },
                                        {
                                            "name": "MONOHORGONJ",
                                            "id": "eabcbd1f-9f0e-494c-b8a3-16301fd6fa10",
                                            "state": {
                                                "id": "d4e8944a-6e8f-4d6e-a313-2228cfe9a567",
                                                "name": "CHITTAGONG"
                                            }
                                        },
                                        {
                                            "name": "HOMNA",
                                            "id": "07582306-d3c1-4cb1-b07e-23d0a4d62a5f",
                                            "state": {
                                                "id": "d4e8944a-6e8f-4d6e-a313-2228cfe9a567",
                                                "name": "CHITTAGONG"
                                            }
                                        }
                                    ]
                                },
                                {
                                    "id": "272e4693-e399-466a-b021-6728909093d3",
                                    "name": "BRAHMANBARIA",
                                    "upazilas": [
                                        {
                                            "name": "KASBA",
                                            "id": "4498e76d-1d3f-48af-9194-032e8d236b61",
                                            "state": {
                                                "id": "d4e8944a-6e8f-4d6e-a313-2228cfe9a567",
                                                "name": "CHITTAGONG"
                                            }
                                        },
                                        {
                                            "name": "BRAHMANBARIA_SADAR",
                                            "id": "4f269d37-5f46-460f-b145-ada17379cbfc",
                                            "state": {
                                                "id": "d4e8944a-6e8f-4d6e-a313-2228cfe9a567",
                                                "name": "CHITTAGONG"
                                            }
                                        },
                                        {
                                            "name": "ASHUGANJ",
                                            "id": "e5395c84-18d2-4543-a6ec-a707cfe81bcc",
                                            "state": {
                                                "id": "d4e8944a-6e8f-4d6e-a313-2228cfe9a567",
                                                "name": "CHITTAGONG"
                                            }
                                        },
                                        {
                                            "name": "BIJOYNAGAR",
                                            "id": "947631d1-8146-4df8-ae1e-4d04e7595de6",
                                            "state": {
                                                "id": "d4e8944a-6e8f-4d6e-a313-2228cfe9a567",
                                                "name": "CHITTAGONG"
                                            }
                                        },
                                        {
                                            "name": "BANCHARAMPUR",
                                            "id": "0db8bac6-d7d0-4100-869e-41ebe3eb92cd",
                                            "state": {
                                                "id": "d4e8944a-6e8f-4d6e-a313-2228cfe9a567",
                                                "name": "CHITTAGONG"
                                            }
                                        },
                                        {
                                            "name": "AKHAURA",
                                            "id": "5a302ebb-61a8-4e8c-8b59-6a7a49a7b201",
                                            "state": {
                                                "id": "d4e8944a-6e8f-4d6e-a313-2228cfe9a567",
                                                "name": "CHITTAGONG"
                                            }
                                        },
                                        {
                                            "name": "NASIRNAGAR",
                                            "id": "76484d2d-47cc-4c8b-99e1-24c94c3c330e",
                                            "state": {
                                                "id": "d4e8944a-6e8f-4d6e-a313-2228cfe9a567",
                                                "name": "CHITTAGONG"
                                            }
                                        },
                                        {
                                            "name": "NABINAGAR",
                                            "id": "84aeef02-dd01-48da-8468-ac1f5479bf70",
                                            "state": {
                                                "id": "d4e8944a-6e8f-4d6e-a313-2228cfe9a567",
                                                "name": "CHITTAGONG"
                                            }
                                        },
                                        {
                                            "name": "SARAIL",
                                            "id": "ba8e3375-d3cc-48f3-915c-9699081fa9d5",
                                            "state": {
                                                "id": "d4e8944a-6e8f-4d6e-a313-2228cfe9a567",
                                                "name": "CHITTAGONG"
                                            }
                                        },
                                        {
                                            "name": "SHAHBAZPUR TOWN",
                                            "id": "9aa10ffe-f68d-4c46-9994-04d746f5d1bc",
                                            "state": {
                                                "id": "d4e8944a-6e8f-4d6e-a313-2228cfe9a567",
                                                "name": "CHITTAGONG"
                                            }
                                        }
                                    ]
                                },
                                {
                                    "id": "3c67f19f-4e59-4fda-8503-117efa8b69d6",
                                    "name": "LAKSHMIPUR",
                                    "upazilas": [
                                        {
                                            "name": "RAMGATI",
                                            "id": "85171790-705a-43f5-ac34-99c2048f50f7",
                                            "state": {
                                                "id": "d4e8944a-6e8f-4d6e-a313-2228cfe9a567",
                                                "name": "CHITTAGONG"
                                            }
                                        },
                                        {
                                            "name": "RAIPUR",
                                            "id": "bed17fa7-df5e-41a3-905b-d4675de832ce",
                                            "state": {
                                                "id": "d4e8944a-6e8f-4d6e-a313-2228cfe9a567",
                                                "name": "CHITTAGONG"
                                            }
                                        },
                                        {
                                            "name": "LAKSHMIPUR_SADAR",
                                            "id": "2769623f-1de5-407a-8e77-ce987cbfc80e",
                                            "state": {
                                                "id": "d4e8944a-6e8f-4d6e-a313-2228cfe9a567",
                                                "name": "CHITTAGONG"
                                            }
                                        },
                                        {
                                            "name": "KOMOL NAGAR",
                                            "id": "7550df44-de22-487f-aa63-47fea04a985d",
                                            "state": {
                                                "id": "d4e8944a-6e8f-4d6e-a313-2228cfe9a567",
                                                "name": "CHITTAGONG"
                                            }
                                        },
                                        {
                                            "name": "RAMGANJ",
                                            "id": "b5ceb354-c53c-41c3-b9e5-83bf8be9ed17",
                                            "state": {
                                                "id": "d4e8944a-6e8f-4d6e-a313-2228cfe9a567",
                                                "name": "CHITTAGONG"
                                            }
                                        }
                                    ]
                                },
                                {
                                    "id": "1774b360-47d1-4c74-94f9-e92b49968263",
                                    "name": "NETROKONA",
                                    "upazilas": [
                                        {
                                            "name": "KALMAKANDA UPAZILLA",
                                            "id": "c06fd86e-e96d-4148-b393-c7a909eb6b5c",
                                            "state": {
                                                "id": "f6395340-53b2-4824-8252-ef3a164b8446",
                                                "name": "MAYMENSINGH"
                                            }
                                        },
                                        {
                                            "name": "MOHANGANJ UPAZILLA",
                                            "id": "8bdfbfde-f52f-4eda-a4dc-1ea70461cf15",
                                            "state": {
                                                "id": "f6395340-53b2-4824-8252-ef3a164b8446",
                                                "name": "MAYMENSINGH"
                                            }
                                        },
                                        {
                                            "name": "NETRAKONA-S UPAZILLA",
                                            "id": "8f6dd6df-f4b6-434f-a8d8-50363278501f",
                                            "state": {
                                                "id": "f6395340-53b2-4824-8252-ef3a164b8446",
                                                "name": "MAYMENSINGH"
                                            }
                                        },
                                        {
                                            "name": "BARHATTA UPAZILLA",
                                            "id": "98dd7d62-259b-4f9b-8bcb-c9b81440439b",
                                            "state": {
                                                "id": "f6395340-53b2-4824-8252-ef3a164b8446",
                                                "name": "MAYMENSINGH"
                                            }
                                        },
                                        {
                                            "name": "KHALIAJURI UPAZILLA",
                                            "id": "0a55806b-be24-484b-9c56-3b475d525ec3",
                                            "state": {
                                                "id": "f6395340-53b2-4824-8252-ef3a164b8446",
                                                "name": "MAYMENSINGH"
                                            }
                                        },
                                        {
                                            "name": "KENDUA UPAZILLA",
                                            "id": "0a227fd8-fa1a-437b-b3e8-80df07ce0127",
                                            "state": {
                                                "id": "f6395340-53b2-4824-8252-ef3a164b8446",
                                                "name": "MAYMENSINGH"
                                            }
                                        },
                                        {
                                            "name": "ATPARA UPAZILLA",
                                            "id": "0f88c435-a402-42a6-b543-fcaad9a10cf9",
                                            "state": {
                                                "id": "f6395340-53b2-4824-8252-ef3a164b8446",
                                                "name": "MAYMENSINGH"
                                            }
                                        },
                                        {
                                            "name": "PURBADHALA UPAZILLA",
                                            "id": "421e74d9-7bd0-4186-9468-99173c747a9a",
                                            "state": {
                                                "id": "f6395340-53b2-4824-8252-ef3a164b8446",
                                                "name": "MAYMENSINGH"
                                            }
                                        },
                                        {
                                            "name": "MADAN UPAZILLA",
                                            "id": "8a74093b-0358-4469-abcf-e179b122d97c",
                                            "state": {
                                                "id": "f6395340-53b2-4824-8252-ef3a164b8446",
                                                "name": "MAYMENSINGH"
                                            }
                                        },
                                        {
                                            "name": "DURGAPUR UPAZILLA",
                                            "id": "620df571-6ff3-4f42-9879-01d7fbd58664",
                                            "state": {
                                                "id": "f6395340-53b2-4824-8252-ef3a164b8446",
                                                "name": "MAYMENSINGH"
                                            }
                                        }
                                    ]
                                },
                                {
                                    "id": "f46364df-b16f-4916-9601-56bc37674090",
                                    "name": "MADARIPUR",
                                    "upazilas": [
                                        {
                                            "name": "RAJOIR",
                                            "id": "e93745bf-e56f-4059-9a47-0cdc7a6dd0e6",
                                            "state": {
                                                "id": "9c75a95b-9f42-4ca9-a152-78c492590a6f",
                                                "name": "DHAKA"
                                            }
                                        },
                                        {
                                            "name": "KALKINI",
                                            "id": "39b91e5b-54e0-4ef5-900c-0f260df1b12c",
                                            "state": {
                                                "id": "9c75a95b-9f42-4ca9-a152-78c492590a6f",
                                                "name": "DHAKA"
                                            }
                                        },
                                        {
                                            "name": "DASAR",
                                            "id": "3558fcad-3277-4d85-8b05-c4c39ad8add0",
                                            "state": {
                                                "id": "9c75a95b-9f42-4ca9-a152-78c492590a6f",
                                                "name": "DHAKA"
                                            }
                                        },
                                        {
                                            "name": "SHIBCHAR",
                                            "id": "2090422b-acad-447b-bdc5-f5df7813287d",
                                            "state": {
                                                "id": "9c75a95b-9f42-4ca9-a152-78c492590a6f",
                                                "name": "DHAKA"
                                            }
                                        },
                                        {
                                            "name": "MADARIPUR_SADAR",
                                            "id": "a0368a52-0c1a-4ca6-8c6f-3bddda0602bf",
                                            "state": {
                                                "id": "9c75a95b-9f42-4ca9-a152-78c492590a6f",
                                                "name": "DHAKA"
                                            }
                                        }
                                    ]
                                },
                                {
                                    "id": "03394485-abb0-4a8f-b928-9b986ca6cd35",
                                    "name": "NARAYANGANJ",
                                    "upazilas": [
                                        {
                                            "name": "NARYANGANJ_SADAR",
                                            "id": "204bc228-4838-4831-86c1-83fddbab206c",
                                            "state": {
                                                "id": "9c75a95b-9f42-4ca9-a152-78c492590a6f",
                                                "name": "DHAKA"
                                            }
                                        },
                                        {
                                            "name": "SONARGAON",
                                            "id": "f49e5635-d73c-4cea-83ee-5de520c1ceb3",
                                            "state": {
                                                "id": "9c75a95b-9f42-4ca9-a152-78c492590a6f",
                                                "name": "DHAKA"
                                            }
                                        },
                                        {
                                            "name": "ARAIHAZAR",
                                            "id": "5b715c3d-64d6-4144-81a2-c9c3222c3583",
                                            "state": {
                                                "id": "9c75a95b-9f42-4ca9-a152-78c492590a6f",
                                                "name": "DHAKA"
                                            }
                                        },
                                        {
                                            "name": "BANDAR",
                                            "id": "f745e13a-9ff7-4b1f-a370-3706ed8fe794",
                                            "state": {
                                                "id": "9c75a95b-9f42-4ca9-a152-78c492590a6f",
                                                "name": "DHAKA"
                                            }
                                        },
                                        {
                                            "name": "RUPGANJ",
                                            "id": "850fc0af-59a8-4beb-aeb5-f9d2a33fae32",
                                            "state": {
                                                "id": "9c75a95b-9f42-4ca9-a152-78c492590a6f",
                                                "name": "DHAKA"
                                            }
                                        },
                                        {
                                            "name": "SIDDIRGONJ",
                                            "id": "eb803c77-6bd5-4485-8984-cefc09569d46",
                                            "state": {
                                                "id": "9c75a95b-9f42-4ca9-a152-78c492590a6f",
                                                "name": "DHAKA"
                                            }
                                        }
                                    ]
                                },
                                {
                                    "id": "6988fbb2-ec1a-483e-b38d-b444db1232e4",
                                    "name": "GAZIPUR",
                                    "upazilas": [
                                        {
                                            "name": "SRIPUR",
                                            "id": "ff0b71cd-078d-4b86-bbfc-277f9e7831bd",
                                            "state": {
                                                "id": "9c75a95b-9f42-4ca9-a152-78c492590a6f",
                                                "name": "DHAKA"
                                            }
                                        },
                                        {
                                            "name": "KALIAKIOR",
                                            "id": "38522ca1-1e56-4afb-8e22-9fb942025670",
                                            "state": {
                                                "id": "9c75a95b-9f42-4ca9-a152-78c492590a6f",
                                                "name": "DHAKA"
                                            }
                                        },
                                        {
                                            "name": "TONGI",
                                            "id": "7d80f457-b9e9-4264-838e-5b085f402e99",
                                            "state": {
                                                "id": "9c75a95b-9f42-4ca9-a152-78c492590a6f",
                                                "name": "DHAKA"
                                            }
                                        },
                                        {
                                            "name": "KAPASIA",
                                            "id": "90c13f9e-25c6-41cc-aecc-da6ec1adf439",
                                            "state": {
                                                "id": "9c75a95b-9f42-4ca9-a152-78c492590a6f",
                                                "name": "DHAKA"
                                            }
                                        },
                                        {
                                            "name": "GAZIPUR_SADAR-JOYDEBPUR",
                                            "id": "9de27df1-812c-47be-a756-66b298a15281",
                                            "state": {
                                                "id": "9c75a95b-9f42-4ca9-a152-78c492590a6f",
                                                "name": "DHAKA"
                                            }
                                        }
                                    ]
                                },
                                {
                                    "id": "3e56df9f-26ae-4ec2-9d75-cbe655ee5fcd",
                                    "name": "NAWABGANJ",
                                    "upazilas": [
                                        {
                                            "name": "SHIBGANJ",
                                            "id": "5a69a253-29cc-437b-bd7f-765f9020b05c",
                                            "state": {
                                                "id": "d68c68d2-108e-4635-93d1-28c44525f178",
                                                "name": "RAJSHAHI"
                                            }
                                        },
                                        {
                                            "name": "NAWABGANJ_SADAR",
                                            "id": "38cf4ab6-34d7-4822-81c9-cf35860c09eb",
                                            "state": {
                                                "id": "d68c68d2-108e-4635-93d1-28c44525f178",
                                                "name": "RAJSHAHI"
                                            }
                                        },
                                        {
                                            "name": "BHOLAHAT",
                                            "id": "1fc07589-90dc-4484-91b3-b7aa6ea120c7",
                                            "state": {
                                                "id": "d68c68d2-108e-4635-93d1-28c44525f178",
                                                "name": "RAJSHAHI"
                                            }
                                        },
                                        {
                                            "name": "GOMASTAPUR",
                                            "id": "e02d73bf-e86e-49c6-a88f-386dba2e77f5",
                                            "state": {
                                                "id": "d68c68d2-108e-4635-93d1-28c44525f178",
                                                "name": "RAJSHAHI"
                                            }
                                        },
                                        {
                                            "name": "NACHOLE",
                                            "id": "ef4efc17-4d51-42ad-ab19-ad9ca8825334",
                                            "state": {
                                                "id": "d68c68d2-108e-4635-93d1-28c44525f178",
                                                "name": "RAJSHAHI"
                                            }
                                        }
                                    ]
                                },
                                {
                                    "id": "d9ba4812-1282-44de-9f59-c343ec5d1623",
                                    "name": "HABIGANJ",
                                    "upazilas": [
                                        {
                                            "name": "MADHABPUR",
                                            "id": "6b3a6f8c-2a46-4f42-9eec-ca4dce6db8d1",
                                            "state": {
                                                "id": "2f2f0cc1-587a-4dad-a3f0-83c0bac697ec",
                                                "name": "SYLHET"
                                            }
                                        },
                                        {
                                            "name": "AJMIRIGANJ",
                                            "id": "fe078d20-cdd6-4505-987f-75724794fc60",
                                            "state": {
                                                "id": "2f2f0cc1-587a-4dad-a3f0-83c0bac697ec",
                                                "name": "SYLHET"
                                            }
                                        },
                                        {
                                            "name": "HABIGANJ_SADAR",
                                            "id": "9abb2827-c6bf-4dff-88ba-08a8f443de07",
                                            "state": {
                                                "id": "2f2f0cc1-587a-4dad-a3f0-83c0bac697ec",
                                                "name": "SYLHET"
                                            }
                                        },
                                        {
                                            "name": "SHAISTAGONJ",
                                            "id": "7b1ffaa0-17d4-41aa-8a09-ef548e1ed0d3",
                                            "state": {
                                                "id": "2f2f0cc1-587a-4dad-a3f0-83c0bac697ec",
                                                "name": "SYLHET"
                                            }
                                        },
                                        {
                                            "name": "CHUNARUGHAT",
                                            "id": "e93527a1-bc76-4c94-9a0b-a1bf1ffeb2d9",
                                            "state": {
                                                "id": "2f2f0cc1-587a-4dad-a3f0-83c0bac697ec",
                                                "name": "SYLHET"
                                            }
                                        },
                                        {
                                            "name": "LAKHAI",
                                            "id": "63cbbda9-fd2e-4571-88a4-5ee93002ece0",
                                            "state": {
                                                "id": "2f2f0cc1-587a-4dad-a3f0-83c0bac697ec",
                                                "name": "SYLHET"
                                            }
                                        },
                                        {
                                            "name": "BANIACHANG",
                                            "id": "3c4a572a-fa59-4f9a-bb18-c3452a160f07",
                                            "state": {
                                                "id": "2f2f0cc1-587a-4dad-a3f0-83c0bac697ec",
                                                "name": "SYLHET"
                                            }
                                        },
                                        {
                                            "name": "BAHUBAL",
                                            "id": "0cc7bd46-ff4a-4097-8624-86a54e58635a",
                                            "state": {
                                                "id": "2f2f0cc1-587a-4dad-a3f0-83c0bac697ec",
                                                "name": "SYLHET"
                                            }
                                        },
                                        {
                                            "name": "NABIGANJ",
                                            "id": "753f6651-0ca3-4a21-8edc-9a33086ba51e",
                                            "state": {
                                                "id": "2f2f0cc1-587a-4dad-a3f0-83c0bac697ec",
                                                "name": "SYLHET"
                                            }
                                        }
                                    ]
                                },
                                {
                                    "id": "aec90468-bdf5-4909-9603-7fb165dd34b0",
                                    "name": "BANDARBAN",
                                    "upazilas": [
                                        {
                                            "name": "BANDARBAN_SADAR",
                                            "id": "29593331-9a0e-411b-b8dc-a3d3d92eb941",
                                            "state": {
                                                "id": "d4e8944a-6e8f-4d6e-a313-2228cfe9a567",
                                                "name": "CHITTAGONG"
                                            }
                                        },
                                        {
                                            "name": "LAMA",
                                            "id": "2e0b2174-f8fd-4253-8c0a-70683d748a3f",
                                            "state": {
                                                "id": "d4e8944a-6e8f-4d6e-a313-2228cfe9a567",
                                                "name": "CHITTAGONG"
                                            }
                                        },
                                        {
                                            "name": "ALI KADAM",
                                            "id": "9fde9ce1-993f-4259-91e7-3b98a24e8761",
                                            "state": {
                                                "id": "d4e8944a-6e8f-4d6e-a313-2228cfe9a567",
                                                "name": "CHITTAGONG"
                                            }
                                        },
                                        {
                                            "name": "ROWANGCHHARI",
                                            "id": "276ee236-ded6-41ca-8e0a-f78e67d2b3da",
                                            "state": {
                                                "id": "d4e8944a-6e8f-4d6e-a313-2228cfe9a567",
                                                "name": "CHITTAGONG"
                                            }
                                        },
                                        {
                                            "name": "THANCHI",
                                            "id": "03e46154-e64f-46e4-a1ec-e85ddf107787",
                                            "state": {
                                                "id": "d4e8944a-6e8f-4d6e-a313-2228cfe9a567",
                                                "name": "CHITTAGONG"
                                            }
                                        },
                                        {
                                            "name": "RUMA",
                                            "id": "1151bfe0-da1f-4b1f-b114-4bf1d90d22cc",
                                            "state": {
                                                "id": "d4e8944a-6e8f-4d6e-a313-2228cfe9a567",
                                                "name": "CHITTAGONG"
                                            }
                                        },
                                        {
                                            "name": "NAIKHONGCHHARI",
                                            "id": "6a91aef8-e8f4-4a6d-ba56-d0c2dc7c1825",
                                            "state": {
                                                "id": "d4e8944a-6e8f-4d6e-a313-2228cfe9a567",
                                                "name": "CHITTAGONG"
                                            }
                                        }
                                    ]
                                },
                                {
                                    "id": "c73a2eed-dabd-4afe-8697-b61c7660367c",
                                    "name": "SYLHET",
                                    "upazilas": [
                                        {
                                            "name": "COMPANIGANJ",
                                            "id": "31e28b0b-7ebc-421d-b4ba-639b9ca7cb53",
                                            "state": {
                                                "id": "2f2f0cc1-587a-4dad-a3f0-83c0bac697ec",
                                                "name": "SYLHET"
                                            }
                                        },
                                        {
                                            "name": "SYLHET_SADAR",
                                            "id": "a34f0b38-18e8-4262-86b2-1651bb537760",
                                            "state": {
                                                "id": "2f2f0cc1-587a-4dad-a3f0-83c0bac697ec",
                                                "name": "SYLHET"
                                            }
                                        },
                                        {
                                            "name": "BISHWANATH",
                                            "id": "d6ba0515-8d7b-4bfb-98c2-106a38549130",
                                            "state": {
                                                "id": "2f2f0cc1-587a-4dad-a3f0-83c0bac697ec",
                                                "name": "SYLHET"
                                            }
                                        },
                                        {
                                            "name": "KANAIGHAT",
                                            "id": "e031ef05-3d43-4ad6-b6f1-b773fbb9096d",
                                            "state": {
                                                "id": "2f2f0cc1-587a-4dad-a3f0-83c0bac697ec",
                                                "name": "SYLHET"
                                            }
                                        },
                                        {
                                            "name": "GOLAPGANJ",
                                            "id": "210156d5-afd9-4bd0-a11a-b9a4c5cbbdbc",
                                            "state": {
                                                "id": "2f2f0cc1-587a-4dad-a3f0-83c0bac697ec",
                                                "name": "SYLHET"
                                            }
                                        },
                                        {
                                            "name": "GOWAINGHAT",
                                            "id": "2dd4daf8-43b6-482d-a890-2bb2a70e8991",
                                            "state": {
                                                "id": "2f2f0cc1-587a-4dad-a3f0-83c0bac697ec",
                                                "name": "SYLHET"
                                            }
                                        },
                                        {
                                            "name": "ZAKIGANJ",
                                            "id": "30f4b678-fdec-482d-8f8a-e26c346f26ad",
                                            "state": {
                                                "id": "2f2f0cc1-587a-4dad-a3f0-83c0bac697ec",
                                                "name": "SYLHET"
                                            }
                                        },
                                        {
                                            "name": "JAINTIAPUR",
                                            "id": "8f86c696-7e8e-44a4-91cf-6561dd174a18",
                                            "state": {
                                                "id": "2f2f0cc1-587a-4dad-a3f0-83c0bac697ec",
                                                "name": "SYLHET"
                                            }
                                        },
                                        {
                                            "name": "DAKSHIN SURMA",
                                            "id": "ff180545-ebf0-481f-827b-2fa7cd6ee10b",
                                            "state": {
                                                "id": "2f2f0cc1-587a-4dad-a3f0-83c0bac697ec",
                                                "name": "SYLHET"
                                            }
                                        },
                                        {
                                            "name": "FENCHUGANJ",
                                            "id": "adaf36ec-689f-4591-b29c-8677a4e45f9e",
                                            "state": {
                                                "id": "2f2f0cc1-587a-4dad-a3f0-83c0bac697ec",
                                                "name": "SYLHET"
                                            }
                                        },
                                        {
                                            "name": "NOBIGONJ",
                                            "id": "c04977f2-7416-40cf-9c90-d828a9e789d5",
                                            "state": {
                                                "id": "2f2f0cc1-587a-4dad-a3f0-83c0bac697ec",
                                                "name": "SYLHET"
                                            }
                                        },
                                        {
                                            "name": "BEANIBAZAR",
                                            "id": "e5334066-cdb3-4529-a7a7-6cc3a6160265",
                                            "state": {
                                                "id": "2f2f0cc1-587a-4dad-a3f0-83c0bac697ec",
                                                "name": "SYLHET"
                                            }
                                        },
                                        {
                                            "name": "BALAGANJ",
                                            "id": "d92a9983-9313-470e-80da-9f025ed17212",
                                            "state": {
                                                "id": "2f2f0cc1-587a-4dad-a3f0-83c0bac697ec",
                                                "name": "SYLHET"
                                            }
                                        }
                                    ]
                                },
                                {
                                    "id": "86d79ef2-dc45-4d2d-8e54-fad70c79b647",
                                    "name": "PIROJPUR",
                                    "upazilas": [
                                        {
                                            "name": "NAZIRPUR",
                                            "id": "d7844a35-f652-4b30-925b-194f2396958d",
                                            "state": {
                                                "id": "5cbbb439-96e7-4f60-bf2f-abddd0d03e7e",
                                                "name": "BARISAL"
                                            }
                                        },
                                        {
                                            "name": "MATHBARIA",
                                            "id": "8e328e74-3026-4e46-8e67-fc37ce651dfe",
                                            "state": {
                                                "id": "5cbbb439-96e7-4f60-bf2f-abddd0d03e7e",
                                                "name": "BARISAL"
                                            }
                                        },
                                        {
                                            "name": "BHANDARIA",
                                            "id": "6c758ead-5526-424d-9228-1fc826c3c76e",
                                            "state": {
                                                "id": "5cbbb439-96e7-4f60-bf2f-abddd0d03e7e",
                                                "name": "BARISAL"
                                            }
                                        },
                                        {
                                            "name": "ZIANAGAR",
                                            "id": "316d4e46-74dc-458f-8750-e3643592b032",
                                            "state": {
                                                "id": "5cbbb439-96e7-4f60-bf2f-abddd0d03e7e",
                                                "name": "BARISAL"
                                            }
                                        },
                                        {
                                            "name": "PIROJPUR_SADAR",
                                            "id": "c98de406-4053-41d1-b72e-479d07b91a94",
                                            "state": {
                                                "id": "5cbbb439-96e7-4f60-bf2f-abddd0d03e7e",
                                                "name": "BARISAL"
                                            }
                                        },
                                        {
                                            "name": "NESARABAD",
                                            "id": "7dca70fe-76a9-4517-96bd-961f4a82c401",
                                            "state": {
                                                "id": "5cbbb439-96e7-4f60-bf2f-abddd0d03e7e",
                                                "name": "BARISAL"
                                            }
                                        }
                                    ]
                                },
                                {
                                    "id": "faeca4b5-c49e-4522-9d6b-b1f1786d3fe4",
                                    "name": "MEHERPUR",
                                    "upazilas": [
                                        {
                                            "name": "ANGNI",
                                            "id": "8dc5d275-9329-47d9-af59-fcad6d54bf3b",
                                            "state": {
                                                "id": "642a6748-942f-473d-96c6-a6c1b2e00e05",
                                                "name": "KHULNA"
                                            }
                                        },
                                        {
                                            "name": "MEHERPUR-S",
                                            "id": "90ee1389-ade9-47fd-b25b-0210a778cbb7",
                                            "state": {
                                                "id": "642a6748-942f-473d-96c6-a6c1b2e00e05",
                                                "name": "KHULNA"
                                            }
                                        },
                                        {
                                            "name": "MUJIB NAGAR",
                                            "id": "5d4ba578-bd32-4c79-9211-573b9174c19c",
                                            "state": {
                                                "id": "642a6748-942f-473d-96c6-a6c1b2e00e05",
                                                "name": "KHULNA"
                                            }
                                        }
                                    ]
                                },
                                {
                                    "id": "c9ee4e88-6a9e-4dca-a376-e34b12b08a7c",
                                    "name": "MAULVIBAZAR",
                                    "upazilas": [
                                        {
                                            "name": "RAJNAGAR",
                                            "id": "7d51ce73-16fe-47cf-ba03-0c064ccc14f0",
                                            "state": {
                                                "id": "2f2f0cc1-587a-4dad-a3f0-83c0bac697ec",
                                                "name": "SYLHET"
                                            }
                                        },
                                        {
                                            "name": "BARLEKHA",
                                            "id": "4787d06c-b9e4-43b1-80ef-21623028b031",
                                            "state": {
                                                "id": "2f2f0cc1-587a-4dad-a3f0-83c0bac697ec",
                                                "name": "SYLHET"
                                            }
                                        },
                                        {
                                            "name": "KULAURA",
                                            "id": "bd871dd2-4f8d-4c28-8d67-775939289225",
                                            "state": {
                                                "id": "2f2f0cc1-587a-4dad-a3f0-83c0bac697ec",
                                                "name": "SYLHET"
                                            }
                                        },
                                        {
                                            "name": "JURI",
                                            "id": "77753183-cece-4b78-85f7-fbb30b55cda4",
                                            "state": {
                                                "id": "2f2f0cc1-587a-4dad-a3f0-83c0bac697ec",
                                                "name": "SYLHET"
                                            }
                                        },
                                        {
                                            "name": "SREEMANGAL",
                                            "id": "8ee98bba-fc39-4bb2-9d83-e357a620b424",
                                            "state": {
                                                "id": "2f2f0cc1-587a-4dad-a3f0-83c0bac697ec",
                                                "name": "SYLHET"
                                            }
                                        },
                                        {
                                            "name": "KAMALGANJ",
                                            "id": "11e746ba-02ec-4142-9177-6740d9a5c6f9",
                                            "state": {
                                                "id": "2f2f0cc1-587a-4dad-a3f0-83c0bac697ec",
                                                "name": "SYLHET"
                                            }
                                        },
                                        {
                                            "name": "MOULVIBAZAR_SADAR",
                                            "id": "fb364596-f586-4335-9ab7-c7ab0104689f",
                                            "state": {
                                                "id": "2f2f0cc1-587a-4dad-a3f0-83c0bac697ec",
                                                "name": "SYLHET"
                                            }
                                        }
                                    ]
                                },
                                {
                                    "id": "1319d89d-5fb0-41b9-bdb5-05339617a6fa",
                                    "name": "SHERPUR",
                                    "upazilas": [
                                        {
                                            "name": "NAKLA",
                                            "id": "864fc566-3981-4a3a-b47a-bb549d6697f4",
                                            "state": {
                                                "id": "f6395340-53b2-4824-8252-ef3a164b8446",
                                                "name": "MAYMENSINGH"
                                            }
                                        },
                                        {
                                            "name": "JHENAIGATI",
                                            "id": "880b10a0-05da-46be-bf3e-354aac03cab7",
                                            "state": {
                                                "id": "f6395340-53b2-4824-8252-ef3a164b8446",
                                                "name": "MAYMENSINGH"
                                            }
                                        },
                                        {
                                            "name": "SREEBARDI",
                                            "id": "9f257f25-c5d3-471b-8364-62ce7eb59dfc",
                                            "state": {
                                                "id": "f6395340-53b2-4824-8252-ef3a164b8446",
                                                "name": "MAYMENSINGH"
                                            }
                                        },
                                        {
                                            "name": "SHERPUR_SADAR",
                                            "id": "cd07db73-b66e-456a-825f-81fc08cf337a",
                                            "state": {
                                                "id": "f6395340-53b2-4824-8252-ef3a164b8446",
                                                "name": "MAYMENSINGH"
                                            }
                                        },
                                        {
                                            "name": "NALITABARI",
                                            "id": "37c7e577-eeb5-4df5-877f-7ccee900a891",
                                            "state": {
                                                "id": "f6395340-53b2-4824-8252-ef3a164b8446",
                                                "name": "MAYMENSINGH"
                                            }
                                        }
                                    ]
                                },
                                {
                                    "id": "f9c3c547-adb4-4e53-a2a8-70bd5b31e3d7",
                                    "name": "FARIDPUR",
                                    "upazilas": [
                                        {
                                            "name": "CHARBHADRASAN",
                                            "id": "babc9507-275e-4611-ba34-4a080f4d42a8",
                                            "state": {
                                                "id": "9c75a95b-9f42-4ca9-a152-78c492590a6f",
                                                "name": "DHAKA"
                                            }
                                        },
                                        {
                                            "name": "FARIDPUR_SADAR",
                                            "id": "5f3eccfd-b863-4ccf-8c18-ad32f99e2859",
                                            "state": {
                                                "id": "9c75a95b-9f42-4ca9-a152-78c492590a6f",
                                                "name": "DHAKA"
                                            }
                                        },
                                        {
                                            "name": "ALFADANGA",
                                            "id": "259fd208-67c5-42b8-b98a-aa4a39290da5",
                                            "state": {
                                                "id": "9c75a95b-9f42-4ca9-a152-78c492590a6f",
                                                "name": "DHAKA"
                                            }
                                        },
                                        {
                                            "name": "Faridpur Sadar",
                                            "id": "99ac95fe-a484-448c-b9d8-5c9200b273e3",
                                            "state": {
                                                "id": "9c75a95b-9f42-4ca9-a152-78c492590a6f",
                                                "name": "DHAKA"
                                            }
                                        },
                                        {
                                            "name": "SADARPUR",
                                            "id": "f518eb87-fa45-438b-ac13-2415f3faea91",
                                            "state": {
                                                "id": "9c75a95b-9f42-4ca9-a152-78c492590a6f",
                                                "name": "DHAKA"
                                            }
                                        },
                                        {
                                            "name": "BHANGA",
                                            "id": "ed2d07c1-11c0-4f41-b499-fde54429851f",
                                            "state": {
                                                "id": "9c75a95b-9f42-4ca9-a152-78c492590a6f",
                                                "name": "DHAKA"
                                            }
                                        },
                                        {
                                            "name": "MADHUKHALI",
                                            "id": "6b341b59-641e-4db0-8dc0-2ce74ae664e9",
                                            "state": {
                                                "id": "9c75a95b-9f42-4ca9-a152-78c492590a6f",
                                                "name": "DHAKA"
                                            }
                                        },
                                        {
                                            "name": "NAGARKANDA",
                                            "id": "4d6dd97f-3b4c-4d48-8502-2f6e2c7c9274",
                                            "state": {
                                                "id": "9c75a95b-9f42-4ca9-a152-78c492590a6f",
                                                "name": "DHAKA"
                                            }
                                        },
                                        {
                                            "name": "BOALMARI",
                                            "id": "953e90ab-0015-4e6e-aa42-3d139c026a5d",
                                            "state": {
                                                "id": "9c75a95b-9f42-4ca9-a152-78c492590a6f",
                                                "name": "DHAKA"
                                            }
                                        },
                                        {
                                            "name": "SHALTHA",
                                            "id": "b67e6c94-f523-4359-a2a8-335a8d8dd43c",
                                            "state": {
                                                "id": "9c75a95b-9f42-4ca9-a152-78c492590a6f",
                                                "name": "DHAKA"
                                            }
                                        }
                                    ]
                                },
                                {
                                    "id": "8fdce543-067c-4c21-8ed2-f19c3fdf215b",
                                    "name": "NILPHAMARI",
                                    "upazilas": [
                                        {
                                            "name": "NILPHAMARI_SADAR",
                                            "id": "23cf2816-4cb3-4159-bb93-52a3fd781c00",
                                            "state": {
                                                "id": "b8c19906-b4fc-4745-ac93-af957934136b",
                                                "name": "RANGPUR"
                                            }
                                        },
                                        {
                                            "name": "JALDHAKA",
                                            "id": "623722ab-fa63-40cb-87d2-30f7b9f0b66b",
                                            "state": {
                                                "id": "b8c19906-b4fc-4745-ac93-af957934136b",
                                                "name": "RANGPUR"
                                            }
                                        },
                                        {
                                            "name": "DOMAR",
                                            "id": "a776cc51-7370-493a-a772-ccd1b0b20855",
                                            "state": {
                                                "id": "b8c19906-b4fc-4745-ac93-af957934136b",
                                                "name": "RANGPUR"
                                            }
                                        },
                                        {
                                            "name": "KISHOREGANJ",
                                            "id": "1deadcdb-a5f3-475b-95be-108a1046f978",
                                            "state": {
                                                "id": "b8c19906-b4fc-4745-ac93-af957934136b",
                                                "name": "RANGPUR"
                                            }
                                        },
                                        {
                                            "name": "SAIDPUR",
                                            "id": "a232edd2-b19a-4344-8c76-4ebd7090457a",
                                            "state": {
                                                "id": "b8c19906-b4fc-4745-ac93-af957934136b",
                                                "name": "RANGPUR"
                                            }
                                        },
                                        {
                                            "name": "DIMLA",
                                            "id": "1c92cece-1653-45ac-a086-24e8d852b562",
                                            "state": {
                                                "id": "b8c19906-b4fc-4745-ac93-af957934136b",
                                                "name": "RANGPUR"
                                            }
                                        }
                                    ]
                                },
                                {
                                    "id": "739583dc-519d-49b0-9582-d798a027ca79",
                                    "name": "COX'S BAZAR",
                                    "upazilas": [
                                        {
                                            "name": "COXS BAZAR SADAR",
                                            "id": "38c08333-395d-4aa8-86c0-8caea9a52c76",
                                            "state": {
                                                "id": "d4e8944a-6e8f-4d6e-a313-2228cfe9a567",
                                                "name": "CHITTAGONG"
                                            }
                                        },
                                        {
                                            "name": "TEKNAF",
                                            "id": "d41283c5-bca6-405f-8acf-e68e68e73308",
                                            "state": {
                                                "id": "d4e8944a-6e8f-4d6e-a313-2228cfe9a567",
                                                "name": "CHITTAGONG"
                                            }
                                        },
                                        {
                                            "name": "CHAKARIA",
                                            "id": "7a82b092-c530-4b72-985a-6e7c61a4f69f",
                                            "state": {
                                                "id": "d4e8944a-6e8f-4d6e-a313-2228cfe9a567",
                                                "name": "CHITTAGONG"
                                            }
                                        },
                                        {
                                            "name": "RAMU",
                                            "id": "529c05f5-dbc9-4442-9600-6debc27754d3",
                                            "state": {
                                                "id": "d4e8944a-6e8f-4d6e-a313-2228cfe9a567",
                                                "name": "CHITTAGONG"
                                            }
                                        },
                                        {
                                            "name": "EIDGAON",
                                            "id": "56f91627-c045-4618-b933-805104e9ed1f",
                                            "state": {
                                                "id": "d4e8944a-6e8f-4d6e-a313-2228cfe9a567",
                                                "name": "CHITTAGONG"
                                            }
                                        },
                                        {
                                            "name": "UKHIA",
                                            "id": "66dc64de-4a0b-4c4a-a6c8-80b63c9a3c75",
                                            "state": {
                                                "id": "d4e8944a-6e8f-4d6e-a313-2228cfe9a567",
                                                "name": "CHITTAGONG"
                                            }
                                        },
                                        {
                                            "name": "PEKUA",
                                            "id": "d01cb26d-4cfe-4017-a7c2-e9fdc0d8e2df",
                                            "state": {
                                                "id": "d4e8944a-6e8f-4d6e-a313-2228cfe9a567",
                                                "name": "CHITTAGONG"
                                            }
                                        },
                                        {
                                            "name": "MAHESHKHALI",
                                            "id": "c2ebc5a8-aaf2-4b98-a059-8beb05b34bdd",
                                            "state": {
                                                "id": "d4e8944a-6e8f-4d6e-a313-2228cfe9a567",
                                                "name": "CHITTAGONG"
                                            }
                                        },
                                        {
                                            "name": "KUTUBDIA",
                                            "id": "8f731bf7-fbb2-4b70-9e47-6d3d0d415d5d",
                                            "state": {
                                                "id": "d4e8944a-6e8f-4d6e-a313-2228cfe9a567",
                                                "name": "CHITTAGONG"
                                            }
                                        }
                                    ]
                                },
                                {
                                    "id": "2e26f8c1-97a7-44fc-9090-22af4de4ac9e",
                                    "name": "DHAKA",
                                    "upazilas": [
                                        {
                                            "name": "KERANIGANJ",
                                            "id": "37fa6ec5-6a13-4a35-b5c6-674b507edc01",
                                            "state": {
                                                "id": "9c75a95b-9f42-4ca9-a152-78c492590a6f",
                                                "name": "DHAKA"
                                            }
                                        },
                                        {
                                            "name": "DHAMRAI",
                                            "id": "9f2f6c8f-663f-4416-a1a7-1c59abb3852a",
                                            "state": {
                                                "id": "9c75a95b-9f42-4ca9-a152-78c492590a6f",
                                                "name": "DHAKA"
                                            }
                                        },
                                        {
                                            "name": "SAVAR",
                                            "id": "1a6db9e6-f058-4a33-a404-f7825a11a530",
                                            "state": {
                                                "id": "9c75a95b-9f42-4ca9-a152-78c492590a6f",
                                                "name": "DHAKA"
                                            }
                                        },
                                        {
                                            "name": "DOHAR",
                                            "id": "eaad1c5c-5972-4dd5-a18c-734fbadb8864",
                                            "state": {
                                                "id": "9c75a95b-9f42-4ca9-a152-78c492590a6f",
                                                "name": "DHAKA"
                                            }
                                        }
                                    ]
                                },
                                {
                                    "id": "f25de2cd-5ed8-44a8-9ae0-7d65c232f423",
                                    "name": "JAMALPUR",
                                    "upazilas": [
                                        {
                                            "name": "MELANDAHA",
                                            "id": "e5a81703-97d0-479b-a4fd-22a3a602697f",
                                            "state": {
                                                "id": "f6395340-53b2-4824-8252-ef3a164b8446",
                                                "name": "MAYMENSINGH"
                                            }
                                        },
                                        {
                                            "name": "NARUNDI POLICE I.C",
                                            "id": "c7710b29-c844-4892-9108-d73148cda29c",
                                            "state": {
                                                "id": "f6395340-53b2-4824-8252-ef3a164b8446",
                                                "name": "MAYMENSINGH"
                                            }
                                        },
                                        {
                                            "name": "ISLAMPUR",
                                            "id": "aedbc063-13ca-4e20-8357-eb22e8936000",
                                            "state": {
                                                "id": "f6395340-53b2-4824-8252-ef3a164b8446",
                                                "name": "MAYMENSINGH"
                                            }
                                        },
                                        {
                                            "name": "DEWANGANJ",
                                            "id": "1cc6d50f-87e6-4dd4-8a6e-9490a827621b",
                                            "state": {
                                                "id": "f6395340-53b2-4824-8252-ef3a164b8446",
                                                "name": "MAYMENSINGH"
                                            }
                                        },
                                        {
                                            "name": "JAMALPUR_SADAR",
                                            "id": "084e0df5-fe78-46ce-a473-939b9333bf40",
                                            "state": {
                                                "id": "f6395340-53b2-4824-8252-ef3a164b8446",
                                                "name": "MAYMENSINGH"
                                            }
                                        },
                                        {
                                            "name": "MADARGANJ",
                                            "id": "4782f9bd-aede-453f-8c96-7e2e10e8255b",
                                            "state": {
                                                "id": "f6395340-53b2-4824-8252-ef3a164b8446",
                                                "name": "MAYMENSINGH"
                                            }
                                        },
                                        {
                                            "name": "BAKSIGANJ",
                                            "id": "209bc080-4acc-4ac4-a88c-0ebc92355a2c",
                                            "state": {
                                                "id": "f6395340-53b2-4824-8252-ef3a164b8446",
                                                "name": "MAYMENSINGH"
                                            }
                                        },
                                        {
                                            "name": "SARISHABARI",
                                            "id": "c9d83f61-fe43-402a-9e0b-7f4df5cbe0e2",
                                            "state": {
                                                "id": "f6395340-53b2-4824-8252-ef3a164b8446",
                                                "name": "MAYMENSINGH"
                                            }
                                        }
                                    ]
                                },
                                {
                                    "id": "468da8cf-58f1-426f-ae73-d9554f7f71f6",
                                    "name": "NOAKHALI",
                                    "upazilas": [
                                        {
                                            "name": "COMPANYGANJ",
                                            "id": "87c2d2fe-377e-4bb3-aa56-93c5eb46ce99",
                                            "state": {
                                                "id": "d4e8944a-6e8f-4d6e-a313-2228cfe9a567",
                                                "name": "CHITTAGONG"
                                            }
                                        },
                                        {
                                            "name": "KOBIRHAT",
                                            "id": "edd18fb6-2dba-492a-bc59-f118923cfb9d",
                                            "state": {
                                                "id": "d4e8944a-6e8f-4d6e-a313-2228cfe9a567",
                                                "name": "CHITTAGONG"
                                            }
                                        },
                                        {
                                            "name": "BEGUMGANJ",
                                            "id": "fa8e1bdd-241d-484c-b5d8-82d5ee981528",
                                            "state": {
                                                "id": "d4e8944a-6e8f-4d6e-a313-2228cfe9a567",
                                                "name": "CHITTAGONG"
                                            }
                                        },
                                        {
                                            "name": "SUBORNO CHAR",
                                            "id": "e4fdab05-6c34-4af4-9a3c-9dd46abf24b1",
                                            "state": {
                                                "id": "d4e8944a-6e8f-4d6e-a313-2228cfe9a567",
                                                "name": "CHITTAGONG"
                                            }
                                        },
                                        {
                                            "name": "HATIA",
                                            "id": "8a144eff-edd1-4e0f-a6a8-70e1d8a19393",
                                            "state": {
                                                "id": "d4e8944a-6e8f-4d6e-a313-2228cfe9a567",
                                                "name": "CHITTAGONG"
                                            }
                                        },
                                        {
                                            "name": "SONAIMURI",
                                            "id": "ac50ed77-f382-46a1-a3d0-f0ad7d4788ac",
                                            "state": {
                                                "id": "d4e8944a-6e8f-4d6e-a313-2228cfe9a567",
                                                "name": "CHITTAGONG"
                                            }
                                        },
                                        {
                                            "name": "SHENBAG",
                                            "id": "e8164a0d-375a-4012-a790-694387014d4b",
                                            "state": {
                                                "id": "d4e8944a-6e8f-4d6e-a313-2228cfe9a567",
                                                "name": "CHITTAGONG"
                                            }
                                        },
                                        {
                                            "name": "CHATKHIL",
                                            "id": "59588ff2-33b7-4cd3-8e7e-fb302e9220c9",
                                            "state": {
                                                "id": "d4e8944a-6e8f-4d6e-a313-2228cfe9a567",
                                                "name": "CHITTAGONG"
                                            }
                                        },
                                        {
                                            "name": "NOAKHALI_SADAR",
                                            "id": "cb154cac-8111-4360-950e-daf4c472cbdf",
                                            "state": {
                                                "id": "d4e8944a-6e8f-4d6e-a313-2228cfe9a567",
                                                "name": "CHITTAGONG"
                                            }
                                        }
                                    ]
                                },
                                {
                                    "id": "54d0ae5a-d1d3-4212-a0df-9af09ff11378",
                                    "name": "CHATTOGRAM",
                                    "upazilas": [
                                        {
                                            "name": "BANSHKHALI",
                                            "id": "5ddabeca-76c8-4c6a-83e2-0c9cc8ad08d8",
                                            "state": {
                                                "id": "d4e8944a-6e8f-4d6e-a313-2228cfe9a567",
                                                "name": "CHITTAGONG"
                                            }
                                        },
                                        {
                                            "name": "FATIKCHHARI",
                                            "id": "711efd46-765f-4eda-a5a6-6199af270f52",
                                            "state": {
                                                "id": "d4e8944a-6e8f-4d6e-a313-2228cfe9a567",
                                                "name": "CHITTAGONG"
                                            }
                                        },
                                        {
                                            "name": "CHANDANAISH",
                                            "id": "f4bda4c9-417b-4cb2-8cdf-e79e95eede46",
                                            "state": {
                                                "id": "d4e8944a-6e8f-4d6e-a313-2228cfe9a567",
                                                "name": "CHITTAGONG"
                                            }
                                        },
                                        {
                                            "name": "SATKANIA",
                                            "id": "e6761574-7af1-405b-ab56-a967edf628f9",
                                            "state": {
                                                "id": "d4e8944a-6e8f-4d6e-a313-2228cfe9a567",
                                                "name": "CHITTAGONG"
                                            }
                                        },
                                        {
                                            "name": "SANDWIP",
                                            "id": "fa949a73-22a2-461a-b287-aac4effba9c6",
                                            "state": {
                                                "id": "d4e8944a-6e8f-4d6e-a313-2228cfe9a567",
                                                "name": "CHITTAGONG"
                                            }
                                        },
                                        {
                                            "name": "PATIYA",
                                            "id": "e6b414c2-9a47-4f78-bab7-c8c3859e24e1",
                                            "state": {
                                                "id": "d4e8944a-6e8f-4d6e-a313-2228cfe9a567",
                                                "name": "CHITTAGONG"
                                            }
                                        },
                                        {
                                            "name": "LOHAGARA",
                                            "id": "e78211f4-9d77-4e85-82e3-ec7fb12b64ce",
                                            "state": {
                                                "id": "d4e8944a-6e8f-4d6e-a313-2228cfe9a567",
                                                "name": "CHITTAGONG"
                                            }
                                        },
                                        {
                                            "name": "BOALKHALI",
                                            "id": "c414a0ec-ffab-45ea-bb72-bb1890086b90",
                                            "state": {
                                                "id": "d4e8944a-6e8f-4d6e-a313-2228cfe9a567",
                                                "name": "CHITTAGONG"
                                            }
                                        },
                                        {
                                            "name": "ANWARA",
                                            "id": "a0723800-077f-437f-9d36-9f745cb0b31e",
                                            "state": {
                                                "id": "d4e8944a-6e8f-4d6e-a313-2228cfe9a567",
                                                "name": "CHITTAGONG"
                                            }
                                        },
                                        {
                                            "name": "RAOZAN",
                                            "id": "95fb0054-aa7f-400c-b645-f0d90cb2a833",
                                            "state": {
                                                "id": "d4e8944a-6e8f-4d6e-a313-2228cfe9a567",
                                                "name": "CHITTAGONG"
                                            }
                                        },
                                        {
                                            "name": "MIRSHARAI",
                                            "id": "fe518ddf-6a83-4694-a2a6-ddeec0b93c18",
                                            "state": {
                                                "id": "d4e8944a-6e8f-4d6e-a313-2228cfe9a567",
                                                "name": "CHITTAGONG"
                                            }
                                        },
                                        {
                                            "name": "RANGUNIA",
                                            "id": "9c3e5edc-e95e-4671-89d4-974e7a31342e",
                                            "state": {
                                                "id": "d4e8944a-6e8f-4d6e-a313-2228cfe9a567",
                                                "name": "CHITTAGONG"
                                            }
                                        },
                                        {
                                            "name": "HATHAZARI",
                                            "id": "bda87d19-77d0-4c25-bca1-a911f4331afd",
                                            "state": {
                                                "id": "d4e8944a-6e8f-4d6e-a313-2228cfe9a567",
                                                "name": "CHITTAGONG"
                                            }
                                        },
                                        {
                                            "name": "SITAKUNDA",
                                            "id": "6fae4e24-7c93-493f-91f0-5fa877a326f4",
                                            "state": {
                                                "id": "d4e8944a-6e8f-4d6e-a313-2228cfe9a567",
                                                "name": "CHITTAGONG"
                                            }
                                        }
                                    ]
                                },
                                {
                                    "id": "66a27ec2-f335-413d-b228-4a4df8fa4eea",
                                    "name": "BHOLA",
                                    "upazilas": [
                                        {
                                            "name": "BHOLA_SADAR",
                                            "id": "3cbaa092-c96b-4845-a314-b9cdc02d61fd",
                                            "state": {
                                                "id": "5cbbb439-96e7-4f60-bf2f-abddd0d03e7e",
                                                "name": "BARISAL"
                                            }
                                        },
                                        {
                                            "name": "MANPURA",
                                            "id": "3220264c-e0d8-41c3-9b69-55cdd4aea21e",
                                            "state": {
                                                "id": "5cbbb439-96e7-4f60-bf2f-abddd0d03e7e",
                                                "name": "BARISAL"
                                            }
                                        },
                                        {
                                            "name": "BURHANUDDIN",
                                            "id": "692e6a01-748c-4451-8d67-e0f404c69572",
                                            "state": {
                                                "id": "5cbbb439-96e7-4f60-bf2f-abddd0d03e7e",
                                                "name": "BARISAL"
                                            }
                                        },
                                        {
                                            "name": "CHAR FASSON",
                                            "id": "9f23a216-4a71-48ef-8c7e-e20f01a67e4a",
                                            "state": {
                                                "id": "5cbbb439-96e7-4f60-bf2f-abddd0d03e7e",
                                                "name": "BARISAL"
                                            }
                                        },
                                        {
                                            "name": "DAULATKHAN",
                                            "id": "16ea4a9e-60b8-4eed-a011-d3d52d5a646d",
                                            "state": {
                                                "id": "5cbbb439-96e7-4f60-bf2f-abddd0d03e7e",
                                                "name": "BARISAL"
                                            }
                                        },
                                        {
                                            "name": "LALMOHAN",
                                            "id": "634c328d-d819-4c09-a1b4-ebe643071f5e",
                                            "state": {
                                                "id": "5cbbb439-96e7-4f60-bf2f-abddd0d03e7e",
                                                "name": "BARISAL"
                                            }
                                        },
                                        {
                                            "name": "TAZUMUDDIN",
                                            "id": "303c6383-711c-4c09-ba87-f261320d697e",
                                            "state": {
                                                "id": "5cbbb439-96e7-4f60-bf2f-abddd0d03e7e",
                                                "name": "BARISAL"
                                            }
                                        }
                                    ]
                                },
                                {
                                    "id": "00358d0a-f4c2-4374-908b-b37dac235fc0",
                                    "name": "JHENAIDAH",
                                    "upazilas": [
                                        {
                                            "name": "JHENAIDAH_SADAR",
                                            "id": "b730ac9a-c96e-4e9c-8583-dda0a4b61f9b",
                                            "state": {
                                                "id": "642a6748-942f-473d-96c6-a6c1b2e00e05",
                                                "name": "KHULNA"
                                            }
                                        },
                                        {
                                            "name": "SHAILKUPA",
                                            "id": "9216f983-c056-40f1-a143-463a2e4a2e84",
                                            "state": {
                                                "id": "642a6748-942f-473d-96c6-a6c1b2e00e05",
                                                "name": "KHULNA"
                                            }
                                        },
                                        {
                                            "name": "KOTCHANDPUR",
                                            "id": "7d743b39-a4ef-499b-b1eb-ccc7c9c1df81",
                                            "state": {
                                                "id": "642a6748-942f-473d-96c6-a6c1b2e00e05",
                                                "name": "KHULNA"
                                            }
                                        },
                                        {
                                            "name": "MAHESHPUR",
                                            "id": "9f3f6256-e1a0-457a-bf19-21fd5ccf253f",
                                            "state": {
                                                "id": "642a6748-942f-473d-96c6-a6c1b2e00e05",
                                                "name": "KHULNA"
                                            }
                                        },
                                        {
                                            "name": "HARINAKUNDA",
                                            "id": "8e2f9be1-24a7-48f6-9772-60c671fd5b2e",
                                            "state": {
                                                "id": "642a6748-942f-473d-96c6-a6c1b2e00e05",
                                                "name": "KHULNA"
                                            }
                                        }
                                    ]
                                },
                                {
                                    "id": "7a79fbbb-0414-4c68-ba03-a7d86e0f77ce",
                                    "name": "PABNA",
                                    "upazilas": [
                                        {
                                            "name": "BERA",
                                            "id": "9e859765-d526-4191-bab6-bf8d5a17317b",
                                            "state": {
                                                "id": "d68c68d2-108e-4635-93d1-28c44525f178",
                                                "name": "RAJSHAHI"
                                            }
                                        },
                                        {
                                            "name": "SUJANAGAR",
                                            "id": "a1b3c50a-d7af-4d16-a72d-4bdb5d0647b4",
                                            "state": {
                                                "id": "d68c68d2-108e-4635-93d1-28c44525f178",
                                                "name": "RAJSHAHI"
                                            }
                                        },
                                        {
                                            "name": "ATGHARIA",
                                            "id": "1faaac6e-d6b6-4852-9538-5c85438e47a5",
                                            "state": {
                                                "id": "d68c68d2-108e-4635-93d1-28c44525f178",
                                                "name": "RAJSHAHI"
                                            }
                                        },
                                        {
                                            "name": "SANTHIA",
                                            "id": "89ee778e-f765-4f8b-96d2-e00a6948199f",
                                            "state": {
                                                "id": "d68c68d2-108e-4635-93d1-28c44525f178",
                                                "name": "RAJSHAHI"
                                            }
                                        },
                                        {
                                            "name": "FARIDPUR",
                                            "id": "f9e13f42-2b4c-4af1-ae0b-186ee9fed178",
                                            "state": {
                                                "id": "d68c68d2-108e-4635-93d1-28c44525f178",
                                                "name": "RAJSHAHI"
                                            }
                                        },
                                        {
                                            "name": "BHANGURA",
                                            "id": "ce5f60e3-36ca-47e2-ac30-fea8af549985",
                                            "state": {
                                                "id": "d68c68d2-108e-4635-93d1-28c44525f178",
                                                "name": "RAJSHAHI"
                                            }
                                        },
                                        {
                                            "name": "CHATMOHAR",
                                            "id": "ee68ea82-2a16-46d4-a111-8d6a717363e3",
                                            "state": {
                                                "id": "d68c68d2-108e-4635-93d1-28c44525f178",
                                                "name": "RAJSHAHI"
                                            }
                                        },
                                        {
                                            "name": "ISHWARDI",
                                            "id": "e6f6b813-2ef3-429a-8dc6-3664b2d7af18",
                                            "state": {
                                                "id": "d68c68d2-108e-4635-93d1-28c44525f178",
                                                "name": "RAJSHAHI"
                                            }
                                        },
                                        {
                                            "name": "PABNA_SADAR",
                                            "id": "9a08add3-9997-4def-8a7e-2d4c47b78e1a",
                                            "state": {
                                                "id": "d68c68d2-108e-4635-93d1-28c44525f178",
                                                "name": "RAJSHAHI"
                                            }
                                        }
                                    ]
                                },
                                {
                                    "id": "c8c07a38-023f-4177-a946-7ea85bc5e62f",
                                    "name": "KISHOREGANJ",
                                    "upazilas": [
                                        {
                                            "name": "ASTAGRAM",
                                            "id": "8af0a33e-ec3f-4819-9c9a-d2e7b407340b",
                                            "state": {
                                                "id": "9c75a95b-9f42-4ca9-a152-78c492590a6f",
                                                "name": "DHAKA"
                                            }
                                        },
                                        {
                                            "name": "KATIADI",
                                            "id": "e14e5e25-3f0a-47a6-a16d-fe2023ec0a0e",
                                            "state": {
                                                "id": "9c75a95b-9f42-4ca9-a152-78c492590a6f",
                                                "name": "DHAKA"
                                            }
                                        },
                                        {
                                            "name": "MITHAMAIN",
                                            "id": "baa02b29-ad36-4df1-b296-07c71e4dabff",
                                            "state": {
                                                "id": "9c75a95b-9f42-4ca9-a152-78c492590a6f",
                                                "name": "DHAKA"
                                            }
                                        },
                                        {
                                            "name": "NIKLI",
                                            "id": "6f94a91b-a7e0-4690-83f4-82181b04c922",
                                            "state": {
                                                "id": "9c75a95b-9f42-4ca9-a152-78c492590a6f",
                                                "name": "DHAKA"
                                            }
                                        },
                                        {
                                            "name": "PAKUNDIA",
                                            "id": "3a4de8ba-819b-4935-843c-a3f1b5f6c421",
                                            "state": {
                                                "id": "9c75a95b-9f42-4ca9-a152-78c492590a6f",
                                                "name": "DHAKA"
                                            }
                                        },
                                        {
                                            "name": "KARIMGANJ",
                                            "id": "603092ee-3099-4b52-8b05-a76998c55ac0",
                                            "state": {
                                                "id": "9c75a95b-9f42-4ca9-a152-78c492590a6f",
                                                "name": "DHAKA"
                                            }
                                        },
                                        {
                                            "name": "KULIARCHAR",
                                            "id": "ba05daa9-21a2-4c7f-8a6f-4eca370e67c9",
                                            "state": {
                                                "id": "9c75a95b-9f42-4ca9-a152-78c492590a6f",
                                                "name": "DHAKA"
                                            }
                                        },
                                        {
                                            "name": "HOSSAINPUR",
                                            "id": "35ee81bc-c606-4f50-8c62-be135699f164",
                                            "state": {
                                                "id": "9c75a95b-9f42-4ca9-a152-78c492590a6f",
                                                "name": "DHAKA"
                                            }
                                        },
                                        {
                                            "name": "ITNA",
                                            "id": "64a6f7b6-ae00-48d7-91ff-d1afdd013728",
                                            "state": {
                                                "id": "9c75a95b-9f42-4ca9-a152-78c492590a6f",
                                                "name": "DHAKA"
                                            }
                                        },
                                        {
                                            "name": "BHAIRAB",
                                            "id": "f76de4f1-4367-46b4-ae35-25b31e161eaa",
                                            "state": {
                                                "id": "9c75a95b-9f42-4ca9-a152-78c492590a6f",
                                                "name": "DHAKA"
                                            }
                                        },
                                        {
                                            "name": "KISHOREGANJ_SADAR",
                                            "id": "f71d8ef1-88f4-4648-a927-1999cbec41e7",
                                            "state": {
                                                "id": "9c75a95b-9f42-4ca9-a152-78c492590a6f",
                                                "name": "DHAKA"
                                            }
                                        },
                                        {
                                            "name": "TARAIL",
                                            "id": "f5f8b58c-3d89-4a8f-8533-d689e34cbed3",
                                            "state": {
                                                "id": "9c75a95b-9f42-4ca9-a152-78c492590a6f",
                                                "name": "DHAKA"
                                            }
                                        },
                                        {
                                            "name": "BAJITPUR",
                                            "id": "d0a74c06-98ae-486a-9e67-fc5674c75288",
                                            "state": {
                                                "id": "9c75a95b-9f42-4ca9-a152-78c492590a6f",
                                                "name": "DHAKA"
                                            }
                                        }
                                    ]
                                },
                                {
                                    "id": "db758e15-588a-4c28-bae2-15069f2ce0f8",
                                    "name": "GOPALGANJ",
                                    "upazilas": [
                                        {
                                            "name": "KOTALIPARA",
                                            "id": "1729714e-61c8-4c5c-b062-7336efc80f74",
                                            "state": {
                                                "id": "9c75a95b-9f42-4ca9-a152-78c492590a6f",
                                                "name": "DHAKA"
                                            }
                                        },
                                        {
                                            "name": "MUKSUDPUR",
                                            "id": "52e46038-ba96-4a5c-96b5-1017b4eb6626",
                                            "state": {
                                                "id": "9c75a95b-9f42-4ca9-a152-78c492590a6f",
                                                "name": "DHAKA"
                                            }
                                        },
                                        {
                                            "name": "KASHIANI",
                                            "id": "9ea8f46d-358f-496e-b244-c3daf64e75c3",
                                            "state": {
                                                "id": "9c75a95b-9f42-4ca9-a152-78c492590a6f",
                                                "name": "DHAKA"
                                            }
                                        },
                                        {
                                            "name": "GOPALGANJ_SADAR",
                                            "id": "2ad2bc1d-038e-4d77-8754-a4eaa1ee4aa2",
                                            "state": {
                                                "id": "9c75a95b-9f42-4ca9-a152-78c492590a6f",
                                                "name": "DHAKA"
                                            }
                                        },
                                        {
                                            "name": "TUNGIPARA",
                                            "id": "18618e91-ce26-4c99-a7d1-a88be829a48b",
                                            "state": {
                                                "id": "9c75a95b-9f42-4ca9-a152-78c492590a6f",
                                                "name": "DHAKA"
                                            }
                                        }
                                    ]
                                },
                                {
                                    "id": "d1502152-1a34-423b-9811-576ccb88a3ea",
                                    "name": "KHULNA",
                                    "upazilas": [
                                        {
                                            "name": "BATIAGHATA",
                                            "id": "df3aa4c1-bfc8-4d9b-ade6-7c9dcc05e43b",
                                            "state": {
                                                "id": "642a6748-942f-473d-96c6-a6c1b2e00e05",
                                                "name": "KHULNA"
                                            }
                                        },
                                        {
                                            "name": "DACOPE",
                                            "id": "0510005c-3839-4f55-a93c-8147fa5657c3",
                                            "state": {
                                                "id": "642a6748-942f-473d-96c6-a6c1b2e00e05",
                                                "name": "KHULNA"
                                            }
                                        },
                                        {
                                            "name": "PAIKGACHHA",
                                            "id": "6dedbbd8-ad85-419e-a6f3-3b7b110beeef",
                                            "state": {
                                                "id": "642a6748-942f-473d-96c6-a6c1b2e00e05",
                                                "name": "KHULNA"
                                            }
                                        },
                                        {
                                            "name": "DIGHALIA",
                                            "id": "01a498b4-e2b8-4196-b1a8-37c83dd96d40",
                                            "state": {
                                                "id": "642a6748-942f-473d-96c6-a6c1b2e00e05",
                                                "name": "KHULNA"
                                            }
                                        },
                                        {
                                            "name": "TEROKHADA",
                                            "id": "78368a85-2301-4b61-b08c-bda0a7f2989d",
                                            "state": {
                                                "id": "642a6748-942f-473d-96c6-a6c1b2e00e05",
                                                "name": "KHULNA"
                                            }
                                        },
                                        {
                                            "name": "PHULTALA",
                                            "id": "de1c9dd2-c46c-4eb3-ae0d-ee1cbd77bfea",
                                            "state": {
                                                "id": "642a6748-942f-473d-96c6-a6c1b2e00e05",
                                                "name": "KHULNA"
                                            }
                                        },
                                        {
                                            "name": "DUMURIA",
                                            "id": "37c742e6-7aac-4034-8ed6-f0e58d0ad522",
                                            "state": {
                                                "id": "642a6748-942f-473d-96c6-a6c1b2e00e05",
                                                "name": "KHULNA"
                                            }
                                        },
                                        {
                                            "name": "KOYRA",
                                            "id": "4e5d83f1-3445-4445-a497-72dd54840c08",
                                            "state": {
                                                "id": "642a6748-942f-473d-96c6-a6c1b2e00e05",
                                                "name": "KHULNA"
                                            }
                                        },
                                        {
                                            "name": "RUPSA",
                                            "id": "0a761827-088c-4d43-a4d2-5904df789dcb",
                                            "state": {
                                                "id": "642a6748-942f-473d-96c6-a6c1b2e00e05",
                                                "name": "KHULNA"
                                            }
                                        }
                                    ]
                                },
                                {
                                    "id": "053cccf1-2ff4-4935-9b97-a7d73d2f29e2",
                                    "name": "NAOGAON",
                                    "upazilas": [
                                        {
                                            "name": "ATRAI",
                                            "id": "ca19d552-2c0f-4c03-99b5-9c84660083a9",
                                            "state": {
                                                "id": "d68c68d2-108e-4635-93d1-28c44525f178",
                                                "name": "RAJSHAHI"
                                            }
                                        },
                                        {
                                            "name": "RANINAGAR",
                                            "id": "bfcd8825-c7fa-4a19-8d0d-f097ba900ea6",
                                            "state": {
                                                "id": "d68c68d2-108e-4635-93d1-28c44525f178",
                                                "name": "RAJSHAHI"
                                            }
                                        },
                                        {
                                            "name": "DHAMOIRHAT",
                                            "id": "fdf566cf-11b6-4c01-ae47-c6c779feb92d",
                                            "state": {
                                                "id": "d68c68d2-108e-4635-93d1-28c44525f178",
                                                "name": "RAJSHAHI"
                                            }
                                        },
                                        {
                                            "name": "PATNITALA",
                                            "id": "1ef21421-63e5-42d4-854d-4da3c572a061",
                                            "state": {
                                                "id": "d68c68d2-108e-4635-93d1-28c44525f178",
                                                "name": "RAJSHAHI"
                                            }
                                        },
                                        {
                                            "name": "NIAMATPUR",
                                            "id": "cb79ca11-a7f4-4de9-8b73-726b9f277260",
                                            "state": {
                                                "id": "d68c68d2-108e-4635-93d1-28c44525f178",
                                                "name": "RAJSHAHI"
                                            }
                                        },
                                        {
                                            "name": "MOHADEVPUR",
                                            "id": "87fc4733-5ba9-4492-a4a3-477e1bbf4965",
                                            "state": {
                                                "id": "d68c68d2-108e-4635-93d1-28c44525f178",
                                                "name": "RAJSHAHI"
                                            }
                                        },
                                        {
                                            "name": "MANDA",
                                            "id": "38a158ef-7fae-4cdf-a906-9bfedbf5ee8d",
                                            "state": {
                                                "id": "d68c68d2-108e-4635-93d1-28c44525f178",
                                                "name": "RAJSHAHI"
                                            }
                                        },
                                        {
                                            "name": "NAOGAON_SADAR",
                                            "id": "433415ed-7b51-415a-9826-c5a655a42e1f",
                                            "state": {
                                                "id": "d68c68d2-108e-4635-93d1-28c44525f178",
                                                "name": "RAJSHAHI"
                                            }
                                        },
                                        {
                                            "name": "PORSHA",
                                            "id": "075b5f29-ffb3-4a22-8bce-255a305320d0",
                                            "state": {
                                                "id": "d68c68d2-108e-4635-93d1-28c44525f178",
                                                "name": "RAJSHAHI"
                                            }
                                        },
                                        {
                                            "name": "BADALGACHHI",
                                            "id": "5a52e1a2-7603-410d-b929-f07424bd3818",
                                            "state": {
                                                "id": "d68c68d2-108e-4635-93d1-28c44525f178",
                                                "name": "RAJSHAHI"
                                            }
                                        },
                                        {
                                            "name": "SAPAHAR",
                                            "id": "f24efbcc-3048-42d4-b2de-3cd80570f107",
                                            "state": {
                                                "id": "d68c68d2-108e-4635-93d1-28c44525f178",
                                                "name": "RAJSHAHI"
                                            }
                                        }
                                    ]
                                },
                                {
                                    "id": "3841e03e-b526-4568-b373-6fb874ae2dd2",
                                    "name": "NARAIL",
                                    "upazilas": [
                                        {
                                            "name": "NARAIL-S UPAZILLA",
                                            "id": "58236735-155d-45f5-81c6-d2528a3327e9",
                                            "state": {
                                                "id": "642a6748-942f-473d-96c6-a6c1b2e00e05",
                                                "name": "KHULNA"
                                            }
                                        },
                                        {
                                            "name": "LOHAGARA UPAZILLA",
                                            "id": "3a7dc21f-8d9e-4db5-83ad-4a42791fcaa4",
                                            "state": {
                                                "id": "642a6748-942f-473d-96c6-a6c1b2e00e05",
                                                "name": "KHULNA"
                                            }
                                        },
                                        {
                                            "name": "KALIA UPAZILLA",
                                            "id": "5e60afd8-8c2b-44ea-992f-027e764fc068",
                                            "state": {
                                                "id": "642a6748-942f-473d-96c6-a6c1b2e00e05",
                                                "name": "KHULNA"
                                            }
                                        }
                                    ]
                                },
                                {
                                    "id": "ba44bb5a-c4fc-4622-9b74-0b5641780581",
                                    "name": "MYMENSINGH",
                                    "upazilas": [
                                        {
                                            "name": "FULBARIA",
                                            "id": "14786483-84f3-4ac4-af4e-6928097bd398",
                                            "state": {
                                                "id": "f6395340-53b2-4824-8252-ef3a164b8446",
                                                "name": "MAYMENSINGH"
                                            }
                                        },
                                        {
                                            "name": "MUKTAGACHHA",
                                            "id": "6112996c-f960-4f30-bd1f-867050a656cb",
                                            "state": {
                                                "id": "f6395340-53b2-4824-8252-ef3a164b8446",
                                                "name": "MAYMENSINGH"
                                            }
                                        },
                                        {
                                            "name": "GAFFARGAON",
                                            "id": "f1027b1e-4a47-4e6f-9dca-8ee4974dcee3",
                                            "state": {
                                                "id": "f6395340-53b2-4824-8252-ef3a164b8446",
                                                "name": "MAYMENSINGH"
                                            }
                                        },
                                        {
                                            "name": "GAURIPUR",
                                            "id": "89af4299-90a2-4e9e-a201-d090d4f0a26a",
                                            "state": {
                                                "id": "f6395340-53b2-4824-8252-ef3a164b8446",
                                                "name": "MAYMENSINGH"
                                            }
                                        },
                                        {
                                            "name": "NANDAIL",
                                            "id": "4a7f82e3-e7f0-4dc1-b216-475ae369c902",
                                            "state": {
                                                "id": "f6395340-53b2-4824-8252-ef3a164b8446",
                                                "name": "MAYMENSINGH"
                                            }
                                        },
                                        {
                                            "name": "PHULPUR",
                                            "id": "e7f43bd5-defe-4d78-a9ea-8394b2d85ae8",
                                            "state": {
                                                "id": "f6395340-53b2-4824-8252-ef3a164b8446",
                                                "name": "MAYMENSINGH"
                                            }
                                        },
                                        {
                                            "name": "ISHWARGANJ",
                                            "id": "343276b0-a108-4b67-aa9f-6ff2eecfa3f1",
                                            "state": {
                                                "id": "f6395340-53b2-4824-8252-ef3a164b8446",
                                                "name": "MAYMENSINGH"
                                            }
                                        },
                                        {
                                            "name": "HALUAGHAT",
                                            "id": "b3cf9a18-0480-4a79-b898-0c9558158569",
                                            "state": {
                                                "id": "f6395340-53b2-4824-8252-ef3a164b8446",
                                                "name": "MAYMENSINGH"
                                            }
                                        },
                                        {
                                            "name": "MYMENSINGH_SADAR",
                                            "id": "944d5c60-96f6-4b1b-9245-57a7d1b8f80c",
                                            "state": {
                                                "id": "f6395340-53b2-4824-8252-ef3a164b8446",
                                                "name": "MAYMENSINGH"
                                            }
                                        },
                                        {
                                            "name": "TRISHAL",
                                            "id": "b54f2e4f-fadd-4386-a7fe-e29c806df77b",
                                            "state": {
                                                "id": "f6395340-53b2-4824-8252-ef3a164b8446",
                                                "name": "MAYMENSINGH"
                                            }
                                        },
                                        {
                                            "name": "DHOBAURA",
                                            "id": "90e06f5e-7571-4ce8-a713-53b94b2b6770",
                                            "state": {
                                                "id": "f6395340-53b2-4824-8252-ef3a164b8446",
                                                "name": "MAYMENSINGH"
                                            }
                                        },
                                        {
                                            "name": "BHALUKA",
                                            "id": "34920b68-a4b6-444b-95f5-d072d29fc1eb",
                                            "state": {
                                                "id": "f6395340-53b2-4824-8252-ef3a164b8446",
                                                "name": "MAYMENSINGH"
                                            }
                                        }
                                    ]
                                },
                                {
                                    "id": "bbed7d2c-59fb-43ce-a03c-8abd7a9f8f18",
                                    "name": "NARSINGDI",
                                    "upazilas": [
                                        {
                                            "name": "SHIBPUR",
                                            "id": "189fa0e5-3fba-4bb7-a1fa-1244de4d259c",
                                            "state": {
                                                "id": "9c75a95b-9f42-4ca9-a152-78c492590a6f",
                                                "name": "DHAKA"
                                            }
                                        },
                                        {
                                            "name": "MONOHARDI",
                                            "id": "243e2783-eb7e-4284-9ad6-461870dc8937",
                                            "state": {
                                                "id": "9c75a95b-9f42-4ca9-a152-78c492590a6f",
                                                "name": "DHAKA"
                                            }
                                        },
                                        {
                                            "name": "BELABO",
                                            "id": "785efd52-cefe-46f7-9a57-3a0b9ff6e8f6",
                                            "state": {
                                                "id": "9c75a95b-9f42-4ca9-a152-78c492590a6f",
                                                "name": "DHAKA"
                                            }
                                        },
                                        {
                                            "name": "RAIPURA, NARSINGDI",
                                            "id": "62845bb0-be44-48d6-a163-908e4b35b7fb",
                                            "state": {
                                                "id": "9c75a95b-9f42-4ca9-a152-78c492590a6f",
                                                "name": "DHAKA"
                                            }
                                        },
                                        {
                                            "name": "NARSINGDI_SADAR",
                                            "id": "06b56b35-2e12-44ba-b18f-22cd4d6ecb98",
                                            "state": {
                                                "id": "9c75a95b-9f42-4ca9-a152-78c492590a6f",
                                                "name": "DHAKA"
                                            }
                                        },
                                        {
                                            "name": "PALASH",
                                            "id": "ccd33f77-057f-4819-bdf6-a7da5785e2c5",
                                            "state": {
                                                "id": "9c75a95b-9f42-4ca9-a152-78c492590a6f",
                                                "name": "DHAKA"
                                            }
                                        }
                                    ]
                                },
                                {
                                    "id": "8b99d1ec-6c05-4e8e-b708-8216c9690652",
                                    "name": "RAJBARI",
                                    "upazilas": [
                                        {
                                            "name": "KALUKHALI",
                                            "id": "ad20fd23-08a0-4422-a4ce-2d664b65fc2e",
                                            "state": {
                                                "id": "9c75a95b-9f42-4ca9-a152-78c492590a6f",
                                                "name": "DHAKA"
                                            }
                                        },
                                        {
                                            "name": "RAJBARI_SADAR",
                                            "id": "a60723aa-280a-4b8b-a4fd-b2fa0323c4c4",
                                            "state": {
                                                "id": "9c75a95b-9f42-4ca9-a152-78c492590a6f",
                                                "name": "DHAKA"
                                            }
                                        },
                                        {
                                            "name": "BALIAKANDI",
                                            "id": "a654e917-d396-4a82-9e9d-9ab7581b3c1b",
                                            "state": {
                                                "id": "9c75a95b-9f42-4ca9-a152-78c492590a6f",
                                                "name": "DHAKA"
                                            }
                                        },
                                        {
                                            "name": "GOALANDAGHAT",
                                            "id": "7de09957-126b-4fee-9833-49f637931f79",
                                            "state": {
                                                "id": "9c75a95b-9f42-4ca9-a152-78c492590a6f",
                                                "name": "DHAKA"
                                            }
                                        },
                                        {
                                            "name": "PANGSHA",
                                            "id": "532c2c8a-0a92-4c5c-9710-622eabaab454",
                                            "state": {
                                                "id": "9c75a95b-9f42-4ca9-a152-78c492590a6f",
                                                "name": "DHAKA"
                                            }
                                        }
                                    ]
                                },
                                {
                                    "id": "8a26a551-dbef-4fa9-b50c-17a7fe590b13",
                                    "name": "SIRAJGONJ",
                                    "upazilas": [
                                        {
                                            "name": "KAZIPUR",
                                            "id": "b1363ee2-d297-4f58-a353-d94bba646dd6",
                                            "state": {
                                                "id": "d68c68d2-108e-4635-93d1-28c44525f178",
                                                "name": "RAJSHAHI"
                                            }
                                        },
                                        {
                                            "name": "RAIGANJ",
                                            "id": "3b9f4a36-dc41-48ab-9261-4843e2dee251",
                                            "state": {
                                                "id": "d68c68d2-108e-4635-93d1-28c44525f178",
                                                "name": "RAJSHAHI"
                                            }
                                        },
                                        {
                                            "name": "BELKUCHI",
                                            "id": "346c0522-e283-421d-9991-d95c10faf7b8",
                                            "state": {
                                                "id": "d68c68d2-108e-4635-93d1-28c44525f178",
                                                "name": "RAJSHAHI"
                                            }
                                        },
                                        {
                                            "name": "KAMARKHANDA",
                                            "id": "0012b1ec-f07e-4956-8208-d99e74a19aa7",
                                            "state": {
                                                "id": "d68c68d2-108e-4635-93d1-28c44525f178",
                                                "name": "RAJSHAHI"
                                            }
                                        },
                                        {
                                            "name": "SIRAJGANJ_SADAR",
                                            "id": "983f7c6b-9831-4027-b0f9-0e909b74e4ab",
                                            "state": {
                                                "id": "d68c68d2-108e-4635-93d1-28c44525f178",
                                                "name": "RAJSHAHI"
                                            }
                                        },
                                        {
                                            "name": "CHAUHALI",
                                            "id": "fa6ccc95-c941-4284-8d9f-7c4624683e0c",
                                            "state": {
                                                "id": "d68c68d2-108e-4635-93d1-28c44525f178",
                                                "name": "RAJSHAHI"
                                            }
                                        },
                                        {
                                            "name": "TARASH",
                                            "id": "72d45478-f1c8-4317-a912-5f90a6033813",
                                            "state": {
                                                "id": "d68c68d2-108e-4635-93d1-28c44525f178",
                                                "name": "RAJSHAHI"
                                            }
                                        },
                                        {
                                            "name": "SHAHJADPUR",
                                            "id": "aba04480-80aa-4c49-94f5-54a5f8cec70c",
                                            "state": {
                                                "id": "d68c68d2-108e-4635-93d1-28c44525f178",
                                                "name": "RAJSHAHI"
                                            }
                                        },
                                        {
                                            "name": "ULLAHPARA",
                                            "id": "2b03ca99-77d6-4dac-8c30-72fd7820b170",
                                            "state": {
                                                "id": "d68c68d2-108e-4635-93d1-28c44525f178",
                                                "name": "RAJSHAHI"
                                            }
                                        }
                                    ]
                                },
                                {
                                    "id": "3b2a6a3c-5159-471d-abe6-9f4ebad7e6c1",
                                    "name": "MAGURA",
                                    "upazilas": [
                                        {
                                            "name": "SHALIKHA",
                                            "id": "a2705dba-cae2-4e3d-86f6-8ed9c08df535",
                                            "state": {
                                                "id": "642a6748-942f-473d-96c6-a6c1b2e00e05",
                                                "name": "KHULNA"
                                            }
                                        },
                                        {
                                            "name": "MOHAMMADPUR",
                                            "id": "53edb99e-47b4-4979-b3f5-3d80de1b7118",
                                            "state": {
                                                "id": "642a6748-942f-473d-96c6-a6c1b2e00e05",
                                                "name": "KHULNA"
                                            }
                                        },
                                        {
                                            "name": "MAGURA_SADAR",
                                            "id": "dd0bd5ac-d63d-407d-bcf5-ba24191b7cba",
                                            "state": {
                                                "id": "642a6748-942f-473d-96c6-a6c1b2e00e05",
                                                "name": "KHULNA"
                                            }
                                        },
                                        {
                                            "name": "SREEPUR",
                                            "id": "4e4122d5-c778-4303-823f-8a95b13f3f77",
                                            "state": {
                                                "id": "642a6748-942f-473d-96c6-a6c1b2e00e05",
                                                "name": "KHULNA"
                                            }
                                        }
                                    ]
                                },
                                {
                                    "id": "9dd946ca-b2e9-4369-9456-5d7c8308901c",
                                    "name": "JHALOKATI",
                                    "upazilas": [
                                        {
                                            "name": "RAJAPUR",
                                            "id": "595eceec-72ac-4b2a-a8c1-4d1a9d8c93dc",
                                            "state": {
                                                "id": "5cbbb439-96e7-4f60-bf2f-abddd0d03e7e",
                                                "name": "BARISAL"
                                            }
                                        },
                                        {
                                            "name": "NALCHITY",
                                            "id": "c16b84e6-4636-4559-9713-bbfb460be2ec",
                                            "state": {
                                                "id": "5cbbb439-96e7-4f60-bf2f-abddd0d03e7e",
                                                "name": "BARISAL"
                                            }
                                        },
                                        {
                                            "name": "JHALOKATI_SADAR",
                                            "id": "3c848ec1-c630-48f7-8327-8230e4d16846",
                                            "state": {
                                                "id": "5cbbb439-96e7-4f60-bf2f-abddd0d03e7e",
                                                "name": "BARISAL"
                                            }
                                        },
                                        {
                                            "name": "KATHALIA",
                                            "id": "98bbf847-31a1-4d55-a771-a5d045976cfe",
                                            "state": {
                                                "id": "5cbbb439-96e7-4f60-bf2f-abddd0d03e7e",
                                                "name": "BARISAL"
                                            }
                                        }
                                    ]
                                },
                                {
                                    "id": "e9431d37-c6a8-49a5-b5f5-3d8c14bc8ec7",
                                    "name": "LALMONIRHAT",
                                    "upazilas": [
                                        {
                                            "name": "KALIGANJ",
                                            "id": "40f7ed07-08b0-4244-9f65-17971aaeb6d2",
                                            "state": {
                                                "id": "b8c19906-b4fc-4745-ac93-af957934136b",
                                                "name": "RANGPUR"
                                            }
                                        },
                                        {
                                            "name": "LALMANIRHAT_SADAR",
                                            "id": "c3fdab30-b48f-484a-bcab-d8fdb8038626",
                                            "state": {
                                                "id": "b8c19906-b4fc-4745-ac93-af957934136b",
                                                "name": "RANGPUR"
                                            }
                                        },
                                        {
                                            "name": "HATIBANDHA",
                                            "id": "81a52b21-ee0e-4b30-af0e-077ef3b01cc5",
                                            "state": {
                                                "id": "b8c19906-b4fc-4745-ac93-af957934136b",
                                                "name": "RANGPUR"
                                            }
                                        },
                                        {
                                            "name": "ADITMARI",
                                            "id": "b4123b8d-af34-4c2f-8755-8c8d37c59e89",
                                            "state": {
                                                "id": "b8c19906-b4fc-4745-ac93-af957934136b",
                                                "name": "RANGPUR"
                                            }
                                        },
                                        {
                                            "name": "PATGRAM",
                                            "id": "bff9e973-cc00-4aaa-8e53-4ca5ff6dab3d",
                                            "state": {
                                                "id": "b8c19906-b4fc-4745-ac93-af957934136b",
                                                "name": "RANGPUR"
                                            }
                                        }
                                    ]
                                },
                                {
                                    "id": "3244a7d0-e432-4753-841f-cdbd7aa1f437",
                                    "name": "SHARIATPUR",
                                    "upazilas": [
                                        {
                                            "name": "NARIA",
                                            "id": "3e8850ed-a488-46ae-afa3-5b567c539ba2",
                                            "state": {
                                                "id": "9c75a95b-9f42-4ca9-a152-78c492590a6f",
                                                "name": "DHAKA"
                                            }
                                        },
                                        {
                                            "name": "BHEDARGANJ",
                                            "id": "088a2bdf-e98a-407a-9096-01143b440bf1",
                                            "state": {
                                                "id": "9c75a95b-9f42-4ca9-a152-78c492590a6f",
                                                "name": "DHAKA"
                                            }
                                        },
                                        {
                                            "name": "JAJIRA",
                                            "id": "c37722a7-f975-43ee-856b-2059735e3915",
                                            "state": {
                                                "id": "9c75a95b-9f42-4ca9-a152-78c492590a6f",
                                                "name": "DHAKA"
                                            }
                                        },
                                        {
                                            "name": "DAMUDYA",
                                            "id": "e5e20af1-f619-4df7-be4a-ee1958717815",
                                            "state": {
                                                "id": "9c75a95b-9f42-4ca9-a152-78c492590a6f",
                                                "name": "DHAKA"
                                            }
                                        },
                                        {
                                            "name": "SHARIATPUR_SADAR -PALONG",
                                            "id": "0d38ea96-e004-4fab-93d8-88216ca015ef",
                                            "state": {
                                                "id": "9c75a95b-9f42-4ca9-a152-78c492590a6f",
                                                "name": "DHAKA"
                                            }
                                        },
                                        {
                                            "name": "GOSAIRHAT",
                                            "id": "92f19d77-dcd7-4b5b-95bc-de0ca310248c",
                                            "state": {
                                                "id": "9c75a95b-9f42-4ca9-a152-78c492590a6f",
                                                "name": "DHAKA"
                                            }
                                        }
                                    ]
                                },
                                {
                                    "id": "dd4ed0a1-039e-4411-9337-e3bf3f9def9b",
                                    "name": "FENI",
                                    "upazilas": [
                                        {
                                            "name": "SONAGAZI",
                                            "id": "27efec53-92df-41c3-bc6a-9e81493d016d",
                                            "state": {
                                                "id": "d4e8944a-6e8f-4d6e-a313-2228cfe9a567",
                                                "name": "CHITTAGONG"
                                            }
                                        },
                                        {
                                            "name": "DAGANBHYAN",
                                            "id": "53afc9e2-06de-4aa2-b8b0-a05e8293b780",
                                            "state": {
                                                "id": "d4e8944a-6e8f-4d6e-a313-2228cfe9a567",
                                                "name": "CHITTAGONG"
                                            }
                                        },
                                        {
                                            "name": "PARSHURAM",
                                            "id": "49ff9838-f33c-474c-b129-2c9ae86e3ee4",
                                            "state": {
                                                "id": "d4e8944a-6e8f-4d6e-a313-2228cfe9a567",
                                                "name": "CHITTAGONG"
                                            }
                                        },
                                        {
                                            "name": "CHAGALNAIYA",
                                            "id": "04c3cb80-8635-455a-a5fa-84dbaa621b70",
                                            "state": {
                                                "id": "d4e8944a-6e8f-4d6e-a313-2228cfe9a567",
                                                "name": "CHITTAGONG"
                                            }
                                        },
                                        {
                                            "name": "FHULGAZI",
                                            "id": "3290d327-252d-4ac8-b994-c32aa5683ffa",
                                            "state": {
                                                "id": "d4e8944a-6e8f-4d6e-a313-2228cfe9a567",
                                                "name": "CHITTAGONG"
                                            }
                                        },
                                        {
                                            "name": "FENI_SADAR",
                                            "id": "d7952bf9-ddfa-4bc5-a8f0-41dfc66a892e",
                                            "state": {
                                                "id": "d4e8944a-6e8f-4d6e-a313-2228cfe9a567",
                                                "name": "CHITTAGONG"
                                            }
                                        }
                                    ]
                                },
                                {
                                    "id": "970ee245-d795-4373-923b-1d66e666d1a6",
                                    "name": "PATUAKHALI",
                                    "upazilas": [
                                        {
                                            "name": "PATUAKHALI_SADAR",
                                            "id": "afda7029-c236-44ba-b3df-5855d1e83414",
                                            "state": {
                                                "id": "5cbbb439-96e7-4f60-bf2f-abddd0d03e7e",
                                                "name": "BARISAL"
                                            }
                                        },
                                        {
                                            "name": "DASHMINA",
                                            "id": "89e2dffc-cb82-4fdd-9f42-8823500f1b10",
                                            "state": {
                                                "id": "5cbbb439-96e7-4f60-bf2f-abddd0d03e7e",
                                                "name": "BARISAL"
                                            }
                                        },
                                        {
                                            "name": "MIRZAGANJ",
                                            "id": "485e7d51-a1c0-4758-84c1-72129e770eba",
                                            "state": {
                                                "id": "5cbbb439-96e7-4f60-bf2f-abddd0d03e7e",
                                                "name": "BARISAL"
                                            }
                                        },
                                        {
                                            "name": "KALAPARA",
                                            "id": "0f279548-56c6-469b-931d-98f8666550f4",
                                            "state": {
                                                "id": "5cbbb439-96e7-4f60-bf2f-abddd0d03e7e",
                                                "name": "BARISAL"
                                            }
                                        },
                                        {
                                            "name": "GALACHIPA",
                                            "id": "fe4542b1-4c54-435c-93bf-7528621355b9",
                                            "state": {
                                                "id": "5cbbb439-96e7-4f60-bf2f-abddd0d03e7e",
                                                "name": "BARISAL"
                                            }
                                        },
                                        {
                                            "name": "BAUPHAL",
                                            "id": "3befd289-1458-4cfc-bc85-f929255b4161",
                                            "state": {
                                                "id": "5cbbb439-96e7-4f60-bf2f-abddd0d03e7e",
                                                "name": "BARISAL"
                                            }
                                        },
                                        {
                                            "name": "RANGABALI",
                                            "id": "fd694849-085a-4e6e-b708-fc06792067cf",
                                            "state": {
                                                "id": "5cbbb439-96e7-4f60-bf2f-abddd0d03e7e",
                                                "name": "BARISAL"
                                            }
                                        },
                                        {
                                            "name": "DUMKI",
                                            "id": "acde2384-2fcd-4771-bf87-1b5b08efe4a3",
                                            "state": {
                                                "id": "5cbbb439-96e7-4f60-bf2f-abddd0d03e7e",
                                                "name": "BARISAL"
                                            }
                                        }
                                    ]
                                },
                                {
                                    "id": "467a49c1-9b1e-4409-a811-a2541a28cc9d",
                                    "name": "RANGPUR",
                                    "upazilas": [
                                        {
                                            "name": "TARAGANJ",
                                            "id": "f3cafdc7-ff33-4c9a-bf41-e092493e5e1b",
                                            "state": {
                                                "id": "b8c19906-b4fc-4745-ac93-af957934136b",
                                                "name": "RANGPUR"
                                            }
                                        },
                                        {
                                            "name": "GANGACHARA",
                                            "id": "331ce02e-1f27-429d-9256-95faacb19759",
                                            "state": {
                                                "id": "b8c19906-b4fc-4745-ac93-af957934136b",
                                                "name": "RANGPUR"
                                            }
                                        },
                                        {
                                            "name": "BADARGANJ",
                                            "id": "23b5ff55-5742-48ae-9dc6-b15f225a1268",
                                            "state": {
                                                "id": "b8c19906-b4fc-4745-ac93-af957934136b",
                                                "name": "RANGPUR"
                                            }
                                        },
                                        {
                                            "name": "KAUNIA",
                                            "id": "ea59b48e-61b7-40d5-a041-3189f4143167",
                                            "state": {
                                                "id": "b8c19906-b4fc-4745-ac93-af957934136b",
                                                "name": "RANGPUR"
                                            }
                                        },
                                        {
                                            "name": "PIRGACHHA",
                                            "id": "513d1649-1f41-498e-ac2d-6912f8b2327d",
                                            "state": {
                                                "id": "b8c19906-b4fc-4745-ac93-af957934136b",
                                                "name": "RANGPUR"
                                            }
                                        },
                                        {
                                            "name": "MITHAPUKUR",
                                            "id": "d8e55f9d-f8ec-4027-a775-ffb34e90a6c2",
                                            "state": {
                                                "id": "b8c19906-b4fc-4745-ac93-af957934136b",
                                                "name": "RANGPUR"
                                            }
                                        },
                                        {
                                            "name": "RANGPUR_SADAR",
                                            "id": "c7f28afe-ce75-4b54-9eb0-8ad04f863a9d",
                                            "state": {
                                                "id": "b8c19906-b4fc-4745-ac93-af957934136b",
                                                "name": "RANGPUR"
                                            }
                                        }
                                    ]
                                },
                                {
                                    "id": "086915fc-d139-4e2e-839c-b38a5be1e5f6",
                                    "name": "GAIBANDHA",
                                    "upazilas": [
                                        {
                                            "name": "SAGHATA",
                                            "id": "7b7f1bed-05af-46ef-9a98-c4be724fd5e2",
                                            "state": {
                                                "id": "b8c19906-b4fc-4745-ac93-af957934136b",
                                                "name": "RANGPUR"
                                            }
                                        },
                                        {
                                            "name": "SUNDARGANJ",
                                            "id": "b3c77682-f3b2-43a0-b18f-ce0fde8cd30d",
                                            "state": {
                                                "id": "b8c19906-b4fc-4745-ac93-af957934136b",
                                                "name": "RANGPUR"
                                            }
                                        },
                                        {
                                            "name": "GAIBANDHA_SADAR",
                                            "id": "549a592d-7e92-4dba-98a2-ccf8988786d4",
                                            "state": {
                                                "id": "b8c19906-b4fc-4745-ac93-af957934136b",
                                                "name": "RANGPUR"
                                            }
                                        },
                                        {
                                            "name": "PALASHBARI",
                                            "id": "4ca323ee-31f6-4126-a12e-b8ac59881175",
                                            "state": {
                                                "id": "b8c19906-b4fc-4745-ac93-af957934136b",
                                                "name": "RANGPUR"
                                            }
                                        },
                                        {
                                            "name": "GOBINDAGANJ",
                                            "id": "f28adc54-023d-4585-9859-72797f1a509b",
                                            "state": {
                                                "id": "b8c19906-b4fc-4745-ac93-af957934136b",
                                                "name": "RANGPUR"
                                            }
                                        },
                                        {
                                            "name": "FULCHHARI",
                                            "id": "a2a7553c-a2bd-44e5-bd52-0a085246f0a3",
                                            "state": {
                                                "id": "b8c19906-b4fc-4745-ac93-af957934136b",
                                                "name": "RANGPUR"
                                            }
                                        },
                                        {
                                            "name": "SADULLAPUR",
                                            "id": "e9b50e9e-ac38-4969-b483-d3972f87cee4",
                                            "state": {
                                                "id": "b8c19906-b4fc-4745-ac93-af957934136b",
                                                "name": "RANGPUR"
                                            }
                                        }
                                    ]
                                },
                                {
                                    "id": "1c714c0b-021b-4301-a593-2c83a2313649",
                                    "name": "JASHORE",
                                    "upazilas": [
                                        {
                                            "name": "JESSORE_SADAR",
                                            "id": "42f61364-59f7-4623-9426-6cdc057ec349",
                                            "state": {
                                                "id": "642a6748-942f-473d-96c6-a6c1b2e00e05",
                                                "name": "KHULNA"
                                            }
                                        },
                                        {
                                            "name": "JHIKARGACHHA",
                                            "id": "e8528241-9712-4342-9aeb-09f71796e266",
                                            "state": {
                                                "id": "642a6748-942f-473d-96c6-a6c1b2e00e05",
                                                "name": "KHULNA"
                                            }
                                        },
                                        {
                                            "name": "CHAUGACHHA",
                                            "id": "12c0fdba-54d7-44c3-8261-799edb2af99c",
                                            "state": {
                                                "id": "642a6748-942f-473d-96c6-a6c1b2e00e05",
                                                "name": "KHULNA"
                                            }
                                        },
                                        {
                                            "name": "SHARSHA",
                                            "id": "cbf6f38e-583e-4ccc-b6d4-79af79fa8219",
                                            "state": {
                                                "id": "642a6748-942f-473d-96c6-a6c1b2e00e05",
                                                "name": "KHULNA"
                                            }
                                        },
                                        {
                                            "name": "MANIRAMPUR",
                                            "id": "d0720ff4-ff9b-465d-91e9-aa3c8b7786e6",
                                            "state": {
                                                "id": "642a6748-942f-473d-96c6-a6c1b2e00e05",
                                                "name": "KHULNA"
                                            }
                                        },
                                        {
                                            "name": "KESHABPUR",
                                            "id": "eb816407-8817-4b72-a245-aa3d26a6730a",
                                            "state": {
                                                "id": "642a6748-942f-473d-96c6-a6c1b2e00e05",
                                                "name": "KHULNA"
                                            }
                                        },
                                        {
                                            "name": "BAGHERPARA",
                                            "id": "57a33475-5412-4756-96a0-c856f6e69819",
                                            "state": {
                                                "id": "642a6748-942f-473d-96c6-a6c1b2e00e05",
                                                "name": "KHULNA"
                                            }
                                        }
                                    ]
                                },
                                {
                                    "id": "e6fbbbf2-76b6-454c-aab1-00bae43ee7fb",
                                    "name": "CHANDPUR",
                                    "upazilas": [
                                        {
                                            "name": "MATLAB UTTAR",
                                            "id": "063793f3-d840-4cd8-9b37-16b346b5802b",
                                            "state": {
                                                "id": "d4e8944a-6e8f-4d6e-a313-2228cfe9a567",
                                                "name": "CHITTAGONG"
                                            }
                                        },
                                        {
                                            "name": "CHANDPUR_SADAR",
                                            "id": "ed3e766b-5c5f-4898-9807-c60656a34d68",
                                            "state": {
                                                "id": "d4e8944a-6e8f-4d6e-a313-2228cfe9a567",
                                                "name": "CHITTAGONG"
                                            }
                                        },
                                        {
                                            "name": "FARIDGANJ",
                                            "id": "80004c2e-4af7-4c54-a08f-7c5eab9de5b7",
                                            "state": {
                                                "id": "d4e8944a-6e8f-4d6e-a313-2228cfe9a567",
                                                "name": "CHITTAGONG"
                                            }
                                        },
                                        {
                                            "name": "SHAHRASTI",
                                            "id": "ce322d53-bbdb-415b-8d13-45a8185dce83",
                                            "state": {
                                                "id": "d4e8944a-6e8f-4d6e-a313-2228cfe9a567",
                                                "name": "CHITTAGONG"
                                            }
                                        },
                                        {
                                            "name": "HAIMCHAR",
                                            "id": "b7b43526-46a4-48d6-8d67-f4c15ba2afe0",
                                            "state": {
                                                "id": "d4e8944a-6e8f-4d6e-a313-2228cfe9a567",
                                                "name": "CHITTAGONG"
                                            }
                                        },
                                        {
                                            "name": "MATLAB DAKKHIN",
                                            "id": "c099cd9b-69a4-4e70-9314-2d54f940fcd8",
                                            "state": {
                                                "id": "d4e8944a-6e8f-4d6e-a313-2228cfe9a567",
                                                "name": "CHITTAGONG"
                                            }
                                        },
                                        {
                                            "name": "HAZIGANJ",
                                            "id": "d4f9f2a0-9974-4d64-9cf0-139a6619407e",
                                            "state": {
                                                "id": "d4e8944a-6e8f-4d6e-a313-2228cfe9a567",
                                                "name": "CHITTAGONG"
                                            }
                                        }
                                    ]
                                },
                                {
                                    "id": "82157ea8-5e09-483d-82b6-7fbc0c15ead9",
                                    "name": "CHUADANGA",
                                    "upazilas": [
                                        {
                                            "name": "JIBANNAGAR",
                                            "id": "056bb4e6-8df9-4275-8bd0-5de51d1375e5",
                                            "state": {
                                                "id": "642a6748-942f-473d-96c6-a6c1b2e00e05",
                                                "name": "KHULNA"
                                            }
                                        },
                                        {
                                            "name": "DAMURHUDA",
                                            "id": "48021efd-36b5-4321-8505-e9d5d2388c27",
                                            "state": {
                                                "id": "642a6748-942f-473d-96c6-a6c1b2e00e05",
                                                "name": "KHULNA"
                                            }
                                        },
                                        {
                                            "name": "CHUADANGA-S",
                                            "id": "6074f64e-f724-4a45-89fa-45dd861ff000",
                                            "state": {
                                                "id": "642a6748-942f-473d-96c6-a6c1b2e00e05",
                                                "name": "KHULNA"
                                            }
                                        },
                                        {
                                            "name": "ALAMDANGA",
                                            "id": "d0578b99-4bb0-4dbd-9c2c-55ba5b2dd713",
                                            "state": {
                                                "id": "642a6748-942f-473d-96c6-a6c1b2e00e05",
                                                "name": "KHULNA"
                                            }
                                        }
                                    ]
                                },
                                {
                                    "id": "fdd90dd4-29f5-47e3-9c83-86247e30e011",
                                    "name": "MANIKGANJ",
                                    "upazilas": [
                                        {
                                            "name": "SATURIA",
                                            "id": "d9009b9c-883f-44b8-8510-e89dd74298ef",
                                            "state": {
                                                "id": "9c75a95b-9f42-4ca9-a152-78c492590a6f",
                                                "name": "DHAKA"
                                            }
                                        },
                                        {
                                            "name": "SHIBALAYA",
                                            "id": "ab1e982e-faba-4f99-93af-8be8a4fd5fe5",
                                            "state": {
                                                "id": "9c75a95b-9f42-4ca9-a152-78c492590a6f",
                                                "name": "DHAKA"
                                            }
                                        },
                                        {
                                            "name": "GHIOR",
                                            "id": "39c075ea-6975-49d4-9028-f904f0bf6c6c",
                                            "state": {
                                                "id": "9c75a95b-9f42-4ca9-a152-78c492590a6f",
                                                "name": "DHAKA"
                                            }
                                        },
                                        {
                                            "name": "HARIRAMPUR",
                                            "id": "a11e3d5b-0753-4029-9491-ea2ea72465aa",
                                            "state": {
                                                "id": "9c75a95b-9f42-4ca9-a152-78c492590a6f",
                                                "name": "DHAKA"
                                            }
                                        },
                                        {
                                            "name": "SINGAIR",
                                            "id": "f178d21b-89ed-42df-a9a3-21f108b44d28",
                                            "state": {
                                                "id": "9c75a95b-9f42-4ca9-a152-78c492590a6f",
                                                "name": "DHAKA"
                                            }
                                        },
                                        {
                                            "name": "MANIKGANJ_SADAR",
                                            "id": "75442244-e5ad-4289-8a34-d5615d19b3a4",
                                            "state": {
                                                "id": "9c75a95b-9f42-4ca9-a152-78c492590a6f",
                                                "name": "DHAKA"
                                            }
                                        }
                                    ]
                                },
                                {
                                    "id": "eb65d06c-18a8-4220-abbb-a4fc1de8f740",
                                    "name": "MUNSHIGANJ",
                                    "upazilas": [
                                        {
                                            "name": "GAZARIA",
                                            "id": "d93e5ad7-1fa9-453b-be01-f707de0dee0d",
                                            "state": {
                                                "id": "9c75a95b-9f42-4ca9-a152-78c492590a6f",
                                                "name": "DHAKA"
                                            }
                                        },
                                        {
                                            "name": "LOHAJANG",
                                            "id": "8de67669-ef24-4fc0-974d-614802bc635c",
                                            "state": {
                                                "id": "9c75a95b-9f42-4ca9-a152-78c492590a6f",
                                                "name": "DHAKA"
                                            }
                                        },
                                        {
                                            "name": "SREENAGAR",
                                            "id": "8f4bf6d0-176e-46a3-911b-50fa597f928a",
                                            "state": {
                                                "id": "9c75a95b-9f42-4ca9-a152-78c492590a6f",
                                                "name": "DHAKA"
                                            }
                                        },
                                        {
                                            "name": "MUNSHIGANJ_SADAR",
                                            "id": "d0ee788a-80bc-41a6-85c0-285852acb1c1",
                                            "state": {
                                                "id": "9c75a95b-9f42-4ca9-a152-78c492590a6f",
                                                "name": "DHAKA"
                                            }
                                        },
                                        {
                                            "name": "SIRAJDIKHAN",
                                            "id": "76276c1f-b0a4-4ad9-8994-f7056d23bcfd",
                                            "state": {
                                                "id": "9c75a95b-9f42-4ca9-a152-78c492590a6f",
                                                "name": "DHAKA"
                                            }
                                        },
                                        {
                                            "name": "TONGIBARI",
                                            "id": "632c71cf-94e4-43da-b567-79d0e8ddc66c",
                                            "state": {
                                                "id": "9c75a95b-9f42-4ca9-a152-78c492590a6f",
                                                "name": "DHAKA"
                                            }
                                        }
                                    ]
                                },
                                {
                                    "id": "27088eef-3fb2-45db-83f6-7b5820818817",
                                    "name": "KUSHTIA",
                                    "upazilas": [
                                        {
                                            "name": "KUMARKHALI",
                                            "id": "f172ffc4-fc9f-49de-956b-6385b8fd74d3",
                                            "state": {
                                                "id": "642a6748-942f-473d-96c6-a6c1b2e00e05",
                                                "name": "KHULNA"
                                            }
                                        },
                                        {
                                            "name": "BHERAMARA",
                                            "id": "7a6ae3eb-abfb-4059-9759-59fc79242f27",
                                            "state": {
                                                "id": "642a6748-942f-473d-96c6-a6c1b2e00e05",
                                                "name": "KHULNA"
                                            }
                                        },
                                        {
                                            "name": "KUSHTIA_SADAR",
                                            "id": "080eebe9-aace-48e8-81c5-85b575971f51",
                                            "state": {
                                                "id": "642a6748-942f-473d-96c6-a6c1b2e00e05",
                                                "name": "KHULNA"
                                            }
                                        },
                                        {
                                            "name": "MIRPUR",
                                            "id": "b652dbdd-b30a-4afb-886c-9d59c58a8c0e",
                                            "state": {
                                                "id": "642a6748-942f-473d-96c6-a6c1b2e00e05",
                                                "name": "KHULNA"
                                            }
                                        },
                                        {
                                            "name": "KHOKSA",
                                            "id": "2efbd4a2-b662-4471-a226-7feb55866616",
                                            "state": {
                                                "id": "642a6748-942f-473d-96c6-a6c1b2e00e05",
                                                "name": "KHULNA"
                                            }
                                        },
                                        {
                                            "name": "DAULATPUR",
                                            "id": "ca60c131-5d3d-4e69-a08a-e346ffaea90a",
                                            "state": {
                                                "id": "642a6748-942f-473d-96c6-a6c1b2e00e05",
                                                "name": "KHULNA"
                                            }
                                        }
                                    ]
                                },
                                {
                                    "id": "3f0b76be-22bf-4ac9-8a29-0dc53c9641c5",
                                    "name": "BOGURA",
                                    "upazilas": [
                                        {
                                            "name": "SHERPUR",
                                            "id": "27718256-3ec0-4b90-803d-2e077b4c6bb7",
                                            "state": {
                                                "id": "d68c68d2-108e-4635-93d1-28c44525f178",
                                                "name": "RAJSHAHI"
                                            }
                                        },
                                        {
                                            "name": "SARIAKANDI",
                                            "id": "c5843f0e-3bc2-4e45-b823-b5ca3c5c9991",
                                            "state": {
                                                "id": "d68c68d2-108e-4635-93d1-28c44525f178",
                                                "name": "RAJSHAHI"
                                            }
                                        },
                                        {
                                            "name": "NANDIGRAM",
                                            "id": "1085c7de-e430-45fc-970e-79f4336a854a",
                                            "state": {
                                                "id": "d68c68d2-108e-4635-93d1-28c44525f178",
                                                "name": "RAJSHAHI"
                                            }
                                        },
                                        {
                                            "name": "ADAMDIGHI",
                                            "id": "d4fb9820-bf93-498b-bbd9-68c432008c8b",
                                            "state": {
                                                "id": "d68c68d2-108e-4635-93d1-28c44525f178",
                                                "name": "RAJSHAHI"
                                            }
                                        },
                                        {
                                            "name": "DHUNAT",
                                            "id": "4ae13d59-e9e4-47c7-afc0-9f8bfa03e321",
                                            "state": {
                                                "id": "d68c68d2-108e-4635-93d1-28c44525f178",
                                                "name": "RAJSHAHI"
                                            }
                                        },
                                        {
                                            "name": "GABTALI",
                                            "id": "23160f5f-aec6-4b0b-81c4-5aa895621020",
                                            "state": {
                                                "id": "d68c68d2-108e-4635-93d1-28c44525f178",
                                                "name": "RAJSHAHI"
                                            }
                                        },
                                        {
                                            "name": "SONATALA",
                                            "id": "72bf0fce-8301-4e93-b9ce-e7b776e5bd6f",
                                            "state": {
                                                "id": "d68c68d2-108e-4635-93d1-28c44525f178",
                                                "name": "RAJSHAHI"
                                            }
                                        },
                                        {
                                            "name": "BOGRA_SADAR",
                                            "id": "dcf677c9-ffde-466c-a5fd-72d273586b19",
                                            "state": {
                                                "id": "d68c68d2-108e-4635-93d1-28c44525f178",
                                                "name": "RAJSHAHI"
                                            }
                                        },
                                        {
                                            "name": "SAHAJANPUR",
                                            "id": "bfaadb41-661b-4556-8b5c-6d8a2611e817",
                                            "state": {
                                                "id": "d68c68d2-108e-4635-93d1-28c44525f178",
                                                "name": "RAJSHAHI"
                                            }
                                        },
                                        {
                                            "name": "KAHALOO",
                                            "id": "303a6199-9118-46c1-b9ec-68e991107bb5",
                                            "state": {
                                                "id": "d68c68d2-108e-4635-93d1-28c44525f178",
                                                "name": "RAJSHAHI"
                                            }
                                        },
                                        {
                                            "name": "DHUPCHANCHIA",
                                            "id": "25c404c7-009d-4b24-aa5b-8b2a8de06f02",
                                            "state": {
                                                "id": "d68c68d2-108e-4635-93d1-28c44525f178",
                                                "name": "RAJSHAHI"
                                            }
                                        }
                                    ]
                                },
                                {
                                    "id": "acac9cb9-207c-48b8-bf7f-2bb26c3cbaf3",
                                    "name": "SUNAMGANJ",
                                    "upazilas": [
                                        {
                                            "name": "DOWARABAZAR",
                                            "id": "cff4ac7e-408b-4f6b-87ab-3009304229e8",
                                            "state": {
                                                "id": "2f2f0cc1-587a-4dad-a3f0-83c0bac697ec",
                                                "name": "SYLHET"
                                            }
                                        },
                                        {
                                            "name": "JAMALGANJ",
                                            "id": "dc3ee901-0d99-4235-9097-9392156a30b2",
                                            "state": {
                                                "id": "2f2f0cc1-587a-4dad-a3f0-83c0bac697ec",
                                                "name": "SYLHET"
                                            }
                                        },
                                        {
                                            "name": "SUNAMGANJ_SADAR",
                                            "id": "4fef6ecc-27ee-4547-b1f2-cac270075800",
                                            "state": {
                                                "id": "2f2f0cc1-587a-4dad-a3f0-83c0bac697ec",
                                                "name": "SYLHET"
                                            }
                                        },
                                        {
                                            "name": "CHHATAK",
                                            "id": "2850075b-f85b-4b3e-9464-fb094fdab0d1",
                                            "state": {
                                                "id": "2f2f0cc1-587a-4dad-a3f0-83c0bac697ec",
                                                "name": "SYLHET"
                                            }
                                        },
                                        {
                                            "name": "BISHWAMVARPUR",
                                            "id": "bd2a5b8d-2db7-4457-890f-cb7949ab679b",
                                            "state": {
                                                "id": "2f2f0cc1-587a-4dad-a3f0-83c0bac697ec",
                                                "name": "SYLHET"
                                            }
                                        },
                                        {
                                            "name": "TAHIRPUR",
                                            "id": "e629bf90-c502-4b6a-ab23-1c0e2ed8c422",
                                            "state": {
                                                "id": "2f2f0cc1-587a-4dad-a3f0-83c0bac697ec",
                                                "name": "SYLHET"
                                            }
                                        },
                                        {
                                            "name": "SHANTHIGANJ",
                                            "id": "1d7a3c9c-c35f-4813-a587-a3b823c24929",
                                            "state": {
                                                "id": "2f2f0cc1-587a-4dad-a3f0-83c0bac697ec",
                                                "name": "SYLHET"
                                            }
                                        },
                                        {
                                            "name": "DHARAMPASHA",
                                            "id": "eef5310f-38fa-46a5-8c0d-1a1921b45c75",
                                            "state": {
                                                "id": "2f2f0cc1-587a-4dad-a3f0-83c0bac697ec",
                                                "name": "SYLHET"
                                            }
                                        },
                                        {
                                            "name": "DERAI",
                                            "id": "cdd49f46-021e-402f-b1e9-bab17bf44714",
                                            "state": {
                                                "id": "2f2f0cc1-587a-4dad-a3f0-83c0bac697ec",
                                                "name": "SYLHET"
                                            }
                                        },
                                        {
                                            "name": "SULLA",
                                            "id": "f4446cae-89b8-4db4-844b-d46ac7d71a8d",
                                            "state": {
                                                "id": "2f2f0cc1-587a-4dad-a3f0-83c0bac697ec",
                                                "name": "SYLHET"
                                            }
                                        },
                                        {
                                            "name": "MODHYANAGAR",
                                            "id": "f2eb6c8d-a10e-4f30-bf84-758a716f9e5b",
                                            "state": {
                                                "id": "2f2f0cc1-587a-4dad-a3f0-83c0bac697ec",
                                                "name": "SYLHET"
                                            }
                                        },
                                        {
                                            "name": "JAGANNATHPUR",
                                            "id": "ed7e25d5-9cae-409c-b4b6-ec487ae79e26",
                                            "state": {
                                                "id": "2f2f0cc1-587a-4dad-a3f0-83c0bac697ec",
                                                "name": "SYLHET"
                                            }
                                        }
                                    ]
                                },
                                {
                                    "id": "440478fc-7e81-4b0e-9e11-7a30d0240c6a",
                                    "name": "THAKURGAON",
                                    "upazilas": [
                                        {
                                            "name": "RANISANKAIL",
                                            "id": "3fe1bae0-b945-47c8-b858-143e99d1345c",
                                            "state": {
                                                "id": "b8c19906-b4fc-4745-ac93-af957934136b",
                                                "name": "RANGPUR"
                                            }
                                        },
                                        {
                                            "name": "BALIADANGI",
                                            "id": "bc011048-a141-4782-80e6-1de7933f976f",
                                            "state": {
                                                "id": "b8c19906-b4fc-4745-ac93-af957934136b",
                                                "name": "RANGPUR"
                                            }
                                        },
                                        {
                                            "name": "THAKURGAON_SADAR",
                                            "id": "e76216bc-9591-448d-bdd2-f11337f1d167",
                                            "state": {
                                                "id": "b8c19906-b4fc-4745-ac93-af957934136b",
                                                "name": "RANGPUR"
                                            }
                                        },
                                        {
                                            "name": "HARIPUR",
                                            "id": "a057fd71-762f-4e3b-94c4-b0c25f1330e1",
                                            "state": {
                                                "id": "b8c19906-b4fc-4745-ac93-af957934136b",
                                                "name": "RANGPUR"
                                            }
                                        },
                                        {
                                            "name": "PIRGANJ",
                                            "id": "6f84b588-ac8a-4a62-b9ea-5d2ca913c00c",
                                            "state": {
                                                "id": "b8c19906-b4fc-4745-ac93-af957934136b",
                                                "name": "RANGPUR"
                                            }
                                        }
                                    ]
                                },
                                {
                                    "id": "7597f272-f003-4db4-8568-e8f45cb1a56d",
                                    "name": "PANCHAGARH",
                                    "upazilas": [
                                        {
                                            "name": "TETULIA",
                                            "id": "4f9f299d-6613-41be-ab21-4997945547c1",
                                            "state": {
                                                "id": "b8c19906-b4fc-4745-ac93-af957934136b",
                                                "name": "RANGPUR"
                                            }
                                        },
                                        {
                                            "name": "ATWARI",
                                            "id": "1a02f5b1-d095-4d55-9d14-045721e6c40d",
                                            "state": {
                                                "id": "b8c19906-b4fc-4745-ac93-af957934136b",
                                                "name": "RANGPUR"
                                            }
                                        },
                                        {
                                            "name": "BODA",
                                            "id": "d005e319-3338-4877-936c-c01c42003faf",
                                            "state": {
                                                "id": "b8c19906-b4fc-4745-ac93-af957934136b",
                                                "name": "RANGPUR"
                                            }
                                        },
                                        {
                                            "name": "PANCHAGARH_SADAR",
                                            "id": "7c487b8b-afc0-426f-a5a3-2df6ca17e2b7",
                                            "state": {
                                                "id": "b8c19906-b4fc-4745-ac93-af957934136b",
                                                "name": "RANGPUR"
                                            }
                                        },
                                        {
                                            "name": "DEBIGANJ",
                                            "id": "c69f7be1-f80c-49a0-a422-816cc0aedbe2",
                                            "state": {
                                                "id": "b8c19906-b4fc-4745-ac93-af957934136b",
                                                "name": "RANGPUR"
                                            }
                                        }
                                    ]
                                },
                                {
                                    "id": "02e94441-6145-4fbc-b185-7147f9433b0d",
                                    "name": "KHAGRACHARI",
                                    "upazilas": [
                                        {
                                            "name": "LAKSHMICHHARI",
                                            "id": "15bb16dd-f946-4d7f-ba1a-3833795ce9ae",
                                            "state": {
                                                "id": "d4e8944a-6e8f-4d6e-a313-2228cfe9a567",
                                                "name": "CHITTAGONG"
                                            }
                                        },
                                        {
                                            "name": "MANIKCHHARI",
                                            "id": "7ccab6c5-4db7-4c96-b5c2-f9bf8f4b4b2e",
                                            "state": {
                                                "id": "d4e8944a-6e8f-4d6e-a313-2228cfe9a567",
                                                "name": "CHITTAGONG"
                                            }
                                        },
                                        {
                                            "name": "MAHALCHHARI",
                                            "id": "8d6273ce-8713-4857-8d7f-645ec8cf7b49",
                                            "state": {
                                                "id": "d4e8944a-6e8f-4d6e-a313-2228cfe9a567",
                                                "name": "CHITTAGONG"
                                            }
                                        },
                                        {
                                            "name": "DIGHINALA",
                                            "id": "56d905ea-5cc1-4c95-aa62-a369fa67ef86",
                                            "state": {
                                                "id": "d4e8944a-6e8f-4d6e-a313-2228cfe9a567",
                                                "name": "CHITTAGONG"
                                            }
                                        },
                                        {
                                            "name": "MATIRANGA",
                                            "id": "5a40f09b-f1fc-4a4c-9339-7242810be320",
                                            "state": {
                                                "id": "d4e8944a-6e8f-4d6e-a313-2228cfe9a567",
                                                "name": "CHITTAGONG"
                                            }
                                        },
                                        {
                                            "name": "PANCHHARI",
                                            "id": "72bf30e6-6965-4134-82ee-942435bf0cf8",
                                            "state": {
                                                "id": "d4e8944a-6e8f-4d6e-a313-2228cfe9a567",
                                                "name": "CHITTAGONG"
                                            }
                                        },
                                        {
                                            "name": "KHAGRACHHARI",
                                            "id": "0b5ba0d4-cf95-4748-a05d-3243c24b9c2b",
                                            "state": {
                                                "id": "d4e8944a-6e8f-4d6e-a313-2228cfe9a567",
                                                "name": "CHITTAGONG"
                                            }
                                        },
                                        {
                                            "name": "RAMGARH",
                                            "id": "3a985352-6aac-42ca-9d46-0104299d9d5b",
                                            "state": {
                                                "id": "d4e8944a-6e8f-4d6e-a313-2228cfe9a567",
                                                "name": "CHITTAGONG"
                                            }
                                        }
                                    ]
                                },
                                {
                                    "id": "2bdb9cb8-429c-4c87-8651-44eb75bba39f",
                                    "name": "RANGAMATI",
                                    "upazilas": [
                                        {
                                            "name": "KAPTAI",
                                            "id": "b1e5c4ba-9a01-40d7-ae06-e2eff4512f64",
                                            "state": {
                                                "id": "d4e8944a-6e8f-4d6e-a313-2228cfe9a567",
                                                "name": "CHITTAGONG"
                                            }
                                        },
                                        {
                                            "name": "BELAICHHARI",
                                            "id": "66e451b0-a6e5-4797-ae4e-6e3337e8f656",
                                            "state": {
                                                "id": "d4e8944a-6e8f-4d6e-a313-2228cfe9a567",
                                                "name": "CHITTAGONG"
                                            }
                                        },
                                        {
                                            "name": "LANGADU",
                                            "id": "b0ec8354-8a29-4b89-b657-29036d5ff491",
                                            "state": {
                                                "id": "d4e8944a-6e8f-4d6e-a313-2228cfe9a567",
                                                "name": "CHITTAGONG"
                                            }
                                        },
                                        {
                                            "name": "BAGAICHHARI",
                                            "id": "ab30a268-d429-4a3b-ac46-d6b3962a9746",
                                            "state": {
                                                "id": "d4e8944a-6e8f-4d6e-a313-2228cfe9a567",
                                                "name": "CHITTAGONG"
                                            }
                                        },
                                        {
                                            "name": "BARKAL",
                                            "id": "07a7db0e-69ce-417d-8268-7bebb57c11ae",
                                            "state": {
                                                "id": "d4e8944a-6e8f-4d6e-a313-2228cfe9a567",
                                                "name": "CHITTAGONG"
                                            }
                                        },
                                        {
                                            "name": "KAUKHALI",
                                            "id": "303fd905-dc54-4d74-8371-dfc1f477bfc9",
                                            "state": {
                                                "id": "d4e8944a-6e8f-4d6e-a313-2228cfe9a567",
                                                "name": "CHITTAGONG"
                                            }
                                        },
                                        {
                                            "name": "RAJASTHALI",
                                            "id": "1fcbd368-6caa-4dbd-a9fa-2a00e89e77fc",
                                            "state": {
                                                "id": "d4e8944a-6e8f-4d6e-a313-2228cfe9a567",
                                                "name": "CHITTAGONG"
                                            }
                                        },
                                        {
                                            "name": "JURAICHHARI",
                                            "id": "3f4328c9-7b1e-40e9-ad79-d66389645310",
                                            "state": {
                                                "id": "d4e8944a-6e8f-4d6e-a313-2228cfe9a567",
                                                "name": "CHITTAGONG"
                                            }
                                        },
                                        {
                                            "name": "NANNERCHAR",
                                            "id": "fb57848d-e0b9-4051-816c-712fac450852",
                                            "state": {
                                                "id": "d4e8944a-6e8f-4d6e-a313-2228cfe9a567",
                                                "name": "CHITTAGONG"
                                            }
                                        },
                                        {
                                            "name": "RANGAMATI_SADAR",
                                            "id": "1f383e09-c643-4780-a625-02d83259cd37",
                                            "state": {
                                                "id": "d4e8944a-6e8f-4d6e-a313-2228cfe9a567",
                                                "name": "CHITTAGONG"
                                            }
                                        }
                                    ]
                                }
                            ]
                        },
                        {
                            "name": "Pakistan",
                            "id": "bc79ebd2-95a6-46e5-8ade-e7f494021b83",
                            "districts": [
                                
                            ]
                        },
                        {
                            "name": "India",
                            "id": "82ec6692-b098-4803-8cc0-8df58d65ed10",
                            "districts": [
                                
                            ]
                        }
                    ]
                }
            },
            {
                "id": "cf9f295f-bf4c-4a8b-8738-53c6a9ed55b1",
                "region": {
                    "countries": [
                        {
                            "name": "Angola",
                            "id": "5e9f919f-2d42-42ec-8b6c-adf7f7b3cd0b",
                            "districts": [
                                
                            ]
                        },
                        {
                            "name": "Cabo Verde",
                            "id": "e5489353-76dd-4d8d-b61e-d349c6356c68",
                            "districts": [
                                
                            ]
                        },
                        {
                            "name": "Mali",
                            "id": "dd9791d1-fea1-4b9d-9076-37e499de6307",
                            "districts": [
                                
                            ]
                        },
                        {
                            "name": "British Indian Ocean Territory",
                            "id": "20479535-b47b-41ba-8cab-b7024bd8ec82",
                            "districts": [
                                
                            ]
                        },
                        {
                            "name": "Gambia",
                            "id": "efec8f57-a2fb-4f95-b662-d72b21d301ed",
                            "districts": [
                                
                            ]
                        },
                        {
                            "name": "Zambia",
                            "id": "4992bec5-10a9-49df-ad13-69aa7cdcfef6",
                            "districts": [
                                
                            ]
                        },
                        {
                            "name": "Eswatini",
                            "id": "d044d249-e941-47bb-8fae-8cab328ca575",
                            "districts": [
                                
                            ]
                        },
                        {
                            "name": "Mayotte",
                            "id": "f4b83278-abe2-46f6-b0c0-50eceba9a35f",
                            "districts": [
                                
                            ]
                        },
                        {
                            "name": "Burundi",
                            "id": "310ab811-40b5-48da-8a66-e7562f4cf9d1",
                            "districts": [
                                
                            ]
                        },
                        {
                            "name": "Liberia",
                            "id": "86d6e276-b027-4cf8-ad4d-c4793b3425cf",
                            "districts": [
                                
                            ]
                        },
                        {
                            "name": "Mauritius",
                            "id": "a06fe50f-4ff3-483a-83c6-01ce4068ab36",
                            "districts": [
                                
                            ]
                        },
                        {
                            "name": "Sao Tome and Principe",
                            "id": "712df7d0-5d1b-401b-a832-911354b38baf",
                            "districts": [
                                
                            ]
                        },
                        {
                            "name": "Senegal",
                            "id": "990cb125-2ede-4648-b5d4-698d0e6ad712",
                            "districts": [
                                
                            ]
                        },
                        {
                            "name": "Botswana",
                            "id": "f177f103-59bd-4527-831e-101af0a373bd",
                            "districts": [
                                
                            ]
                        },
                        {
                            "name": "Rwanda",
                            "id": "5507db6a-9757-40e2-a498-f8cb8df70fb8",
                            "districts": [
                                
                            ]
                        },
                        {
                            "name": "Niger",
                            "id": "74150778-002b-4ca3-a064-41c5cad3f026",
                            "districts": [
                                
                            ]
                        },
                        {
                            "name": "Benin",
                            "id": "ec5d7439-de38-46d4-8a31-7b23b9525984",
                            "districts": [
                                
                            ]
                        },
                        {
                            "name": "Réunion",
                            "id": "e0f20522-cffc-4e66-8e7d-9334f35fce95",
                            "districts": [
                                
                            ]
                        },
                        {
                            "name": "South Africa",
                            "id": "9a7647d2-60ca-429d-90e5-905edaff872c",
                            "districts": [
                                
                            ]
                        },
                        {
                            "name": "Ghana",
                            "id": "9662349e-2c36-496a-83d5-6f746ae768a7",
                            "districts": [
                                
                            ]
                        },
                        {
                            "name": "Congo",
                            "id": "33c8a05e-4d63-49cd-a5f1-0f4a1d5ab13e",
                            "districts": [
                                
                            ]
                        },
                        {
                            "name": "Guinea-Bissau",
                            "id": "64d1845d-1963-40bc-a31b-1f45084f1644",
                            "districts": [
                                
                            ]
                        },
                        {
                            "name": "Togo",
                            "id": "9d383757-b95f-44da-b535-3887ed82679f",
                            "districts": [
                                
                            ]
                        },
                        {
                            "name": "Namibia",
                            "id": "cf9f295f-bf4c-4a8b-8738-53c6a9ed55b1",
                            "districts": [
                                
                            ]
                        },
                        {
                            "name": "Djibouti",
                            "id": "ba974fdc-3dea-4b6b-a2f3-34624faa59a7",
                            "districts": [
                                
                            ]
                        },
                        {
                            "name": "Gabon",
                            "id": "8f6be81f-6b58-4a61-b684-5c2d620a0e74",
                            "districts": [
                                
                            ]
                        },
                        {
                            "name": "Lesotho",
                            "id": "300752f4-088e-403c-95b0-7a670c09f8cc",
                            "districts": [
                                
                            ]
                        },
                        {
                            "name": "Madagascar",
                            "id": "eb4c5e71-f839-4f3c-8e93-49ef57f4fe8d",
                            "districts": [
                                
                            ]
                        },
                        {
                            "name": "Uganda",
                            "id": "b1693449-e104-47c0-94db-f55cc6c850d5",
                            "districts": [
                                
                            ]
                        },
                        {
                            "name": "Côte d\"Ivoire",
                            "id": "59276e01-0d64-487a-aec6-332ae91f9909",
                            "districts": [
                                
                            ]
                        },
                        {
                            "name": "Nigeria",
                            "id": "3c94aa61-055d-4c38-a40b-67dff395beda",
                            "districts": [
                                
                            ]
                        },
                        {
                            "name": "Zimbabwe",
                            "id": "bfbf9853-bae3-4e57-b7cd-1e9228e8b1f3",
                            "districts": [
                                
                            ]
                        },
                        {
                            "name": "Seychelles",
                            "id": "4c63d1f6-87ba-45f1-9414-eb22bfba46c2",
                            "districts": [
                                
                            ]
                        },
                        {
                            "name": "Cameroon",
                            "id": "0495fba0-693d-433a-a9ef-6bc2ccab6093",
                            "districts": [
                                
                            ]
                        },
                        {
                            "name": "Guinea",
                            "id": "eda1a6fb-f95b-4664-b352-8a468c499b34",
                            "districts": [
                                
                            ]
                        },
                        {
                            "name": "Kenya",
                            "id": "06702720-9c60-4210-8eed-8824f1cc80c2",
                            "districts": [
                                
                            ]
                        },
                        {
                            "name": "Mozambique",
                            "id": "df394703-b3a5-4d0f-aa33-db8b10ba29ab",
                            "districts": [
                                
                            ]
                        },
                        {
                            "name": "Saint Helena, Ascension and Tristan da Cunha",
                            "id": "e379e052-1704-4e98-b4fd-fdac7ca1f9a0",
                            "districts": [
                                
                            ]
                        },
                        {
                            "name": "Ethiopia",
                            "id": "77d5d6a2-5f01-41b8-b06d-88b9efc618f8",
                            "districts": [
                                
                            ]
                        },
                        {
                            "name": "Comoros",
                            "id": "ae0a4c53-9eea-4b4f-b7ab-98750eb58582",
                            "districts": [
                                
                            ]
                        },
                        {
                            "name": "Malawi",
                            "id": "31ffdf7e-d375-4c19-8b4c-6ac8e4486727",
                            "districts": [
                                
                            ]
                        },
                        {
                            "name": "Somalia",
                            "id": "630c356f-e198-4cd0-8e91-b29002c2aca7",
                            "districts": [
                                
                            ]
                        },
                        {
                            "name": "Congo, Democratic Republic of the",
                            "id": "55a5fe27-565c-4963-88c0-9a3ec24dea5c",
                            "districts": [
                                
                            ]
                        },
                        {
                            "name": "Equatorial Guinea",
                            "id": "9d2dd243-9754-4962-a556-6dbbf85b248a",
                            "districts": [
                                
                            ]
                        },
                        {
                            "name": "Chad",
                            "id": "4c4abd99-f4df-4fee-bac5-e2a1eef7ec0f",
                            "districts": [
                                
                            ]
                        },
                        {
                            "name": "Tanzania, United Republic of",
                            "id": "30d8662e-655f-43c8-b307-a2dc0046ebe5",
                            "districts": [
                                
                            ]
                        },
                        {
                            "name": "Sierra Leone",
                            "id": "e2135c5c-dfd3-4d44-b16f-0c29186836ce",
                            "districts": [
                                
                            ]
                        },
                        {
                            "name": "Eritrea",
                            "id": "bdd50ea2-c82d-44e8-b493-09892c245a6d",
                            "districts": [
                                
                            ]
                        },
                        {
                            "name": "Central African Republic",
                            "id": "59d2224e-e8a9-4e08-bf66-6ca50cf3d5e7",
                            "districts": [
                                
                            ]
                        },
                        {
                            "name": "South Sudan",
                            "id": "96e00183-809e-408c-b2f2-0042a6a8a8ba",
                            "districts": [
                                
                            ]
                        },
                        {
                            "name": "Mauritania",
                            "id": "780c64c4-cea5-4b78-85af-7be29c96025f",
                            "districts": [
                                
                            ]
                        },
                        {
                            "name": "Burkina Faso",
                            "id": "cedf0037-0cb1-4ad8-8a83-9ae64bc44992",
                            "districts": [
                                
                            ]
                        }
                    ]
                }
            },
            {
                "id": "ba974fdc-3dea-4b6b-a2f3-34624faa59a7",
                "region": {
                    "countries": [
                        {
                            "name": "Angola",
                            "id": "5e9f919f-2d42-42ec-8b6c-adf7f7b3cd0b",
                            "districts": [
                                
                            ]
                        },
                        {
                            "name": "Cabo Verde",
                            "id": "e5489353-76dd-4d8d-b61e-d349c6356c68",
                            "districts": [
                                
                            ]
                        },
                        {
                            "name": "Mali",
                            "id": "dd9791d1-fea1-4b9d-9076-37e499de6307",
                            "districts": [
                                
                            ]
                        },
                        {
                            "name": "British Indian Ocean Territory",
                            "id": "20479535-b47b-41ba-8cab-b7024bd8ec82",
                            "districts": [
                                
                            ]
                        },
                        {
                            "name": "Gambia",
                            "id": "efec8f57-a2fb-4f95-b662-d72b21d301ed",
                            "districts": [
                                
                            ]
                        },
                        {
                            "name": "Zambia",
                            "id": "4992bec5-10a9-49df-ad13-69aa7cdcfef6",
                            "districts": [
                                
                            ]
                        },
                        {
                            "name": "Eswatini",
                            "id": "d044d249-e941-47bb-8fae-8cab328ca575",
                            "districts": [
                                
                            ]
                        },
                        {
                            "name": "Mayotte",
                            "id": "f4b83278-abe2-46f6-b0c0-50eceba9a35f",
                            "districts": [
                                
                            ]
                        },
                        {
                            "name": "Burundi",
                            "id": "310ab811-40b5-48da-8a66-e7562f4cf9d1",
                            "districts": [
                                
                            ]
                        },
                        {
                            "name": "Liberia",
                            "id": "86d6e276-b027-4cf8-ad4d-c4793b3425cf",
                            "districts": [
                                
                            ]
                        },
                        {
                            "name": "Mauritius",
                            "id": "a06fe50f-4ff3-483a-83c6-01ce4068ab36",
                            "districts": [
                                
                            ]
                        },
                        {
                            "name": "Sao Tome and Principe",
                            "id": "712df7d0-5d1b-401b-a832-911354b38baf",
                            "districts": [
                                
                            ]
                        },
                        {
                            "name": "Senegal",
                            "id": "990cb125-2ede-4648-b5d4-698d0e6ad712",
                            "districts": [
                                
                            ]
                        },
                        {
                            "name": "Botswana",
                            "id": "f177f103-59bd-4527-831e-101af0a373bd",
                            "districts": [
                                
                            ]
                        },
                        {
                            "name": "Rwanda",
                            "id": "5507db6a-9757-40e2-a498-f8cb8df70fb8",
                            "districts": [
                                
                            ]
                        },
                        {
                            "name": "Niger",
                            "id": "74150778-002b-4ca3-a064-41c5cad3f026",
                            "districts": [
                                
                            ]
                        },
                        {
                            "name": "Benin",
                            "id": "ec5d7439-de38-46d4-8a31-7b23b9525984",
                            "districts": [
                                
                            ]
                        },
                        {
                            "name": "Réunion",
                            "id": "e0f20522-cffc-4e66-8e7d-9334f35fce95",
                            "districts": [
                                
                            ]
                        },
                        {
                            "name": "South Africa",
                            "id": "9a7647d2-60ca-429d-90e5-905edaff872c",
                            "districts": [
                                
                            ]
                        },
                        {
                            "name": "Ghana",
                            "id": "9662349e-2c36-496a-83d5-6f746ae768a7",
                            "districts": [
                                
                            ]
                        },
                        {
                            "name": "Congo",
                            "id": "33c8a05e-4d63-49cd-a5f1-0f4a1d5ab13e",
                            "districts": [
                                
                            ]
                        },
                        {
                            "name": "Guinea-Bissau",
                            "id": "64d1845d-1963-40bc-a31b-1f45084f1644",
                            "districts": [
                                
                            ]
                        },
                        {
                            "name": "Togo",
                            "id": "9d383757-b95f-44da-b535-3887ed82679f",
                            "districts": [
                                
                            ]
                        },
                        {
                            "name": "Namibia",
                            "id": "cf9f295f-bf4c-4a8b-8738-53c6a9ed55b1",
                            "districts": [
                                
                            ]
                        },
                        {
                            "name": "Djibouti",
                            "id": "ba974fdc-3dea-4b6b-a2f3-34624faa59a7",
                            "districts": [
                                
                            ]
                        },
                        {
                            "name": "Gabon",
                            "id": "8f6be81f-6b58-4a61-b684-5c2d620a0e74",
                            "districts": [
                                
                            ]
                        },
                        {
                            "name": "Lesotho",
                            "id": "300752f4-088e-403c-95b0-7a670c09f8cc",
                            "districts": [
                                
                            ]
                        },
                        {
                            "name": "Madagascar",
                            "id": "eb4c5e71-f839-4f3c-8e93-49ef57f4fe8d",
                            "districts": [
                                
                            ]
                        },
                        {
                            "name": "Uganda",
                            "id": "b1693449-e104-47c0-94db-f55cc6c850d5",
                            "districts": [
                                
                            ]
                        },
                        {
                            "name": "Côte d\"Ivoire",
                            "id": "59276e01-0d64-487a-aec6-332ae91f9909",
                            "districts": [
                                
                            ]
                        },
                        {
                            "name": "Nigeria",
                            "id": "3c94aa61-055d-4c38-a40b-67dff395beda",
                            "districts": [
                                
                            ]
                        },
                        {
                            "name": "Zimbabwe",
                            "id": "bfbf9853-bae3-4e57-b7cd-1e9228e8b1f3",
                            "districts": [
                                
                            ]
                        },
                        {
                            "name": "Seychelles",
                            "id": "4c63d1f6-87ba-45f1-9414-eb22bfba46c2",
                            "districts": [
                                
                            ]
                        },
                        {
                            "name": "Cameroon",
                            "id": "0495fba0-693d-433a-a9ef-6bc2ccab6093",
                            "districts": [
                                
                            ]
                        },
                        {
                            "name": "Guinea",
                            "id": "eda1a6fb-f95b-4664-b352-8a468c499b34",
                            "districts": [
                                
                            ]
                        },
                        {
                            "name": "Kenya",
                            "id": "06702720-9c60-4210-8eed-8824f1cc80c2",
                            "districts": [
                                
                            ]
                        },
                        {
                            "name": "Mozambique",
                            "id": "df394703-b3a5-4d0f-aa33-db8b10ba29ab",
                            "districts": [
                                
                            ]
                        },
                        {
                            "name": "Saint Helena, Ascension and Tristan da Cunha",
                            "id": "e379e052-1704-4e98-b4fd-fdac7ca1f9a0",
                            "districts": [
                                
                            ]
                        },
                        {
                            "name": "Ethiopia",
                            "id": "77d5d6a2-5f01-41b8-b06d-88b9efc618f8",
                            "districts": [
                                
                            ]
                        },
                        {
                            "name": "Comoros",
                            "id": "ae0a4c53-9eea-4b4f-b7ab-98750eb58582",
                            "districts": [
                                
                            ]
                        },
                        {
                            "name": "Malawi",
                            "id": "31ffdf7e-d375-4c19-8b4c-6ac8e4486727",
                            "districts": [
                                
                            ]
                        },
                        {
                            "name": "Somalia",
                            "id": "630c356f-e198-4cd0-8e91-b29002c2aca7",
                            "districts": [
                                
                            ]
                        },
                        {
                            "name": "Congo, Democratic Republic of the",
                            "id": "55a5fe27-565c-4963-88c0-9a3ec24dea5c",
                            "districts": [
                                
                            ]
                        },
                        {
                            "name": "Equatorial Guinea",
                            "id": "9d2dd243-9754-4962-a556-6dbbf85b248a",
                            "districts": [
                                
                            ]
                        },
                        {
                            "name": "Chad",
                            "id": "4c4abd99-f4df-4fee-bac5-e2a1eef7ec0f",
                            "districts": [
                                
                            ]
                        },
                        {
                            "name": "Tanzania, United Republic of",
                            "id": "30d8662e-655f-43c8-b307-a2dc0046ebe5",
                            "districts": [
                                
                            ]
                        },
                        {
                            "name": "Sierra Leone",
                            "id": "e2135c5c-dfd3-4d44-b16f-0c29186836ce",
                            "districts": [
                                
                            ]
                        },
                        {
                            "name": "Eritrea",
                            "id": "bdd50ea2-c82d-44e8-b493-09892c245a6d",
                            "districts": [
                                
                            ]
                        },
                        {
                            "name": "Central African Republic",
                            "id": "59d2224e-e8a9-4e08-bf66-6ca50cf3d5e7",
                            "districts": [
                                
                            ]
                        },
                        {
                            "name": "South Sudan",
                            "id": "96e00183-809e-408c-b2f2-0042a6a8a8ba",
                            "districts": [
                                
                            ]
                        },
                        {
                            "name": "Mauritania",
                            "id": "780c64c4-cea5-4b78-85af-7be29c96025f",
                            "districts": [
                                
                            ]
                        },
                        {
                            "name": "Burkina Faso",
                            "id": "cedf0037-0cb1-4ad8-8a83-9ae64bc44992",
                            "districts": [
                                
                            ]
                        }
                    ]
                }
            },
            {
                "id": "6a3d82cb-b14a-4f8d-8ec1-54104715b045",
                "region": {
                    "countries": [
                        {
                            "name": "Egypt",
                            "id": "118f9f5b-63b1-4bba-81bc-1f24d791fa1c",
                            "districts": [
                                
                            ]
                        },
                        {
                            "name": "Libya",
                            "id": "6a3d82cb-b14a-4f8d-8ec1-54104715b045",
                            "districts": [
                                
                            ]
                        },
                        {
                            "name": "Tunisia",
                            "id": "5fce3077-fac8-4461-bf35-b912844ea013",
                            "districts": [
                                
                            ]
                        },
                        {
                            "name": "Algeria",
                            "id": "7f7e022b-f273-4c30-aeae-b265e7caed1b",
                            "districts": [
                                
                            ]
                        },
                        {
                            "name": "Morocco",
                            "id": "edb88011-b648-4109-8190-f89775e98670",
                            "districts": [
                                
                            ]
                        },
                        {
                            "name": "Sudan",
                            "id": "6b0da14e-212e-4d9c-a26c-f37a13b1a0d4",
                            "districts": [
                                
                            ]
                        }
                    ]
                }
            },
            {
                "id": "33760701-153e-4220-b9fa-ec4342d2f0e4",
                "region": {
                    "countries": [
                        {
                            "name": "Jordan",
                            "id": "57d77108-7390-4d8b-9175-09fa2278972f",
                            "districts": [
                                
                            ]
                        },
                        {
                            "name": "Yemen",
                            "id": "e36259b6-c350-4fdc-83dc-bfdbe04765d1",
                            "districts": [
                                
                            ]
                        },
                        {
                            "name": "Bahrain",
                            "id": "cb7d2601-26e1-4af4-b27c-1130bc908636",
                            "districts": [
                                
                            ]
                        },
                        {
                            "name": "Armenia",
                            "id": "8f0fda5d-e346-4016-8651-38bc0a9db13f",
                            "districts": [
                                
                            ]
                        },
                        {
                            "name": "Kuwait",
                            "id": "04c19ad3-d5fd-4432-be03-d0f3aa0bfef4",
                            "districts": [
                                
                            ]
                        },
                        {
                            "name": "United Arab Emirates",
                            "id": "191f578d-d3e2-49a4-803c-012c36fae6b8",
                            "districts": [
                                
                            ]
                        },
                        {
                            "name": "Lebanon",
                            "id": "7d6074eb-b44c-4e01-b064-9e67695b896b",
                            "districts": [
                                
                            ]
                        },
                        {
                            "name": "Singapore",
                            "id": "20786ba0-66e7-4c86-9e62-e27456f80ed0",
                            "districts": [
                                
                            ]
                        },
                        {
                            "name": "Palestine, State of",
                            "id": "c4dbf9dc-caad-4b9b-ab84-a178363717f4",
                            "districts": [
                                
                            ]
                        },
                        {
                            "name": "Syrian Arab Republic",
                            "id": "33760701-153e-4220-b9fa-ec4342d2f0e4",
                            "districts": [
                                
                            ]
                        },
                        {
                            "name": "Georgia",
                            "id": "371dea3e-0fa3-45de-898c-05dc08e4da37",
                            "districts": [
                                
                            ]
                        },
                        {
                            "name": "Oman",
                            "id": "ebba5457-cf3a-4c92-a296-c9304075a083",
                            "districts": [
                                
                            ]
                        },
                        {
                            "name": "Azerbaijan",
                            "id": "bf0dafd8-ebe6-4b98-86ab-ed8e16475794",
                            "districts": [
                                
                            ]
                        },
                        {
                            "name": "Philippines",
                            "id": "bd3959ff-aabe-46fa-ac07-055e8436407e",
                            "districts": [
                                
                            ]
                        },
                        {
                            "name": "Israel",
                            "id": "b9435680-f62e-4437-9179-0584ae6af227",
                            "districts": [
                                
                            ]
                        },
                        {
                            "name": "Turkey",
                            "id": "eb6d71b2-8583-4c12-9063-5439639e4817",
                            "districts": [
                                
                            ]
                        },
                        {
                            "name": "Qatar",
                            "id": "6bedb61d-4a24-414a-9ddd-adb4cc1cc389",
                            "districts": [
                                
                            ]
                        },
                        {
                            "name": "Cyprus",
                            "id": "9683b8ba-efbf-4e28-9a27-6d2108466189",
                            "districts": [
                                
                            ]
                        },
                        {
                            "name": "Iraq",
                            "id": "ea4c7ed2-9ce9-4151-9531-ff9af85def73",
                            "districts": [
                                
                            ]
                        },
                        {
                            "name": "Saudi Arabia",
                            "id": "b2d5c8d1-21a7-433a-a592-38268c29f913",
                            "districts": [
                                
                            ]
                        }
                    ]
                }
            },
            {
                "id": "bb3e3ec0-3c59-46a6-9573-195fa8dd3c9e",
                "region": {
                    "countries": [
                        {
                            "name": "China",
                            "id": "99cdf9ef-7a80-40f1-801d-e294d5f9ee36",
                            "districts": [
                                
                            ]
                        },
                        {
                            "name": "Taiwan, Province of China",
                            "id": "46f6e154-7ea0-40e3-8ee2-68536a0b9e21",
                            "districts": [
                                
                            ]
                        },
                        {
                            "name": "Korea, Republic of",
                            "id": "2f24ae19-b361-4fe6-ac53-fbe75f5485d8",
                            "districts": [
                                
                            ]
                        },
                        {
                            "name": "Malaysia",
                            "id": "bb3e3ec0-3c59-46a6-9573-195fa8dd3c9e",
                            "districts": [
                                
                            ]
                        },
                        {
                            "name": "Korea (Democratic People\"s Republic of)",
                            "id": "6f72ac2e-f7a5-44c0-8726-98f91e72d8e9",
                            "districts": [
                                
                            ]
                        },
                        {
                            "name": "Myanmar",
                            "id": "7f1e32bc-9aae-4cd7-bcad-9dc6082d4811",
                            "districts": [
                                
                            ]
                        },
                        {
                            "name": "Macao",
                            "id": "e89a54d0-98ab-4404-b546-b87cdfab5e6c",
                            "districts": [
                                
                            ]
                        },
                        {
                            "name": "Mongolia",
                            "id": "8ccf4e8b-f765-4707-aff1-cb36bcbf5fb9",
                            "districts": [
                                
                            ]
                        },
                        {
                            "name": "Japan",
                            "id": "b893cdb3-ce45-4ff8-8c82-d0e5728d4fab",
                            "districts": [
                                
                            ]
                        },
                        {
                            "name": "Hong Kong",
                            "id": "66af6153-77ae-41b1-90bc-93e5d9a30416",
                            "districts": [
                                
                            ]
                        }
                    ]
                }
            },
            {
                "id": "8f6be81f-6b58-4a61-b684-5c2d620a0e74",
                "region": {
                    "countries": [
                        {
                            "name": "Angola",
                            "id": "5e9f919f-2d42-42ec-8b6c-adf7f7b3cd0b",
                            "districts": [
                                
                            ]
                        },
                        {
                            "name": "Cabo Verde",
                            "id": "e5489353-76dd-4d8d-b61e-d349c6356c68",
                            "districts": [
                                
                            ]
                        },
                        {
                            "name": "Mali",
                            "id": "dd9791d1-fea1-4b9d-9076-37e499de6307",
                            "districts": [
                                
                            ]
                        },
                        {
                            "name": "British Indian Ocean Territory",
                            "id": "20479535-b47b-41ba-8cab-b7024bd8ec82",
                            "districts": [
                                
                            ]
                        },
                        {
                            "name": "Gambia",
                            "id": "efec8f57-a2fb-4f95-b662-d72b21d301ed",
                            "districts": [
                                
                            ]
                        },
                        {
                            "name": "Zambia",
                            "id": "4992bec5-10a9-49df-ad13-69aa7cdcfef6",
                            "districts": [
                                
                            ]
                        },
                        {
                            "name": "Eswatini",
                            "id": "d044d249-e941-47bb-8fae-8cab328ca575",
                            "districts": [
                                
                            ]
                        },
                        {
                            "name": "Mayotte",
                            "id": "f4b83278-abe2-46f6-b0c0-50eceba9a35f",
                            "districts": [
                                
                            ]
                        },
                        {
                            "name": "Burundi",
                            "id": "310ab811-40b5-48da-8a66-e7562f4cf9d1",
                            "districts": [
                                
                            ]
                        },
                        {
                            "name": "Liberia",
                            "id": "86d6e276-b027-4cf8-ad4d-c4793b3425cf",
                            "districts": [
                                
                            ]
                        },
                        {
                            "name": "Mauritius",
                            "id": "a06fe50f-4ff3-483a-83c6-01ce4068ab36",
                            "districts": [
                                
                            ]
                        },
                        {
                            "name": "Sao Tome and Principe",
                            "id": "712df7d0-5d1b-401b-a832-911354b38baf",
                            "districts": [
                                
                            ]
                        },
                        {
                            "name": "Senegal",
                            "id": "990cb125-2ede-4648-b5d4-698d0e6ad712",
                            "districts": [
                                
                            ]
                        },
                        {
                            "name": "Botswana",
                            "id": "f177f103-59bd-4527-831e-101af0a373bd",
                            "districts": [
                                
                            ]
                        },
                        {
                            "name": "Rwanda",
                            "id": "5507db6a-9757-40e2-a498-f8cb8df70fb8",
                            "districts": [
                                
                            ]
                        },
                        {
                            "name": "Niger",
                            "id": "74150778-002b-4ca3-a064-41c5cad3f026",
                            "districts": [
                                
                            ]
                        },
                        {
                            "name": "Benin",
                            "id": "ec5d7439-de38-46d4-8a31-7b23b9525984",
                            "districts": [
                                
                            ]
                        },
                        {
                            "name": "Réunion",
                            "id": "e0f20522-cffc-4e66-8e7d-9334f35fce95",
                            "districts": [
                                
                            ]
                        },
                        {
                            "name": "South Africa",
                            "id": "9a7647d2-60ca-429d-90e5-905edaff872c",
                            "districts": [
                                
                            ]
                        },
                        {
                            "name": "Ghana",
                            "id": "9662349e-2c36-496a-83d5-6f746ae768a7",
                            "districts": [
                                
                            ]
                        },
                        {
                            "name": "Congo",
                            "id": "33c8a05e-4d63-49cd-a5f1-0f4a1d5ab13e",
                            "districts": [
                                
                            ]
                        },
                        {
                            "name": "Guinea-Bissau",
                            "id": "64d1845d-1963-40bc-a31b-1f45084f1644",
                            "districts": [
                                
                            ]
                        },
                        {
                            "name": "Togo",
                            "id": "9d383757-b95f-44da-b535-3887ed82679f",
                            "districts": [
                                
                            ]
                        },
                        {
                            "name": "Namibia",
                            "id": "cf9f295f-bf4c-4a8b-8738-53c6a9ed55b1",
                            "districts": [
                                
                            ]
                        },
                        {
                            "name": "Djibouti",
                            "id": "ba974fdc-3dea-4b6b-a2f3-34624faa59a7",
                            "districts": [
                                
                            ]
                        },
                        {
                            "name": "Gabon",
                            "id": "8f6be81f-6b58-4a61-b684-5c2d620a0e74",
                            "districts": [
                                
                            ]
                        },
                        {
                            "name": "Lesotho",
                            "id": "300752f4-088e-403c-95b0-7a670c09f8cc",
                            "districts": [
                                
                            ]
                        },
                        {
                            "name": "Madagascar",
                            "id": "eb4c5e71-f839-4f3c-8e93-49ef57f4fe8d",
                            "districts": [
                                
                            ]
                        },
                        {
                            "name": "Uganda",
                            "id": "b1693449-e104-47c0-94db-f55cc6c850d5",
                            "districts": [
                                
                            ]
                        },
                        {
                            "name": "Côte d\"Ivoire",
                            "id": "59276e01-0d64-487a-aec6-332ae91f9909",
                            "districts": [
                                
                            ]
                        },
                        {
                            "name": "Nigeria",
                            "id": "3c94aa61-055d-4c38-a40b-67dff395beda",
                            "districts": [
                                
                            ]
                        },
                        {
                            "name": "Zimbabwe",
                            "id": "bfbf9853-bae3-4e57-b7cd-1e9228e8b1f3",
                            "districts": [
                                
                            ]
                        },
                        {
                            "name": "Seychelles",
                            "id": "4c63d1f6-87ba-45f1-9414-eb22bfba46c2",
                            "districts": [
                                
                            ]
                        },
                        {
                            "name": "Cameroon",
                            "id": "0495fba0-693d-433a-a9ef-6bc2ccab6093",
                            "districts": [
                                
                            ]
                        },
                        {
                            "name": "Guinea",
                            "id": "eda1a6fb-f95b-4664-b352-8a468c499b34",
                            "districts": [
                                
                            ]
                        },
                        {
                            "name": "Kenya",
                            "id": "06702720-9c60-4210-8eed-8824f1cc80c2",
                            "districts": [
                                
                            ]
                        },
                        {
                            "name": "Mozambique",
                            "id": "df394703-b3a5-4d0f-aa33-db8b10ba29ab",
                            "districts": [
                                
                            ]
                        },
                        {
                            "name": "Saint Helena, Ascension and Tristan da Cunha",
                            "id": "e379e052-1704-4e98-b4fd-fdac7ca1f9a0",
                            "districts": [
                                
                            ]
                        },
                        {
                            "name": "Ethiopia",
                            "id": "77d5d6a2-5f01-41b8-b06d-88b9efc618f8",
                            "districts": [
                                
                            ]
                        },
                        {
                            "name": "Comoros",
                            "id": "ae0a4c53-9eea-4b4f-b7ab-98750eb58582",
                            "districts": [
                                
                            ]
                        },
                        {
                            "name": "Malawi",
                            "id": "31ffdf7e-d375-4c19-8b4c-6ac8e4486727",
                            "districts": [
                                
                            ]
                        },
                        {
                            "name": "Somalia",
                            "id": "630c356f-e198-4cd0-8e91-b29002c2aca7",
                            "districts": [
                                
                            ]
                        },
                        {
                            "name": "Congo, Democratic Republic of the",
                            "id": "55a5fe27-565c-4963-88c0-9a3ec24dea5c",
                            "districts": [
                                
                            ]
                        },
                        {
                            "name": "Equatorial Guinea",
                            "id": "9d2dd243-9754-4962-a556-6dbbf85b248a",
                            "districts": [
                                
                            ]
                        },
                        {
                            "name": "Chad",
                            "id": "4c4abd99-f4df-4fee-bac5-e2a1eef7ec0f",
                            "districts": [
                                
                            ]
                        },
                        {
                            "name": "Tanzania, United Republic of",
                            "id": "30d8662e-655f-43c8-b307-a2dc0046ebe5",
                            "districts": [
                                
                            ]
                        },
                        {
                            "name": "Sierra Leone",
                            "id": "e2135c5c-dfd3-4d44-b16f-0c29186836ce",
                            "districts": [
                                
                            ]
                        },
                        {
                            "name": "Eritrea",
                            "id": "bdd50ea2-c82d-44e8-b493-09892c245a6d",
                            "districts": [
                                
                            ]
                        },
                        {
                            "name": "Central African Republic",
                            "id": "59d2224e-e8a9-4e08-bf66-6ca50cf3d5e7",
                            "districts": [
                                
                            ]
                        },
                        {
                            "name": "South Sudan",
                            "id": "96e00183-809e-408c-b2f2-0042a6a8a8ba",
                            "districts": [
                                
                            ]
                        },
                        {
                            "name": "Mauritania",
                            "id": "780c64c4-cea5-4b78-85af-7be29c96025f",
                            "districts": [
                                
                            ]
                        },
                        {
                            "name": "Burkina Faso",
                            "id": "cedf0037-0cb1-4ad8-8a83-9ae64bc44992",
                            "districts": [
                                
                            ]
                        }
                    ]
                }
            },
            {
                "id": "300752f4-088e-403c-95b0-7a670c09f8cc",
                "region": {
                    "countries": [
                        {
                            "name": "Angola",
                            "id": "5e9f919f-2d42-42ec-8b6c-adf7f7b3cd0b",
                            "districts": [
                                
                            ]
                        },
                        {
                            "name": "Cabo Verde",
                            "id": "e5489353-76dd-4d8d-b61e-d349c6356c68",
                            "districts": [
                                
                            ]
                        },
                        {
                            "name": "Mali",
                            "id": "dd9791d1-fea1-4b9d-9076-37e499de6307",
                            "districts": [
                                
                            ]
                        },
                        {
                            "name": "British Indian Ocean Territory",
                            "id": "20479535-b47b-41ba-8cab-b7024bd8ec82",
                            "districts": [
                                
                            ]
                        },
                        {
                            "name": "Gambia",
                            "id": "efec8f57-a2fb-4f95-b662-d72b21d301ed",
                            "districts": [
                                
                            ]
                        },
                        {
                            "name": "Zambia",
                            "id": "4992bec5-10a9-49df-ad13-69aa7cdcfef6",
                            "districts": [
                                
                            ]
                        },
                        {
                            "name": "Eswatini",
                            "id": "d044d249-e941-47bb-8fae-8cab328ca575",
                            "districts": [
                                
                            ]
                        },
                        {
                            "name": "Mayotte",
                            "id": "f4b83278-abe2-46f6-b0c0-50eceba9a35f",
                            "districts": [
                                
                            ]
                        },
                        {
                            "name": "Burundi",
                            "id": "310ab811-40b5-48da-8a66-e7562f4cf9d1",
                            "districts": [
                                
                            ]
                        },
                        {
                            "name": "Liberia",
                            "id": "86d6e276-b027-4cf8-ad4d-c4793b3425cf",
                            "districts": [
                                
                            ]
                        },
                        {
                            "name": "Mauritius",
                            "id": "a06fe50f-4ff3-483a-83c6-01ce4068ab36",
                            "districts": [
                                
                            ]
                        },
                        {
                            "name": "Sao Tome and Principe",
                            "id": "712df7d0-5d1b-401b-a832-911354b38baf",
                            "districts": [
                                
                            ]
                        },
                        {
                            "name": "Senegal",
                            "id": "990cb125-2ede-4648-b5d4-698d0e6ad712",
                            "districts": [
                                
                            ]
                        },
                        {
                            "name": "Botswana",
                            "id": "f177f103-59bd-4527-831e-101af0a373bd",
                            "districts": [
                                
                            ]
                        },
                        {
                            "name": "Rwanda",
                            "id": "5507db6a-9757-40e2-a498-f8cb8df70fb8",
                            "districts": [
                                
                            ]
                        },
                        {
                            "name": "Niger",
                            "id": "74150778-002b-4ca3-a064-41c5cad3f026",
                            "districts": [
                                
                            ]
                        },
                        {
                            "name": "Benin",
                            "id": "ec5d7439-de38-46d4-8a31-7b23b9525984",
                            "districts": [
                                
                            ]
                        },
                        {
                            "name": "Réunion",
                            "id": "e0f20522-cffc-4e66-8e7d-9334f35fce95",
                            "districts": [
                                
                            ]
                        },
                        {
                            "name": "South Africa",
                            "id": "9a7647d2-60ca-429d-90e5-905edaff872c",
                            "districts": [
                                
                            ]
                        },
                        {
                            "name": "Ghana",
                            "id": "9662349e-2c36-496a-83d5-6f746ae768a7",
                            "districts": [
                                
                            ]
                        },
                        {
                            "name": "Congo",
                            "id": "33c8a05e-4d63-49cd-a5f1-0f4a1d5ab13e",
                            "districts": [
                                
                            ]
                        },
                        {
                            "name": "Guinea-Bissau",
                            "id": "64d1845d-1963-40bc-a31b-1f45084f1644",
                            "districts": [
                                
                            ]
                        },
                        {
                            "name": "Togo",
                            "id": "9d383757-b95f-44da-b535-3887ed82679f",
                            "districts": [
                                
                            ]
                        },
                        {
                            "name": "Namibia",
                            "id": "cf9f295f-bf4c-4a8b-8738-53c6a9ed55b1",
                            "districts": [
                                
                            ]
                        },
                        {
                            "name": "Djibouti",
                            "id": "ba974fdc-3dea-4b6b-a2f3-34624faa59a7",
                            "districts": [
                                
                            ]
                        },
                        {
                            "name": "Gabon",
                            "id": "8f6be81f-6b58-4a61-b684-5c2d620a0e74",
                            "districts": [
                                
                            ]
                        },
                        {
                            "name": "Lesotho",
                            "id": "300752f4-088e-403c-95b0-7a670c09f8cc",
                            "districts": [
                                
                            ]
                        },
                        {
                            "name": "Madagascar",
                            "id": "eb4c5e71-f839-4f3c-8e93-49ef57f4fe8d",
                            "districts": [
                                
                            ]
                        },
                        {
                            "name": "Uganda",
                            "id": "b1693449-e104-47c0-94db-f55cc6c850d5",
                            "districts": [
                                
                            ]
                        },
                        {
                            "name": "Côte d\"Ivoire",
                            "id": "59276e01-0d64-487a-aec6-332ae91f9909",
                            "districts": [
                                
                            ]
                        },
                        {
                            "name": "Nigeria",
                            "id": "3c94aa61-055d-4c38-a40b-67dff395beda",
                            "districts": [
                                
                            ]
                        },
                        {
                            "name": "Zimbabwe",
                            "id": "bfbf9853-bae3-4e57-b7cd-1e9228e8b1f3",
                            "districts": [
                                
                            ]
                        },
                        {
                            "name": "Seychelles",
                            "id": "4c63d1f6-87ba-45f1-9414-eb22bfba46c2",
                            "districts": [
                                
                            ]
                        },
                        {
                            "name": "Cameroon",
                            "id": "0495fba0-693d-433a-a9ef-6bc2ccab6093",
                            "districts": [
                                
                            ]
                        },
                        {
                            "name": "Guinea",
                            "id": "eda1a6fb-f95b-4664-b352-8a468c499b34",
                            "districts": [
                                
                            ]
                        },
                        {
                            "name": "Kenya",
                            "id": "06702720-9c60-4210-8eed-8824f1cc80c2",
                            "districts": [
                                
                            ]
                        },
                        {
                            "name": "Mozambique",
                            "id": "df394703-b3a5-4d0f-aa33-db8b10ba29ab",
                            "districts": [
                                
                            ]
                        },
                        {
                            "name": "Saint Helena, Ascension and Tristan da Cunha",
                            "id": "e379e052-1704-4e98-b4fd-fdac7ca1f9a0",
                            "districts": [
                                
                            ]
                        },
                        {
                            "name": "Ethiopia",
                            "id": "77d5d6a2-5f01-41b8-b06d-88b9efc618f8",
                            "districts": [
                                
                            ]
                        },
                        {
                            "name": "Comoros",
                            "id": "ae0a4c53-9eea-4b4f-b7ab-98750eb58582",
                            "districts": [
                                
                            ]
                        },
                        {
                            "name": "Malawi",
                            "id": "31ffdf7e-d375-4c19-8b4c-6ac8e4486727",
                            "districts": [
                                
                            ]
                        },
                        {
                            "name": "Somalia",
                            "id": "630c356f-e198-4cd0-8e91-b29002c2aca7",
                            "districts": [
                                
                            ]
                        },
                        {
                            "name": "Congo, Democratic Republic of the",
                            "id": "55a5fe27-565c-4963-88c0-9a3ec24dea5c",
                            "districts": [
                                
                            ]
                        },
                        {
                            "name": "Equatorial Guinea",
                            "id": "9d2dd243-9754-4962-a556-6dbbf85b248a",
                            "districts": [
                                
                            ]
                        },
                        {
                            "name": "Chad",
                            "id": "4c4abd99-f4df-4fee-bac5-e2a1eef7ec0f",
                            "districts": [
                                
                            ]
                        },
                        {
                            "name": "Tanzania, United Republic of",
                            "id": "30d8662e-655f-43c8-b307-a2dc0046ebe5",
                            "districts": [
                                
                            ]
                        },
                        {
                            "name": "Sierra Leone",
                            "id": "e2135c5c-dfd3-4d44-b16f-0c29186836ce",
                            "districts": [
                                
                            ]
                        },
                        {
                            "name": "Eritrea",
                            "id": "bdd50ea2-c82d-44e8-b493-09892c245a6d",
                            "districts": [
                                
                            ]
                        },
                        {
                            "name": "Central African Republic",
                            "id": "59d2224e-e8a9-4e08-bf66-6ca50cf3d5e7",
                            "districts": [
                                
                            ]
                        },
                        {
                            "name": "South Sudan",
                            "id": "96e00183-809e-408c-b2f2-0042a6a8a8ba",
                            "districts": [
                                
                            ]
                        },
                        {
                            "name": "Mauritania",
                            "id": "780c64c4-cea5-4b78-85af-7be29c96025f",
                            "districts": [
                                
                            ]
                        },
                        {
                            "name": "Burkina Faso",
                            "id": "cedf0037-0cb1-4ad8-8a83-9ae64bc44992",
                            "districts": [
                                
                            ]
                        }
                    ]
                }
            },
            {
                "id": "98815a15-47a6-4679-86d8-5e1a5214ba11",
                "region": {
                    "countries": [
                        {
                            "name": "Kyrgyzstan",
                            "id": "c046ec2c-b375-45c7-9558-cb8adfca0651",
                            "districts": [
                                
                            ]
                        },
                        {
                            "name": "Uzbekistan",
                            "id": "997ef444-25be-4a56-896e-bc450f736b57",
                            "districts": [
                                
                            ]
                        },
                        {
                            "name": "Kazakhstan",
                            "id": "26bc4b50-82d3-4b68-817d-795f011ee9af",
                            "districts": [
                                
                            ]
                        },
                        {
                            "name": "Thailand",
                            "id": "b7a44eef-15f4-4b45-bdef-070637f8af87",
                            "districts": [
                                
                            ]
                        },
                        {
                            "name": "Timor-Leste",
                            "id": "5d000f83-13ca-4649-bb2d-d2be565f0a2c",
                            "districts": [
                                
                            ]
                        },
                        {
                            "name": "Lao People\"s Democratic Republic",
                            "id": "98815a15-47a6-4679-86d8-5e1a5214ba11",
                            "districts": [
                                
                            ]
                        },
                        {
                            "name": "Tajikistan",
                            "id": "d1c132e4-e157-47fd-906c-458d7df6ba96",
                            "districts": [
                                
                            ]
                        },
                        {
                            "name": "Turkmenistan",
                            "id": "ecde24a4-68ca-45de-9021-e9c3a446caff",
                            "districts": [
                                
                            ]
                        },
                        {
                            "name": "Viet Nam",
                            "id": "c9d61dfb-f6d4-4ecc-a4a8-b6fc4861376a",
                            "districts": [
                                
                            ]
                        }
                    ]
                }
            },
            {
                "id": "6f72ac2e-f7a5-44c0-8726-98f91e72d8e9",
                "region": {
                    "countries": [
                        {
                            "name": "China",
                            "id": "99cdf9ef-7a80-40f1-801d-e294d5f9ee36",
                            "districts": [
                                
                            ]
                        },
                        {
                            "name": "Taiwan, Province of China",
                            "id": "46f6e154-7ea0-40e3-8ee2-68536a0b9e21",
                            "districts": [
                                
                            ]
                        },
                        {
                            "name": "Korea, Republic of",
                            "id": "2f24ae19-b361-4fe6-ac53-fbe75f5485d8",
                            "districts": [
                                
                            ]
                        },
                        {
                            "name": "Malaysia",
                            "id": "bb3e3ec0-3c59-46a6-9573-195fa8dd3c9e",
                            "districts": [
                                
                            ]
                        },
                        {
                            "name": "Korea (Democratic People\"s Republic of)",
                            "id": "6f72ac2e-f7a5-44c0-8726-98f91e72d8e9",
                            "districts": [
                                
                            ]
                        },
                        {
                            "name": "Myanmar",
                            "id": "7f1e32bc-9aae-4cd7-bcad-9dc6082d4811",
                            "districts": [
                                
                            ]
                        },
                        {
                            "name": "Macao",
                            "id": "e89a54d0-98ab-4404-b546-b87cdfab5e6c",
                            "districts": [
                                
                            ]
                        },
                        {
                            "name": "Mongolia",
                            "id": "8ccf4e8b-f765-4707-aff1-cb36bcbf5fb9",
                            "districts": [
                                
                            ]
                        },
                        {
                            "name": "Japan",
                            "id": "b893cdb3-ce45-4ff8-8c82-d0e5728d4fab",
                            "districts": [
                                
                            ]
                        },
                        {
                            "name": "Hong Kong",
                            "id": "66af6153-77ae-41b1-90bc-93e5d9a30416",
                            "districts": [
                                
                            ]
                        }
                    ]
                }
            },
            {
                "id": "eb4c5e71-f839-4f3c-8e93-49ef57f4fe8d",
                "region": {
                    "countries": [
                        {
                            "name": "Angola",
                            "id": "5e9f919f-2d42-42ec-8b6c-adf7f7b3cd0b",
                            "districts": [
                                
                            ]
                        },
                        {
                            "name": "Cabo Verde",
                            "id": "e5489353-76dd-4d8d-b61e-d349c6356c68",
                            "districts": [
                                
                            ]
                        },
                        {
                            "name": "Mali",
                            "id": "dd9791d1-fea1-4b9d-9076-37e499de6307",
                            "districts": [
                                
                            ]
                        },
                        {
                            "name": "British Indian Ocean Territory",
                            "id": "20479535-b47b-41ba-8cab-b7024bd8ec82",
                            "districts": [
                                
                            ]
                        },
                        {
                            "name": "Gambia",
                            "id": "efec8f57-a2fb-4f95-b662-d72b21d301ed",
                            "districts": [
                                
                            ]
                        },
                        {
                            "name": "Zambia",
                            "id": "4992bec5-10a9-49df-ad13-69aa7cdcfef6",
                            "districts": [
                                
                            ]
                        },
                        {
                            "name": "Eswatini",
                            "id": "d044d249-e941-47bb-8fae-8cab328ca575",
                            "districts": [
                                
                            ]
                        },
                        {
                            "name": "Mayotte",
                            "id": "f4b83278-abe2-46f6-b0c0-50eceba9a35f",
                            "districts": [
                                
                            ]
                        },
                        {
                            "name": "Burundi",
                            "id": "310ab811-40b5-48da-8a66-e7562f4cf9d1",
                            "districts": [
                                
                            ]
                        },
                        {
                            "name": "Liberia",
                            "id": "86d6e276-b027-4cf8-ad4d-c4793b3425cf",
                            "districts": [
                                
                            ]
                        },
                        {
                            "name": "Mauritius",
                            "id": "a06fe50f-4ff3-483a-83c6-01ce4068ab36",
                            "districts": [
                                
                            ]
                        },
                        {
                            "name": "Sao Tome and Principe",
                            "id": "712df7d0-5d1b-401b-a832-911354b38baf",
                            "districts": [
                                
                            ]
                        },
                        {
                            "name": "Senegal",
                            "id": "990cb125-2ede-4648-b5d4-698d0e6ad712",
                            "districts": [
                                
                            ]
                        },
                        {
                            "name": "Botswana",
                            "id": "f177f103-59bd-4527-831e-101af0a373bd",
                            "districts": [
                                
                            ]
                        },
                        {
                            "name": "Rwanda",
                            "id": "5507db6a-9757-40e2-a498-f8cb8df70fb8",
                            "districts": [
                                
                            ]
                        },
                        {
                            "name": "Niger",
                            "id": "74150778-002b-4ca3-a064-41c5cad3f026",
                            "districts": [
                                
                            ]
                        },
                        {
                            "name": "Benin",
                            "id": "ec5d7439-de38-46d4-8a31-7b23b9525984",
                            "districts": [
                                
                            ]
                        },
                        {
                            "name": "Réunion",
                            "id": "e0f20522-cffc-4e66-8e7d-9334f35fce95",
                            "districts": [
                                
                            ]
                        },
                        {
                            "name": "South Africa",
                            "id": "9a7647d2-60ca-429d-90e5-905edaff872c",
                            "districts": [
                                
                            ]
                        },
                        {
                            "name": "Ghana",
                            "id": "9662349e-2c36-496a-83d5-6f746ae768a7",
                            "districts": [
                                
                            ]
                        },
                        {
                            "name": "Congo",
                            "id": "33c8a05e-4d63-49cd-a5f1-0f4a1d5ab13e",
                            "districts": [
                                
                            ]
                        },
                        {
                            "name": "Guinea-Bissau",
                            "id": "64d1845d-1963-40bc-a31b-1f45084f1644",
                            "districts": [
                                
                            ]
                        },
                        {
                            "name": "Togo",
                            "id": "9d383757-b95f-44da-b535-3887ed82679f",
                            "districts": [
                                
                            ]
                        },
                        {
                            "name": "Namibia",
                            "id": "cf9f295f-bf4c-4a8b-8738-53c6a9ed55b1",
                            "districts": [
                                
                            ]
                        },
                        {
                            "name": "Djibouti",
                            "id": "ba974fdc-3dea-4b6b-a2f3-34624faa59a7",
                            "districts": [
                                
                            ]
                        },
                        {
                            "name": "Gabon",
                            "id": "8f6be81f-6b58-4a61-b684-5c2d620a0e74",
                            "districts": [
                                
                            ]
                        },
                        {
                            "name": "Lesotho",
                            "id": "300752f4-088e-403c-95b0-7a670c09f8cc",
                            "districts": [
                                
                            ]
                        },
                        {
                            "name": "Madagascar",
                            "id": "eb4c5e71-f839-4f3c-8e93-49ef57f4fe8d",
                            "districts": [
                                
                            ]
                        },
                        {
                            "name": "Uganda",
                            "id": "b1693449-e104-47c0-94db-f55cc6c850d5",
                            "districts": [
                                
                            ]
                        },
                        {
                            "name": "Côte d\"Ivoire",
                            "id": "59276e01-0d64-487a-aec6-332ae91f9909",
                            "districts": [
                                
                            ]
                        },
                        {
                            "name": "Nigeria",
                            "id": "3c94aa61-055d-4c38-a40b-67dff395beda",
                            "districts": [
                                
                            ]
                        },
                        {
                            "name": "Zimbabwe",
                            "id": "bfbf9853-bae3-4e57-b7cd-1e9228e8b1f3",
                            "districts": [
                                
                            ]
                        },
                        {
                            "name": "Seychelles",
                            "id": "4c63d1f6-87ba-45f1-9414-eb22bfba46c2",
                            "districts": [
                                
                            ]
                        },
                        {
                            "name": "Cameroon",
                            "id": "0495fba0-693d-433a-a9ef-6bc2ccab6093",
                            "districts": [
                                
                            ]
                        },
                        {
                            "name": "Guinea",
                            "id": "eda1a6fb-f95b-4664-b352-8a468c499b34",
                            "districts": [
                                
                            ]
                        },
                        {
                            "name": "Kenya",
                            "id": "06702720-9c60-4210-8eed-8824f1cc80c2",
                            "districts": [
                                
                            ]
                        },
                        {
                            "name": "Mozambique",
                            "id": "df394703-b3a5-4d0f-aa33-db8b10ba29ab",
                            "districts": [
                                
                            ]
                        },
                        {
                            "name": "Saint Helena, Ascension and Tristan da Cunha",
                            "id": "e379e052-1704-4e98-b4fd-fdac7ca1f9a0",
                            "districts": [
                                
                            ]
                        },
                        {
                            "name": "Ethiopia",
                            "id": "77d5d6a2-5f01-41b8-b06d-88b9efc618f8",
                            "districts": [
                                
                            ]
                        },
                        {
                            "name": "Comoros",
                            "id": "ae0a4c53-9eea-4b4f-b7ab-98750eb58582",
                            "districts": [
                                
                            ]
                        },
                        {
                            "name": "Malawi",
                            "id": "31ffdf7e-d375-4c19-8b4c-6ac8e4486727",
                            "districts": [
                                
                            ]
                        },
                        {
                            "name": "Somalia",
                            "id": "630c356f-e198-4cd0-8e91-b29002c2aca7",
                            "districts": [
                                
                            ]
                        },
                        {
                            "name": "Congo, Democratic Republic of the",
                            "id": "55a5fe27-565c-4963-88c0-9a3ec24dea5c",
                            "districts": [
                                
                            ]
                        },
                        {
                            "name": "Equatorial Guinea",
                            "id": "9d2dd243-9754-4962-a556-6dbbf85b248a",
                            "districts": [
                                
                            ]
                        },
                        {
                            "name": "Chad",
                            "id": "4c4abd99-f4df-4fee-bac5-e2a1eef7ec0f",
                            "districts": [
                                
                            ]
                        },
                        {
                            "name": "Tanzania, United Republic of",
                            "id": "30d8662e-655f-43c8-b307-a2dc0046ebe5",
                            "districts": [
                                
                            ]
                        },
                        {
                            "name": "Sierra Leone",
                            "id": "e2135c5c-dfd3-4d44-b16f-0c29186836ce",
                            "districts": [
                                
                            ]
                        },
                        {
                            "name": "Eritrea",
                            "id": "bdd50ea2-c82d-44e8-b493-09892c245a6d",
                            "districts": [
                                
                            ]
                        },
                        {
                            "name": "Central African Republic",
                            "id": "59d2224e-e8a9-4e08-bf66-6ca50cf3d5e7",
                            "districts": [
                                
                            ]
                        },
                        {
                            "name": "South Sudan",
                            "id": "96e00183-809e-408c-b2f2-0042a6a8a8ba",
                            "districts": [
                                
                            ]
                        },
                        {
                            "name": "Mauritania",
                            "id": "780c64c4-cea5-4b78-85af-7be29c96025f",
                            "districts": [
                                
                            ]
                        },
                        {
                            "name": "Burkina Faso",
                            "id": "cedf0037-0cb1-4ad8-8a83-9ae64bc44992",
                            "districts": [
                                
                            ]
                        }
                    ]
                }
            },
            {
                "id": "b1693449-e104-47c0-94db-f55cc6c850d5",
                "region": {
                    "countries": [
                        {
                            "name": "Angola",
                            "id": "5e9f919f-2d42-42ec-8b6c-adf7f7b3cd0b",
                            "districts": [
                                
                            ]
                        },
                        {
                            "name": "Cabo Verde",
                            "id": "e5489353-76dd-4d8d-b61e-d349c6356c68",
                            "districts": [
                                
                            ]
                        },
                        {
                            "name": "Mali",
                            "id": "dd9791d1-fea1-4b9d-9076-37e499de6307",
                            "districts": [
                                
                            ]
                        },
                        {
                            "name": "British Indian Ocean Territory",
                            "id": "20479535-b47b-41ba-8cab-b7024bd8ec82",
                            "districts": [
                                
                            ]
                        },
                        {
                            "name": "Gambia",
                            "id": "efec8f57-a2fb-4f95-b662-d72b21d301ed",
                            "districts": [
                                
                            ]
                        },
                        {
                            "name": "Zambia",
                            "id": "4992bec5-10a9-49df-ad13-69aa7cdcfef6",
                            "districts": [
                                
                            ]
                        },
                        {
                            "name": "Eswatini",
                            "id": "d044d249-e941-47bb-8fae-8cab328ca575",
                            "districts": [
                                
                            ]
                        },
                        {
                            "name": "Mayotte",
                            "id": "f4b83278-abe2-46f6-b0c0-50eceba9a35f",
                            "districts": [
                                
                            ]
                        },
                        {
                            "name": "Burundi",
                            "id": "310ab811-40b5-48da-8a66-e7562f4cf9d1",
                            "districts": [
                                
                            ]
                        },
                        {
                            "name": "Liberia",
                            "id": "86d6e276-b027-4cf8-ad4d-c4793b3425cf",
                            "districts": [
                                
                            ]
                        },
                        {
                            "name": "Mauritius",
                            "id": "a06fe50f-4ff3-483a-83c6-01ce4068ab36",
                            "districts": [
                                
                            ]
                        },
                        {
                            "name": "Sao Tome and Principe",
                            "id": "712df7d0-5d1b-401b-a832-911354b38baf",
                            "districts": [
                                
                            ]
                        },
                        {
                            "name": "Senegal",
                            "id": "990cb125-2ede-4648-b5d4-698d0e6ad712",
                            "districts": [
                                
                            ]
                        },
                        {
                            "name": "Botswana",
                            "id": "f177f103-59bd-4527-831e-101af0a373bd",
                            "districts": [
                                
                            ]
                        },
                        {
                            "name": "Rwanda",
                            "id": "5507db6a-9757-40e2-a498-f8cb8df70fb8",
                            "districts": [
                                
                            ]
                        },
                        {
                            "name": "Niger",
                            "id": "74150778-002b-4ca3-a064-41c5cad3f026",
                            "districts": [
                                
                            ]
                        },
                        {
                            "name": "Benin",
                            "id": "ec5d7439-de38-46d4-8a31-7b23b9525984",
                            "districts": [
                                
                            ]
                        },
                        {
                            "name": "Réunion",
                            "id": "e0f20522-cffc-4e66-8e7d-9334f35fce95",
                            "districts": [
                                
                            ]
                        },
                        {
                            "name": "South Africa",
                            "id": "9a7647d2-60ca-429d-90e5-905edaff872c",
                            "districts": [
                                
                            ]
                        },
                        {
                            "name": "Ghana",
                            "id": "9662349e-2c36-496a-83d5-6f746ae768a7",
                            "districts": [
                                
                            ]
                        },
                        {
                            "name": "Congo",
                            "id": "33c8a05e-4d63-49cd-a5f1-0f4a1d5ab13e",
                            "districts": [
                                
                            ]
                        },
                        {
                            "name": "Guinea-Bissau",
                            "id": "64d1845d-1963-40bc-a31b-1f45084f1644",
                            "districts": [
                                
                            ]
                        },
                        {
                            "name": "Togo",
                            "id": "9d383757-b95f-44da-b535-3887ed82679f",
                            "districts": [
                                
                            ]
                        },
                        {
                            "name": "Namibia",
                            "id": "cf9f295f-bf4c-4a8b-8738-53c6a9ed55b1",
                            "districts": [
                                
                            ]
                        },
                        {
                            "name": "Djibouti",
                            "id": "ba974fdc-3dea-4b6b-a2f3-34624faa59a7",
                            "districts": [
                                
                            ]
                        },
                        {
                            "name": "Gabon",
                            "id": "8f6be81f-6b58-4a61-b684-5c2d620a0e74",
                            "districts": [
                                
                            ]
                        },
                        {
                            "name": "Lesotho",
                            "id": "300752f4-088e-403c-95b0-7a670c09f8cc",
                            "districts": [
                                
                            ]
                        },
                        {
                            "name": "Madagascar",
                            "id": "eb4c5e71-f839-4f3c-8e93-49ef57f4fe8d",
                            "districts": [
                                
                            ]
                        },
                        {
                            "name": "Uganda",
                            "id": "b1693449-e104-47c0-94db-f55cc6c850d5",
                            "districts": [
                                
                            ]
                        },
                        {
                            "name": "Côte d\"Ivoire",
                            "id": "59276e01-0d64-487a-aec6-332ae91f9909",
                            "districts": [
                                
                            ]
                        },
                        {
                            "name": "Nigeria",
                            "id": "3c94aa61-055d-4c38-a40b-67dff395beda",
                            "districts": [
                                
                            ]
                        },
                        {
                            "name": "Zimbabwe",
                            "id": "bfbf9853-bae3-4e57-b7cd-1e9228e8b1f3",
                            "districts": [
                                
                            ]
                        },
                        {
                            "name": "Seychelles",
                            "id": "4c63d1f6-87ba-45f1-9414-eb22bfba46c2",
                            "districts": [
                                
                            ]
                        },
                        {
                            "name": "Cameroon",
                            "id": "0495fba0-693d-433a-a9ef-6bc2ccab6093",
                            "districts": [
                                
                            ]
                        },
                        {
                            "name": "Guinea",
                            "id": "eda1a6fb-f95b-4664-b352-8a468c499b34",
                            "districts": [
                                
                            ]
                        },
                        {
                            "name": "Kenya",
                            "id": "06702720-9c60-4210-8eed-8824f1cc80c2",
                            "districts": [
                                
                            ]
                        },
                        {
                            "name": "Mozambique",
                            "id": "df394703-b3a5-4d0f-aa33-db8b10ba29ab",
                            "districts": [
                                
                            ]
                        },
                        {
                            "name": "Saint Helena, Ascension and Tristan da Cunha",
                            "id": "e379e052-1704-4e98-b4fd-fdac7ca1f9a0",
                            "districts": [
                                
                            ]
                        },
                        {
                            "name": "Ethiopia",
                            "id": "77d5d6a2-5f01-41b8-b06d-88b9efc618f8",
                            "districts": [
                                
                            ]
                        },
                        {
                            "name": "Comoros",
                            "id": "ae0a4c53-9eea-4b4f-b7ab-98750eb58582",
                            "districts": [
                                
                            ]
                        },
                        {
                            "name": "Malawi",
                            "id": "31ffdf7e-d375-4c19-8b4c-6ac8e4486727",
                            "districts": [
                                
                            ]
                        },
                        {
                            "name": "Somalia",
                            "id": "630c356f-e198-4cd0-8e91-b29002c2aca7",
                            "districts": [
                                
                            ]
                        },
                        {
                            "name": "Congo, Democratic Republic of the",
                            "id": "55a5fe27-565c-4963-88c0-9a3ec24dea5c",
                            "districts": [
                                
                            ]
                        },
                        {
                            "name": "Equatorial Guinea",
                            "id": "9d2dd243-9754-4962-a556-6dbbf85b248a",
                            "districts": [
                                
                            ]
                        },
                        {
                            "name": "Chad",
                            "id": "4c4abd99-f4df-4fee-bac5-e2a1eef7ec0f",
                            "districts": [
                                
                            ]
                        },
                        {
                            "name": "Tanzania, United Republic of",
                            "id": "30d8662e-655f-43c8-b307-a2dc0046ebe5",
                            "districts": [
                                
                            ]
                        },
                        {
                            "name": "Sierra Leone",
                            "id": "e2135c5c-dfd3-4d44-b16f-0c29186836ce",
                            "districts": [
                                
                            ]
                        },
                        {
                            "name": "Eritrea",
                            "id": "bdd50ea2-c82d-44e8-b493-09892c245a6d",
                            "districts": [
                                
                            ]
                        },
                        {
                            "name": "Central African Republic",
                            "id": "59d2224e-e8a9-4e08-bf66-6ca50cf3d5e7",
                            "districts": [
                                
                            ]
                        },
                        {
                            "name": "South Sudan",
                            "id": "96e00183-809e-408c-b2f2-0042a6a8a8ba",
                            "districts": [
                                
                            ]
                        },
                        {
                            "name": "Mauritania",
                            "id": "780c64c4-cea5-4b78-85af-7be29c96025f",
                            "districts": [
                                
                            ]
                        },
                        {
                            "name": "Burkina Faso",
                            "id": "cedf0037-0cb1-4ad8-8a83-9ae64bc44992",
                            "districts": [
                                
                            ]
                        }
                    ]
                }
            },
            {
                "id": "218b444b-0354-46bd-b768-b8d48eb632e1",
                "region": {
                    "countries": [
                        {
                            "name": "Iran (Islamic Republic of)",
                            "id": "ea7eef91-f8f4-4603-b7a1-d7039e7033e6",
                            "districts": [
                                
                            ]
                        },
                        {
                            "name": "Sri Lanka",
                            "id": "63a03a51-55d6-4a05-91f9-4be04ceff568",
                            "districts": [
                                
                            ]
                        },
                        {
                            "name": "Cambodia",
                            "id": "1c1d7b9c-1af3-4247-9393-6ab5275ed775",
                            "districts": [
                                
                            ]
                        },
                        {
                            "name": "Indonesia",
                            "id": "a0e90a76-7360-4e64-874a-b88b33bff1c6",
                            "districts": [
                                
                            ]
                        },
                        {
                            "name": "Afghanistan",
                            "id": "1d4758ce-9410-46c2-9e4e-2c90c518f469",
                            "districts": [
                                
                            ]
                        },
                        {
                            "name": "Bhutan",
                            "id": "26ac5483-9a31-41bd-b79e-6c82c30cbd75",
                            "districts": [
                                
                            ]
                        },
                        {
                            "name": "Brunei Darussalam",
                            "id": "218b444b-0354-46bd-b768-b8d48eb632e1",
                            "districts": [
                                
                            ]
                        },
                        {
                            "name": "Maldives",
                            "id": "b0305117-6406-4e3f-bd9c-54999c52fd51",
                            "districts": [
                                
                            ]
                        },
                        {
                            "name": "Nepal",
                            "id": "74ec24a7-5308-4b97-890a-a1b2602ab430",
                            "districts": [
                                
                            ]
                        },
                        {
                            "name": "Bangladesh",
                            "id": "6bd284f1-2216-4efc-a80e-218a56731a50",
                            "districts": [
                                {
                                    "id": "052bb7cb-fa24-4e4e-8a1c-c8b5770f81be",
                                    "name": "BARISHAL",
                                    "upazilas": [
                                        {
                                            "name": "AGAILJHARA",
                                            "id": "a87e5293-71fd-4928-a4bc-3fc87b741bd6",
                                            "state": {
                                                "id": "5cbbb439-96e7-4f60-bf2f-abddd0d03e7e",
                                                "name": "BARISAL"
                                            }
                                        },
                                        {
                                            "name": "WAZIRPUR",
                                            "id": "69a7ae9a-af80-4721-8fa7-390bc7a9f056",
                                            "state": {
                                                "id": "5cbbb439-96e7-4f60-bf2f-abddd0d03e7e",
                                                "name": "BARISAL"
                                            }
                                        },
                                        {
                                            "name": "BANARIPARA",
                                            "id": "a1098f6d-e20c-46ff-a695-71d38485dfcd",
                                            "state": {
                                                "id": "5cbbb439-96e7-4f60-bf2f-abddd0d03e7e",
                                                "name": "BARISAL"
                                            }
                                        },
                                        {
                                            "name": "GAURNADI",
                                            "id": "e054f2d4-ba21-423c-8ce2-8790fd3e96e7",
                                            "state": {
                                                "id": "5cbbb439-96e7-4f60-bf2f-abddd0d03e7e",
                                                "name": "BARISAL"
                                            }
                                        },
                                        {
                                            "name": "HIZLA",
                                            "id": "25dc6a64-73d1-41c4-a7a6-3499e419ee76",
                                            "state": {
                                                "id": "5cbbb439-96e7-4f60-bf2f-abddd0d03e7e",
                                                "name": "BARISAL"
                                            }
                                        },
                                        {
                                            "name": "BARISAL_SADAR",
                                            "id": "3e841942-1acf-40d5-a8f8-e76fccbce201",
                                            "state": {
                                                "id": "5cbbb439-96e7-4f60-bf2f-abddd0d03e7e",
                                                "name": "BARISAL"
                                            }
                                        },
                                        {
                                            "name": "BAKERGANJ",
                                            "id": "898bb968-893a-4791-984c-303c28eee8d1",
                                            "state": {
                                                "id": "5cbbb439-96e7-4f60-bf2f-abddd0d03e7e",
                                                "name": "BARISAL"
                                            }
                                        },
                                        {
                                            "name": "BABUGANJ",
                                            "id": "4ecbd185-acfc-4406-8fd6-b3d94387bea9",
                                            "state": {
                                                "id": "5cbbb439-96e7-4f60-bf2f-abddd0d03e7e",
                                                "name": "BARISAL"
                                            }
                                        },
                                        {
                                            "name": "MEHENDIGANJ",
                                            "id": "4f5b876b-a14d-462f-8cea-0b63aa50a888",
                                            "state": {
                                                "id": "5cbbb439-96e7-4f60-bf2f-abddd0d03e7e",
                                                "name": "BARISAL"
                                            }
                                        },
                                        {
                                            "name": "MULADI",
                                            "id": "0084331b-30ca-4576-8b66-503c7b6a2d0c",
                                            "state": {
                                                "id": "5cbbb439-96e7-4f60-bf2f-abddd0d03e7e",
                                                "name": "BARISAL"
                                            }
                                        }
                                    ]
                                },
                                {
                                    "id": "01836026-20ee-4e28-9585-6bde8c8f98a1",
                                    "name": "KURIGRAM",
                                    "upazilas": [
                                        {
                                            "name": "KURIGRAM_SADAR",
                                            "id": "33b43668-894e-4861-a340-9ab38cfac767",
                                            "state": {
                                                "id": "b8c19906-b4fc-4745-ac93-af957934136b",
                                                "name": "RANGPUR"
                                            }
                                        },
                                        {
                                            "name": "BHURUNGAMARI",
                                            "id": "bd6a746c-8e29-4546-9bde-fe70e7c0b1d4",
                                            "state": {
                                                "id": "b8c19906-b4fc-4745-ac93-af957934136b",
                                                "name": "RANGPUR"
                                            }
                                        },
                                        {
                                            "name": "ULIPUR",
                                            "id": "114b95ad-d7c1-4805-addc-2034bc68d133",
                                            "state": {
                                                "id": "b8c19906-b4fc-4745-ac93-af957934136b",
                                                "name": "RANGPUR"
                                            }
                                        },
                                        {
                                            "name": "CHILMARI",
                                            "id": "b74d834a-c4df-4c64-b08b-00fb86c416bd",
                                            "state": {
                                                "id": "b8c19906-b4fc-4745-ac93-af957934136b",
                                                "name": "RANGPUR"
                                            }
                                        },
                                        {
                                            "name": "NAGESHWARI",
                                            "id": "3c5107f8-412a-47a6-a593-75a1577a2fae",
                                            "state": {
                                                "id": "b8c19906-b4fc-4745-ac93-af957934136b",
                                                "name": "RANGPUR"
                                            }
                                        },
                                        {
                                            "name": "RAJARHAT",
                                            "id": "abfb1886-a2ea-4887-afc3-60cc1d194b6e",
                                            "state": {
                                                "id": "b8c19906-b4fc-4745-ac93-af957934136b",
                                                "name": "RANGPUR"
                                            }
                                        },
                                        {
                                            "name": "PHULBARI",
                                            "id": "3580569a-211a-4991-9e10-f52fd97543a6",
                                            "state": {
                                                "id": "b8c19906-b4fc-4745-ac93-af957934136b",
                                                "name": "RANGPUR"
                                            }
                                        },
                                        {
                                            "name": "CHAR RAJIBPUR",
                                            "id": "7d27e425-d2d2-45a9-b7c9-188e05810c0d",
                                            "state": {
                                                "id": "b8c19906-b4fc-4745-ac93-af957934136b",
                                                "name": "RANGPUR"
                                            }
                                        },
                                        {
                                            "name": "ROWMARI",
                                            "id": "290ffa52-6bbb-4482-a054-ce4aff5f6930",
                                            "state": {
                                                "id": "b8c19906-b4fc-4745-ac93-af957934136b",
                                                "name": "RANGPUR"
                                            }
                                        }
                                    ]
                                },
                                {
                                    "id": "2fb6985f-ccb2-4004-89ac-b5b0de520533",
                                    "name": "DINAJPUR",
                                    "upazilas": [
                                        {
                                            "name": "KAHAROLE",
                                            "id": "55d8d92d-d612-4226-b008-60b84b7b8253",
                                            "state": {
                                                "id": "b8c19906-b4fc-4745-ac93-af957934136b",
                                                "name": "RANGPUR"
                                            }
                                        },
                                        {
                                            "name": "PARBATIPUR",
                                            "id": "6f58194a-7690-4ce0-b14e-bea704af6ee5",
                                            "state": {
                                                "id": "b8c19906-b4fc-4745-ac93-af957934136b",
                                                "name": "RANGPUR"
                                            }
                                        },
                                        {
                                            "name": "HAKIMPUR",
                                            "id": "cc45cab8-96dc-43c5-bbc1-040e75736c03",
                                            "state": {
                                                "id": "b8c19906-b4fc-4745-ac93-af957934136b",
                                                "name": "RANGPUR"
                                            }
                                        },
                                        {
                                            "name": "BIRGANJ",
                                            "id": "9afaa410-ddfd-44d2-95d3-d6cfb030acd7",
                                            "state": {
                                                "id": "b8c19906-b4fc-4745-ac93-af957934136b",
                                                "name": "RANGPUR"
                                            }
                                        },
                                        {
                                            "name": "BIRAL",
                                            "id": "a44acb60-2b84-4fbb-b73e-6030542fed2d",
                                            "state": {
                                                "id": "b8c19906-b4fc-4745-ac93-af957934136b",
                                                "name": "RANGPUR"
                                            }
                                        },
                                        {
                                            "name": "BIRAMPUR",
                                            "id": "5a316d35-7488-4a04-b718-819caf81d849",
                                            "state": {
                                                "id": "b8c19906-b4fc-4745-ac93-af957934136b",
                                                "name": "RANGPUR"
                                            }
                                        },
                                        {
                                            "name": "GHORAGHAT",
                                            "id": "5ea22106-1cb9-47de-8a20-28fdcf292598",
                                            "state": {
                                                "id": "b8c19906-b4fc-4745-ac93-af957934136b",
                                                "name": "RANGPUR"
                                            }
                                        },
                                        {
                                            "name": "KHANSAMA",
                                            "id": "0561e004-20dc-4efd-b2e3-4e1c48d86971",
                                            "state": {
                                                "id": "b8c19906-b4fc-4745-ac93-af957934136b",
                                                "name": "RANGPUR"
                                            }
                                        },
                                        {
                                            "name": "DINAJPUR_SADAR",
                                            "id": "e9d6959d-bf05-490a-a95d-6327f93c17b3",
                                            "state": {
                                                "id": "b8c19906-b4fc-4745-ac93-af957934136b",
                                                "name": "RANGPUR"
                                            }
                                        },
                                        {
                                            "name": "BOCHAGANJ",
                                            "id": "526f5997-d4ab-45f7-af53-6fcd25c1d1dc",
                                            "state": {
                                                "id": "b8c19906-b4fc-4745-ac93-af957934136b",
                                                "name": "RANGPUR"
                                            }
                                        },
                                        {
                                            "name": "CHIRIRBANDAR",
                                            "id": "d371b6be-98e7-44ec-98bb-4e3d06f4fd6c",
                                            "state": {
                                                "id": "b8c19906-b4fc-4745-ac93-af957934136b",
                                                "name": "RANGPUR"
                                            }
                                        },
                                        {
                                            "name": "NAWABGANJ",
                                            "id": "802bf9ac-1597-4c30-94cc-51b1e5cd9941",
                                            "state": {
                                                "id": "b8c19906-b4fc-4745-ac93-af957934136b",
                                                "name": "RANGPUR"
                                            }
                                        }
                                    ]
                                },
                                {
                                    "id": "fcbaee9a-6c04-4a77-a2a8-8ee8f0c812a8",
                                    "name": "BAGERHAT",
                                    "upazilas": [
                                        {
                                            "name": "FAKIRHAT",
                                            "id": "23926ee4-dec3-4ba8-aab6-eee9f7003126",
                                            "state": {
                                                "id": "642a6748-942f-473d-96c6-a6c1b2e00e05",
                                                "name": "KHULNA"
                                            }
                                        },
                                        {
                                            "name": "MORRELGANJ",
                                            "id": "c322b9de-9e52-471a-9642-0c7f9510e303",
                                            "state": {
                                                "id": "642a6748-942f-473d-96c6-a6c1b2e00e05",
                                                "name": "KHULNA"
                                            }
                                        },
                                        {
                                            "name": "RAMPAL",
                                            "id": "687c1175-6f6f-459a-aa56-50ea55ab1852",
                                            "state": {
                                                "id": "642a6748-942f-473d-96c6-a6c1b2e00e05",
                                                "name": "KHULNA"
                                            }
                                        },
                                        {
                                            "name": "MOLLAHAT",
                                            "id": "2a18a82f-5a29-4ec1-b383-bb00faf2f958",
                                            "state": {
                                                "id": "642a6748-942f-473d-96c6-a6c1b2e00e05",
                                                "name": "KHULNA"
                                            }
                                        },
                                        {
                                            "name": "MONGLA",
                                            "id": "4ce72789-eebe-4554-ac41-6e94b6a205d5",
                                            "state": {
                                                "id": "642a6748-942f-473d-96c6-a6c1b2e00e05",
                                                "name": "KHULNA"
                                            }
                                        },
                                        {
                                            "name": "CHITALMARI",
                                            "id": "a6c2a70a-e1dd-4565-9eb4-5a84dfd76d36",
                                            "state": {
                                                "id": "642a6748-942f-473d-96c6-a6c1b2e00e05",
                                                "name": "KHULNA"
                                            }
                                        },
                                        {
                                            "name": "SARANKHOLA",
                                            "id": "29e1d269-c6ca-461f-b8bc-b2cf623b2ed4",
                                            "state": {
                                                "id": "642a6748-942f-473d-96c6-a6c1b2e00e05",
                                                "name": "KHULNA"
                                            }
                                        },
                                        {
                                            "name": "KACHUA",
                                            "id": "458438b9-a371-4d34-a429-9ffc72c4bb5a",
                                            "state": {
                                                "id": "642a6748-942f-473d-96c6-a6c1b2e00e05",
                                                "name": "KHULNA"
                                            }
                                        },
                                        {
                                            "name": "BAGERHAT_SADAR",
                                            "id": "8929c669-4c91-4c08-a279-2b61b2b657cb",
                                            "state": {
                                                "id": "642a6748-942f-473d-96c6-a6c1b2e00e05",
                                                "name": "KHULNA"
                                            }
                                        }
                                    ]
                                },
                                {
                                    "id": "8be8ad99-4257-4c89-bc9f-3fd5b54ea42c",
                                    "name": "BARGUNA",
                                    "upazilas": [
                                        {
                                            "name": "BAMNA",
                                            "id": "0becbad0-8054-48ff-8804-70caef441fbc",
                                            "state": {
                                                "id": "5cbbb439-96e7-4f60-bf2f-abddd0d03e7e",
                                                "name": "BARISAL"
                                            }
                                        },
                                        {
                                            "name": "BARGUNA_SADAR",
                                            "id": "6c8d9659-3f6b-4572-89f6-877db489fb8e",
                                            "state": {
                                                "id": "5cbbb439-96e7-4f60-bf2f-abddd0d03e7e",
                                                "name": "BARISAL"
                                            }
                                        },
                                        {
                                            "name": "BETAGI",
                                            "id": "e84e7c7f-d62f-4111-ac9c-6a758d874fa4",
                                            "state": {
                                                "id": "5cbbb439-96e7-4f60-bf2f-abddd0d03e7e",
                                                "name": "BARISAL"
                                            }
                                        },
                                        {
                                            "name": "AMTALI",
                                            "id": "2061f193-da04-4462-ae2c-7d54a60c9790",
                                            "state": {
                                                "id": "5cbbb439-96e7-4f60-bf2f-abddd0d03e7e",
                                                "name": "BARISAL"
                                            }
                                        },
                                        {
                                            "name": "PATHARGHATA",
                                            "id": "1f651fda-0eb3-4efe-b2a1-751c1dbefb4b",
                                            "state": {
                                                "id": "5cbbb439-96e7-4f60-bf2f-abddd0d03e7e",
                                                "name": "BARISAL"
                                            }
                                        },
                                        {
                                            "name": "TALTALI",
                                            "id": "b6d60b5e-b58e-46be-8b53-370a5bdfe5f4",
                                            "state": {
                                                "id": "5cbbb439-96e7-4f60-bf2f-abddd0d03e7e",
                                                "name": "BARISAL"
                                            }
                                        }
                                    ]
                                },
                                {
                                    "id": "9966ea0c-b228-4955-bb2d-07a5095b2645",
                                    "name": "NATORE",
                                    "upazilas": [
                                        {
                                            "name": "NATORE_SADAR",
                                            "id": "ad6a8021-7b0f-4611-86dd-9522ae859ec2",
                                            "state": {
                                                "id": "d68c68d2-108e-4635-93d1-28c44525f178",
                                                "name": "RAJSHAHI"
                                            }
                                        },
                                        {
                                            "name": "BAGATIPARA",
                                            "id": "8c4fd017-e1a2-46b6-a5e7-4118456a6b1d",
                                            "state": {
                                                "id": "d68c68d2-108e-4635-93d1-28c44525f178",
                                                "name": "RAJSHAHI"
                                            }
                                        },
                                        {
                                            "name": "BARAIGRAM",
                                            "id": "b437a240-a56d-4fcf-8f7b-949ab16dd31d",
                                            "state": {
                                                "id": "d68c68d2-108e-4635-93d1-28c44525f178",
                                                "name": "RAJSHAHI"
                                            }
                                        },
                                        {
                                            "name": "LALPUR",
                                            "id": "b21e478e-7b5e-4c3d-b3a0-cf4e1ba07aac",
                                            "state": {
                                                "id": "d68c68d2-108e-4635-93d1-28c44525f178",
                                                "name": "RAJSHAHI"
                                            }
                                        }
                                    ]
                                },
                                {
                                    "id": "e84d4380-c4bb-4228-88c5-d82e8c1b0865",
                                    "name": "TANGAIL",
                                    "upazilas": [
                                        {
                                            "name": "TANGAIL_SADAR",
                                            "id": "2e5d24da-b036-45be-892b-7f296d666c78",
                                            "state": {
                                                "id": "9c75a95b-9f42-4ca9-a152-78c492590a6f",
                                                "name": "DHAKA"
                                            }
                                        },
                                        {
                                            "name": "DHANBARI",
                                            "id": "1456c986-adde-41d1-a0b0-403604bc0d93",
                                            "state": {
                                                "id": "9c75a95b-9f42-4ca9-a152-78c492590a6f",
                                                "name": "DHAKA"
                                            }
                                        },
                                        {
                                            "name": "DELDUAR",
                                            "id": "3a4c7f79-c00e-49e1-abac-816ed50dc3fb",
                                            "state": {
                                                "id": "9c75a95b-9f42-4ca9-a152-78c492590a6f",
                                                "name": "DHAKA"
                                            }
                                        },
                                        {
                                            "name": "GOPALPUR",
                                            "id": "b2a571f1-2242-424d-9023-7f0f25fd2bb8",
                                            "state": {
                                                "id": "9c75a95b-9f42-4ca9-a152-78c492590a6f",
                                                "name": "DHAKA"
                                            }
                                        },
                                        {
                                            "name": "BASAIL",
                                            "id": "eb604fd4-90f1-40e4-9519-d5a7ca445bfc",
                                            "state": {
                                                "id": "9c75a95b-9f42-4ca9-a152-78c492590a6f",
                                                "name": "DHAKA"
                                            }
                                        },
                                        {
                                            "name": "MIRZAPUR",
                                            "id": "124001b8-78ca-48ce-bbb6-47b461c63063",
                                            "state": {
                                                "id": "9c75a95b-9f42-4ca9-a152-78c492590a6f",
                                                "name": "DHAKA"
                                            }
                                        },
                                        {
                                            "name": "NAGARPUR",
                                            "id": "6cfd02f6-756a-4b9b-85ed-04258d99ca07",
                                            "state": {
                                                "id": "9c75a95b-9f42-4ca9-a152-78c492590a6f",
                                                "name": "DHAKA"
                                            }
                                        },
                                        {
                                            "name": "MADHUPUR",
                                            "id": "21165dd7-b75c-44fb-9e86-4460f532083b",
                                            "state": {
                                                "id": "9c75a95b-9f42-4ca9-a152-78c492590a6f",
                                                "name": "DHAKA"
                                            }
                                        },
                                        {
                                            "name": "BHUAPUR",
                                            "id": "5b9c7e29-0e43-4850-8dca-91a74dab06df",
                                            "state": {
                                                "id": "9c75a95b-9f42-4ca9-a152-78c492590a6f",
                                                "name": "DHAKA"
                                            }
                                        },
                                        {
                                            "name": "GHATAIL",
                                            "id": "6a30d344-ac16-4257-acae-53a8f5a3b49f",
                                            "state": {
                                                "id": "9c75a95b-9f42-4ca9-a152-78c492590a6f",
                                                "name": "DHAKA"
                                            }
                                        },
                                        {
                                            "name": "KALIHATI",
                                            "id": "efef7a8d-28a7-4a48-aeb2-9cc9c9785e37",
                                            "state": {
                                                "id": "9c75a95b-9f42-4ca9-a152-78c492590a6f",
                                                "name": "DHAKA"
                                            }
                                        },
                                        {
                                            "name": "SAKHIPUR",
                                            "id": "86572e49-e51d-4de7-a0d1-26c5bc008a97",
                                            "state": {
                                                "id": "9c75a95b-9f42-4ca9-a152-78c492590a6f",
                                                "name": "DHAKA"
                                            }
                                        }
                                    ]
                                },
                                {
                                    "id": "68d1c1a6-79cf-4614-af26-9c92f954a31f",
                                    "name": "JOYPURHAT",
                                    "upazilas": [
                                        {
                                            "name": "JOYPURHAT S",
                                            "id": "ef9c918e-c776-452b-a9c6-1626f887ed68",
                                            "state": {
                                                "id": "d68c68d2-108e-4635-93d1-28c44525f178",
                                                "name": "RAJSHAHI"
                                            }
                                        },
                                        {
                                            "name": "PANCHBIBI",
                                            "id": "3f918cbc-453d-4529-8bc7-54ea7d192610",
                                            "state": {
                                                "id": "d68c68d2-108e-4635-93d1-28c44525f178",
                                                "name": "RAJSHAHI"
                                            }
                                        },
                                        {
                                            "name": "KALAI",
                                            "id": "06ae58bb-d069-40da-a952-6f345ddaa58d",
                                            "state": {
                                                "id": "d68c68d2-108e-4635-93d1-28c44525f178",
                                                "name": "RAJSHAHI"
                                            }
                                        },
                                        {
                                            "name": "KHETLAL",
                                            "id": "1608a3cd-70aa-46ef-8424-3bcb6f1d83bc",
                                            "state": {
                                                "id": "d68c68d2-108e-4635-93d1-28c44525f178",
                                                "name": "RAJSHAHI"
                                            }
                                        },
                                        {
                                            "name": "AKKELPUR",
                                            "id": "74242c78-e84f-4f42-a882-039391447f6c",
                                            "state": {
                                                "id": "d68c68d2-108e-4635-93d1-28c44525f178",
                                                "name": "RAJSHAHI"
                                            }
                                        }
                                    ]
                                },
                                {
                                    "id": "554b09c8-da48-4e22-ad26-491dde9c455b",
                                    "name": "SATKHIRA",
                                    "upazilas": [
                                        {
                                            "name": "ASSASUNI",
                                            "id": "70a2a525-3a4e-4a75-93b6-0751526ae9fd",
                                            "state": {
                                                "id": "642a6748-942f-473d-96c6-a6c1b2e00e05",
                                                "name": "KHULNA"
                                            }
                                        },
                                        {
                                            "name": "SATKHIRA_SADAR",
                                            "id": "18bd63e5-67e7-417f-a94b-eace376e3c53",
                                            "state": {
                                                "id": "642a6748-942f-473d-96c6-a6c1b2e00e05",
                                                "name": "KHULNA"
                                            }
                                        },
                                        {
                                            "name": "KALAROA",
                                            "id": "2bbc4bea-0602-45d5-b8a7-347875b3e0c5",
                                            "state": {
                                                "id": "642a6748-942f-473d-96c6-a6c1b2e00e05",
                                                "name": "KHULNA"
                                            }
                                        },
                                        {
                                            "name": "DEBHATA",
                                            "id": "43ab5450-3fdf-48c5-af62-8eb39cc6bdbd",
                                            "state": {
                                                "id": "642a6748-942f-473d-96c6-a6c1b2e00e05",
                                                "name": "KHULNA"
                                            }
                                        },
                                        {
                                            "name": "SHYAMNAGAR",
                                            "id": "6c225dcc-fb72-4c69-8842-9e24ca8893b3",
                                            "state": {
                                                "id": "642a6748-942f-473d-96c6-a6c1b2e00e05",
                                                "name": "KHULNA"
                                            }
                                        },
                                        {
                                            "name": "TALA",
                                            "id": "9ba03b6b-a81e-460f-bc16-4070cf8853ce",
                                            "state": {
                                                "id": "642a6748-942f-473d-96c6-a6c1b2e00e05",
                                                "name": "KHULNA"
                                            }
                                        }
                                    ]
                                },
                                {
                                    "id": "8532a8c6-657b-43bc-8ed5-bd8d6ff60ace",
                                    "name": "RAJSHAHI",
                                    "upazilas": [
                                        {
                                            "name": "BAGMARA",
                                            "id": "f2ede638-eab8-4f99-8c6b-a210e841fd1d",
                                            "state": {
                                                "id": "d68c68d2-108e-4635-93d1-28c44525f178",
                                                "name": "RAJSHAHI"
                                            }
                                        },
                                        {
                                            "name": "MOHANPUR",
                                            "id": "7aaac890-91b5-403e-9e63-c3d143b36684",
                                            "state": {
                                                "id": "d68c68d2-108e-4635-93d1-28c44525f178",
                                                "name": "RAJSHAHI"
                                            }
                                        },
                                        {
                                            "name": "BAGHA",
                                            "id": "239db35c-a47a-4654-aa45-5b23ce80c442",
                                            "state": {
                                                "id": "d68c68d2-108e-4635-93d1-28c44525f178",
                                                "name": "RAJSHAHI"
                                            }
                                        },
                                        {
                                            "name": "GODAGARI",
                                            "id": "05d823af-b4fc-4dc6-a7c3-1327766addc8",
                                            "state": {
                                                "id": "d68c68d2-108e-4635-93d1-28c44525f178",
                                                "name": "RAJSHAHI"
                                            }
                                        },
                                        {
                                            "name": "PABA",
                                            "id": "7c7f7c74-c68b-4b89-b932-d8a3239bf9b7",
                                            "state": {
                                                "id": "d68c68d2-108e-4635-93d1-28c44525f178",
                                                "name": "RAJSHAHI"
                                            }
                                        },
                                        {
                                            "name": "TANORE",
                                            "id": "58c5cea6-ca41-4a91-a5fa-b9a5934401ac",
                                            "state": {
                                                "id": "d68c68d2-108e-4635-93d1-28c44525f178",
                                                "name": "RAJSHAHI"
                                            }
                                        },
                                        {
                                            "name": "CHARGHAT",
                                            "id": "aff4647e-2079-4cce-97b0-101fc74ae51b",
                                            "state": {
                                                "id": "d68c68d2-108e-4635-93d1-28c44525f178",
                                                "name": "RAJSHAHI"
                                            }
                                        },
                                        {
                                            "name": "DURGAPUR",
                                            "id": "4223b078-975d-44e9-9365-245f0cb05789",
                                            "state": {
                                                "id": "d68c68d2-108e-4635-93d1-28c44525f178",
                                                "name": "RAJSHAHI"
                                            }
                                        },
                                        {
                                            "name": "PUTHIA",
                                            "id": "2d476069-1315-4416-b9be-a0b422700c68",
                                            "state": {
                                                "id": "d68c68d2-108e-4635-93d1-28c44525f178",
                                                "name": "RAJSHAHI"
                                            }
                                        }
                                    ]
                                },
                                {
                                    "id": "d5260be7-24e7-4c50-9a49-0796cb51b216",
                                    "name": "CUMILLA",
                                    "upazilas": [
                                        {
                                            "name": "DAUDKANDI",
                                            "id": "c1e10c6b-deab-42cb-bdc5-c11244fff880",
                                            "state": {
                                                "id": "d4e8944a-6e8f-4d6e-a313-2228cfe9a567",
                                                "name": "CHITTAGONG"
                                            }
                                        },
                                        {
                                            "name": "DEBIDWAR",
                                            "id": "8226c704-027a-489c-abef-9a3758b49617",
                                            "state": {
                                                "id": "d4e8944a-6e8f-4d6e-a313-2228cfe9a567",
                                                "name": "CHITTAGONG"
                                            }
                                        },
                                        {
                                            "name": "BURICHONG",
                                            "id": "e6684874-0ce5-4f73-9eed-7b72049acf8d",
                                            "state": {
                                                "id": "d4e8944a-6e8f-4d6e-a313-2228cfe9a567",
                                                "name": "CHITTAGONG"
                                            }
                                        },
                                        {
                                            "name": "TITAS",
                                            "id": "b224fbca-58dd-4a13-a2bf-ac01636994e2",
                                            "state": {
                                                "id": "d4e8944a-6e8f-4d6e-a313-2228cfe9a567",
                                                "name": "CHITTAGONG"
                                            }
                                        },
                                        {
                                            "name": "CHANDINA",
                                            "id": "a5e4309c-694a-4781-aa98-f8ec016e4109",
                                            "state": {
                                                "id": "d4e8944a-6e8f-4d6e-a313-2228cfe9a567",
                                                "name": "CHITTAGONG"
                                            }
                                        },
                                        {
                                            "name": "LAKSAM",
                                            "id": "bca6900f-c079-4d77-8616-cd4416f42061",
                                            "state": {
                                                "id": "d4e8944a-6e8f-4d6e-a313-2228cfe9a567",
                                                "name": "CHITTAGONG"
                                            }
                                        },
                                        {
                                            "name": "BARURA",
                                            "id": "8d377f34-bb0c-4aca-82d3-fc9f396451e0",
                                            "state": {
                                                "id": "d4e8944a-6e8f-4d6e-a313-2228cfe9a567",
                                                "name": "CHITTAGONG"
                                            }
                                        },
                                        {
                                            "name": "MURADNAGAR",
                                            "id": "d088b585-95a1-4fac-86b4-0e3b436570d4",
                                            "state": {
                                                "id": "d4e8944a-6e8f-4d6e-a313-2228cfe9a567",
                                                "name": "CHITTAGONG"
                                            }
                                        },
                                        {
                                            "name": "MEGHNA",
                                            "id": "c0cfe679-e617-4907-ae22-20e0a4dd494b",
                                            "state": {
                                                "id": "d4e8944a-6e8f-4d6e-a313-2228cfe9a567",
                                                "name": "CHITTAGONG"
                                            }
                                        },
                                        {
                                            "name": "BRAHMANPARA",
                                            "id": "f35b2456-9e76-487c-a998-b51eb7a6eae4",
                                            "state": {
                                                "id": "d4e8944a-6e8f-4d6e-a313-2228cfe9a567",
                                                "name": "CHITTAGONG"
                                            }
                                        },
                                        {
                                            "name": "COMILLA_SADAR",
                                            "id": "6abbbc95-fa39-49c4-8127-1453fe90181c",
                                            "state": {
                                                "id": "d4e8944a-6e8f-4d6e-a313-2228cfe9a567",
                                                "name": "CHITTAGONG"
                                            }
                                        },
                                        {
                                            "name": "NANGALKOT",
                                            "id": "e9e0cac7-f5dd-44d5-b1e9-9e9e1166c478",
                                            "state": {
                                                "id": "d4e8944a-6e8f-4d6e-a313-2228cfe9a567",
                                                "name": "CHITTAGONG"
                                            }
                                        },
                                        {
                                            "name": "CHAUDDAGRAM",
                                            "id": "7c9eac52-0e2e-4867-b2ee-7c4cf3a1c643",
                                            "state": {
                                                "id": "d4e8944a-6e8f-4d6e-a313-2228cfe9a567",
                                                "name": "CHITTAGONG"
                                            }
                                        },
                                        {
                                            "name": "COMILLA_SADAR SOUTH",
                                            "id": "a8ea2db4-ee9b-4340-8537-83cd622292c2",
                                            "state": {
                                                "id": "d4e8944a-6e8f-4d6e-a313-2228cfe9a567",
                                                "name": "CHITTAGONG"
                                            }
                                        },
                                        {
                                            "name": "MONOHORGONJ",
                                            "id": "eabcbd1f-9f0e-494c-b8a3-16301fd6fa10",
                                            "state": {
                                                "id": "d4e8944a-6e8f-4d6e-a313-2228cfe9a567",
                                                "name": "CHITTAGONG"
                                            }
                                        },
                                        {
                                            "name": "HOMNA",
                                            "id": "07582306-d3c1-4cb1-b07e-23d0a4d62a5f",
                                            "state": {
                                                "id": "d4e8944a-6e8f-4d6e-a313-2228cfe9a567",
                                                "name": "CHITTAGONG"
                                            }
                                        }
                                    ]
                                },
                                {
                                    "id": "272e4693-e399-466a-b021-6728909093d3",
                                    "name": "BRAHMANBARIA",
                                    "upazilas": [
                                        {
                                            "name": "KASBA",
                                            "id": "4498e76d-1d3f-48af-9194-032e8d236b61",
                                            "state": {
                                                "id": "d4e8944a-6e8f-4d6e-a313-2228cfe9a567",
                                                "name": "CHITTAGONG"
                                            }
                                        },
                                        {
                                            "name": "BRAHMANBARIA_SADAR",
                                            "id": "4f269d37-5f46-460f-b145-ada17379cbfc",
                                            "state": {
                                                "id": "d4e8944a-6e8f-4d6e-a313-2228cfe9a567",
                                                "name": "CHITTAGONG"
                                            }
                                        },
                                        {
                                            "name": "ASHUGANJ",
                                            "id": "e5395c84-18d2-4543-a6ec-a707cfe81bcc",
                                            "state": {
                                                "id": "d4e8944a-6e8f-4d6e-a313-2228cfe9a567",
                                                "name": "CHITTAGONG"
                                            }
                                        },
                                        {
                                            "name": "BIJOYNAGAR",
                                            "id": "947631d1-8146-4df8-ae1e-4d04e7595de6",
                                            "state": {
                                                "id": "d4e8944a-6e8f-4d6e-a313-2228cfe9a567",
                                                "name": "CHITTAGONG"
                                            }
                                        },
                                        {
                                            "name": "BANCHARAMPUR",
                                            "id": "0db8bac6-d7d0-4100-869e-41ebe3eb92cd",
                                            "state": {
                                                "id": "d4e8944a-6e8f-4d6e-a313-2228cfe9a567",
                                                "name": "CHITTAGONG"
                                            }
                                        },
                                        {
                                            "name": "AKHAURA",
                                            "id": "5a302ebb-61a8-4e8c-8b59-6a7a49a7b201",
                                            "state": {
                                                "id": "d4e8944a-6e8f-4d6e-a313-2228cfe9a567",
                                                "name": "CHITTAGONG"
                                            }
                                        },
                                        {
                                            "name": "NASIRNAGAR",
                                            "id": "76484d2d-47cc-4c8b-99e1-24c94c3c330e",
                                            "state": {
                                                "id": "d4e8944a-6e8f-4d6e-a313-2228cfe9a567",
                                                "name": "CHITTAGONG"
                                            }
                                        },
                                        {
                                            "name": "NABINAGAR",
                                            "id": "84aeef02-dd01-48da-8468-ac1f5479bf70",
                                            "state": {
                                                "id": "d4e8944a-6e8f-4d6e-a313-2228cfe9a567",
                                                "name": "CHITTAGONG"
                                            }
                                        },
                                        {
                                            "name": "SARAIL",
                                            "id": "ba8e3375-d3cc-48f3-915c-9699081fa9d5",
                                            "state": {
                                                "id": "d4e8944a-6e8f-4d6e-a313-2228cfe9a567",
                                                "name": "CHITTAGONG"
                                            }
                                        },
                                        {
                                            "name": "SHAHBAZPUR TOWN",
                                            "id": "9aa10ffe-f68d-4c46-9994-04d746f5d1bc",
                                            "state": {
                                                "id": "d4e8944a-6e8f-4d6e-a313-2228cfe9a567",
                                                "name": "CHITTAGONG"
                                            }
                                        }
                                    ]
                                },
                                {
                                    "id": "3c67f19f-4e59-4fda-8503-117efa8b69d6",
                                    "name": "LAKSHMIPUR",
                                    "upazilas": [
                                        {
                                            "name": "RAMGATI",
                                            "id": "85171790-705a-43f5-ac34-99c2048f50f7",
                                            "state": {
                                                "id": "d4e8944a-6e8f-4d6e-a313-2228cfe9a567",
                                                "name": "CHITTAGONG"
                                            }
                                        },
                                        {
                                            "name": "RAIPUR",
                                            "id": "bed17fa7-df5e-41a3-905b-d4675de832ce",
                                            "state": {
                                                "id": "d4e8944a-6e8f-4d6e-a313-2228cfe9a567",
                                                "name": "CHITTAGONG"
                                            }
                                        },
                                        {
                                            "name": "LAKSHMIPUR_SADAR",
                                            "id": "2769623f-1de5-407a-8e77-ce987cbfc80e",
                                            "state": {
                                                "id": "d4e8944a-6e8f-4d6e-a313-2228cfe9a567",
                                                "name": "CHITTAGONG"
                                            }
                                        },
                                        {
                                            "name": "KOMOL NAGAR",
                                            "id": "7550df44-de22-487f-aa63-47fea04a985d",
                                            "state": {
                                                "id": "d4e8944a-6e8f-4d6e-a313-2228cfe9a567",
                                                "name": "CHITTAGONG"
                                            }
                                        },
                                        {
                                            "name": "RAMGANJ",
                                            "id": "b5ceb354-c53c-41c3-b9e5-83bf8be9ed17",
                                            "state": {
                                                "id": "d4e8944a-6e8f-4d6e-a313-2228cfe9a567",
                                                "name": "CHITTAGONG"
                                            }
                                        }
                                    ]
                                },
                                {
                                    "id": "1774b360-47d1-4c74-94f9-e92b49968263",
                                    "name": "NETROKONA",
                                    "upazilas": [
                                        {
                                            "name": "KALMAKANDA UPAZILLA",
                                            "id": "c06fd86e-e96d-4148-b393-c7a909eb6b5c",
                                            "state": {
                                                "id": "f6395340-53b2-4824-8252-ef3a164b8446",
                                                "name": "MAYMENSINGH"
                                            }
                                        },
                                        {
                                            "name": "MOHANGANJ UPAZILLA",
                                            "id": "8bdfbfde-f52f-4eda-a4dc-1ea70461cf15",
                                            "state": {
                                                "id": "f6395340-53b2-4824-8252-ef3a164b8446",
                                                "name": "MAYMENSINGH"
                                            }
                                        },
                                        {
                                            "name": "NETRAKONA-S UPAZILLA",
                                            "id": "8f6dd6df-f4b6-434f-a8d8-50363278501f",
                                            "state": {
                                                "id": "f6395340-53b2-4824-8252-ef3a164b8446",
                                                "name": "MAYMENSINGH"
                                            }
                                        },
                                        {
                                            "name": "BARHATTA UPAZILLA",
                                            "id": "98dd7d62-259b-4f9b-8bcb-c9b81440439b",
                                            "state": {
                                                "id": "f6395340-53b2-4824-8252-ef3a164b8446",
                                                "name": "MAYMENSINGH"
                                            }
                                        },
                                        {
                                            "name": "KHALIAJURI UPAZILLA",
                                            "id": "0a55806b-be24-484b-9c56-3b475d525ec3",
                                            "state": {
                                                "id": "f6395340-53b2-4824-8252-ef3a164b8446",
                                                "name": "MAYMENSINGH"
                                            }
                                        },
                                        {
                                            "name": "KENDUA UPAZILLA",
                                            "id": "0a227fd8-fa1a-437b-b3e8-80df07ce0127",
                                            "state": {
                                                "id": "f6395340-53b2-4824-8252-ef3a164b8446",
                                                "name": "MAYMENSINGH"
                                            }
                                        },
                                        {
                                            "name": "ATPARA UPAZILLA",
                                            "id": "0f88c435-a402-42a6-b543-fcaad9a10cf9",
                                            "state": {
                                                "id": "f6395340-53b2-4824-8252-ef3a164b8446",
                                                "name": "MAYMENSINGH"
                                            }
                                        },
                                        {
                                            "name": "PURBADHALA UPAZILLA",
                                            "id": "421e74d9-7bd0-4186-9468-99173c747a9a",
                                            "state": {
                                                "id": "f6395340-53b2-4824-8252-ef3a164b8446",
                                                "name": "MAYMENSINGH"
                                            }
                                        },
                                        {
                                            "name": "MADAN UPAZILLA",
                                            "id": "8a74093b-0358-4469-abcf-e179b122d97c",
                                            "state": {
                                                "id": "f6395340-53b2-4824-8252-ef3a164b8446",
                                                "name": "MAYMENSINGH"
                                            }
                                        },
                                        {
                                            "name": "DURGAPUR UPAZILLA",
                                            "id": "620df571-6ff3-4f42-9879-01d7fbd58664",
                                            "state": {
                                                "id": "f6395340-53b2-4824-8252-ef3a164b8446",
                                                "name": "MAYMENSINGH"
                                            }
                                        }
                                    ]
                                },
                                {
                                    "id": "f46364df-b16f-4916-9601-56bc37674090",
                                    "name": "MADARIPUR",
                                    "upazilas": [
                                        {
                                            "name": "RAJOIR",
                                            "id": "e93745bf-e56f-4059-9a47-0cdc7a6dd0e6",
                                            "state": {
                                                "id": "9c75a95b-9f42-4ca9-a152-78c492590a6f",
                                                "name": "DHAKA"
                                            }
                                        },
                                        {
                                            "name": "KALKINI",
                                            "id": "39b91e5b-54e0-4ef5-900c-0f260df1b12c",
                                            "state": {
                                                "id": "9c75a95b-9f42-4ca9-a152-78c492590a6f",
                                                "name": "DHAKA"
                                            }
                                        },
                                        {
                                            "name": "DASAR",
                                            "id": "3558fcad-3277-4d85-8b05-c4c39ad8add0",
                                            "state": {
                                                "id": "9c75a95b-9f42-4ca9-a152-78c492590a6f",
                                                "name": "DHAKA"
                                            }
                                        },
                                        {
                                            "name": "SHIBCHAR",
                                            "id": "2090422b-acad-447b-bdc5-f5df7813287d",
                                            "state": {
                                                "id": "9c75a95b-9f42-4ca9-a152-78c492590a6f",
                                                "name": "DHAKA"
                                            }
                                        },
                                        {
                                            "name": "MADARIPUR_SADAR",
                                            "id": "a0368a52-0c1a-4ca6-8c6f-3bddda0602bf",
                                            "state": {
                                                "id": "9c75a95b-9f42-4ca9-a152-78c492590a6f",
                                                "name": "DHAKA"
                                            }
                                        }
                                    ]
                                },
                                {
                                    "id": "03394485-abb0-4a8f-b928-9b986ca6cd35",
                                    "name": "NARAYANGANJ",
                                    "upazilas": [
                                        {
                                            "name": "NARYANGANJ_SADAR",
                                            "id": "204bc228-4838-4831-86c1-83fddbab206c",
                                            "state": {
                                                "id": "9c75a95b-9f42-4ca9-a152-78c492590a6f",
                                                "name": "DHAKA"
                                            }
                                        },
                                        {
                                            "name": "SONARGAON",
                                            "id": "f49e5635-d73c-4cea-83ee-5de520c1ceb3",
                                            "state": {
                                                "id": "9c75a95b-9f42-4ca9-a152-78c492590a6f",
                                                "name": "DHAKA"
                                            }
                                        },
                                        {
                                            "name": "ARAIHAZAR",
                                            "id": "5b715c3d-64d6-4144-81a2-c9c3222c3583",
                                            "state": {
                                                "id": "9c75a95b-9f42-4ca9-a152-78c492590a6f",
                                                "name": "DHAKA"
                                            }
                                        },
                                        {
                                            "name": "BANDAR",
                                            "id": "f745e13a-9ff7-4b1f-a370-3706ed8fe794",
                                            "state": {
                                                "id": "9c75a95b-9f42-4ca9-a152-78c492590a6f",
                                                "name": "DHAKA"
                                            }
                                        },
                                        {
                                            "name": "RUPGANJ",
                                            "id": "850fc0af-59a8-4beb-aeb5-f9d2a33fae32",
                                            "state": {
                                                "id": "9c75a95b-9f42-4ca9-a152-78c492590a6f",
                                                "name": "DHAKA"
                                            }
                                        },
                                        {
                                            "name": "SIDDIRGONJ",
                                            "id": "eb803c77-6bd5-4485-8984-cefc09569d46",
                                            "state": {
                                                "id": "9c75a95b-9f42-4ca9-a152-78c492590a6f",
                                                "name": "DHAKA"
                                            }
                                        }
                                    ]
                                },
                                {
                                    "id": "6988fbb2-ec1a-483e-b38d-b444db1232e4",
                                    "name": "GAZIPUR",
                                    "upazilas": [
                                        {
                                            "name": "SRIPUR",
                                            "id": "ff0b71cd-078d-4b86-bbfc-277f9e7831bd",
                                            "state": {
                                                "id": "9c75a95b-9f42-4ca9-a152-78c492590a6f",
                                                "name": "DHAKA"
                                            }
                                        },
                                        {
                                            "name": "KALIAKIOR",
                                            "id": "38522ca1-1e56-4afb-8e22-9fb942025670",
                                            "state": {
                                                "id": "9c75a95b-9f42-4ca9-a152-78c492590a6f",
                                                "name": "DHAKA"
                                            }
                                        },
                                        {
                                            "name": "TONGI",
                                            "id": "7d80f457-b9e9-4264-838e-5b085f402e99",
                                            "state": {
                                                "id": "9c75a95b-9f42-4ca9-a152-78c492590a6f",
                                                "name": "DHAKA"
                                            }
                                        },
                                        {
                                            "name": "KAPASIA",
                                            "id": "90c13f9e-25c6-41cc-aecc-da6ec1adf439",
                                            "state": {
                                                "id": "9c75a95b-9f42-4ca9-a152-78c492590a6f",
                                                "name": "DHAKA"
                                            }
                                        },
                                        {
                                            "name": "GAZIPUR_SADAR-JOYDEBPUR",
                                            "id": "9de27df1-812c-47be-a756-66b298a15281",
                                            "state": {
                                                "id": "9c75a95b-9f42-4ca9-a152-78c492590a6f",
                                                "name": "DHAKA"
                                            }
                                        }
                                    ]
                                },
                                {
                                    "id": "3e56df9f-26ae-4ec2-9d75-cbe655ee5fcd",
                                    "name": "NAWABGANJ",
                                    "upazilas": [
                                        {
                                            "name": "SHIBGANJ",
                                            "id": "5a69a253-29cc-437b-bd7f-765f9020b05c",
                                            "state": {
                                                "id": "d68c68d2-108e-4635-93d1-28c44525f178",
                                                "name": "RAJSHAHI"
                                            }
                                        },
                                        {
                                            "name": "NAWABGANJ_SADAR",
                                            "id": "38cf4ab6-34d7-4822-81c9-cf35860c09eb",
                                            "state": {
                                                "id": "d68c68d2-108e-4635-93d1-28c44525f178",
                                                "name": "RAJSHAHI"
                                            }
                                        },
                                        {
                                            "name": "BHOLAHAT",
                                            "id": "1fc07589-90dc-4484-91b3-b7aa6ea120c7",
                                            "state": {
                                                "id": "d68c68d2-108e-4635-93d1-28c44525f178",
                                                "name": "RAJSHAHI"
                                            }
                                        },
                                        {
                                            "name": "GOMASTAPUR",
                                            "id": "e02d73bf-e86e-49c6-a88f-386dba2e77f5",
                                            "state": {
                                                "id": "d68c68d2-108e-4635-93d1-28c44525f178",
                                                "name": "RAJSHAHI"
                                            }
                                        },
                                        {
                                            "name": "NACHOLE",
                                            "id": "ef4efc17-4d51-42ad-ab19-ad9ca8825334",
                                            "state": {
                                                "id": "d68c68d2-108e-4635-93d1-28c44525f178",
                                                "name": "RAJSHAHI"
                                            }
                                        }
                                    ]
                                },
                                {
                                    "id": "d9ba4812-1282-44de-9f59-c343ec5d1623",
                                    "name": "HABIGANJ",
                                    "upazilas": [
                                        {
                                            "name": "MADHABPUR",
                                            "id": "6b3a6f8c-2a46-4f42-9eec-ca4dce6db8d1",
                                            "state": {
                                                "id": "2f2f0cc1-587a-4dad-a3f0-83c0bac697ec",
                                                "name": "SYLHET"
                                            }
                                        },
                                        {
                                            "name": "AJMIRIGANJ",
                                            "id": "fe078d20-cdd6-4505-987f-75724794fc60",
                                            "state": {
                                                "id": "2f2f0cc1-587a-4dad-a3f0-83c0bac697ec",
                                                "name": "SYLHET"
                                            }
                                        },
                                        {
                                            "name": "HABIGANJ_SADAR",
                                            "id": "9abb2827-c6bf-4dff-88ba-08a8f443de07",
                                            "state": {
                                                "id": "2f2f0cc1-587a-4dad-a3f0-83c0bac697ec",
                                                "name": "SYLHET"
                                            }
                                        },
                                        {
                                            "name": "SHAISTAGONJ",
                                            "id": "7b1ffaa0-17d4-41aa-8a09-ef548e1ed0d3",
                                            "state": {
                                                "id": "2f2f0cc1-587a-4dad-a3f0-83c0bac697ec",
                                                "name": "SYLHET"
                                            }
                                        },
                                        {
                                            "name": "CHUNARUGHAT",
                                            "id": "e93527a1-bc76-4c94-9a0b-a1bf1ffeb2d9",
                                            "state": {
                                                "id": "2f2f0cc1-587a-4dad-a3f0-83c0bac697ec",
                                                "name": "SYLHET"
                                            }
                                        },
                                        {
                                            "name": "LAKHAI",
                                            "id": "63cbbda9-fd2e-4571-88a4-5ee93002ece0",
                                            "state": {
                                                "id": "2f2f0cc1-587a-4dad-a3f0-83c0bac697ec",
                                                "name": "SYLHET"
                                            }
                                        },
                                        {
                                            "name": "BANIACHANG",
                                            "id": "3c4a572a-fa59-4f9a-bb18-c3452a160f07",
                                            "state": {
                                                "id": "2f2f0cc1-587a-4dad-a3f0-83c0bac697ec",
                                                "name": "SYLHET"
                                            }
                                        },
                                        {
                                            "name": "BAHUBAL",
                                            "id": "0cc7bd46-ff4a-4097-8624-86a54e58635a",
                                            "state": {
                                                "id": "2f2f0cc1-587a-4dad-a3f0-83c0bac697ec",
                                                "name": "SYLHET"
                                            }
                                        },
                                        {
                                            "name": "NABIGANJ",
                                            "id": "753f6651-0ca3-4a21-8edc-9a33086ba51e",
                                            "state": {
                                                "id": "2f2f0cc1-587a-4dad-a3f0-83c0bac697ec",
                                                "name": "SYLHET"
                                            }
                                        }
                                    ]
                                },
                                {
                                    "id": "aec90468-bdf5-4909-9603-7fb165dd34b0",
                                    "name": "BANDARBAN",
                                    "upazilas": [
                                        {
                                            "name": "BANDARBAN_SADAR",
                                            "id": "29593331-9a0e-411b-b8dc-a3d3d92eb941",
                                            "state": {
                                                "id": "d4e8944a-6e8f-4d6e-a313-2228cfe9a567",
                                                "name": "CHITTAGONG"
                                            }
                                        },
                                        {
                                            "name": "LAMA",
                                            "id": "2e0b2174-f8fd-4253-8c0a-70683d748a3f",
                                            "state": {
                                                "id": "d4e8944a-6e8f-4d6e-a313-2228cfe9a567",
                                                "name": "CHITTAGONG"
                                            }
                                        },
                                        {
                                            "name": "ALI KADAM",
                                            "id": "9fde9ce1-993f-4259-91e7-3b98a24e8761",
                                            "state": {
                                                "id": "d4e8944a-6e8f-4d6e-a313-2228cfe9a567",
                                                "name": "CHITTAGONG"
                                            }
                                        },
                                        {
                                            "name": "ROWANGCHHARI",
                                            "id": "276ee236-ded6-41ca-8e0a-f78e67d2b3da",
                                            "state": {
                                                "id": "d4e8944a-6e8f-4d6e-a313-2228cfe9a567",
                                                "name": "CHITTAGONG"
                                            }
                                        },
                                        {
                                            "name": "THANCHI",
                                            "id": "03e46154-e64f-46e4-a1ec-e85ddf107787",
                                            "state": {
                                                "id": "d4e8944a-6e8f-4d6e-a313-2228cfe9a567",
                                                "name": "CHITTAGONG"
                                            }
                                        },
                                        {
                                            "name": "RUMA",
                                            "id": "1151bfe0-da1f-4b1f-b114-4bf1d90d22cc",
                                            "state": {
                                                "id": "d4e8944a-6e8f-4d6e-a313-2228cfe9a567",
                                                "name": "CHITTAGONG"
                                            }
                                        },
                                        {
                                            "name": "NAIKHONGCHHARI",
                                            "id": "6a91aef8-e8f4-4a6d-ba56-d0c2dc7c1825",
                                            "state": {
                                                "id": "d4e8944a-6e8f-4d6e-a313-2228cfe9a567",
                                                "name": "CHITTAGONG"
                                            }
                                        }
                                    ]
                                },
                                {
                                    "id": "c73a2eed-dabd-4afe-8697-b61c7660367c",
                                    "name": "SYLHET",
                                    "upazilas": [
                                        {
                                            "name": "COMPANIGANJ",
                                            "id": "31e28b0b-7ebc-421d-b4ba-639b9ca7cb53",
                                            "state": {
                                                "id": "2f2f0cc1-587a-4dad-a3f0-83c0bac697ec",
                                                "name": "SYLHET"
                                            }
                                        },
                                        {
                                            "name": "SYLHET_SADAR",
                                            "id": "a34f0b38-18e8-4262-86b2-1651bb537760",
                                            "state": {
                                                "id": "2f2f0cc1-587a-4dad-a3f0-83c0bac697ec",
                                                "name": "SYLHET"
                                            }
                                        },
                                        {
                                            "name": "BISHWANATH",
                                            "id": "d6ba0515-8d7b-4bfb-98c2-106a38549130",
                                            "state": {
                                                "id": "2f2f0cc1-587a-4dad-a3f0-83c0bac697ec",
                                                "name": "SYLHET"
                                            }
                                        },
                                        {
                                            "name": "KANAIGHAT",
                                            "id": "e031ef05-3d43-4ad6-b6f1-b773fbb9096d",
                                            "state": {
                                                "id": "2f2f0cc1-587a-4dad-a3f0-83c0bac697ec",
                                                "name": "SYLHET"
                                            }
                                        },
                                        {
                                            "name": "GOLAPGANJ",
                                            "id": "210156d5-afd9-4bd0-a11a-b9a4c5cbbdbc",
                                            "state": {
                                                "id": "2f2f0cc1-587a-4dad-a3f0-83c0bac697ec",
                                                "name": "SYLHET"
                                            }
                                        },
                                        {
                                            "name": "GOWAINGHAT",
                                            "id": "2dd4daf8-43b6-482d-a890-2bb2a70e8991",
                                            "state": {
                                                "id": "2f2f0cc1-587a-4dad-a3f0-83c0bac697ec",
                                                "name": "SYLHET"
                                            }
                                        },
                                        {
                                            "name": "ZAKIGANJ",
                                            "id": "30f4b678-fdec-482d-8f8a-e26c346f26ad",
                                            "state": {
                                                "id": "2f2f0cc1-587a-4dad-a3f0-83c0bac697ec",
                                                "name": "SYLHET"
                                            }
                                        },
                                        {
                                            "name": "JAINTIAPUR",
                                            "id": "8f86c696-7e8e-44a4-91cf-6561dd174a18",
                                            "state": {
                                                "id": "2f2f0cc1-587a-4dad-a3f0-83c0bac697ec",
                                                "name": "SYLHET"
                                            }
                                        },
                                        {
                                            "name": "DAKSHIN SURMA",
                                            "id": "ff180545-ebf0-481f-827b-2fa7cd6ee10b",
                                            "state": {
                                                "id": "2f2f0cc1-587a-4dad-a3f0-83c0bac697ec",
                                                "name": "SYLHET"
                                            }
                                        },
                                        {
                                            "name": "FENCHUGANJ",
                                            "id": "adaf36ec-689f-4591-b29c-8677a4e45f9e",
                                            "state": {
                                                "id": "2f2f0cc1-587a-4dad-a3f0-83c0bac697ec",
                                                "name": "SYLHET"
                                            }
                                        },
                                        {
                                            "name": "NOBIGONJ",
                                            "id": "c04977f2-7416-40cf-9c90-d828a9e789d5",
                                            "state": {
                                                "id": "2f2f0cc1-587a-4dad-a3f0-83c0bac697ec",
                                                "name": "SYLHET"
                                            }
                                        },
                                        {
                                            "name": "BEANIBAZAR",
                                            "id": "e5334066-cdb3-4529-a7a7-6cc3a6160265",
                                            "state": {
                                                "id": "2f2f0cc1-587a-4dad-a3f0-83c0bac697ec",
                                                "name": "SYLHET"
                                            }
                                        },
                                        {
                                            "name": "BALAGANJ",
                                            "id": "d92a9983-9313-470e-80da-9f025ed17212",
                                            "state": {
                                                "id": "2f2f0cc1-587a-4dad-a3f0-83c0bac697ec",
                                                "name": "SYLHET"
                                            }
                                        }
                                    ]
                                },
                                {
                                    "id": "86d79ef2-dc45-4d2d-8e54-fad70c79b647",
                                    "name": "PIROJPUR",
                                    "upazilas": [
                                        {
                                            "name": "NAZIRPUR",
                                            "id": "d7844a35-f652-4b30-925b-194f2396958d",
                                            "state": {
                                                "id": "5cbbb439-96e7-4f60-bf2f-abddd0d03e7e",
                                                "name": "BARISAL"
                                            }
                                        },
                                        {
                                            "name": "MATHBARIA",
                                            "id": "8e328e74-3026-4e46-8e67-fc37ce651dfe",
                                            "state": {
                                                "id": "5cbbb439-96e7-4f60-bf2f-abddd0d03e7e",
                                                "name": "BARISAL"
                                            }
                                        },
                                        {
                                            "name": "BHANDARIA",
                                            "id": "6c758ead-5526-424d-9228-1fc826c3c76e",
                                            "state": {
                                                "id": "5cbbb439-96e7-4f60-bf2f-abddd0d03e7e",
                                                "name": "BARISAL"
                                            }
                                        },
                                        {
                                            "name": "ZIANAGAR",
                                            "id": "316d4e46-74dc-458f-8750-e3643592b032",
                                            "state": {
                                                "id": "5cbbb439-96e7-4f60-bf2f-abddd0d03e7e",
                                                "name": "BARISAL"
                                            }
                                        },
                                        {
                                            "name": "PIROJPUR_SADAR",
                                            "id": "c98de406-4053-41d1-b72e-479d07b91a94",
                                            "state": {
                                                "id": "5cbbb439-96e7-4f60-bf2f-abddd0d03e7e",
                                                "name": "BARISAL"
                                            }
                                        },
                                        {
                                            "name": "NESARABAD",
                                            "id": "7dca70fe-76a9-4517-96bd-961f4a82c401",
                                            "state": {
                                                "id": "5cbbb439-96e7-4f60-bf2f-abddd0d03e7e",
                                                "name": "BARISAL"
                                            }
                                        }
                                    ]
                                },
                                {
                                    "id": "faeca4b5-c49e-4522-9d6b-b1f1786d3fe4",
                                    "name": "MEHERPUR",
                                    "upazilas": [
                                        {
                                            "name": "ANGNI",
                                            "id": "8dc5d275-9329-47d9-af59-fcad6d54bf3b",
                                            "state": {
                                                "id": "642a6748-942f-473d-96c6-a6c1b2e00e05",
                                                "name": "KHULNA"
                                            }
                                        },
                                        {
                                            "name": "MEHERPUR-S",
                                            "id": "90ee1389-ade9-47fd-b25b-0210a778cbb7",
                                            "state": {
                                                "id": "642a6748-942f-473d-96c6-a6c1b2e00e05",
                                                "name": "KHULNA"
                                            }
                                        },
                                        {
                                            "name": "MUJIB NAGAR",
                                            "id": "5d4ba578-bd32-4c79-9211-573b9174c19c",
                                            "state": {
                                                "id": "642a6748-942f-473d-96c6-a6c1b2e00e05",
                                                "name": "KHULNA"
                                            }
                                        }
                                    ]
                                },
                                {
                                    "id": "c9ee4e88-6a9e-4dca-a376-e34b12b08a7c",
                                    "name": "MAULVIBAZAR",
                                    "upazilas": [
                                        {
                                            "name": "RAJNAGAR",
                                            "id": "7d51ce73-16fe-47cf-ba03-0c064ccc14f0",
                                            "state": {
                                                "id": "2f2f0cc1-587a-4dad-a3f0-83c0bac697ec",
                                                "name": "SYLHET"
                                            }
                                        },
                                        {
                                            "name": "BARLEKHA",
                                            "id": "4787d06c-b9e4-43b1-80ef-21623028b031",
                                            "state": {
                                                "id": "2f2f0cc1-587a-4dad-a3f0-83c0bac697ec",
                                                "name": "SYLHET"
                                            }
                                        },
                                        {
                                            "name": "KULAURA",
                                            "id": "bd871dd2-4f8d-4c28-8d67-775939289225",
                                            "state": {
                                                "id": "2f2f0cc1-587a-4dad-a3f0-83c0bac697ec",
                                                "name": "SYLHET"
                                            }
                                        },
                                        {
                                            "name": "JURI",
                                            "id": "77753183-cece-4b78-85f7-fbb30b55cda4",
                                            "state": {
                                                "id": "2f2f0cc1-587a-4dad-a3f0-83c0bac697ec",
                                                "name": "SYLHET"
                                            }
                                        },
                                        {
                                            "name": "SREEMANGAL",
                                            "id": "8ee98bba-fc39-4bb2-9d83-e357a620b424",
                                            "state": {
                                                "id": "2f2f0cc1-587a-4dad-a3f0-83c0bac697ec",
                                                "name": "SYLHET"
                                            }
                                        },
                                        {
                                            "name": "KAMALGANJ",
                                            "id": "11e746ba-02ec-4142-9177-6740d9a5c6f9",
                                            "state": {
                                                "id": "2f2f0cc1-587a-4dad-a3f0-83c0bac697ec",
                                                "name": "SYLHET"
                                            }
                                        },
                                        {
                                            "name": "MOULVIBAZAR_SADAR",
                                            "id": "fb364596-f586-4335-9ab7-c7ab0104689f",
                                            "state": {
                                                "id": "2f2f0cc1-587a-4dad-a3f0-83c0bac697ec",
                                                "name": "SYLHET"
                                            }
                                        }
                                    ]
                                },
                                {
                                    "id": "1319d89d-5fb0-41b9-bdb5-05339617a6fa",
                                    "name": "SHERPUR",
                                    "upazilas": [
                                        {
                                            "name": "NAKLA",
                                            "id": "864fc566-3981-4a3a-b47a-bb549d6697f4",
                                            "state": {
                                                "id": "f6395340-53b2-4824-8252-ef3a164b8446",
                                                "name": "MAYMENSINGH"
                                            }
                                        },
                                        {
                                            "name": "JHENAIGATI",
                                            "id": "880b10a0-05da-46be-bf3e-354aac03cab7",
                                            "state": {
                                                "id": "f6395340-53b2-4824-8252-ef3a164b8446",
                                                "name": "MAYMENSINGH"
                                            }
                                        },
                                        {
                                            "name": "SREEBARDI",
                                            "id": "9f257f25-c5d3-471b-8364-62ce7eb59dfc",
                                            "state": {
                                                "id": "f6395340-53b2-4824-8252-ef3a164b8446",
                                                "name": "MAYMENSINGH"
                                            }
                                        },
                                        {
                                            "name": "SHERPUR_SADAR",
                                            "id": "cd07db73-b66e-456a-825f-81fc08cf337a",
                                            "state": {
                                                "id": "f6395340-53b2-4824-8252-ef3a164b8446",
                                                "name": "MAYMENSINGH"
                                            }
                                        },
                                        {
                                            "name": "NALITABARI",
                                            "id": "37c7e577-eeb5-4df5-877f-7ccee900a891",
                                            "state": {
                                                "id": "f6395340-53b2-4824-8252-ef3a164b8446",
                                                "name": "MAYMENSINGH"
                                            }
                                        }
                                    ]
                                },
                                {
                                    "id": "f9c3c547-adb4-4e53-a2a8-70bd5b31e3d7",
                                    "name": "FARIDPUR",
                                    "upazilas": [
                                        {
                                            "name": "CHARBHADRASAN",
                                            "id": "babc9507-275e-4611-ba34-4a080f4d42a8",
                                            "state": {
                                                "id": "9c75a95b-9f42-4ca9-a152-78c492590a6f",
                                                "name": "DHAKA"
                                            }
                                        },
                                        {
                                            "name": "FARIDPUR_SADAR",
                                            "id": "5f3eccfd-b863-4ccf-8c18-ad32f99e2859",
                                            "state": {
                                                "id": "9c75a95b-9f42-4ca9-a152-78c492590a6f",
                                                "name": "DHAKA"
                                            }
                                        },
                                        {
                                            "name": "ALFADANGA",
                                            "id": "259fd208-67c5-42b8-b98a-aa4a39290da5",
                                            "state": {
                                                "id": "9c75a95b-9f42-4ca9-a152-78c492590a6f",
                                                "name": "DHAKA"
                                            }
                                        },
                                        {
                                            "name": "Faridpur Sadar",
                                            "id": "99ac95fe-a484-448c-b9d8-5c9200b273e3",
                                            "state": {
                                                "id": "9c75a95b-9f42-4ca9-a152-78c492590a6f",
                                                "name": "DHAKA"
                                            }
                                        },
                                        {
                                            "name": "SADARPUR",
                                            "id": "f518eb87-fa45-438b-ac13-2415f3faea91",
                                            "state": {
                                                "id": "9c75a95b-9f42-4ca9-a152-78c492590a6f",
                                                "name": "DHAKA"
                                            }
                                        },
                                        {
                                            "name": "BHANGA",
                                            "id": "ed2d07c1-11c0-4f41-b499-fde54429851f",
                                            "state": {
                                                "id": "9c75a95b-9f42-4ca9-a152-78c492590a6f",
                                                "name": "DHAKA"
                                            }
                                        },
                                        {
                                            "name": "MADHUKHALI",
                                            "id": "6b341b59-641e-4db0-8dc0-2ce74ae664e9",
                                            "state": {
                                                "id": "9c75a95b-9f42-4ca9-a152-78c492590a6f",
                                                "name": "DHAKA"
                                            }
                                        },
                                        {
                                            "name": "NAGARKANDA",
                                            "id": "4d6dd97f-3b4c-4d48-8502-2f6e2c7c9274",
                                            "state": {
                                                "id": "9c75a95b-9f42-4ca9-a152-78c492590a6f",
                                                "name": "DHAKA"
                                            }
                                        },
                                        {
                                            "name": "BOALMARI",
                                            "id": "953e90ab-0015-4e6e-aa42-3d139c026a5d",
                                            "state": {
                                                "id": "9c75a95b-9f42-4ca9-a152-78c492590a6f",
                                                "name": "DHAKA"
                                            }
                                        },
                                        {
                                            "name": "SHALTHA",
                                            "id": "b67e6c94-f523-4359-a2a8-335a8d8dd43c",
                                            "state": {
                                                "id": "9c75a95b-9f42-4ca9-a152-78c492590a6f",
                                                "name": "DHAKA"
                                            }
                                        }
                                    ]
                                },
                                {
                                    "id": "8fdce543-067c-4c21-8ed2-f19c3fdf215b",
                                    "name": "NILPHAMARI",
                                    "upazilas": [
                                        {
                                            "name": "NILPHAMARI_SADAR",
                                            "id": "23cf2816-4cb3-4159-bb93-52a3fd781c00",
                                            "state": {
                                                "id": "b8c19906-b4fc-4745-ac93-af957934136b",
                                                "name": "RANGPUR"
                                            }
                                        },
                                        {
                                            "name": "JALDHAKA",
                                            "id": "623722ab-fa63-40cb-87d2-30f7b9f0b66b",
                                            "state": {
                                                "id": "b8c19906-b4fc-4745-ac93-af957934136b",
                                                "name": "RANGPUR"
                                            }
                                        },
                                        {
                                            "name": "DOMAR",
                                            "id": "a776cc51-7370-493a-a772-ccd1b0b20855",
                                            "state": {
                                                "id": "b8c19906-b4fc-4745-ac93-af957934136b",
                                                "name": "RANGPUR"
                                            }
                                        },
                                        {
                                            "name": "KISHOREGANJ",
                                            "id": "1deadcdb-a5f3-475b-95be-108a1046f978",
                                            "state": {
                                                "id": "b8c19906-b4fc-4745-ac93-af957934136b",
                                                "name": "RANGPUR"
                                            }
                                        },
                                        {
                                            "name": "SAIDPUR",
                                            "id": "a232edd2-b19a-4344-8c76-4ebd7090457a",
                                            "state": {
                                                "id": "b8c19906-b4fc-4745-ac93-af957934136b",
                                                "name": "RANGPUR"
                                            }
                                        },
                                        {
                                            "name": "DIMLA",
                                            "id": "1c92cece-1653-45ac-a086-24e8d852b562",
                                            "state": {
                                                "id": "b8c19906-b4fc-4745-ac93-af957934136b",
                                                "name": "RANGPUR"
                                            }
                                        }
                                    ]
                                },
                                {
                                    "id": "739583dc-519d-49b0-9582-d798a027ca79",
                                    "name": "COX'S BAZAR",
                                    "upazilas": [
                                        {
                                            "name": "COXS BAZAR SADAR",
                                            "id": "38c08333-395d-4aa8-86c0-8caea9a52c76",
                                            "state": {
                                                "id": "d4e8944a-6e8f-4d6e-a313-2228cfe9a567",
                                                "name": "CHITTAGONG"
                                            }
                                        },
                                        {
                                            "name": "TEKNAF",
                                            "id": "d41283c5-bca6-405f-8acf-e68e68e73308",
                                            "state": {
                                                "id": "d4e8944a-6e8f-4d6e-a313-2228cfe9a567",
                                                "name": "CHITTAGONG"
                                            }
                                        },
                                        {
                                            "name": "CHAKARIA",
                                            "id": "7a82b092-c530-4b72-985a-6e7c61a4f69f",
                                            "state": {
                                                "id": "d4e8944a-6e8f-4d6e-a313-2228cfe9a567",
                                                "name": "CHITTAGONG"
                                            }
                                        },
                                        {
                                            "name": "RAMU",
                                            "id": "529c05f5-dbc9-4442-9600-6debc27754d3",
                                            "state": {
                                                "id": "d4e8944a-6e8f-4d6e-a313-2228cfe9a567",
                                                "name": "CHITTAGONG"
                                            }
                                        },
                                        {
                                            "name": "EIDGAON",
                                            "id": "56f91627-c045-4618-b933-805104e9ed1f",
                                            "state": {
                                                "id": "d4e8944a-6e8f-4d6e-a313-2228cfe9a567",
                                                "name": "CHITTAGONG"
                                            }
                                        },
                                        {
                                            "name": "UKHIA",
                                            "id": "66dc64de-4a0b-4c4a-a6c8-80b63c9a3c75",
                                            "state": {
                                                "id": "d4e8944a-6e8f-4d6e-a313-2228cfe9a567",
                                                "name": "CHITTAGONG"
                                            }
                                        },
                                        {
                                            "name": "PEKUA",
                                            "id": "d01cb26d-4cfe-4017-a7c2-e9fdc0d8e2df",
                                            "state": {
                                                "id": "d4e8944a-6e8f-4d6e-a313-2228cfe9a567",
                                                "name": "CHITTAGONG"
                                            }
                                        },
                                        {
                                            "name": "MAHESHKHALI",
                                            "id": "c2ebc5a8-aaf2-4b98-a059-8beb05b34bdd",
                                            "state": {
                                                "id": "d4e8944a-6e8f-4d6e-a313-2228cfe9a567",
                                                "name": "CHITTAGONG"
                                            }
                                        },
                                        {
                                            "name": "KUTUBDIA",
                                            "id": "8f731bf7-fbb2-4b70-9e47-6d3d0d415d5d",
                                            "state": {
                                                "id": "d4e8944a-6e8f-4d6e-a313-2228cfe9a567",
                                                "name": "CHITTAGONG"
                                            }
                                        }
                                    ]
                                },
                                {
                                    "id": "2e26f8c1-97a7-44fc-9090-22af4de4ac9e",
                                    "name": "DHAKA",
                                    "upazilas": [
                                        {
                                            "name": "KERANIGANJ",
                                            "id": "37fa6ec5-6a13-4a35-b5c6-674b507edc01",
                                            "state": {
                                                "id": "9c75a95b-9f42-4ca9-a152-78c492590a6f",
                                                "name": "DHAKA"
                                            }
                                        },
                                        {
                                            "name": "DHAMRAI",
                                            "id": "9f2f6c8f-663f-4416-a1a7-1c59abb3852a",
                                            "state": {
                                                "id": "9c75a95b-9f42-4ca9-a152-78c492590a6f",
                                                "name": "DHAKA"
                                            }
                                        },
                                        {
                                            "name": "SAVAR",
                                            "id": "1a6db9e6-f058-4a33-a404-f7825a11a530",
                                            "state": {
                                                "id": "9c75a95b-9f42-4ca9-a152-78c492590a6f",
                                                "name": "DHAKA"
                                            }
                                        },
                                        {
                                            "name": "DOHAR",
                                            "id": "eaad1c5c-5972-4dd5-a18c-734fbadb8864",
                                            "state": {
                                                "id": "9c75a95b-9f42-4ca9-a152-78c492590a6f",
                                                "name": "DHAKA"
                                            }
                                        }
                                    ]
                                },
                                {
                                    "id": "f25de2cd-5ed8-44a8-9ae0-7d65c232f423",
                                    "name": "JAMALPUR",
                                    "upazilas": [
                                        {
                                            "name": "MELANDAHA",
                                            "id": "e5a81703-97d0-479b-a4fd-22a3a602697f",
                                            "state": {
                                                "id": "f6395340-53b2-4824-8252-ef3a164b8446",
                                                "name": "MAYMENSINGH"
                                            }
                                        },
                                        {
                                            "name": "NARUNDI POLICE I.C",
                                            "id": "c7710b29-c844-4892-9108-d73148cda29c",
                                            "state": {
                                                "id": "f6395340-53b2-4824-8252-ef3a164b8446",
                                                "name": "MAYMENSINGH"
                                            }
                                        },
                                        {
                                            "name": "ISLAMPUR",
                                            "id": "aedbc063-13ca-4e20-8357-eb22e8936000",
                                            "state": {
                                                "id": "f6395340-53b2-4824-8252-ef3a164b8446",
                                                "name": "MAYMENSINGH"
                                            }
                                        },
                                        {
                                            "name": "DEWANGANJ",
                                            "id": "1cc6d50f-87e6-4dd4-8a6e-9490a827621b",
                                            "state": {
                                                "id": "f6395340-53b2-4824-8252-ef3a164b8446",
                                                "name": "MAYMENSINGH"
                                            }
                                        },
                                        {
                                            "name": "JAMALPUR_SADAR",
                                            "id": "084e0df5-fe78-46ce-a473-939b9333bf40",
                                            "state": {
                                                "id": "f6395340-53b2-4824-8252-ef3a164b8446",
                                                "name": "MAYMENSINGH"
                                            }
                                        },
                                        {
                                            "name": "MADARGANJ",
                                            "id": "4782f9bd-aede-453f-8c96-7e2e10e8255b",
                                            "state": {
                                                "id": "f6395340-53b2-4824-8252-ef3a164b8446",
                                                "name": "MAYMENSINGH"
                                            }
                                        },
                                        {
                                            "name": "BAKSIGANJ",
                                            "id": "209bc080-4acc-4ac4-a88c-0ebc92355a2c",
                                            "state": {
                                                "id": "f6395340-53b2-4824-8252-ef3a164b8446",
                                                "name": "MAYMENSINGH"
                                            }
                                        },
                                        {
                                            "name": "SARISHABARI",
                                            "id": "c9d83f61-fe43-402a-9e0b-7f4df5cbe0e2",
                                            "state": {
                                                "id": "f6395340-53b2-4824-8252-ef3a164b8446",
                                                "name": "MAYMENSINGH"
                                            }
                                        }
                                    ]
                                },
                                {
                                    "id": "468da8cf-58f1-426f-ae73-d9554f7f71f6",
                                    "name": "NOAKHALI",
                                    "upazilas": [
                                        {
                                            "name": "COMPANYGANJ",
                                            "id": "87c2d2fe-377e-4bb3-aa56-93c5eb46ce99",
                                            "state": {
                                                "id": "d4e8944a-6e8f-4d6e-a313-2228cfe9a567",
                                                "name": "CHITTAGONG"
                                            }
                                        },
                                        {
                                            "name": "KOBIRHAT",
                                            "id": "edd18fb6-2dba-492a-bc59-f118923cfb9d",
                                            "state": {
                                                "id": "d4e8944a-6e8f-4d6e-a313-2228cfe9a567",
                                                "name": "CHITTAGONG"
                                            }
                                        },
                                        {
                                            "name": "BEGUMGANJ",
                                            "id": "fa8e1bdd-241d-484c-b5d8-82d5ee981528",
                                            "state": {
                                                "id": "d4e8944a-6e8f-4d6e-a313-2228cfe9a567",
                                                "name": "CHITTAGONG"
                                            }
                                        },
                                        {
                                            "name": "SUBORNO CHAR",
                                            "id": "e4fdab05-6c34-4af4-9a3c-9dd46abf24b1",
                                            "state": {
                                                "id": "d4e8944a-6e8f-4d6e-a313-2228cfe9a567",
                                                "name": "CHITTAGONG"
                                            }
                                        },
                                        {
                                            "name": "HATIA",
                                            "id": "8a144eff-edd1-4e0f-a6a8-70e1d8a19393",
                                            "state": {
                                                "id": "d4e8944a-6e8f-4d6e-a313-2228cfe9a567",
                                                "name": "CHITTAGONG"
                                            }
                                        },
                                        {
                                            "name": "SONAIMURI",
                                            "id": "ac50ed77-f382-46a1-a3d0-f0ad7d4788ac",
                                            "state": {
                                                "id": "d4e8944a-6e8f-4d6e-a313-2228cfe9a567",
                                                "name": "CHITTAGONG"
                                            }
                                        },
                                        {
                                            "name": "SHENBAG",
                                            "id": "e8164a0d-375a-4012-a790-694387014d4b",
                                            "state": {
                                                "id": "d4e8944a-6e8f-4d6e-a313-2228cfe9a567",
                                                "name": "CHITTAGONG"
                                            }
                                        },
                                        {
                                            "name": "CHATKHIL",
                                            "id": "59588ff2-33b7-4cd3-8e7e-fb302e9220c9",
                                            "state": {
                                                "id": "d4e8944a-6e8f-4d6e-a313-2228cfe9a567",
                                                "name": "CHITTAGONG"
                                            }
                                        },
                                        {
                                            "name": "NOAKHALI_SADAR",
                                            "id": "cb154cac-8111-4360-950e-daf4c472cbdf",
                                            "state": {
                                                "id": "d4e8944a-6e8f-4d6e-a313-2228cfe9a567",
                                                "name": "CHITTAGONG"
                                            }
                                        }
                                    ]
                                },
                                {
                                    "id": "54d0ae5a-d1d3-4212-a0df-9af09ff11378",
                                    "name": "CHATTOGRAM",
                                    "upazilas": [
                                        {
                                            "name": "BANSHKHALI",
                                            "id": "5ddabeca-76c8-4c6a-83e2-0c9cc8ad08d8",
                                            "state": {
                                                "id": "d4e8944a-6e8f-4d6e-a313-2228cfe9a567",
                                                "name": "CHITTAGONG"
                                            }
                                        },
                                        {
                                            "name": "FATIKCHHARI",
                                            "id": "711efd46-765f-4eda-a5a6-6199af270f52",
                                            "state": {
                                                "id": "d4e8944a-6e8f-4d6e-a313-2228cfe9a567",
                                                "name": "CHITTAGONG"
                                            }
                                        },
                                        {
                                            "name": "CHANDANAISH",
                                            "id": "f4bda4c9-417b-4cb2-8cdf-e79e95eede46",
                                            "state": {
                                                "id": "d4e8944a-6e8f-4d6e-a313-2228cfe9a567",
                                                "name": "CHITTAGONG"
                                            }
                                        },
                                        {
                                            "name": "SATKANIA",
                                            "id": "e6761574-7af1-405b-ab56-a967edf628f9",
                                            "state": {
                                                "id": "d4e8944a-6e8f-4d6e-a313-2228cfe9a567",
                                                "name": "CHITTAGONG"
                                            }
                                        },
                                        {
                                            "name": "SANDWIP",
                                            "id": "fa949a73-22a2-461a-b287-aac4effba9c6",
                                            "state": {
                                                "id": "d4e8944a-6e8f-4d6e-a313-2228cfe9a567",
                                                "name": "CHITTAGONG"
                                            }
                                        },
                                        {
                                            "name": "PATIYA",
                                            "id": "e6b414c2-9a47-4f78-bab7-c8c3859e24e1",
                                            "state": {
                                                "id": "d4e8944a-6e8f-4d6e-a313-2228cfe9a567",
                                                "name": "CHITTAGONG"
                                            }
                                        },
                                        {
                                            "name": "LOHAGARA",
                                            "id": "e78211f4-9d77-4e85-82e3-ec7fb12b64ce",
                                            "state": {
                                                "id": "d4e8944a-6e8f-4d6e-a313-2228cfe9a567",
                                                "name": "CHITTAGONG"
                                            }
                                        },
                                        {
                                            "name": "BOALKHALI",
                                            "id": "c414a0ec-ffab-45ea-bb72-bb1890086b90",
                                            "state": {
                                                "id": "d4e8944a-6e8f-4d6e-a313-2228cfe9a567",
                                                "name": "CHITTAGONG"
                                            }
                                        },
                                        {
                                            "name": "ANWARA",
                                            "id": "a0723800-077f-437f-9d36-9f745cb0b31e",
                                            "state": {
                                                "id": "d4e8944a-6e8f-4d6e-a313-2228cfe9a567",
                                                "name": "CHITTAGONG"
                                            }
                                        },
                                        {
                                            "name": "RAOZAN",
                                            "id": "95fb0054-aa7f-400c-b645-f0d90cb2a833",
                                            "state": {
                                                "id": "d4e8944a-6e8f-4d6e-a313-2228cfe9a567",
                                                "name": "CHITTAGONG"
                                            }
                                        },
                                        {
                                            "name": "MIRSHARAI",
                                            "id": "fe518ddf-6a83-4694-a2a6-ddeec0b93c18",
                                            "state": {
                                                "id": "d4e8944a-6e8f-4d6e-a313-2228cfe9a567",
                                                "name": "CHITTAGONG"
                                            }
                                        },
                                        {
                                            "name": "RANGUNIA",
                                            "id": "9c3e5edc-e95e-4671-89d4-974e7a31342e",
                                            "state": {
                                                "id": "d4e8944a-6e8f-4d6e-a313-2228cfe9a567",
                                                "name": "CHITTAGONG"
                                            }
                                        },
                                        {
                                            "name": "HATHAZARI",
                                            "id": "bda87d19-77d0-4c25-bca1-a911f4331afd",
                                            "state": {
                                                "id": "d4e8944a-6e8f-4d6e-a313-2228cfe9a567",
                                                "name": "CHITTAGONG"
                                            }
                                        },
                                        {
                                            "name": "SITAKUNDA",
                                            "id": "6fae4e24-7c93-493f-91f0-5fa877a326f4",
                                            "state": {
                                                "id": "d4e8944a-6e8f-4d6e-a313-2228cfe9a567",
                                                "name": "CHITTAGONG"
                                            }
                                        }
                                    ]
                                },
                                {
                                    "id": "66a27ec2-f335-413d-b228-4a4df8fa4eea",
                                    "name": "BHOLA",
                                    "upazilas": [
                                        {
                                            "name": "BHOLA_SADAR",
                                            "id": "3cbaa092-c96b-4845-a314-b9cdc02d61fd",
                                            "state": {
                                                "id": "5cbbb439-96e7-4f60-bf2f-abddd0d03e7e",
                                                "name": "BARISAL"
                                            }
                                        },
                                        {
                                            "name": "MANPURA",
                                            "id": "3220264c-e0d8-41c3-9b69-55cdd4aea21e",
                                            "state": {
                                                "id": "5cbbb439-96e7-4f60-bf2f-abddd0d03e7e",
                                                "name": "BARISAL"
                                            }
                                        },
                                        {
                                            "name": "BURHANUDDIN",
                                            "id": "692e6a01-748c-4451-8d67-e0f404c69572",
                                            "state": {
                                                "id": "5cbbb439-96e7-4f60-bf2f-abddd0d03e7e",
                                                "name": "BARISAL"
                                            }
                                        },
                                        {
                                            "name": "CHAR FASSON",
                                            "id": "9f23a216-4a71-48ef-8c7e-e20f01a67e4a",
                                            "state": {
                                                "id": "5cbbb439-96e7-4f60-bf2f-abddd0d03e7e",
                                                "name": "BARISAL"
                                            }
                                        },
                                        {
                                            "name": "DAULATKHAN",
                                            "id": "16ea4a9e-60b8-4eed-a011-d3d52d5a646d",
                                            "state": {
                                                "id": "5cbbb439-96e7-4f60-bf2f-abddd0d03e7e",
                                                "name": "BARISAL"
                                            }
                                        },
                                        {
                                            "name": "LALMOHAN",
                                            "id": "634c328d-d819-4c09-a1b4-ebe643071f5e",
                                            "state": {
                                                "id": "5cbbb439-96e7-4f60-bf2f-abddd0d03e7e",
                                                "name": "BARISAL"
                                            }
                                        },
                                        {
                                            "name": "TAZUMUDDIN",
                                            "id": "303c6383-711c-4c09-ba87-f261320d697e",
                                            "state": {
                                                "id": "5cbbb439-96e7-4f60-bf2f-abddd0d03e7e",
                                                "name": "BARISAL"
                                            }
                                        }
                                    ]
                                },
                                {
                                    "id": "00358d0a-f4c2-4374-908b-b37dac235fc0",
                                    "name": "JHENAIDAH",
                                    "upazilas": [
                                        {
                                            "name": "JHENAIDAH_SADAR",
                                            "id": "b730ac9a-c96e-4e9c-8583-dda0a4b61f9b",
                                            "state": {
                                                "id": "642a6748-942f-473d-96c6-a6c1b2e00e05",
                                                "name": "KHULNA"
                                            }
                                        },
                                        {
                                            "name": "SHAILKUPA",
                                            "id": "9216f983-c056-40f1-a143-463a2e4a2e84",
                                            "state": {
                                                "id": "642a6748-942f-473d-96c6-a6c1b2e00e05",
                                                "name": "KHULNA"
                                            }
                                        },
                                        {
                                            "name": "KOTCHANDPUR",
                                            "id": "7d743b39-a4ef-499b-b1eb-ccc7c9c1df81",
                                            "state": {
                                                "id": "642a6748-942f-473d-96c6-a6c1b2e00e05",
                                                "name": "KHULNA"
                                            }
                                        },
                                        {
                                            "name": "MAHESHPUR",
                                            "id": "9f3f6256-e1a0-457a-bf19-21fd5ccf253f",
                                            "state": {
                                                "id": "642a6748-942f-473d-96c6-a6c1b2e00e05",
                                                "name": "KHULNA"
                                            }
                                        },
                                        {
                                            "name": "HARINAKUNDA",
                                            "id": "8e2f9be1-24a7-48f6-9772-60c671fd5b2e",
                                            "state": {
                                                "id": "642a6748-942f-473d-96c6-a6c1b2e00e05",
                                                "name": "KHULNA"
                                            }
                                        }
                                    ]
                                },
                                {
                                    "id": "7a79fbbb-0414-4c68-ba03-a7d86e0f77ce",
                                    "name": "PABNA",
                                    "upazilas": [
                                        {
                                            "name": "BERA",
                                            "id": "9e859765-d526-4191-bab6-bf8d5a17317b",
                                            "state": {
                                                "id": "d68c68d2-108e-4635-93d1-28c44525f178",
                                                "name": "RAJSHAHI"
                                            }
                                        },
                                        {
                                            "name": "SUJANAGAR",
                                            "id": "a1b3c50a-d7af-4d16-a72d-4bdb5d0647b4",
                                            "state": {
                                                "id": "d68c68d2-108e-4635-93d1-28c44525f178",
                                                "name": "RAJSHAHI"
                                            }
                                        },
                                        {
                                            "name": "ATGHARIA",
                                            "id": "1faaac6e-d6b6-4852-9538-5c85438e47a5",
                                            "state": {
                                                "id": "d68c68d2-108e-4635-93d1-28c44525f178",
                                                "name": "RAJSHAHI"
                                            }
                                        },
                                        {
                                            "name": "SANTHIA",
                                            "id": "89ee778e-f765-4f8b-96d2-e00a6948199f",
                                            "state": {
                                                "id": "d68c68d2-108e-4635-93d1-28c44525f178",
                                                "name": "RAJSHAHI"
                                            }
                                        },
                                        {
                                            "name": "FARIDPUR",
                                            "id": "f9e13f42-2b4c-4af1-ae0b-186ee9fed178",
                                            "state": {
                                                "id": "d68c68d2-108e-4635-93d1-28c44525f178",
                                                "name": "RAJSHAHI"
                                            }
                                        },
                                        {
                                            "name": "BHANGURA",
                                            "id": "ce5f60e3-36ca-47e2-ac30-fea8af549985",
                                            "state": {
                                                "id": "d68c68d2-108e-4635-93d1-28c44525f178",
                                                "name": "RAJSHAHI"
                                            }
                                        },
                                        {
                                            "name": "CHATMOHAR",
                                            "id": "ee68ea82-2a16-46d4-a111-8d6a717363e3",
                                            "state": {
                                                "id": "d68c68d2-108e-4635-93d1-28c44525f178",
                                                "name": "RAJSHAHI"
                                            }
                                        },
                                        {
                                            "name": "ISHWARDI",
                                            "id": "e6f6b813-2ef3-429a-8dc6-3664b2d7af18",
                                            "state": {
                                                "id": "d68c68d2-108e-4635-93d1-28c44525f178",
                                                "name": "RAJSHAHI"
                                            }
                                        },
                                        {
                                            "name": "PABNA_SADAR",
                                            "id": "9a08add3-9997-4def-8a7e-2d4c47b78e1a",
                                            "state": {
                                                "id": "d68c68d2-108e-4635-93d1-28c44525f178",
                                                "name": "RAJSHAHI"
                                            }
                                        }
                                    ]
                                },
                                {
                                    "id": "c8c07a38-023f-4177-a946-7ea85bc5e62f",
                                    "name": "KISHOREGANJ",
                                    "upazilas": [
                                        {
                                            "name": "ASTAGRAM",
                                            "id": "8af0a33e-ec3f-4819-9c9a-d2e7b407340b",
                                            "state": {
                                                "id": "9c75a95b-9f42-4ca9-a152-78c492590a6f",
                                                "name": "DHAKA"
                                            }
                                        },
                                        {
                                            "name": "KATIADI",
                                            "id": "e14e5e25-3f0a-47a6-a16d-fe2023ec0a0e",
                                            "state": {
                                                "id": "9c75a95b-9f42-4ca9-a152-78c492590a6f",
                                                "name": "DHAKA"
                                            }
                                        },
                                        {
                                            "name": "MITHAMAIN",
                                            "id": "baa02b29-ad36-4df1-b296-07c71e4dabff",
                                            "state": {
                                                "id": "9c75a95b-9f42-4ca9-a152-78c492590a6f",
                                                "name": "DHAKA"
                                            }
                                        },
                                        {
                                            "name": "NIKLI",
                                            "id": "6f94a91b-a7e0-4690-83f4-82181b04c922",
                                            "state": {
                                                "id": "9c75a95b-9f42-4ca9-a152-78c492590a6f",
                                                "name": "DHAKA"
                                            }
                                        },
                                        {
                                            "name": "PAKUNDIA",
                                            "id": "3a4de8ba-819b-4935-843c-a3f1b5f6c421",
                                            "state": {
                                                "id": "9c75a95b-9f42-4ca9-a152-78c492590a6f",
                                                "name": "DHAKA"
                                            }
                                        },
                                        {
                                            "name": "KARIMGANJ",
                                            "id": "603092ee-3099-4b52-8b05-a76998c55ac0",
                                            "state": {
                                                "id": "9c75a95b-9f42-4ca9-a152-78c492590a6f",
                                                "name": "DHAKA"
                                            }
                                        },
                                        {
                                            "name": "KULIARCHAR",
                                            "id": "ba05daa9-21a2-4c7f-8a6f-4eca370e67c9",
                                            "state": {
                                                "id": "9c75a95b-9f42-4ca9-a152-78c492590a6f",
                                                "name": "DHAKA"
                                            }
                                        },
                                        {
                                            "name": "HOSSAINPUR",
                                            "id": "35ee81bc-c606-4f50-8c62-be135699f164",
                                            "state": {
                                                "id": "9c75a95b-9f42-4ca9-a152-78c492590a6f",
                                                "name": "DHAKA"
                                            }
                                        },
                                        {
                                            "name": "ITNA",
                                            "id": "64a6f7b6-ae00-48d7-91ff-d1afdd013728",
                                            "state": {
                                                "id": "9c75a95b-9f42-4ca9-a152-78c492590a6f",
                                                "name": "DHAKA"
                                            }
                                        },
                                        {
                                            "name": "BHAIRAB",
                                            "id": "f76de4f1-4367-46b4-ae35-25b31e161eaa",
                                            "state": {
                                                "id": "9c75a95b-9f42-4ca9-a152-78c492590a6f",
                                                "name": "DHAKA"
                                            }
                                        },
                                        {
                                            "name": "KISHOREGANJ_SADAR",
                                            "id": "f71d8ef1-88f4-4648-a927-1999cbec41e7",
                                            "state": {
                                                "id": "9c75a95b-9f42-4ca9-a152-78c492590a6f",
                                                "name": "DHAKA"
                                            }
                                        },
                                        {
                                            "name": "TARAIL",
                                            "id": "f5f8b58c-3d89-4a8f-8533-d689e34cbed3",
                                            "state": {
                                                "id": "9c75a95b-9f42-4ca9-a152-78c492590a6f",
                                                "name": "DHAKA"
                                            }
                                        },
                                        {
                                            "name": "BAJITPUR",
                                            "id": "d0a74c06-98ae-486a-9e67-fc5674c75288",
                                            "state": {
                                                "id": "9c75a95b-9f42-4ca9-a152-78c492590a6f",
                                                "name": "DHAKA"
                                            }
                                        }
                                    ]
                                },
                                {
                                    "id": "db758e15-588a-4c28-bae2-15069f2ce0f8",
                                    "name": "GOPALGANJ",
                                    "upazilas": [
                                        {
                                            "name": "KOTALIPARA",
                                            "id": "1729714e-61c8-4c5c-b062-7336efc80f74",
                                            "state": {
                                                "id": "9c75a95b-9f42-4ca9-a152-78c492590a6f",
                                                "name": "DHAKA"
                                            }
                                        },
                                        {
                                            "name": "MUKSUDPUR",
                                            "id": "52e46038-ba96-4a5c-96b5-1017b4eb6626",
                                            "state": {
                                                "id": "9c75a95b-9f42-4ca9-a152-78c492590a6f",
                                                "name": "DHAKA"
                                            }
                                        },
                                        {
                                            "name": "KASHIANI",
                                            "id": "9ea8f46d-358f-496e-b244-c3daf64e75c3",
                                            "state": {
                                                "id": "9c75a95b-9f42-4ca9-a152-78c492590a6f",
                                                "name": "DHAKA"
                                            }
                                        },
                                        {
                                            "name": "GOPALGANJ_SADAR",
                                            "id": "2ad2bc1d-038e-4d77-8754-a4eaa1ee4aa2",
                                            "state": {
                                                "id": "9c75a95b-9f42-4ca9-a152-78c492590a6f",
                                                "name": "DHAKA"
                                            }
                                        },
                                        {
                                            "name": "TUNGIPARA",
                                            "id": "18618e91-ce26-4c99-a7d1-a88be829a48b",
                                            "state": {
                                                "id": "9c75a95b-9f42-4ca9-a152-78c492590a6f",
                                                "name": "DHAKA"
                                            }
                                        }
                                    ]
                                },
                                {
                                    "id": "d1502152-1a34-423b-9811-576ccb88a3ea",
                                    "name": "KHULNA",
                                    "upazilas": [
                                        {
                                            "name": "BATIAGHATA",
                                            "id": "df3aa4c1-bfc8-4d9b-ade6-7c9dcc05e43b",
                                            "state": {
                                                "id": "642a6748-942f-473d-96c6-a6c1b2e00e05",
                                                "name": "KHULNA"
                                            }
                                        },
                                        {
                                            "name": "DACOPE",
                                            "id": "0510005c-3839-4f55-a93c-8147fa5657c3",
                                            "state": {
                                                "id": "642a6748-942f-473d-96c6-a6c1b2e00e05",
                                                "name": "KHULNA"
                                            }
                                        },
                                        {
                                            "name": "PAIKGACHHA",
                                            "id": "6dedbbd8-ad85-419e-a6f3-3b7b110beeef",
                                            "state": {
                                                "id": "642a6748-942f-473d-96c6-a6c1b2e00e05",
                                                "name": "KHULNA"
                                            }
                                        },
                                        {
                                            "name": "DIGHALIA",
                                            "id": "01a498b4-e2b8-4196-b1a8-37c83dd96d40",
                                            "state": {
                                                "id": "642a6748-942f-473d-96c6-a6c1b2e00e05",
                                                "name": "KHULNA"
                                            }
                                        },
                                        {
                                            "name": "TEROKHADA",
                                            "id": "78368a85-2301-4b61-b08c-bda0a7f2989d",
                                            "state": {
                                                "id": "642a6748-942f-473d-96c6-a6c1b2e00e05",
                                                "name": "KHULNA"
                                            }
                                        },
                                        {
                                            "name": "PHULTALA",
                                            "id": "de1c9dd2-c46c-4eb3-ae0d-ee1cbd77bfea",
                                            "state": {
                                                "id": "642a6748-942f-473d-96c6-a6c1b2e00e05",
                                                "name": "KHULNA"
                                            }
                                        },
                                        {
                                            "name": "DUMURIA",
                                            "id": "37c742e6-7aac-4034-8ed6-f0e58d0ad522",
                                            "state": {
                                                "id": "642a6748-942f-473d-96c6-a6c1b2e00e05",
                                                "name": "KHULNA"
                                            }
                                        },
                                        {
                                            "name": "KOYRA",
                                            "id": "4e5d83f1-3445-4445-a497-72dd54840c08",
                                            "state": {
                                                "id": "642a6748-942f-473d-96c6-a6c1b2e00e05",
                                                "name": "KHULNA"
                                            }
                                        },
                                        {
                                            "name": "RUPSA",
                                            "id": "0a761827-088c-4d43-a4d2-5904df789dcb",
                                            "state": {
                                                "id": "642a6748-942f-473d-96c6-a6c1b2e00e05",
                                                "name": "KHULNA"
                                            }
                                        }
                                    ]
                                },
                                {
                                    "id": "053cccf1-2ff4-4935-9b97-a7d73d2f29e2",
                                    "name": "NAOGAON",
                                    "upazilas": [
                                        {
                                            "name": "ATRAI",
                                            "id": "ca19d552-2c0f-4c03-99b5-9c84660083a9",
                                            "state": {
                                                "id": "d68c68d2-108e-4635-93d1-28c44525f178",
                                                "name": "RAJSHAHI"
                                            }
                                        },
                                        {
                                            "name": "RANINAGAR",
                                            "id": "bfcd8825-c7fa-4a19-8d0d-f097ba900ea6",
                                            "state": {
                                                "id": "d68c68d2-108e-4635-93d1-28c44525f178",
                                                "name": "RAJSHAHI"
                                            }
                                        },
                                        {
                                            "name": "DHAMOIRHAT",
                                            "id": "fdf566cf-11b6-4c01-ae47-c6c779feb92d",
                                            "state": {
                                                "id": "d68c68d2-108e-4635-93d1-28c44525f178",
                                                "name": "RAJSHAHI"
                                            }
                                        },
                                        {
                                            "name": "PATNITALA",
                                            "id": "1ef21421-63e5-42d4-854d-4da3c572a061",
                                            "state": {
                                                "id": "d68c68d2-108e-4635-93d1-28c44525f178",
                                                "name": "RAJSHAHI"
                                            }
                                        },
                                        {
                                            "name": "NIAMATPUR",
                                            "id": "cb79ca11-a7f4-4de9-8b73-726b9f277260",
                                            "state": {
                                                "id": "d68c68d2-108e-4635-93d1-28c44525f178",
                                                "name": "RAJSHAHI"
                                            }
                                        },
                                        {
                                            "name": "MOHADEVPUR",
                                            "id": "87fc4733-5ba9-4492-a4a3-477e1bbf4965",
                                            "state": {
                                                "id": "d68c68d2-108e-4635-93d1-28c44525f178",
                                                "name": "RAJSHAHI"
                                            }
                                        },
                                        {
                                            "name": "MANDA",
                                            "id": "38a158ef-7fae-4cdf-a906-9bfedbf5ee8d",
                                            "state": {
                                                "id": "d68c68d2-108e-4635-93d1-28c44525f178",
                                                "name": "RAJSHAHI"
                                            }
                                        },
                                        {
                                            "name": "NAOGAON_SADAR",
                                            "id": "433415ed-7b51-415a-9826-c5a655a42e1f",
                                            "state": {
                                                "id": "d68c68d2-108e-4635-93d1-28c44525f178",
                                                "name": "RAJSHAHI"
                                            }
                                        },
                                        {
                                            "name": "PORSHA",
                                            "id": "075b5f29-ffb3-4a22-8bce-255a305320d0",
                                            "state": {
                                                "id": "d68c68d2-108e-4635-93d1-28c44525f178",
                                                "name": "RAJSHAHI"
                                            }
                                        },
                                        {
                                            "name": "BADALGACHHI",
                                            "id": "5a52e1a2-7603-410d-b929-f07424bd3818",
                                            "state": {
                                                "id": "d68c68d2-108e-4635-93d1-28c44525f178",
                                                "name": "RAJSHAHI"
                                            }
                                        },
                                        {
                                            "name": "SAPAHAR",
                                            "id": "f24efbcc-3048-42d4-b2de-3cd80570f107",
                                            "state": {
                                                "id": "d68c68d2-108e-4635-93d1-28c44525f178",
                                                "name": "RAJSHAHI"
                                            }
                                        }
                                    ]
                                },
                                {
                                    "id": "3841e03e-b526-4568-b373-6fb874ae2dd2",
                                    "name": "NARAIL",
                                    "upazilas": [
                                        {
                                            "name": "NARAIL-S UPAZILLA",
                                            "id": "58236735-155d-45f5-81c6-d2528a3327e9",
                                            "state": {
                                                "id": "642a6748-942f-473d-96c6-a6c1b2e00e05",
                                                "name": "KHULNA"
                                            }
                                        },
                                        {
                                            "name": "LOHAGARA UPAZILLA",
                                            "id": "3a7dc21f-8d9e-4db5-83ad-4a42791fcaa4",
                                            "state": {
                                                "id": "642a6748-942f-473d-96c6-a6c1b2e00e05",
                                                "name": "KHULNA"
                                            }
                                        },
                                        {
                                            "name": "KALIA UPAZILLA",
                                            "id": "5e60afd8-8c2b-44ea-992f-027e764fc068",
                                            "state": {
                                                "id": "642a6748-942f-473d-96c6-a6c1b2e00e05",
                                                "name": "KHULNA"
                                            }
                                        }
                                    ]
                                },
                                {
                                    "id": "ba44bb5a-c4fc-4622-9b74-0b5641780581",
                                    "name": "MYMENSINGH",
                                    "upazilas": [
                                        {
                                            "name": "FULBARIA",
                                            "id": "14786483-84f3-4ac4-af4e-6928097bd398",
                                            "state": {
                                                "id": "f6395340-53b2-4824-8252-ef3a164b8446",
                                                "name": "MAYMENSINGH"
                                            }
                                        },
                                        {
                                            "name": "MUKTAGACHHA",
                                            "id": "6112996c-f960-4f30-bd1f-867050a656cb",
                                            "state": {
                                                "id": "f6395340-53b2-4824-8252-ef3a164b8446",
                                                "name": "MAYMENSINGH"
                                            }
                                        },
                                        {
                                            "name": "GAFFARGAON",
                                            "id": "f1027b1e-4a47-4e6f-9dca-8ee4974dcee3",
                                            "state": {
                                                "id": "f6395340-53b2-4824-8252-ef3a164b8446",
                                                "name": "MAYMENSINGH"
                                            }
                                        },
                                        {
                                            "name": "GAURIPUR",
                                            "id": "89af4299-90a2-4e9e-a201-d090d4f0a26a",
                                            "state": {
                                                "id": "f6395340-53b2-4824-8252-ef3a164b8446",
                                                "name": "MAYMENSINGH"
                                            }
                                        },
                                        {
                                            "name": "NANDAIL",
                                            "id": "4a7f82e3-e7f0-4dc1-b216-475ae369c902",
                                            "state": {
                                                "id": "f6395340-53b2-4824-8252-ef3a164b8446",
                                                "name": "MAYMENSINGH"
                                            }
                                        },
                                        {
                                            "name": "PHULPUR",
                                            "id": "e7f43bd5-defe-4d78-a9ea-8394b2d85ae8",
                                            "state": {
                                                "id": "f6395340-53b2-4824-8252-ef3a164b8446",
                                                "name": "MAYMENSINGH"
                                            }
                                        },
                                        {
                                            "name": "ISHWARGANJ",
                                            "id": "343276b0-a108-4b67-aa9f-6ff2eecfa3f1",
                                            "state": {
                                                "id": "f6395340-53b2-4824-8252-ef3a164b8446",
                                                "name": "MAYMENSINGH"
                                            }
                                        },
                                        {
                                            "name": "HALUAGHAT",
                                            "id": "b3cf9a18-0480-4a79-b898-0c9558158569",
                                            "state": {
                                                "id": "f6395340-53b2-4824-8252-ef3a164b8446",
                                                "name": "MAYMENSINGH"
                                            }
                                        },
                                        {
                                            "name": "MYMENSINGH_SADAR",
                                            "id": "944d5c60-96f6-4b1b-9245-57a7d1b8f80c",
                                            "state": {
                                                "id": "f6395340-53b2-4824-8252-ef3a164b8446",
                                                "name": "MAYMENSINGH"
                                            }
                                        },
                                        {
                                            "name": "TRISHAL",
                                            "id": "b54f2e4f-fadd-4386-a7fe-e29c806df77b",
                                            "state": {
                                                "id": "f6395340-53b2-4824-8252-ef3a164b8446",
                                                "name": "MAYMENSINGH"
                                            }
                                        },
                                        {
                                            "name": "DHOBAURA",
                                            "id": "90e06f5e-7571-4ce8-a713-53b94b2b6770",
                                            "state": {
                                                "id": "f6395340-53b2-4824-8252-ef3a164b8446",
                                                "name": "MAYMENSINGH"
                                            }
                                        },
                                        {
                                            "name": "BHALUKA",
                                            "id": "34920b68-a4b6-444b-95f5-d072d29fc1eb",
                                            "state": {
                                                "id": "f6395340-53b2-4824-8252-ef3a164b8446",
                                                "name": "MAYMENSINGH"
                                            }
                                        }
                                    ]
                                },
                                {
                                    "id": "bbed7d2c-59fb-43ce-a03c-8abd7a9f8f18",
                                    "name": "NARSINGDI",
                                    "upazilas": [
                                        {
                                            "name": "SHIBPUR",
                                            "id": "189fa0e5-3fba-4bb7-a1fa-1244de4d259c",
                                            "state": {
                                                "id": "9c75a95b-9f42-4ca9-a152-78c492590a6f",
                                                "name": "DHAKA"
                                            }
                                        },
                                        {
                                            "name": "MONOHARDI",
                                            "id": "243e2783-eb7e-4284-9ad6-461870dc8937",
                                            "state": {
                                                "id": "9c75a95b-9f42-4ca9-a152-78c492590a6f",
                                                "name": "DHAKA"
                                            }
                                        },
                                        {
                                            "name": "BELABO",
                                            "id": "785efd52-cefe-46f7-9a57-3a0b9ff6e8f6",
                                            "state": {
                                                "id": "9c75a95b-9f42-4ca9-a152-78c492590a6f",
                                                "name": "DHAKA"
                                            }
                                        },
                                        {
                                            "name": "RAIPURA, NARSINGDI",
                                            "id": "62845bb0-be44-48d6-a163-908e4b35b7fb",
                                            "state": {
                                                "id": "9c75a95b-9f42-4ca9-a152-78c492590a6f",
                                                "name": "DHAKA"
                                            }
                                        },
                                        {
                                            "name": "NARSINGDI_SADAR",
                                            "id": "06b56b35-2e12-44ba-b18f-22cd4d6ecb98",
                                            "state": {
                                                "id": "9c75a95b-9f42-4ca9-a152-78c492590a6f",
                                                "name": "DHAKA"
                                            }
                                        },
                                        {
                                            "name": "PALASH",
                                            "id": "ccd33f77-057f-4819-bdf6-a7da5785e2c5",
                                            "state": {
                                                "id": "9c75a95b-9f42-4ca9-a152-78c492590a6f",
                                                "name": "DHAKA"
                                            }
                                        }
                                    ]
                                },
                                {
                                    "id": "8b99d1ec-6c05-4e8e-b708-8216c9690652",
                                    "name": "RAJBARI",
                                    "upazilas": [
                                        {
                                            "name": "KALUKHALI",
                                            "id": "ad20fd23-08a0-4422-a4ce-2d664b65fc2e",
                                            "state": {
                                                "id": "9c75a95b-9f42-4ca9-a152-78c492590a6f",
                                                "name": "DHAKA"
                                            }
                                        },
                                        {
                                            "name": "RAJBARI_SADAR",
                                            "id": "a60723aa-280a-4b8b-a4fd-b2fa0323c4c4",
                                            "state": {
                                                "id": "9c75a95b-9f42-4ca9-a152-78c492590a6f",
                                                "name": "DHAKA"
                                            }
                                        },
                                        {
                                            "name": "BALIAKANDI",
                                            "id": "a654e917-d396-4a82-9e9d-9ab7581b3c1b",
                                            "state": {
                                                "id": "9c75a95b-9f42-4ca9-a152-78c492590a6f",
                                                "name": "DHAKA"
                                            }
                                        },
                                        {
                                            "name": "GOALANDAGHAT",
                                            "id": "7de09957-126b-4fee-9833-49f637931f79",
                                            "state": {
                                                "id": "9c75a95b-9f42-4ca9-a152-78c492590a6f",
                                                "name": "DHAKA"
                                            }
                                        },
                                        {
                                            "name": "PANGSHA",
                                            "id": "532c2c8a-0a92-4c5c-9710-622eabaab454",
                                            "state": {
                                                "id": "9c75a95b-9f42-4ca9-a152-78c492590a6f",
                                                "name": "DHAKA"
                                            }
                                        }
                                    ]
                                },
                                {
                                    "id": "8a26a551-dbef-4fa9-b50c-17a7fe590b13",
                                    "name": "SIRAJGONJ",
                                    "upazilas": [
                                        {
                                            "name": "KAZIPUR",
                                            "id": "b1363ee2-d297-4f58-a353-d94bba646dd6",
                                            "state": {
                                                "id": "d68c68d2-108e-4635-93d1-28c44525f178",
                                                "name": "RAJSHAHI"
                                            }
                                        },
                                        {
                                            "name": "RAIGANJ",
                                            "id": "3b9f4a36-dc41-48ab-9261-4843e2dee251",
                                            "state": {
                                                "id": "d68c68d2-108e-4635-93d1-28c44525f178",
                                                "name": "RAJSHAHI"
                                            }
                                        },
                                        {
                                            "name": "BELKUCHI",
                                            "id": "346c0522-e283-421d-9991-d95c10faf7b8",
                                            "state": {
                                                "id": "d68c68d2-108e-4635-93d1-28c44525f178",
                                                "name": "RAJSHAHI"
                                            }
                                        },
                                        {
                                            "name": "KAMARKHANDA",
                                            "id": "0012b1ec-f07e-4956-8208-d99e74a19aa7",
                                            "state": {
                                                "id": "d68c68d2-108e-4635-93d1-28c44525f178",
                                                "name": "RAJSHAHI"
                                            }
                                        },
                                        {
                                            "name": "SIRAJGANJ_SADAR",
                                            "id": "983f7c6b-9831-4027-b0f9-0e909b74e4ab",
                                            "state": {
                                                "id": "d68c68d2-108e-4635-93d1-28c44525f178",
                                                "name": "RAJSHAHI"
                                            }
                                        },
                                        {
                                            "name": "CHAUHALI",
                                            "id": "fa6ccc95-c941-4284-8d9f-7c4624683e0c",
                                            "state": {
                                                "id": "d68c68d2-108e-4635-93d1-28c44525f178",
                                                "name": "RAJSHAHI"
                                            }
                                        },
                                        {
                                            "name": "TARASH",
                                            "id": "72d45478-f1c8-4317-a912-5f90a6033813",
                                            "state": {
                                                "id": "d68c68d2-108e-4635-93d1-28c44525f178",
                                                "name": "RAJSHAHI"
                                            }
                                        },
                                        {
                                            "name": "SHAHJADPUR",
                                            "id": "aba04480-80aa-4c49-94f5-54a5f8cec70c",
                                            "state": {
                                                "id": "d68c68d2-108e-4635-93d1-28c44525f178",
                                                "name": "RAJSHAHI"
                                            }
                                        },
                                        {
                                            "name": "ULLAHPARA",
                                            "id": "2b03ca99-77d6-4dac-8c30-72fd7820b170",
                                            "state": {
                                                "id": "d68c68d2-108e-4635-93d1-28c44525f178",
                                                "name": "RAJSHAHI"
                                            }
                                        }
                                    ]
                                },
                                {
                                    "id": "3b2a6a3c-5159-471d-abe6-9f4ebad7e6c1",
                                    "name": "MAGURA",
                                    "upazilas": [
                                        {
                                            "name": "SHALIKHA",
                                            "id": "a2705dba-cae2-4e3d-86f6-8ed9c08df535",
                                            "state": {
                                                "id": "642a6748-942f-473d-96c6-a6c1b2e00e05",
                                                "name": "KHULNA"
                                            }
                                        },
                                        {
                                            "name": "MOHAMMADPUR",
                                            "id": "53edb99e-47b4-4979-b3f5-3d80de1b7118",
                                            "state": {
                                                "id": "642a6748-942f-473d-96c6-a6c1b2e00e05",
                                                "name": "KHULNA"
                                            }
                                        },
                                        {
                                            "name": "MAGURA_SADAR",
                                            "id": "dd0bd5ac-d63d-407d-bcf5-ba24191b7cba",
                                            "state": {
                                                "id": "642a6748-942f-473d-96c6-a6c1b2e00e05",
                                                "name": "KHULNA"
                                            }
                                        },
                                        {
                                            "name": "SREEPUR",
                                            "id": "4e4122d5-c778-4303-823f-8a95b13f3f77",
                                            "state": {
                                                "id": "642a6748-942f-473d-96c6-a6c1b2e00e05",
                                                "name": "KHULNA"
                                            }
                                        }
                                    ]
                                },
                                {
                                    "id": "9dd946ca-b2e9-4369-9456-5d7c8308901c",
                                    "name": "JHALOKATI",
                                    "upazilas": [
                                        {
                                            "name": "RAJAPUR",
                                            "id": "595eceec-72ac-4b2a-a8c1-4d1a9d8c93dc",
                                            "state": {
                                                "id": "5cbbb439-96e7-4f60-bf2f-abddd0d03e7e",
                                                "name": "BARISAL"
                                            }
                                        },
                                        {
                                            "name": "NALCHITY",
                                            "id": "c16b84e6-4636-4559-9713-bbfb460be2ec",
                                            "state": {
                                                "id": "5cbbb439-96e7-4f60-bf2f-abddd0d03e7e",
                                                "name": "BARISAL"
                                            }
                                        },
                                        {
                                            "name": "JHALOKATI_SADAR",
                                            "id": "3c848ec1-c630-48f7-8327-8230e4d16846",
                                            "state": {
                                                "id": "5cbbb439-96e7-4f60-bf2f-abddd0d03e7e",
                                                "name": "BARISAL"
                                            }
                                        },
                                        {
                                            "name": "KATHALIA",
                                            "id": "98bbf847-31a1-4d55-a771-a5d045976cfe",
                                            "state": {
                                                "id": "5cbbb439-96e7-4f60-bf2f-abddd0d03e7e",
                                                "name": "BARISAL"
                                            }
                                        }
                                    ]
                                },
                                {
                                    "id": "e9431d37-c6a8-49a5-b5f5-3d8c14bc8ec7",
                                    "name": "LALMONIRHAT",
                                    "upazilas": [
                                        {
                                            "name": "KALIGANJ",
                                            "id": "40f7ed07-08b0-4244-9f65-17971aaeb6d2",
                                            "state": {
                                                "id": "b8c19906-b4fc-4745-ac93-af957934136b",
                                                "name": "RANGPUR"
                                            }
                                        },
                                        {
                                            "name": "LALMANIRHAT_SADAR",
                                            "id": "c3fdab30-b48f-484a-bcab-d8fdb8038626",
                                            "state": {
                                                "id": "b8c19906-b4fc-4745-ac93-af957934136b",
                                                "name": "RANGPUR"
                                            }
                                        },
                                        {
                                            "name": "HATIBANDHA",
                                            "id": "81a52b21-ee0e-4b30-af0e-077ef3b01cc5",
                                            "state": {
                                                "id": "b8c19906-b4fc-4745-ac93-af957934136b",
                                                "name": "RANGPUR"
                                            }
                                        },
                                        {
                                            "name": "ADITMARI",
                                            "id": "b4123b8d-af34-4c2f-8755-8c8d37c59e89",
                                            "state": {
                                                "id": "b8c19906-b4fc-4745-ac93-af957934136b",
                                                "name": "RANGPUR"
                                            }
                                        },
                                        {
                                            "name": "PATGRAM",
                                            "id": "bff9e973-cc00-4aaa-8e53-4ca5ff6dab3d",
                                            "state": {
                                                "id": "b8c19906-b4fc-4745-ac93-af957934136b",
                                                "name": "RANGPUR"
                                            }
                                        }
                                    ]
                                },
                                {
                                    "id": "3244a7d0-e432-4753-841f-cdbd7aa1f437",
                                    "name": "SHARIATPUR",
                                    "upazilas": [
                                        {
                                            "name": "NARIA",
                                            "id": "3e8850ed-a488-46ae-afa3-5b567c539ba2",
                                            "state": {
                                                "id": "9c75a95b-9f42-4ca9-a152-78c492590a6f",
                                                "name": "DHAKA"
                                            }
                                        },
                                        {
                                            "name": "BHEDARGANJ",
                                            "id": "088a2bdf-e98a-407a-9096-01143b440bf1",
                                            "state": {
                                                "id": "9c75a95b-9f42-4ca9-a152-78c492590a6f",
                                                "name": "DHAKA"
                                            }
                                        },
                                        {
                                            "name": "JAJIRA",
                                            "id": "c37722a7-f975-43ee-856b-2059735e3915",
                                            "state": {
                                                "id": "9c75a95b-9f42-4ca9-a152-78c492590a6f",
                                                "name": "DHAKA"
                                            }
                                        },
                                        {
                                            "name": "DAMUDYA",
                                            "id": "e5e20af1-f619-4df7-be4a-ee1958717815",
                                            "state": {
                                                "id": "9c75a95b-9f42-4ca9-a152-78c492590a6f",
                                                "name": "DHAKA"
                                            }
                                        },
                                        {
                                            "name": "SHARIATPUR_SADAR -PALONG",
                                            "id": "0d38ea96-e004-4fab-93d8-88216ca015ef",
                                            "state": {
                                                "id": "9c75a95b-9f42-4ca9-a152-78c492590a6f",
                                                "name": "DHAKA"
                                            }
                                        },
                                        {
                                            "name": "GOSAIRHAT",
                                            "id": "92f19d77-dcd7-4b5b-95bc-de0ca310248c",
                                            "state": {
                                                "id": "9c75a95b-9f42-4ca9-a152-78c492590a6f",
                                                "name": "DHAKA"
                                            }
                                        }
                                    ]
                                },
                                {
                                    "id": "dd4ed0a1-039e-4411-9337-e3bf3f9def9b",
                                    "name": "FENI",
                                    "upazilas": [
                                        {
                                            "name": "SONAGAZI",
                                            "id": "27efec53-92df-41c3-bc6a-9e81493d016d",
                                            "state": {
                                                "id": "d4e8944a-6e8f-4d6e-a313-2228cfe9a567",
                                                "name": "CHITTAGONG"
                                            }
                                        },
                                        {
                                            "name": "DAGANBHYAN",
                                            "id": "53afc9e2-06de-4aa2-b8b0-a05e8293b780",
                                            "state": {
                                                "id": "d4e8944a-6e8f-4d6e-a313-2228cfe9a567",
                                                "name": "CHITTAGONG"
                                            }
                                        },
                                        {
                                            "name": "PARSHURAM",
                                            "id": "49ff9838-f33c-474c-b129-2c9ae86e3ee4",
                                            "state": {
                                                "id": "d4e8944a-6e8f-4d6e-a313-2228cfe9a567",
                                                "name": "CHITTAGONG"
                                            }
                                        },
                                        {
                                            "name": "CHAGALNAIYA",
                                            "id": "04c3cb80-8635-455a-a5fa-84dbaa621b70",
                                            "state": {
                                                "id": "d4e8944a-6e8f-4d6e-a313-2228cfe9a567",
                                                "name": "CHITTAGONG"
                                            }
                                        },
                                        {
                                            "name": "FHULGAZI",
                                            "id": "3290d327-252d-4ac8-b994-c32aa5683ffa",
                                            "state": {
                                                "id": "d4e8944a-6e8f-4d6e-a313-2228cfe9a567",
                                                "name": "CHITTAGONG"
                                            }
                                        },
                                        {
                                            "name": "FENI_SADAR",
                                            "id": "d7952bf9-ddfa-4bc5-a8f0-41dfc66a892e",
                                            "state": {
                                                "id": "d4e8944a-6e8f-4d6e-a313-2228cfe9a567",
                                                "name": "CHITTAGONG"
                                            }
                                        }
                                    ]
                                },
                                {
                                    "id": "970ee245-d795-4373-923b-1d66e666d1a6",
                                    "name": "PATUAKHALI",
                                    "upazilas": [
                                        {
                                            "name": "PATUAKHALI_SADAR",
                                            "id": "afda7029-c236-44ba-b3df-5855d1e83414",
                                            "state": {
                                                "id": "5cbbb439-96e7-4f60-bf2f-abddd0d03e7e",
                                                "name": "BARISAL"
                                            }
                                        },
                                        {
                                            "name": "DASHMINA",
                                            "id": "89e2dffc-cb82-4fdd-9f42-8823500f1b10",
                                            "state": {
                                                "id": "5cbbb439-96e7-4f60-bf2f-abddd0d03e7e",
                                                "name": "BARISAL"
                                            }
                                        },
                                        {
                                            "name": "MIRZAGANJ",
                                            "id": "485e7d51-a1c0-4758-84c1-72129e770eba",
                                            "state": {
                                                "id": "5cbbb439-96e7-4f60-bf2f-abddd0d03e7e",
                                                "name": "BARISAL"
                                            }
                                        },
                                        {
                                            "name": "KALAPARA",
                                            "id": "0f279548-56c6-469b-931d-98f8666550f4",
                                            "state": {
                                                "id": "5cbbb439-96e7-4f60-bf2f-abddd0d03e7e",
                                                "name": "BARISAL"
                                            }
                                        },
                                        {
                                            "name": "GALACHIPA",
                                            "id": "fe4542b1-4c54-435c-93bf-7528621355b9",
                                            "state": {
                                                "id": "5cbbb439-96e7-4f60-bf2f-abddd0d03e7e",
                                                "name": "BARISAL"
                                            }
                                        },
                                        {
                                            "name": "BAUPHAL",
                                            "id": "3befd289-1458-4cfc-bc85-f929255b4161",
                                            "state": {
                                                "id": "5cbbb439-96e7-4f60-bf2f-abddd0d03e7e",
                                                "name": "BARISAL"
                                            }
                                        },
                                        {
                                            "name": "RANGABALI",
                                            "id": "fd694849-085a-4e6e-b708-fc06792067cf",
                                            "state": {
                                                "id": "5cbbb439-96e7-4f60-bf2f-abddd0d03e7e",
                                                "name": "BARISAL"
                                            }
                                        },
                                        {
                                            "name": "DUMKI",
                                            "id": "acde2384-2fcd-4771-bf87-1b5b08efe4a3",
                                            "state": {
                                                "id": "5cbbb439-96e7-4f60-bf2f-abddd0d03e7e",
                                                "name": "BARISAL"
                                            }
                                        }
                                    ]
                                },
                                {
                                    "id": "467a49c1-9b1e-4409-a811-a2541a28cc9d",
                                    "name": "RANGPUR",
                                    "upazilas": [
                                        {
                                            "name": "TARAGANJ",
                                            "id": "f3cafdc7-ff33-4c9a-bf41-e092493e5e1b",
                                            "state": {
                                                "id": "b8c19906-b4fc-4745-ac93-af957934136b",
                                                "name": "RANGPUR"
                                            }
                                        },
                                        {
                                            "name": "GANGACHARA",
                                            "id": "331ce02e-1f27-429d-9256-95faacb19759",
                                            "state": {
                                                "id": "b8c19906-b4fc-4745-ac93-af957934136b",
                                                "name": "RANGPUR"
                                            }
                                        },
                                        {
                                            "name": "BADARGANJ",
                                            "id": "23b5ff55-5742-48ae-9dc6-b15f225a1268",
                                            "state": {
                                                "id": "b8c19906-b4fc-4745-ac93-af957934136b",
                                                "name": "RANGPUR"
                                            }
                                        },
                                        {
                                            "name": "KAUNIA",
                                            "id": "ea59b48e-61b7-40d5-a041-3189f4143167",
                                            "state": {
                                                "id": "b8c19906-b4fc-4745-ac93-af957934136b",
                                                "name": "RANGPUR"
                                            }
                                        },
                                        {
                                            "name": "PIRGACHHA",
                                            "id": "513d1649-1f41-498e-ac2d-6912f8b2327d",
                                            "state": {
                                                "id": "b8c19906-b4fc-4745-ac93-af957934136b",
                                                "name": "RANGPUR"
                                            }
                                        },
                                        {
                                            "name": "MITHAPUKUR",
                                            "id": "d8e55f9d-f8ec-4027-a775-ffb34e90a6c2",
                                            "state": {
                                                "id": "b8c19906-b4fc-4745-ac93-af957934136b",
                                                "name": "RANGPUR"
                                            }
                                        },
                                        {
                                            "name": "RANGPUR_SADAR",
                                            "id": "c7f28afe-ce75-4b54-9eb0-8ad04f863a9d",
                                            "state": {
                                                "id": "b8c19906-b4fc-4745-ac93-af957934136b",
                                                "name": "RANGPUR"
                                            }
                                        }
                                    ]
                                },
                                {
                                    "id": "086915fc-d139-4e2e-839c-b38a5be1e5f6",
                                    "name": "GAIBANDHA",
                                    "upazilas": [
                                        {
                                            "name": "SAGHATA",
                                            "id": "7b7f1bed-05af-46ef-9a98-c4be724fd5e2",
                                            "state": {
                                                "id": "b8c19906-b4fc-4745-ac93-af957934136b",
                                                "name": "RANGPUR"
                                            }
                                        },
                                        {
                                            "name": "SUNDARGANJ",
                                            "id": "b3c77682-f3b2-43a0-b18f-ce0fde8cd30d",
                                            "state": {
                                                "id": "b8c19906-b4fc-4745-ac93-af957934136b",
                                                "name": "RANGPUR"
                                            }
                                        },
                                        {
                                            "name": "GAIBANDHA_SADAR",
                                            "id": "549a592d-7e92-4dba-98a2-ccf8988786d4",
                                            "state": {
                                                "id": "b8c19906-b4fc-4745-ac93-af957934136b",
                                                "name": "RANGPUR"
                                            }
                                        },
                                        {
                                            "name": "PALASHBARI",
                                            "id": "4ca323ee-31f6-4126-a12e-b8ac59881175",
                                            "state": {
                                                "id": "b8c19906-b4fc-4745-ac93-af957934136b",
                                                "name": "RANGPUR"
                                            }
                                        },
                                        {
                                            "name": "GOBINDAGANJ",
                                            "id": "f28adc54-023d-4585-9859-72797f1a509b",
                                            "state": {
                                                "id": "b8c19906-b4fc-4745-ac93-af957934136b",
                                                "name": "RANGPUR"
                                            }
                                        },
                                        {
                                            "name": "FULCHHARI",
                                            "id": "a2a7553c-a2bd-44e5-bd52-0a085246f0a3",
                                            "state": {
                                                "id": "b8c19906-b4fc-4745-ac93-af957934136b",
                                                "name": "RANGPUR"
                                            }
                                        },
                                        {
                                            "name": "SADULLAPUR",
                                            "id": "e9b50e9e-ac38-4969-b483-d3972f87cee4",
                                            "state": {
                                                "id": "b8c19906-b4fc-4745-ac93-af957934136b",
                                                "name": "RANGPUR"
                                            }
                                        }
                                    ]
                                },
                                {
                                    "id": "1c714c0b-021b-4301-a593-2c83a2313649",
                                    "name": "JASHORE",
                                    "upazilas": [
                                        {
                                            "name": "JESSORE_SADAR",
                                            "id": "42f61364-59f7-4623-9426-6cdc057ec349",
                                            "state": {
                                                "id": "642a6748-942f-473d-96c6-a6c1b2e00e05",
                                                "name": "KHULNA"
                                            }
                                        },
                                        {
                                            "name": "JHIKARGACHHA",
                                            "id": "e8528241-9712-4342-9aeb-09f71796e266",
                                            "state": {
                                                "id": "642a6748-942f-473d-96c6-a6c1b2e00e05",
                                                "name": "KHULNA"
                                            }
                                        },
                                        {
                                            "name": "CHAUGACHHA",
                                            "id": "12c0fdba-54d7-44c3-8261-799edb2af99c",
                                            "state": {
                                                "id": "642a6748-942f-473d-96c6-a6c1b2e00e05",
                                                "name": "KHULNA"
                                            }
                                        },
                                        {
                                            "name": "SHARSHA",
                                            "id": "cbf6f38e-583e-4ccc-b6d4-79af79fa8219",
                                            "state": {
                                                "id": "642a6748-942f-473d-96c6-a6c1b2e00e05",
                                                "name": "KHULNA"
                                            }
                                        },
                                        {
                                            "name": "MANIRAMPUR",
                                            "id": "d0720ff4-ff9b-465d-91e9-aa3c8b7786e6",
                                            "state": {
                                                "id": "642a6748-942f-473d-96c6-a6c1b2e00e05",
                                                "name": "KHULNA"
                                            }
                                        },
                                        {
                                            "name": "KESHABPUR",
                                            "id": "eb816407-8817-4b72-a245-aa3d26a6730a",
                                            "state": {
                                                "id": "642a6748-942f-473d-96c6-a6c1b2e00e05",
                                                "name": "KHULNA"
                                            }
                                        },
                                        {
                                            "name": "BAGHERPARA",
                                            "id": "57a33475-5412-4756-96a0-c856f6e69819",
                                            "state": {
                                                "id": "642a6748-942f-473d-96c6-a6c1b2e00e05",
                                                "name": "KHULNA"
                                            }
                                        }
                                    ]
                                },
                                {
                                    "id": "e6fbbbf2-76b6-454c-aab1-00bae43ee7fb",
                                    "name": "CHANDPUR",
                                    "upazilas": [
                                        {
                                            "name": "MATLAB UTTAR",
                                            "id": "063793f3-d840-4cd8-9b37-16b346b5802b",
                                            "state": {
                                                "id": "d4e8944a-6e8f-4d6e-a313-2228cfe9a567",
                                                "name": "CHITTAGONG"
                                            }
                                        },
                                        {
                                            "name": "CHANDPUR_SADAR",
                                            "id": "ed3e766b-5c5f-4898-9807-c60656a34d68",
                                            "state": {
                                                "id": "d4e8944a-6e8f-4d6e-a313-2228cfe9a567",
                                                "name": "CHITTAGONG"
                                            }
                                        },
                                        {
                                            "name": "FARIDGANJ",
                                            "id": "80004c2e-4af7-4c54-a08f-7c5eab9de5b7",
                                            "state": {
                                                "id": "d4e8944a-6e8f-4d6e-a313-2228cfe9a567",
                                                "name": "CHITTAGONG"
                                            }
                                        },
                                        {
                                            "name": "SHAHRASTI",
                                            "id": "ce322d53-bbdb-415b-8d13-45a8185dce83",
                                            "state": {
                                                "id": "d4e8944a-6e8f-4d6e-a313-2228cfe9a567",
                                                "name": "CHITTAGONG"
                                            }
                                        },
                                        {
                                            "name": "HAIMCHAR",
                                            "id": "b7b43526-46a4-48d6-8d67-f4c15ba2afe0",
                                            "state": {
                                                "id": "d4e8944a-6e8f-4d6e-a313-2228cfe9a567",
                                                "name": "CHITTAGONG"
                                            }
                                        },
                                        {
                                            "name": "MATLAB DAKKHIN",
                                            "id": "c099cd9b-69a4-4e70-9314-2d54f940fcd8",
                                            "state": {
                                                "id": "d4e8944a-6e8f-4d6e-a313-2228cfe9a567",
                                                "name": "CHITTAGONG"
                                            }
                                        },
                                        {
                                            "name": "HAZIGANJ",
                                            "id": "d4f9f2a0-9974-4d64-9cf0-139a6619407e",
                                            "state": {
                                                "id": "d4e8944a-6e8f-4d6e-a313-2228cfe9a567",
                                                "name": "CHITTAGONG"
                                            }
                                        }
                                    ]
                                },
                                {
                                    "id": "82157ea8-5e09-483d-82b6-7fbc0c15ead9",
                                    "name": "CHUADANGA",
                                    "upazilas": [
                                        {
                                            "name": "JIBANNAGAR",
                                            "id": "056bb4e6-8df9-4275-8bd0-5de51d1375e5",
                                            "state": {
                                                "id": "642a6748-942f-473d-96c6-a6c1b2e00e05",
                                                "name": "KHULNA"
                                            }
                                        },
                                        {
                                            "name": "DAMURHUDA",
                                            "id": "48021efd-36b5-4321-8505-e9d5d2388c27",
                                            "state": {
                                                "id": "642a6748-942f-473d-96c6-a6c1b2e00e05",
                                                "name": "KHULNA"
                                            }
                                        },
                                        {
                                            "name": "CHUADANGA-S",
                                            "id": "6074f64e-f724-4a45-89fa-45dd861ff000",
                                            "state": {
                                                "id": "642a6748-942f-473d-96c6-a6c1b2e00e05",
                                                "name": "KHULNA"
                                            }
                                        },
                                        {
                                            "name": "ALAMDANGA",
                                            "id": "d0578b99-4bb0-4dbd-9c2c-55ba5b2dd713",
                                            "state": {
                                                "id": "642a6748-942f-473d-96c6-a6c1b2e00e05",
                                                "name": "KHULNA"
                                            }
                                        }
                                    ]
                                },
                                {
                                    "id": "fdd90dd4-29f5-47e3-9c83-86247e30e011",
                                    "name": "MANIKGANJ",
                                    "upazilas": [
                                        {
                                            "name": "SATURIA",
                                            "id": "d9009b9c-883f-44b8-8510-e89dd74298ef",
                                            "state": {
                                                "id": "9c75a95b-9f42-4ca9-a152-78c492590a6f",
                                                "name": "DHAKA"
                                            }
                                        },
                                        {
                                            "name": "SHIBALAYA",
                                            "id": "ab1e982e-faba-4f99-93af-8be8a4fd5fe5",
                                            "state": {
                                                "id": "9c75a95b-9f42-4ca9-a152-78c492590a6f",
                                                "name": "DHAKA"
                                            }
                                        },
                                        {
                                            "name": "GHIOR",
                                            "id": "39c075ea-6975-49d4-9028-f904f0bf6c6c",
                                            "state": {
                                                "id": "9c75a95b-9f42-4ca9-a152-78c492590a6f",
                                                "name": "DHAKA"
                                            }
                                        },
                                        {
                                            "name": "HARIRAMPUR",
                                            "id": "a11e3d5b-0753-4029-9491-ea2ea72465aa",
                                            "state": {
                                                "id": "9c75a95b-9f42-4ca9-a152-78c492590a6f",
                                                "name": "DHAKA"
                                            }
                                        },
                                        {
                                            "name": "SINGAIR",
                                            "id": "f178d21b-89ed-42df-a9a3-21f108b44d28",
                                            "state": {
                                                "id": "9c75a95b-9f42-4ca9-a152-78c492590a6f",
                                                "name": "DHAKA"
                                            }
                                        },
                                        {
                                            "name": "MANIKGANJ_SADAR",
                                            "id": "75442244-e5ad-4289-8a34-d5615d19b3a4",
                                            "state": {
                                                "id": "9c75a95b-9f42-4ca9-a152-78c492590a6f",
                                                "name": "DHAKA"
                                            }
                                        }
                                    ]
                                },
                                {
                                    "id": "eb65d06c-18a8-4220-abbb-a4fc1de8f740",
                                    "name": "MUNSHIGANJ",
                                    "upazilas": [
                                        {
                                            "name": "GAZARIA",
                                            "id": "d93e5ad7-1fa9-453b-be01-f707de0dee0d",
                                            "state": {
                                                "id": "9c75a95b-9f42-4ca9-a152-78c492590a6f",
                                                "name": "DHAKA"
                                            }
                                        },
                                        {
                                            "name": "LOHAJANG",
                                            "id": "8de67669-ef24-4fc0-974d-614802bc635c",
                                            "state": {
                                                "id": "9c75a95b-9f42-4ca9-a152-78c492590a6f",
                                                "name": "DHAKA"
                                            }
                                        },
                                        {
                                            "name": "SREENAGAR",
                                            "id": "8f4bf6d0-176e-46a3-911b-50fa597f928a",
                                            "state": {
                                                "id": "9c75a95b-9f42-4ca9-a152-78c492590a6f",
                                                "name": "DHAKA"
                                            }
                                        },
                                        {
                                            "name": "MUNSHIGANJ_SADAR",
                                            "id": "d0ee788a-80bc-41a6-85c0-285852acb1c1",
                                            "state": {
                                                "id": "9c75a95b-9f42-4ca9-a152-78c492590a6f",
                                                "name": "DHAKA"
                                            }
                                        },
                                        {
                                            "name": "SIRAJDIKHAN",
                                            "id": "76276c1f-b0a4-4ad9-8994-f7056d23bcfd",
                                            "state": {
                                                "id": "9c75a95b-9f42-4ca9-a152-78c492590a6f",
                                                "name": "DHAKA"
                                            }
                                        },
                                        {
                                            "name": "TONGIBARI",
                                            "id": "632c71cf-94e4-43da-b567-79d0e8ddc66c",
                                            "state": {
                                                "id": "9c75a95b-9f42-4ca9-a152-78c492590a6f",
                                                "name": "DHAKA"
                                            }
                                        }
                                    ]
                                },
                                {
                                    "id": "27088eef-3fb2-45db-83f6-7b5820818817",
                                    "name": "KUSHTIA",
                                    "upazilas": [
                                        {
                                            "name": "KUMARKHALI",
                                            "id": "f172ffc4-fc9f-49de-956b-6385b8fd74d3",
                                            "state": {
                                                "id": "642a6748-942f-473d-96c6-a6c1b2e00e05",
                                                "name": "KHULNA"
                                            }
                                        },
                                        {
                                            "name": "BHERAMARA",
                                            "id": "7a6ae3eb-abfb-4059-9759-59fc79242f27",
                                            "state": {
                                                "id": "642a6748-942f-473d-96c6-a6c1b2e00e05",
                                                "name": "KHULNA"
                                            }
                                        },
                                        {
                                            "name": "KUSHTIA_SADAR",
                                            "id": "080eebe9-aace-48e8-81c5-85b575971f51",
                                            "state": {
                                                "id": "642a6748-942f-473d-96c6-a6c1b2e00e05",
                                                "name": "KHULNA"
                                            }
                                        },
                                        {
                                            "name": "MIRPUR",
                                            "id": "b652dbdd-b30a-4afb-886c-9d59c58a8c0e",
                                            "state": {
                                                "id": "642a6748-942f-473d-96c6-a6c1b2e00e05",
                                                "name": "KHULNA"
                                            }
                                        },
                                        {
                                            "name": "KHOKSA",
                                            "id": "2efbd4a2-b662-4471-a226-7feb55866616",
                                            "state": {
                                                "id": "642a6748-942f-473d-96c6-a6c1b2e00e05",
                                                "name": "KHULNA"
                                            }
                                        },
                                        {
                                            "name": "DAULATPUR",
                                            "id": "ca60c131-5d3d-4e69-a08a-e346ffaea90a",
                                            "state": {
                                                "id": "642a6748-942f-473d-96c6-a6c1b2e00e05",
                                                "name": "KHULNA"
                                            }
                                        }
                                    ]
                                },
                                {
                                    "id": "3f0b76be-22bf-4ac9-8a29-0dc53c9641c5",
                                    "name": "BOGURA",
                                    "upazilas": [
                                        {
                                            "name": "SHERPUR",
                                            "id": "27718256-3ec0-4b90-803d-2e077b4c6bb7",
                                            "state": {
                                                "id": "d68c68d2-108e-4635-93d1-28c44525f178",
                                                "name": "RAJSHAHI"
                                            }
                                        },
                                        {
                                            "name": "SARIAKANDI",
                                            "id": "c5843f0e-3bc2-4e45-b823-b5ca3c5c9991",
                                            "state": {
                                                "id": "d68c68d2-108e-4635-93d1-28c44525f178",
                                                "name": "RAJSHAHI"
                                            }
                                        },
                                        {
                                            "name": "NANDIGRAM",
                                            "id": "1085c7de-e430-45fc-970e-79f4336a854a",
                                            "state": {
                                                "id": "d68c68d2-108e-4635-93d1-28c44525f178",
                                                "name": "RAJSHAHI"
                                            }
                                        },
                                        {
                                            "name": "ADAMDIGHI",
                                            "id": "d4fb9820-bf93-498b-bbd9-68c432008c8b",
                                            "state": {
                                                "id": "d68c68d2-108e-4635-93d1-28c44525f178",
                                                "name": "RAJSHAHI"
                                            }
                                        },
                                        {
                                            "name": "DHUNAT",
                                            "id": "4ae13d59-e9e4-47c7-afc0-9f8bfa03e321",
                                            "state": {
                                                "id": "d68c68d2-108e-4635-93d1-28c44525f178",
                                                "name": "RAJSHAHI"
                                            }
                                        },
                                        {
                                            "name": "GABTALI",
                                            "id": "23160f5f-aec6-4b0b-81c4-5aa895621020",
                                            "state": {
                                                "id": "d68c68d2-108e-4635-93d1-28c44525f178",
                                                "name": "RAJSHAHI"
                                            }
                                        },
                                        {
                                            "name": "SONATALA",
                                            "id": "72bf0fce-8301-4e93-b9ce-e7b776e5bd6f",
                                            "state": {
                                                "id": "d68c68d2-108e-4635-93d1-28c44525f178",
                                                "name": "RAJSHAHI"
                                            }
                                        },
                                        {
                                            "name": "BOGRA_SADAR",
                                            "id": "dcf677c9-ffde-466c-a5fd-72d273586b19",
                                            "state": {
                                                "id": "d68c68d2-108e-4635-93d1-28c44525f178",
                                                "name": "RAJSHAHI"
                                            }
                                        },
                                        {
                                            "name": "SAHAJANPUR",
                                            "id": "bfaadb41-661b-4556-8b5c-6d8a2611e817",
                                            "state": {
                                                "id": "d68c68d2-108e-4635-93d1-28c44525f178",
                                                "name": "RAJSHAHI"
                                            }
                                        },
                                        {
                                            "name": "KAHALOO",
                                            "id": "303a6199-9118-46c1-b9ec-68e991107bb5",
                                            "state": {
                                                "id": "d68c68d2-108e-4635-93d1-28c44525f178",
                                                "name": "RAJSHAHI"
                                            }
                                        },
                                        {
                                            "name": "DHUPCHANCHIA",
                                            "id": "25c404c7-009d-4b24-aa5b-8b2a8de06f02",
                                            "state": {
                                                "id": "d68c68d2-108e-4635-93d1-28c44525f178",
                                                "name": "RAJSHAHI"
                                            }
                                        }
                                    ]
                                },
                                {
                                    "id": "acac9cb9-207c-48b8-bf7f-2bb26c3cbaf3",
                                    "name": "SUNAMGANJ",
                                    "upazilas": [
                                        {
                                            "name": "DOWARABAZAR",
                                            "id": "cff4ac7e-408b-4f6b-87ab-3009304229e8",
                                            "state": {
                                                "id": "2f2f0cc1-587a-4dad-a3f0-83c0bac697ec",
                                                "name": "SYLHET"
                                            }
                                        },
                                        {
                                            "name": "JAMALGANJ",
                                            "id": "dc3ee901-0d99-4235-9097-9392156a30b2",
                                            "state": {
                                                "id": "2f2f0cc1-587a-4dad-a3f0-83c0bac697ec",
                                                "name": "SYLHET"
                                            }
                                        },
                                        {
                                            "name": "SUNAMGANJ_SADAR",
                                            "id": "4fef6ecc-27ee-4547-b1f2-cac270075800",
                                            "state": {
                                                "id": "2f2f0cc1-587a-4dad-a3f0-83c0bac697ec",
                                                "name": "SYLHET"
                                            }
                                        },
                                        {
                                            "name": "CHHATAK",
                                            "id": "2850075b-f85b-4b3e-9464-fb094fdab0d1",
                                            "state": {
                                                "id": "2f2f0cc1-587a-4dad-a3f0-83c0bac697ec",
                                                "name": "SYLHET"
                                            }
                                        },
                                        {
                                            "name": "BISHWAMVARPUR",
                                            "id": "bd2a5b8d-2db7-4457-890f-cb7949ab679b",
                                            "state": {
                                                "id": "2f2f0cc1-587a-4dad-a3f0-83c0bac697ec",
                                                "name": "SYLHET"
                                            }
                                        },
                                        {
                                            "name": "TAHIRPUR",
                                            "id": "e629bf90-c502-4b6a-ab23-1c0e2ed8c422",
                                            "state": {
                                                "id": "2f2f0cc1-587a-4dad-a3f0-83c0bac697ec",
                                                "name": "SYLHET"
                                            }
                                        },
                                        {
                                            "name": "SHANTHIGANJ",
                                            "id": "1d7a3c9c-c35f-4813-a587-a3b823c24929",
                                            "state": {
                                                "id": "2f2f0cc1-587a-4dad-a3f0-83c0bac697ec",
                                                "name": "SYLHET"
                                            }
                                        },
                                        {
                                            "name": "DHARAMPASHA",
                                            "id": "eef5310f-38fa-46a5-8c0d-1a1921b45c75",
                                            "state": {
                                                "id": "2f2f0cc1-587a-4dad-a3f0-83c0bac697ec",
                                                "name": "SYLHET"
                                            }
                                        },
                                        {
                                            "name": "DERAI",
                                            "id": "cdd49f46-021e-402f-b1e9-bab17bf44714",
                                            "state": {
                                                "id": "2f2f0cc1-587a-4dad-a3f0-83c0bac697ec",
                                                "name": "SYLHET"
                                            }
                                        },
                                        {
                                            "name": "SULLA",
                                            "id": "f4446cae-89b8-4db4-844b-d46ac7d71a8d",
                                            "state": {
                                                "id": "2f2f0cc1-587a-4dad-a3f0-83c0bac697ec",
                                                "name": "SYLHET"
                                            }
                                        },
                                        {
                                            "name": "MODHYANAGAR",
                                            "id": "f2eb6c8d-a10e-4f30-bf84-758a716f9e5b",
                                            "state": {
                                                "id": "2f2f0cc1-587a-4dad-a3f0-83c0bac697ec",
                                                "name": "SYLHET"
                                            }
                                        },
                                        {
                                            "name": "JAGANNATHPUR",
                                            "id": "ed7e25d5-9cae-409c-b4b6-ec487ae79e26",
                                            "state": {
                                                "id": "2f2f0cc1-587a-4dad-a3f0-83c0bac697ec",
                                                "name": "SYLHET"
                                            }
                                        }
                                    ]
                                },
                                {
                                    "id": "440478fc-7e81-4b0e-9e11-7a30d0240c6a",
                                    "name": "THAKURGAON",
                                    "upazilas": [
                                        {
                                            "name": "RANISANKAIL",
                                            "id": "3fe1bae0-b945-47c8-b858-143e99d1345c",
                                            "state": {
                                                "id": "b8c19906-b4fc-4745-ac93-af957934136b",
                                                "name": "RANGPUR"
                                            }
                                        },
                                        {
                                            "name": "BALIADANGI",
                                            "id": "bc011048-a141-4782-80e6-1de7933f976f",
                                            "state": {
                                                "id": "b8c19906-b4fc-4745-ac93-af957934136b",
                                                "name": "RANGPUR"
                                            }
                                        },
                                        {
                                            "name": "THAKURGAON_SADAR",
                                            "id": "e76216bc-9591-448d-bdd2-f11337f1d167",
                                            "state": {
                                                "id": "b8c19906-b4fc-4745-ac93-af957934136b",
                                                "name": "RANGPUR"
                                            }
                                        },
                                        {
                                            "name": "HARIPUR",
                                            "id": "a057fd71-762f-4e3b-94c4-b0c25f1330e1",
                                            "state": {
                                                "id": "b8c19906-b4fc-4745-ac93-af957934136b",
                                                "name": "RANGPUR"
                                            }
                                        },
                                        {
                                            "name": "PIRGANJ",
                                            "id": "6f84b588-ac8a-4a62-b9ea-5d2ca913c00c",
                                            "state": {
                                                "id": "b8c19906-b4fc-4745-ac93-af957934136b",
                                                "name": "RANGPUR"
                                            }
                                        }
                                    ]
                                },
                                {
                                    "id": "7597f272-f003-4db4-8568-e8f45cb1a56d",
                                    "name": "PANCHAGARH",
                                    "upazilas": [
                                        {
                                            "name": "TETULIA",
                                            "id": "4f9f299d-6613-41be-ab21-4997945547c1",
                                            "state": {
                                                "id": "b8c19906-b4fc-4745-ac93-af957934136b",
                                                "name": "RANGPUR"
                                            }
                                        },
                                        {
                                            "name": "ATWARI",
                                            "id": "1a02f5b1-d095-4d55-9d14-045721e6c40d",
                                            "state": {
                                                "id": "b8c19906-b4fc-4745-ac93-af957934136b",
                                                "name": "RANGPUR"
                                            }
                                        },
                                        {
                                            "name": "BODA",
                                            "id": "d005e319-3338-4877-936c-c01c42003faf",
                                            "state": {
                                                "id": "b8c19906-b4fc-4745-ac93-af957934136b",
                                                "name": "RANGPUR"
                                            }
                                        },
                                        {
                                            "name": "PANCHAGARH_SADAR",
                                            "id": "7c487b8b-afc0-426f-a5a3-2df6ca17e2b7",
                                            "state": {
                                                "id": "b8c19906-b4fc-4745-ac93-af957934136b",
                                                "name": "RANGPUR"
                                            }
                                        },
                                        {
                                            "name": "DEBIGANJ",
                                            "id": "c69f7be1-f80c-49a0-a422-816cc0aedbe2",
                                            "state": {
                                                "id": "b8c19906-b4fc-4745-ac93-af957934136b",
                                                "name": "RANGPUR"
                                            }
                                        }
                                    ]
                                },
                                {
                                    "id": "02e94441-6145-4fbc-b185-7147f9433b0d",
                                    "name": "KHAGRACHARI",
                                    "upazilas": [
                                        {
                                            "name": "LAKSHMICHHARI",
                                            "id": "15bb16dd-f946-4d7f-ba1a-3833795ce9ae",
                                            "state": {
                                                "id": "d4e8944a-6e8f-4d6e-a313-2228cfe9a567",
                                                "name": "CHITTAGONG"
                                            }
                                        },
                                        {
                                            "name": "MANIKCHHARI",
                                            "id": "7ccab6c5-4db7-4c96-b5c2-f9bf8f4b4b2e",
                                            "state": {
                                                "id": "d4e8944a-6e8f-4d6e-a313-2228cfe9a567",
                                                "name": "CHITTAGONG"
                                            }
                                        },
                                        {
                                            "name": "MAHALCHHARI",
                                            "id": "8d6273ce-8713-4857-8d7f-645ec8cf7b49",
                                            "state": {
                                                "id": "d4e8944a-6e8f-4d6e-a313-2228cfe9a567",
                                                "name": "CHITTAGONG"
                                            }
                                        },
                                        {
                                            "name": "DIGHINALA",
                                            "id": "56d905ea-5cc1-4c95-aa62-a369fa67ef86",
                                            "state": {
                                                "id": "d4e8944a-6e8f-4d6e-a313-2228cfe9a567",
                                                "name": "CHITTAGONG"
                                            }
                                        },
                                        {
                                            "name": "MATIRANGA",
                                            "id": "5a40f09b-f1fc-4a4c-9339-7242810be320",
                                            "state": {
                                                "id": "d4e8944a-6e8f-4d6e-a313-2228cfe9a567",
                                                "name": "CHITTAGONG"
                                            }
                                        },
                                        {
                                            "name": "PANCHHARI",
                                            "id": "72bf30e6-6965-4134-82ee-942435bf0cf8",
                                            "state": {
                                                "id": "d4e8944a-6e8f-4d6e-a313-2228cfe9a567",
                                                "name": "CHITTAGONG"
                                            }
                                        },
                                        {
                                            "name": "KHAGRACHHARI",
                                            "id": "0b5ba0d4-cf95-4748-a05d-3243c24b9c2b",
                                            "state": {
                                                "id": "d4e8944a-6e8f-4d6e-a313-2228cfe9a567",
                                                "name": "CHITTAGONG"
                                            }
                                        },
                                        {
                                            "name": "RAMGARH",
                                            "id": "3a985352-6aac-42ca-9d46-0104299d9d5b",
                                            "state": {
                                                "id": "d4e8944a-6e8f-4d6e-a313-2228cfe9a567",
                                                "name": "CHITTAGONG"
                                            }
                                        }
                                    ]
                                },
                                {
                                    "id": "2bdb9cb8-429c-4c87-8651-44eb75bba39f",
                                    "name": "RANGAMATI",
                                    "upazilas": [
                                        {
                                            "name": "KAPTAI",
                                            "id": "b1e5c4ba-9a01-40d7-ae06-e2eff4512f64",
                                            "state": {
                                                "id": "d4e8944a-6e8f-4d6e-a313-2228cfe9a567",
                                                "name": "CHITTAGONG"
                                            }
                                        },
                                        {
                                            "name": "BELAICHHARI",
                                            "id": "66e451b0-a6e5-4797-ae4e-6e3337e8f656",
                                            "state": {
                                                "id": "d4e8944a-6e8f-4d6e-a313-2228cfe9a567",
                                                "name": "CHITTAGONG"
                                            }
                                        },
                                        {
                                            "name": "LANGADU",
                                            "id": "b0ec8354-8a29-4b89-b657-29036d5ff491",
                                            "state": {
                                                "id": "d4e8944a-6e8f-4d6e-a313-2228cfe9a567",
                                                "name": "CHITTAGONG"
                                            }
                                        },
                                        {
                                            "name": "BAGAICHHARI",
                                            "id": "ab30a268-d429-4a3b-ac46-d6b3962a9746",
                                            "state": {
                                                "id": "d4e8944a-6e8f-4d6e-a313-2228cfe9a567",
                                                "name": "CHITTAGONG"
                                            }
                                        },
                                        {
                                            "name": "BARKAL",
                                            "id": "07a7db0e-69ce-417d-8268-7bebb57c11ae",
                                            "state": {
                                                "id": "d4e8944a-6e8f-4d6e-a313-2228cfe9a567",
                                                "name": "CHITTAGONG"
                                            }
                                        },
                                        {
                                            "name": "KAUKHALI",
                                            "id": "303fd905-dc54-4d74-8371-dfc1f477bfc9",
                                            "state": {
                                                "id": "d4e8944a-6e8f-4d6e-a313-2228cfe9a567",
                                                "name": "CHITTAGONG"
                                            }
                                        },
                                        {
                                            "name": "RAJASTHALI",
                                            "id": "1fcbd368-6caa-4dbd-a9fa-2a00e89e77fc",
                                            "state": {
                                                "id": "d4e8944a-6e8f-4d6e-a313-2228cfe9a567",
                                                "name": "CHITTAGONG"
                                            }
                                        },
                                        {
                                            "name": "JURAICHHARI",
                                            "id": "3f4328c9-7b1e-40e9-ad79-d66389645310",
                                            "state": {
                                                "id": "d4e8944a-6e8f-4d6e-a313-2228cfe9a567",
                                                "name": "CHITTAGONG"
                                            }
                                        },
                                        {
                                            "name": "NANNERCHAR",
                                            "id": "fb57848d-e0b9-4051-816c-712fac450852",
                                            "state": {
                                                "id": "d4e8944a-6e8f-4d6e-a313-2228cfe9a567",
                                                "name": "CHITTAGONG"
                                            }
                                        },
                                        {
                                            "name": "RANGAMATI_SADAR",
                                            "id": "1f383e09-c643-4780-a625-02d83259cd37",
                                            "state": {
                                                "id": "d4e8944a-6e8f-4d6e-a313-2228cfe9a567",
                                                "name": "CHITTAGONG"
                                            }
                                        }
                                    ]
                                }
                            ]
                        },
                        {
                            "name": "Pakistan",
                            "id": "bc79ebd2-95a6-46e5-8ade-e7f494021b83",
                            "districts": [
                                
                            ]
                        },
                        {
                            "name": "India",
                            "id": "82ec6692-b098-4803-8cc0-8df58d65ed10",
                            "districts": [
                                
                            ]
                        }
                    ]
                }
            },
            {
                "id": "59276e01-0d64-487a-aec6-332ae91f9909",
                "region": {
                    "countries": [
                        {
                            "name": "Angola",
                            "id": "5e9f919f-2d42-42ec-8b6c-adf7f7b3cd0b",
                            "districts": [
                                
                            ]
                        },
                        {
                            "name": "Cabo Verde",
                            "id": "e5489353-76dd-4d8d-b61e-d349c6356c68",
                            "districts": [
                                
                            ]
                        },
                        {
                            "name": "Mali",
                            "id": "dd9791d1-fea1-4b9d-9076-37e499de6307",
                            "districts": [
                                
                            ]
                        },
                        {
                            "name": "British Indian Ocean Territory",
                            "id": "20479535-b47b-41ba-8cab-b7024bd8ec82",
                            "districts": [
                                
                            ]
                        },
                        {
                            "name": "Gambia",
                            "id": "efec8f57-a2fb-4f95-b662-d72b21d301ed",
                            "districts": [
                                
                            ]
                        },
                        {
                            "name": "Zambia",
                            "id": "4992bec5-10a9-49df-ad13-69aa7cdcfef6",
                            "districts": [
                                
                            ]
                        },
                        {
                            "name": "Eswatini",
                            "id": "d044d249-e941-47bb-8fae-8cab328ca575",
                            "districts": [
                                
                            ]
                        },
                        {
                            "name": "Mayotte",
                            "id": "f4b83278-abe2-46f6-b0c0-50eceba9a35f",
                            "districts": [
                                
                            ]
                        },
                        {
                            "name": "Burundi",
                            "id": "310ab811-40b5-48da-8a66-e7562f4cf9d1",
                            "districts": [
                                
                            ]
                        },
                        {
                            "name": "Liberia",
                            "id": "86d6e276-b027-4cf8-ad4d-c4793b3425cf",
                            "districts": [
                                
                            ]
                        },
                        {
                            "name": "Mauritius",
                            "id": "a06fe50f-4ff3-483a-83c6-01ce4068ab36",
                            "districts": [
                                
                            ]
                        },
                        {
                            "name": "Sao Tome and Principe",
                            "id": "712df7d0-5d1b-401b-a832-911354b38baf",
                            "districts": [
                                
                            ]
                        },
                        {
                            "name": "Senegal",
                            "id": "990cb125-2ede-4648-b5d4-698d0e6ad712",
                            "districts": [
                                
                            ]
                        },
                        {
                            "name": "Botswana",
                            "id": "f177f103-59bd-4527-831e-101af0a373bd",
                            "districts": [
                                
                            ]
                        },
                        {
                            "name": "Rwanda",
                            "id": "5507db6a-9757-40e2-a498-f8cb8df70fb8",
                            "districts": [
                                
                            ]
                        },
                        {
                            "name": "Niger",
                            "id": "74150778-002b-4ca3-a064-41c5cad3f026",
                            "districts": [
                                
                            ]
                        },
                        {
                            "name": "Benin",
                            "id": "ec5d7439-de38-46d4-8a31-7b23b9525984",
                            "districts": [
                                
                            ]
                        },
                        {
                            "name": "Réunion",
                            "id": "e0f20522-cffc-4e66-8e7d-9334f35fce95",
                            "districts": [
                                
                            ]
                        },
                        {
                            "name": "South Africa",
                            "id": "9a7647d2-60ca-429d-90e5-905edaff872c",
                            "districts": [
                                
                            ]
                        },
                        {
                            "name": "Ghana",
                            "id": "9662349e-2c36-496a-83d5-6f746ae768a7",
                            "districts": [
                                
                            ]
                        },
                        {
                            "name": "Congo",
                            "id": "33c8a05e-4d63-49cd-a5f1-0f4a1d5ab13e",
                            "districts": [
                                
                            ]
                        },
                        {
                            "name": "Guinea-Bissau",
                            "id": "64d1845d-1963-40bc-a31b-1f45084f1644",
                            "districts": [
                                
                            ]
                        },
                        {
                            "name": "Togo",
                            "id": "9d383757-b95f-44da-b535-3887ed82679f",
                            "districts": [
                                
                            ]
                        },
                        {
                            "name": "Namibia",
                            "id": "cf9f295f-bf4c-4a8b-8738-53c6a9ed55b1",
                            "districts": [
                                
                            ]
                        },
                        {
                            "name": "Djibouti",
                            "id": "ba974fdc-3dea-4b6b-a2f3-34624faa59a7",
                            "districts": [
                                
                            ]
                        },
                        {
                            "name": "Gabon",
                            "id": "8f6be81f-6b58-4a61-b684-5c2d620a0e74",
                            "districts": [
                                
                            ]
                        },
                        {
                            "name": "Lesotho",
                            "id": "300752f4-088e-403c-95b0-7a670c09f8cc",
                            "districts": [
                                
                            ]
                        },
                        {
                            "name": "Madagascar",
                            "id": "eb4c5e71-f839-4f3c-8e93-49ef57f4fe8d",
                            "districts": [
                                
                            ]
                        },
                        {
                            "name": "Uganda",
                            "id": "b1693449-e104-47c0-94db-f55cc6c850d5",
                            "districts": [
                                
                            ]
                        },
                        {
                            "name": "Côte d\"Ivoire",
                            "id": "59276e01-0d64-487a-aec6-332ae91f9909",
                            "districts": [
                                
                            ]
                        },
                        {
                            "name": "Nigeria",
                            "id": "3c94aa61-055d-4c38-a40b-67dff395beda",
                            "districts": [
                                
                            ]
                        },
                        {
                            "name": "Zimbabwe",
                            "id": "bfbf9853-bae3-4e57-b7cd-1e9228e8b1f3",
                            "districts": [
                                
                            ]
                        },
                        {
                            "name": "Seychelles",
                            "id": "4c63d1f6-87ba-45f1-9414-eb22bfba46c2",
                            "districts": [
                                
                            ]
                        },
                        {
                            "name": "Cameroon",
                            "id": "0495fba0-693d-433a-a9ef-6bc2ccab6093",
                            "districts": [
                                
                            ]
                        },
                        {
                            "name": "Guinea",
                            "id": "eda1a6fb-f95b-4664-b352-8a468c499b34",
                            "districts": [
                                
                            ]
                        },
                        {
                            "name": "Kenya",
                            "id": "06702720-9c60-4210-8eed-8824f1cc80c2",
                            "districts": [
                                
                            ]
                        },
                        {
                            "name": "Mozambique",
                            "id": "df394703-b3a5-4d0f-aa33-db8b10ba29ab",
                            "districts": [
                                
                            ]
                        },
                        {
                            "name": "Saint Helena, Ascension and Tristan da Cunha",
                            "id": "e379e052-1704-4e98-b4fd-fdac7ca1f9a0",
                            "districts": [
                                
                            ]
                        },
                        {
                            "name": "Ethiopia",
                            "id": "77d5d6a2-5f01-41b8-b06d-88b9efc618f8",
                            "districts": [
                                
                            ]
                        },
                        {
                            "name": "Comoros",
                            "id": "ae0a4c53-9eea-4b4f-b7ab-98750eb58582",
                            "districts": [
                                
                            ]
                        },
                        {
                            "name": "Malawi",
                            "id": "31ffdf7e-d375-4c19-8b4c-6ac8e4486727",
                            "districts": [
                                
                            ]
                        },
                        {
                            "name": "Somalia",
                            "id": "630c356f-e198-4cd0-8e91-b29002c2aca7",
                            "districts": [
                                
                            ]
                        },
                        {
                            "name": "Congo, Democratic Republic of the",
                            "id": "55a5fe27-565c-4963-88c0-9a3ec24dea5c",
                            "districts": [
                                
                            ]
                        },
                        {
                            "name": "Equatorial Guinea",
                            "id": "9d2dd243-9754-4962-a556-6dbbf85b248a",
                            "districts": [
                                
                            ]
                        },
                        {
                            "name": "Chad",
                            "id": "4c4abd99-f4df-4fee-bac5-e2a1eef7ec0f",
                            "districts": [
                                
                            ]
                        },
                        {
                            "name": "Tanzania, United Republic of",
                            "id": "30d8662e-655f-43c8-b307-a2dc0046ebe5",
                            "districts": [
                                
                            ]
                        },
                        {
                            "name": "Sierra Leone",
                            "id": "e2135c5c-dfd3-4d44-b16f-0c29186836ce",
                            "districts": [
                                
                            ]
                        },
                        {
                            "name": "Eritrea",
                            "id": "bdd50ea2-c82d-44e8-b493-09892c245a6d",
                            "districts": [
                                
                            ]
                        },
                        {
                            "name": "Central African Republic",
                            "id": "59d2224e-e8a9-4e08-bf66-6ca50cf3d5e7",
                            "districts": [
                                
                            ]
                        },
                        {
                            "name": "South Sudan",
                            "id": "96e00183-809e-408c-b2f2-0042a6a8a8ba",
                            "districts": [
                                
                            ]
                        },
                        {
                            "name": "Mauritania",
                            "id": "780c64c4-cea5-4b78-85af-7be29c96025f",
                            "districts": [
                                
                            ]
                        },
                        {
                            "name": "Burkina Faso",
                            "id": "cedf0037-0cb1-4ad8-8a83-9ae64bc44992",
                            "districts": [
                                
                            ]
                        }
                    ]
                }
            },
            {
                "id": "3c94aa61-055d-4c38-a40b-67dff395beda",
                "region": {
                    "countries": [
                        {
                            "name": "Angola",
                            "id": "5e9f919f-2d42-42ec-8b6c-adf7f7b3cd0b",
                            "districts": [
                                
                            ]
                        },
                        {
                            "name": "Cabo Verde",
                            "id": "e5489353-76dd-4d8d-b61e-d349c6356c68",
                            "districts": [
                                
                            ]
                        },
                        {
                            "name": "Mali",
                            "id": "dd9791d1-fea1-4b9d-9076-37e499de6307",
                            "districts": [
                                
                            ]
                        },
                        {
                            "name": "British Indian Ocean Territory",
                            "id": "20479535-b47b-41ba-8cab-b7024bd8ec82",
                            "districts": [
                                
                            ]
                        },
                        {
                            "name": "Gambia",
                            "id": "efec8f57-a2fb-4f95-b662-d72b21d301ed",
                            "districts": [
                                
                            ]
                        },
                        {
                            "name": "Zambia",
                            "id": "4992bec5-10a9-49df-ad13-69aa7cdcfef6",
                            "districts": [
                                
                            ]
                        },
                        {
                            "name": "Eswatini",
                            "id": "d044d249-e941-47bb-8fae-8cab328ca575",
                            "districts": [
                                
                            ]
                        },
                        {
                            "name": "Mayotte",
                            "id": "f4b83278-abe2-46f6-b0c0-50eceba9a35f",
                            "districts": [
                                
                            ]
                        },
                        {
                            "name": "Burundi",
                            "id": "310ab811-40b5-48da-8a66-e7562f4cf9d1",
                            "districts": [
                                
                            ]
                        },
                        {
                            "name": "Liberia",
                            "id": "86d6e276-b027-4cf8-ad4d-c4793b3425cf",
                            "districts": [
                                
                            ]
                        },
                        {
                            "name": "Mauritius",
                            "id": "a06fe50f-4ff3-483a-83c6-01ce4068ab36",
                            "districts": [
                                
                            ]
                        },
                        {
                            "name": "Sao Tome and Principe",
                            "id": "712df7d0-5d1b-401b-a832-911354b38baf",
                            "districts": [
                                
                            ]
                        },
                        {
                            "name": "Senegal",
                            "id": "990cb125-2ede-4648-b5d4-698d0e6ad712",
                            "districts": [
                                
                            ]
                        },
                        {
                            "name": "Botswana",
                            "id": "f177f103-59bd-4527-831e-101af0a373bd",
                            "districts": [
                                
                            ]
                        },
                        {
                            "name": "Rwanda",
                            "id": "5507db6a-9757-40e2-a498-f8cb8df70fb8",
                            "districts": [
                                
                            ]
                        },
                        {
                            "name": "Niger",
                            "id": "74150778-002b-4ca3-a064-41c5cad3f026",
                            "districts": [
                                
                            ]
                        },
                        {
                            "name": "Benin",
                            "id": "ec5d7439-de38-46d4-8a31-7b23b9525984",
                            "districts": [
                                
                            ]
                        },
                        {
                            "name": "Réunion",
                            "id": "e0f20522-cffc-4e66-8e7d-9334f35fce95",
                            "districts": [
                                
                            ]
                        },
                        {
                            "name": "South Africa",
                            "id": "9a7647d2-60ca-429d-90e5-905edaff872c",
                            "districts": [
                                
                            ]
                        },
                        {
                            "name": "Ghana",
                            "id": "9662349e-2c36-496a-83d5-6f746ae768a7",
                            "districts": [
                                
                            ]
                        },
                        {
                            "name": "Congo",
                            "id": "33c8a05e-4d63-49cd-a5f1-0f4a1d5ab13e",
                            "districts": [
                                
                            ]
                        },
                        {
                            "name": "Guinea-Bissau",
                            "id": "64d1845d-1963-40bc-a31b-1f45084f1644",
                            "districts": [
                                
                            ]
                        },
                        {
                            "name": "Togo",
                            "id": "9d383757-b95f-44da-b535-3887ed82679f",
                            "districts": [
                                
                            ]
                        },
                        {
                            "name": "Namibia",
                            "id": "cf9f295f-bf4c-4a8b-8738-53c6a9ed55b1",
                            "districts": [
                                
                            ]
                        },
                        {
                            "name": "Djibouti",
                            "id": "ba974fdc-3dea-4b6b-a2f3-34624faa59a7",
                            "districts": [
                                
                            ]
                        },
                        {
                            "name": "Gabon",
                            "id": "8f6be81f-6b58-4a61-b684-5c2d620a0e74",
                            "districts": [
                                
                            ]
                        },
                        {
                            "name": "Lesotho",
                            "id": "300752f4-088e-403c-95b0-7a670c09f8cc",
                            "districts": [
                                
                            ]
                        },
                        {
                            "name": "Madagascar",
                            "id": "eb4c5e71-f839-4f3c-8e93-49ef57f4fe8d",
                            "districts": [
                                
                            ]
                        },
                        {
                            "name": "Uganda",
                            "id": "b1693449-e104-47c0-94db-f55cc6c850d5",
                            "districts": [
                                
                            ]
                        },
                        {
                            "name": "Côte d\"Ivoire",
                            "id": "59276e01-0d64-487a-aec6-332ae91f9909",
                            "districts": [
                                
                            ]
                        },
                        {
                            "name": "Nigeria",
                            "id": "3c94aa61-055d-4c38-a40b-67dff395beda",
                            "districts": [
                                
                            ]
                        },
                        {
                            "name": "Zimbabwe",
                            "id": "bfbf9853-bae3-4e57-b7cd-1e9228e8b1f3",
                            "districts": [
                                
                            ]
                        },
                        {
                            "name": "Seychelles",
                            "id": "4c63d1f6-87ba-45f1-9414-eb22bfba46c2",
                            "districts": [
                                
                            ]
                        },
                        {
                            "name": "Cameroon",
                            "id": "0495fba0-693d-433a-a9ef-6bc2ccab6093",
                            "districts": [
                                
                            ]
                        },
                        {
                            "name": "Guinea",
                            "id": "eda1a6fb-f95b-4664-b352-8a468c499b34",
                            "districts": [
                                
                            ]
                        },
                        {
                            "name": "Kenya",
                            "id": "06702720-9c60-4210-8eed-8824f1cc80c2",
                            "districts": [
                                
                            ]
                        },
                        {
                            "name": "Mozambique",
                            "id": "df394703-b3a5-4d0f-aa33-db8b10ba29ab",
                            "districts": [
                                
                            ]
                        },
                        {
                            "name": "Saint Helena, Ascension and Tristan da Cunha",
                            "id": "e379e052-1704-4e98-b4fd-fdac7ca1f9a0",
                            "districts": [
                                
                            ]
                        },
                        {
                            "name": "Ethiopia",
                            "id": "77d5d6a2-5f01-41b8-b06d-88b9efc618f8",
                            "districts": [
                                
                            ]
                        },
                        {
                            "name": "Comoros",
                            "id": "ae0a4c53-9eea-4b4f-b7ab-98750eb58582",
                            "districts": [
                                
                            ]
                        },
                        {
                            "name": "Malawi",
                            "id": "31ffdf7e-d375-4c19-8b4c-6ac8e4486727",
                            "districts": [
                                
                            ]
                        },
                        {
                            "name": "Somalia",
                            "id": "630c356f-e198-4cd0-8e91-b29002c2aca7",
                            "districts": [
                                
                            ]
                        },
                        {
                            "name": "Congo, Democratic Republic of the",
                            "id": "55a5fe27-565c-4963-88c0-9a3ec24dea5c",
                            "districts": [
                                
                            ]
                        },
                        {
                            "name": "Equatorial Guinea",
                            "id": "9d2dd243-9754-4962-a556-6dbbf85b248a",
                            "districts": [
                                
                            ]
                        },
                        {
                            "name": "Chad",
                            "id": "4c4abd99-f4df-4fee-bac5-e2a1eef7ec0f",
                            "districts": [
                                
                            ]
                        },
                        {
                            "name": "Tanzania, United Republic of",
                            "id": "30d8662e-655f-43c8-b307-a2dc0046ebe5",
                            "districts": [
                                
                            ]
                        },
                        {
                            "name": "Sierra Leone",
                            "id": "e2135c5c-dfd3-4d44-b16f-0c29186836ce",
                            "districts": [
                                
                            ]
                        },
                        {
                            "name": "Eritrea",
                            "id": "bdd50ea2-c82d-44e8-b493-09892c245a6d",
                            "districts": [
                                
                            ]
                        },
                        {
                            "name": "Central African Republic",
                            "id": "59d2224e-e8a9-4e08-bf66-6ca50cf3d5e7",
                            "districts": [
                                
                            ]
                        },
                        {
                            "name": "South Sudan",
                            "id": "96e00183-809e-408c-b2f2-0042a6a8a8ba",
                            "districts": [
                                
                            ]
                        },
                        {
                            "name": "Mauritania",
                            "id": "780c64c4-cea5-4b78-85af-7be29c96025f",
                            "districts": [
                                
                            ]
                        },
                        {
                            "name": "Burkina Faso",
                            "id": "cedf0037-0cb1-4ad8-8a83-9ae64bc44992",
                            "districts": [
                                
                            ]
                        }
                    ]
                }
            },
            {
                "id": "bfbf9853-bae3-4e57-b7cd-1e9228e8b1f3",
                "region": {
                    "countries": [
                        {
                            "name": "Angola",
                            "id": "5e9f919f-2d42-42ec-8b6c-adf7f7b3cd0b",
                            "districts": [
                                
                            ]
                        },
                        {
                            "name": "Cabo Verde",
                            "id": "e5489353-76dd-4d8d-b61e-d349c6356c68",
                            "districts": [
                                
                            ]
                        },
                        {
                            "name": "Mali",
                            "id": "dd9791d1-fea1-4b9d-9076-37e499de6307",
                            "districts": [
                                
                            ]
                        },
                        {
                            "name": "British Indian Ocean Territory",
                            "id": "20479535-b47b-41ba-8cab-b7024bd8ec82",
                            "districts": [
                                
                            ]
                        },
                        {
                            "name": "Gambia",
                            "id": "efec8f57-a2fb-4f95-b662-d72b21d301ed",
                            "districts": [
                                
                            ]
                        },
                        {
                            "name": "Zambia",
                            "id": "4992bec5-10a9-49df-ad13-69aa7cdcfef6",
                            "districts": [
                                
                            ]
                        },
                        {
                            "name": "Eswatini",
                            "id": "d044d249-e941-47bb-8fae-8cab328ca575",
                            "districts": [
                                
                            ]
                        },
                        {
                            "name": "Mayotte",
                            "id": "f4b83278-abe2-46f6-b0c0-50eceba9a35f",
                            "districts": [
                                
                            ]
                        },
                        {
                            "name": "Burundi",
                            "id": "310ab811-40b5-48da-8a66-e7562f4cf9d1",
                            "districts": [
                                
                            ]
                        },
                        {
                            "name": "Liberia",
                            "id": "86d6e276-b027-4cf8-ad4d-c4793b3425cf",
                            "districts": [
                                
                            ]
                        },
                        {
                            "name": "Mauritius",
                            "id": "a06fe50f-4ff3-483a-83c6-01ce4068ab36",
                            "districts": [
                                
                            ]
                        },
                        {
                            "name": "Sao Tome and Principe",
                            "id": "712df7d0-5d1b-401b-a832-911354b38baf",
                            "districts": [
                                
                            ]
                        },
                        {
                            "name": "Senegal",
                            "id": "990cb125-2ede-4648-b5d4-698d0e6ad712",
                            "districts": [
                                
                            ]
                        },
                        {
                            "name": "Botswana",
                            "id": "f177f103-59bd-4527-831e-101af0a373bd",
                            "districts": [
                                
                            ]
                        },
                        {
                            "name": "Rwanda",
                            "id": "5507db6a-9757-40e2-a498-f8cb8df70fb8",
                            "districts": [
                                
                            ]
                        },
                        {
                            "name": "Niger",
                            "id": "74150778-002b-4ca3-a064-41c5cad3f026",
                            "districts": [
                                
                            ]
                        },
                        {
                            "name": "Benin",
                            "id": "ec5d7439-de38-46d4-8a31-7b23b9525984",
                            "districts": [
                                
                            ]
                        },
                        {
                            "name": "Réunion",
                            "id": "e0f20522-cffc-4e66-8e7d-9334f35fce95",
                            "districts": [
                                
                            ]
                        },
                        {
                            "name": "South Africa",
                            "id": "9a7647d2-60ca-429d-90e5-905edaff872c",
                            "districts": [
                                
                            ]
                        },
                        {
                            "name": "Ghana",
                            "id": "9662349e-2c36-496a-83d5-6f746ae768a7",
                            "districts": [
                                
                            ]
                        },
                        {
                            "name": "Congo",
                            "id": "33c8a05e-4d63-49cd-a5f1-0f4a1d5ab13e",
                            "districts": [
                                
                            ]
                        },
                        {
                            "name": "Guinea-Bissau",
                            "id": "64d1845d-1963-40bc-a31b-1f45084f1644",
                            "districts": [
                                
                            ]
                        },
                        {
                            "name": "Togo",
                            "id": "9d383757-b95f-44da-b535-3887ed82679f",
                            "districts": [
                                
                            ]
                        },
                        {
                            "name": "Namibia",
                            "id": "cf9f295f-bf4c-4a8b-8738-53c6a9ed55b1",
                            "districts": [
                                
                            ]
                        },
                        {
                            "name": "Djibouti",
                            "id": "ba974fdc-3dea-4b6b-a2f3-34624faa59a7",
                            "districts": [
                                
                            ]
                        },
                        {
                            "name": "Gabon",
                            "id": "8f6be81f-6b58-4a61-b684-5c2d620a0e74",
                            "districts": [
                                
                            ]
                        },
                        {
                            "name": "Lesotho",
                            "id": "300752f4-088e-403c-95b0-7a670c09f8cc",
                            "districts": [
                                
                            ]
                        },
                        {
                            "name": "Madagascar",
                            "id": "eb4c5e71-f839-4f3c-8e93-49ef57f4fe8d",
                            "districts": [
                                
                            ]
                        },
                        {
                            "name": "Uganda",
                            "id": "b1693449-e104-47c0-94db-f55cc6c850d5",
                            "districts": [
                                
                            ]
                        },
                        {
                            "name": "Côte d\"Ivoire",
                            "id": "59276e01-0d64-487a-aec6-332ae91f9909",
                            "districts": [
                                
                            ]
                        },
                        {
                            "name": "Nigeria",
                            "id": "3c94aa61-055d-4c38-a40b-67dff395beda",
                            "districts": [
                                
                            ]
                        },
                        {
                            "name": "Zimbabwe",
                            "id": "bfbf9853-bae3-4e57-b7cd-1e9228e8b1f3",
                            "districts": [
                                
                            ]
                        },
                        {
                            "name": "Seychelles",
                            "id": "4c63d1f6-87ba-45f1-9414-eb22bfba46c2",
                            "districts": [
                                
                            ]
                        },
                        {
                            "name": "Cameroon",
                            "id": "0495fba0-693d-433a-a9ef-6bc2ccab6093",
                            "districts": [
                                
                            ]
                        },
                        {
                            "name": "Guinea",
                            "id": "eda1a6fb-f95b-4664-b352-8a468c499b34",
                            "districts": [
                                
                            ]
                        },
                        {
                            "name": "Kenya",
                            "id": "06702720-9c60-4210-8eed-8824f1cc80c2",
                            "districts": [
                                
                            ]
                        },
                        {
                            "name": "Mozambique",
                            "id": "df394703-b3a5-4d0f-aa33-db8b10ba29ab",
                            "districts": [
                                
                            ]
                        },
                        {
                            "name": "Saint Helena, Ascension and Tristan da Cunha",
                            "id": "e379e052-1704-4e98-b4fd-fdac7ca1f9a0",
                            "districts": [
                                
                            ]
                        },
                        {
                            "name": "Ethiopia",
                            "id": "77d5d6a2-5f01-41b8-b06d-88b9efc618f8",
                            "districts": [
                                
                            ]
                        },
                        {
                            "name": "Comoros",
                            "id": "ae0a4c53-9eea-4b4f-b7ab-98750eb58582",
                            "districts": [
                                
                            ]
                        },
                        {
                            "name": "Malawi",
                            "id": "31ffdf7e-d375-4c19-8b4c-6ac8e4486727",
                            "districts": [
                                
                            ]
                        },
                        {
                            "name": "Somalia",
                            "id": "630c356f-e198-4cd0-8e91-b29002c2aca7",
                            "districts": [
                                
                            ]
                        },
                        {
                            "name": "Congo, Democratic Republic of the",
                            "id": "55a5fe27-565c-4963-88c0-9a3ec24dea5c",
                            "districts": [
                                
                            ]
                        },
                        {
                            "name": "Equatorial Guinea",
                            "id": "9d2dd243-9754-4962-a556-6dbbf85b248a",
                            "districts": [
                                
                            ]
                        },
                        {
                            "name": "Chad",
                            "id": "4c4abd99-f4df-4fee-bac5-e2a1eef7ec0f",
                            "districts": [
                                
                            ]
                        },
                        {
                            "name": "Tanzania, United Republic of",
                            "id": "30d8662e-655f-43c8-b307-a2dc0046ebe5",
                            "districts": [
                                
                            ]
                        },
                        {
                            "name": "Sierra Leone",
                            "id": "e2135c5c-dfd3-4d44-b16f-0c29186836ce",
                            "districts": [
                                
                            ]
                        },
                        {
                            "name": "Eritrea",
                            "id": "bdd50ea2-c82d-44e8-b493-09892c245a6d",
                            "districts": [
                                
                            ]
                        },
                        {
                            "name": "Central African Republic",
                            "id": "59d2224e-e8a9-4e08-bf66-6ca50cf3d5e7",
                            "districts": [
                                
                            ]
                        },
                        {
                            "name": "South Sudan",
                            "id": "96e00183-809e-408c-b2f2-0042a6a8a8ba",
                            "districts": [
                                
                            ]
                        },
                        {
                            "name": "Mauritania",
                            "id": "780c64c4-cea5-4b78-85af-7be29c96025f",
                            "districts": [
                                
                            ]
                        },
                        {
                            "name": "Burkina Faso",
                            "id": "cedf0037-0cb1-4ad8-8a83-9ae64bc44992",
                            "districts": [
                                
                            ]
                        }
                    ]
                }
            },
            {
                "id": "7f1e32bc-9aae-4cd7-bcad-9dc6082d4811",
                "region": {
                    "countries": [
                        {
                            "name": "China",
                            "id": "99cdf9ef-7a80-40f1-801d-e294d5f9ee36",
                            "districts": [
                                
                            ]
                        },
                        {
                            "name": "Taiwan, Province of China",
                            "id": "46f6e154-7ea0-40e3-8ee2-68536a0b9e21",
                            "districts": [
                                
                            ]
                        },
                        {
                            "name": "Korea, Republic of",
                            "id": "2f24ae19-b361-4fe6-ac53-fbe75f5485d8",
                            "districts": [
                                
                            ]
                        },
                        {
                            "name": "Malaysia",
                            "id": "bb3e3ec0-3c59-46a6-9573-195fa8dd3c9e",
                            "districts": [
                                
                            ]
                        },
                        {
                            "name": "Korea (Democratic People\"s Republic of)",
                            "id": "6f72ac2e-f7a5-44c0-8726-98f91e72d8e9",
                            "districts": [
                                
                            ]
                        },
                        {
                            "name": "Myanmar",
                            "id": "7f1e32bc-9aae-4cd7-bcad-9dc6082d4811",
                            "districts": [
                                
                            ]
                        },
                        {
                            "name": "Macao",
                            "id": "e89a54d0-98ab-4404-b546-b87cdfab5e6c",
                            "districts": [
                                
                            ]
                        },
                        {
                            "name": "Mongolia",
                            "id": "8ccf4e8b-f765-4707-aff1-cb36bcbf5fb9",
                            "districts": [
                                
                            ]
                        },
                        {
                            "name": "Japan",
                            "id": "b893cdb3-ce45-4ff8-8c82-d0e5728d4fab",
                            "districts": [
                                
                            ]
                        },
                        {
                            "name": "Hong Kong",
                            "id": "66af6153-77ae-41b1-90bc-93e5d9a30416",
                            "districts": [
                                
                            ]
                        }
                    ]
                }
            },
            {
                "id": "4c63d1f6-87ba-45f1-9414-eb22bfba46c2",
                "region": {
                    "countries": [
                        {
                            "name": "Angola",
                            "id": "5e9f919f-2d42-42ec-8b6c-adf7f7b3cd0b",
                            "districts": [
                                
                            ]
                        },
                        {
                            "name": "Cabo Verde",
                            "id": "e5489353-76dd-4d8d-b61e-d349c6356c68",
                            "districts": [
                                
                            ]
                        },
                        {
                            "name": "Mali",
                            "id": "dd9791d1-fea1-4b9d-9076-37e499de6307",
                            "districts": [
                                
                            ]
                        },
                        {
                            "name": "British Indian Ocean Territory",
                            "id": "20479535-b47b-41ba-8cab-b7024bd8ec82",
                            "districts": [
                                
                            ]
                        },
                        {
                            "name": "Gambia",
                            "id": "efec8f57-a2fb-4f95-b662-d72b21d301ed",
                            "districts": [
                                
                            ]
                        },
                        {
                            "name": "Zambia",
                            "id": "4992bec5-10a9-49df-ad13-69aa7cdcfef6",
                            "districts": [
                                
                            ]
                        },
                        {
                            "name": "Eswatini",
                            "id": "d044d249-e941-47bb-8fae-8cab328ca575",
                            "districts": [
                                
                            ]
                        },
                        {
                            "name": "Mayotte",
                            "id": "f4b83278-abe2-46f6-b0c0-50eceba9a35f",
                            "districts": [
                                
                            ]
                        },
                        {
                            "name": "Burundi",
                            "id": "310ab811-40b5-48da-8a66-e7562f4cf9d1",
                            "districts": [
                                
                            ]
                        },
                        {
                            "name": "Liberia",
                            "id": "86d6e276-b027-4cf8-ad4d-c4793b3425cf",
                            "districts": [
                                
                            ]
                        },
                        {
                            "name": "Mauritius",
                            "id": "a06fe50f-4ff3-483a-83c6-01ce4068ab36",
                            "districts": [
                                
                            ]
                        },
                        {
                            "name": "Sao Tome and Principe",
                            "id": "712df7d0-5d1b-401b-a832-911354b38baf",
                            "districts": [
                                
                            ]
                        },
                        {
                            "name": "Senegal",
                            "id": "990cb125-2ede-4648-b5d4-698d0e6ad712",
                            "districts": [
                                
                            ]
                        },
                        {
                            "name": "Botswana",
                            "id": "f177f103-59bd-4527-831e-101af0a373bd",
                            "districts": [
                                
                            ]
                        },
                        {
                            "name": "Rwanda",
                            "id": "5507db6a-9757-40e2-a498-f8cb8df70fb8",
                            "districts": [
                                
                            ]
                        },
                        {
                            "name": "Niger",
                            "id": "74150778-002b-4ca3-a064-41c5cad3f026",
                            "districts": [
                                
                            ]
                        },
                        {
                            "name": "Benin",
                            "id": "ec5d7439-de38-46d4-8a31-7b23b9525984",
                            "districts": [
                                
                            ]
                        },
                        {
                            "name": "Réunion",
                            "id": "e0f20522-cffc-4e66-8e7d-9334f35fce95",
                            "districts": [
                                
                            ]
                        },
                        {
                            "name": "South Africa",
                            "id": "9a7647d2-60ca-429d-90e5-905edaff872c",
                            "districts": [
                                
                            ]
                        },
                        {
                            "name": "Ghana",
                            "id": "9662349e-2c36-496a-83d5-6f746ae768a7",
                            "districts": [
                                
                            ]
                        },
                        {
                            "name": "Congo",
                            "id": "33c8a05e-4d63-49cd-a5f1-0f4a1d5ab13e",
                            "districts": [
                                
                            ]
                        },
                        {
                            "name": "Guinea-Bissau",
                            "id": "64d1845d-1963-40bc-a31b-1f45084f1644",
                            "districts": [
                                
                            ]
                        },
                        {
                            "name": "Togo",
                            "id": "9d383757-b95f-44da-b535-3887ed82679f",
                            "districts": [
                                
                            ]
                        },
                        {
                            "name": "Namibia",
                            "id": "cf9f295f-bf4c-4a8b-8738-53c6a9ed55b1",
                            "districts": [
                                
                            ]
                        },
                        {
                            "name": "Djibouti",
                            "id": "ba974fdc-3dea-4b6b-a2f3-34624faa59a7",
                            "districts": [
                                
                            ]
                        },
                        {
                            "name": "Gabon",
                            "id": "8f6be81f-6b58-4a61-b684-5c2d620a0e74",
                            "districts": [
                                
                            ]
                        },
                        {
                            "name": "Lesotho",
                            "id": "300752f4-088e-403c-95b0-7a670c09f8cc",
                            "districts": [
                                
                            ]
                        },
                        {
                            "name": "Madagascar",
                            "id": "eb4c5e71-f839-4f3c-8e93-49ef57f4fe8d",
                            "districts": [
                                
                            ]
                        },
                        {
                            "name": "Uganda",
                            "id": "b1693449-e104-47c0-94db-f55cc6c850d5",
                            "districts": [
                                
                            ]
                        },
                        {
                            "name": "Côte d\"Ivoire",
                            "id": "59276e01-0d64-487a-aec6-332ae91f9909",
                            "districts": [
                                
                            ]
                        },
                        {
                            "name": "Nigeria",
                            "id": "3c94aa61-055d-4c38-a40b-67dff395beda",
                            "districts": [
                                
                            ]
                        },
                        {
                            "name": "Zimbabwe",
                            "id": "bfbf9853-bae3-4e57-b7cd-1e9228e8b1f3",
                            "districts": [
                                
                            ]
                        },
                        {
                            "name": "Seychelles",
                            "id": "4c63d1f6-87ba-45f1-9414-eb22bfba46c2",
                            "districts": [
                                
                            ]
                        },
                        {
                            "name": "Cameroon",
                            "id": "0495fba0-693d-433a-a9ef-6bc2ccab6093",
                            "districts": [
                                
                            ]
                        },
                        {
                            "name": "Guinea",
                            "id": "eda1a6fb-f95b-4664-b352-8a468c499b34",
                            "districts": [
                                
                            ]
                        },
                        {
                            "name": "Kenya",
                            "id": "06702720-9c60-4210-8eed-8824f1cc80c2",
                            "districts": [
                                
                            ]
                        },
                        {
                            "name": "Mozambique",
                            "id": "df394703-b3a5-4d0f-aa33-db8b10ba29ab",
                            "districts": [
                                
                            ]
                        },
                        {
                            "name": "Saint Helena, Ascension and Tristan da Cunha",
                            "id": "e379e052-1704-4e98-b4fd-fdac7ca1f9a0",
                            "districts": [
                                
                            ]
                        },
                        {
                            "name": "Ethiopia",
                            "id": "77d5d6a2-5f01-41b8-b06d-88b9efc618f8",
                            "districts": [
                                
                            ]
                        },
                        {
                            "name": "Comoros",
                            "id": "ae0a4c53-9eea-4b4f-b7ab-98750eb58582",
                            "districts": [
                                
                            ]
                        },
                        {
                            "name": "Malawi",
                            "id": "31ffdf7e-d375-4c19-8b4c-6ac8e4486727",
                            "districts": [
                                
                            ]
                        },
                        {
                            "name": "Somalia",
                            "id": "630c356f-e198-4cd0-8e91-b29002c2aca7",
                            "districts": [
                                
                            ]
                        },
                        {
                            "name": "Congo, Democratic Republic of the",
                            "id": "55a5fe27-565c-4963-88c0-9a3ec24dea5c",
                            "districts": [
                                
                            ]
                        },
                        {
                            "name": "Equatorial Guinea",
                            "id": "9d2dd243-9754-4962-a556-6dbbf85b248a",
                            "districts": [
                                
                            ]
                        },
                        {
                            "name": "Chad",
                            "id": "4c4abd99-f4df-4fee-bac5-e2a1eef7ec0f",
                            "districts": [
                                
                            ]
                        },
                        {
                            "name": "Tanzania, United Republic of",
                            "id": "30d8662e-655f-43c8-b307-a2dc0046ebe5",
                            "districts": [
                                
                            ]
                        },
                        {
                            "name": "Sierra Leone",
                            "id": "e2135c5c-dfd3-4d44-b16f-0c29186836ce",
                            "districts": [
                                
                            ]
                        },
                        {
                            "name": "Eritrea",
                            "id": "bdd50ea2-c82d-44e8-b493-09892c245a6d",
                            "districts": [
                                
                            ]
                        },
                        {
                            "name": "Central African Republic",
                            "id": "59d2224e-e8a9-4e08-bf66-6ca50cf3d5e7",
                            "districts": [
                                
                            ]
                        },
                        {
                            "name": "South Sudan",
                            "id": "96e00183-809e-408c-b2f2-0042a6a8a8ba",
                            "districts": [
                                
                            ]
                        },
                        {
                            "name": "Mauritania",
                            "id": "780c64c4-cea5-4b78-85af-7be29c96025f",
                            "districts": [
                                
                            ]
                        },
                        {
                            "name": "Burkina Faso",
                            "id": "cedf0037-0cb1-4ad8-8a83-9ae64bc44992",
                            "districts": [
                                
                            ]
                        }
                    ]
                }
            },
            {
                "id": "371dea3e-0fa3-45de-898c-05dc08e4da37",
                "region": {
                    "countries": [
                        {
                            "name": "Jordan",
                            "id": "57d77108-7390-4d8b-9175-09fa2278972f",
                            "districts": [
                                
                            ]
                        },
                        {
                            "name": "Yemen",
                            "id": "e36259b6-c350-4fdc-83dc-bfdbe04765d1",
                            "districts": [
                                
                            ]
                        },
                        {
                            "name": "Bahrain",
                            "id": "cb7d2601-26e1-4af4-b27c-1130bc908636",
                            "districts": [
                                
                            ]
                        },
                        {
                            "name": "Armenia",
                            "id": "8f0fda5d-e346-4016-8651-38bc0a9db13f",
                            "districts": [
                                
                            ]
                        },
                        {
                            "name": "Kuwait",
                            "id": "04c19ad3-d5fd-4432-be03-d0f3aa0bfef4",
                            "districts": [
                                
                            ]
                        },
                        {
                            "name": "United Arab Emirates",
                            "id": "191f578d-d3e2-49a4-803c-012c36fae6b8",
                            "districts": [
                                
                            ]
                        },
                        {
                            "name": "Lebanon",
                            "id": "7d6074eb-b44c-4e01-b064-9e67695b896b",
                            "districts": [
                                
                            ]
                        },
                        {
                            "name": "Singapore",
                            "id": "20786ba0-66e7-4c86-9e62-e27456f80ed0",
                            "districts": [
                                
                            ]
                        },
                        {
                            "name": "Palestine, State of",
                            "id": "c4dbf9dc-caad-4b9b-ab84-a178363717f4",
                            "districts": [
                                
                            ]
                        },
                        {
                            "name": "Syrian Arab Republic",
                            "id": "33760701-153e-4220-b9fa-ec4342d2f0e4",
                            "districts": [
                                
                            ]
                        },
                        {
                            "name": "Georgia",
                            "id": "371dea3e-0fa3-45de-898c-05dc08e4da37",
                            "districts": [
                                
                            ]
                        },
                        {
                            "name": "Oman",
                            "id": "ebba5457-cf3a-4c92-a296-c9304075a083",
                            "districts": [
                                
                            ]
                        },
                        {
                            "name": "Azerbaijan",
                            "id": "bf0dafd8-ebe6-4b98-86ab-ed8e16475794",
                            "districts": [
                                
                            ]
                        },
                        {
                            "name": "Philippines",
                            "id": "bd3959ff-aabe-46fa-ac07-055e8436407e",
                            "districts": [
                                
                            ]
                        },
                        {
                            "name": "Israel",
                            "id": "b9435680-f62e-4437-9179-0584ae6af227",
                            "districts": [
                                
                            ]
                        },
                        {
                            "name": "Turkey",
                            "id": "eb6d71b2-8583-4c12-9063-5439639e4817",
                            "districts": [
                                
                            ]
                        },
                        {
                            "name": "Qatar",
                            "id": "6bedb61d-4a24-414a-9ddd-adb4cc1cc389",
                            "districts": [
                                
                            ]
                        },
                        {
                            "name": "Cyprus",
                            "id": "9683b8ba-efbf-4e28-9a27-6d2108466189",
                            "districts": [
                                
                            ]
                        },
                        {
                            "name": "Iraq",
                            "id": "ea4c7ed2-9ce9-4151-9531-ff9af85def73",
                            "districts": [
                                
                            ]
                        },
                        {
                            "name": "Saudi Arabia",
                            "id": "b2d5c8d1-21a7-433a-a592-38268c29f913",
                            "districts": [
                                
                            ]
                        }
                    ]
                }
            },
            {
                "id": "0495fba0-693d-433a-a9ef-6bc2ccab6093",
                "region": {
                    "countries": [
                        {
                            "name": "Angola",
                            "id": "5e9f919f-2d42-42ec-8b6c-adf7f7b3cd0b",
                            "districts": [
                                
                            ]
                        },
                        {
                            "name": "Cabo Verde",
                            "id": "e5489353-76dd-4d8d-b61e-d349c6356c68",
                            "districts": [
                                
                            ]
                        },
                        {
                            "name": "Mali",
                            "id": "dd9791d1-fea1-4b9d-9076-37e499de6307",
                            "districts": [
                                
                            ]
                        },
                        {
                            "name": "British Indian Ocean Territory",
                            "id": "20479535-b47b-41ba-8cab-b7024bd8ec82",
                            "districts": [
                                
                            ]
                        },
                        {
                            "name": "Gambia",
                            "id": "efec8f57-a2fb-4f95-b662-d72b21d301ed",
                            "districts": [
                                
                            ]
                        },
                        {
                            "name": "Zambia",
                            "id": "4992bec5-10a9-49df-ad13-69aa7cdcfef6",
                            "districts": [
                                
                            ]
                        },
                        {
                            "name": "Eswatini",
                            "id": "d044d249-e941-47bb-8fae-8cab328ca575",
                            "districts": [
                                
                            ]
                        },
                        {
                            "name": "Mayotte",
                            "id": "f4b83278-abe2-46f6-b0c0-50eceba9a35f",
                            "districts": [
                                
                            ]
                        },
                        {
                            "name": "Burundi",
                            "id": "310ab811-40b5-48da-8a66-e7562f4cf9d1",
                            "districts": [
                                
                            ]
                        },
                        {
                            "name": "Liberia",
                            "id": "86d6e276-b027-4cf8-ad4d-c4793b3425cf",
                            "districts": [
                                
                            ]
                        },
                        {
                            "name": "Mauritius",
                            "id": "a06fe50f-4ff3-483a-83c6-01ce4068ab36",
                            "districts": [
                                
                            ]
                        },
                        {
                            "name": "Sao Tome and Principe",
                            "id": "712df7d0-5d1b-401b-a832-911354b38baf",
                            "districts": [
                                
                            ]
                        },
                        {
                            "name": "Senegal",
                            "id": "990cb125-2ede-4648-b5d4-698d0e6ad712",
                            "districts": [
                                
                            ]
                        },
                        {
                            "name": "Botswana",
                            "id": "f177f103-59bd-4527-831e-101af0a373bd",
                            "districts": [
                                
                            ]
                        },
                        {
                            "name": "Rwanda",
                            "id": "5507db6a-9757-40e2-a498-f8cb8df70fb8",
                            "districts": [
                                
                            ]
                        },
                        {
                            "name": "Niger",
                            "id": "74150778-002b-4ca3-a064-41c5cad3f026",
                            "districts": [
                                
                            ]
                        },
                        {
                            "name": "Benin",
                            "id": "ec5d7439-de38-46d4-8a31-7b23b9525984",
                            "districts": [
                                
                            ]
                        },
                        {
                            "name": "Réunion",
                            "id": "e0f20522-cffc-4e66-8e7d-9334f35fce95",
                            "districts": [
                                
                            ]
                        },
                        {
                            "name": "South Africa",
                            "id": "9a7647d2-60ca-429d-90e5-905edaff872c",
                            "districts": [
                                
                            ]
                        },
                        {
                            "name": "Ghana",
                            "id": "9662349e-2c36-496a-83d5-6f746ae768a7",
                            "districts": [
                                
                            ]
                        },
                        {
                            "name": "Congo",
                            "id": "33c8a05e-4d63-49cd-a5f1-0f4a1d5ab13e",
                            "districts": [
                                
                            ]
                        },
                        {
                            "name": "Guinea-Bissau",
                            "id": "64d1845d-1963-40bc-a31b-1f45084f1644",
                            "districts": [
                                
                            ]
                        },
                        {
                            "name": "Togo",
                            "id": "9d383757-b95f-44da-b535-3887ed82679f",
                            "districts": [
                                
                            ]
                        },
                        {
                            "name": "Namibia",
                            "id": "cf9f295f-bf4c-4a8b-8738-53c6a9ed55b1",
                            "districts": [
                                
                            ]
                        },
                        {
                            "name": "Djibouti",
                            "id": "ba974fdc-3dea-4b6b-a2f3-34624faa59a7",
                            "districts": [
                                
                            ]
                        },
                        {
                            "name": "Gabon",
                            "id": "8f6be81f-6b58-4a61-b684-5c2d620a0e74",
                            "districts": [
                                
                            ]
                        },
                        {
                            "name": "Lesotho",
                            "id": "300752f4-088e-403c-95b0-7a670c09f8cc",
                            "districts": [
                                
                            ]
                        },
                        {
                            "name": "Madagascar",
                            "id": "eb4c5e71-f839-4f3c-8e93-49ef57f4fe8d",
                            "districts": [
                                
                            ]
                        },
                        {
                            "name": "Uganda",
                            "id": "b1693449-e104-47c0-94db-f55cc6c850d5",
                            "districts": [
                                
                            ]
                        },
                        {
                            "name": "Côte d\"Ivoire",
                            "id": "59276e01-0d64-487a-aec6-332ae91f9909",
                            "districts": [
                                
                            ]
                        },
                        {
                            "name": "Nigeria",
                            "id": "3c94aa61-055d-4c38-a40b-67dff395beda",
                            "districts": [
                                
                            ]
                        },
                        {
                            "name": "Zimbabwe",
                            "id": "bfbf9853-bae3-4e57-b7cd-1e9228e8b1f3",
                            "districts": [
                                
                            ]
                        },
                        {
                            "name": "Seychelles",
                            "id": "4c63d1f6-87ba-45f1-9414-eb22bfba46c2",
                            "districts": [
                                
                            ]
                        },
                        {
                            "name": "Cameroon",
                            "id": "0495fba0-693d-433a-a9ef-6bc2ccab6093",
                            "districts": [
                                
                            ]
                        },
                        {
                            "name": "Guinea",
                            "id": "eda1a6fb-f95b-4664-b352-8a468c499b34",
                            "districts": [
                                
                            ]
                        },
                        {
                            "name": "Kenya",
                            "id": "06702720-9c60-4210-8eed-8824f1cc80c2",
                            "districts": [
                                
                            ]
                        },
                        {
                            "name": "Mozambique",
                            "id": "df394703-b3a5-4d0f-aa33-db8b10ba29ab",
                            "districts": [
                                
                            ]
                        },
                        {
                            "name": "Saint Helena, Ascension and Tristan da Cunha",
                            "id": "e379e052-1704-4e98-b4fd-fdac7ca1f9a0",
                            "districts": [
                                
                            ]
                        },
                        {
                            "name": "Ethiopia",
                            "id": "77d5d6a2-5f01-41b8-b06d-88b9efc618f8",
                            "districts": [
                                
                            ]
                        },
                        {
                            "name": "Comoros",
                            "id": "ae0a4c53-9eea-4b4f-b7ab-98750eb58582",
                            "districts": [
                                
                            ]
                        },
                        {
                            "name": "Malawi",
                            "id": "31ffdf7e-d375-4c19-8b4c-6ac8e4486727",
                            "districts": [
                                
                            ]
                        },
                        {
                            "name": "Somalia",
                            "id": "630c356f-e198-4cd0-8e91-b29002c2aca7",
                            "districts": [
                                
                            ]
                        },
                        {
                            "name": "Congo, Democratic Republic of the",
                            "id": "55a5fe27-565c-4963-88c0-9a3ec24dea5c",
                            "districts": [
                                
                            ]
                        },
                        {
                            "name": "Equatorial Guinea",
                            "id": "9d2dd243-9754-4962-a556-6dbbf85b248a",
                            "districts": [
                                
                            ]
                        },
                        {
                            "name": "Chad",
                            "id": "4c4abd99-f4df-4fee-bac5-e2a1eef7ec0f",
                            "districts": [
                                
                            ]
                        },
                        {
                            "name": "Tanzania, United Republic of",
                            "id": "30d8662e-655f-43c8-b307-a2dc0046ebe5",
                            "districts": [
                                
                            ]
                        },
                        {
                            "name": "Sierra Leone",
                            "id": "e2135c5c-dfd3-4d44-b16f-0c29186836ce",
                            "districts": [
                                
                            ]
                        },
                        {
                            "name": "Eritrea",
                            "id": "bdd50ea2-c82d-44e8-b493-09892c245a6d",
                            "districts": [
                                
                            ]
                        },
                        {
                            "name": "Central African Republic",
                            "id": "59d2224e-e8a9-4e08-bf66-6ca50cf3d5e7",
                            "districts": [
                                
                            ]
                        },
                        {
                            "name": "South Sudan",
                            "id": "96e00183-809e-408c-b2f2-0042a6a8a8ba",
                            "districts": [
                                
                            ]
                        },
                        {
                            "name": "Mauritania",
                            "id": "780c64c4-cea5-4b78-85af-7be29c96025f",
                            "districts": [
                                
                            ]
                        },
                        {
                            "name": "Burkina Faso",
                            "id": "cedf0037-0cb1-4ad8-8a83-9ae64bc44992",
                            "districts": [
                                
                            ]
                        }
                    ]
                }
            },
            {
                "id": "ebba5457-cf3a-4c92-a296-c9304075a083",
                "region": {
                    "countries": [
                        {
                            "name": "Jordan",
                            "id": "57d77108-7390-4d8b-9175-09fa2278972f",
                            "districts": [
                                
                            ]
                        },
                        {
                            "name": "Yemen",
                            "id": "e36259b6-c350-4fdc-83dc-bfdbe04765d1",
                            "districts": [
                                
                            ]
                        },
                        {
                            "name": "Bahrain",
                            "id": "cb7d2601-26e1-4af4-b27c-1130bc908636",
                            "districts": [
                                
                            ]
                        },
                        {
                            "name": "Armenia",
                            "id": "8f0fda5d-e346-4016-8651-38bc0a9db13f",
                            "districts": [
                                
                            ]
                        },
                        {
                            "name": "Kuwait",
                            "id": "04c19ad3-d5fd-4432-be03-d0f3aa0bfef4",
                            "districts": [
                                
                            ]
                        },
                        {
                            "name": "United Arab Emirates",
                            "id": "191f578d-d3e2-49a4-803c-012c36fae6b8",
                            "districts": [
                                
                            ]
                        },
                        {
                            "name": "Lebanon",
                            "id": "7d6074eb-b44c-4e01-b064-9e67695b896b",
                            "districts": [
                                
                            ]
                        },
                        {
                            "name": "Singapore",
                            "id": "20786ba0-66e7-4c86-9e62-e27456f80ed0",
                            "districts": [
                                
                            ]
                        },
                        {
                            "name": "Palestine, State of",
                            "id": "c4dbf9dc-caad-4b9b-ab84-a178363717f4",
                            "districts": [
                                
                            ]
                        },
                        {
                            "name": "Syrian Arab Republic",
                            "id": "33760701-153e-4220-b9fa-ec4342d2f0e4",
                            "districts": [
                                
                            ]
                        },
                        {
                            "name": "Georgia",
                            "id": "371dea3e-0fa3-45de-898c-05dc08e4da37",
                            "districts": [
                                
                            ]
                        },
                        {
                            "name": "Oman",
                            "id": "ebba5457-cf3a-4c92-a296-c9304075a083",
                            "districts": [
                                
                            ]
                        },
                        {
                            "name": "Azerbaijan",
                            "id": "bf0dafd8-ebe6-4b98-86ab-ed8e16475794",
                            "districts": [
                                
                            ]
                        },
                        {
                            "name": "Philippines",
                            "id": "bd3959ff-aabe-46fa-ac07-055e8436407e",
                            "districts": [
                                
                            ]
                        },
                        {
                            "name": "Israel",
                            "id": "b9435680-f62e-4437-9179-0584ae6af227",
                            "districts": [
                                
                            ]
                        },
                        {
                            "name": "Turkey",
                            "id": "eb6d71b2-8583-4c12-9063-5439639e4817",
                            "districts": [
                                
                            ]
                        },
                        {
                            "name": "Qatar",
                            "id": "6bedb61d-4a24-414a-9ddd-adb4cc1cc389",
                            "districts": [
                                
                            ]
                        },
                        {
                            "name": "Cyprus",
                            "id": "9683b8ba-efbf-4e28-9a27-6d2108466189",
                            "districts": [
                                
                            ]
                        },
                        {
                            "name": "Iraq",
                            "id": "ea4c7ed2-9ce9-4151-9531-ff9af85def73",
                            "districts": [
                                
                            ]
                        },
                        {
                            "name": "Saudi Arabia",
                            "id": "b2d5c8d1-21a7-433a-a592-38268c29f913",
                            "districts": [
                                
                            ]
                        }
                    ]
                }
            },
            {
                "id": "eda1a6fb-f95b-4664-b352-8a468c499b34",
                "region": {
                    "countries": [
                        {
                            "name": "Angola",
                            "id": "5e9f919f-2d42-42ec-8b6c-adf7f7b3cd0b",
                            "districts": [
                                
                            ]
                        },
                        {
                            "name": "Cabo Verde",
                            "id": "e5489353-76dd-4d8d-b61e-d349c6356c68",
                            "districts": [
                                
                            ]
                        },
                        {
                            "name": "Mali",
                            "id": "dd9791d1-fea1-4b9d-9076-37e499de6307",
                            "districts": [
                                
                            ]
                        },
                        {
                            "name": "British Indian Ocean Territory",
                            "id": "20479535-b47b-41ba-8cab-b7024bd8ec82",
                            "districts": [
                                
                            ]
                        },
                        {
                            "name": "Gambia",
                            "id": "efec8f57-a2fb-4f95-b662-d72b21d301ed",
                            "districts": [
                                
                            ]
                        },
                        {
                            "name": "Zambia",
                            "id": "4992bec5-10a9-49df-ad13-69aa7cdcfef6",
                            "districts": [
                                
                            ]
                        },
                        {
                            "name": "Eswatini",
                            "id": "d044d249-e941-47bb-8fae-8cab328ca575",
                            "districts": [
                                
                            ]
                        },
                        {
                            "name": "Mayotte",
                            "id": "f4b83278-abe2-46f6-b0c0-50eceba9a35f",
                            "districts": [
                                
                            ]
                        },
                        {
                            "name": "Burundi",
                            "id": "310ab811-40b5-48da-8a66-e7562f4cf9d1",
                            "districts": [
                                
                            ]
                        },
                        {
                            "name": "Liberia",
                            "id": "86d6e276-b027-4cf8-ad4d-c4793b3425cf",
                            "districts": [
                                
                            ]
                        },
                        {
                            "name": "Mauritius",
                            "id": "a06fe50f-4ff3-483a-83c6-01ce4068ab36",
                            "districts": [
                                
                            ]
                        },
                        {
                            "name": "Sao Tome and Principe",
                            "id": "712df7d0-5d1b-401b-a832-911354b38baf",
                            "districts": [
                                
                            ]
                        },
                        {
                            "name": "Senegal",
                            "id": "990cb125-2ede-4648-b5d4-698d0e6ad712",
                            "districts": [
                                
                            ]
                        },
                        {
                            "name": "Botswana",
                            "id": "f177f103-59bd-4527-831e-101af0a373bd",
                            "districts": [
                                
                            ]
                        },
                        {
                            "name": "Rwanda",
                            "id": "5507db6a-9757-40e2-a498-f8cb8df70fb8",
                            "districts": [
                                
                            ]
                        },
                        {
                            "name": "Niger",
                            "id": "74150778-002b-4ca3-a064-41c5cad3f026",
                            "districts": [
                                
                            ]
                        },
                        {
                            "name": "Benin",
                            "id": "ec5d7439-de38-46d4-8a31-7b23b9525984",
                            "districts": [
                                
                            ]
                        },
                        {
                            "name": "Réunion",
                            "id": "e0f20522-cffc-4e66-8e7d-9334f35fce95",
                            "districts": [
                                
                            ]
                        },
                        {
                            "name": "South Africa",
                            "id": "9a7647d2-60ca-429d-90e5-905edaff872c",
                            "districts": [
                                
                            ]
                        },
                        {
                            "name": "Ghana",
                            "id": "9662349e-2c36-496a-83d5-6f746ae768a7",
                            "districts": [
                                
                            ]
                        },
                        {
                            "name": "Congo",
                            "id": "33c8a05e-4d63-49cd-a5f1-0f4a1d5ab13e",
                            "districts": [
                                
                            ]
                        },
                        {
                            "name": "Guinea-Bissau",
                            "id": "64d1845d-1963-40bc-a31b-1f45084f1644",
                            "districts": [
                                
                            ]
                        },
                        {
                            "name": "Togo",
                            "id": "9d383757-b95f-44da-b535-3887ed82679f",
                            "districts": [
                                
                            ]
                        },
                        {
                            "name": "Namibia",
                            "id": "cf9f295f-bf4c-4a8b-8738-53c6a9ed55b1",
                            "districts": [
                                
                            ]
                        },
                        {
                            "name": "Djibouti",
                            "id": "ba974fdc-3dea-4b6b-a2f3-34624faa59a7",
                            "districts": [
                                
                            ]
                        },
                        {
                            "name": "Gabon",
                            "id": "8f6be81f-6b58-4a61-b684-5c2d620a0e74",
                            "districts": [
                                
                            ]
                        },
                        {
                            "name": "Lesotho",
                            "id": "300752f4-088e-403c-95b0-7a670c09f8cc",
                            "districts": [
                                
                            ]
                        },
                        {
                            "name": "Madagascar",
                            "id": "eb4c5e71-f839-4f3c-8e93-49ef57f4fe8d",
                            "districts": [
                                
                            ]
                        },
                        {
                            "name": "Uganda",
                            "id": "b1693449-e104-47c0-94db-f55cc6c850d5",
                            "districts": [
                                
                            ]
                        },
                        {
                            "name": "Côte d\"Ivoire",
                            "id": "59276e01-0d64-487a-aec6-332ae91f9909",
                            "districts": [
                                
                            ]
                        },
                        {
                            "name": "Nigeria",
                            "id": "3c94aa61-055d-4c38-a40b-67dff395beda",
                            "districts": [
                                
                            ]
                        },
                        {
                            "name": "Zimbabwe",
                            "id": "bfbf9853-bae3-4e57-b7cd-1e9228e8b1f3",
                            "districts": [
                                
                            ]
                        },
                        {
                            "name": "Seychelles",
                            "id": "4c63d1f6-87ba-45f1-9414-eb22bfba46c2",
                            "districts": [
                                
                            ]
                        },
                        {
                            "name": "Cameroon",
                            "id": "0495fba0-693d-433a-a9ef-6bc2ccab6093",
                            "districts": [
                                
                            ]
                        },
                        {
                            "name": "Guinea",
                            "id": "eda1a6fb-f95b-4664-b352-8a468c499b34",
                            "districts": [
                                
                            ]
                        },
                        {
                            "name": "Kenya",
                            "id": "06702720-9c60-4210-8eed-8824f1cc80c2",
                            "districts": [
                                
                            ]
                        },
                        {
                            "name": "Mozambique",
                            "id": "df394703-b3a5-4d0f-aa33-db8b10ba29ab",
                            "districts": [
                                
                            ]
                        },
                        {
                            "name": "Saint Helena, Ascension and Tristan da Cunha",
                            "id": "e379e052-1704-4e98-b4fd-fdac7ca1f9a0",
                            "districts": [
                                
                            ]
                        },
                        {
                            "name": "Ethiopia",
                            "id": "77d5d6a2-5f01-41b8-b06d-88b9efc618f8",
                            "districts": [
                                
                            ]
                        },
                        {
                            "name": "Comoros",
                            "id": "ae0a4c53-9eea-4b4f-b7ab-98750eb58582",
                            "districts": [
                                
                            ]
                        },
                        {
                            "name": "Malawi",
                            "id": "31ffdf7e-d375-4c19-8b4c-6ac8e4486727",
                            "districts": [
                                
                            ]
                        },
                        {
                            "name": "Somalia",
                            "id": "630c356f-e198-4cd0-8e91-b29002c2aca7",
                            "districts": [
                                
                            ]
                        },
                        {
                            "name": "Congo, Democratic Republic of the",
                            "id": "55a5fe27-565c-4963-88c0-9a3ec24dea5c",
                            "districts": [
                                
                            ]
                        },
                        {
                            "name": "Equatorial Guinea",
                            "id": "9d2dd243-9754-4962-a556-6dbbf85b248a",
                            "districts": [
                                
                            ]
                        },
                        {
                            "name": "Chad",
                            "id": "4c4abd99-f4df-4fee-bac5-e2a1eef7ec0f",
                            "districts": [
                                
                            ]
                        },
                        {
                            "name": "Tanzania, United Republic of",
                            "id": "30d8662e-655f-43c8-b307-a2dc0046ebe5",
                            "districts": [
                                
                            ]
                        },
                        {
                            "name": "Sierra Leone",
                            "id": "e2135c5c-dfd3-4d44-b16f-0c29186836ce",
                            "districts": [
                                
                            ]
                        },
                        {
                            "name": "Eritrea",
                            "id": "bdd50ea2-c82d-44e8-b493-09892c245a6d",
                            "districts": [
                                
                            ]
                        },
                        {
                            "name": "Central African Republic",
                            "id": "59d2224e-e8a9-4e08-bf66-6ca50cf3d5e7",
                            "districts": [
                                
                            ]
                        },
                        {
                            "name": "South Sudan",
                            "id": "96e00183-809e-408c-b2f2-0042a6a8a8ba",
                            "districts": [
                                
                            ]
                        },
                        {
                            "name": "Mauritania",
                            "id": "780c64c4-cea5-4b78-85af-7be29c96025f",
                            "districts": [
                                
                            ]
                        },
                        {
                            "name": "Burkina Faso",
                            "id": "cedf0037-0cb1-4ad8-8a83-9ae64bc44992",
                            "districts": [
                                
                            ]
                        }
                    ]
                }
            },
            {
                "id": "b0305117-6406-4e3f-bd9c-54999c52fd51",
                "region": {
                    "countries": [
                        {
                            "name": "Iran (Islamic Republic of)",
                            "id": "ea7eef91-f8f4-4603-b7a1-d7039e7033e6",
                            "districts": [
                                
                            ]
                        },
                        {
                            "name": "Sri Lanka",
                            "id": "63a03a51-55d6-4a05-91f9-4be04ceff568",
                            "districts": [
                                
                            ]
                        },
                        {
                            "name": "Cambodia",
                            "id": "1c1d7b9c-1af3-4247-9393-6ab5275ed775",
                            "districts": [
                                
                            ]
                        },
                        {
                            "name": "Indonesia",
                            "id": "a0e90a76-7360-4e64-874a-b88b33bff1c6",
                            "districts": [
                                
                            ]
                        },
                        {
                            "name": "Afghanistan",
                            "id": "1d4758ce-9410-46c2-9e4e-2c90c518f469",
                            "districts": [
                                
                            ]
                        },
                        {
                            "name": "Bhutan",
                            "id": "26ac5483-9a31-41bd-b79e-6c82c30cbd75",
                            "districts": [
                                
                            ]
                        },
                        {
                            "name": "Brunei Darussalam",
                            "id": "218b444b-0354-46bd-b768-b8d48eb632e1",
                            "districts": [
                                
                            ]
                        },
                        {
                            "name": "Maldives",
                            "id": "b0305117-6406-4e3f-bd9c-54999c52fd51",
                            "districts": [
                                
                            ]
                        },
                        {
                            "name": "Nepal",
                            "id": "74ec24a7-5308-4b97-890a-a1b2602ab430",
                            "districts": [
                                
                            ]
                        },
                        {
                            "name": "Bangladesh",
                            "id": "6bd284f1-2216-4efc-a80e-218a56731a50",
                            "districts": [
                                {
                                    "id": "052bb7cb-fa24-4e4e-8a1c-c8b5770f81be",
                                    "name": "BARISHAL",
                                    "upazilas": [
                                        {
                                            "name": "AGAILJHARA",
                                            "id": "a87e5293-71fd-4928-a4bc-3fc87b741bd6",
                                            "state": {
                                                "id": "5cbbb439-96e7-4f60-bf2f-abddd0d03e7e",
                                                "name": "BARISAL"
                                            }
                                        },
                                        {
                                            "name": "WAZIRPUR",
                                            "id": "69a7ae9a-af80-4721-8fa7-390bc7a9f056",
                                            "state": {
                                                "id": "5cbbb439-96e7-4f60-bf2f-abddd0d03e7e",
                                                "name": "BARISAL"
                                            }
                                        },
                                        {
                                            "name": "BANARIPARA",
                                            "id": "a1098f6d-e20c-46ff-a695-71d38485dfcd",
                                            "state": {
                                                "id": "5cbbb439-96e7-4f60-bf2f-abddd0d03e7e",
                                                "name": "BARISAL"
                                            }
                                        },
                                        {
                                            "name": "GAURNADI",
                                            "id": "e054f2d4-ba21-423c-8ce2-8790fd3e96e7",
                                            "state": {
                                                "id": "5cbbb439-96e7-4f60-bf2f-abddd0d03e7e",
                                                "name": "BARISAL"
                                            }
                                        },
                                        {
                                            "name": "HIZLA",
                                            "id": "25dc6a64-73d1-41c4-a7a6-3499e419ee76",
                                            "state": {
                                                "id": "5cbbb439-96e7-4f60-bf2f-abddd0d03e7e",
                                                "name": "BARISAL"
                                            }
                                        },
                                        {
                                            "name": "BARISAL_SADAR",
                                            "id": "3e841942-1acf-40d5-a8f8-e76fccbce201",
                                            "state": {
                                                "id": "5cbbb439-96e7-4f60-bf2f-abddd0d03e7e",
                                                "name": "BARISAL"
                                            }
                                        },
                                        {
                                            "name": "BAKERGANJ",
                                            "id": "898bb968-893a-4791-984c-303c28eee8d1",
                                            "state": {
                                                "id": "5cbbb439-96e7-4f60-bf2f-abddd0d03e7e",
                                                "name": "BARISAL"
                                            }
                                        },
                                        {
                                            "name": "BABUGANJ",
                                            "id": "4ecbd185-acfc-4406-8fd6-b3d94387bea9",
                                            "state": {
                                                "id": "5cbbb439-96e7-4f60-bf2f-abddd0d03e7e",
                                                "name": "BARISAL"
                                            }
                                        },
                                        {
                                            "name": "MEHENDIGANJ",
                                            "id": "4f5b876b-a14d-462f-8cea-0b63aa50a888",
                                            "state": {
                                                "id": "5cbbb439-96e7-4f60-bf2f-abddd0d03e7e",
                                                "name": "BARISAL"
                                            }
                                        },
                                        {
                                            "name": "MULADI",
                                            "id": "0084331b-30ca-4576-8b66-503c7b6a2d0c",
                                            "state": {
                                                "id": "5cbbb439-96e7-4f60-bf2f-abddd0d03e7e",
                                                "name": "BARISAL"
                                            }
                                        }
                                    ]
                                },
                                {
                                    "id": "01836026-20ee-4e28-9585-6bde8c8f98a1",
                                    "name": "KURIGRAM",
                                    "upazilas": [
                                        {
                                            "name": "KURIGRAM_SADAR",
                                            "id": "33b43668-894e-4861-a340-9ab38cfac767",
                                            "state": {
                                                "id": "b8c19906-b4fc-4745-ac93-af957934136b",
                                                "name": "RANGPUR"
                                            }
                                        },
                                        {
                                            "name": "BHURUNGAMARI",
                                            "id": "bd6a746c-8e29-4546-9bde-fe70e7c0b1d4",
                                            "state": {
                                                "id": "b8c19906-b4fc-4745-ac93-af957934136b",
                                                "name": "RANGPUR"
                                            }
                                        },
                                        {
                                            "name": "ULIPUR",
                                            "id": "114b95ad-d7c1-4805-addc-2034bc68d133",
                                            "state": {
                                                "id": "b8c19906-b4fc-4745-ac93-af957934136b",
                                                "name": "RANGPUR"
                                            }
                                        },
                                        {
                                            "name": "CHILMARI",
                                            "id": "b74d834a-c4df-4c64-b08b-00fb86c416bd",
                                            "state": {
                                                "id": "b8c19906-b4fc-4745-ac93-af957934136b",
                                                "name": "RANGPUR"
                                            }
                                        },
                                        {
                                            "name": "NAGESHWARI",
                                            "id": "3c5107f8-412a-47a6-a593-75a1577a2fae",
                                            "state": {
                                                "id": "b8c19906-b4fc-4745-ac93-af957934136b",
                                                "name": "RANGPUR"
                                            }
                                        },
                                        {
                                            "name": "RAJARHAT",
                                            "id": "abfb1886-a2ea-4887-afc3-60cc1d194b6e",
                                            "state": {
                                                "id": "b8c19906-b4fc-4745-ac93-af957934136b",
                                                "name": "RANGPUR"
                                            }
                                        },
                                        {
                                            "name": "PHULBARI",
                                            "id": "3580569a-211a-4991-9e10-f52fd97543a6",
                                            "state": {
                                                "id": "b8c19906-b4fc-4745-ac93-af957934136b",
                                                "name": "RANGPUR"
                                            }
                                        },
                                        {
                                            "name": "CHAR RAJIBPUR",
                                            "id": "7d27e425-d2d2-45a9-b7c9-188e05810c0d",
                                            "state": {
                                                "id": "b8c19906-b4fc-4745-ac93-af957934136b",
                                                "name": "RANGPUR"
                                            }
                                        },
                                        {
                                            "name": "ROWMARI",
                                            "id": "290ffa52-6bbb-4482-a054-ce4aff5f6930",
                                            "state": {
                                                "id": "b8c19906-b4fc-4745-ac93-af957934136b",
                                                "name": "RANGPUR"
                                            }
                                        }
                                    ]
                                },
                                {
                                    "id": "2fb6985f-ccb2-4004-89ac-b5b0de520533",
                                    "name": "DINAJPUR",
                                    "upazilas": [
                                        {
                                            "name": "KAHAROLE",
                                            "id": "55d8d92d-d612-4226-b008-60b84b7b8253",
                                            "state": {
                                                "id": "b8c19906-b4fc-4745-ac93-af957934136b",
                                                "name": "RANGPUR"
                                            }
                                        },
                                        {
                                            "name": "PARBATIPUR",
                                            "id": "6f58194a-7690-4ce0-b14e-bea704af6ee5",
                                            "state": {
                                                "id": "b8c19906-b4fc-4745-ac93-af957934136b",
                                                "name": "RANGPUR"
                                            }
                                        },
                                        {
                                            "name": "HAKIMPUR",
                                            "id": "cc45cab8-96dc-43c5-bbc1-040e75736c03",
                                            "state": {
                                                "id": "b8c19906-b4fc-4745-ac93-af957934136b",
                                                "name": "RANGPUR"
                                            }
                                        },
                                        {
                                            "name": "BIRGANJ",
                                            "id": "9afaa410-ddfd-44d2-95d3-d6cfb030acd7",
                                            "state": {
                                                "id": "b8c19906-b4fc-4745-ac93-af957934136b",
                                                "name": "RANGPUR"
                                            }
                                        },
                                        {
                                            "name": "BIRAL",
                                            "id": "a44acb60-2b84-4fbb-b73e-6030542fed2d",
                                            "state": {
                                                "id": "b8c19906-b4fc-4745-ac93-af957934136b",
                                                "name": "RANGPUR"
                                            }
                                        },
                                        {
                                            "name": "BIRAMPUR",
                                            "id": "5a316d35-7488-4a04-b718-819caf81d849",
                                            "state": {
                                                "id": "b8c19906-b4fc-4745-ac93-af957934136b",
                                                "name": "RANGPUR"
                                            }
                                        },
                                        {
                                            "name": "GHORAGHAT",
                                            "id": "5ea22106-1cb9-47de-8a20-28fdcf292598",
                                            "state": {
                                                "id": "b8c19906-b4fc-4745-ac93-af957934136b",
                                                "name": "RANGPUR"
                                            }
                                        },
                                        {
                                            "name": "KHANSAMA",
                                            "id": "0561e004-20dc-4efd-b2e3-4e1c48d86971",
                                            "state": {
                                                "id": "b8c19906-b4fc-4745-ac93-af957934136b",
                                                "name": "RANGPUR"
                                            }
                                        },
                                        {
                                            "name": "DINAJPUR_SADAR",
                                            "id": "e9d6959d-bf05-490a-a95d-6327f93c17b3",
                                            "state": {
                                                "id": "b8c19906-b4fc-4745-ac93-af957934136b",
                                                "name": "RANGPUR"
                                            }
                                        },
                                        {
                                            "name": "BOCHAGANJ",
                                            "id": "526f5997-d4ab-45f7-af53-6fcd25c1d1dc",
                                            "state": {
                                                "id": "b8c19906-b4fc-4745-ac93-af957934136b",
                                                "name": "RANGPUR"
                                            }
                                        },
                                        {
                                            "name": "CHIRIRBANDAR",
                                            "id": "d371b6be-98e7-44ec-98bb-4e3d06f4fd6c",
                                            "state": {
                                                "id": "b8c19906-b4fc-4745-ac93-af957934136b",
                                                "name": "RANGPUR"
                                            }
                                        },
                                        {
                                            "name": "NAWABGANJ",
                                            "id": "802bf9ac-1597-4c30-94cc-51b1e5cd9941",
                                            "state": {
                                                "id": "b8c19906-b4fc-4745-ac93-af957934136b",
                                                "name": "RANGPUR"
                                            }
                                        }
                                    ]
                                },
                                {
                                    "id": "fcbaee9a-6c04-4a77-a2a8-8ee8f0c812a8",
                                    "name": "BAGERHAT",
                                    "upazilas": [
                                        {
                                            "name": "FAKIRHAT",
                                            "id": "23926ee4-dec3-4ba8-aab6-eee9f7003126",
                                            "state": {
                                                "id": "642a6748-942f-473d-96c6-a6c1b2e00e05",
                                                "name": "KHULNA"
                                            }
                                        },
                                        {
                                            "name": "MORRELGANJ",
                                            "id": "c322b9de-9e52-471a-9642-0c7f9510e303",
                                            "state": {
                                                "id": "642a6748-942f-473d-96c6-a6c1b2e00e05",
                                                "name": "KHULNA"
                                            }
                                        },
                                        {
                                            "name": "RAMPAL",
                                            "id": "687c1175-6f6f-459a-aa56-50ea55ab1852",
                                            "state": {
                                                "id": "642a6748-942f-473d-96c6-a6c1b2e00e05",
                                                "name": "KHULNA"
                                            }
                                        },
                                        {
                                            "name": "MOLLAHAT",
                                            "id": "2a18a82f-5a29-4ec1-b383-bb00faf2f958",
                                            "state": {
                                                "id": "642a6748-942f-473d-96c6-a6c1b2e00e05",
                                                "name": "KHULNA"
                                            }
                                        },
                                        {
                                            "name": "MONGLA",
                                            "id": "4ce72789-eebe-4554-ac41-6e94b6a205d5",
                                            "state": {
                                                "id": "642a6748-942f-473d-96c6-a6c1b2e00e05",
                                                "name": "KHULNA"
                                            }
                                        },
                                        {
                                            "name": "CHITALMARI",
                                            "id": "a6c2a70a-e1dd-4565-9eb4-5a84dfd76d36",
                                            "state": {
                                                "id": "642a6748-942f-473d-96c6-a6c1b2e00e05",
                                                "name": "KHULNA"
                                            }
                                        },
                                        {
                                            "name": "SARANKHOLA",
                                            "id": "29e1d269-c6ca-461f-b8bc-b2cf623b2ed4",
                                            "state": {
                                                "id": "642a6748-942f-473d-96c6-a6c1b2e00e05",
                                                "name": "KHULNA"
                                            }
                                        },
                                        {
                                            "name": "KACHUA",
                                            "id": "458438b9-a371-4d34-a429-9ffc72c4bb5a",
                                            "state": {
                                                "id": "642a6748-942f-473d-96c6-a6c1b2e00e05",
                                                "name": "KHULNA"
                                            }
                                        },
                                        {
                                            "name": "BAGERHAT_SADAR",
                                            "id": "8929c669-4c91-4c08-a279-2b61b2b657cb",
                                            "state": {
                                                "id": "642a6748-942f-473d-96c6-a6c1b2e00e05",
                                                "name": "KHULNA"
                                            }
                                        }
                                    ]
                                },
                                {
                                    "id": "8be8ad99-4257-4c89-bc9f-3fd5b54ea42c",
                                    "name": "BARGUNA",
                                    "upazilas": [
                                        {
                                            "name": "BAMNA",
                                            "id": "0becbad0-8054-48ff-8804-70caef441fbc",
                                            "state": {
                                                "id": "5cbbb439-96e7-4f60-bf2f-abddd0d03e7e",
                                                "name": "BARISAL"
                                            }
                                        },
                                        {
                                            "name": "BARGUNA_SADAR",
                                            "id": "6c8d9659-3f6b-4572-89f6-877db489fb8e",
                                            "state": {
                                                "id": "5cbbb439-96e7-4f60-bf2f-abddd0d03e7e",
                                                "name": "BARISAL"
                                            }
                                        },
                                        {
                                            "name": "BETAGI",
                                            "id": "e84e7c7f-d62f-4111-ac9c-6a758d874fa4",
                                            "state": {
                                                "id": "5cbbb439-96e7-4f60-bf2f-abddd0d03e7e",
                                                "name": "BARISAL"
                                            }
                                        },
                                        {
                                            "name": "AMTALI",
                                            "id": "2061f193-da04-4462-ae2c-7d54a60c9790",
                                            "state": {
                                                "id": "5cbbb439-96e7-4f60-bf2f-abddd0d03e7e",
                                                "name": "BARISAL"
                                            }
                                        },
                                        {
                                            "name": "PATHARGHATA",
                                            "id": "1f651fda-0eb3-4efe-b2a1-751c1dbefb4b",
                                            "state": {
                                                "id": "5cbbb439-96e7-4f60-bf2f-abddd0d03e7e",
                                                "name": "BARISAL"
                                            }
                                        },
                                        {
                                            "name": "TALTALI",
                                            "id": "b6d60b5e-b58e-46be-8b53-370a5bdfe5f4",
                                            "state": {
                                                "id": "5cbbb439-96e7-4f60-bf2f-abddd0d03e7e",
                                                "name": "BARISAL"
                                            }
                                        }
                                    ]
                                },
                                {
                                    "id": "9966ea0c-b228-4955-bb2d-07a5095b2645",
                                    "name": "NATORE",
                                    "upazilas": [
                                        {
                                            "name": "NATORE_SADAR",
                                            "id": "ad6a8021-7b0f-4611-86dd-9522ae859ec2",
                                            "state": {
                                                "id": "d68c68d2-108e-4635-93d1-28c44525f178",
                                                "name": "RAJSHAHI"
                                            }
                                        },
                                        {
                                            "name": "BAGATIPARA",
                                            "id": "8c4fd017-e1a2-46b6-a5e7-4118456a6b1d",
                                            "state": {
                                                "id": "d68c68d2-108e-4635-93d1-28c44525f178",
                                                "name": "RAJSHAHI"
                                            }
                                        },
                                        {
                                            "name": "BARAIGRAM",
                                            "id": "b437a240-a56d-4fcf-8f7b-949ab16dd31d",
                                            "state": {
                                                "id": "d68c68d2-108e-4635-93d1-28c44525f178",
                                                "name": "RAJSHAHI"
                                            }
                                        },
                                        {
                                            "name": "LALPUR",
                                            "id": "b21e478e-7b5e-4c3d-b3a0-cf4e1ba07aac",
                                            "state": {
                                                "id": "d68c68d2-108e-4635-93d1-28c44525f178",
                                                "name": "RAJSHAHI"
                                            }
                                        }
                                    ]
                                },
                                {
                                    "id": "e84d4380-c4bb-4228-88c5-d82e8c1b0865",
                                    "name": "TANGAIL",
                                    "upazilas": [
                                        {
                                            "name": "TANGAIL_SADAR",
                                            "id": "2e5d24da-b036-45be-892b-7f296d666c78",
                                            "state": {
                                                "id": "9c75a95b-9f42-4ca9-a152-78c492590a6f",
                                                "name": "DHAKA"
                                            }
                                        },
                                        {
                                            "name": "DHANBARI",
                                            "id": "1456c986-adde-41d1-a0b0-403604bc0d93",
                                            "state": {
                                                "id": "9c75a95b-9f42-4ca9-a152-78c492590a6f",
                                                "name": "DHAKA"
                                            }
                                        },
                                        {
                                            "name": "DELDUAR",
                                            "id": "3a4c7f79-c00e-49e1-abac-816ed50dc3fb",
                                            "state": {
                                                "id": "9c75a95b-9f42-4ca9-a152-78c492590a6f",
                                                "name": "DHAKA"
                                            }
                                        },
                                        {
                                            "name": "GOPALPUR",
                                            "id": "b2a571f1-2242-424d-9023-7f0f25fd2bb8",
                                            "state": {
                                                "id": "9c75a95b-9f42-4ca9-a152-78c492590a6f",
                                                "name": "DHAKA"
                                            }
                                        },
                                        {
                                            "name": "BASAIL",
                                            "id": "eb604fd4-90f1-40e4-9519-d5a7ca445bfc",
                                            "state": {
                                                "id": "9c75a95b-9f42-4ca9-a152-78c492590a6f",
                                                "name": "DHAKA"
                                            }
                                        },
                                        {
                                            "name": "MIRZAPUR",
                                            "id": "124001b8-78ca-48ce-bbb6-47b461c63063",
                                            "state": {
                                                "id": "9c75a95b-9f42-4ca9-a152-78c492590a6f",
                                                "name": "DHAKA"
                                            }
                                        },
                                        {
                                            "name": "NAGARPUR",
                                            "id": "6cfd02f6-756a-4b9b-85ed-04258d99ca07",
                                            "state": {
                                                "id": "9c75a95b-9f42-4ca9-a152-78c492590a6f",
                                                "name": "DHAKA"
                                            }
                                        },
                                        {
                                            "name": "MADHUPUR",
                                            "id": "21165dd7-b75c-44fb-9e86-4460f532083b",
                                            "state": {
                                                "id": "9c75a95b-9f42-4ca9-a152-78c492590a6f",
                                                "name": "DHAKA"
                                            }
                                        },
                                        {
                                            "name": "BHUAPUR",
                                            "id": "5b9c7e29-0e43-4850-8dca-91a74dab06df",
                                            "state": {
                                                "id": "9c75a95b-9f42-4ca9-a152-78c492590a6f",
                                                "name": "DHAKA"
                                            }
                                        },
                                        {
                                            "name": "GHATAIL",
                                            "id": "6a30d344-ac16-4257-acae-53a8f5a3b49f",
                                            "state": {
                                                "id": "9c75a95b-9f42-4ca9-a152-78c492590a6f",
                                                "name": "DHAKA"
                                            }
                                        },
                                        {
                                            "name": "KALIHATI",
                                            "id": "efef7a8d-28a7-4a48-aeb2-9cc9c9785e37",
                                            "state": {
                                                "id": "9c75a95b-9f42-4ca9-a152-78c492590a6f",
                                                "name": "DHAKA"
                                            }
                                        },
                                        {
                                            "name": "SAKHIPUR",
                                            "id": "86572e49-e51d-4de7-a0d1-26c5bc008a97",
                                            "state": {
                                                "id": "9c75a95b-9f42-4ca9-a152-78c492590a6f",
                                                "name": "DHAKA"
                                            }
                                        }
                                    ]
                                },
                                {
                                    "id": "68d1c1a6-79cf-4614-af26-9c92f954a31f",
                                    "name": "JOYPURHAT",
                                    "upazilas": [
                                        {
                                            "name": "JOYPURHAT S",
                                            "id": "ef9c918e-c776-452b-a9c6-1626f887ed68",
                                            "state": {
                                                "id": "d68c68d2-108e-4635-93d1-28c44525f178",
                                                "name": "RAJSHAHI"
                                            }
                                        },
                                        {
                                            "name": "PANCHBIBI",
                                            "id": "3f918cbc-453d-4529-8bc7-54ea7d192610",
                                            "state": {
                                                "id": "d68c68d2-108e-4635-93d1-28c44525f178",
                                                "name": "RAJSHAHI"
                                            }
                                        },
                                        {
                                            "name": "KALAI",
                                            "id": "06ae58bb-d069-40da-a952-6f345ddaa58d",
                                            "state": {
                                                "id": "d68c68d2-108e-4635-93d1-28c44525f178",
                                                "name": "RAJSHAHI"
                                            }
                                        },
                                        {
                                            "name": "KHETLAL",
                                            "id": "1608a3cd-70aa-46ef-8424-3bcb6f1d83bc",
                                            "state": {
                                                "id": "d68c68d2-108e-4635-93d1-28c44525f178",
                                                "name": "RAJSHAHI"
                                            }
                                        },
                                        {
                                            "name": "AKKELPUR",
                                            "id": "74242c78-e84f-4f42-a882-039391447f6c",
                                            "state": {
                                                "id": "d68c68d2-108e-4635-93d1-28c44525f178",
                                                "name": "RAJSHAHI"
                                            }
                                        }
                                    ]
                                },
                                {
                                    "id": "554b09c8-da48-4e22-ad26-491dde9c455b",
                                    "name": "SATKHIRA",
                                    "upazilas": [
                                        {
                                            "name": "ASSASUNI",
                                            "id": "70a2a525-3a4e-4a75-93b6-0751526ae9fd",
                                            "state": {
                                                "id": "642a6748-942f-473d-96c6-a6c1b2e00e05",
                                                "name": "KHULNA"
                                            }
                                        },
                                        {
                                            "name": "SATKHIRA_SADAR",
                                            "id": "18bd63e5-67e7-417f-a94b-eace376e3c53",
                                            "state": {
                                                "id": "642a6748-942f-473d-96c6-a6c1b2e00e05",
                                                "name": "KHULNA"
                                            }
                                        },
                                        {
                                            "name": "KALAROA",
                                            "id": "2bbc4bea-0602-45d5-b8a7-347875b3e0c5",
                                            "state": {
                                                "id": "642a6748-942f-473d-96c6-a6c1b2e00e05",
                                                "name": "KHULNA"
                                            }
                                        },
                                        {
                                            "name": "DEBHATA",
                                            "id": "43ab5450-3fdf-48c5-af62-8eb39cc6bdbd",
                                            "state": {
                                                "id": "642a6748-942f-473d-96c6-a6c1b2e00e05",
                                                "name": "KHULNA"
                                            }
                                        },
                                        {
                                            "name": "SHYAMNAGAR",
                                            "id": "6c225dcc-fb72-4c69-8842-9e24ca8893b3",
                                            "state": {
                                                "id": "642a6748-942f-473d-96c6-a6c1b2e00e05",
                                                "name": "KHULNA"
                                            }
                                        },
                                        {
                                            "name": "TALA",
                                            "id": "9ba03b6b-a81e-460f-bc16-4070cf8853ce",
                                            "state": {
                                                "id": "642a6748-942f-473d-96c6-a6c1b2e00e05",
                                                "name": "KHULNA"
                                            }
                                        }
                                    ]
                                },
                                {
                                    "id": "8532a8c6-657b-43bc-8ed5-bd8d6ff60ace",
                                    "name": "RAJSHAHI",
                                    "upazilas": [
                                        {
                                            "name": "BAGMARA",
                                            "id": "f2ede638-eab8-4f99-8c6b-a210e841fd1d",
                                            "state": {
                                                "id": "d68c68d2-108e-4635-93d1-28c44525f178",
                                                "name": "RAJSHAHI"
                                            }
                                        },
                                        {
                                            "name": "MOHANPUR",
                                            "id": "7aaac890-91b5-403e-9e63-c3d143b36684",
                                            "state": {
                                                "id": "d68c68d2-108e-4635-93d1-28c44525f178",
                                                "name": "RAJSHAHI"
                                            }
                                        },
                                        {
                                            "name": "BAGHA",
                                            "id": "239db35c-a47a-4654-aa45-5b23ce80c442",
                                            "state": {
                                                "id": "d68c68d2-108e-4635-93d1-28c44525f178",
                                                "name": "RAJSHAHI"
                                            }
                                        },
                                        {
                                            "name": "GODAGARI",
                                            "id": "05d823af-b4fc-4dc6-a7c3-1327766addc8",
                                            "state": {
                                                "id": "d68c68d2-108e-4635-93d1-28c44525f178",
                                                "name": "RAJSHAHI"
                                            }
                                        },
                                        {
                                            "name": "PABA",
                                            "id": "7c7f7c74-c68b-4b89-b932-d8a3239bf9b7",
                                            "state": {
                                                "id": "d68c68d2-108e-4635-93d1-28c44525f178",
                                                "name": "RAJSHAHI"
                                            }
                                        },
                                        {
                                            "name": "TANORE",
                                            "id": "58c5cea6-ca41-4a91-a5fa-b9a5934401ac",
                                            "state": {
                                                "id": "d68c68d2-108e-4635-93d1-28c44525f178",
                                                "name": "RAJSHAHI"
                                            }
                                        },
                                        {
                                            "name": "CHARGHAT",
                                            "id": "aff4647e-2079-4cce-97b0-101fc74ae51b",
                                            "state": {
                                                "id": "d68c68d2-108e-4635-93d1-28c44525f178",
                                                "name": "RAJSHAHI"
                                            }
                                        },
                                        {
                                            "name": "DURGAPUR",
                                            "id": "4223b078-975d-44e9-9365-245f0cb05789",
                                            "state": {
                                                "id": "d68c68d2-108e-4635-93d1-28c44525f178",
                                                "name": "RAJSHAHI"
                                            }
                                        },
                                        {
                                            "name": "PUTHIA",
                                            "id": "2d476069-1315-4416-b9be-a0b422700c68",
                                            "state": {
                                                "id": "d68c68d2-108e-4635-93d1-28c44525f178",
                                                "name": "RAJSHAHI"
                                            }
                                        }
                                    ]
                                },
                                {
                                    "id": "d5260be7-24e7-4c50-9a49-0796cb51b216",
                                    "name": "CUMILLA",
                                    "upazilas": [
                                        {
                                            "name": "DAUDKANDI",
                                            "id": "c1e10c6b-deab-42cb-bdc5-c11244fff880",
                                            "state": {
                                                "id": "d4e8944a-6e8f-4d6e-a313-2228cfe9a567",
                                                "name": "CHITTAGONG"
                                            }
                                        },
                                        {
                                            "name": "DEBIDWAR",
                                            "id": "8226c704-027a-489c-abef-9a3758b49617",
                                            "state": {
                                                "id": "d4e8944a-6e8f-4d6e-a313-2228cfe9a567",
                                                "name": "CHITTAGONG"
                                            }
                                        },
                                        {
                                            "name": "BURICHONG",
                                            "id": "e6684874-0ce5-4f73-9eed-7b72049acf8d",
                                            "state": {
                                                "id": "d4e8944a-6e8f-4d6e-a313-2228cfe9a567",
                                                "name": "CHITTAGONG"
                                            }
                                        },
                                        {
                                            "name": "TITAS",
                                            "id": "b224fbca-58dd-4a13-a2bf-ac01636994e2",
                                            "state": {
                                                "id": "d4e8944a-6e8f-4d6e-a313-2228cfe9a567",
                                                "name": "CHITTAGONG"
                                            }
                                        },
                                        {
                                            "name": "CHANDINA",
                                            "id": "a5e4309c-694a-4781-aa98-f8ec016e4109",
                                            "state": {
                                                "id": "d4e8944a-6e8f-4d6e-a313-2228cfe9a567",
                                                "name": "CHITTAGONG"
                                            }
                                        },
                                        {
                                            "name": "LAKSAM",
                                            "id": "bca6900f-c079-4d77-8616-cd4416f42061",
                                            "state": {
                                                "id": "d4e8944a-6e8f-4d6e-a313-2228cfe9a567",
                                                "name": "CHITTAGONG"
                                            }
                                        },
                                        {
                                            "name": "BARURA",
                                            "id": "8d377f34-bb0c-4aca-82d3-fc9f396451e0",
                                            "state": {
                                                "id": "d4e8944a-6e8f-4d6e-a313-2228cfe9a567",
                                                "name": "CHITTAGONG"
                                            }
                                        },
                                        {
                                            "name": "MURADNAGAR",
                                            "id": "d088b585-95a1-4fac-86b4-0e3b436570d4",
                                            "state": {
                                                "id": "d4e8944a-6e8f-4d6e-a313-2228cfe9a567",
                                                "name": "CHITTAGONG"
                                            }
                                        },
                                        {
                                            "name": "MEGHNA",
                                            "id": "c0cfe679-e617-4907-ae22-20e0a4dd494b",
                                            "state": {
                                                "id": "d4e8944a-6e8f-4d6e-a313-2228cfe9a567",
                                                "name": "CHITTAGONG"
                                            }
                                        },
                                        {
                                            "name": "BRAHMANPARA",
                                            "id": "f35b2456-9e76-487c-a998-b51eb7a6eae4",
                                            "state": {
                                                "id": "d4e8944a-6e8f-4d6e-a313-2228cfe9a567",
                                                "name": "CHITTAGONG"
                                            }
                                        },
                                        {
                                            "name": "COMILLA_SADAR",
                                            "id": "6abbbc95-fa39-49c4-8127-1453fe90181c",
                                            "state": {
                                                "id": "d4e8944a-6e8f-4d6e-a313-2228cfe9a567",
                                                "name": "CHITTAGONG"
                                            }
                                        },
                                        {
                                            "name": "NANGALKOT",
                                            "id": "e9e0cac7-f5dd-44d5-b1e9-9e9e1166c478",
                                            "state": {
                                                "id": "d4e8944a-6e8f-4d6e-a313-2228cfe9a567",
                                                "name": "CHITTAGONG"
                                            }
                                        },
                                        {
                                            "name": "CHAUDDAGRAM",
                                            "id": "7c9eac52-0e2e-4867-b2ee-7c4cf3a1c643",
                                            "state": {
                                                "id": "d4e8944a-6e8f-4d6e-a313-2228cfe9a567",
                                                "name": "CHITTAGONG"
                                            }
                                        },
                                        {
                                            "name": "COMILLA_SADAR SOUTH",
                                            "id": "a8ea2db4-ee9b-4340-8537-83cd622292c2",
                                            "state": {
                                                "id": "d4e8944a-6e8f-4d6e-a313-2228cfe9a567",
                                                "name": "CHITTAGONG"
                                            }
                                        },
                                        {
                                            "name": "MONOHORGONJ",
                                            "id": "eabcbd1f-9f0e-494c-b8a3-16301fd6fa10",
                                            "state": {
                                                "id": "d4e8944a-6e8f-4d6e-a313-2228cfe9a567",
                                                "name": "CHITTAGONG"
                                            }
                                        },
                                        {
                                            "name": "HOMNA",
                                            "id": "07582306-d3c1-4cb1-b07e-23d0a4d62a5f",
                                            "state": {
                                                "id": "d4e8944a-6e8f-4d6e-a313-2228cfe9a567",
                                                "name": "CHITTAGONG"
                                            }
                                        }
                                    ]
                                },
                                {
                                    "id": "272e4693-e399-466a-b021-6728909093d3",
                                    "name": "BRAHMANBARIA",
                                    "upazilas": [
                                        {
                                            "name": "KASBA",
                                            "id": "4498e76d-1d3f-48af-9194-032e8d236b61",
                                            "state": {
                                                "id": "d4e8944a-6e8f-4d6e-a313-2228cfe9a567",
                                                "name": "CHITTAGONG"
                                            }
                                        },
                                        {
                                            "name": "BRAHMANBARIA_SADAR",
                                            "id": "4f269d37-5f46-460f-b145-ada17379cbfc",
                                            "state": {
                                                "id": "d4e8944a-6e8f-4d6e-a313-2228cfe9a567",
                                                "name": "CHITTAGONG"
                                            }
                                        },
                                        {
                                            "name": "ASHUGANJ",
                                            "id": "e5395c84-18d2-4543-a6ec-a707cfe81bcc",
                                            "state": {
                                                "id": "d4e8944a-6e8f-4d6e-a313-2228cfe9a567",
                                                "name": "CHITTAGONG"
                                            }
                                        },
                                        {
                                            "name": "BIJOYNAGAR",
                                            "id": "947631d1-8146-4df8-ae1e-4d04e7595de6",
                                            "state": {
                                                "id": "d4e8944a-6e8f-4d6e-a313-2228cfe9a567",
                                                "name": "CHITTAGONG"
                                            }
                                        },
                                        {
                                            "name": "BANCHARAMPUR",
                                            "id": "0db8bac6-d7d0-4100-869e-41ebe3eb92cd",
                                            "state": {
                                                "id": "d4e8944a-6e8f-4d6e-a313-2228cfe9a567",
                                                "name": "CHITTAGONG"
                                            }
                                        },
                                        {
                                            "name": "AKHAURA",
                                            "id": "5a302ebb-61a8-4e8c-8b59-6a7a49a7b201",
                                            "state": {
                                                "id": "d4e8944a-6e8f-4d6e-a313-2228cfe9a567",
                                                "name": "CHITTAGONG"
                                            }
                                        },
                                        {
                                            "name": "NASIRNAGAR",
                                            "id": "76484d2d-47cc-4c8b-99e1-24c94c3c330e",
                                            "state": {
                                                "id": "d4e8944a-6e8f-4d6e-a313-2228cfe9a567",
                                                "name": "CHITTAGONG"
                                            }
                                        },
                                        {
                                            "name": "NABINAGAR",
                                            "id": "84aeef02-dd01-48da-8468-ac1f5479bf70",
                                            "state": {
                                                "id": "d4e8944a-6e8f-4d6e-a313-2228cfe9a567",
                                                "name": "CHITTAGONG"
                                            }
                                        },
                                        {
                                            "name": "SARAIL",
                                            "id": "ba8e3375-d3cc-48f3-915c-9699081fa9d5",
                                            "state": {
                                                "id": "d4e8944a-6e8f-4d6e-a313-2228cfe9a567",
                                                "name": "CHITTAGONG"
                                            }
                                        },
                                        {
                                            "name": "SHAHBAZPUR TOWN",
                                            "id": "9aa10ffe-f68d-4c46-9994-04d746f5d1bc",
                                            "state": {
                                                "id": "d4e8944a-6e8f-4d6e-a313-2228cfe9a567",
                                                "name": "CHITTAGONG"
                                            }
                                        }
                                    ]
                                },
                                {
                                    "id": "3c67f19f-4e59-4fda-8503-117efa8b69d6",
                                    "name": "LAKSHMIPUR",
                                    "upazilas": [
                                        {
                                            "name": "RAMGATI",
                                            "id": "85171790-705a-43f5-ac34-99c2048f50f7",
                                            "state": {
                                                "id": "d4e8944a-6e8f-4d6e-a313-2228cfe9a567",
                                                "name": "CHITTAGONG"
                                            }
                                        },
                                        {
                                            "name": "RAIPUR",
                                            "id": "bed17fa7-df5e-41a3-905b-d4675de832ce",
                                            "state": {
                                                "id": "d4e8944a-6e8f-4d6e-a313-2228cfe9a567",
                                                "name": "CHITTAGONG"
                                            }
                                        },
                                        {
                                            "name": "LAKSHMIPUR_SADAR",
                                            "id": "2769623f-1de5-407a-8e77-ce987cbfc80e",
                                            "state": {
                                                "id": "d4e8944a-6e8f-4d6e-a313-2228cfe9a567",
                                                "name": "CHITTAGONG"
                                            }
                                        },
                                        {
                                            "name": "KOMOL NAGAR",
                                            "id": "7550df44-de22-487f-aa63-47fea04a985d",
                                            "state": {
                                                "id": "d4e8944a-6e8f-4d6e-a313-2228cfe9a567",
                                                "name": "CHITTAGONG"
                                            }
                                        },
                                        {
                                            "name": "RAMGANJ",
                                            "id": "b5ceb354-c53c-41c3-b9e5-83bf8be9ed17",
                                            "state": {
                                                "id": "d4e8944a-6e8f-4d6e-a313-2228cfe9a567",
                                                "name": "CHITTAGONG"
                                            }
                                        }
                                    ]
                                },
                                {
                                    "id": "1774b360-47d1-4c74-94f9-e92b49968263",
                                    "name": "NETROKONA",
                                    "upazilas": [
                                        {
                                            "name": "KALMAKANDA UPAZILLA",
                                            "id": "c06fd86e-e96d-4148-b393-c7a909eb6b5c",
                                            "state": {
                                                "id": "f6395340-53b2-4824-8252-ef3a164b8446",
                                                "name": "MAYMENSINGH"
                                            }
                                        },
                                        {
                                            "name": "MOHANGANJ UPAZILLA",
                                            "id": "8bdfbfde-f52f-4eda-a4dc-1ea70461cf15",
                                            "state": {
                                                "id": "f6395340-53b2-4824-8252-ef3a164b8446",
                                                "name": "MAYMENSINGH"
                                            }
                                        },
                                        {
                                            "name": "NETRAKONA-S UPAZILLA",
                                            "id": "8f6dd6df-f4b6-434f-a8d8-50363278501f",
                                            "state": {
                                                "id": "f6395340-53b2-4824-8252-ef3a164b8446",
                                                "name": "MAYMENSINGH"
                                            }
                                        },
                                        {
                                            "name": "BARHATTA UPAZILLA",
                                            "id": "98dd7d62-259b-4f9b-8bcb-c9b81440439b",
                                            "state": {
                                                "id": "f6395340-53b2-4824-8252-ef3a164b8446",
                                                "name": "MAYMENSINGH"
                                            }
                                        },
                                        {
                                            "name": "KHALIAJURI UPAZILLA",
                                            "id": "0a55806b-be24-484b-9c56-3b475d525ec3",
                                            "state": {
                                                "id": "f6395340-53b2-4824-8252-ef3a164b8446",
                                                "name": "MAYMENSINGH"
                                            }
                                        },
                                        {
                                            "name": "KENDUA UPAZILLA",
                                            "id": "0a227fd8-fa1a-437b-b3e8-80df07ce0127",
                                            "state": {
                                                "id": "f6395340-53b2-4824-8252-ef3a164b8446",
                                                "name": "MAYMENSINGH"
                                            }
                                        },
                                        {
                                            "name": "ATPARA UPAZILLA",
                                            "id": "0f88c435-a402-42a6-b543-fcaad9a10cf9",
                                            "state": {
                                                "id": "f6395340-53b2-4824-8252-ef3a164b8446",
                                                "name": "MAYMENSINGH"
                                            }
                                        },
                                        {
                                            "name": "PURBADHALA UPAZILLA",
                                            "id": "421e74d9-7bd0-4186-9468-99173c747a9a",
                                            "state": {
                                                "id": "f6395340-53b2-4824-8252-ef3a164b8446",
                                                "name": "MAYMENSINGH"
                                            }
                                        },
                                        {
                                            "name": "MADAN UPAZILLA",
                                            "id": "8a74093b-0358-4469-abcf-e179b122d97c",
                                            "state": {
                                                "id": "f6395340-53b2-4824-8252-ef3a164b8446",
                                                "name": "MAYMENSINGH"
                                            }
                                        },
                                        {
                                            "name": "DURGAPUR UPAZILLA",
                                            "id": "620df571-6ff3-4f42-9879-01d7fbd58664",
                                            "state": {
                                                "id": "f6395340-53b2-4824-8252-ef3a164b8446",
                                                "name": "MAYMENSINGH"
                                            }
                                        }
                                    ]
                                },
                                {
                                    "id": "f46364df-b16f-4916-9601-56bc37674090",
                                    "name": "MADARIPUR",
                                    "upazilas": [
                                        {
                                            "name": "RAJOIR",
                                            "id": "e93745bf-e56f-4059-9a47-0cdc7a6dd0e6",
                                            "state": {
                                                "id": "9c75a95b-9f42-4ca9-a152-78c492590a6f",
                                                "name": "DHAKA"
                                            }
                                        },
                                        {
                                            "name": "KALKINI",
                                            "id": "39b91e5b-54e0-4ef5-900c-0f260df1b12c",
                                            "state": {
                                                "id": "9c75a95b-9f42-4ca9-a152-78c492590a6f",
                                                "name": "DHAKA"
                                            }
                                        },
                                        {
                                            "name": "DASAR",
                                            "id": "3558fcad-3277-4d85-8b05-c4c39ad8add0",
                                            "state": {
                                                "id": "9c75a95b-9f42-4ca9-a152-78c492590a6f",
                                                "name": "DHAKA"
                                            }
                                        },
                                        {
                                            "name": "SHIBCHAR",
                                            "id": "2090422b-acad-447b-bdc5-f5df7813287d",
                                            "state": {
                                                "id": "9c75a95b-9f42-4ca9-a152-78c492590a6f",
                                                "name": "DHAKA"
                                            }
                                        },
                                        {
                                            "name": "MADARIPUR_SADAR",
                                            "id": "a0368a52-0c1a-4ca6-8c6f-3bddda0602bf",
                                            "state": {
                                                "id": "9c75a95b-9f42-4ca9-a152-78c492590a6f",
                                                "name": "DHAKA"
                                            }
                                        }
                                    ]
                                },
                                {
                                    "id": "03394485-abb0-4a8f-b928-9b986ca6cd35",
                                    "name": "NARAYANGANJ",
                                    "upazilas": [
                                        {
                                            "name": "NARYANGANJ_SADAR",
                                            "id": "204bc228-4838-4831-86c1-83fddbab206c",
                                            "state": {
                                                "id": "9c75a95b-9f42-4ca9-a152-78c492590a6f",
                                                "name": "DHAKA"
                                            }
                                        },
                                        {
                                            "name": "SONARGAON",
                                            "id": "f49e5635-d73c-4cea-83ee-5de520c1ceb3",
                                            "state": {
                                                "id": "9c75a95b-9f42-4ca9-a152-78c492590a6f",
                                                "name": "DHAKA"
                                            }
                                        },
                                        {
                                            "name": "ARAIHAZAR",
                                            "id": "5b715c3d-64d6-4144-81a2-c9c3222c3583",
                                            "state": {
                                                "id": "9c75a95b-9f42-4ca9-a152-78c492590a6f",
                                                "name": "DHAKA"
                                            }
                                        },
                                        {
                                            "name": "BANDAR",
                                            "id": "f745e13a-9ff7-4b1f-a370-3706ed8fe794",
                                            "state": {
                                                "id": "9c75a95b-9f42-4ca9-a152-78c492590a6f",
                                                "name": "DHAKA"
                                            }
                                        },
                                        {
                                            "name": "RUPGANJ",
                                            "id": "850fc0af-59a8-4beb-aeb5-f9d2a33fae32",
                                            "state": {
                                                "id": "9c75a95b-9f42-4ca9-a152-78c492590a6f",
                                                "name": "DHAKA"
                                            }
                                        },
                                        {
                                            "name": "SIDDIRGONJ",
                                            "id": "eb803c77-6bd5-4485-8984-cefc09569d46",
                                            "state": {
                                                "id": "9c75a95b-9f42-4ca9-a152-78c492590a6f",
                                                "name": "DHAKA"
                                            }
                                        }
                                    ]
                                },
                                {
                                    "id": "6988fbb2-ec1a-483e-b38d-b444db1232e4",
                                    "name": "GAZIPUR",
                                    "upazilas": [
                                        {
                                            "name": "SRIPUR",
                                            "id": "ff0b71cd-078d-4b86-bbfc-277f9e7831bd",
                                            "state": {
                                                "id": "9c75a95b-9f42-4ca9-a152-78c492590a6f",
                                                "name": "DHAKA"
                                            }
                                        },
                                        {
                                            "name": "KALIAKIOR",
                                            "id": "38522ca1-1e56-4afb-8e22-9fb942025670",
                                            "state": {
                                                "id": "9c75a95b-9f42-4ca9-a152-78c492590a6f",
                                                "name": "DHAKA"
                                            }
                                        },
                                        {
                                            "name": "TONGI",
                                            "id": "7d80f457-b9e9-4264-838e-5b085f402e99",
                                            "state": {
                                                "id": "9c75a95b-9f42-4ca9-a152-78c492590a6f",
                                                "name": "DHAKA"
                                            }
                                        },
                                        {
                                            "name": "KAPASIA",
                                            "id": "90c13f9e-25c6-41cc-aecc-da6ec1adf439",
                                            "state": {
                                                "id": "9c75a95b-9f42-4ca9-a152-78c492590a6f",
                                                "name": "DHAKA"
                                            }
                                        },
                                        {
                                            "name": "GAZIPUR_SADAR-JOYDEBPUR",
                                            "id": "9de27df1-812c-47be-a756-66b298a15281",
                                            "state": {
                                                "id": "9c75a95b-9f42-4ca9-a152-78c492590a6f",
                                                "name": "DHAKA"
                                            }
                                        }
                                    ]
                                },
                                {
                                    "id": "3e56df9f-26ae-4ec2-9d75-cbe655ee5fcd",
                                    "name": "NAWABGANJ",
                                    "upazilas": [
                                        {
                                            "name": "SHIBGANJ",
                                            "id": "5a69a253-29cc-437b-bd7f-765f9020b05c",
                                            "state": {
                                                "id": "d68c68d2-108e-4635-93d1-28c44525f178",
                                                "name": "RAJSHAHI"
                                            }
                                        },
                                        {
                                            "name": "NAWABGANJ_SADAR",
                                            "id": "38cf4ab6-34d7-4822-81c9-cf35860c09eb",
                                            "state": {
                                                "id": "d68c68d2-108e-4635-93d1-28c44525f178",
                                                "name": "RAJSHAHI"
                                            }
                                        },
                                        {
                                            "name": "BHOLAHAT",
                                            "id": "1fc07589-90dc-4484-91b3-b7aa6ea120c7",
                                            "state": {
                                                "id": "d68c68d2-108e-4635-93d1-28c44525f178",
                                                "name": "RAJSHAHI"
                                            }
                                        },
                                        {
                                            "name": "GOMASTAPUR",
                                            "id": "e02d73bf-e86e-49c6-a88f-386dba2e77f5",
                                            "state": {
                                                "id": "d68c68d2-108e-4635-93d1-28c44525f178",
                                                "name": "RAJSHAHI"
                                            }
                                        },
                                        {
                                            "name": "NACHOLE",
                                            "id": "ef4efc17-4d51-42ad-ab19-ad9ca8825334",
                                            "state": {
                                                "id": "d68c68d2-108e-4635-93d1-28c44525f178",
                                                "name": "RAJSHAHI"
                                            }
                                        }
                                    ]
                                },
                                {
                                    "id": "d9ba4812-1282-44de-9f59-c343ec5d1623",
                                    "name": "HABIGANJ",
                                    "upazilas": [
                                        {
                                            "name": "MADHABPUR",
                                            "id": "6b3a6f8c-2a46-4f42-9eec-ca4dce6db8d1",
                                            "state": {
                                                "id": "2f2f0cc1-587a-4dad-a3f0-83c0bac697ec",
                                                "name": "SYLHET"
                                            }
                                        },
                                        {
                                            "name": "AJMIRIGANJ",
                                            "id": "fe078d20-cdd6-4505-987f-75724794fc60",
                                            "state": {
                                                "id": "2f2f0cc1-587a-4dad-a3f0-83c0bac697ec",
                                                "name": "SYLHET"
                                            }
                                        },
                                        {
                                            "name": "HABIGANJ_SADAR",
                                            "id": "9abb2827-c6bf-4dff-88ba-08a8f443de07",
                                            "state": {
                                                "id": "2f2f0cc1-587a-4dad-a3f0-83c0bac697ec",
                                                "name": "SYLHET"
                                            }
                                        },
                                        {
                                            "name": "SHAISTAGONJ",
                                            "id": "7b1ffaa0-17d4-41aa-8a09-ef548e1ed0d3",
                                            "state": {
                                                "id": "2f2f0cc1-587a-4dad-a3f0-83c0bac697ec",
                                                "name": "SYLHET"
                                            }
                                        },
                                        {
                                            "name": "CHUNARUGHAT",
                                            "id": "e93527a1-bc76-4c94-9a0b-a1bf1ffeb2d9",
                                            "state": {
                                                "id": "2f2f0cc1-587a-4dad-a3f0-83c0bac697ec",
                                                "name": "SYLHET"
                                            }
                                        },
                                        {
                                            "name": "LAKHAI",
                                            "id": "63cbbda9-fd2e-4571-88a4-5ee93002ece0",
                                            "state": {
                                                "id": "2f2f0cc1-587a-4dad-a3f0-83c0bac697ec",
                                                "name": "SYLHET"
                                            }
                                        },
                                        {
                                            "name": "BANIACHANG",
                                            "id": "3c4a572a-fa59-4f9a-bb18-c3452a160f07",
                                            "state": {
                                                "id": "2f2f0cc1-587a-4dad-a3f0-83c0bac697ec",
                                                "name": "SYLHET"
                                            }
                                        },
                                        {
                                            "name": "BAHUBAL",
                                            "id": "0cc7bd46-ff4a-4097-8624-86a54e58635a",
                                            "state": {
                                                "id": "2f2f0cc1-587a-4dad-a3f0-83c0bac697ec",
                                                "name": "SYLHET"
                                            }
                                        },
                                        {
                                            "name": "NABIGANJ",
                                            "id": "753f6651-0ca3-4a21-8edc-9a33086ba51e",
                                            "state": {
                                                "id": "2f2f0cc1-587a-4dad-a3f0-83c0bac697ec",
                                                "name": "SYLHET"
                                            }
                                        }
                                    ]
                                },
                                {
                                    "id": "aec90468-bdf5-4909-9603-7fb165dd34b0",
                                    "name": "BANDARBAN",
                                    "upazilas": [
                                        {
                                            "name": "BANDARBAN_SADAR",
                                            "id": "29593331-9a0e-411b-b8dc-a3d3d92eb941",
                                            "state": {
                                                "id": "d4e8944a-6e8f-4d6e-a313-2228cfe9a567",
                                                "name": "CHITTAGONG"
                                            }
                                        },
                                        {
                                            "name": "LAMA",
                                            "id": "2e0b2174-f8fd-4253-8c0a-70683d748a3f",
                                            "state": {
                                                "id": "d4e8944a-6e8f-4d6e-a313-2228cfe9a567",
                                                "name": "CHITTAGONG"
                                            }
                                        },
                                        {
                                            "name": "ALI KADAM",
                                            "id": "9fde9ce1-993f-4259-91e7-3b98a24e8761",
                                            "state": {
                                                "id": "d4e8944a-6e8f-4d6e-a313-2228cfe9a567",
                                                "name": "CHITTAGONG"
                                            }
                                        },
                                        {
                                            "name": "ROWANGCHHARI",
                                            "id": "276ee236-ded6-41ca-8e0a-f78e67d2b3da",
                                            "state": {
                                                "id": "d4e8944a-6e8f-4d6e-a313-2228cfe9a567",
                                                "name": "CHITTAGONG"
                                            }
                                        },
                                        {
                                            "name": "THANCHI",
                                            "id": "03e46154-e64f-46e4-a1ec-e85ddf107787",
                                            "state": {
                                                "id": "d4e8944a-6e8f-4d6e-a313-2228cfe9a567",
                                                "name": "CHITTAGONG"
                                            }
                                        },
                                        {
                                            "name": "RUMA",
                                            "id": "1151bfe0-da1f-4b1f-b114-4bf1d90d22cc",
                                            "state": {
                                                "id": "d4e8944a-6e8f-4d6e-a313-2228cfe9a567",
                                                "name": "CHITTAGONG"
                                            }
                                        },
                                        {
                                            "name": "NAIKHONGCHHARI",
                                            "id": "6a91aef8-e8f4-4a6d-ba56-d0c2dc7c1825",
                                            "state": {
                                                "id": "d4e8944a-6e8f-4d6e-a313-2228cfe9a567",
                                                "name": "CHITTAGONG"
                                            }
                                        }
                                    ]
                                },
                                {
                                    "id": "c73a2eed-dabd-4afe-8697-b61c7660367c",
                                    "name": "SYLHET",
                                    "upazilas": [
                                        {
                                            "name": "COMPANIGANJ",
                                            "id": "31e28b0b-7ebc-421d-b4ba-639b9ca7cb53",
                                            "state": {
                                                "id": "2f2f0cc1-587a-4dad-a3f0-83c0bac697ec",
                                                "name": "SYLHET"
                                            }
                                        },
                                        {
                                            "name": "SYLHET_SADAR",
                                            "id": "a34f0b38-18e8-4262-86b2-1651bb537760",
                                            "state": {
                                                "id": "2f2f0cc1-587a-4dad-a3f0-83c0bac697ec",
                                                "name": "SYLHET"
                                            }
                                        },
                                        {
                                            "name": "BISHWANATH",
                                            "id": "d6ba0515-8d7b-4bfb-98c2-106a38549130",
                                            "state": {
                                                "id": "2f2f0cc1-587a-4dad-a3f0-83c0bac697ec",
                                                "name": "SYLHET"
                                            }
                                        },
                                        {
                                            "name": "KANAIGHAT",
                                            "id": "e031ef05-3d43-4ad6-b6f1-b773fbb9096d",
                                            "state": {
                                                "id": "2f2f0cc1-587a-4dad-a3f0-83c0bac697ec",
                                                "name": "SYLHET"
                                            }
                                        },
                                        {
                                            "name": "GOLAPGANJ",
                                            "id": "210156d5-afd9-4bd0-a11a-b9a4c5cbbdbc",
                                            "state": {
                                                "id": "2f2f0cc1-587a-4dad-a3f0-83c0bac697ec",
                                                "name": "SYLHET"
                                            }
                                        },
                                        {
                                            "name": "GOWAINGHAT",
                                            "id": "2dd4daf8-43b6-482d-a890-2bb2a70e8991",
                                            "state": {
                                                "id": "2f2f0cc1-587a-4dad-a3f0-83c0bac697ec",
                                                "name": "SYLHET"
                                            }
                                        },
                                        {
                                            "name": "ZAKIGANJ",
                                            "id": "30f4b678-fdec-482d-8f8a-e26c346f26ad",
                                            "state": {
                                                "id": "2f2f0cc1-587a-4dad-a3f0-83c0bac697ec",
                                                "name": "SYLHET"
                                            }
                                        },
                                        {
                                            "name": "JAINTIAPUR",
                                            "id": "8f86c696-7e8e-44a4-91cf-6561dd174a18",
                                            "state": {
                                                "id": "2f2f0cc1-587a-4dad-a3f0-83c0bac697ec",
                                                "name": "SYLHET"
                                            }
                                        },
                                        {
                                            "name": "DAKSHIN SURMA",
                                            "id": "ff180545-ebf0-481f-827b-2fa7cd6ee10b",
                                            "state": {
                                                "id": "2f2f0cc1-587a-4dad-a3f0-83c0bac697ec",
                                                "name": "SYLHET"
                                            }
                                        },
                                        {
                                            "name": "FENCHUGANJ",
                                            "id": "adaf36ec-689f-4591-b29c-8677a4e45f9e",
                                            "state": {
                                                "id": "2f2f0cc1-587a-4dad-a3f0-83c0bac697ec",
                                                "name": "SYLHET"
                                            }
                                        },
                                        {
                                            "name": "NOBIGONJ",
                                            "id": "c04977f2-7416-40cf-9c90-d828a9e789d5",
                                            "state": {
                                                "id": "2f2f0cc1-587a-4dad-a3f0-83c0bac697ec",
                                                "name": "SYLHET"
                                            }
                                        },
                                        {
                                            "name": "BEANIBAZAR",
                                            "id": "e5334066-cdb3-4529-a7a7-6cc3a6160265",
                                            "state": {
                                                "id": "2f2f0cc1-587a-4dad-a3f0-83c0bac697ec",
                                                "name": "SYLHET"
                                            }
                                        },
                                        {
                                            "name": "BALAGANJ",
                                            "id": "d92a9983-9313-470e-80da-9f025ed17212",
                                            "state": {
                                                "id": "2f2f0cc1-587a-4dad-a3f0-83c0bac697ec",
                                                "name": "SYLHET"
                                            }
                                        }
                                    ]
                                },
                                {
                                    "id": "86d79ef2-dc45-4d2d-8e54-fad70c79b647",
                                    "name": "PIROJPUR",
                                    "upazilas": [
                                        {
                                            "name": "NAZIRPUR",
                                            "id": "d7844a35-f652-4b30-925b-194f2396958d",
                                            "state": {
                                                "id": "5cbbb439-96e7-4f60-bf2f-abddd0d03e7e",
                                                "name": "BARISAL"
                                            }
                                        },
                                        {
                                            "name": "MATHBARIA",
                                            "id": "8e328e74-3026-4e46-8e67-fc37ce651dfe",
                                            "state": {
                                                "id": "5cbbb439-96e7-4f60-bf2f-abddd0d03e7e",
                                                "name": "BARISAL"
                                            }
                                        },
                                        {
                                            "name": "BHANDARIA",
                                            "id": "6c758ead-5526-424d-9228-1fc826c3c76e",
                                            "state": {
                                                "id": "5cbbb439-96e7-4f60-bf2f-abddd0d03e7e",
                                                "name": "BARISAL"
                                            }
                                        },
                                        {
                                            "name": "ZIANAGAR",
                                            "id": "316d4e46-74dc-458f-8750-e3643592b032",
                                            "state": {
                                                "id": "5cbbb439-96e7-4f60-bf2f-abddd0d03e7e",
                                                "name": "BARISAL"
                                            }
                                        },
                                        {
                                            "name": "PIROJPUR_SADAR",
                                            "id": "c98de406-4053-41d1-b72e-479d07b91a94",
                                            "state": {
                                                "id": "5cbbb439-96e7-4f60-bf2f-abddd0d03e7e",
                                                "name": "BARISAL"
                                            }
                                        },
                                        {
                                            "name": "NESARABAD",
                                            "id": "7dca70fe-76a9-4517-96bd-961f4a82c401",
                                            "state": {
                                                "id": "5cbbb439-96e7-4f60-bf2f-abddd0d03e7e",
                                                "name": "BARISAL"
                                            }
                                        }
                                    ]
                                },
                                {
                                    "id": "faeca4b5-c49e-4522-9d6b-b1f1786d3fe4",
                                    "name": "MEHERPUR",
                                    "upazilas": [
                                        {
                                            "name": "ANGNI",
                                            "id": "8dc5d275-9329-47d9-af59-fcad6d54bf3b",
                                            "state": {
                                                "id": "642a6748-942f-473d-96c6-a6c1b2e00e05",
                                                "name": "KHULNA"
                                            }
                                        },
                                        {
                                            "name": "MEHERPUR-S",
                                            "id": "90ee1389-ade9-47fd-b25b-0210a778cbb7",
                                            "state": {
                                                "id": "642a6748-942f-473d-96c6-a6c1b2e00e05",
                                                "name": "KHULNA"
                                            }
                                        },
                                        {
                                            "name": "MUJIB NAGAR",
                                            "id": "5d4ba578-bd32-4c79-9211-573b9174c19c",
                                            "state": {
                                                "id": "642a6748-942f-473d-96c6-a6c1b2e00e05",
                                                "name": "KHULNA"
                                            }
                                        }
                                    ]
                                },
                                {
                                    "id": "c9ee4e88-6a9e-4dca-a376-e34b12b08a7c",
                                    "name": "MAULVIBAZAR",
                                    "upazilas": [
                                        {
                                            "name": "RAJNAGAR",
                                            "id": "7d51ce73-16fe-47cf-ba03-0c064ccc14f0",
                                            "state": {
                                                "id": "2f2f0cc1-587a-4dad-a3f0-83c0bac697ec",
                                                "name": "SYLHET"
                                            }
                                        },
                                        {
                                            "name": "BARLEKHA",
                                            "id": "4787d06c-b9e4-43b1-80ef-21623028b031",
                                            "state": {
                                                "id": "2f2f0cc1-587a-4dad-a3f0-83c0bac697ec",
                                                "name": "SYLHET"
                                            }
                                        },
                                        {
                                            "name": "KULAURA",
                                            "id": "bd871dd2-4f8d-4c28-8d67-775939289225",
                                            "state": {
                                                "id": "2f2f0cc1-587a-4dad-a3f0-83c0bac697ec",
                                                "name": "SYLHET"
                                            }
                                        },
                                        {
                                            "name": "JURI",
                                            "id": "77753183-cece-4b78-85f7-fbb30b55cda4",
                                            "state": {
                                                "id": "2f2f0cc1-587a-4dad-a3f0-83c0bac697ec",
                                                "name": "SYLHET"
                                            }
                                        },
                                        {
                                            "name": "SREEMANGAL",
                                            "id": "8ee98bba-fc39-4bb2-9d83-e357a620b424",
                                            "state": {
                                                "id": "2f2f0cc1-587a-4dad-a3f0-83c0bac697ec",
                                                "name": "SYLHET"
                                            }
                                        },
                                        {
                                            "name": "KAMALGANJ",
                                            "id": "11e746ba-02ec-4142-9177-6740d9a5c6f9",
                                            "state": {
                                                "id": "2f2f0cc1-587a-4dad-a3f0-83c0bac697ec",
                                                "name": "SYLHET"
                                            }
                                        },
                                        {
                                            "name": "MOULVIBAZAR_SADAR",
                                            "id": "fb364596-f586-4335-9ab7-c7ab0104689f",
                                            "state": {
                                                "id": "2f2f0cc1-587a-4dad-a3f0-83c0bac697ec",
                                                "name": "SYLHET"
                                            }
                                        }
                                    ]
                                },
                                {
                                    "id": "1319d89d-5fb0-41b9-bdb5-05339617a6fa",
                                    "name": "SHERPUR",
                                    "upazilas": [
                                        {
                                            "name": "NAKLA",
                                            "id": "864fc566-3981-4a3a-b47a-bb549d6697f4",
                                            "state": {
                                                "id": "f6395340-53b2-4824-8252-ef3a164b8446",
                                                "name": "MAYMENSINGH"
                                            }
                                        },
                                        {
                                            "name": "JHENAIGATI",
                                            "id": "880b10a0-05da-46be-bf3e-354aac03cab7",
                                            "state": {
                                                "id": "f6395340-53b2-4824-8252-ef3a164b8446",
                                                "name": "MAYMENSINGH"
                                            }
                                        },
                                        {
                                            "name": "SREEBARDI",
                                            "id": "9f257f25-c5d3-471b-8364-62ce7eb59dfc",
                                            "state": {
                                                "id": "f6395340-53b2-4824-8252-ef3a164b8446",
                                                "name": "MAYMENSINGH"
                                            }
                                        },
                                        {
                                            "name": "SHERPUR_SADAR",
                                            "id": "cd07db73-b66e-456a-825f-81fc08cf337a",
                                            "state": {
                                                "id": "f6395340-53b2-4824-8252-ef3a164b8446",
                                                "name": "MAYMENSINGH"
                                            }
                                        },
                                        {
                                            "name": "NALITABARI",
                                            "id": "37c7e577-eeb5-4df5-877f-7ccee900a891",
                                            "state": {
                                                "id": "f6395340-53b2-4824-8252-ef3a164b8446",
                                                "name": "MAYMENSINGH"
                                            }
                                        }
                                    ]
                                },
                                {
                                    "id": "f9c3c547-adb4-4e53-a2a8-70bd5b31e3d7",
                                    "name": "FARIDPUR",
                                    "upazilas": [
                                        {
                                            "name": "CHARBHADRASAN",
                                            "id": "babc9507-275e-4611-ba34-4a080f4d42a8",
                                            "state": {
                                                "id": "9c75a95b-9f42-4ca9-a152-78c492590a6f",
                                                "name": "DHAKA"
                                            }
                                        },
                                        {
                                            "name": "FARIDPUR_SADAR",
                                            "id": "5f3eccfd-b863-4ccf-8c18-ad32f99e2859",
                                            "state": {
                                                "id": "9c75a95b-9f42-4ca9-a152-78c492590a6f",
                                                "name": "DHAKA"
                                            }
                                        },
                                        {
                                            "name": "ALFADANGA",
                                            "id": "259fd208-67c5-42b8-b98a-aa4a39290da5",
                                            "state": {
                                                "id": "9c75a95b-9f42-4ca9-a152-78c492590a6f",
                                                "name": "DHAKA"
                                            }
                                        },
                                        {
                                            "name": "Faridpur Sadar",
                                            "id": "99ac95fe-a484-448c-b9d8-5c9200b273e3",
                                            "state": {
                                                "id": "9c75a95b-9f42-4ca9-a152-78c492590a6f",
                                                "name": "DHAKA"
                                            }
                                        },
                                        {
                                            "name": "SADARPUR",
                                            "id": "f518eb87-fa45-438b-ac13-2415f3faea91",
                                            "state": {
                                                "id": "9c75a95b-9f42-4ca9-a152-78c492590a6f",
                                                "name": "DHAKA"
                                            }
                                        },
                                        {
                                            "name": "BHANGA",
                                            "id": "ed2d07c1-11c0-4f41-b499-fde54429851f",
                                            "state": {
                                                "id": "9c75a95b-9f42-4ca9-a152-78c492590a6f",
                                                "name": "DHAKA"
                                            }
                                        },
                                        {
                                            "name": "MADHUKHALI",
                                            "id": "6b341b59-641e-4db0-8dc0-2ce74ae664e9",
                                            "state": {
                                                "id": "9c75a95b-9f42-4ca9-a152-78c492590a6f",
                                                "name": "DHAKA"
                                            }
                                        },
                                        {
                                            "name": "NAGARKANDA",
                                            "id": "4d6dd97f-3b4c-4d48-8502-2f6e2c7c9274",
                                            "state": {
                                                "id": "9c75a95b-9f42-4ca9-a152-78c492590a6f",
                                                "name": "DHAKA"
                                            }
                                        },
                                        {
                                            "name": "BOALMARI",
                                            "id": "953e90ab-0015-4e6e-aa42-3d139c026a5d",
                                            "state": {
                                                "id": "9c75a95b-9f42-4ca9-a152-78c492590a6f",
                                                "name": "DHAKA"
                                            }
                                        },
                                        {
                                            "name": "SHALTHA",
                                            "id": "b67e6c94-f523-4359-a2a8-335a8d8dd43c",
                                            "state": {
                                                "id": "9c75a95b-9f42-4ca9-a152-78c492590a6f",
                                                "name": "DHAKA"
                                            }
                                        }
                                    ]
                                },
                                {
                                    "id": "8fdce543-067c-4c21-8ed2-f19c3fdf215b",
                                    "name": "NILPHAMARI",
                                    "upazilas": [
                                        {
                                            "name": "NILPHAMARI_SADAR",
                                            "id": "23cf2816-4cb3-4159-bb93-52a3fd781c00",
                                            "state": {
                                                "id": "b8c19906-b4fc-4745-ac93-af957934136b",
                                                "name": "RANGPUR"
                                            }
                                        },
                                        {
                                            "name": "JALDHAKA",
                                            "id": "623722ab-fa63-40cb-87d2-30f7b9f0b66b",
                                            "state": {
                                                "id": "b8c19906-b4fc-4745-ac93-af957934136b",
                                                "name": "RANGPUR"
                                            }
                                        },
                                        {
                                            "name": "DOMAR",
                                            "id": "a776cc51-7370-493a-a772-ccd1b0b20855",
                                            "state": {
                                                "id": "b8c19906-b4fc-4745-ac93-af957934136b",
                                                "name": "RANGPUR"
                                            }
                                        },
                                        {
                                            "name": "KISHOREGANJ",
                                            "id": "1deadcdb-a5f3-475b-95be-108a1046f978",
                                            "state": {
                                                "id": "b8c19906-b4fc-4745-ac93-af957934136b",
                                                "name": "RANGPUR"
                                            }
                                        },
                                        {
                                            "name": "SAIDPUR",
                                            "id": "a232edd2-b19a-4344-8c76-4ebd7090457a",
                                            "state": {
                                                "id": "b8c19906-b4fc-4745-ac93-af957934136b",
                                                "name": "RANGPUR"
                                            }
                                        },
                                        {
                                            "name": "DIMLA",
                                            "id": "1c92cece-1653-45ac-a086-24e8d852b562",
                                            "state": {
                                                "id": "b8c19906-b4fc-4745-ac93-af957934136b",
                                                "name": "RANGPUR"
                                            }
                                        }
                                    ]
                                },
                                {
                                    "id": "739583dc-519d-49b0-9582-d798a027ca79",
                                    "name": "COX'S BAZAR",
                                    "upazilas": [
                                        {
                                            "name": "COXS BAZAR SADAR",
                                            "id": "38c08333-395d-4aa8-86c0-8caea9a52c76",
                                            "state": {
                                                "id": "d4e8944a-6e8f-4d6e-a313-2228cfe9a567",
                                                "name": "CHITTAGONG"
                                            }
                                        },
                                        {
                                            "name": "TEKNAF",
                                            "id": "d41283c5-bca6-405f-8acf-e68e68e73308",
                                            "state": {
                                                "id": "d4e8944a-6e8f-4d6e-a313-2228cfe9a567",
                                                "name": "CHITTAGONG"
                                            }
                                        },
                                        {
                                            "name": "CHAKARIA",
                                            "id": "7a82b092-c530-4b72-985a-6e7c61a4f69f",
                                            "state": {
                                                "id": "d4e8944a-6e8f-4d6e-a313-2228cfe9a567",
                                                "name": "CHITTAGONG"
                                            }
                                        },
                                        {
                                            "name": "RAMU",
                                            "id": "529c05f5-dbc9-4442-9600-6debc27754d3",
                                            "state": {
                                                "id": "d4e8944a-6e8f-4d6e-a313-2228cfe9a567",
                                                "name": "CHITTAGONG"
                                            }
                                        },
                                        {
                                            "name": "EIDGAON",
                                            "id": "56f91627-c045-4618-b933-805104e9ed1f",
                                            "state": {
                                                "id": "d4e8944a-6e8f-4d6e-a313-2228cfe9a567",
                                                "name": "CHITTAGONG"
                                            }
                                        },
                                        {
                                            "name": "UKHIA",
                                            "id": "66dc64de-4a0b-4c4a-a6c8-80b63c9a3c75",
                                            "state": {
                                                "id": "d4e8944a-6e8f-4d6e-a313-2228cfe9a567",
                                                "name": "CHITTAGONG"
                                            }
                                        },
                                        {
                                            "name": "PEKUA",
                                            "id": "d01cb26d-4cfe-4017-a7c2-e9fdc0d8e2df",
                                            "state": {
                                                "id": "d4e8944a-6e8f-4d6e-a313-2228cfe9a567",
                                                "name": "CHITTAGONG"
                                            }
                                        },
                                        {
                                            "name": "MAHESHKHALI",
                                            "id": "c2ebc5a8-aaf2-4b98-a059-8beb05b34bdd",
                                            "state": {
                                                "id": "d4e8944a-6e8f-4d6e-a313-2228cfe9a567",
                                                "name": "CHITTAGONG"
                                            }
                                        },
                                        {
                                            "name": "KUTUBDIA",
                                            "id": "8f731bf7-fbb2-4b70-9e47-6d3d0d415d5d",
                                            "state": {
                                                "id": "d4e8944a-6e8f-4d6e-a313-2228cfe9a567",
                                                "name": "CHITTAGONG"
                                            }
                                        }
                                    ]
                                },
                                {
                                    "id": "2e26f8c1-97a7-44fc-9090-22af4de4ac9e",
                                    "name": "DHAKA",
                                    "upazilas": [
                                        {
                                            "name": "KERANIGANJ",
                                            "id": "37fa6ec5-6a13-4a35-b5c6-674b507edc01",
                                            "state": {
                                                "id": "9c75a95b-9f42-4ca9-a152-78c492590a6f",
                                                "name": "DHAKA"
                                            }
                                        },
                                        {
                                            "name": "DHAMRAI",
                                            "id": "9f2f6c8f-663f-4416-a1a7-1c59abb3852a",
                                            "state": {
                                                "id": "9c75a95b-9f42-4ca9-a152-78c492590a6f",
                                                "name": "DHAKA"
                                            }
                                        },
                                        {
                                            "name": "SAVAR",
                                            "id": "1a6db9e6-f058-4a33-a404-f7825a11a530",
                                            "state": {
                                                "id": "9c75a95b-9f42-4ca9-a152-78c492590a6f",
                                                "name": "DHAKA"
                                            }
                                        },
                                        {
                                            "name": "DOHAR",
                                            "id": "eaad1c5c-5972-4dd5-a18c-734fbadb8864",
                                            "state": {
                                                "id": "9c75a95b-9f42-4ca9-a152-78c492590a6f",
                                                "name": "DHAKA"
                                            }
                                        }
                                    ]
                                },
                                {
                                    "id": "f25de2cd-5ed8-44a8-9ae0-7d65c232f423",
                                    "name": "JAMALPUR",
                                    "upazilas": [
                                        {
                                            "name": "MELANDAHA",
                                            "id": "e5a81703-97d0-479b-a4fd-22a3a602697f",
                                            "state": {
                                                "id": "f6395340-53b2-4824-8252-ef3a164b8446",
                                                "name": "MAYMENSINGH"
                                            }
                                        },
                                        {
                                            "name": "NARUNDI POLICE I.C",
                                            "id": "c7710b29-c844-4892-9108-d73148cda29c",
                                            "state": {
                                                "id": "f6395340-53b2-4824-8252-ef3a164b8446",
                                                "name": "MAYMENSINGH"
                                            }
                                        },
                                        {
                                            "name": "ISLAMPUR",
                                            "id": "aedbc063-13ca-4e20-8357-eb22e8936000",
                                            "state": {
                                                "id": "f6395340-53b2-4824-8252-ef3a164b8446",
                                                "name": "MAYMENSINGH"
                                            }
                                        },
                                        {
                                            "name": "DEWANGANJ",
                                            "id": "1cc6d50f-87e6-4dd4-8a6e-9490a827621b",
                                            "state": {
                                                "id": "f6395340-53b2-4824-8252-ef3a164b8446",
                                                "name": "MAYMENSINGH"
                                            }
                                        },
                                        {
                                            "name": "JAMALPUR_SADAR",
                                            "id": "084e0df5-fe78-46ce-a473-939b9333bf40",
                                            "state": {
                                                "id": "f6395340-53b2-4824-8252-ef3a164b8446",
                                                "name": "MAYMENSINGH"
                                            }
                                        },
                                        {
                                            "name": "MADARGANJ",
                                            "id": "4782f9bd-aede-453f-8c96-7e2e10e8255b",
                                            "state": {
                                                "id": "f6395340-53b2-4824-8252-ef3a164b8446",
                                                "name": "MAYMENSINGH"
                                            }
                                        },
                                        {
                                            "name": "BAKSIGANJ",
                                            "id": "209bc080-4acc-4ac4-a88c-0ebc92355a2c",
                                            "state": {
                                                "id": "f6395340-53b2-4824-8252-ef3a164b8446",
                                                "name": "MAYMENSINGH"
                                            }
                                        },
                                        {
                                            "name": "SARISHABARI",
                                            "id": "c9d83f61-fe43-402a-9e0b-7f4df5cbe0e2",
                                            "state": {
                                                "id": "f6395340-53b2-4824-8252-ef3a164b8446",
                                                "name": "MAYMENSINGH"
                                            }
                                        }
                                    ]
                                },
                                {
                                    "id": "468da8cf-58f1-426f-ae73-d9554f7f71f6",
                                    "name": "NOAKHALI",
                                    "upazilas": [
                                        {
                                            "name": "COMPANYGANJ",
                                            "id": "87c2d2fe-377e-4bb3-aa56-93c5eb46ce99",
                                            "state": {
                                                "id": "d4e8944a-6e8f-4d6e-a313-2228cfe9a567",
                                                "name": "CHITTAGONG"
                                            }
                                        },
                                        {
                                            "name": "KOBIRHAT",
                                            "id": "edd18fb6-2dba-492a-bc59-f118923cfb9d",
                                            "state": {
                                                "id": "d4e8944a-6e8f-4d6e-a313-2228cfe9a567",
                                                "name": "CHITTAGONG"
                                            }
                                        },
                                        {
                                            "name": "BEGUMGANJ",
                                            "id": "fa8e1bdd-241d-484c-b5d8-82d5ee981528",
                                            "state": {
                                                "id": "d4e8944a-6e8f-4d6e-a313-2228cfe9a567",
                                                "name": "CHITTAGONG"
                                            }
                                        },
                                        {
                                            "name": "SUBORNO CHAR",
                                            "id": "e4fdab05-6c34-4af4-9a3c-9dd46abf24b1",
                                            "state": {
                                                "id": "d4e8944a-6e8f-4d6e-a313-2228cfe9a567",
                                                "name": "CHITTAGONG"
                                            }
                                        },
                                        {
                                            "name": "HATIA",
                                            "id": "8a144eff-edd1-4e0f-a6a8-70e1d8a19393",
                                            "state": {
                                                "id": "d4e8944a-6e8f-4d6e-a313-2228cfe9a567",
                                                "name": "CHITTAGONG"
                                            }
                                        },
                                        {
                                            "name": "SONAIMURI",
                                            "id": "ac50ed77-f382-46a1-a3d0-f0ad7d4788ac",
                                            "state": {
                                                "id": "d4e8944a-6e8f-4d6e-a313-2228cfe9a567",
                                                "name": "CHITTAGONG"
                                            }
                                        },
                                        {
                                            "name": "SHENBAG",
                                            "id": "e8164a0d-375a-4012-a790-694387014d4b",
                                            "state": {
                                                "id": "d4e8944a-6e8f-4d6e-a313-2228cfe9a567",
                                                "name": "CHITTAGONG"
                                            }
                                        },
                                        {
                                            "name": "CHATKHIL",
                                            "id": "59588ff2-33b7-4cd3-8e7e-fb302e9220c9",
                                            "state": {
                                                "id": "d4e8944a-6e8f-4d6e-a313-2228cfe9a567",
                                                "name": "CHITTAGONG"
                                            }
                                        },
                                        {
                                            "name": "NOAKHALI_SADAR",
                                            "id": "cb154cac-8111-4360-950e-daf4c472cbdf",
                                            "state": {
                                                "id": "d4e8944a-6e8f-4d6e-a313-2228cfe9a567",
                                                "name": "CHITTAGONG"
                                            }
                                        }
                                    ]
                                },
                                {
                                    "id": "54d0ae5a-d1d3-4212-a0df-9af09ff11378",
                                    "name": "CHATTOGRAM",
                                    "upazilas": [
                                        {
                                            "name": "BANSHKHALI",
                                            "id": "5ddabeca-76c8-4c6a-83e2-0c9cc8ad08d8",
                                            "state": {
                                                "id": "d4e8944a-6e8f-4d6e-a313-2228cfe9a567",
                                                "name": "CHITTAGONG"
                                            }
                                        },
                                        {
                                            "name": "FATIKCHHARI",
                                            "id": "711efd46-765f-4eda-a5a6-6199af270f52",
                                            "state": {
                                                "id": "d4e8944a-6e8f-4d6e-a313-2228cfe9a567",
                                                "name": "CHITTAGONG"
                                            }
                                        },
                                        {
                                            "name": "CHANDANAISH",
                                            "id": "f4bda4c9-417b-4cb2-8cdf-e79e95eede46",
                                            "state": {
                                                "id": "d4e8944a-6e8f-4d6e-a313-2228cfe9a567",
                                                "name": "CHITTAGONG"
                                            }
                                        },
                                        {
                                            "name": "SATKANIA",
                                            "id": "e6761574-7af1-405b-ab56-a967edf628f9",
                                            "state": {
                                                "id": "d4e8944a-6e8f-4d6e-a313-2228cfe9a567",
                                                "name": "CHITTAGONG"
                                            }
                                        },
                                        {
                                            "name": "SANDWIP",
                                            "id": "fa949a73-22a2-461a-b287-aac4effba9c6",
                                            "state": {
                                                "id": "d4e8944a-6e8f-4d6e-a313-2228cfe9a567",
                                                "name": "CHITTAGONG"
                                            }
                                        },
                                        {
                                            "name": "PATIYA",
                                            "id": "e6b414c2-9a47-4f78-bab7-c8c3859e24e1",
                                            "state": {
                                                "id": "d4e8944a-6e8f-4d6e-a313-2228cfe9a567",
                                                "name": "CHITTAGONG"
                                            }
                                        },
                                        {
                                            "name": "LOHAGARA",
                                            "id": "e78211f4-9d77-4e85-82e3-ec7fb12b64ce",
                                            "state": {
                                                "id": "d4e8944a-6e8f-4d6e-a313-2228cfe9a567",
                                                "name": "CHITTAGONG"
                                            }
                                        },
                                        {
                                            "name": "BOALKHALI",
                                            "id": "c414a0ec-ffab-45ea-bb72-bb1890086b90",
                                            "state": {
                                                "id": "d4e8944a-6e8f-4d6e-a313-2228cfe9a567",
                                                "name": "CHITTAGONG"
                                            }
                                        },
                                        {
                                            "name": "ANWARA",
                                            "id": "a0723800-077f-437f-9d36-9f745cb0b31e",
                                            "state": {
                                                "id": "d4e8944a-6e8f-4d6e-a313-2228cfe9a567",
                                                "name": "CHITTAGONG"
                                            }
                                        },
                                        {
                                            "name": "RAOZAN",
                                            "id": "95fb0054-aa7f-400c-b645-f0d90cb2a833",
                                            "state": {
                                                "id": "d4e8944a-6e8f-4d6e-a313-2228cfe9a567",
                                                "name": "CHITTAGONG"
                                            }
                                        },
                                        {
                                            "name": "MIRSHARAI",
                                            "id": "fe518ddf-6a83-4694-a2a6-ddeec0b93c18",
                                            "state": {
                                                "id": "d4e8944a-6e8f-4d6e-a313-2228cfe9a567",
                                                "name": "CHITTAGONG"
                                            }
                                        },
                                        {
                                            "name": "RANGUNIA",
                                            "id": "9c3e5edc-e95e-4671-89d4-974e7a31342e",
                                            "state": {
                                                "id": "d4e8944a-6e8f-4d6e-a313-2228cfe9a567",
                                                "name": "CHITTAGONG"
                                            }
                                        },
                                        {
                                            "name": "HATHAZARI",
                                            "id": "bda87d19-77d0-4c25-bca1-a911f4331afd",
                                            "state": {
                                                "id": "d4e8944a-6e8f-4d6e-a313-2228cfe9a567",
                                                "name": "CHITTAGONG"
                                            }
                                        },
                                        {
                                            "name": "SITAKUNDA",
                                            "id": "6fae4e24-7c93-493f-91f0-5fa877a326f4",
                                            "state": {
                                                "id": "d4e8944a-6e8f-4d6e-a313-2228cfe9a567",
                                                "name": "CHITTAGONG"
                                            }
                                        }
                                    ]
                                },
                                {
                                    "id": "66a27ec2-f335-413d-b228-4a4df8fa4eea",
                                    "name": "BHOLA",
                                    "upazilas": [
                                        {
                                            "name": "BHOLA_SADAR",
                                            "id": "3cbaa092-c96b-4845-a314-b9cdc02d61fd",
                                            "state": {
                                                "id": "5cbbb439-96e7-4f60-bf2f-abddd0d03e7e",
                                                "name": "BARISAL"
                                            }
                                        },
                                        {
                                            "name": "MANPURA",
                                            "id": "3220264c-e0d8-41c3-9b69-55cdd4aea21e",
                                            "state": {
                                                "id": "5cbbb439-96e7-4f60-bf2f-abddd0d03e7e",
                                                "name": "BARISAL"
                                            }
                                        },
                                        {
                                            "name": "BURHANUDDIN",
                                            "id": "692e6a01-748c-4451-8d67-e0f404c69572",
                                            "state": {
                                                "id": "5cbbb439-96e7-4f60-bf2f-abddd0d03e7e",
                                                "name": "BARISAL"
                                            }
                                        },
                                        {
                                            "name": "CHAR FASSON",
                                            "id": "9f23a216-4a71-48ef-8c7e-e20f01a67e4a",
                                            "state": {
                                                "id": "5cbbb439-96e7-4f60-bf2f-abddd0d03e7e",
                                                "name": "BARISAL"
                                            }
                                        },
                                        {
                                            "name": "DAULATKHAN",
                                            "id": "16ea4a9e-60b8-4eed-a011-d3d52d5a646d",
                                            "state": {
                                                "id": "5cbbb439-96e7-4f60-bf2f-abddd0d03e7e",
                                                "name": "BARISAL"
                                            }
                                        },
                                        {
                                            "name": "LALMOHAN",
                                            "id": "634c328d-d819-4c09-a1b4-ebe643071f5e",
                                            "state": {
                                                "id": "5cbbb439-96e7-4f60-bf2f-abddd0d03e7e",
                                                "name": "BARISAL"
                                            }
                                        },
                                        {
                                            "name": "TAZUMUDDIN",
                                            "id": "303c6383-711c-4c09-ba87-f261320d697e",
                                            "state": {
                                                "id": "5cbbb439-96e7-4f60-bf2f-abddd0d03e7e",
                                                "name": "BARISAL"
                                            }
                                        }
                                    ]
                                },
                                {
                                    "id": "00358d0a-f4c2-4374-908b-b37dac235fc0",
                                    "name": "JHENAIDAH",
                                    "upazilas": [
                                        {
                                            "name": "JHENAIDAH_SADAR",
                                            "id": "b730ac9a-c96e-4e9c-8583-dda0a4b61f9b",
                                            "state": {
                                                "id": "642a6748-942f-473d-96c6-a6c1b2e00e05",
                                                "name": "KHULNA"
                                            }
                                        },
                                        {
                                            "name": "SHAILKUPA",
                                            "id": "9216f983-c056-40f1-a143-463a2e4a2e84",
                                            "state": {
                                                "id": "642a6748-942f-473d-96c6-a6c1b2e00e05",
                                                "name": "KHULNA"
                                            }
                                        },
                                        {
                                            "name": "KOTCHANDPUR",
                                            "id": "7d743b39-a4ef-499b-b1eb-ccc7c9c1df81",
                                            "state": {
                                                "id": "642a6748-942f-473d-96c6-a6c1b2e00e05",
                                                "name": "KHULNA"
                                            }
                                        },
                                        {
                                            "name": "MAHESHPUR",
                                            "id": "9f3f6256-e1a0-457a-bf19-21fd5ccf253f",
                                            "state": {
                                                "id": "642a6748-942f-473d-96c6-a6c1b2e00e05",
                                                "name": "KHULNA"
                                            }
                                        },
                                        {
                                            "name": "HARINAKUNDA",
                                            "id": "8e2f9be1-24a7-48f6-9772-60c671fd5b2e",
                                            "state": {
                                                "id": "642a6748-942f-473d-96c6-a6c1b2e00e05",
                                                "name": "KHULNA"
                                            }
                                        }
                                    ]
                                },
                                {
                                    "id": "7a79fbbb-0414-4c68-ba03-a7d86e0f77ce",
                                    "name": "PABNA",
                                    "upazilas": [
                                        {
                                            "name": "BERA",
                                            "id": "9e859765-d526-4191-bab6-bf8d5a17317b",
                                            "state": {
                                                "id": "d68c68d2-108e-4635-93d1-28c44525f178",
                                                "name": "RAJSHAHI"
                                            }
                                        },
                                        {
                                            "name": "SUJANAGAR",
                                            "id": "a1b3c50a-d7af-4d16-a72d-4bdb5d0647b4",
                                            "state": {
                                                "id": "d68c68d2-108e-4635-93d1-28c44525f178",
                                                "name": "RAJSHAHI"
                                            }
                                        },
                                        {
                                            "name": "ATGHARIA",
                                            "id": "1faaac6e-d6b6-4852-9538-5c85438e47a5",
                                            "state": {
                                                "id": "d68c68d2-108e-4635-93d1-28c44525f178",
                                                "name": "RAJSHAHI"
                                            }
                                        },
                                        {
                                            "name": "SANTHIA",
                                            "id": "89ee778e-f765-4f8b-96d2-e00a6948199f",
                                            "state": {
                                                "id": "d68c68d2-108e-4635-93d1-28c44525f178",
                                                "name": "RAJSHAHI"
                                            }
                                        },
                                        {
                                            "name": "FARIDPUR",
                                            "id": "f9e13f42-2b4c-4af1-ae0b-186ee9fed178",
                                            "state": {
                                                "id": "d68c68d2-108e-4635-93d1-28c44525f178",
                                                "name": "RAJSHAHI"
                                            }
                                        },
                                        {
                                            "name": "BHANGURA",
                                            "id": "ce5f60e3-36ca-47e2-ac30-fea8af549985",
                                            "state": {
                                                "id": "d68c68d2-108e-4635-93d1-28c44525f178",
                                                "name": "RAJSHAHI"
                                            }
                                        },
                                        {
                                            "name": "CHATMOHAR",
                                            "id": "ee68ea82-2a16-46d4-a111-8d6a717363e3",
                                            "state": {
                                                "id": "d68c68d2-108e-4635-93d1-28c44525f178",
                                                "name": "RAJSHAHI"
                                            }
                                        },
                                        {
                                            "name": "ISHWARDI",
                                            "id": "e6f6b813-2ef3-429a-8dc6-3664b2d7af18",
                                            "state": {
                                                "id": "d68c68d2-108e-4635-93d1-28c44525f178",
                                                "name": "RAJSHAHI"
                                            }
                                        },
                                        {
                                            "name": "PABNA_SADAR",
                                            "id": "9a08add3-9997-4def-8a7e-2d4c47b78e1a",
                                            "state": {
                                                "id": "d68c68d2-108e-4635-93d1-28c44525f178",
                                                "name": "RAJSHAHI"
                                            }
                                        }
                                    ]
                                },
                                {
                                    "id": "c8c07a38-023f-4177-a946-7ea85bc5e62f",
                                    "name": "KISHOREGANJ",
                                    "upazilas": [
                                        {
                                            "name": "ASTAGRAM",
                                            "id": "8af0a33e-ec3f-4819-9c9a-d2e7b407340b",
                                            "state": {
                                                "id": "9c75a95b-9f42-4ca9-a152-78c492590a6f",
                                                "name": "DHAKA"
                                            }
                                        },
                                        {
                                            "name": "KATIADI",
                                            "id": "e14e5e25-3f0a-47a6-a16d-fe2023ec0a0e",
                                            "state": {
                                                "id": "9c75a95b-9f42-4ca9-a152-78c492590a6f",
                                                "name": "DHAKA"
                                            }
                                        },
                                        {
                                            "name": "MITHAMAIN",
                                            "id": "baa02b29-ad36-4df1-b296-07c71e4dabff",
                                            "state": {
                                                "id": "9c75a95b-9f42-4ca9-a152-78c492590a6f",
                                                "name": "DHAKA"
                                            }
                                        },
                                        {
                                            "name": "NIKLI",
                                            "id": "6f94a91b-a7e0-4690-83f4-82181b04c922",
                                            "state": {
                                                "id": "9c75a95b-9f42-4ca9-a152-78c492590a6f",
                                                "name": "DHAKA"
                                            }
                                        },
                                        {
                                            "name": "PAKUNDIA",
                                            "id": "3a4de8ba-819b-4935-843c-a3f1b5f6c421",
                                            "state": {
                                                "id": "9c75a95b-9f42-4ca9-a152-78c492590a6f",
                                                "name": "DHAKA"
                                            }
                                        },
                                        {
                                            "name": "KARIMGANJ",
                                            "id": "603092ee-3099-4b52-8b05-a76998c55ac0",
                                            "state": {
                                                "id": "9c75a95b-9f42-4ca9-a152-78c492590a6f",
                                                "name": "DHAKA"
                                            }
                                        },
                                        {
                                            "name": "KULIARCHAR",
                                            "id": "ba05daa9-21a2-4c7f-8a6f-4eca370e67c9",
                                            "state": {
                                                "id": "9c75a95b-9f42-4ca9-a152-78c492590a6f",
                                                "name": "DHAKA"
                                            }
                                        },
                                        {
                                            "name": "HOSSAINPUR",
                                            "id": "35ee81bc-c606-4f50-8c62-be135699f164",
                                            "state": {
                                                "id": "9c75a95b-9f42-4ca9-a152-78c492590a6f",
                                                "name": "DHAKA"
                                            }
                                        },
                                        {
                                            "name": "ITNA",
                                            "id": "64a6f7b6-ae00-48d7-91ff-d1afdd013728",
                                            "state": {
                                                "id": "9c75a95b-9f42-4ca9-a152-78c492590a6f",
                                                "name": "DHAKA"
                                            }
                                        },
                                        {
                                            "name": "BHAIRAB",
                                            "id": "f76de4f1-4367-46b4-ae35-25b31e161eaa",
                                            "state": {
                                                "id": "9c75a95b-9f42-4ca9-a152-78c492590a6f",
                                                "name": "DHAKA"
                                            }
                                        },
                                        {
                                            "name": "KISHOREGANJ_SADAR",
                                            "id": "f71d8ef1-88f4-4648-a927-1999cbec41e7",
                                            "state": {
                                                "id": "9c75a95b-9f42-4ca9-a152-78c492590a6f",
                                                "name": "DHAKA"
                                            }
                                        },
                                        {
                                            "name": "TARAIL",
                                            "id": "f5f8b58c-3d89-4a8f-8533-d689e34cbed3",
                                            "state": {
                                                "id": "9c75a95b-9f42-4ca9-a152-78c492590a6f",
                                                "name": "DHAKA"
                                            }
                                        },
                                        {
                                            "name": "BAJITPUR",
                                            "id": "d0a74c06-98ae-486a-9e67-fc5674c75288",
                                            "state": {
                                                "id": "9c75a95b-9f42-4ca9-a152-78c492590a6f",
                                                "name": "DHAKA"
                                            }
                                        }
                                    ]
                                },
                                {
                                    "id": "db758e15-588a-4c28-bae2-15069f2ce0f8",
                                    "name": "GOPALGANJ",
                                    "upazilas": [
                                        {
                                            "name": "KOTALIPARA",
                                            "id": "1729714e-61c8-4c5c-b062-7336efc80f74",
                                            "state": {
                                                "id": "9c75a95b-9f42-4ca9-a152-78c492590a6f",
                                                "name": "DHAKA"
                                            }
                                        },
                                        {
                                            "name": "MUKSUDPUR",
                                            "id": "52e46038-ba96-4a5c-96b5-1017b4eb6626",
                                            "state": {
                                                "id": "9c75a95b-9f42-4ca9-a152-78c492590a6f",
                                                "name": "DHAKA"
                                            }
                                        },
                                        {
                                            "name": "KASHIANI",
                                            "id": "9ea8f46d-358f-496e-b244-c3daf64e75c3",
                                            "state": {
                                                "id": "9c75a95b-9f42-4ca9-a152-78c492590a6f",
                                                "name": "DHAKA"
                                            }
                                        },
                                        {
                                            "name": "GOPALGANJ_SADAR",
                                            "id": "2ad2bc1d-038e-4d77-8754-a4eaa1ee4aa2",
                                            "state": {
                                                "id": "9c75a95b-9f42-4ca9-a152-78c492590a6f",
                                                "name": "DHAKA"
                                            }
                                        },
                                        {
                                            "name": "TUNGIPARA",
                                            "id": "18618e91-ce26-4c99-a7d1-a88be829a48b",
                                            "state": {
                                                "id": "9c75a95b-9f42-4ca9-a152-78c492590a6f",
                                                "name": "DHAKA"
                                            }
                                        }
                                    ]
                                },
                                {
                                    "id": "d1502152-1a34-423b-9811-576ccb88a3ea",
                                    "name": "KHULNA",
                                    "upazilas": [
                                        {
                                            "name": "BATIAGHATA",
                                            "id": "df3aa4c1-bfc8-4d9b-ade6-7c9dcc05e43b",
                                            "state": {
                                                "id": "642a6748-942f-473d-96c6-a6c1b2e00e05",
                                                "name": "KHULNA"
                                            }
                                        },
                                        {
                                            "name": "DACOPE",
                                            "id": "0510005c-3839-4f55-a93c-8147fa5657c3",
                                            "state": {
                                                "id": "642a6748-942f-473d-96c6-a6c1b2e00e05",
                                                "name": "KHULNA"
                                            }
                                        },
                                        {
                                            "name": "PAIKGACHHA",
                                            "id": "6dedbbd8-ad85-419e-a6f3-3b7b110beeef",
                                            "state": {
                                                "id": "642a6748-942f-473d-96c6-a6c1b2e00e05",
                                                "name": "KHULNA"
                                            }
                                        },
                                        {
                                            "name": "DIGHALIA",
                                            "id": "01a498b4-e2b8-4196-b1a8-37c83dd96d40",
                                            "state": {
                                                "id": "642a6748-942f-473d-96c6-a6c1b2e00e05",
                                                "name": "KHULNA"
                                            }
                                        },
                                        {
                                            "name": "TEROKHADA",
                                            "id": "78368a85-2301-4b61-b08c-bda0a7f2989d",
                                            "state": {
                                                "id": "642a6748-942f-473d-96c6-a6c1b2e00e05",
                                                "name": "KHULNA"
                                            }
                                        },
                                        {
                                            "name": "PHULTALA",
                                            "id": "de1c9dd2-c46c-4eb3-ae0d-ee1cbd77bfea",
                                            "state": {
                                                "id": "642a6748-942f-473d-96c6-a6c1b2e00e05",
                                                "name": "KHULNA"
                                            }
                                        },
                                        {
                                            "name": "DUMURIA",
                                            "id": "37c742e6-7aac-4034-8ed6-f0e58d0ad522",
                                            "state": {
                                                "id": "642a6748-942f-473d-96c6-a6c1b2e00e05",
                                                "name": "KHULNA"
                                            }
                                        },
                                        {
                                            "name": "KOYRA",
                                            "id": "4e5d83f1-3445-4445-a497-72dd54840c08",
                                            "state": {
                                                "id": "642a6748-942f-473d-96c6-a6c1b2e00e05",
                                                "name": "KHULNA"
                                            }
                                        },
                                        {
                                            "name": "RUPSA",
                                            "id": "0a761827-088c-4d43-a4d2-5904df789dcb",
                                            "state": {
                                                "id": "642a6748-942f-473d-96c6-a6c1b2e00e05",
                                                "name": "KHULNA"
                                            }
                                        }
                                    ]
                                },
                                {
                                    "id": "053cccf1-2ff4-4935-9b97-a7d73d2f29e2",
                                    "name": "NAOGAON",
                                    "upazilas": [
                                        {
                                            "name": "ATRAI",
                                            "id": "ca19d552-2c0f-4c03-99b5-9c84660083a9",
                                            "state": {
                                                "id": "d68c68d2-108e-4635-93d1-28c44525f178",
                                                "name": "RAJSHAHI"
                                            }
                                        },
                                        {
                                            "name": "RANINAGAR",
                                            "id": "bfcd8825-c7fa-4a19-8d0d-f097ba900ea6",
                                            "state": {
                                                "id": "d68c68d2-108e-4635-93d1-28c44525f178",
                                                "name": "RAJSHAHI"
                                            }
                                        },
                                        {
                                            "name": "DHAMOIRHAT",
                                            "id": "fdf566cf-11b6-4c01-ae47-c6c779feb92d",
                                            "state": {
                                                "id": "d68c68d2-108e-4635-93d1-28c44525f178",
                                                "name": "RAJSHAHI"
                                            }
                                        },
                                        {
                                            "name": "PATNITALA",
                                            "id": "1ef21421-63e5-42d4-854d-4da3c572a061",
                                            "state": {
                                                "id": "d68c68d2-108e-4635-93d1-28c44525f178",
                                                "name": "RAJSHAHI"
                                            }
                                        },
                                        {
                                            "name": "NIAMATPUR",
                                            "id": "cb79ca11-a7f4-4de9-8b73-726b9f277260",
                                            "state": {
                                                "id": "d68c68d2-108e-4635-93d1-28c44525f178",
                                                "name": "RAJSHAHI"
                                            }
                                        },
                                        {
                                            "name": "MOHADEVPUR",
                                            "id": "87fc4733-5ba9-4492-a4a3-477e1bbf4965",
                                            "state": {
                                                "id": "d68c68d2-108e-4635-93d1-28c44525f178",
                                                "name": "RAJSHAHI"
                                            }
                                        },
                                        {
                                            "name": "MANDA",
                                            "id": "38a158ef-7fae-4cdf-a906-9bfedbf5ee8d",
                                            "state": {
                                                "id": "d68c68d2-108e-4635-93d1-28c44525f178",
                                                "name": "RAJSHAHI"
                                            }
                                        },
                                        {
                                            "name": "NAOGAON_SADAR",
                                            "id": "433415ed-7b51-415a-9826-c5a655a42e1f",
                                            "state": {
                                                "id": "d68c68d2-108e-4635-93d1-28c44525f178",
                                                "name": "RAJSHAHI"
                                            }
                                        },
                                        {
                                            "name": "PORSHA",
                                            "id": "075b5f29-ffb3-4a22-8bce-255a305320d0",
                                            "state": {
                                                "id": "d68c68d2-108e-4635-93d1-28c44525f178",
                                                "name": "RAJSHAHI"
                                            }
                                        },
                                        {
                                            "name": "BADALGACHHI",
                                            "id": "5a52e1a2-7603-410d-b929-f07424bd3818",
                                            "state": {
                                                "id": "d68c68d2-108e-4635-93d1-28c44525f178",
                                                "name": "RAJSHAHI"
                                            }
                                        },
                                        {
                                            "name": "SAPAHAR",
                                            "id": "f24efbcc-3048-42d4-b2de-3cd80570f107",
                                            "state": {
                                                "id": "d68c68d2-108e-4635-93d1-28c44525f178",
                                                "name": "RAJSHAHI"
                                            }
                                        }
                                    ]
                                },
                                {
                                    "id": "3841e03e-b526-4568-b373-6fb874ae2dd2",
                                    "name": "NARAIL",
                                    "upazilas": [
                                        {
                                            "name": "NARAIL-S UPAZILLA",
                                            "id": "58236735-155d-45f5-81c6-d2528a3327e9",
                                            "state": {
                                                "id": "642a6748-942f-473d-96c6-a6c1b2e00e05",
                                                "name": "KHULNA"
                                            }
                                        },
                                        {
                                            "name": "LOHAGARA UPAZILLA",
                                            "id": "3a7dc21f-8d9e-4db5-83ad-4a42791fcaa4",
                                            "state": {
                                                "id": "642a6748-942f-473d-96c6-a6c1b2e00e05",
                                                "name": "KHULNA"
                                            }
                                        },
                                        {
                                            "name": "KALIA UPAZILLA",
                                            "id": "5e60afd8-8c2b-44ea-992f-027e764fc068",
                                            "state": {
                                                "id": "642a6748-942f-473d-96c6-a6c1b2e00e05",
                                                "name": "KHULNA"
                                            }
                                        }
                                    ]
                                },
                                {
                                    "id": "ba44bb5a-c4fc-4622-9b74-0b5641780581",
                                    "name": "MYMENSINGH",
                                    "upazilas": [
                                        {
                                            "name": "FULBARIA",
                                            "id": "14786483-84f3-4ac4-af4e-6928097bd398",
                                            "state": {
                                                "id": "f6395340-53b2-4824-8252-ef3a164b8446",
                                                "name": "MAYMENSINGH"
                                            }
                                        },
                                        {
                                            "name": "MUKTAGACHHA",
                                            "id": "6112996c-f960-4f30-bd1f-867050a656cb",
                                            "state": {
                                                "id": "f6395340-53b2-4824-8252-ef3a164b8446",
                                                "name": "MAYMENSINGH"
                                            }
                                        },
                                        {
                                            "name": "GAFFARGAON",
                                            "id": "f1027b1e-4a47-4e6f-9dca-8ee4974dcee3",
                                            "state": {
                                                "id": "f6395340-53b2-4824-8252-ef3a164b8446",
                                                "name": "MAYMENSINGH"
                                            }
                                        },
                                        {
                                            "name": "GAURIPUR",
                                            "id": "89af4299-90a2-4e9e-a201-d090d4f0a26a",
                                            "state": {
                                                "id": "f6395340-53b2-4824-8252-ef3a164b8446",
                                                "name": "MAYMENSINGH"
                                            }
                                        },
                                        {
                                            "name": "NANDAIL",
                                            "id": "4a7f82e3-e7f0-4dc1-b216-475ae369c902",
                                            "state": {
                                                "id": "f6395340-53b2-4824-8252-ef3a164b8446",
                                                "name": "MAYMENSINGH"
                                            }
                                        },
                                        {
                                            "name": "PHULPUR",
                                            "id": "e7f43bd5-defe-4d78-a9ea-8394b2d85ae8",
                                            "state": {
                                                "id": "f6395340-53b2-4824-8252-ef3a164b8446",
                                                "name": "MAYMENSINGH"
                                            }
                                        },
                                        {
                                            "name": "ISHWARGANJ",
                                            "id": "343276b0-a108-4b67-aa9f-6ff2eecfa3f1",
                                            "state": {
                                                "id": "f6395340-53b2-4824-8252-ef3a164b8446",
                                                "name": "MAYMENSINGH"
                                            }
                                        },
                                        {
                                            "name": "HALUAGHAT",
                                            "id": "b3cf9a18-0480-4a79-b898-0c9558158569",
                                            "state": {
                                                "id": "f6395340-53b2-4824-8252-ef3a164b8446",
                                                "name": "MAYMENSINGH"
                                            }
                                        },
                                        {
                                            "name": "MYMENSINGH_SADAR",
                                            "id": "944d5c60-96f6-4b1b-9245-57a7d1b8f80c",
                                            "state": {
                                                "id": "f6395340-53b2-4824-8252-ef3a164b8446",
                                                "name": "MAYMENSINGH"
                                            }
                                        },
                                        {
                                            "name": "TRISHAL",
                                            "id": "b54f2e4f-fadd-4386-a7fe-e29c806df77b",
                                            "state": {
                                                "id": "f6395340-53b2-4824-8252-ef3a164b8446",
                                                "name": "MAYMENSINGH"
                                            }
                                        },
                                        {
                                            "name": "DHOBAURA",
                                            "id": "90e06f5e-7571-4ce8-a713-53b94b2b6770",
                                            "state": {
                                                "id": "f6395340-53b2-4824-8252-ef3a164b8446",
                                                "name": "MAYMENSINGH"
                                            }
                                        },
                                        {
                                            "name": "BHALUKA",
                                            "id": "34920b68-a4b6-444b-95f5-d072d29fc1eb",
                                            "state": {
                                                "id": "f6395340-53b2-4824-8252-ef3a164b8446",
                                                "name": "MAYMENSINGH"
                                            }
                                        }
                                    ]
                                },
                                {
                                    "id": "bbed7d2c-59fb-43ce-a03c-8abd7a9f8f18",
                                    "name": "NARSINGDI",
                                    "upazilas": [
                                        {
                                            "name": "SHIBPUR",
                                            "id": "189fa0e5-3fba-4bb7-a1fa-1244de4d259c",
                                            "state": {
                                                "id": "9c75a95b-9f42-4ca9-a152-78c492590a6f",
                                                "name": "DHAKA"
                                            }
                                        },
                                        {
                                            "name": "MONOHARDI",
                                            "id": "243e2783-eb7e-4284-9ad6-461870dc8937",
                                            "state": {
                                                "id": "9c75a95b-9f42-4ca9-a152-78c492590a6f",
                                                "name": "DHAKA"
                                            }
                                        },
                                        {
                                            "name": "BELABO",
                                            "id": "785efd52-cefe-46f7-9a57-3a0b9ff6e8f6",
                                            "state": {
                                                "id": "9c75a95b-9f42-4ca9-a152-78c492590a6f",
                                                "name": "DHAKA"
                                            }
                                        },
                                        {
                                            "name": "RAIPURA, NARSINGDI",
                                            "id": "62845bb0-be44-48d6-a163-908e4b35b7fb",
                                            "state": {
                                                "id": "9c75a95b-9f42-4ca9-a152-78c492590a6f",
                                                "name": "DHAKA"
                                            }
                                        },
                                        {
                                            "name": "NARSINGDI_SADAR",
                                            "id": "06b56b35-2e12-44ba-b18f-22cd4d6ecb98",
                                            "state": {
                                                "id": "9c75a95b-9f42-4ca9-a152-78c492590a6f",
                                                "name": "DHAKA"
                                            }
                                        },
                                        {
                                            "name": "PALASH",
                                            "id": "ccd33f77-057f-4819-bdf6-a7da5785e2c5",
                                            "state": {
                                                "id": "9c75a95b-9f42-4ca9-a152-78c492590a6f",
                                                "name": "DHAKA"
                                            }
                                        }
                                    ]
                                },
                                {
                                    "id": "8b99d1ec-6c05-4e8e-b708-8216c9690652",
                                    "name": "RAJBARI",
                                    "upazilas": [
                                        {
                                            "name": "KALUKHALI",
                                            "id": "ad20fd23-08a0-4422-a4ce-2d664b65fc2e",
                                            "state": {
                                                "id": "9c75a95b-9f42-4ca9-a152-78c492590a6f",
                                                "name": "DHAKA"
                                            }
                                        },
                                        {
                                            "name": "RAJBARI_SADAR",
                                            "id": "a60723aa-280a-4b8b-a4fd-b2fa0323c4c4",
                                            "state": {
                                                "id": "9c75a95b-9f42-4ca9-a152-78c492590a6f",
                                                "name": "DHAKA"
                                            }
                                        },
                                        {
                                            "name": "BALIAKANDI",
                                            "id": "a654e917-d396-4a82-9e9d-9ab7581b3c1b",
                                            "state": {
                                                "id": "9c75a95b-9f42-4ca9-a152-78c492590a6f",
                                                "name": "DHAKA"
                                            }
                                        },
                                        {
                                            "name": "GOALANDAGHAT",
                                            "id": "7de09957-126b-4fee-9833-49f637931f79",
                                            "state": {
                                                "id": "9c75a95b-9f42-4ca9-a152-78c492590a6f",
                                                "name": "DHAKA"
                                            }
                                        },
                                        {
                                            "name": "PANGSHA",
                                            "id": "532c2c8a-0a92-4c5c-9710-622eabaab454",
                                            "state": {
                                                "id": "9c75a95b-9f42-4ca9-a152-78c492590a6f",
                                                "name": "DHAKA"
                                            }
                                        }
                                    ]
                                },
                                {
                                    "id": "8a26a551-dbef-4fa9-b50c-17a7fe590b13",
                                    "name": "SIRAJGONJ",
                                    "upazilas": [
                                        {
                                            "name": "KAZIPUR",
                                            "id": "b1363ee2-d297-4f58-a353-d94bba646dd6",
                                            "state": {
                                                "id": "d68c68d2-108e-4635-93d1-28c44525f178",
                                                "name": "RAJSHAHI"
                                            }
                                        },
                                        {
                                            "name": "RAIGANJ",
                                            "id": "3b9f4a36-dc41-48ab-9261-4843e2dee251",
                                            "state": {
                                                "id": "d68c68d2-108e-4635-93d1-28c44525f178",
                                                "name": "RAJSHAHI"
                                            }
                                        },
                                        {
                                            "name": "BELKUCHI",
                                            "id": "346c0522-e283-421d-9991-d95c10faf7b8",
                                            "state": {
                                                "id": "d68c68d2-108e-4635-93d1-28c44525f178",
                                                "name": "RAJSHAHI"
                                            }
                                        },
                                        {
                                            "name": "KAMARKHANDA",
                                            "id": "0012b1ec-f07e-4956-8208-d99e74a19aa7",
                                            "state": {
                                                "id": "d68c68d2-108e-4635-93d1-28c44525f178",
                                                "name": "RAJSHAHI"
                                            }
                                        },
                                        {
                                            "name": "SIRAJGANJ_SADAR",
                                            "id": "983f7c6b-9831-4027-b0f9-0e909b74e4ab",
                                            "state": {
                                                "id": "d68c68d2-108e-4635-93d1-28c44525f178",
                                                "name": "RAJSHAHI"
                                            }
                                        },
                                        {
                                            "name": "CHAUHALI",
                                            "id": "fa6ccc95-c941-4284-8d9f-7c4624683e0c",
                                            "state": {
                                                "id": "d68c68d2-108e-4635-93d1-28c44525f178",
                                                "name": "RAJSHAHI"
                                            }
                                        },
                                        {
                                            "name": "TARASH",
                                            "id": "72d45478-f1c8-4317-a912-5f90a6033813",
                                            "state": {
                                                "id": "d68c68d2-108e-4635-93d1-28c44525f178",
                                                "name": "RAJSHAHI"
                                            }
                                        },
                                        {
                                            "name": "SHAHJADPUR",
                                            "id": "aba04480-80aa-4c49-94f5-54a5f8cec70c",
                                            "state": {
                                                "id": "d68c68d2-108e-4635-93d1-28c44525f178",
                                                "name": "RAJSHAHI"
                                            }
                                        },
                                        {
                                            "name": "ULLAHPARA",
                                            "id": "2b03ca99-77d6-4dac-8c30-72fd7820b170",
                                            "state": {
                                                "id": "d68c68d2-108e-4635-93d1-28c44525f178",
                                                "name": "RAJSHAHI"
                                            }
                                        }
                                    ]
                                },
                                {
                                    "id": "3b2a6a3c-5159-471d-abe6-9f4ebad7e6c1",
                                    "name": "MAGURA",
                                    "upazilas": [
                                        {
                                            "name": "SHALIKHA",
                                            "id": "a2705dba-cae2-4e3d-86f6-8ed9c08df535",
                                            "state": {
                                                "id": "642a6748-942f-473d-96c6-a6c1b2e00e05",
                                                "name": "KHULNA"
                                            }
                                        },
                                        {
                                            "name": "MOHAMMADPUR",
                                            "id": "53edb99e-47b4-4979-b3f5-3d80de1b7118",
                                            "state": {
                                                "id": "642a6748-942f-473d-96c6-a6c1b2e00e05",
                                                "name": "KHULNA"
                                            }
                                        },
                                        {
                                            "name": "MAGURA_SADAR",
                                            "id": "dd0bd5ac-d63d-407d-bcf5-ba24191b7cba",
                                            "state": {
                                                "id": "642a6748-942f-473d-96c6-a6c1b2e00e05",
                                                "name": "KHULNA"
                                            }
                                        },
                                        {
                                            "name": "SREEPUR",
                                            "id": "4e4122d5-c778-4303-823f-8a95b13f3f77",
                                            "state": {
                                                "id": "642a6748-942f-473d-96c6-a6c1b2e00e05",
                                                "name": "KHULNA"
                                            }
                                        }
                                    ]
                                },
                                {
                                    "id": "9dd946ca-b2e9-4369-9456-5d7c8308901c",
                                    "name": "JHALOKATI",
                                    "upazilas": [
                                        {
                                            "name": "RAJAPUR",
                                            "id": "595eceec-72ac-4b2a-a8c1-4d1a9d8c93dc",
                                            "state": {
                                                "id": "5cbbb439-96e7-4f60-bf2f-abddd0d03e7e",
                                                "name": "BARISAL"
                                            }
                                        },
                                        {
                                            "name": "NALCHITY",
                                            "id": "c16b84e6-4636-4559-9713-bbfb460be2ec",
                                            "state": {
                                                "id": "5cbbb439-96e7-4f60-bf2f-abddd0d03e7e",
                                                "name": "BARISAL"
                                            }
                                        },
                                        {
                                            "name": "JHALOKATI_SADAR",
                                            "id": "3c848ec1-c630-48f7-8327-8230e4d16846",
                                            "state": {
                                                "id": "5cbbb439-96e7-4f60-bf2f-abddd0d03e7e",
                                                "name": "BARISAL"
                                            }
                                        },
                                        {
                                            "name": "KATHALIA",
                                            "id": "98bbf847-31a1-4d55-a771-a5d045976cfe",
                                            "state": {
                                                "id": "5cbbb439-96e7-4f60-bf2f-abddd0d03e7e",
                                                "name": "BARISAL"
                                            }
                                        }
                                    ]
                                },
                                {
                                    "id": "e9431d37-c6a8-49a5-b5f5-3d8c14bc8ec7",
                                    "name": "LALMONIRHAT",
                                    "upazilas": [
                                        {
                                            "name": "KALIGANJ",
                                            "id": "40f7ed07-08b0-4244-9f65-17971aaeb6d2",
                                            "state": {
                                                "id": "b8c19906-b4fc-4745-ac93-af957934136b",
                                                "name": "RANGPUR"
                                            }
                                        },
                                        {
                                            "name": "LALMANIRHAT_SADAR",
                                            "id": "c3fdab30-b48f-484a-bcab-d8fdb8038626",
                                            "state": {
                                                "id": "b8c19906-b4fc-4745-ac93-af957934136b",
                                                "name": "RANGPUR"
                                            }
                                        },
                                        {
                                            "name": "HATIBANDHA",
                                            "id": "81a52b21-ee0e-4b30-af0e-077ef3b01cc5",
                                            "state": {
                                                "id": "b8c19906-b4fc-4745-ac93-af957934136b",
                                                "name": "RANGPUR"
                                            }
                                        },
                                        {
                                            "name": "ADITMARI",
                                            "id": "b4123b8d-af34-4c2f-8755-8c8d37c59e89",
                                            "state": {
                                                "id": "b8c19906-b4fc-4745-ac93-af957934136b",
                                                "name": "RANGPUR"
                                            }
                                        },
                                        {
                                            "name": "PATGRAM",
                                            "id": "bff9e973-cc00-4aaa-8e53-4ca5ff6dab3d",
                                            "state": {
                                                "id": "b8c19906-b4fc-4745-ac93-af957934136b",
                                                "name": "RANGPUR"
                                            }
                                        }
                                    ]
                                },
                                {
                                    "id": "3244a7d0-e432-4753-841f-cdbd7aa1f437",
                                    "name": "SHARIATPUR",
                                    "upazilas": [
                                        {
                                            "name": "NARIA",
                                            "id": "3e8850ed-a488-46ae-afa3-5b567c539ba2",
                                            "state": {
                                                "id": "9c75a95b-9f42-4ca9-a152-78c492590a6f",
                                                "name": "DHAKA"
                                            }
                                        },
                                        {
                                            "name": "BHEDARGANJ",
                                            "id": "088a2bdf-e98a-407a-9096-01143b440bf1",
                                            "state": {
                                                "id": "9c75a95b-9f42-4ca9-a152-78c492590a6f",
                                                "name": "DHAKA"
                                            }
                                        },
                                        {
                                            "name": "JAJIRA",
                                            "id": "c37722a7-f975-43ee-856b-2059735e3915",
                                            "state": {
                                                "id": "9c75a95b-9f42-4ca9-a152-78c492590a6f",
                                                "name": "DHAKA"
                                            }
                                        },
                                        {
                                            "name": "DAMUDYA",
                                            "id": "e5e20af1-f619-4df7-be4a-ee1958717815",
                                            "state": {
                                                "id": "9c75a95b-9f42-4ca9-a152-78c492590a6f",
                                                "name": "DHAKA"
                                            }
                                        },
                                        {
                                            "name": "SHARIATPUR_SADAR -PALONG",
                                            "id": "0d38ea96-e004-4fab-93d8-88216ca015ef",
                                            "state": {
                                                "id": "9c75a95b-9f42-4ca9-a152-78c492590a6f",
                                                "name": "DHAKA"
                                            }
                                        },
                                        {
                                            "name": "GOSAIRHAT",
                                            "id": "92f19d77-dcd7-4b5b-95bc-de0ca310248c",
                                            "state": {
                                                "id": "9c75a95b-9f42-4ca9-a152-78c492590a6f",
                                                "name": "DHAKA"
                                            }
                                        }
                                    ]
                                },
                                {
                                    "id": "dd4ed0a1-039e-4411-9337-e3bf3f9def9b",
                                    "name": "FENI",
                                    "upazilas": [
                                        {
                                            "name": "SONAGAZI",
                                            "id": "27efec53-92df-41c3-bc6a-9e81493d016d",
                                            "state": {
                                                "id": "d4e8944a-6e8f-4d6e-a313-2228cfe9a567",
                                                "name": "CHITTAGONG"
                                            }
                                        },
                                        {
                                            "name": "DAGANBHYAN",
                                            "id": "53afc9e2-06de-4aa2-b8b0-a05e8293b780",
                                            "state": {
                                                "id": "d4e8944a-6e8f-4d6e-a313-2228cfe9a567",
                                                "name": "CHITTAGONG"
                                            }
                                        },
                                        {
                                            "name": "PARSHURAM",
                                            "id": "49ff9838-f33c-474c-b129-2c9ae86e3ee4",
                                            "state": {
                                                "id": "d4e8944a-6e8f-4d6e-a313-2228cfe9a567",
                                                "name": "CHITTAGONG"
                                            }
                                        },
                                        {
                                            "name": "CHAGALNAIYA",
                                            "id": "04c3cb80-8635-455a-a5fa-84dbaa621b70",
                                            "state": {
                                                "id": "d4e8944a-6e8f-4d6e-a313-2228cfe9a567",
                                                "name": "CHITTAGONG"
                                            }
                                        },
                                        {
                                            "name": "FHULGAZI",
                                            "id": "3290d327-252d-4ac8-b994-c32aa5683ffa",
                                            "state": {
                                                "id": "d4e8944a-6e8f-4d6e-a313-2228cfe9a567",
                                                "name": "CHITTAGONG"
                                            }
                                        },
                                        {
                                            "name": "FENI_SADAR",
                                            "id": "d7952bf9-ddfa-4bc5-a8f0-41dfc66a892e",
                                            "state": {
                                                "id": "d4e8944a-6e8f-4d6e-a313-2228cfe9a567",
                                                "name": "CHITTAGONG"
                                            }
                                        }
                                    ]
                                },
                                {
                                    "id": "970ee245-d795-4373-923b-1d66e666d1a6",
                                    "name": "PATUAKHALI",
                                    "upazilas": [
                                        {
                                            "name": "PATUAKHALI_SADAR",
                                            "id": "afda7029-c236-44ba-b3df-5855d1e83414",
                                            "state": {
                                                "id": "5cbbb439-96e7-4f60-bf2f-abddd0d03e7e",
                                                "name": "BARISAL"
                                            }
                                        },
                                        {
                                            "name": "DASHMINA",
                                            "id": "89e2dffc-cb82-4fdd-9f42-8823500f1b10",
                                            "state": {
                                                "id": "5cbbb439-96e7-4f60-bf2f-abddd0d03e7e",
                                                "name": "BARISAL"
                                            }
                                        },
                                        {
                                            "name": "MIRZAGANJ",
                                            "id": "485e7d51-a1c0-4758-84c1-72129e770eba",
                                            "state": {
                                                "id": "5cbbb439-96e7-4f60-bf2f-abddd0d03e7e",
                                                "name": "BARISAL"
                                            }
                                        },
                                        {
                                            "name": "KALAPARA",
                                            "id": "0f279548-56c6-469b-931d-98f8666550f4",
                                            "state": {
                                                "id": "5cbbb439-96e7-4f60-bf2f-abddd0d03e7e",
                                                "name": "BARISAL"
                                            }
                                        },
                                        {
                                            "name": "GALACHIPA",
                                            "id": "fe4542b1-4c54-435c-93bf-7528621355b9",
                                            "state": {
                                                "id": "5cbbb439-96e7-4f60-bf2f-abddd0d03e7e",
                                                "name": "BARISAL"
                                            }
                                        },
                                        {
                                            "name": "BAUPHAL",
                                            "id": "3befd289-1458-4cfc-bc85-f929255b4161",
                                            "state": {
                                                "id": "5cbbb439-96e7-4f60-bf2f-abddd0d03e7e",
                                                "name": "BARISAL"
                                            }
                                        },
                                        {
                                            "name": "RANGABALI",
                                            "id": "fd694849-085a-4e6e-b708-fc06792067cf",
                                            "state": {
                                                "id": "5cbbb439-96e7-4f60-bf2f-abddd0d03e7e",
                                                "name": "BARISAL"
                                            }
                                        },
                                        {
                                            "name": "DUMKI",
                                            "id": "acde2384-2fcd-4771-bf87-1b5b08efe4a3",
                                            "state": {
                                                "id": "5cbbb439-96e7-4f60-bf2f-abddd0d03e7e",
                                                "name": "BARISAL"
                                            }
                                        }
                                    ]
                                },
                                {
                                    "id": "467a49c1-9b1e-4409-a811-a2541a28cc9d",
                                    "name": "RANGPUR",
                                    "upazilas": [
                                        {
                                            "name": "TARAGANJ",
                                            "id": "f3cafdc7-ff33-4c9a-bf41-e092493e5e1b",
                                            "state": {
                                                "id": "b8c19906-b4fc-4745-ac93-af957934136b",
                                                "name": "RANGPUR"
                                            }
                                        },
                                        {
                                            "name": "GANGACHARA",
                                            "id": "331ce02e-1f27-429d-9256-95faacb19759",
                                            "state": {
                                                "id": "b8c19906-b4fc-4745-ac93-af957934136b",
                                                "name": "RANGPUR"
                                            }
                                        },
                                        {
                                            "name": "BADARGANJ",
                                            "id": "23b5ff55-5742-48ae-9dc6-b15f225a1268",
                                            "state": {
                                                "id": "b8c19906-b4fc-4745-ac93-af957934136b",
                                                "name": "RANGPUR"
                                            }
                                        },
                                        {
                                            "name": "KAUNIA",
                                            "id": "ea59b48e-61b7-40d5-a041-3189f4143167",
                                            "state": {
                                                "id": "b8c19906-b4fc-4745-ac93-af957934136b",
                                                "name": "RANGPUR"
                                            }
                                        },
                                        {
                                            "name": "PIRGACHHA",
                                            "id": "513d1649-1f41-498e-ac2d-6912f8b2327d",
                                            "state": {
                                                "id": "b8c19906-b4fc-4745-ac93-af957934136b",
                                                "name": "RANGPUR"
                                            }
                                        },
                                        {
                                            "name": "MITHAPUKUR",
                                            "id": "d8e55f9d-f8ec-4027-a775-ffb34e90a6c2",
                                            "state": {
                                                "id": "b8c19906-b4fc-4745-ac93-af957934136b",
                                                "name": "RANGPUR"
                                            }
                                        },
                                        {
                                            "name": "RANGPUR_SADAR",
                                            "id": "c7f28afe-ce75-4b54-9eb0-8ad04f863a9d",
                                            "state": {
                                                "id": "b8c19906-b4fc-4745-ac93-af957934136b",
                                                "name": "RANGPUR"
                                            }
                                        }
                                    ]
                                },
                                {
                                    "id": "086915fc-d139-4e2e-839c-b38a5be1e5f6",
                                    "name": "GAIBANDHA",
                                    "upazilas": [
                                        {
                                            "name": "SAGHATA",
                                            "id": "7b7f1bed-05af-46ef-9a98-c4be724fd5e2",
                                            "state": {
                                                "id": "b8c19906-b4fc-4745-ac93-af957934136b",
                                                "name": "RANGPUR"
                                            }
                                        },
                                        {
                                            "name": "SUNDARGANJ",
                                            "id": "b3c77682-f3b2-43a0-b18f-ce0fde8cd30d",
                                            "state": {
                                                "id": "b8c19906-b4fc-4745-ac93-af957934136b",
                                                "name": "RANGPUR"
                                            }
                                        },
                                        {
                                            "name": "GAIBANDHA_SADAR",
                                            "id": "549a592d-7e92-4dba-98a2-ccf8988786d4",
                                            "state": {
                                                "id": "b8c19906-b4fc-4745-ac93-af957934136b",
                                                "name": "RANGPUR"
                                            }
                                        },
                                        {
                                            "name": "PALASHBARI",
                                            "id": "4ca323ee-31f6-4126-a12e-b8ac59881175",
                                            "state": {
                                                "id": "b8c19906-b4fc-4745-ac93-af957934136b",
                                                "name": "RANGPUR"
                                            }
                                        },
                                        {
                                            "name": "GOBINDAGANJ",
                                            "id": "f28adc54-023d-4585-9859-72797f1a509b",
                                            "state": {
                                                "id": "b8c19906-b4fc-4745-ac93-af957934136b",
                                                "name": "RANGPUR"
                                            }
                                        },
                                        {
                                            "name": "FULCHHARI",
                                            "id": "a2a7553c-a2bd-44e5-bd52-0a085246f0a3",
                                            "state": {
                                                "id": "b8c19906-b4fc-4745-ac93-af957934136b",
                                                "name": "RANGPUR"
                                            }
                                        },
                                        {
                                            "name": "SADULLAPUR",
                                            "id": "e9b50e9e-ac38-4969-b483-d3972f87cee4",
                                            "state": {
                                                "id": "b8c19906-b4fc-4745-ac93-af957934136b",
                                                "name": "RANGPUR"
                                            }
                                        }
                                    ]
                                },
                                {
                                    "id": "1c714c0b-021b-4301-a593-2c83a2313649",
                                    "name": "JASHORE",
                                    "upazilas": [
                                        {
                                            "name": "JESSORE_SADAR",
                                            "id": "42f61364-59f7-4623-9426-6cdc057ec349",
                                            "state": {
                                                "id": "642a6748-942f-473d-96c6-a6c1b2e00e05",
                                                "name": "KHULNA"
                                            }
                                        },
                                        {
                                            "name": "JHIKARGACHHA",
                                            "id": "e8528241-9712-4342-9aeb-09f71796e266",
                                            "state": {
                                                "id": "642a6748-942f-473d-96c6-a6c1b2e00e05",
                                                "name": "KHULNA"
                                            }
                                        },
                                        {
                                            "name": "CHAUGACHHA",
                                            "id": "12c0fdba-54d7-44c3-8261-799edb2af99c",
                                            "state": {
                                                "id": "642a6748-942f-473d-96c6-a6c1b2e00e05",
                                                "name": "KHULNA"
                                            }
                                        },
                                        {
                                            "name": "SHARSHA",
                                            "id": "cbf6f38e-583e-4ccc-b6d4-79af79fa8219",
                                            "state": {
                                                "id": "642a6748-942f-473d-96c6-a6c1b2e00e05",
                                                "name": "KHULNA"
                                            }
                                        },
                                        {
                                            "name": "MANIRAMPUR",
                                            "id": "d0720ff4-ff9b-465d-91e9-aa3c8b7786e6",
                                            "state": {
                                                "id": "642a6748-942f-473d-96c6-a6c1b2e00e05",
                                                "name": "KHULNA"
                                            }
                                        },
                                        {
                                            "name": "KESHABPUR",
                                            "id": "eb816407-8817-4b72-a245-aa3d26a6730a",
                                            "state": {
                                                "id": "642a6748-942f-473d-96c6-a6c1b2e00e05",
                                                "name": "KHULNA"
                                            }
                                        },
                                        {
                                            "name": "BAGHERPARA",
                                            "id": "57a33475-5412-4756-96a0-c856f6e69819",
                                            "state": {
                                                "id": "642a6748-942f-473d-96c6-a6c1b2e00e05",
                                                "name": "KHULNA"
                                            }
                                        }
                                    ]
                                },
                                {
                                    "id": "e6fbbbf2-76b6-454c-aab1-00bae43ee7fb",
                                    "name": "CHANDPUR",
                                    "upazilas": [
                                        {
                                            "name": "MATLAB UTTAR",
                                            "id": "063793f3-d840-4cd8-9b37-16b346b5802b",
                                            "state": {
                                                "id": "d4e8944a-6e8f-4d6e-a313-2228cfe9a567",
                                                "name": "CHITTAGONG"
                                            }
                                        },
                                        {
                                            "name": "CHANDPUR_SADAR",
                                            "id": "ed3e766b-5c5f-4898-9807-c60656a34d68",
                                            "state": {
                                                "id": "d4e8944a-6e8f-4d6e-a313-2228cfe9a567",
                                                "name": "CHITTAGONG"
                                            }
                                        },
                                        {
                                            "name": "FARIDGANJ",
                                            "id": "80004c2e-4af7-4c54-a08f-7c5eab9de5b7",
                                            "state": {
                                                "id": "d4e8944a-6e8f-4d6e-a313-2228cfe9a567",
                                                "name": "CHITTAGONG"
                                            }
                                        },
                                        {
                                            "name": "SHAHRASTI",
                                            "id": "ce322d53-bbdb-415b-8d13-45a8185dce83",
                                            "state": {
                                                "id": "d4e8944a-6e8f-4d6e-a313-2228cfe9a567",
                                                "name": "CHITTAGONG"
                                            }
                                        },
                                        {
                                            "name": "HAIMCHAR",
                                            "id": "b7b43526-46a4-48d6-8d67-f4c15ba2afe0",
                                            "state": {
                                                "id": "d4e8944a-6e8f-4d6e-a313-2228cfe9a567",
                                                "name": "CHITTAGONG"
                                            }
                                        },
                                        {
                                            "name": "MATLAB DAKKHIN",
                                            "id": "c099cd9b-69a4-4e70-9314-2d54f940fcd8",
                                            "state": {
                                                "id": "d4e8944a-6e8f-4d6e-a313-2228cfe9a567",
                                                "name": "CHITTAGONG"
                                            }
                                        },
                                        {
                                            "name": "HAZIGANJ",
                                            "id": "d4f9f2a0-9974-4d64-9cf0-139a6619407e",
                                            "state": {
                                                "id": "d4e8944a-6e8f-4d6e-a313-2228cfe9a567",
                                                "name": "CHITTAGONG"
                                            }
                                        }
                                    ]
                                },
                                {
                                    "id": "82157ea8-5e09-483d-82b6-7fbc0c15ead9",
                                    "name": "CHUADANGA",
                                    "upazilas": [
                                        {
                                            "name": "JIBANNAGAR",
                                            "id": "056bb4e6-8df9-4275-8bd0-5de51d1375e5",
                                            "state": {
                                                "id": "642a6748-942f-473d-96c6-a6c1b2e00e05",
                                                "name": "KHULNA"
                                            }
                                        },
                                        {
                                            "name": "DAMURHUDA",
                                            "id": "48021efd-36b5-4321-8505-e9d5d2388c27",
                                            "state": {
                                                "id": "642a6748-942f-473d-96c6-a6c1b2e00e05",
                                                "name": "KHULNA"
                                            }
                                        },
                                        {
                                            "name": "CHUADANGA-S",
                                            "id": "6074f64e-f724-4a45-89fa-45dd861ff000",
                                            "state": {
                                                "id": "642a6748-942f-473d-96c6-a6c1b2e00e05",
                                                "name": "KHULNA"
                                            }
                                        },
                                        {
                                            "name": "ALAMDANGA",
                                            "id": "d0578b99-4bb0-4dbd-9c2c-55ba5b2dd713",
                                            "state": {
                                                "id": "642a6748-942f-473d-96c6-a6c1b2e00e05",
                                                "name": "KHULNA"
                                            }
                                        }
                                    ]
                                },
                                {
                                    "id": "fdd90dd4-29f5-47e3-9c83-86247e30e011",
                                    "name": "MANIKGANJ",
                                    "upazilas": [
                                        {
                                            "name": "SATURIA",
                                            "id": "d9009b9c-883f-44b8-8510-e89dd74298ef",
                                            "state": {
                                                "id": "9c75a95b-9f42-4ca9-a152-78c492590a6f",
                                                "name": "DHAKA"
                                            }
                                        },
                                        {
                                            "name": "SHIBALAYA",
                                            "id": "ab1e982e-faba-4f99-93af-8be8a4fd5fe5",
                                            "state": {
                                                "id": "9c75a95b-9f42-4ca9-a152-78c492590a6f",
                                                "name": "DHAKA"
                                            }
                                        },
                                        {
                                            "name": "GHIOR",
                                            "id": "39c075ea-6975-49d4-9028-f904f0bf6c6c",
                                            "state": {
                                                "id": "9c75a95b-9f42-4ca9-a152-78c492590a6f",
                                                "name": "DHAKA"
                                            }
                                        },
                                        {
                                            "name": "HARIRAMPUR",
                                            "id": "a11e3d5b-0753-4029-9491-ea2ea72465aa",
                                            "state": {
                                                "id": "9c75a95b-9f42-4ca9-a152-78c492590a6f",
                                                "name": "DHAKA"
                                            }
                                        },
                                        {
                                            "name": "SINGAIR",
                                            "id": "f178d21b-89ed-42df-a9a3-21f108b44d28",
                                            "state": {
                                                "id": "9c75a95b-9f42-4ca9-a152-78c492590a6f",
                                                "name": "DHAKA"
                                            }
                                        },
                                        {
                                            "name": "MANIKGANJ_SADAR",
                                            "id": "75442244-e5ad-4289-8a34-d5615d19b3a4",
                                            "state": {
                                                "id": "9c75a95b-9f42-4ca9-a152-78c492590a6f",
                                                "name": "DHAKA"
                                            }
                                        }
                                    ]
                                },
                                {
                                    "id": "eb65d06c-18a8-4220-abbb-a4fc1de8f740",
                                    "name": "MUNSHIGANJ",
                                    "upazilas": [
                                        {
                                            "name": "GAZARIA",
                                            "id": "d93e5ad7-1fa9-453b-be01-f707de0dee0d",
                                            "state": {
                                                "id": "9c75a95b-9f42-4ca9-a152-78c492590a6f",
                                                "name": "DHAKA"
                                            }
                                        },
                                        {
                                            "name": "LOHAJANG",
                                            "id": "8de67669-ef24-4fc0-974d-614802bc635c",
                                            "state": {
                                                "id": "9c75a95b-9f42-4ca9-a152-78c492590a6f",
                                                "name": "DHAKA"
                                            }
                                        },
                                        {
                                            "name": "SREENAGAR",
                                            "id": "8f4bf6d0-176e-46a3-911b-50fa597f928a",
                                            "state": {
                                                "id": "9c75a95b-9f42-4ca9-a152-78c492590a6f",
                                                "name": "DHAKA"
                                            }
                                        },
                                        {
                                            "name": "MUNSHIGANJ_SADAR",
                                            "id": "d0ee788a-80bc-41a6-85c0-285852acb1c1",
                                            "state": {
                                                "id": "9c75a95b-9f42-4ca9-a152-78c492590a6f",
                                                "name": "DHAKA"
                                            }
                                        },
                                        {
                                            "name": "SIRAJDIKHAN",
                                            "id": "76276c1f-b0a4-4ad9-8994-f7056d23bcfd",
                                            "state": {
                                                "id": "9c75a95b-9f42-4ca9-a152-78c492590a6f",
                                                "name": "DHAKA"
                                            }
                                        },
                                        {
                                            "name": "TONGIBARI",
                                            "id": "632c71cf-94e4-43da-b567-79d0e8ddc66c",
                                            "state": {
                                                "id": "9c75a95b-9f42-4ca9-a152-78c492590a6f",
                                                "name": "DHAKA"
                                            }
                                        }
                                    ]
                                },
                                {
                                    "id": "27088eef-3fb2-45db-83f6-7b5820818817",
                                    "name": "KUSHTIA",
                                    "upazilas": [
                                        {
                                            "name": "KUMARKHALI",
                                            "id": "f172ffc4-fc9f-49de-956b-6385b8fd74d3",
                                            "state": {
                                                "id": "642a6748-942f-473d-96c6-a6c1b2e00e05",
                                                "name": "KHULNA"
                                            }
                                        },
                                        {
                                            "name": "BHERAMARA",
                                            "id": "7a6ae3eb-abfb-4059-9759-59fc79242f27",
                                            "state": {
                                                "id": "642a6748-942f-473d-96c6-a6c1b2e00e05",
                                                "name": "KHULNA"
                                            }
                                        },
                                        {
                                            "name": "KUSHTIA_SADAR",
                                            "id": "080eebe9-aace-48e8-81c5-85b575971f51",
                                            "state": {
                                                "id": "642a6748-942f-473d-96c6-a6c1b2e00e05",
                                                "name": "KHULNA"
                                            }
                                        },
                                        {
                                            "name": "MIRPUR",
                                            "id": "b652dbdd-b30a-4afb-886c-9d59c58a8c0e",
                                            "state": {
                                                "id": "642a6748-942f-473d-96c6-a6c1b2e00e05",
                                                "name": "KHULNA"
                                            }
                                        },
                                        {
                                            "name": "KHOKSA",
                                            "id": "2efbd4a2-b662-4471-a226-7feb55866616",
                                            "state": {
                                                "id": "642a6748-942f-473d-96c6-a6c1b2e00e05",
                                                "name": "KHULNA"
                                            }
                                        },
                                        {
                                            "name": "DAULATPUR",
                                            "id": "ca60c131-5d3d-4e69-a08a-e346ffaea90a",
                                            "state": {
                                                "id": "642a6748-942f-473d-96c6-a6c1b2e00e05",
                                                "name": "KHULNA"
                                            }
                                        }
                                    ]
                                },
                                {
                                    "id": "3f0b76be-22bf-4ac9-8a29-0dc53c9641c5",
                                    "name": "BOGURA",
                                    "upazilas": [
                                        {
                                            "name": "SHERPUR",
                                            "id": "27718256-3ec0-4b90-803d-2e077b4c6bb7",
                                            "state": {
                                                "id": "d68c68d2-108e-4635-93d1-28c44525f178",
                                                "name": "RAJSHAHI"
                                            }
                                        },
                                        {
                                            "name": "SARIAKANDI",
                                            "id": "c5843f0e-3bc2-4e45-b823-b5ca3c5c9991",
                                            "state": {
                                                "id": "d68c68d2-108e-4635-93d1-28c44525f178",
                                                "name": "RAJSHAHI"
                                            }
                                        },
                                        {
                                            "name": "NANDIGRAM",
                                            "id": "1085c7de-e430-45fc-970e-79f4336a854a",
                                            "state": {
                                                "id": "d68c68d2-108e-4635-93d1-28c44525f178",
                                                "name": "RAJSHAHI"
                                            }
                                        },
                                        {
                                            "name": "ADAMDIGHI",
                                            "id": "d4fb9820-bf93-498b-bbd9-68c432008c8b",
                                            "state": {
                                                "id": "d68c68d2-108e-4635-93d1-28c44525f178",
                                                "name": "RAJSHAHI"
                                            }
                                        },
                                        {
                                            "name": "DHUNAT",
                                            "id": "4ae13d59-e9e4-47c7-afc0-9f8bfa03e321",
                                            "state": {
                                                "id": "d68c68d2-108e-4635-93d1-28c44525f178",
                                                "name": "RAJSHAHI"
                                            }
                                        },
                                        {
                                            "name": "GABTALI",
                                            "id": "23160f5f-aec6-4b0b-81c4-5aa895621020",
                                            "state": {
                                                "id": "d68c68d2-108e-4635-93d1-28c44525f178",
                                                "name": "RAJSHAHI"
                                            }
                                        },
                                        {
                                            "name": "SONATALA",
                                            "id": "72bf0fce-8301-4e93-b9ce-e7b776e5bd6f",
                                            "state": {
                                                "id": "d68c68d2-108e-4635-93d1-28c44525f178",
                                                "name": "RAJSHAHI"
                                            }
                                        },
                                        {
                                            "name": "BOGRA_SADAR",
                                            "id": "dcf677c9-ffde-466c-a5fd-72d273586b19",
                                            "state": {
                                                "id": "d68c68d2-108e-4635-93d1-28c44525f178",
                                                "name": "RAJSHAHI"
                                            }
                                        },
                                        {
                                            "name": "SAHAJANPUR",
                                            "id": "bfaadb41-661b-4556-8b5c-6d8a2611e817",
                                            "state": {
                                                "id": "d68c68d2-108e-4635-93d1-28c44525f178",
                                                "name": "RAJSHAHI"
                                            }
                                        },
                                        {
                                            "name": "KAHALOO",
                                            "id": "303a6199-9118-46c1-b9ec-68e991107bb5",
                                            "state": {
                                                "id": "d68c68d2-108e-4635-93d1-28c44525f178",
                                                "name": "RAJSHAHI"
                                            }
                                        },
                                        {
                                            "name": "DHUPCHANCHIA",
                                            "id": "25c404c7-009d-4b24-aa5b-8b2a8de06f02",
                                            "state": {
                                                "id": "d68c68d2-108e-4635-93d1-28c44525f178",
                                                "name": "RAJSHAHI"
                                            }
                                        }
                                    ]
                                },
                                {
                                    "id": "acac9cb9-207c-48b8-bf7f-2bb26c3cbaf3",
                                    "name": "SUNAMGANJ",
                                    "upazilas": [
                                        {
                                            "name": "DOWARABAZAR",
                                            "id": "cff4ac7e-408b-4f6b-87ab-3009304229e8",
                                            "state": {
                                                "id": "2f2f0cc1-587a-4dad-a3f0-83c0bac697ec",
                                                "name": "SYLHET"
                                            }
                                        },
                                        {
                                            "name": "JAMALGANJ",
                                            "id": "dc3ee901-0d99-4235-9097-9392156a30b2",
                                            "state": {
                                                "id": "2f2f0cc1-587a-4dad-a3f0-83c0bac697ec",
                                                "name": "SYLHET"
                                            }
                                        },
                                        {
                                            "name": "SUNAMGANJ_SADAR",
                                            "id": "4fef6ecc-27ee-4547-b1f2-cac270075800",
                                            "state": {
                                                "id": "2f2f0cc1-587a-4dad-a3f0-83c0bac697ec",
                                                "name": "SYLHET"
                                            }
                                        },
                                        {
                                            "name": "CHHATAK",
                                            "id": "2850075b-f85b-4b3e-9464-fb094fdab0d1",
                                            "state": {
                                                "id": "2f2f0cc1-587a-4dad-a3f0-83c0bac697ec",
                                                "name": "SYLHET"
                                            }
                                        },
                                        {
                                            "name": "BISHWAMVARPUR",
                                            "id": "bd2a5b8d-2db7-4457-890f-cb7949ab679b",
                                            "state": {
                                                "id": "2f2f0cc1-587a-4dad-a3f0-83c0bac697ec",
                                                "name": "SYLHET"
                                            }
                                        },
                                        {
                                            "name": "TAHIRPUR",
                                            "id": "e629bf90-c502-4b6a-ab23-1c0e2ed8c422",
                                            "state": {
                                                "id": "2f2f0cc1-587a-4dad-a3f0-83c0bac697ec",
                                                "name": "SYLHET"
                                            }
                                        },
                                        {
                                            "name": "SHANTHIGANJ",
                                            "id": "1d7a3c9c-c35f-4813-a587-a3b823c24929",
                                            "state": {
                                                "id": "2f2f0cc1-587a-4dad-a3f0-83c0bac697ec",
                                                "name": "SYLHET"
                                            }
                                        },
                                        {
                                            "name": "DHARAMPASHA",
                                            "id": "eef5310f-38fa-46a5-8c0d-1a1921b45c75",
                                            "state": {
                                                "id": "2f2f0cc1-587a-4dad-a3f0-83c0bac697ec",
                                                "name": "SYLHET"
                                            }
                                        },
                                        {
                                            "name": "DERAI",
                                            "id": "cdd49f46-021e-402f-b1e9-bab17bf44714",
                                            "state": {
                                                "id": "2f2f0cc1-587a-4dad-a3f0-83c0bac697ec",
                                                "name": "SYLHET"
                                            }
                                        },
                                        {
                                            "name": "SULLA",
                                            "id": "f4446cae-89b8-4db4-844b-d46ac7d71a8d",
                                            "state": {
                                                "id": "2f2f0cc1-587a-4dad-a3f0-83c0bac697ec",
                                                "name": "SYLHET"
                                            }
                                        },
                                        {
                                            "name": "MODHYANAGAR",
                                            "id": "f2eb6c8d-a10e-4f30-bf84-758a716f9e5b",
                                            "state": {
                                                "id": "2f2f0cc1-587a-4dad-a3f0-83c0bac697ec",
                                                "name": "SYLHET"
                                            }
                                        },
                                        {
                                            "name": "JAGANNATHPUR",
                                            "id": "ed7e25d5-9cae-409c-b4b6-ec487ae79e26",
                                            "state": {
                                                "id": "2f2f0cc1-587a-4dad-a3f0-83c0bac697ec",
                                                "name": "SYLHET"
                                            }
                                        }
                                    ]
                                },
                                {
                                    "id": "440478fc-7e81-4b0e-9e11-7a30d0240c6a",
                                    "name": "THAKURGAON",
                                    "upazilas": [
                                        {
                                            "name": "RANISANKAIL",
                                            "id": "3fe1bae0-b945-47c8-b858-143e99d1345c",
                                            "state": {
                                                "id": "b8c19906-b4fc-4745-ac93-af957934136b",
                                                "name": "RANGPUR"
                                            }
                                        },
                                        {
                                            "name": "BALIADANGI",
                                            "id": "bc011048-a141-4782-80e6-1de7933f976f",
                                            "state": {
                                                "id": "b8c19906-b4fc-4745-ac93-af957934136b",
                                                "name": "RANGPUR"
                                            }
                                        },
                                        {
                                            "name": "THAKURGAON_SADAR",
                                            "id": "e76216bc-9591-448d-bdd2-f11337f1d167",
                                            "state": {
                                                "id": "b8c19906-b4fc-4745-ac93-af957934136b",
                                                "name": "RANGPUR"
                                            }
                                        },
                                        {
                                            "name": "HARIPUR",
                                            "id": "a057fd71-762f-4e3b-94c4-b0c25f1330e1",
                                            "state": {
                                                "id": "b8c19906-b4fc-4745-ac93-af957934136b",
                                                "name": "RANGPUR"
                                            }
                                        },
                                        {
                                            "name": "PIRGANJ",
                                            "id": "6f84b588-ac8a-4a62-b9ea-5d2ca913c00c",
                                            "state": {
                                                "id": "b8c19906-b4fc-4745-ac93-af957934136b",
                                                "name": "RANGPUR"
                                            }
                                        }
                                    ]
                                },
                                {
                                    "id": "7597f272-f003-4db4-8568-e8f45cb1a56d",
                                    "name": "PANCHAGARH",
                                    "upazilas": [
                                        {
                                            "name": "TETULIA",
                                            "id": "4f9f299d-6613-41be-ab21-4997945547c1",
                                            "state": {
                                                "id": "b8c19906-b4fc-4745-ac93-af957934136b",
                                                "name": "RANGPUR"
                                            }
                                        },
                                        {
                                            "name": "ATWARI",
                                            "id": "1a02f5b1-d095-4d55-9d14-045721e6c40d",
                                            "state": {
                                                "id": "b8c19906-b4fc-4745-ac93-af957934136b",
                                                "name": "RANGPUR"
                                            }
                                        },
                                        {
                                            "name": "BODA",
                                            "id": "d005e319-3338-4877-936c-c01c42003faf",
                                            "state": {
                                                "id": "b8c19906-b4fc-4745-ac93-af957934136b",
                                                "name": "RANGPUR"
                                            }
                                        },
                                        {
                                            "name": "PANCHAGARH_SADAR",
                                            "id": "7c487b8b-afc0-426f-a5a3-2df6ca17e2b7",
                                            "state": {
                                                "id": "b8c19906-b4fc-4745-ac93-af957934136b",
                                                "name": "RANGPUR"
                                            }
                                        },
                                        {
                                            "name": "DEBIGANJ",
                                            "id": "c69f7be1-f80c-49a0-a422-816cc0aedbe2",
                                            "state": {
                                                "id": "b8c19906-b4fc-4745-ac93-af957934136b",
                                                "name": "RANGPUR"
                                            }
                                        }
                                    ]
                                },
                                {
                                    "id": "02e94441-6145-4fbc-b185-7147f9433b0d",
                                    "name": "KHAGRACHARI",
                                    "upazilas": [
                                        {
                                            "name": "LAKSHMICHHARI",
                                            "id": "15bb16dd-f946-4d7f-ba1a-3833795ce9ae",
                                            "state": {
                                                "id": "d4e8944a-6e8f-4d6e-a313-2228cfe9a567",
                                                "name": "CHITTAGONG"
                                            }
                                        },
                                        {
                                            "name": "MANIKCHHARI",
                                            "id": "7ccab6c5-4db7-4c96-b5c2-f9bf8f4b4b2e",
                                            "state": {
                                                "id": "d4e8944a-6e8f-4d6e-a313-2228cfe9a567",
                                                "name": "CHITTAGONG"
                                            }
                                        },
                                        {
                                            "name": "MAHALCHHARI",
                                            "id": "8d6273ce-8713-4857-8d7f-645ec8cf7b49",
                                            "state": {
                                                "id": "d4e8944a-6e8f-4d6e-a313-2228cfe9a567",
                                                "name": "CHITTAGONG"
                                            }
                                        },
                                        {
                                            "name": "DIGHINALA",
                                            "id": "56d905ea-5cc1-4c95-aa62-a369fa67ef86",
                                            "state": {
                                                "id": "d4e8944a-6e8f-4d6e-a313-2228cfe9a567",
                                                "name": "CHITTAGONG"
                                            }
                                        },
                                        {
                                            "name": "MATIRANGA",
                                            "id": "5a40f09b-f1fc-4a4c-9339-7242810be320",
                                            "state": {
                                                "id": "d4e8944a-6e8f-4d6e-a313-2228cfe9a567",
                                                "name": "CHITTAGONG"
                                            }
                                        },
                                        {
                                            "name": "PANCHHARI",
                                            "id": "72bf30e6-6965-4134-82ee-942435bf0cf8",
                                            "state": {
                                                "id": "d4e8944a-6e8f-4d6e-a313-2228cfe9a567",
                                                "name": "CHITTAGONG"
                                            }
                                        },
                                        {
                                            "name": "KHAGRACHHARI",
                                            "id": "0b5ba0d4-cf95-4748-a05d-3243c24b9c2b",
                                            "state": {
                                                "id": "d4e8944a-6e8f-4d6e-a313-2228cfe9a567",
                                                "name": "CHITTAGONG"
                                            }
                                        },
                                        {
                                            "name": "RAMGARH",
                                            "id": "3a985352-6aac-42ca-9d46-0104299d9d5b",
                                            "state": {
                                                "id": "d4e8944a-6e8f-4d6e-a313-2228cfe9a567",
                                                "name": "CHITTAGONG"
                                            }
                                        }
                                    ]
                                },
                                {
                                    "id": "2bdb9cb8-429c-4c87-8651-44eb75bba39f",
                                    "name": "RANGAMATI",
                                    "upazilas": [
                                        {
                                            "name": "KAPTAI",
                                            "id": "b1e5c4ba-9a01-40d7-ae06-e2eff4512f64",
                                            "state": {
                                                "id": "d4e8944a-6e8f-4d6e-a313-2228cfe9a567",
                                                "name": "CHITTAGONG"
                                            }
                                        },
                                        {
                                            "name": "BELAICHHARI",
                                            "id": "66e451b0-a6e5-4797-ae4e-6e3337e8f656",
                                            "state": {
                                                "id": "d4e8944a-6e8f-4d6e-a313-2228cfe9a567",
                                                "name": "CHITTAGONG"
                                            }
                                        },
                                        {
                                            "name": "LANGADU",
                                            "id": "b0ec8354-8a29-4b89-b657-29036d5ff491",
                                            "state": {
                                                "id": "d4e8944a-6e8f-4d6e-a313-2228cfe9a567",
                                                "name": "CHITTAGONG"
                                            }
                                        },
                                        {
                                            "name": "BAGAICHHARI",
                                            "id": "ab30a268-d429-4a3b-ac46-d6b3962a9746",
                                            "state": {
                                                "id": "d4e8944a-6e8f-4d6e-a313-2228cfe9a567",
                                                "name": "CHITTAGONG"
                                            }
                                        },
                                        {
                                            "name": "BARKAL",
                                            "id": "07a7db0e-69ce-417d-8268-7bebb57c11ae",
                                            "state": {
                                                "id": "d4e8944a-6e8f-4d6e-a313-2228cfe9a567",
                                                "name": "CHITTAGONG"
                                            }
                                        },
                                        {
                                            "name": "KAUKHALI",
                                            "id": "303fd905-dc54-4d74-8371-dfc1f477bfc9",
                                            "state": {
                                                "id": "d4e8944a-6e8f-4d6e-a313-2228cfe9a567",
                                                "name": "CHITTAGONG"
                                            }
                                        },
                                        {
                                            "name": "RAJASTHALI",
                                            "id": "1fcbd368-6caa-4dbd-a9fa-2a00e89e77fc",
                                            "state": {
                                                "id": "d4e8944a-6e8f-4d6e-a313-2228cfe9a567",
                                                "name": "CHITTAGONG"
                                            }
                                        },
                                        {
                                            "name": "JURAICHHARI",
                                            "id": "3f4328c9-7b1e-40e9-ad79-d66389645310",
                                            "state": {
                                                "id": "d4e8944a-6e8f-4d6e-a313-2228cfe9a567",
                                                "name": "CHITTAGONG"
                                            }
                                        },
                                        {
                                            "name": "NANNERCHAR",
                                            "id": "fb57848d-e0b9-4051-816c-712fac450852",
                                            "state": {
                                                "id": "d4e8944a-6e8f-4d6e-a313-2228cfe9a567",
                                                "name": "CHITTAGONG"
                                            }
                                        },
                                        {
                                            "name": "RANGAMATI_SADAR",
                                            "id": "1f383e09-c643-4780-a625-02d83259cd37",
                                            "state": {
                                                "id": "d4e8944a-6e8f-4d6e-a313-2228cfe9a567",
                                                "name": "CHITTAGONG"
                                            }
                                        }
                                    ]
                                }
                            ]
                        },
                        {
                            "name": "Pakistan",
                            "id": "bc79ebd2-95a6-46e5-8ade-e7f494021b83",
                            "districts": [
                                
                            ]
                        },
                        {
                            "name": "India",
                            "id": "82ec6692-b098-4803-8cc0-8df58d65ed10",
                            "districts": [
                                
                            ]
                        }
                    ]
                }
            },
            {
                "id": "bf0dafd8-ebe6-4b98-86ab-ed8e16475794",
                "region": {
                    "countries": [
                        {
                            "name": "Jordan",
                            "id": "57d77108-7390-4d8b-9175-09fa2278972f",
                            "districts": [
                                
                            ]
                        },
                        {
                            "name": "Yemen",
                            "id": "e36259b6-c350-4fdc-83dc-bfdbe04765d1",
                            "districts": [
                                
                            ]
                        },
                        {
                            "name": "Bahrain",
                            "id": "cb7d2601-26e1-4af4-b27c-1130bc908636",
                            "districts": [
                                
                            ]
                        },
                        {
                            "name": "Armenia",
                            "id": "8f0fda5d-e346-4016-8651-38bc0a9db13f",
                            "districts": [
                                
                            ]
                        },
                        {
                            "name": "Kuwait",
                            "id": "04c19ad3-d5fd-4432-be03-d0f3aa0bfef4",
                            "districts": [
                                
                            ]
                        },
                        {
                            "name": "United Arab Emirates",
                            "id": "191f578d-d3e2-49a4-803c-012c36fae6b8",
                            "districts": [
                                
                            ]
                        },
                        {
                            "name": "Lebanon",
                            "id": "7d6074eb-b44c-4e01-b064-9e67695b896b",
                            "districts": [
                                
                            ]
                        },
                        {
                            "name": "Singapore",
                            "id": "20786ba0-66e7-4c86-9e62-e27456f80ed0",
                            "districts": [
                                
                            ]
                        },
                        {
                            "name": "Palestine, State of",
                            "id": "c4dbf9dc-caad-4b9b-ab84-a178363717f4",
                            "districts": [
                                
                            ]
                        },
                        {
                            "name": "Syrian Arab Republic",
                            "id": "33760701-153e-4220-b9fa-ec4342d2f0e4",
                            "districts": [
                                
                            ]
                        },
                        {
                            "name": "Georgia",
                            "id": "371dea3e-0fa3-45de-898c-05dc08e4da37",
                            "districts": [
                                
                            ]
                        },
                        {
                            "name": "Oman",
                            "id": "ebba5457-cf3a-4c92-a296-c9304075a083",
                            "districts": [
                                
                            ]
                        },
                        {
                            "name": "Azerbaijan",
                            "id": "bf0dafd8-ebe6-4b98-86ab-ed8e16475794",
                            "districts": [
                                
                            ]
                        },
                        {
                            "name": "Philippines",
                            "id": "bd3959ff-aabe-46fa-ac07-055e8436407e",
                            "districts": [
                                
                            ]
                        },
                        {
                            "name": "Israel",
                            "id": "b9435680-f62e-4437-9179-0584ae6af227",
                            "districts": [
                                
                            ]
                        },
                        {
                            "name": "Turkey",
                            "id": "eb6d71b2-8583-4c12-9063-5439639e4817",
                            "districts": [
                                
                            ]
                        },
                        {
                            "name": "Qatar",
                            "id": "6bedb61d-4a24-414a-9ddd-adb4cc1cc389",
                            "districts": [
                                
                            ]
                        },
                        {
                            "name": "Cyprus",
                            "id": "9683b8ba-efbf-4e28-9a27-6d2108466189",
                            "districts": [
                                
                            ]
                        },
                        {
                            "name": "Iraq",
                            "id": "ea4c7ed2-9ce9-4151-9531-ff9af85def73",
                            "districts": [
                                
                            ]
                        },
                        {
                            "name": "Saudi Arabia",
                            "id": "b2d5c8d1-21a7-433a-a592-38268c29f913",
                            "districts": [
                                
                            ]
                        }
                    ]
                }
            },
            {
                "id": "06702720-9c60-4210-8eed-8824f1cc80c2",
                "region": {
                    "countries": [
                        {
                            "name": "Angola",
                            "id": "5e9f919f-2d42-42ec-8b6c-adf7f7b3cd0b",
                            "districts": [
                                
                            ]
                        },
                        {
                            "name": "Cabo Verde",
                            "id": "e5489353-76dd-4d8d-b61e-d349c6356c68",
                            "districts": [
                                
                            ]
                        },
                        {
                            "name": "Mali",
                            "id": "dd9791d1-fea1-4b9d-9076-37e499de6307",
                            "districts": [
                                
                            ]
                        },
                        {
                            "name": "British Indian Ocean Territory",
                            "id": "20479535-b47b-41ba-8cab-b7024bd8ec82",
                            "districts": [
                                
                            ]
                        },
                        {
                            "name": "Gambia",
                            "id": "efec8f57-a2fb-4f95-b662-d72b21d301ed",
                            "districts": [
                                
                            ]
                        },
                        {
                            "name": "Zambia",
                            "id": "4992bec5-10a9-49df-ad13-69aa7cdcfef6",
                            "districts": [
                                
                            ]
                        },
                        {
                            "name": "Eswatini",
                            "id": "d044d249-e941-47bb-8fae-8cab328ca575",
                            "districts": [
                                
                            ]
                        },
                        {
                            "name": "Mayotte",
                            "id": "f4b83278-abe2-46f6-b0c0-50eceba9a35f",
                            "districts": [
                                
                            ]
                        },
                        {
                            "name": "Burundi",
                            "id": "310ab811-40b5-48da-8a66-e7562f4cf9d1",
                            "districts": [
                                
                            ]
                        },
                        {
                            "name": "Liberia",
                            "id": "86d6e276-b027-4cf8-ad4d-c4793b3425cf",
                            "districts": [
                                
                            ]
                        },
                        {
                            "name": "Mauritius",
                            "id": "a06fe50f-4ff3-483a-83c6-01ce4068ab36",
                            "districts": [
                                
                            ]
                        },
                        {
                            "name": "Sao Tome and Principe",
                            "id": "712df7d0-5d1b-401b-a832-911354b38baf",
                            "districts": [
                                
                            ]
                        },
                        {
                            "name": "Senegal",
                            "id": "990cb125-2ede-4648-b5d4-698d0e6ad712",
                            "districts": [
                                
                            ]
                        },
                        {
                            "name": "Botswana",
                            "id": "f177f103-59bd-4527-831e-101af0a373bd",
                            "districts": [
                                
                            ]
                        },
                        {
                            "name": "Rwanda",
                            "id": "5507db6a-9757-40e2-a498-f8cb8df70fb8",
                            "districts": [
                                
                            ]
                        },
                        {
                            "name": "Niger",
                            "id": "74150778-002b-4ca3-a064-41c5cad3f026",
                            "districts": [
                                
                            ]
                        },
                        {
                            "name": "Benin",
                            "id": "ec5d7439-de38-46d4-8a31-7b23b9525984",
                            "districts": [
                                
                            ]
                        },
                        {
                            "name": "Réunion",
                            "id": "e0f20522-cffc-4e66-8e7d-9334f35fce95",
                            "districts": [
                                
                            ]
                        },
                        {
                            "name": "South Africa",
                            "id": "9a7647d2-60ca-429d-90e5-905edaff872c",
                            "districts": [
                                
                            ]
                        },
                        {
                            "name": "Ghana",
                            "id": "9662349e-2c36-496a-83d5-6f746ae768a7",
                            "districts": [
                                
                            ]
                        },
                        {
                            "name": "Congo",
                            "id": "33c8a05e-4d63-49cd-a5f1-0f4a1d5ab13e",
                            "districts": [
                                
                            ]
                        },
                        {
                            "name": "Guinea-Bissau",
                            "id": "64d1845d-1963-40bc-a31b-1f45084f1644",
                            "districts": [
                                
                            ]
                        },
                        {
                            "name": "Togo",
                            "id": "9d383757-b95f-44da-b535-3887ed82679f",
                            "districts": [
                                
                            ]
                        },
                        {
                            "name": "Namibia",
                            "id": "cf9f295f-bf4c-4a8b-8738-53c6a9ed55b1",
                            "districts": [
                                
                            ]
                        },
                        {
                            "name": "Djibouti",
                            "id": "ba974fdc-3dea-4b6b-a2f3-34624faa59a7",
                            "districts": [
                                
                            ]
                        },
                        {
                            "name": "Gabon",
                            "id": "8f6be81f-6b58-4a61-b684-5c2d620a0e74",
                            "districts": [
                                
                            ]
                        },
                        {
                            "name": "Lesotho",
                            "id": "300752f4-088e-403c-95b0-7a670c09f8cc",
                            "districts": [
                                
                            ]
                        },
                        {
                            "name": "Madagascar",
                            "id": "eb4c5e71-f839-4f3c-8e93-49ef57f4fe8d",
                            "districts": [
                                
                            ]
                        },
                        {
                            "name": "Uganda",
                            "id": "b1693449-e104-47c0-94db-f55cc6c850d5",
                            "districts": [
                                
                            ]
                        },
                        {
                            "name": "Côte d\"Ivoire",
                            "id": "59276e01-0d64-487a-aec6-332ae91f9909",
                            "districts": [
                                
                            ]
                        },
                        {
                            "name": "Nigeria",
                            "id": "3c94aa61-055d-4c38-a40b-67dff395beda",
                            "districts": [
                                
                            ]
                        },
                        {
                            "name": "Zimbabwe",
                            "id": "bfbf9853-bae3-4e57-b7cd-1e9228e8b1f3",
                            "districts": [
                                
                            ]
                        },
                        {
                            "name": "Seychelles",
                            "id": "4c63d1f6-87ba-45f1-9414-eb22bfba46c2",
                            "districts": [
                                
                            ]
                        },
                        {
                            "name": "Cameroon",
                            "id": "0495fba0-693d-433a-a9ef-6bc2ccab6093",
                            "districts": [
                                
                            ]
                        },
                        {
                            "name": "Guinea",
                            "id": "eda1a6fb-f95b-4664-b352-8a468c499b34",
                            "districts": [
                                
                            ]
                        },
                        {
                            "name": "Kenya",
                            "id": "06702720-9c60-4210-8eed-8824f1cc80c2",
                            "districts": [
                                
                            ]
                        },
                        {
                            "name": "Mozambique",
                            "id": "df394703-b3a5-4d0f-aa33-db8b10ba29ab",
                            "districts": [
                                
                            ]
                        },
                        {
                            "name": "Saint Helena, Ascension and Tristan da Cunha",
                            "id": "e379e052-1704-4e98-b4fd-fdac7ca1f9a0",
                            "districts": [
                                
                            ]
                        },
                        {
                            "name": "Ethiopia",
                            "id": "77d5d6a2-5f01-41b8-b06d-88b9efc618f8",
                            "districts": [
                                
                            ]
                        },
                        {
                            "name": "Comoros",
                            "id": "ae0a4c53-9eea-4b4f-b7ab-98750eb58582",
                            "districts": [
                                
                            ]
                        },
                        {
                            "name": "Malawi",
                            "id": "31ffdf7e-d375-4c19-8b4c-6ac8e4486727",
                            "districts": [
                                
                            ]
                        },
                        {
                            "name": "Somalia",
                            "id": "630c356f-e198-4cd0-8e91-b29002c2aca7",
                            "districts": [
                                
                            ]
                        },
                        {
                            "name": "Congo, Democratic Republic of the",
                            "id": "55a5fe27-565c-4963-88c0-9a3ec24dea5c",
                            "districts": [
                                
                            ]
                        },
                        {
                            "name": "Equatorial Guinea",
                            "id": "9d2dd243-9754-4962-a556-6dbbf85b248a",
                            "districts": [
                                
                            ]
                        },
                        {
                            "name": "Chad",
                            "id": "4c4abd99-f4df-4fee-bac5-e2a1eef7ec0f",
                            "districts": [
                                
                            ]
                        },
                        {
                            "name": "Tanzania, United Republic of",
                            "id": "30d8662e-655f-43c8-b307-a2dc0046ebe5",
                            "districts": [
                                
                            ]
                        },
                        {
                            "name": "Sierra Leone",
                            "id": "e2135c5c-dfd3-4d44-b16f-0c29186836ce",
                            "districts": [
                                
                            ]
                        },
                        {
                            "name": "Eritrea",
                            "id": "bdd50ea2-c82d-44e8-b493-09892c245a6d",
                            "districts": [
                                
                            ]
                        },
                        {
                            "name": "Central African Republic",
                            "id": "59d2224e-e8a9-4e08-bf66-6ca50cf3d5e7",
                            "districts": [
                                
                            ]
                        },
                        {
                            "name": "South Sudan",
                            "id": "96e00183-809e-408c-b2f2-0042a6a8a8ba",
                            "districts": [
                                
                            ]
                        },
                        {
                            "name": "Mauritania",
                            "id": "780c64c4-cea5-4b78-85af-7be29c96025f",
                            "districts": [
                                
                            ]
                        },
                        {
                            "name": "Burkina Faso",
                            "id": "cedf0037-0cb1-4ad8-8a83-9ae64bc44992",
                            "districts": [
                                
                            ]
                        }
                    ]
                }
            },
            {
                "id": "df394703-b3a5-4d0f-aa33-db8b10ba29ab",
                "region": {
                    "countries": [
                        {
                            "name": "Angola",
                            "id": "5e9f919f-2d42-42ec-8b6c-adf7f7b3cd0b",
                            "districts": [
                                
                            ]
                        },
                        {
                            "name": "Cabo Verde",
                            "id": "e5489353-76dd-4d8d-b61e-d349c6356c68",
                            "districts": [
                                
                            ]
                        },
                        {
                            "name": "Mali",
                            "id": "dd9791d1-fea1-4b9d-9076-37e499de6307",
                            "districts": [
                                
                            ]
                        },
                        {
                            "name": "British Indian Ocean Territory",
                            "id": "20479535-b47b-41ba-8cab-b7024bd8ec82",
                            "districts": [
                                
                            ]
                        },
                        {
                            "name": "Gambia",
                            "id": "efec8f57-a2fb-4f95-b662-d72b21d301ed",
                            "districts": [
                                
                            ]
                        },
                        {
                            "name": "Zambia",
                            "id": "4992bec5-10a9-49df-ad13-69aa7cdcfef6",
                            "districts": [
                                
                            ]
                        },
                        {
                            "name": "Eswatini",
                            "id": "d044d249-e941-47bb-8fae-8cab328ca575",
                            "districts": [
                                
                            ]
                        },
                        {
                            "name": "Mayotte",
                            "id": "f4b83278-abe2-46f6-b0c0-50eceba9a35f",
                            "districts": [
                                
                            ]
                        },
                        {
                            "name": "Burundi",
                            "id": "310ab811-40b5-48da-8a66-e7562f4cf9d1",
                            "districts": [
                                
                            ]
                        },
                        {
                            "name": "Liberia",
                            "id": "86d6e276-b027-4cf8-ad4d-c4793b3425cf",
                            "districts": [
                                
                            ]
                        },
                        {
                            "name": "Mauritius",
                            "id": "a06fe50f-4ff3-483a-83c6-01ce4068ab36",
                            "districts": [
                                
                            ]
                        },
                        {
                            "name": "Sao Tome and Principe",
                            "id": "712df7d0-5d1b-401b-a832-911354b38baf",
                            "districts": [
                                
                            ]
                        },
                        {
                            "name": "Senegal",
                            "id": "990cb125-2ede-4648-b5d4-698d0e6ad712",
                            "districts": [
                                
                            ]
                        },
                        {
                            "name": "Botswana",
                            "id": "f177f103-59bd-4527-831e-101af0a373bd",
                            "districts": [
                                
                            ]
                        },
                        {
                            "name": "Rwanda",
                            "id": "5507db6a-9757-40e2-a498-f8cb8df70fb8",
                            "districts": [
                                
                            ]
                        },
                        {
                            "name": "Niger",
                            "id": "74150778-002b-4ca3-a064-41c5cad3f026",
                            "districts": [
                                
                            ]
                        },
                        {
                            "name": "Benin",
                            "id": "ec5d7439-de38-46d4-8a31-7b23b9525984",
                            "districts": [
                                
                            ]
                        },
                        {
                            "name": "Réunion",
                            "id": "e0f20522-cffc-4e66-8e7d-9334f35fce95",
                            "districts": [
                                
                            ]
                        },
                        {
                            "name": "South Africa",
                            "id": "9a7647d2-60ca-429d-90e5-905edaff872c",
                            "districts": [
                                
                            ]
                        },
                        {
                            "name": "Ghana",
                            "id": "9662349e-2c36-496a-83d5-6f746ae768a7",
                            "districts": [
                                
                            ]
                        },
                        {
                            "name": "Congo",
                            "id": "33c8a05e-4d63-49cd-a5f1-0f4a1d5ab13e",
                            "districts": [
                                
                            ]
                        },
                        {
                            "name": "Guinea-Bissau",
                            "id": "64d1845d-1963-40bc-a31b-1f45084f1644",
                            "districts": [
                                
                            ]
                        },
                        {
                            "name": "Togo",
                            "id": "9d383757-b95f-44da-b535-3887ed82679f",
                            "districts": [
                                
                            ]
                        },
                        {
                            "name": "Namibia",
                            "id": "cf9f295f-bf4c-4a8b-8738-53c6a9ed55b1",
                            "districts": [
                                
                            ]
                        },
                        {
                            "name": "Djibouti",
                            "id": "ba974fdc-3dea-4b6b-a2f3-34624faa59a7",
                            "districts": [
                                
                            ]
                        },
                        {
                            "name": "Gabon",
                            "id": "8f6be81f-6b58-4a61-b684-5c2d620a0e74",
                            "districts": [
                                
                            ]
                        },
                        {
                            "name": "Lesotho",
                            "id": "300752f4-088e-403c-95b0-7a670c09f8cc",
                            "districts": [
                                
                            ]
                        },
                        {
                            "name": "Madagascar",
                            "id": "eb4c5e71-f839-4f3c-8e93-49ef57f4fe8d",
                            "districts": [
                                
                            ]
                        },
                        {
                            "name": "Uganda",
                            "id": "b1693449-e104-47c0-94db-f55cc6c850d5",
                            "districts": [
                                
                            ]
                        },
                        {
                            "name": "Côte d\"Ivoire",
                            "id": "59276e01-0d64-487a-aec6-332ae91f9909",
                            "districts": [
                                
                            ]
                        },
                        {
                            "name": "Nigeria",
                            "id": "3c94aa61-055d-4c38-a40b-67dff395beda",
                            "districts": [
                                
                            ]
                        },
                        {
                            "name": "Zimbabwe",
                            "id": "bfbf9853-bae3-4e57-b7cd-1e9228e8b1f3",
                            "districts": [
                                
                            ]
                        },
                        {
                            "name": "Seychelles",
                            "id": "4c63d1f6-87ba-45f1-9414-eb22bfba46c2",
                            "districts": [
                                
                            ]
                        },
                        {
                            "name": "Cameroon",
                            "id": "0495fba0-693d-433a-a9ef-6bc2ccab6093",
                            "districts": [
                                
                            ]
                        },
                        {
                            "name": "Guinea",
                            "id": "eda1a6fb-f95b-4664-b352-8a468c499b34",
                            "districts": [
                                
                            ]
                        },
                        {
                            "name": "Kenya",
                            "id": "06702720-9c60-4210-8eed-8824f1cc80c2",
                            "districts": [
                                
                            ]
                        },
                        {
                            "name": "Mozambique",
                            "id": "df394703-b3a5-4d0f-aa33-db8b10ba29ab",
                            "districts": [
                                
                            ]
                        },
                        {
                            "name": "Saint Helena, Ascension and Tristan da Cunha",
                            "id": "e379e052-1704-4e98-b4fd-fdac7ca1f9a0",
                            "districts": [
                                
                            ]
                        },
                        {
                            "name": "Ethiopia",
                            "id": "77d5d6a2-5f01-41b8-b06d-88b9efc618f8",
                            "districts": [
                                
                            ]
                        },
                        {
                            "name": "Comoros",
                            "id": "ae0a4c53-9eea-4b4f-b7ab-98750eb58582",
                            "districts": [
                                
                            ]
                        },
                        {
                            "name": "Malawi",
                            "id": "31ffdf7e-d375-4c19-8b4c-6ac8e4486727",
                            "districts": [
                                
                            ]
                        },
                        {
                            "name": "Somalia",
                            "id": "630c356f-e198-4cd0-8e91-b29002c2aca7",
                            "districts": [
                                
                            ]
                        },
                        {
                            "name": "Congo, Democratic Republic of the",
                            "id": "55a5fe27-565c-4963-88c0-9a3ec24dea5c",
                            "districts": [
                                
                            ]
                        },
                        {
                            "name": "Equatorial Guinea",
                            "id": "9d2dd243-9754-4962-a556-6dbbf85b248a",
                            "districts": [
                                
                            ]
                        },
                        {
                            "name": "Chad",
                            "id": "4c4abd99-f4df-4fee-bac5-e2a1eef7ec0f",
                            "districts": [
                                
                            ]
                        },
                        {
                            "name": "Tanzania, United Republic of",
                            "id": "30d8662e-655f-43c8-b307-a2dc0046ebe5",
                            "districts": [
                                
                            ]
                        },
                        {
                            "name": "Sierra Leone",
                            "id": "e2135c5c-dfd3-4d44-b16f-0c29186836ce",
                            "districts": [
                                
                            ]
                        },
                        {
                            "name": "Eritrea",
                            "id": "bdd50ea2-c82d-44e8-b493-09892c245a6d",
                            "districts": [
                                
                            ]
                        },
                        {
                            "name": "Central African Republic",
                            "id": "59d2224e-e8a9-4e08-bf66-6ca50cf3d5e7",
                            "districts": [
                                
                            ]
                        },
                        {
                            "name": "South Sudan",
                            "id": "96e00183-809e-408c-b2f2-0042a6a8a8ba",
                            "districts": [
                                
                            ]
                        },
                        {
                            "name": "Mauritania",
                            "id": "780c64c4-cea5-4b78-85af-7be29c96025f",
                            "districts": [
                                
                            ]
                        },
                        {
                            "name": "Burkina Faso",
                            "id": "cedf0037-0cb1-4ad8-8a83-9ae64bc44992",
                            "districts": [
                                
                            ]
                        }
                    ]
                }
            },
            {
                "id": "e379e052-1704-4e98-b4fd-fdac7ca1f9a0",
                "region": {
                    "countries": [
                        {
                            "name": "Angola",
                            "id": "5e9f919f-2d42-42ec-8b6c-adf7f7b3cd0b",
                            "districts": [
                                
                            ]
                        },
                        {
                            "name": "Cabo Verde",
                            "id": "e5489353-76dd-4d8d-b61e-d349c6356c68",
                            "districts": [
                                
                            ]
                        },
                        {
                            "name": "Mali",
                            "id": "dd9791d1-fea1-4b9d-9076-37e499de6307",
                            "districts": [
                                
                            ]
                        },
                        {
                            "name": "British Indian Ocean Territory",
                            "id": "20479535-b47b-41ba-8cab-b7024bd8ec82",
                            "districts": [
                                
                            ]
                        },
                        {
                            "name": "Gambia",
                            "id": "efec8f57-a2fb-4f95-b662-d72b21d301ed",
                            "districts": [
                                
                            ]
                        },
                        {
                            "name": "Zambia",
                            "id": "4992bec5-10a9-49df-ad13-69aa7cdcfef6",
                            "districts": [
                                
                            ]
                        },
                        {
                            "name": "Eswatini",
                            "id": "d044d249-e941-47bb-8fae-8cab328ca575",
                            "districts": [
                                
                            ]
                        },
                        {
                            "name": "Mayotte",
                            "id": "f4b83278-abe2-46f6-b0c0-50eceba9a35f",
                            "districts": [
                                
                            ]
                        },
                        {
                            "name": "Burundi",
                            "id": "310ab811-40b5-48da-8a66-e7562f4cf9d1",
                            "districts": [
                                
                            ]
                        },
                        {
                            "name": "Liberia",
                            "id": "86d6e276-b027-4cf8-ad4d-c4793b3425cf",
                            "districts": [
                                
                            ]
                        },
                        {
                            "name": "Mauritius",
                            "id": "a06fe50f-4ff3-483a-83c6-01ce4068ab36",
                            "districts": [
                                
                            ]
                        },
                        {
                            "name": "Sao Tome and Principe",
                            "id": "712df7d0-5d1b-401b-a832-911354b38baf",
                            "districts": [
                                
                            ]
                        },
                        {
                            "name": "Senegal",
                            "id": "990cb125-2ede-4648-b5d4-698d0e6ad712",
                            "districts": [
                                
                            ]
                        },
                        {
                            "name": "Botswana",
                            "id": "f177f103-59bd-4527-831e-101af0a373bd",
                            "districts": [
                                
                            ]
                        },
                        {
                            "name": "Rwanda",
                            "id": "5507db6a-9757-40e2-a498-f8cb8df70fb8",
                            "districts": [
                                
                            ]
                        },
                        {
                            "name": "Niger",
                            "id": "74150778-002b-4ca3-a064-41c5cad3f026",
                            "districts": [
                                
                            ]
                        },
                        {
                            "name": "Benin",
                            "id": "ec5d7439-de38-46d4-8a31-7b23b9525984",
                            "districts": [
                                
                            ]
                        },
                        {
                            "name": "Réunion",
                            "id": "e0f20522-cffc-4e66-8e7d-9334f35fce95",
                            "districts": [
                                
                            ]
                        },
                        {
                            "name": "South Africa",
                            "id": "9a7647d2-60ca-429d-90e5-905edaff872c",
                            "districts": [
                                
                            ]
                        },
                        {
                            "name": "Ghana",
                            "id": "9662349e-2c36-496a-83d5-6f746ae768a7",
                            "districts": [
                                
                            ]
                        },
                        {
                            "name": "Congo",
                            "id": "33c8a05e-4d63-49cd-a5f1-0f4a1d5ab13e",
                            "districts": [
                                
                            ]
                        },
                        {
                            "name": "Guinea-Bissau",
                            "id": "64d1845d-1963-40bc-a31b-1f45084f1644",
                            "districts": [
                                
                            ]
                        },
                        {
                            "name": "Togo",
                            "id": "9d383757-b95f-44da-b535-3887ed82679f",
                            "districts": [
                                
                            ]
                        },
                        {
                            "name": "Namibia",
                            "id": "cf9f295f-bf4c-4a8b-8738-53c6a9ed55b1",
                            "districts": [
                                
                            ]
                        },
                        {
                            "name": "Djibouti",
                            "id": "ba974fdc-3dea-4b6b-a2f3-34624faa59a7",
                            "districts": [
                                
                            ]
                        },
                        {
                            "name": "Gabon",
                            "id": "8f6be81f-6b58-4a61-b684-5c2d620a0e74",
                            "districts": [
                                
                            ]
                        },
                        {
                            "name": "Lesotho",
                            "id": "300752f4-088e-403c-95b0-7a670c09f8cc",
                            "districts": [
                                
                            ]
                        },
                        {
                            "name": "Madagascar",
                            "id": "eb4c5e71-f839-4f3c-8e93-49ef57f4fe8d",
                            "districts": [
                                
                            ]
                        },
                        {
                            "name": "Uganda",
                            "id": "b1693449-e104-47c0-94db-f55cc6c850d5",
                            "districts": [
                                
                            ]
                        },
                        {
                            "name": "Côte d\"Ivoire",
                            "id": "59276e01-0d64-487a-aec6-332ae91f9909",
                            "districts": [
                                
                            ]
                        },
                        {
                            "name": "Nigeria",
                            "id": "3c94aa61-055d-4c38-a40b-67dff395beda",
                            "districts": [
                                
                            ]
                        },
                        {
                            "name": "Zimbabwe",
                            "id": "bfbf9853-bae3-4e57-b7cd-1e9228e8b1f3",
                            "districts": [
                                
                            ]
                        },
                        {
                            "name": "Seychelles",
                            "id": "4c63d1f6-87ba-45f1-9414-eb22bfba46c2",
                            "districts": [
                                
                            ]
                        },
                        {
                            "name": "Cameroon",
                            "id": "0495fba0-693d-433a-a9ef-6bc2ccab6093",
                            "districts": [
                                
                            ]
                        },
                        {
                            "name": "Guinea",
                            "id": "eda1a6fb-f95b-4664-b352-8a468c499b34",
                            "districts": [
                                
                            ]
                        },
                        {
                            "name": "Kenya",
                            "id": "06702720-9c60-4210-8eed-8824f1cc80c2",
                            "districts": [
                                
                            ]
                        },
                        {
                            "name": "Mozambique",
                            "id": "df394703-b3a5-4d0f-aa33-db8b10ba29ab",
                            "districts": [
                                
                            ]
                        },
                        {
                            "name": "Saint Helena, Ascension and Tristan da Cunha",
                            "id": "e379e052-1704-4e98-b4fd-fdac7ca1f9a0",
                            "districts": [
                                
                            ]
                        },
                        {
                            "name": "Ethiopia",
                            "id": "77d5d6a2-5f01-41b8-b06d-88b9efc618f8",
                            "districts": [
                                
                            ]
                        },
                        {
                            "name": "Comoros",
                            "id": "ae0a4c53-9eea-4b4f-b7ab-98750eb58582",
                            "districts": [
                                
                            ]
                        },
                        {
                            "name": "Malawi",
                            "id": "31ffdf7e-d375-4c19-8b4c-6ac8e4486727",
                            "districts": [
                                
                            ]
                        },
                        {
                            "name": "Somalia",
                            "id": "630c356f-e198-4cd0-8e91-b29002c2aca7",
                            "districts": [
                                
                            ]
                        },
                        {
                            "name": "Congo, Democratic Republic of the",
                            "id": "55a5fe27-565c-4963-88c0-9a3ec24dea5c",
                            "districts": [
                                
                            ]
                        },
                        {
                            "name": "Equatorial Guinea",
                            "id": "9d2dd243-9754-4962-a556-6dbbf85b248a",
                            "districts": [
                                
                            ]
                        },
                        {
                            "name": "Chad",
                            "id": "4c4abd99-f4df-4fee-bac5-e2a1eef7ec0f",
                            "districts": [
                                
                            ]
                        },
                        {
                            "name": "Tanzania, United Republic of",
                            "id": "30d8662e-655f-43c8-b307-a2dc0046ebe5",
                            "districts": [
                                
                            ]
                        },
                        {
                            "name": "Sierra Leone",
                            "id": "e2135c5c-dfd3-4d44-b16f-0c29186836ce",
                            "districts": [
                                
                            ]
                        },
                        {
                            "name": "Eritrea",
                            "id": "bdd50ea2-c82d-44e8-b493-09892c245a6d",
                            "districts": [
                                
                            ]
                        },
                        {
                            "name": "Central African Republic",
                            "id": "59d2224e-e8a9-4e08-bf66-6ca50cf3d5e7",
                            "districts": [
                                
                            ]
                        },
                        {
                            "name": "South Sudan",
                            "id": "96e00183-809e-408c-b2f2-0042a6a8a8ba",
                            "districts": [
                                
                            ]
                        },
                        {
                            "name": "Mauritania",
                            "id": "780c64c4-cea5-4b78-85af-7be29c96025f",
                            "districts": [
                                
                            ]
                        },
                        {
                            "name": "Burkina Faso",
                            "id": "cedf0037-0cb1-4ad8-8a83-9ae64bc44992",
                            "districts": [
                                
                            ]
                        }
                    ]
                }
            },
            {
                "id": "77d5d6a2-5f01-41b8-b06d-88b9efc618f8",
                "region": {
                    "countries": [
                        {
                            "name": "Angola",
                            "id": "5e9f919f-2d42-42ec-8b6c-adf7f7b3cd0b",
                            "districts": [
                                
                            ]
                        },
                        {
                            "name": "Cabo Verde",
                            "id": "e5489353-76dd-4d8d-b61e-d349c6356c68",
                            "districts": [
                                
                            ]
                        },
                        {
                            "name": "Mali",
                            "id": "dd9791d1-fea1-4b9d-9076-37e499de6307",
                            "districts": [
                                
                            ]
                        },
                        {
                            "name": "British Indian Ocean Territory",
                            "id": "20479535-b47b-41ba-8cab-b7024bd8ec82",
                            "districts": [
                                
                            ]
                        },
                        {
                            "name": "Gambia",
                            "id": "efec8f57-a2fb-4f95-b662-d72b21d301ed",
                            "districts": [
                                
                            ]
                        },
                        {
                            "name": "Zambia",
                            "id": "4992bec5-10a9-49df-ad13-69aa7cdcfef6",
                            "districts": [
                                
                            ]
                        },
                        {
                            "name": "Eswatini",
                            "id": "d044d249-e941-47bb-8fae-8cab328ca575",
                            "districts": [
                                
                            ]
                        },
                        {
                            "name": "Mayotte",
                            "id": "f4b83278-abe2-46f6-b0c0-50eceba9a35f",
                            "districts": [
                                
                            ]
                        },
                        {
                            "name": "Burundi",
                            "id": "310ab811-40b5-48da-8a66-e7562f4cf9d1",
                            "districts": [
                                
                            ]
                        },
                        {
                            "name": "Liberia",
                            "id": "86d6e276-b027-4cf8-ad4d-c4793b3425cf",
                            "districts": [
                                
                            ]
                        },
                        {
                            "name": "Mauritius",
                            "id": "a06fe50f-4ff3-483a-83c6-01ce4068ab36",
                            "districts": [
                                
                            ]
                        },
                        {
                            "name": "Sao Tome and Principe",
                            "id": "712df7d0-5d1b-401b-a832-911354b38baf",
                            "districts": [
                                
                            ]
                        },
                        {
                            "name": "Senegal",
                            "id": "990cb125-2ede-4648-b5d4-698d0e6ad712",
                            "districts": [
                                
                            ]
                        },
                        {
                            "name": "Botswana",
                            "id": "f177f103-59bd-4527-831e-101af0a373bd",
                            "districts": [
                                
                            ]
                        },
                        {
                            "name": "Rwanda",
                            "id": "5507db6a-9757-40e2-a498-f8cb8df70fb8",
                            "districts": [
                                
                            ]
                        },
                        {
                            "name": "Niger",
                            "id": "74150778-002b-4ca3-a064-41c5cad3f026",
                            "districts": [
                                
                            ]
                        },
                        {
                            "name": "Benin",
                            "id": "ec5d7439-de38-46d4-8a31-7b23b9525984",
                            "districts": [
                                
                            ]
                        },
                        {
                            "name": "Réunion",
                            "id": "e0f20522-cffc-4e66-8e7d-9334f35fce95",
                            "districts": [
                                
                            ]
                        },
                        {
                            "name": "South Africa",
                            "id": "9a7647d2-60ca-429d-90e5-905edaff872c",
                            "districts": [
                                
                            ]
                        },
                        {
                            "name": "Ghana",
                            "id": "9662349e-2c36-496a-83d5-6f746ae768a7",
                            "districts": [
                                
                            ]
                        },
                        {
                            "name": "Congo",
                            "id": "33c8a05e-4d63-49cd-a5f1-0f4a1d5ab13e",
                            "districts": [
                                
                            ]
                        },
                        {
                            "name": "Guinea-Bissau",
                            "id": "64d1845d-1963-40bc-a31b-1f45084f1644",
                            "districts": [
                                
                            ]
                        },
                        {
                            "name": "Togo",
                            "id": "9d383757-b95f-44da-b535-3887ed82679f",
                            "districts": [
                                
                            ]
                        },
                        {
                            "name": "Namibia",
                            "id": "cf9f295f-bf4c-4a8b-8738-53c6a9ed55b1",
                            "districts": [
                                
                            ]
                        },
                        {
                            "name": "Djibouti",
                            "id": "ba974fdc-3dea-4b6b-a2f3-34624faa59a7",
                            "districts": [
                                
                            ]
                        },
                        {
                            "name": "Gabon",
                            "id": "8f6be81f-6b58-4a61-b684-5c2d620a0e74",
                            "districts": [
                                
                            ]
                        },
                        {
                            "name": "Lesotho",
                            "id": "300752f4-088e-403c-95b0-7a670c09f8cc",
                            "districts": [
                                
                            ]
                        },
                        {
                            "name": "Madagascar",
                            "id": "eb4c5e71-f839-4f3c-8e93-49ef57f4fe8d",
                            "districts": [
                                
                            ]
                        },
                        {
                            "name": "Uganda",
                            "id": "b1693449-e104-47c0-94db-f55cc6c850d5",
                            "districts": [
                                
                            ]
                        },
                        {
                            "name": "Côte d\"Ivoire",
                            "id": "59276e01-0d64-487a-aec6-332ae91f9909",
                            "districts": [
                                
                            ]
                        },
                        {
                            "name": "Nigeria",
                            "id": "3c94aa61-055d-4c38-a40b-67dff395beda",
                            "districts": [
                                
                            ]
                        },
                        {
                            "name": "Zimbabwe",
                            "id": "bfbf9853-bae3-4e57-b7cd-1e9228e8b1f3",
                            "districts": [
                                
                            ]
                        },
                        {
                            "name": "Seychelles",
                            "id": "4c63d1f6-87ba-45f1-9414-eb22bfba46c2",
                            "districts": [
                                
                            ]
                        },
                        {
                            "name": "Cameroon",
                            "id": "0495fba0-693d-433a-a9ef-6bc2ccab6093",
                            "districts": [
                                
                            ]
                        },
                        {
                            "name": "Guinea",
                            "id": "eda1a6fb-f95b-4664-b352-8a468c499b34",
                            "districts": [
                                
                            ]
                        },
                        {
                            "name": "Kenya",
                            "id": "06702720-9c60-4210-8eed-8824f1cc80c2",
                            "districts": [
                                
                            ]
                        },
                        {
                            "name": "Mozambique",
                            "id": "df394703-b3a5-4d0f-aa33-db8b10ba29ab",
                            "districts": [
                                
                            ]
                        },
                        {
                            "name": "Saint Helena, Ascension and Tristan da Cunha",
                            "id": "e379e052-1704-4e98-b4fd-fdac7ca1f9a0",
                            "districts": [
                                
                            ]
                        },
                        {
                            "name": "Ethiopia",
                            "id": "77d5d6a2-5f01-41b8-b06d-88b9efc618f8",
                            "districts": [
                                
                            ]
                        },
                        {
                            "name": "Comoros",
                            "id": "ae0a4c53-9eea-4b4f-b7ab-98750eb58582",
                            "districts": [
                                
                            ]
                        },
                        {
                            "name": "Malawi",
                            "id": "31ffdf7e-d375-4c19-8b4c-6ac8e4486727",
                            "districts": [
                                
                            ]
                        },
                        {
                            "name": "Somalia",
                            "id": "630c356f-e198-4cd0-8e91-b29002c2aca7",
                            "districts": [
                                
                            ]
                        },
                        {
                            "name": "Congo, Democratic Republic of the",
                            "id": "55a5fe27-565c-4963-88c0-9a3ec24dea5c",
                            "districts": [
                                
                            ]
                        },
                        {
                            "name": "Equatorial Guinea",
                            "id": "9d2dd243-9754-4962-a556-6dbbf85b248a",
                            "districts": [
                                
                            ]
                        },
                        {
                            "name": "Chad",
                            "id": "4c4abd99-f4df-4fee-bac5-e2a1eef7ec0f",
                            "districts": [
                                
                            ]
                        },
                        {
                            "name": "Tanzania, United Republic of",
                            "id": "30d8662e-655f-43c8-b307-a2dc0046ebe5",
                            "districts": [
                                
                            ]
                        },
                        {
                            "name": "Sierra Leone",
                            "id": "e2135c5c-dfd3-4d44-b16f-0c29186836ce",
                            "districts": [
                                
                            ]
                        },
                        {
                            "name": "Eritrea",
                            "id": "bdd50ea2-c82d-44e8-b493-09892c245a6d",
                            "districts": [
                                
                            ]
                        },
                        {
                            "name": "Central African Republic",
                            "id": "59d2224e-e8a9-4e08-bf66-6ca50cf3d5e7",
                            "districts": [
                                
                            ]
                        },
                        {
                            "name": "South Sudan",
                            "id": "96e00183-809e-408c-b2f2-0042a6a8a8ba",
                            "districts": [
                                
                            ]
                        },
                        {
                            "name": "Mauritania",
                            "id": "780c64c4-cea5-4b78-85af-7be29c96025f",
                            "districts": [
                                
                            ]
                        },
                        {
                            "name": "Burkina Faso",
                            "id": "cedf0037-0cb1-4ad8-8a83-9ae64bc44992",
                            "districts": [
                                
                            ]
                        }
                    ]
                }
            },
            {
                "id": "bd3959ff-aabe-46fa-ac07-055e8436407e",
                "region": {
                    "countries": [
                        {
                            "name": "Jordan",
                            "id": "57d77108-7390-4d8b-9175-09fa2278972f",
                            "districts": [
                                
                            ]
                        },
                        {
                            "name": "Yemen",
                            "id": "e36259b6-c350-4fdc-83dc-bfdbe04765d1",
                            "districts": [
                                
                            ]
                        },
                        {
                            "name": "Bahrain",
                            "id": "cb7d2601-26e1-4af4-b27c-1130bc908636",
                            "districts": [
                                
                            ]
                        },
                        {
                            "name": "Armenia",
                            "id": "8f0fda5d-e346-4016-8651-38bc0a9db13f",
                            "districts": [
                                
                            ]
                        },
                        {
                            "name": "Kuwait",
                            "id": "04c19ad3-d5fd-4432-be03-d0f3aa0bfef4",
                            "districts": [
                                
                            ]
                        },
                        {
                            "name": "United Arab Emirates",
                            "id": "191f578d-d3e2-49a4-803c-012c36fae6b8",
                            "districts": [
                                
                            ]
                        },
                        {
                            "name": "Lebanon",
                            "id": "7d6074eb-b44c-4e01-b064-9e67695b896b",
                            "districts": [
                                
                            ]
                        },
                        {
                            "name": "Singapore",
                            "id": "20786ba0-66e7-4c86-9e62-e27456f80ed0",
                            "districts": [
                                
                            ]
                        },
                        {
                            "name": "Palestine, State of",
                            "id": "c4dbf9dc-caad-4b9b-ab84-a178363717f4",
                            "districts": [
                                
                            ]
                        },
                        {
                            "name": "Syrian Arab Republic",
                            "id": "33760701-153e-4220-b9fa-ec4342d2f0e4",
                            "districts": [
                                
                            ]
                        },
                        {
                            "name": "Georgia",
                            "id": "371dea3e-0fa3-45de-898c-05dc08e4da37",
                            "districts": [
                                
                            ]
                        },
                        {
                            "name": "Oman",
                            "id": "ebba5457-cf3a-4c92-a296-c9304075a083",
                            "districts": [
                                
                            ]
                        },
                        {
                            "name": "Azerbaijan",
                            "id": "bf0dafd8-ebe6-4b98-86ab-ed8e16475794",
                            "districts": [
                                
                            ]
                        },
                        {
                            "name": "Philippines",
                            "id": "bd3959ff-aabe-46fa-ac07-055e8436407e",
                            "districts": [
                                
                            ]
                        },
                        {
                            "name": "Israel",
                            "id": "b9435680-f62e-4437-9179-0584ae6af227",
                            "districts": [
                                
                            ]
                        },
                        {
                            "name": "Turkey",
                            "id": "eb6d71b2-8583-4c12-9063-5439639e4817",
                            "districts": [
                                
                            ]
                        },
                        {
                            "name": "Qatar",
                            "id": "6bedb61d-4a24-414a-9ddd-adb4cc1cc389",
                            "districts": [
                                
                            ]
                        },
                        {
                            "name": "Cyprus",
                            "id": "9683b8ba-efbf-4e28-9a27-6d2108466189",
                            "districts": [
                                
                            ]
                        },
                        {
                            "name": "Iraq",
                            "id": "ea4c7ed2-9ce9-4151-9531-ff9af85def73",
                            "districts": [
                                
                            ]
                        },
                        {
                            "name": "Saudi Arabia",
                            "id": "b2d5c8d1-21a7-433a-a592-38268c29f913",
                            "districts": [
                                
                            ]
                        }
                    ]
                }
            },
            {
                "id": "b9435680-f62e-4437-9179-0584ae6af227",
                "region": {
                    "countries": [
                        {
                            "name": "Jordan",
                            "id": "57d77108-7390-4d8b-9175-09fa2278972f",
                            "districts": [
                                
                            ]
                        },
                        {
                            "name": "Yemen",
                            "id": "e36259b6-c350-4fdc-83dc-bfdbe04765d1",
                            "districts": [
                                
                            ]
                        },
                        {
                            "name": "Bahrain",
                            "id": "cb7d2601-26e1-4af4-b27c-1130bc908636",
                            "districts": [
                                
                            ]
                        },
                        {
                            "name": "Armenia",
                            "id": "8f0fda5d-e346-4016-8651-38bc0a9db13f",
                            "districts": [
                                
                            ]
                        },
                        {
                            "name": "Kuwait",
                            "id": "04c19ad3-d5fd-4432-be03-d0f3aa0bfef4",
                            "districts": [
                                
                            ]
                        },
                        {
                            "name": "United Arab Emirates",
                            "id": "191f578d-d3e2-49a4-803c-012c36fae6b8",
                            "districts": [
                                
                            ]
                        },
                        {
                            "name": "Lebanon",
                            "id": "7d6074eb-b44c-4e01-b064-9e67695b896b",
                            "districts": [
                                
                            ]
                        },
                        {
                            "name": "Singapore",
                            "id": "20786ba0-66e7-4c86-9e62-e27456f80ed0",
                            "districts": [
                                
                            ]
                        },
                        {
                            "name": "Palestine, State of",
                            "id": "c4dbf9dc-caad-4b9b-ab84-a178363717f4",
                            "districts": [
                                
                            ]
                        },
                        {
                            "name": "Syrian Arab Republic",
                            "id": "33760701-153e-4220-b9fa-ec4342d2f0e4",
                            "districts": [
                                
                            ]
                        },
                        {
                            "name": "Georgia",
                            "id": "371dea3e-0fa3-45de-898c-05dc08e4da37",
                            "districts": [
                                
                            ]
                        },
                        {
                            "name": "Oman",
                            "id": "ebba5457-cf3a-4c92-a296-c9304075a083",
                            "districts": [
                                
                            ]
                        },
                        {
                            "name": "Azerbaijan",
                            "id": "bf0dafd8-ebe6-4b98-86ab-ed8e16475794",
                            "districts": [
                                
                            ]
                        },
                        {
                            "name": "Philippines",
                            "id": "bd3959ff-aabe-46fa-ac07-055e8436407e",
                            "districts": [
                                
                            ]
                        },
                        {
                            "name": "Israel",
                            "id": "b9435680-f62e-4437-9179-0584ae6af227",
                            "districts": [
                                
                            ]
                        },
                        {
                            "name": "Turkey",
                            "id": "eb6d71b2-8583-4c12-9063-5439639e4817",
                            "districts": [
                                
                            ]
                        },
                        {
                            "name": "Qatar",
                            "id": "6bedb61d-4a24-414a-9ddd-adb4cc1cc389",
                            "districts": [
                                
                            ]
                        },
                        {
                            "name": "Cyprus",
                            "id": "9683b8ba-efbf-4e28-9a27-6d2108466189",
                            "districts": [
                                
                            ]
                        },
                        {
                            "name": "Iraq",
                            "id": "ea4c7ed2-9ce9-4151-9531-ff9af85def73",
                            "districts": [
                                
                            ]
                        },
                        {
                            "name": "Saudi Arabia",
                            "id": "b2d5c8d1-21a7-433a-a592-38268c29f913",
                            "districts": [
                                
                            ]
                        }
                    ]
                }
            },
            {
                "id": "74ec24a7-5308-4b97-890a-a1b2602ab430",
                "region": {
                    "countries": [
                        {
                            "name": "Iran (Islamic Republic of)",
                            "id": "ea7eef91-f8f4-4603-b7a1-d7039e7033e6",
                            "districts": [
                                
                            ]
                        },
                        {
                            "name": "Sri Lanka",
                            "id": "63a03a51-55d6-4a05-91f9-4be04ceff568",
                            "districts": [
                                
                            ]
                        },
                        {
                            "name": "Cambodia",
                            "id": "1c1d7b9c-1af3-4247-9393-6ab5275ed775",
                            "districts": [
                                
                            ]
                        },
                        {
                            "name": "Indonesia",
                            "id": "a0e90a76-7360-4e64-874a-b88b33bff1c6",
                            "districts": [
                                
                            ]
                        },
                        {
                            "name": "Afghanistan",
                            "id": "1d4758ce-9410-46c2-9e4e-2c90c518f469",
                            "districts": [
                                
                            ]
                        },
                        {
                            "name": "Bhutan",
                            "id": "26ac5483-9a31-41bd-b79e-6c82c30cbd75",
                            "districts": [
                                
                            ]
                        },
                        {
                            "name": "Brunei Darussalam",
                            "id": "218b444b-0354-46bd-b768-b8d48eb632e1",
                            "districts": [
                                
                            ]
                        },
                        {
                            "name": "Maldives",
                            "id": "b0305117-6406-4e3f-bd9c-54999c52fd51",
                            "districts": [
                                
                            ]
                        },
                        {
                            "name": "Nepal",
                            "id": "74ec24a7-5308-4b97-890a-a1b2602ab430",
                            "districts": [
                                
                            ]
                        },
                        {
                            "name": "Bangladesh",
                            "id": "6bd284f1-2216-4efc-a80e-218a56731a50",
                            "districts": [
                                {
                                    "id": "052bb7cb-fa24-4e4e-8a1c-c8b5770f81be",
                                    "name": "BARISHAL",
                                    "upazilas": [
                                        {
                                            "name": "AGAILJHARA",
                                            "id": "a87e5293-71fd-4928-a4bc-3fc87b741bd6",
                                            "state": {
                                                "id": "5cbbb439-96e7-4f60-bf2f-abddd0d03e7e",
                                                "name": "BARISAL"
                                            }
                                        },
                                        {
                                            "name": "WAZIRPUR",
                                            "id": "69a7ae9a-af80-4721-8fa7-390bc7a9f056",
                                            "state": {
                                                "id": "5cbbb439-96e7-4f60-bf2f-abddd0d03e7e",
                                                "name": "BARISAL"
                                            }
                                        },
                                        {
                                            "name": "BANARIPARA",
                                            "id": "a1098f6d-e20c-46ff-a695-71d38485dfcd",
                                            "state": {
                                                "id": "5cbbb439-96e7-4f60-bf2f-abddd0d03e7e",
                                                "name": "BARISAL"
                                            }
                                        },
                                        {
                                            "name": "GAURNADI",
                                            "id": "e054f2d4-ba21-423c-8ce2-8790fd3e96e7",
                                            "state": {
                                                "id": "5cbbb439-96e7-4f60-bf2f-abddd0d03e7e",
                                                "name": "BARISAL"
                                            }
                                        },
                                        {
                                            "name": "HIZLA",
                                            "id": "25dc6a64-73d1-41c4-a7a6-3499e419ee76",
                                            "state": {
                                                "id": "5cbbb439-96e7-4f60-bf2f-abddd0d03e7e",
                                                "name": "BARISAL"
                                            }
                                        },
                                        {
                                            "name": "BARISAL_SADAR",
                                            "id": "3e841942-1acf-40d5-a8f8-e76fccbce201",
                                            "state": {
                                                "id": "5cbbb439-96e7-4f60-bf2f-abddd0d03e7e",
                                                "name": "BARISAL"
                                            }
                                        },
                                        {
                                            "name": "BAKERGANJ",
                                            "id": "898bb968-893a-4791-984c-303c28eee8d1",
                                            "state": {
                                                "id": "5cbbb439-96e7-4f60-bf2f-abddd0d03e7e",
                                                "name": "BARISAL"
                                            }
                                        },
                                        {
                                            "name": "BABUGANJ",
                                            "id": "4ecbd185-acfc-4406-8fd6-b3d94387bea9",
                                            "state": {
                                                "id": "5cbbb439-96e7-4f60-bf2f-abddd0d03e7e",
                                                "name": "BARISAL"
                                            }
                                        },
                                        {
                                            "name": "MEHENDIGANJ",
                                            "id": "4f5b876b-a14d-462f-8cea-0b63aa50a888",
                                            "state": {
                                                "id": "5cbbb439-96e7-4f60-bf2f-abddd0d03e7e",
                                                "name": "BARISAL"
                                            }
                                        },
                                        {
                                            "name": "MULADI",
                                            "id": "0084331b-30ca-4576-8b66-503c7b6a2d0c",
                                            "state": {
                                                "id": "5cbbb439-96e7-4f60-bf2f-abddd0d03e7e",
                                                "name": "BARISAL"
                                            }
                                        }
                                    ]
                                },
                                {
                                    "id": "01836026-20ee-4e28-9585-6bde8c8f98a1",
                                    "name": "KURIGRAM",
                                    "upazilas": [
                                        {
                                            "name": "KURIGRAM_SADAR",
                                            "id": "33b43668-894e-4861-a340-9ab38cfac767",
                                            "state": {
                                                "id": "b8c19906-b4fc-4745-ac93-af957934136b",
                                                "name": "RANGPUR"
                                            }
                                        },
                                        {
                                            "name": "BHURUNGAMARI",
                                            "id": "bd6a746c-8e29-4546-9bde-fe70e7c0b1d4",
                                            "state": {
                                                "id": "b8c19906-b4fc-4745-ac93-af957934136b",
                                                "name": "RANGPUR"
                                            }
                                        },
                                        {
                                            "name": "ULIPUR",
                                            "id": "114b95ad-d7c1-4805-addc-2034bc68d133",
                                            "state": {
                                                "id": "b8c19906-b4fc-4745-ac93-af957934136b",
                                                "name": "RANGPUR"
                                            }
                                        },
                                        {
                                            "name": "CHILMARI",
                                            "id": "b74d834a-c4df-4c64-b08b-00fb86c416bd",
                                            "state": {
                                                "id": "b8c19906-b4fc-4745-ac93-af957934136b",
                                                "name": "RANGPUR"
                                            }
                                        },
                                        {
                                            "name": "NAGESHWARI",
                                            "id": "3c5107f8-412a-47a6-a593-75a1577a2fae",
                                            "state": {
                                                "id": "b8c19906-b4fc-4745-ac93-af957934136b",
                                                "name": "RANGPUR"
                                            }
                                        },
                                        {
                                            "name": "RAJARHAT",
                                            "id": "abfb1886-a2ea-4887-afc3-60cc1d194b6e",
                                            "state": {
                                                "id": "b8c19906-b4fc-4745-ac93-af957934136b",
                                                "name": "RANGPUR"
                                            }
                                        },
                                        {
                                            "name": "PHULBARI",
                                            "id": "3580569a-211a-4991-9e10-f52fd97543a6",
                                            "state": {
                                                "id": "b8c19906-b4fc-4745-ac93-af957934136b",
                                                "name": "RANGPUR"
                                            }
                                        },
                                        {
                                            "name": "CHAR RAJIBPUR",
                                            "id": "7d27e425-d2d2-45a9-b7c9-188e05810c0d",
                                            "state": {
                                                "id": "b8c19906-b4fc-4745-ac93-af957934136b",
                                                "name": "RANGPUR"
                                            }
                                        },
                                        {
                                            "name": "ROWMARI",
                                            "id": "290ffa52-6bbb-4482-a054-ce4aff5f6930",
                                            "state": {
                                                "id": "b8c19906-b4fc-4745-ac93-af957934136b",
                                                "name": "RANGPUR"
                                            }
                                        }
                                    ]
                                },
                                {
                                    "id": "2fb6985f-ccb2-4004-89ac-b5b0de520533",
                                    "name": "DINAJPUR",
                                    "upazilas": [
                                        {
                                            "name": "KAHAROLE",
                                            "id": "55d8d92d-d612-4226-b008-60b84b7b8253",
                                            "state": {
                                                "id": "b8c19906-b4fc-4745-ac93-af957934136b",
                                                "name": "RANGPUR"
                                            }
                                        },
                                        {
                                            "name": "PARBATIPUR",
                                            "id": "6f58194a-7690-4ce0-b14e-bea704af6ee5",
                                            "state": {
                                                "id": "b8c19906-b4fc-4745-ac93-af957934136b",
                                                "name": "RANGPUR"
                                            }
                                        },
                                        {
                                            "name": "HAKIMPUR",
                                            "id": "cc45cab8-96dc-43c5-bbc1-040e75736c03",
                                            "state": {
                                                "id": "b8c19906-b4fc-4745-ac93-af957934136b",
                                                "name": "RANGPUR"
                                            }
                                        },
                                        {
                                            "name": "BIRGANJ",
                                            "id": "9afaa410-ddfd-44d2-95d3-d6cfb030acd7",
                                            "state": {
                                                "id": "b8c19906-b4fc-4745-ac93-af957934136b",
                                                "name": "RANGPUR"
                                            }
                                        },
                                        {
                                            "name": "BIRAL",
                                            "id": "a44acb60-2b84-4fbb-b73e-6030542fed2d",
                                            "state": {
                                                "id": "b8c19906-b4fc-4745-ac93-af957934136b",
                                                "name": "RANGPUR"
                                            }
                                        },
                                        {
                                            "name": "BIRAMPUR",
                                            "id": "5a316d35-7488-4a04-b718-819caf81d849",
                                            "state": {
                                                "id": "b8c19906-b4fc-4745-ac93-af957934136b",
                                                "name": "RANGPUR"
                                            }
                                        },
                                        {
                                            "name": "GHORAGHAT",
                                            "id": "5ea22106-1cb9-47de-8a20-28fdcf292598",
                                            "state": {
                                                "id": "b8c19906-b4fc-4745-ac93-af957934136b",
                                                "name": "RANGPUR"
                                            }
                                        },
                                        {
                                            "name": "KHANSAMA",
                                            "id": "0561e004-20dc-4efd-b2e3-4e1c48d86971",
                                            "state": {
                                                "id": "b8c19906-b4fc-4745-ac93-af957934136b",
                                                "name": "RANGPUR"
                                            }
                                        },
                                        {
                                            "name": "DINAJPUR_SADAR",
                                            "id": "e9d6959d-bf05-490a-a95d-6327f93c17b3",
                                            "state": {
                                                "id": "b8c19906-b4fc-4745-ac93-af957934136b",
                                                "name": "RANGPUR"
                                            }
                                        },
                                        {
                                            "name": "BOCHAGANJ",
                                            "id": "526f5997-d4ab-45f7-af53-6fcd25c1d1dc",
                                            "state": {
                                                "id": "b8c19906-b4fc-4745-ac93-af957934136b",
                                                "name": "RANGPUR"
                                            }
                                        },
                                        {
                                            "name": "CHIRIRBANDAR",
                                            "id": "d371b6be-98e7-44ec-98bb-4e3d06f4fd6c",
                                            "state": {
                                                "id": "b8c19906-b4fc-4745-ac93-af957934136b",
                                                "name": "RANGPUR"
                                            }
                                        },
                                        {
                                            "name": "NAWABGANJ",
                                            "id": "802bf9ac-1597-4c30-94cc-51b1e5cd9941",
                                            "state": {
                                                "id": "b8c19906-b4fc-4745-ac93-af957934136b",
                                                "name": "RANGPUR"
                                            }
                                        }
                                    ]
                                },
                                {
                                    "id": "fcbaee9a-6c04-4a77-a2a8-8ee8f0c812a8",
                                    "name": "BAGERHAT",
                                    "upazilas": [
                                        {
                                            "name": "FAKIRHAT",
                                            "id": "23926ee4-dec3-4ba8-aab6-eee9f7003126",
                                            "state": {
                                                "id": "642a6748-942f-473d-96c6-a6c1b2e00e05",
                                                "name": "KHULNA"
                                            }
                                        },
                                        {
                                            "name": "MORRELGANJ",
                                            "id": "c322b9de-9e52-471a-9642-0c7f9510e303",
                                            "state": {
                                                "id": "642a6748-942f-473d-96c6-a6c1b2e00e05",
                                                "name": "KHULNA"
                                            }
                                        },
                                        {
                                            "name": "RAMPAL",
                                            "id": "687c1175-6f6f-459a-aa56-50ea55ab1852",
                                            "state": {
                                                "id": "642a6748-942f-473d-96c6-a6c1b2e00e05",
                                                "name": "KHULNA"
                                            }
                                        },
                                        {
                                            "name": "MOLLAHAT",
                                            "id": "2a18a82f-5a29-4ec1-b383-bb00faf2f958",
                                            "state": {
                                                "id": "642a6748-942f-473d-96c6-a6c1b2e00e05",
                                                "name": "KHULNA"
                                            }
                                        },
                                        {
                                            "name": "MONGLA",
                                            "id": "4ce72789-eebe-4554-ac41-6e94b6a205d5",
                                            "state": {
                                                "id": "642a6748-942f-473d-96c6-a6c1b2e00e05",
                                                "name": "KHULNA"
                                            }
                                        },
                                        {
                                            "name": "CHITALMARI",
                                            "id": "a6c2a70a-e1dd-4565-9eb4-5a84dfd76d36",
                                            "state": {
                                                "id": "642a6748-942f-473d-96c6-a6c1b2e00e05",
                                                "name": "KHULNA"
                                            }
                                        },
                                        {
                                            "name": "SARANKHOLA",
                                            "id": "29e1d269-c6ca-461f-b8bc-b2cf623b2ed4",
                                            "state": {
                                                "id": "642a6748-942f-473d-96c6-a6c1b2e00e05",
                                                "name": "KHULNA"
                                            }
                                        },
                                        {
                                            "name": "KACHUA",
                                            "id": "458438b9-a371-4d34-a429-9ffc72c4bb5a",
                                            "state": {
                                                "id": "642a6748-942f-473d-96c6-a6c1b2e00e05",
                                                "name": "KHULNA"
                                            }
                                        },
                                        {
                                            "name": "BAGERHAT_SADAR",
                                            "id": "8929c669-4c91-4c08-a279-2b61b2b657cb",
                                            "state": {
                                                "id": "642a6748-942f-473d-96c6-a6c1b2e00e05",
                                                "name": "KHULNA"
                                            }
                                        }
                                    ]
                                },
                                {
                                    "id": "8be8ad99-4257-4c89-bc9f-3fd5b54ea42c",
                                    "name": "BARGUNA",
                                    "upazilas": [
                                        {
                                            "name": "BAMNA",
                                            "id": "0becbad0-8054-48ff-8804-70caef441fbc",
                                            "state": {
                                                "id": "5cbbb439-96e7-4f60-bf2f-abddd0d03e7e",
                                                "name": "BARISAL"
                                            }
                                        },
                                        {
                                            "name": "BARGUNA_SADAR",
                                            "id": "6c8d9659-3f6b-4572-89f6-877db489fb8e",
                                            "state": {
                                                "id": "5cbbb439-96e7-4f60-bf2f-abddd0d03e7e",
                                                "name": "BARISAL"
                                            }
                                        },
                                        {
                                            "name": "BETAGI",
                                            "id": "e84e7c7f-d62f-4111-ac9c-6a758d874fa4",
                                            "state": {
                                                "id": "5cbbb439-96e7-4f60-bf2f-abddd0d03e7e",
                                                "name": "BARISAL"
                                            }
                                        },
                                        {
                                            "name": "AMTALI",
                                            "id": "2061f193-da04-4462-ae2c-7d54a60c9790",
                                            "state": {
                                                "id": "5cbbb439-96e7-4f60-bf2f-abddd0d03e7e",
                                                "name": "BARISAL"
                                            }
                                        },
                                        {
                                            "name": "PATHARGHATA",
                                            "id": "1f651fda-0eb3-4efe-b2a1-751c1dbefb4b",
                                            "state": {
                                                "id": "5cbbb439-96e7-4f60-bf2f-abddd0d03e7e",
                                                "name": "BARISAL"
                                            }
                                        },
                                        {
                                            "name": "TALTALI",
                                            "id": "b6d60b5e-b58e-46be-8b53-370a5bdfe5f4",
                                            "state": {
                                                "id": "5cbbb439-96e7-4f60-bf2f-abddd0d03e7e",
                                                "name": "BARISAL"
                                            }
                                        }
                                    ]
                                },
                                {
                                    "id": "9966ea0c-b228-4955-bb2d-07a5095b2645",
                                    "name": "NATORE",
                                    "upazilas": [
                                        {
                                            "name": "NATORE_SADAR",
                                            "id": "ad6a8021-7b0f-4611-86dd-9522ae859ec2",
                                            "state": {
                                                "id": "d68c68d2-108e-4635-93d1-28c44525f178",
                                                "name": "RAJSHAHI"
                                            }
                                        },
                                        {
                                            "name": "BAGATIPARA",
                                            "id": "8c4fd017-e1a2-46b6-a5e7-4118456a6b1d",
                                            "state": {
                                                "id": "d68c68d2-108e-4635-93d1-28c44525f178",
                                                "name": "RAJSHAHI"
                                            }
                                        },
                                        {
                                            "name": "BARAIGRAM",
                                            "id": "b437a240-a56d-4fcf-8f7b-949ab16dd31d",
                                            "state": {
                                                "id": "d68c68d2-108e-4635-93d1-28c44525f178",
                                                "name": "RAJSHAHI"
                                            }
                                        },
                                        {
                                            "name": "LALPUR",
                                            "id": "b21e478e-7b5e-4c3d-b3a0-cf4e1ba07aac",
                                            "state": {
                                                "id": "d68c68d2-108e-4635-93d1-28c44525f178",
                                                "name": "RAJSHAHI"
                                            }
                                        }
                                    ]
                                },
                                {
                                    "id": "e84d4380-c4bb-4228-88c5-d82e8c1b0865",
                                    "name": "TANGAIL",
                                    "upazilas": [
                                        {
                                            "name": "TANGAIL_SADAR",
                                            "id": "2e5d24da-b036-45be-892b-7f296d666c78",
                                            "state": {
                                                "id": "9c75a95b-9f42-4ca9-a152-78c492590a6f",
                                                "name": "DHAKA"
                                            }
                                        },
                                        {
                                            "name": "DHANBARI",
                                            "id": "1456c986-adde-41d1-a0b0-403604bc0d93",
                                            "state": {
                                                "id": "9c75a95b-9f42-4ca9-a152-78c492590a6f",
                                                "name": "DHAKA"
                                            }
                                        },
                                        {
                                            "name": "DELDUAR",
                                            "id": "3a4c7f79-c00e-49e1-abac-816ed50dc3fb",
                                            "state": {
                                                "id": "9c75a95b-9f42-4ca9-a152-78c492590a6f",
                                                "name": "DHAKA"
                                            }
                                        },
                                        {
                                            "name": "GOPALPUR",
                                            "id": "b2a571f1-2242-424d-9023-7f0f25fd2bb8",
                                            "state": {
                                                "id": "9c75a95b-9f42-4ca9-a152-78c492590a6f",
                                                "name": "DHAKA"
                                            }
                                        },
                                        {
                                            "name": "BASAIL",
                                            "id": "eb604fd4-90f1-40e4-9519-d5a7ca445bfc",
                                            "state": {
                                                "id": "9c75a95b-9f42-4ca9-a152-78c492590a6f",
                                                "name": "DHAKA"
                                            }
                                        },
                                        {
                                            "name": "MIRZAPUR",
                                            "id": "124001b8-78ca-48ce-bbb6-47b461c63063",
                                            "state": {
                                                "id": "9c75a95b-9f42-4ca9-a152-78c492590a6f",
                                                "name": "DHAKA"
                                            }
                                        },
                                        {
                                            "name": "NAGARPUR",
                                            "id": "6cfd02f6-756a-4b9b-85ed-04258d99ca07",
                                            "state": {
                                                "id": "9c75a95b-9f42-4ca9-a152-78c492590a6f",
                                                "name": "DHAKA"
                                            }
                                        },
                                        {
                                            "name": "MADHUPUR",
                                            "id": "21165dd7-b75c-44fb-9e86-4460f532083b",
                                            "state": {
                                                "id": "9c75a95b-9f42-4ca9-a152-78c492590a6f",
                                                "name": "DHAKA"
                                            }
                                        },
                                        {
                                            "name": "BHUAPUR",
                                            "id": "5b9c7e29-0e43-4850-8dca-91a74dab06df",
                                            "state": {
                                                "id": "9c75a95b-9f42-4ca9-a152-78c492590a6f",
                                                "name": "DHAKA"
                                            }
                                        },
                                        {
                                            "name": "GHATAIL",
                                            "id": "6a30d344-ac16-4257-acae-53a8f5a3b49f",
                                            "state": {
                                                "id": "9c75a95b-9f42-4ca9-a152-78c492590a6f",
                                                "name": "DHAKA"
                                            }
                                        },
                                        {
                                            "name": "KALIHATI",
                                            "id": "efef7a8d-28a7-4a48-aeb2-9cc9c9785e37",
                                            "state": {
                                                "id": "9c75a95b-9f42-4ca9-a152-78c492590a6f",
                                                "name": "DHAKA"
                                            }
                                        },
                                        {
                                            "name": "SAKHIPUR",
                                            "id": "86572e49-e51d-4de7-a0d1-26c5bc008a97",
                                            "state": {
                                                "id": "9c75a95b-9f42-4ca9-a152-78c492590a6f",
                                                "name": "DHAKA"
                                            }
                                        }
                                    ]
                                },
                                {
                                    "id": "68d1c1a6-79cf-4614-af26-9c92f954a31f",
                                    "name": "JOYPURHAT",
                                    "upazilas": [
                                        {
                                            "name": "JOYPURHAT S",
                                            "id": "ef9c918e-c776-452b-a9c6-1626f887ed68",
                                            "state": {
                                                "id": "d68c68d2-108e-4635-93d1-28c44525f178",
                                                "name": "RAJSHAHI"
                                            }
                                        },
                                        {
                                            "name": "PANCHBIBI",
                                            "id": "3f918cbc-453d-4529-8bc7-54ea7d192610",
                                            "state": {
                                                "id": "d68c68d2-108e-4635-93d1-28c44525f178",
                                                "name": "RAJSHAHI"
                                            }
                                        },
                                        {
                                            "name": "KALAI",
                                            "id": "06ae58bb-d069-40da-a952-6f345ddaa58d",
                                            "state": {
                                                "id": "d68c68d2-108e-4635-93d1-28c44525f178",
                                                "name": "RAJSHAHI"
                                            }
                                        },
                                        {
                                            "name": "KHETLAL",
                                            "id": "1608a3cd-70aa-46ef-8424-3bcb6f1d83bc",
                                            "state": {
                                                "id": "d68c68d2-108e-4635-93d1-28c44525f178",
                                                "name": "RAJSHAHI"
                                            }
                                        },
                                        {
                                            "name": "AKKELPUR",
                                            "id": "74242c78-e84f-4f42-a882-039391447f6c",
                                            "state": {
                                                "id": "d68c68d2-108e-4635-93d1-28c44525f178",
                                                "name": "RAJSHAHI"
                                            }
                                        }
                                    ]
                                },
                                {
                                    "id": "554b09c8-da48-4e22-ad26-491dde9c455b",
                                    "name": "SATKHIRA",
                                    "upazilas": [
                                        {
                                            "name": "ASSASUNI",
                                            "id": "70a2a525-3a4e-4a75-93b6-0751526ae9fd",
                                            "state": {
                                                "id": "642a6748-942f-473d-96c6-a6c1b2e00e05",
                                                "name": "KHULNA"
                                            }
                                        },
                                        {
                                            "name": "SATKHIRA_SADAR",
                                            "id": "18bd63e5-67e7-417f-a94b-eace376e3c53",
                                            "state": {
                                                "id": "642a6748-942f-473d-96c6-a6c1b2e00e05",
                                                "name": "KHULNA"
                                            }
                                        },
                                        {
                                            "name": "KALAROA",
                                            "id": "2bbc4bea-0602-45d5-b8a7-347875b3e0c5",
                                            "state": {
                                                "id": "642a6748-942f-473d-96c6-a6c1b2e00e05",
                                                "name": "KHULNA"
                                            }
                                        },
                                        {
                                            "name": "DEBHATA",
                                            "id": "43ab5450-3fdf-48c5-af62-8eb39cc6bdbd",
                                            "state": {
                                                "id": "642a6748-942f-473d-96c6-a6c1b2e00e05",
                                                "name": "KHULNA"
                                            }
                                        },
                                        {
                                            "name": "SHYAMNAGAR",
                                            "id": "6c225dcc-fb72-4c69-8842-9e24ca8893b3",
                                            "state": {
                                                "id": "642a6748-942f-473d-96c6-a6c1b2e00e05",
                                                "name": "KHULNA"
                                            }
                                        },
                                        {
                                            "name": "TALA",
                                            "id": "9ba03b6b-a81e-460f-bc16-4070cf8853ce",
                                            "state": {
                                                "id": "642a6748-942f-473d-96c6-a6c1b2e00e05",
                                                "name": "KHULNA"
                                            }
                                        }
                                    ]
                                },
                                {
                                    "id": "8532a8c6-657b-43bc-8ed5-bd8d6ff60ace",
                                    "name": "RAJSHAHI",
                                    "upazilas": [
                                        {
                                            "name": "BAGMARA",
                                            "id": "f2ede638-eab8-4f99-8c6b-a210e841fd1d",
                                            "state": {
                                                "id": "d68c68d2-108e-4635-93d1-28c44525f178",
                                                "name": "RAJSHAHI"
                                            }
                                        },
                                        {
                                            "name": "MOHANPUR",
                                            "id": "7aaac890-91b5-403e-9e63-c3d143b36684",
                                            "state": {
                                                "id": "d68c68d2-108e-4635-93d1-28c44525f178",
                                                "name": "RAJSHAHI"
                                            }
                                        },
                                        {
                                            "name": "BAGHA",
                                            "id": "239db35c-a47a-4654-aa45-5b23ce80c442",
                                            "state": {
                                                "id": "d68c68d2-108e-4635-93d1-28c44525f178",
                                                "name": "RAJSHAHI"
                                            }
                                        },
                                        {
                                            "name": "GODAGARI",
                                            "id": "05d823af-b4fc-4dc6-a7c3-1327766addc8",
                                            "state": {
                                                "id": "d68c68d2-108e-4635-93d1-28c44525f178",
                                                "name": "RAJSHAHI"
                                            }
                                        },
                                        {
                                            "name": "PABA",
                                            "id": "7c7f7c74-c68b-4b89-b932-d8a3239bf9b7",
                                            "state": {
                                                "id": "d68c68d2-108e-4635-93d1-28c44525f178",
                                                "name": "RAJSHAHI"
                                            }
                                        },
                                        {
                                            "name": "TANORE",
                                            "id": "58c5cea6-ca41-4a91-a5fa-b9a5934401ac",
                                            "state": {
                                                "id": "d68c68d2-108e-4635-93d1-28c44525f178",
                                                "name": "RAJSHAHI"
                                            }
                                        },
                                        {
                                            "name": "CHARGHAT",
                                            "id": "aff4647e-2079-4cce-97b0-101fc74ae51b",
                                            "state": {
                                                "id": "d68c68d2-108e-4635-93d1-28c44525f178",
                                                "name": "RAJSHAHI"
                                            }
                                        },
                                        {
                                            "name": "DURGAPUR",
                                            "id": "4223b078-975d-44e9-9365-245f0cb05789",
                                            "state": {
                                                "id": "d68c68d2-108e-4635-93d1-28c44525f178",
                                                "name": "RAJSHAHI"
                                            }
                                        },
                                        {
                                            "name": "PUTHIA",
                                            "id": "2d476069-1315-4416-b9be-a0b422700c68",
                                            "state": {
                                                "id": "d68c68d2-108e-4635-93d1-28c44525f178",
                                                "name": "RAJSHAHI"
                                            }
                                        }
                                    ]
                                },
                                {
                                    "id": "d5260be7-24e7-4c50-9a49-0796cb51b216",
                                    "name": "CUMILLA",
                                    "upazilas": [
                                        {
                                            "name": "DAUDKANDI",
                                            "id": "c1e10c6b-deab-42cb-bdc5-c11244fff880",
                                            "state": {
                                                "id": "d4e8944a-6e8f-4d6e-a313-2228cfe9a567",
                                                "name": "CHITTAGONG"
                                            }
                                        },
                                        {
                                            "name": "DEBIDWAR",
                                            "id": "8226c704-027a-489c-abef-9a3758b49617",
                                            "state": {
                                                "id": "d4e8944a-6e8f-4d6e-a313-2228cfe9a567",
                                                "name": "CHITTAGONG"
                                            }
                                        },
                                        {
                                            "name": "BURICHONG",
                                            "id": "e6684874-0ce5-4f73-9eed-7b72049acf8d",
                                            "state": {
                                                "id": "d4e8944a-6e8f-4d6e-a313-2228cfe9a567",
                                                "name": "CHITTAGONG"
                                            }
                                        },
                                        {
                                            "name": "TITAS",
                                            "id": "b224fbca-58dd-4a13-a2bf-ac01636994e2",
                                            "state": {
                                                "id": "d4e8944a-6e8f-4d6e-a313-2228cfe9a567",
                                                "name": "CHITTAGONG"
                                            }
                                        },
                                        {
                                            "name": "CHANDINA",
                                            "id": "a5e4309c-694a-4781-aa98-f8ec016e4109",
                                            "state": {
                                                "id": "d4e8944a-6e8f-4d6e-a313-2228cfe9a567",
                                                "name": "CHITTAGONG"
                                            }
                                        },
                                        {
                                            "name": "LAKSAM",
                                            "id": "bca6900f-c079-4d77-8616-cd4416f42061",
                                            "state": {
                                                "id": "d4e8944a-6e8f-4d6e-a313-2228cfe9a567",
                                                "name": "CHITTAGONG"
                                            }
                                        },
                                        {
                                            "name": "BARURA",
                                            "id": "8d377f34-bb0c-4aca-82d3-fc9f396451e0",
                                            "state": {
                                                "id": "d4e8944a-6e8f-4d6e-a313-2228cfe9a567",
                                                "name": "CHITTAGONG"
                                            }
                                        },
                                        {
                                            "name": "MURADNAGAR",
                                            "id": "d088b585-95a1-4fac-86b4-0e3b436570d4",
                                            "state": {
                                                "id": "d4e8944a-6e8f-4d6e-a313-2228cfe9a567",
                                                "name": "CHITTAGONG"
                                            }
                                        },
                                        {
                                            "name": "MEGHNA",
                                            "id": "c0cfe679-e617-4907-ae22-20e0a4dd494b",
                                            "state": {
                                                "id": "d4e8944a-6e8f-4d6e-a313-2228cfe9a567",
                                                "name": "CHITTAGONG"
                                            }
                                        },
                                        {
                                            "name": "BRAHMANPARA",
                                            "id": "f35b2456-9e76-487c-a998-b51eb7a6eae4",
                                            "state": {
                                                "id": "d4e8944a-6e8f-4d6e-a313-2228cfe9a567",
                                                "name": "CHITTAGONG"
                                            }
                                        },
                                        {
                                            "name": "COMILLA_SADAR",
                                            "id": "6abbbc95-fa39-49c4-8127-1453fe90181c",
                                            "state": {
                                                "id": "d4e8944a-6e8f-4d6e-a313-2228cfe9a567",
                                                "name": "CHITTAGONG"
                                            }
                                        },
                                        {
                                            "name": "NANGALKOT",
                                            "id": "e9e0cac7-f5dd-44d5-b1e9-9e9e1166c478",
                                            "state": {
                                                "id": "d4e8944a-6e8f-4d6e-a313-2228cfe9a567",
                                                "name": "CHITTAGONG"
                                            }
                                        },
                                        {
                                            "name": "CHAUDDAGRAM",
                                            "id": "7c9eac52-0e2e-4867-b2ee-7c4cf3a1c643",
                                            "state": {
                                                "id": "d4e8944a-6e8f-4d6e-a313-2228cfe9a567",
                                                "name": "CHITTAGONG"
                                            }
                                        },
                                        {
                                            "name": "COMILLA_SADAR SOUTH",
                                            "id": "a8ea2db4-ee9b-4340-8537-83cd622292c2",
                                            "state": {
                                                "id": "d4e8944a-6e8f-4d6e-a313-2228cfe9a567",
                                                "name": "CHITTAGONG"
                                            }
                                        },
                                        {
                                            "name": "MONOHORGONJ",
                                            "id": "eabcbd1f-9f0e-494c-b8a3-16301fd6fa10",
                                            "state": {
                                                "id": "d4e8944a-6e8f-4d6e-a313-2228cfe9a567",
                                                "name": "CHITTAGONG"
                                            }
                                        },
                                        {
                                            "name": "HOMNA",
                                            "id": "07582306-d3c1-4cb1-b07e-23d0a4d62a5f",
                                            "state": {
                                                "id": "d4e8944a-6e8f-4d6e-a313-2228cfe9a567",
                                                "name": "CHITTAGONG"
                                            }
                                        }
                                    ]
                                },
                                {
                                    "id": "272e4693-e399-466a-b021-6728909093d3",
                                    "name": "BRAHMANBARIA",
                                    "upazilas": [
                                        {
                                            "name": "KASBA",
                                            "id": "4498e76d-1d3f-48af-9194-032e8d236b61",
                                            "state": {
                                                "id": "d4e8944a-6e8f-4d6e-a313-2228cfe9a567",
                                                "name": "CHITTAGONG"
                                            }
                                        },
                                        {
                                            "name": "BRAHMANBARIA_SADAR",
                                            "id": "4f269d37-5f46-460f-b145-ada17379cbfc",
                                            "state": {
                                                "id": "d4e8944a-6e8f-4d6e-a313-2228cfe9a567",
                                                "name": "CHITTAGONG"
                                            }
                                        },
                                        {
                                            "name": "ASHUGANJ",
                                            "id": "e5395c84-18d2-4543-a6ec-a707cfe81bcc",
                                            "state": {
                                                "id": "d4e8944a-6e8f-4d6e-a313-2228cfe9a567",
                                                "name": "CHITTAGONG"
                                            }
                                        },
                                        {
                                            "name": "BIJOYNAGAR",
                                            "id": "947631d1-8146-4df8-ae1e-4d04e7595de6",
                                            "state": {
                                                "id": "d4e8944a-6e8f-4d6e-a313-2228cfe9a567",
                                                "name": "CHITTAGONG"
                                            }
                                        },
                                        {
                                            "name": "BANCHARAMPUR",
                                            "id": "0db8bac6-d7d0-4100-869e-41ebe3eb92cd",
                                            "state": {
                                                "id": "d4e8944a-6e8f-4d6e-a313-2228cfe9a567",
                                                "name": "CHITTAGONG"
                                            }
                                        },
                                        {
                                            "name": "AKHAURA",
                                            "id": "5a302ebb-61a8-4e8c-8b59-6a7a49a7b201",
                                            "state": {
                                                "id": "d4e8944a-6e8f-4d6e-a313-2228cfe9a567",
                                                "name": "CHITTAGONG"
                                            }
                                        },
                                        {
                                            "name": "NASIRNAGAR",
                                            "id": "76484d2d-47cc-4c8b-99e1-24c94c3c330e",
                                            "state": {
                                                "id": "d4e8944a-6e8f-4d6e-a313-2228cfe9a567",
                                                "name": "CHITTAGONG"
                                            }
                                        },
                                        {
                                            "name": "NABINAGAR",
                                            "id": "84aeef02-dd01-48da-8468-ac1f5479bf70",
                                            "state": {
                                                "id": "d4e8944a-6e8f-4d6e-a313-2228cfe9a567",
                                                "name": "CHITTAGONG"
                                            }
                                        },
                                        {
                                            "name": "SARAIL",
                                            "id": "ba8e3375-d3cc-48f3-915c-9699081fa9d5",
                                            "state": {
                                                "id": "d4e8944a-6e8f-4d6e-a313-2228cfe9a567",
                                                "name": "CHITTAGONG"
                                            }
                                        },
                                        {
                                            "name": "SHAHBAZPUR TOWN",
                                            "id": "9aa10ffe-f68d-4c46-9994-04d746f5d1bc",
                                            "state": {
                                                "id": "d4e8944a-6e8f-4d6e-a313-2228cfe9a567",
                                                "name": "CHITTAGONG"
                                            }
                                        }
                                    ]
                                },
                                {
                                    "id": "3c67f19f-4e59-4fda-8503-117efa8b69d6",
                                    "name": "LAKSHMIPUR",
                                    "upazilas": [
                                        {
                                            "name": "RAMGATI",
                                            "id": "85171790-705a-43f5-ac34-99c2048f50f7",
                                            "state": {
                                                "id": "d4e8944a-6e8f-4d6e-a313-2228cfe9a567",
                                                "name": "CHITTAGONG"
                                            }
                                        },
                                        {
                                            "name": "RAIPUR",
                                            "id": "bed17fa7-df5e-41a3-905b-d4675de832ce",
                                            "state": {
                                                "id": "d4e8944a-6e8f-4d6e-a313-2228cfe9a567",
                                                "name": "CHITTAGONG"
                                            }
                                        },
                                        {
                                            "name": "LAKSHMIPUR_SADAR",
                                            "id": "2769623f-1de5-407a-8e77-ce987cbfc80e",
                                            "state": {
                                                "id": "d4e8944a-6e8f-4d6e-a313-2228cfe9a567",
                                                "name": "CHITTAGONG"
                                            }
                                        },
                                        {
                                            "name": "KOMOL NAGAR",
                                            "id": "7550df44-de22-487f-aa63-47fea04a985d",
                                            "state": {
                                                "id": "d4e8944a-6e8f-4d6e-a313-2228cfe9a567",
                                                "name": "CHITTAGONG"
                                            }
                                        },
                                        {
                                            "name": "RAMGANJ",
                                            "id": "b5ceb354-c53c-41c3-b9e5-83bf8be9ed17",
                                            "state": {
                                                "id": "d4e8944a-6e8f-4d6e-a313-2228cfe9a567",
                                                "name": "CHITTAGONG"
                                            }
                                        }
                                    ]
                                },
                                {
                                    "id": "1774b360-47d1-4c74-94f9-e92b49968263",
                                    "name": "NETROKONA",
                                    "upazilas": [
                                        {
                                            "name": "KALMAKANDA UPAZILLA",
                                            "id": "c06fd86e-e96d-4148-b393-c7a909eb6b5c",
                                            "state": {
                                                "id": "f6395340-53b2-4824-8252-ef3a164b8446",
                                                "name": "MAYMENSINGH"
                                            }
                                        },
                                        {
                                            "name": "MOHANGANJ UPAZILLA",
                                            "id": "8bdfbfde-f52f-4eda-a4dc-1ea70461cf15",
                                            "state": {
                                                "id": "f6395340-53b2-4824-8252-ef3a164b8446",
                                                "name": "MAYMENSINGH"
                                            }
                                        },
                                        {
                                            "name": "NETRAKONA-S UPAZILLA",
                                            "id": "8f6dd6df-f4b6-434f-a8d8-50363278501f",
                                            "state": {
                                                "id": "f6395340-53b2-4824-8252-ef3a164b8446",
                                                "name": "MAYMENSINGH"
                                            }
                                        },
                                        {
                                            "name": "BARHATTA UPAZILLA",
                                            "id": "98dd7d62-259b-4f9b-8bcb-c9b81440439b",
                                            "state": {
                                                "id": "f6395340-53b2-4824-8252-ef3a164b8446",
                                                "name": "MAYMENSINGH"
                                            }
                                        },
                                        {
                                            "name": "KHALIAJURI UPAZILLA",
                                            "id": "0a55806b-be24-484b-9c56-3b475d525ec3",
                                            "state": {
                                                "id": "f6395340-53b2-4824-8252-ef3a164b8446",
                                                "name": "MAYMENSINGH"
                                            }
                                        },
                                        {
                                            "name": "KENDUA UPAZILLA",
                                            "id": "0a227fd8-fa1a-437b-b3e8-80df07ce0127",
                                            "state": {
                                                "id": "f6395340-53b2-4824-8252-ef3a164b8446",
                                                "name": "MAYMENSINGH"
                                            }
                                        },
                                        {
                                            "name": "ATPARA UPAZILLA",
                                            "id": "0f88c435-a402-42a6-b543-fcaad9a10cf9",
                                            "state": {
                                                "id": "f6395340-53b2-4824-8252-ef3a164b8446",
                                                "name": "MAYMENSINGH"
                                            }
                                        },
                                        {
                                            "name": "PURBADHALA UPAZILLA",
                                            "id": "421e74d9-7bd0-4186-9468-99173c747a9a",
                                            "state": {
                                                "id": "f6395340-53b2-4824-8252-ef3a164b8446",
                                                "name": "MAYMENSINGH"
                                            }
                                        },
                                        {
                                            "name": "MADAN UPAZILLA",
                                            "id": "8a74093b-0358-4469-abcf-e179b122d97c",
                                            "state": {
                                                "id": "f6395340-53b2-4824-8252-ef3a164b8446",
                                                "name": "MAYMENSINGH"
                                            }
                                        },
                                        {
                                            "name": "DURGAPUR UPAZILLA",
                                            "id": "620df571-6ff3-4f42-9879-01d7fbd58664",
                                            "state": {
                                                "id": "f6395340-53b2-4824-8252-ef3a164b8446",
                                                "name": "MAYMENSINGH"
                                            }
                                        }
                                    ]
                                },
                                {
                                    "id": "f46364df-b16f-4916-9601-56bc37674090",
                                    "name": "MADARIPUR",
                                    "upazilas": [
                                        {
                                            "name": "RAJOIR",
                                            "id": "e93745bf-e56f-4059-9a47-0cdc7a6dd0e6",
                                            "state": {
                                                "id": "9c75a95b-9f42-4ca9-a152-78c492590a6f",
                                                "name": "DHAKA"
                                            }
                                        },
                                        {
                                            "name": "KALKINI",
                                            "id": "39b91e5b-54e0-4ef5-900c-0f260df1b12c",
                                            "state": {
                                                "id": "9c75a95b-9f42-4ca9-a152-78c492590a6f",
                                                "name": "DHAKA"
                                            }
                                        },
                                        {
                                            "name": "DASAR",
                                            "id": "3558fcad-3277-4d85-8b05-c4c39ad8add0",
                                            "state": {
                                                "id": "9c75a95b-9f42-4ca9-a152-78c492590a6f",
                                                "name": "DHAKA"
                                            }
                                        },
                                        {
                                            "name": "SHIBCHAR",
                                            "id": "2090422b-acad-447b-bdc5-f5df7813287d",
                                            "state": {
                                                "id": "9c75a95b-9f42-4ca9-a152-78c492590a6f",
                                                "name": "DHAKA"
                                            }
                                        },
                                        {
                                            "name": "MADARIPUR_SADAR",
                                            "id": "a0368a52-0c1a-4ca6-8c6f-3bddda0602bf",
                                            "state": {
                                                "id": "9c75a95b-9f42-4ca9-a152-78c492590a6f",
                                                "name": "DHAKA"
                                            }
                                        }
                                    ]
                                },
                                {
                                    "id": "03394485-abb0-4a8f-b928-9b986ca6cd35",
                                    "name": "NARAYANGANJ",
                                    "upazilas": [
                                        {
                                            "name": "NARYANGANJ_SADAR",
                                            "id": "204bc228-4838-4831-86c1-83fddbab206c",
                                            "state": {
                                                "id": "9c75a95b-9f42-4ca9-a152-78c492590a6f",
                                                "name": "DHAKA"
                                            }
                                        },
                                        {
                                            "name": "SONARGAON",
                                            "id": "f49e5635-d73c-4cea-83ee-5de520c1ceb3",
                                            "state": {
                                                "id": "9c75a95b-9f42-4ca9-a152-78c492590a6f",
                                                "name": "DHAKA"
                                            }
                                        },
                                        {
                                            "name": "ARAIHAZAR",
                                            "id": "5b715c3d-64d6-4144-81a2-c9c3222c3583",
                                            "state": {
                                                "id": "9c75a95b-9f42-4ca9-a152-78c492590a6f",
                                                "name": "DHAKA"
                                            }
                                        },
                                        {
                                            "name": "BANDAR",
                                            "id": "f745e13a-9ff7-4b1f-a370-3706ed8fe794",
                                            "state": {
                                                "id": "9c75a95b-9f42-4ca9-a152-78c492590a6f",
                                                "name": "DHAKA"
                                            }
                                        },
                                        {
                                            "name": "RUPGANJ",
                                            "id": "850fc0af-59a8-4beb-aeb5-f9d2a33fae32",
                                            "state": {
                                                "id": "9c75a95b-9f42-4ca9-a152-78c492590a6f",
                                                "name": "DHAKA"
                                            }
                                        },
                                        {
                                            "name": "SIDDIRGONJ",
                                            "id": "eb803c77-6bd5-4485-8984-cefc09569d46",
                                            "state": {
                                                "id": "9c75a95b-9f42-4ca9-a152-78c492590a6f",
                                                "name": "DHAKA"
                                            }
                                        }
                                    ]
                                },
                                {
                                    "id": "6988fbb2-ec1a-483e-b38d-b444db1232e4",
                                    "name": "GAZIPUR",
                                    "upazilas": [
                                        {
                                            "name": "SRIPUR",
                                            "id": "ff0b71cd-078d-4b86-bbfc-277f9e7831bd",
                                            "state": {
                                                "id": "9c75a95b-9f42-4ca9-a152-78c492590a6f",
                                                "name": "DHAKA"
                                            }
                                        },
                                        {
                                            "name": "KALIAKIOR",
                                            "id": "38522ca1-1e56-4afb-8e22-9fb942025670",
                                            "state": {
                                                "id": "9c75a95b-9f42-4ca9-a152-78c492590a6f",
                                                "name": "DHAKA"
                                            }
                                        },
                                        {
                                            "name": "TONGI",
                                            "id": "7d80f457-b9e9-4264-838e-5b085f402e99",
                                            "state": {
                                                "id": "9c75a95b-9f42-4ca9-a152-78c492590a6f",
                                                "name": "DHAKA"
                                            }
                                        },
                                        {
                                            "name": "KAPASIA",
                                            "id": "90c13f9e-25c6-41cc-aecc-da6ec1adf439",
                                            "state": {
                                                "id": "9c75a95b-9f42-4ca9-a152-78c492590a6f",
                                                "name": "DHAKA"
                                            }
                                        },
                                        {
                                            "name": "GAZIPUR_SADAR-JOYDEBPUR",
                                            "id": "9de27df1-812c-47be-a756-66b298a15281",
                                            "state": {
                                                "id": "9c75a95b-9f42-4ca9-a152-78c492590a6f",
                                                "name": "DHAKA"
                                            }
                                        }
                                    ]
                                },
                                {
                                    "id": "3e56df9f-26ae-4ec2-9d75-cbe655ee5fcd",
                                    "name": "NAWABGANJ",
                                    "upazilas": [
                                        {
                                            "name": "SHIBGANJ",
                                            "id": "5a69a253-29cc-437b-bd7f-765f9020b05c",
                                            "state": {
                                                "id": "d68c68d2-108e-4635-93d1-28c44525f178",
                                                "name": "RAJSHAHI"
                                            }
                                        },
                                        {
                                            "name": "NAWABGANJ_SADAR",
                                            "id": "38cf4ab6-34d7-4822-81c9-cf35860c09eb",
                                            "state": {
                                                "id": "d68c68d2-108e-4635-93d1-28c44525f178",
                                                "name": "RAJSHAHI"
                                            }
                                        },
                                        {
                                            "name": "BHOLAHAT",
                                            "id": "1fc07589-90dc-4484-91b3-b7aa6ea120c7",
                                            "state": {
                                                "id": "d68c68d2-108e-4635-93d1-28c44525f178",
                                                "name": "RAJSHAHI"
                                            }
                                        },
                                        {
                                            "name": "GOMASTAPUR",
                                            "id": "e02d73bf-e86e-49c6-a88f-386dba2e77f5",
                                            "state": {
                                                "id": "d68c68d2-108e-4635-93d1-28c44525f178",
                                                "name": "RAJSHAHI"
                                            }
                                        },
                                        {
                                            "name": "NACHOLE",
                                            "id": "ef4efc17-4d51-42ad-ab19-ad9ca8825334",
                                            "state": {
                                                "id": "d68c68d2-108e-4635-93d1-28c44525f178",
                                                "name": "RAJSHAHI"
                                            }
                                        }
                                    ]
                                },
                                {
                                    "id": "d9ba4812-1282-44de-9f59-c343ec5d1623",
                                    "name": "HABIGANJ",
                                    "upazilas": [
                                        {
                                            "name": "MADHABPUR",
                                            "id": "6b3a6f8c-2a46-4f42-9eec-ca4dce6db8d1",
                                            "state": {
                                                "id": "2f2f0cc1-587a-4dad-a3f0-83c0bac697ec",
                                                "name": "SYLHET"
                                            }
                                        },
                                        {
                                            "name": "AJMIRIGANJ",
                                            "id": "fe078d20-cdd6-4505-987f-75724794fc60",
                                            "state": {
                                                "id": "2f2f0cc1-587a-4dad-a3f0-83c0bac697ec",
                                                "name": "SYLHET"
                                            }
                                        },
                                        {
                                            "name": "HABIGANJ_SADAR",
                                            "id": "9abb2827-c6bf-4dff-88ba-08a8f443de07",
                                            "state": {
                                                "id": "2f2f0cc1-587a-4dad-a3f0-83c0bac697ec",
                                                "name": "SYLHET"
                                            }
                                        },
                                        {
                                            "name": "SHAISTAGONJ",
                                            "id": "7b1ffaa0-17d4-41aa-8a09-ef548e1ed0d3",
                                            "state": {
                                                "id": "2f2f0cc1-587a-4dad-a3f0-83c0bac697ec",
                                                "name": "SYLHET"
                                            }
                                        },
                                        {
                                            "name": "CHUNARUGHAT",
                                            "id": "e93527a1-bc76-4c94-9a0b-a1bf1ffeb2d9",
                                            "state": {
                                                "id": "2f2f0cc1-587a-4dad-a3f0-83c0bac697ec",
                                                "name": "SYLHET"
                                            }
                                        },
                                        {
                                            "name": "LAKHAI",
                                            "id": "63cbbda9-fd2e-4571-88a4-5ee93002ece0",
                                            "state": {
                                                "id": "2f2f0cc1-587a-4dad-a3f0-83c0bac697ec",
                                                "name": "SYLHET"
                                            }
                                        },
                                        {
                                            "name": "BANIACHANG",
                                            "id": "3c4a572a-fa59-4f9a-bb18-c3452a160f07",
                                            "state": {
                                                "id": "2f2f0cc1-587a-4dad-a3f0-83c0bac697ec",
                                                "name": "SYLHET"
                                            }
                                        },
                                        {
                                            "name": "BAHUBAL",
                                            "id": "0cc7bd46-ff4a-4097-8624-86a54e58635a",
                                            "state": {
                                                "id": "2f2f0cc1-587a-4dad-a3f0-83c0bac697ec",
                                                "name": "SYLHET"
                                            }
                                        },
                                        {
                                            "name": "NABIGANJ",
                                            "id": "753f6651-0ca3-4a21-8edc-9a33086ba51e",
                                            "state": {
                                                "id": "2f2f0cc1-587a-4dad-a3f0-83c0bac697ec",
                                                "name": "SYLHET"
                                            }
                                        }
                                    ]
                                },
                                {
                                    "id": "aec90468-bdf5-4909-9603-7fb165dd34b0",
                                    "name": "BANDARBAN",
                                    "upazilas": [
                                        {
                                            "name": "BANDARBAN_SADAR",
                                            "id": "29593331-9a0e-411b-b8dc-a3d3d92eb941",
                                            "state": {
                                                "id": "d4e8944a-6e8f-4d6e-a313-2228cfe9a567",
                                                "name": "CHITTAGONG"
                                            }
                                        },
                                        {
                                            "name": "LAMA",
                                            "id": "2e0b2174-f8fd-4253-8c0a-70683d748a3f",
                                            "state": {
                                                "id": "d4e8944a-6e8f-4d6e-a313-2228cfe9a567",
                                                "name": "CHITTAGONG"
                                            }
                                        },
                                        {
                                            "name": "ALI KADAM",
                                            "id": "9fde9ce1-993f-4259-91e7-3b98a24e8761",
                                            "state": {
                                                "id": "d4e8944a-6e8f-4d6e-a313-2228cfe9a567",
                                                "name": "CHITTAGONG"
                                            }
                                        },
                                        {
                                            "name": "ROWANGCHHARI",
                                            "id": "276ee236-ded6-41ca-8e0a-f78e67d2b3da",
                                            "state": {
                                                "id": "d4e8944a-6e8f-4d6e-a313-2228cfe9a567",
                                                "name": "CHITTAGONG"
                                            }
                                        },
                                        {
                                            "name": "THANCHI",
                                            "id": "03e46154-e64f-46e4-a1ec-e85ddf107787",
                                            "state": {
                                                "id": "d4e8944a-6e8f-4d6e-a313-2228cfe9a567",
                                                "name": "CHITTAGONG"
                                            }
                                        },
                                        {
                                            "name": "RUMA",
                                            "id": "1151bfe0-da1f-4b1f-b114-4bf1d90d22cc",
                                            "state": {
                                                "id": "d4e8944a-6e8f-4d6e-a313-2228cfe9a567",
                                                "name": "CHITTAGONG"
                                            }
                                        },
                                        {
                                            "name": "NAIKHONGCHHARI",
                                            "id": "6a91aef8-e8f4-4a6d-ba56-d0c2dc7c1825",
                                            "state": {
                                                "id": "d4e8944a-6e8f-4d6e-a313-2228cfe9a567",
                                                "name": "CHITTAGONG"
                                            }
                                        }
                                    ]
                                },
                                {
                                    "id": "c73a2eed-dabd-4afe-8697-b61c7660367c",
                                    "name": "SYLHET",
                                    "upazilas": [
                                        {
                                            "name": "COMPANIGANJ",
                                            "id": "31e28b0b-7ebc-421d-b4ba-639b9ca7cb53",
                                            "state": {
                                                "id": "2f2f0cc1-587a-4dad-a3f0-83c0bac697ec",
                                                "name": "SYLHET"
                                            }
                                        },
                                        {
                                            "name": "SYLHET_SADAR",
                                            "id": "a34f0b38-18e8-4262-86b2-1651bb537760",
                                            "state": {
                                                "id": "2f2f0cc1-587a-4dad-a3f0-83c0bac697ec",
                                                "name": "SYLHET"
                                            }
                                        },
                                        {
                                            "name": "BISHWANATH",
                                            "id": "d6ba0515-8d7b-4bfb-98c2-106a38549130",
                                            "state": {
                                                "id": "2f2f0cc1-587a-4dad-a3f0-83c0bac697ec",
                                                "name": "SYLHET"
                                            }
                                        },
                                        {
                                            "name": "KANAIGHAT",
                                            "id": "e031ef05-3d43-4ad6-b6f1-b773fbb9096d",
                                            "state": {
                                                "id": "2f2f0cc1-587a-4dad-a3f0-83c0bac697ec",
                                                "name": "SYLHET"
                                            }
                                        },
                                        {
                                            "name": "GOLAPGANJ",
                                            "id": "210156d5-afd9-4bd0-a11a-b9a4c5cbbdbc",
                                            "state": {
                                                "id": "2f2f0cc1-587a-4dad-a3f0-83c0bac697ec",
                                                "name": "SYLHET"
                                            }
                                        },
                                        {
                                            "name": "GOWAINGHAT",
                                            "id": "2dd4daf8-43b6-482d-a890-2bb2a70e8991",
                                            "state": {
                                                "id": "2f2f0cc1-587a-4dad-a3f0-83c0bac697ec",
                                                "name": "SYLHET"
                                            }
                                        },
                                        {
                                            "name": "ZAKIGANJ",
                                            "id": "30f4b678-fdec-482d-8f8a-e26c346f26ad",
                                            "state": {
                                                "id": "2f2f0cc1-587a-4dad-a3f0-83c0bac697ec",
                                                "name": "SYLHET"
                                            }
                                        },
                                        {
                                            "name": "JAINTIAPUR",
                                            "id": "8f86c696-7e8e-44a4-91cf-6561dd174a18",
                                            "state": {
                                                "id": "2f2f0cc1-587a-4dad-a3f0-83c0bac697ec",
                                                "name": "SYLHET"
                                            }
                                        },
                                        {
                                            "name": "DAKSHIN SURMA",
                                            "id": "ff180545-ebf0-481f-827b-2fa7cd6ee10b",
                                            "state": {
                                                "id": "2f2f0cc1-587a-4dad-a3f0-83c0bac697ec",
                                                "name": "SYLHET"
                                            }
                                        },
                                        {
                                            "name": "FENCHUGANJ",
                                            "id": "adaf36ec-689f-4591-b29c-8677a4e45f9e",
                                            "state": {
                                                "id": "2f2f0cc1-587a-4dad-a3f0-83c0bac697ec",
                                                "name": "SYLHET"
                                            }
                                        },
                                        {
                                            "name": "NOBIGONJ",
                                            "id": "c04977f2-7416-40cf-9c90-d828a9e789d5",
                                            "state": {
                                                "id": "2f2f0cc1-587a-4dad-a3f0-83c0bac697ec",
                                                "name": "SYLHET"
                                            }
                                        },
                                        {
                                            "name": "BEANIBAZAR",
                                            "id": "e5334066-cdb3-4529-a7a7-6cc3a6160265",
                                            "state": {
                                                "id": "2f2f0cc1-587a-4dad-a3f0-83c0bac697ec",
                                                "name": "SYLHET"
                                            }
                                        },
                                        {
                                            "name": "BALAGANJ",
                                            "id": "d92a9983-9313-470e-80da-9f025ed17212",
                                            "state": {
                                                "id": "2f2f0cc1-587a-4dad-a3f0-83c0bac697ec",
                                                "name": "SYLHET"
                                            }
                                        }
                                    ]
                                },
                                {
                                    "id": "86d79ef2-dc45-4d2d-8e54-fad70c79b647",
                                    "name": "PIROJPUR",
                                    "upazilas": [
                                        {
                                            "name": "NAZIRPUR",
                                            "id": "d7844a35-f652-4b30-925b-194f2396958d",
                                            "state": {
                                                "id": "5cbbb439-96e7-4f60-bf2f-abddd0d03e7e",
                                                "name": "BARISAL"
                                            }
                                        },
                                        {
                                            "name": "MATHBARIA",
                                            "id": "8e328e74-3026-4e46-8e67-fc37ce651dfe",
                                            "state": {
                                                "id": "5cbbb439-96e7-4f60-bf2f-abddd0d03e7e",
                                                "name": "BARISAL"
                                            }
                                        },
                                        {
                                            "name": "BHANDARIA",
                                            "id": "6c758ead-5526-424d-9228-1fc826c3c76e",
                                            "state": {
                                                "id": "5cbbb439-96e7-4f60-bf2f-abddd0d03e7e",
                                                "name": "BARISAL"
                                            }
                                        },
                                        {
                                            "name": "ZIANAGAR",
                                            "id": "316d4e46-74dc-458f-8750-e3643592b032",
                                            "state": {
                                                "id": "5cbbb439-96e7-4f60-bf2f-abddd0d03e7e",
                                                "name": "BARISAL"
                                            }
                                        },
                                        {
                                            "name": "PIROJPUR_SADAR",
                                            "id": "c98de406-4053-41d1-b72e-479d07b91a94",
                                            "state": {
                                                "id": "5cbbb439-96e7-4f60-bf2f-abddd0d03e7e",
                                                "name": "BARISAL"
                                            }
                                        },
                                        {
                                            "name": "NESARABAD",
                                            "id": "7dca70fe-76a9-4517-96bd-961f4a82c401",
                                            "state": {
                                                "id": "5cbbb439-96e7-4f60-bf2f-abddd0d03e7e",
                                                "name": "BARISAL"
                                            }
                                        }
                                    ]
                                },
                                {
                                    "id": "faeca4b5-c49e-4522-9d6b-b1f1786d3fe4",
                                    "name": "MEHERPUR",
                                    "upazilas": [
                                        {
                                            "name": "ANGNI",
                                            "id": "8dc5d275-9329-47d9-af59-fcad6d54bf3b",
                                            "state": {
                                                "id": "642a6748-942f-473d-96c6-a6c1b2e00e05",
                                                "name": "KHULNA"
                                            }
                                        },
                                        {
                                            "name": "MEHERPUR-S",
                                            "id": "90ee1389-ade9-47fd-b25b-0210a778cbb7",
                                            "state": {
                                                "id": "642a6748-942f-473d-96c6-a6c1b2e00e05",
                                                "name": "KHULNA"
                                            }
                                        },
                                        {
                                            "name": "MUJIB NAGAR",
                                            "id": "5d4ba578-bd32-4c79-9211-573b9174c19c",
                                            "state": {
                                                "id": "642a6748-942f-473d-96c6-a6c1b2e00e05",
                                                "name": "KHULNA"
                                            }
                                        }
                                    ]
                                },
                                {
                                    "id": "c9ee4e88-6a9e-4dca-a376-e34b12b08a7c",
                                    "name": "MAULVIBAZAR",
                                    "upazilas": [
                                        {
                                            "name": "RAJNAGAR",
                                            "id": "7d51ce73-16fe-47cf-ba03-0c064ccc14f0",
                                            "state": {
                                                "id": "2f2f0cc1-587a-4dad-a3f0-83c0bac697ec",
                                                "name": "SYLHET"
                                            }
                                        },
                                        {
                                            "name": "BARLEKHA",
                                            "id": "4787d06c-b9e4-43b1-80ef-21623028b031",
                                            "state": {
                                                "id": "2f2f0cc1-587a-4dad-a3f0-83c0bac697ec",
                                                "name": "SYLHET"
                                            }
                                        },
                                        {
                                            "name": "KULAURA",
                                            "id": "bd871dd2-4f8d-4c28-8d67-775939289225",
                                            "state": {
                                                "id": "2f2f0cc1-587a-4dad-a3f0-83c0bac697ec",
                                                "name": "SYLHET"
                                            }
                                        },
                                        {
                                            "name": "JURI",
                                            "id": "77753183-cece-4b78-85f7-fbb30b55cda4",
                                            "state": {
                                                "id": "2f2f0cc1-587a-4dad-a3f0-83c0bac697ec",
                                                "name": "SYLHET"
                                            }
                                        },
                                        {
                                            "name": "SREEMANGAL",
                                            "id": "8ee98bba-fc39-4bb2-9d83-e357a620b424",
                                            "state": {
                                                "id": "2f2f0cc1-587a-4dad-a3f0-83c0bac697ec",
                                                "name": "SYLHET"
                                            }
                                        },
                                        {
                                            "name": "KAMALGANJ",
                                            "id": "11e746ba-02ec-4142-9177-6740d9a5c6f9",
                                            "state": {
                                                "id": "2f2f0cc1-587a-4dad-a3f0-83c0bac697ec",
                                                "name": "SYLHET"
                                            }
                                        },
                                        {
                                            "name": "MOULVIBAZAR_SADAR",
                                            "id": "fb364596-f586-4335-9ab7-c7ab0104689f",
                                            "state": {
                                                "id": "2f2f0cc1-587a-4dad-a3f0-83c0bac697ec",
                                                "name": "SYLHET"
                                            }
                                        }
                                    ]
                                },
                                {
                                    "id": "1319d89d-5fb0-41b9-bdb5-05339617a6fa",
                                    "name": "SHERPUR",
                                    "upazilas": [
                                        {
                                            "name": "NAKLA",
                                            "id": "864fc566-3981-4a3a-b47a-bb549d6697f4",
                                            "state": {
                                                "id": "f6395340-53b2-4824-8252-ef3a164b8446",
                                                "name": "MAYMENSINGH"
                                            }
                                        },
                                        {
                                            "name": "JHENAIGATI",
                                            "id": "880b10a0-05da-46be-bf3e-354aac03cab7",
                                            "state": {
                                                "id": "f6395340-53b2-4824-8252-ef3a164b8446",
                                                "name": "MAYMENSINGH"
                                            }
                                        },
                                        {
                                            "name": "SREEBARDI",
                                            "id": "9f257f25-c5d3-471b-8364-62ce7eb59dfc",
                                            "state": {
                                                "id": "f6395340-53b2-4824-8252-ef3a164b8446",
                                                "name": "MAYMENSINGH"
                                            }
                                        },
                                        {
                                            "name": "SHERPUR_SADAR",
                                            "id": "cd07db73-b66e-456a-825f-81fc08cf337a",
                                            "state": {
                                                "id": "f6395340-53b2-4824-8252-ef3a164b8446",
                                                "name": "MAYMENSINGH"
                                            }
                                        },
                                        {
                                            "name": "NALITABARI",
                                            "id": "37c7e577-eeb5-4df5-877f-7ccee900a891",
                                            "state": {
                                                "id": "f6395340-53b2-4824-8252-ef3a164b8446",
                                                "name": "MAYMENSINGH"
                                            }
                                        }
                                    ]
                                },
                                {
                                    "id": "f9c3c547-adb4-4e53-a2a8-70bd5b31e3d7",
                                    "name": "FARIDPUR",
                                    "upazilas": [
                                        {
                                            "name": "CHARBHADRASAN",
                                            "id": "babc9507-275e-4611-ba34-4a080f4d42a8",
                                            "state": {
                                                "id": "9c75a95b-9f42-4ca9-a152-78c492590a6f",
                                                "name": "DHAKA"
                                            }
                                        },
                                        {
                                            "name": "FARIDPUR_SADAR",
                                            "id": "5f3eccfd-b863-4ccf-8c18-ad32f99e2859",
                                            "state": {
                                                "id": "9c75a95b-9f42-4ca9-a152-78c492590a6f",
                                                "name": "DHAKA"
                                            }
                                        },
                                        {
                                            "name": "ALFADANGA",
                                            "id": "259fd208-67c5-42b8-b98a-aa4a39290da5",
                                            "state": {
                                                "id": "9c75a95b-9f42-4ca9-a152-78c492590a6f",
                                                "name": "DHAKA"
                                            }
                                        },
                                        {
                                            "name": "Faridpur Sadar",
                                            "id": "99ac95fe-a484-448c-b9d8-5c9200b273e3",
                                            "state": {
                                                "id": "9c75a95b-9f42-4ca9-a152-78c492590a6f",
                                                "name": "DHAKA"
                                            }
                                        },
                                        {
                                            "name": "SADARPUR",
                                            "id": "f518eb87-fa45-438b-ac13-2415f3faea91",
                                            "state": {
                                                "id": "9c75a95b-9f42-4ca9-a152-78c492590a6f",
                                                "name": "DHAKA"
                                            }
                                        },
                                        {
                                            "name": "BHANGA",
                                            "id": "ed2d07c1-11c0-4f41-b499-fde54429851f",
                                            "state": {
                                                "id": "9c75a95b-9f42-4ca9-a152-78c492590a6f",
                                                "name": "DHAKA"
                                            }
                                        },
                                        {
                                            "name": "MADHUKHALI",
                                            "id": "6b341b59-641e-4db0-8dc0-2ce74ae664e9",
                                            "state": {
                                                "id": "9c75a95b-9f42-4ca9-a152-78c492590a6f",
                                                "name": "DHAKA"
                                            }
                                        },
                                        {
                                            "name": "NAGARKANDA",
                                            "id": "4d6dd97f-3b4c-4d48-8502-2f6e2c7c9274",
                                            "state": {
                                                "id": "9c75a95b-9f42-4ca9-a152-78c492590a6f",
                                                "name": "DHAKA"
                                            }
                                        },
                                        {
                                            "name": "BOALMARI",
                                            "id": "953e90ab-0015-4e6e-aa42-3d139c026a5d",
                                            "state": {
                                                "id": "9c75a95b-9f42-4ca9-a152-78c492590a6f",
                                                "name": "DHAKA"
                                            }
                                        },
                                        {
                                            "name": "SHALTHA",
                                            "id": "b67e6c94-f523-4359-a2a8-335a8d8dd43c",
                                            "state": {
                                                "id": "9c75a95b-9f42-4ca9-a152-78c492590a6f",
                                                "name": "DHAKA"
                                            }
                                        }
                                    ]
                                },
                                {
                                    "id": "8fdce543-067c-4c21-8ed2-f19c3fdf215b",
                                    "name": "NILPHAMARI",
                                    "upazilas": [
                                        {
                                            "name": "NILPHAMARI_SADAR",
                                            "id": "23cf2816-4cb3-4159-bb93-52a3fd781c00",
                                            "state": {
                                                "id": "b8c19906-b4fc-4745-ac93-af957934136b",
                                                "name": "RANGPUR"
                                            }
                                        },
                                        {
                                            "name": "JALDHAKA",
                                            "id": "623722ab-fa63-40cb-87d2-30f7b9f0b66b",
                                            "state": {
                                                "id": "b8c19906-b4fc-4745-ac93-af957934136b",
                                                "name": "RANGPUR"
                                            }
                                        },
                                        {
                                            "name": "DOMAR",
                                            "id": "a776cc51-7370-493a-a772-ccd1b0b20855",
                                            "state": {
                                                "id": "b8c19906-b4fc-4745-ac93-af957934136b",
                                                "name": "RANGPUR"
                                            }
                                        },
                                        {
                                            "name": "KISHOREGANJ",
                                            "id": "1deadcdb-a5f3-475b-95be-108a1046f978",
                                            "state": {
                                                "id": "b8c19906-b4fc-4745-ac93-af957934136b",
                                                "name": "RANGPUR"
                                            }
                                        },
                                        {
                                            "name": "SAIDPUR",
                                            "id": "a232edd2-b19a-4344-8c76-4ebd7090457a",
                                            "state": {
                                                "id": "b8c19906-b4fc-4745-ac93-af957934136b",
                                                "name": "RANGPUR"
                                            }
                                        },
                                        {
                                            "name": "DIMLA",
                                            "id": "1c92cece-1653-45ac-a086-24e8d852b562",
                                            "state": {
                                                "id": "b8c19906-b4fc-4745-ac93-af957934136b",
                                                "name": "RANGPUR"
                                            }
                                        }
                                    ]
                                },
                                {
                                    "id": "739583dc-519d-49b0-9582-d798a027ca79",
                                    "name": "COX'S BAZAR",
                                    "upazilas": [
                                        {
                                            "name": "COXS BAZAR SADAR",
                                            "id": "38c08333-395d-4aa8-86c0-8caea9a52c76",
                                            "state": {
                                                "id": "d4e8944a-6e8f-4d6e-a313-2228cfe9a567",
                                                "name": "CHITTAGONG"
                                            }
                                        },
                                        {
                                            "name": "TEKNAF",
                                            "id": "d41283c5-bca6-405f-8acf-e68e68e73308",
                                            "state": {
                                                "id": "d4e8944a-6e8f-4d6e-a313-2228cfe9a567",
                                                "name": "CHITTAGONG"
                                            }
                                        },
                                        {
                                            "name": "CHAKARIA",
                                            "id": "7a82b092-c530-4b72-985a-6e7c61a4f69f",
                                            "state": {
                                                "id": "d4e8944a-6e8f-4d6e-a313-2228cfe9a567",
                                                "name": "CHITTAGONG"
                                            }
                                        },
                                        {
                                            "name": "RAMU",
                                            "id": "529c05f5-dbc9-4442-9600-6debc27754d3",
                                            "state": {
                                                "id": "d4e8944a-6e8f-4d6e-a313-2228cfe9a567",
                                                "name": "CHITTAGONG"
                                            }
                                        },
                                        {
                                            "name": "EIDGAON",
                                            "id": "56f91627-c045-4618-b933-805104e9ed1f",
                                            "state": {
                                                "id": "d4e8944a-6e8f-4d6e-a313-2228cfe9a567",
                                                "name": "CHITTAGONG"
                                            }
                                        },
                                        {
                                            "name": "UKHIA",
                                            "id": "66dc64de-4a0b-4c4a-a6c8-80b63c9a3c75",
                                            "state": {
                                                "id": "d4e8944a-6e8f-4d6e-a313-2228cfe9a567",
                                                "name": "CHITTAGONG"
                                            }
                                        },
                                        {
                                            "name": "PEKUA",
                                            "id": "d01cb26d-4cfe-4017-a7c2-e9fdc0d8e2df",
                                            "state": {
                                                "id": "d4e8944a-6e8f-4d6e-a313-2228cfe9a567",
                                                "name": "CHITTAGONG"
                                            }
                                        },
                                        {
                                            "name": "MAHESHKHALI",
                                            "id": "c2ebc5a8-aaf2-4b98-a059-8beb05b34bdd",
                                            "state": {
                                                "id": "d4e8944a-6e8f-4d6e-a313-2228cfe9a567",
                                                "name": "CHITTAGONG"
                                            }
                                        },
                                        {
                                            "name": "KUTUBDIA",
                                            "id": "8f731bf7-fbb2-4b70-9e47-6d3d0d415d5d",
                                            "state": {
                                                "id": "d4e8944a-6e8f-4d6e-a313-2228cfe9a567",
                                                "name": "CHITTAGONG"
                                            }
                                        }
                                    ]
                                },
                                {
                                    "id": "2e26f8c1-97a7-44fc-9090-22af4de4ac9e",
                                    "name": "DHAKA",
                                    "upazilas": [
                                        {
                                            "name": "KERANIGANJ",
                                            "id": "37fa6ec5-6a13-4a35-b5c6-674b507edc01",
                                            "state": {
                                                "id": "9c75a95b-9f42-4ca9-a152-78c492590a6f",
                                                "name": "DHAKA"
                                            }
                                        },
                                        {
                                            "name": "DHAMRAI",
                                            "id": "9f2f6c8f-663f-4416-a1a7-1c59abb3852a",
                                            "state": {
                                                "id": "9c75a95b-9f42-4ca9-a152-78c492590a6f",
                                                "name": "DHAKA"
                                            }
                                        },
                                        {
                                            "name": "SAVAR",
                                            "id": "1a6db9e6-f058-4a33-a404-f7825a11a530",
                                            "state": {
                                                "id": "9c75a95b-9f42-4ca9-a152-78c492590a6f",
                                                "name": "DHAKA"
                                            }
                                        },
                                        {
                                            "name": "DOHAR",
                                            "id": "eaad1c5c-5972-4dd5-a18c-734fbadb8864",
                                            "state": {
                                                "id": "9c75a95b-9f42-4ca9-a152-78c492590a6f",
                                                "name": "DHAKA"
                                            }
                                        }
                                    ]
                                },
                                {
                                    "id": "f25de2cd-5ed8-44a8-9ae0-7d65c232f423",
                                    "name": "JAMALPUR",
                                    "upazilas": [
                                        {
                                            "name": "MELANDAHA",
                                            "id": "e5a81703-97d0-479b-a4fd-22a3a602697f",
                                            "state": {
                                                "id": "f6395340-53b2-4824-8252-ef3a164b8446",
                                                "name": "MAYMENSINGH"
                                            }
                                        },
                                        {
                                            "name": "NARUNDI POLICE I.C",
                                            "id": "c7710b29-c844-4892-9108-d73148cda29c",
                                            "state": {
                                                "id": "f6395340-53b2-4824-8252-ef3a164b8446",
                                                "name": "MAYMENSINGH"
                                            }
                                        },
                                        {
                                            "name": "ISLAMPUR",
                                            "id": "aedbc063-13ca-4e20-8357-eb22e8936000",
                                            "state": {
                                                "id": "f6395340-53b2-4824-8252-ef3a164b8446",
                                                "name": "MAYMENSINGH"
                                            }
                                        },
                                        {
                                            "name": "DEWANGANJ",
                                            "id": "1cc6d50f-87e6-4dd4-8a6e-9490a827621b",
                                            "state": {
                                                "id": "f6395340-53b2-4824-8252-ef3a164b8446",
                                                "name": "MAYMENSINGH"
                                            }
                                        },
                                        {
                                            "name": "JAMALPUR_SADAR",
                                            "id": "084e0df5-fe78-46ce-a473-939b9333bf40",
                                            "state": {
                                                "id": "f6395340-53b2-4824-8252-ef3a164b8446",
                                                "name": "MAYMENSINGH"
                                            }
                                        },
                                        {
                                            "name": "MADARGANJ",
                                            "id": "4782f9bd-aede-453f-8c96-7e2e10e8255b",
                                            "state": {
                                                "id": "f6395340-53b2-4824-8252-ef3a164b8446",
                                                "name": "MAYMENSINGH"
                                            }
                                        },
                                        {
                                            "name": "BAKSIGANJ",
                                            "id": "209bc080-4acc-4ac4-a88c-0ebc92355a2c",
                                            "state": {
                                                "id": "f6395340-53b2-4824-8252-ef3a164b8446",
                                                "name": "MAYMENSINGH"
                                            }
                                        },
                                        {
                                            "name": "SARISHABARI",
                                            "id": "c9d83f61-fe43-402a-9e0b-7f4df5cbe0e2",
                                            "state": {
                                                "id": "f6395340-53b2-4824-8252-ef3a164b8446",
                                                "name": "MAYMENSINGH"
                                            }
                                        }
                                    ]
                                },
                                {
                                    "id": "468da8cf-58f1-426f-ae73-d9554f7f71f6",
                                    "name": "NOAKHALI",
                                    "upazilas": [
                                        {
                                            "name": "COMPANYGANJ",
                                            "id": "87c2d2fe-377e-4bb3-aa56-93c5eb46ce99",
                                            "state": {
                                                "id": "d4e8944a-6e8f-4d6e-a313-2228cfe9a567",
                                                "name": "CHITTAGONG"
                                            }
                                        },
                                        {
                                            "name": "KOBIRHAT",
                                            "id": "edd18fb6-2dba-492a-bc59-f118923cfb9d",
                                            "state": {
                                                "id": "d4e8944a-6e8f-4d6e-a313-2228cfe9a567",
                                                "name": "CHITTAGONG"
                                            }
                                        },
                                        {
                                            "name": "BEGUMGANJ",
                                            "id": "fa8e1bdd-241d-484c-b5d8-82d5ee981528",
                                            "state": {
                                                "id": "d4e8944a-6e8f-4d6e-a313-2228cfe9a567",
                                                "name": "CHITTAGONG"
                                            }
                                        },
                                        {
                                            "name": "SUBORNO CHAR",
                                            "id": "e4fdab05-6c34-4af4-9a3c-9dd46abf24b1",
                                            "state": {
                                                "id": "d4e8944a-6e8f-4d6e-a313-2228cfe9a567",
                                                "name": "CHITTAGONG"
                                            }
                                        },
                                        {
                                            "name": "HATIA",
                                            "id": "8a144eff-edd1-4e0f-a6a8-70e1d8a19393",
                                            "state": {
                                                "id": "d4e8944a-6e8f-4d6e-a313-2228cfe9a567",
                                                "name": "CHITTAGONG"
                                            }
                                        },
                                        {
                                            "name": "SONAIMURI",
                                            "id": "ac50ed77-f382-46a1-a3d0-f0ad7d4788ac",
                                            "state": {
                                                "id": "d4e8944a-6e8f-4d6e-a313-2228cfe9a567",
                                                "name": "CHITTAGONG"
                                            }
                                        },
                                        {
                                            "name": "SHENBAG",
                                            "id": "e8164a0d-375a-4012-a790-694387014d4b",
                                            "state": {
                                                "id": "d4e8944a-6e8f-4d6e-a313-2228cfe9a567",
                                                "name": "CHITTAGONG"
                                            }
                                        },
                                        {
                                            "name": "CHATKHIL",
                                            "id": "59588ff2-33b7-4cd3-8e7e-fb302e9220c9",
                                            "state": {
                                                "id": "d4e8944a-6e8f-4d6e-a313-2228cfe9a567",
                                                "name": "CHITTAGONG"
                                            }
                                        },
                                        {
                                            "name": "NOAKHALI_SADAR",
                                            "id": "cb154cac-8111-4360-950e-daf4c472cbdf",
                                            "state": {
                                                "id": "d4e8944a-6e8f-4d6e-a313-2228cfe9a567",
                                                "name": "CHITTAGONG"
                                            }
                                        }
                                    ]
                                },
                                {
                                    "id": "54d0ae5a-d1d3-4212-a0df-9af09ff11378",
                                    "name": "CHATTOGRAM",
                                    "upazilas": [
                                        {
                                            "name": "BANSHKHALI",
                                            "id": "5ddabeca-76c8-4c6a-83e2-0c9cc8ad08d8",
                                            "state": {
                                                "id": "d4e8944a-6e8f-4d6e-a313-2228cfe9a567",
                                                "name": "CHITTAGONG"
                                            }
                                        },
                                        {
                                            "name": "FATIKCHHARI",
                                            "id": "711efd46-765f-4eda-a5a6-6199af270f52",
                                            "state": {
                                                "id": "d4e8944a-6e8f-4d6e-a313-2228cfe9a567",
                                                "name": "CHITTAGONG"
                                            }
                                        },
                                        {
                                            "name": "CHANDANAISH",
                                            "id": "f4bda4c9-417b-4cb2-8cdf-e79e95eede46",
                                            "state": {
                                                "id": "d4e8944a-6e8f-4d6e-a313-2228cfe9a567",
                                                "name": "CHITTAGONG"
                                            }
                                        },
                                        {
                                            "name": "SATKANIA",
                                            "id": "e6761574-7af1-405b-ab56-a967edf628f9",
                                            "state": {
                                                "id": "d4e8944a-6e8f-4d6e-a313-2228cfe9a567",
                                                "name": "CHITTAGONG"
                                            }
                                        },
                                        {
                                            "name": "SANDWIP",
                                            "id": "fa949a73-22a2-461a-b287-aac4effba9c6",
                                            "state": {
                                                "id": "d4e8944a-6e8f-4d6e-a313-2228cfe9a567",
                                                "name": "CHITTAGONG"
                                            }
                                        },
                                        {
                                            "name": "PATIYA",
                                            "id": "e6b414c2-9a47-4f78-bab7-c8c3859e24e1",
                                            "state": {
                                                "id": "d4e8944a-6e8f-4d6e-a313-2228cfe9a567",
                                                "name": "CHITTAGONG"
                                            }
                                        },
                                        {
                                            "name": "LOHAGARA",
                                            "id": "e78211f4-9d77-4e85-82e3-ec7fb12b64ce",
                                            "state": {
                                                "id": "d4e8944a-6e8f-4d6e-a313-2228cfe9a567",
                                                "name": "CHITTAGONG"
                                            }
                                        },
                                        {
                                            "name": "BOALKHALI",
                                            "id": "c414a0ec-ffab-45ea-bb72-bb1890086b90",
                                            "state": {
                                                "id": "d4e8944a-6e8f-4d6e-a313-2228cfe9a567",
                                                "name": "CHITTAGONG"
                                            }
                                        },
                                        {
                                            "name": "ANWARA",
                                            "id": "a0723800-077f-437f-9d36-9f745cb0b31e",
                                            "state": {
                                                "id": "d4e8944a-6e8f-4d6e-a313-2228cfe9a567",
                                                "name": "CHITTAGONG"
                                            }
                                        },
                                        {
                                            "name": "RAOZAN",
                                            "id": "95fb0054-aa7f-400c-b645-f0d90cb2a833",
                                            "state": {
                                                "id": "d4e8944a-6e8f-4d6e-a313-2228cfe9a567",
                                                "name": "CHITTAGONG"
                                            }
                                        },
                                        {
                                            "name": "MIRSHARAI",
                                            "id": "fe518ddf-6a83-4694-a2a6-ddeec0b93c18",
                                            "state": {
                                                "id": "d4e8944a-6e8f-4d6e-a313-2228cfe9a567",
                                                "name": "CHITTAGONG"
                                            }
                                        },
                                        {
                                            "name": "RANGUNIA",
                                            "id": "9c3e5edc-e95e-4671-89d4-974e7a31342e",
                                            "state": {
                                                "id": "d4e8944a-6e8f-4d6e-a313-2228cfe9a567",
                                                "name": "CHITTAGONG"
                                            }
                                        },
                                        {
                                            "name": "HATHAZARI",
                                            "id": "bda87d19-77d0-4c25-bca1-a911f4331afd",
                                            "state": {
                                                "id": "d4e8944a-6e8f-4d6e-a313-2228cfe9a567",
                                                "name": "CHITTAGONG"
                                            }
                                        },
                                        {
                                            "name": "SITAKUNDA",
                                            "id": "6fae4e24-7c93-493f-91f0-5fa877a326f4",
                                            "state": {
                                                "id": "d4e8944a-6e8f-4d6e-a313-2228cfe9a567",
                                                "name": "CHITTAGONG"
                                            }
                                        }
                                    ]
                                },
                                {
                                    "id": "66a27ec2-f335-413d-b228-4a4df8fa4eea",
                                    "name": "BHOLA",
                                    "upazilas": [
                                        {
                                            "name": "BHOLA_SADAR",
                                            "id": "3cbaa092-c96b-4845-a314-b9cdc02d61fd",
                                            "state": {
                                                "id": "5cbbb439-96e7-4f60-bf2f-abddd0d03e7e",
                                                "name": "BARISAL"
                                            }
                                        },
                                        {
                                            "name": "MANPURA",
                                            "id": "3220264c-e0d8-41c3-9b69-55cdd4aea21e",
                                            "state": {
                                                "id": "5cbbb439-96e7-4f60-bf2f-abddd0d03e7e",
                                                "name": "BARISAL"
                                            }
                                        },
                                        {
                                            "name": "BURHANUDDIN",
                                            "id": "692e6a01-748c-4451-8d67-e0f404c69572",
                                            "state": {
                                                "id": "5cbbb439-96e7-4f60-bf2f-abddd0d03e7e",
                                                "name": "BARISAL"
                                            }
                                        },
                                        {
                                            "name": "CHAR FASSON",
                                            "id": "9f23a216-4a71-48ef-8c7e-e20f01a67e4a",
                                            "state": {
                                                "id": "5cbbb439-96e7-4f60-bf2f-abddd0d03e7e",
                                                "name": "BARISAL"
                                            }
                                        },
                                        {
                                            "name": "DAULATKHAN",
                                            "id": "16ea4a9e-60b8-4eed-a011-d3d52d5a646d",
                                            "state": {
                                                "id": "5cbbb439-96e7-4f60-bf2f-abddd0d03e7e",
                                                "name": "BARISAL"
                                            }
                                        },
                                        {
                                            "name": "LALMOHAN",
                                            "id": "634c328d-d819-4c09-a1b4-ebe643071f5e",
                                            "state": {
                                                "id": "5cbbb439-96e7-4f60-bf2f-abddd0d03e7e",
                                                "name": "BARISAL"
                                            }
                                        },
                                        {
                                            "name": "TAZUMUDDIN",
                                            "id": "303c6383-711c-4c09-ba87-f261320d697e",
                                            "state": {
                                                "id": "5cbbb439-96e7-4f60-bf2f-abddd0d03e7e",
                                                "name": "BARISAL"
                                            }
                                        }
                                    ]
                                },
                                {
                                    "id": "00358d0a-f4c2-4374-908b-b37dac235fc0",
                                    "name": "JHENAIDAH",
                                    "upazilas": [
                                        {
                                            "name": "JHENAIDAH_SADAR",
                                            "id": "b730ac9a-c96e-4e9c-8583-dda0a4b61f9b",
                                            "state": {
                                                "id": "642a6748-942f-473d-96c6-a6c1b2e00e05",
                                                "name": "KHULNA"
                                            }
                                        },
                                        {
                                            "name": "SHAILKUPA",
                                            "id": "9216f983-c056-40f1-a143-463a2e4a2e84",
                                            "state": {
                                                "id": "642a6748-942f-473d-96c6-a6c1b2e00e05",
                                                "name": "KHULNA"
                                            }
                                        },
                                        {
                                            "name": "KOTCHANDPUR",
                                            "id": "7d743b39-a4ef-499b-b1eb-ccc7c9c1df81",
                                            "state": {
                                                "id": "642a6748-942f-473d-96c6-a6c1b2e00e05",
                                                "name": "KHULNA"
                                            }
                                        },
                                        {
                                            "name": "MAHESHPUR",
                                            "id": "9f3f6256-e1a0-457a-bf19-21fd5ccf253f",
                                            "state": {
                                                "id": "642a6748-942f-473d-96c6-a6c1b2e00e05",
                                                "name": "KHULNA"
                                            }
                                        },
                                        {
                                            "name": "HARINAKUNDA",
                                            "id": "8e2f9be1-24a7-48f6-9772-60c671fd5b2e",
                                            "state": {
                                                "id": "642a6748-942f-473d-96c6-a6c1b2e00e05",
                                                "name": "KHULNA"
                                            }
                                        }
                                    ]
                                },
                                {
                                    "id": "7a79fbbb-0414-4c68-ba03-a7d86e0f77ce",
                                    "name": "PABNA",
                                    "upazilas": [
                                        {
                                            "name": "BERA",
                                            "id": "9e859765-d526-4191-bab6-bf8d5a17317b",
                                            "state": {
                                                "id": "d68c68d2-108e-4635-93d1-28c44525f178",
                                                "name": "RAJSHAHI"
                                            }
                                        },
                                        {
                                            "name": "SUJANAGAR",
                                            "id": "a1b3c50a-d7af-4d16-a72d-4bdb5d0647b4",
                                            "state": {
                                                "id": "d68c68d2-108e-4635-93d1-28c44525f178",
                                                "name": "RAJSHAHI"
                                            }
                                        },
                                        {
                                            "name": "ATGHARIA",
                                            "id": "1faaac6e-d6b6-4852-9538-5c85438e47a5",
                                            "state": {
                                                "id": "d68c68d2-108e-4635-93d1-28c44525f178",
                                                "name": "RAJSHAHI"
                                            }
                                        },
                                        {
                                            "name": "SANTHIA",
                                            "id": "89ee778e-f765-4f8b-96d2-e00a6948199f",
                                            "state": {
                                                "id": "d68c68d2-108e-4635-93d1-28c44525f178",
                                                "name": "RAJSHAHI"
                                            }
                                        },
                                        {
                                            "name": "FARIDPUR",
                                            "id": "f9e13f42-2b4c-4af1-ae0b-186ee9fed178",
                                            "state": {
                                                "id": "d68c68d2-108e-4635-93d1-28c44525f178",
                                                "name": "RAJSHAHI"
                                            }
                                        },
                                        {
                                            "name": "BHANGURA",
                                            "id": "ce5f60e3-36ca-47e2-ac30-fea8af549985",
                                            "state": {
                                                "id": "d68c68d2-108e-4635-93d1-28c44525f178",
                                                "name": "RAJSHAHI"
                                            }
                                        },
                                        {
                                            "name": "CHATMOHAR",
                                            "id": "ee68ea82-2a16-46d4-a111-8d6a717363e3",
                                            "state": {
                                                "id": "d68c68d2-108e-4635-93d1-28c44525f178",
                                                "name": "RAJSHAHI"
                                            }
                                        },
                                        {
                                            "name": "ISHWARDI",
                                            "id": "e6f6b813-2ef3-429a-8dc6-3664b2d7af18",
                                            "state": {
                                                "id": "d68c68d2-108e-4635-93d1-28c44525f178",
                                                "name": "RAJSHAHI"
                                            }
                                        },
                                        {
                                            "name": "PABNA_SADAR",
                                            "id": "9a08add3-9997-4def-8a7e-2d4c47b78e1a",
                                            "state": {
                                                "id": "d68c68d2-108e-4635-93d1-28c44525f178",
                                                "name": "RAJSHAHI"
                                            }
                                        }
                                    ]
                                },
                                {
                                    "id": "c8c07a38-023f-4177-a946-7ea85bc5e62f",
                                    "name": "KISHOREGANJ",
                                    "upazilas": [
                                        {
                                            "name": "ASTAGRAM",
                                            "id": "8af0a33e-ec3f-4819-9c9a-d2e7b407340b",
                                            "state": {
                                                "id": "9c75a95b-9f42-4ca9-a152-78c492590a6f",
                                                "name": "DHAKA"
                                            }
                                        },
                                        {
                                            "name": "KATIADI",
                                            "id": "e14e5e25-3f0a-47a6-a16d-fe2023ec0a0e",
                                            "state": {
                                                "id": "9c75a95b-9f42-4ca9-a152-78c492590a6f",
                                                "name": "DHAKA"
                                            }
                                        },
                                        {
                                            "name": "MITHAMAIN",
                                            "id": "baa02b29-ad36-4df1-b296-07c71e4dabff",
                                            "state": {
                                                "id": "9c75a95b-9f42-4ca9-a152-78c492590a6f",
                                                "name": "DHAKA"
                                            }
                                        },
                                        {
                                            "name": "NIKLI",
                                            "id": "6f94a91b-a7e0-4690-83f4-82181b04c922",
                                            "state": {
                                                "id": "9c75a95b-9f42-4ca9-a152-78c492590a6f",
                                                "name": "DHAKA"
                                            }
                                        },
                                        {
                                            "name": "PAKUNDIA",
                                            "id": "3a4de8ba-819b-4935-843c-a3f1b5f6c421",
                                            "state": {
                                                "id": "9c75a95b-9f42-4ca9-a152-78c492590a6f",
                                                "name": "DHAKA"
                                            }
                                        },
                                        {
                                            "name": "KARIMGANJ",
                                            "id": "603092ee-3099-4b52-8b05-a76998c55ac0",
                                            "state": {
                                                "id": "9c75a95b-9f42-4ca9-a152-78c492590a6f",
                                                "name": "DHAKA"
                                            }
                                        },
                                        {
                                            "name": "KULIARCHAR",
                                            "id": "ba05daa9-21a2-4c7f-8a6f-4eca370e67c9",
                                            "state": {
                                                "id": "9c75a95b-9f42-4ca9-a152-78c492590a6f",
                                                "name": "DHAKA"
                                            }
                                        },
                                        {
                                            "name": "HOSSAINPUR",
                                            "id": "35ee81bc-c606-4f50-8c62-be135699f164",
                                            "state": {
                                                "id": "9c75a95b-9f42-4ca9-a152-78c492590a6f",
                                                "name": "DHAKA"
                                            }
                                        },
                                        {
                                            "name": "ITNA",
                                            "id": "64a6f7b6-ae00-48d7-91ff-d1afdd013728",
                                            "state": {
                                                "id": "9c75a95b-9f42-4ca9-a152-78c492590a6f",
                                                "name": "DHAKA"
                                            }
                                        },
                                        {
                                            "name": "BHAIRAB",
                                            "id": "f76de4f1-4367-46b4-ae35-25b31e161eaa",
                                            "state": {
                                                "id": "9c75a95b-9f42-4ca9-a152-78c492590a6f",
                                                "name": "DHAKA"
                                            }
                                        },
                                        {
                                            "name": "KISHOREGANJ_SADAR",
                                            "id": "f71d8ef1-88f4-4648-a927-1999cbec41e7",
                                            "state": {
                                                "id": "9c75a95b-9f42-4ca9-a152-78c492590a6f",
                                                "name": "DHAKA"
                                            }
                                        },
                                        {
                                            "name": "TARAIL",
                                            "id": "f5f8b58c-3d89-4a8f-8533-d689e34cbed3",
                                            "state": {
                                                "id": "9c75a95b-9f42-4ca9-a152-78c492590a6f",
                                                "name": "DHAKA"
                                            }
                                        },
                                        {
                                            "name": "BAJITPUR",
                                            "id": "d0a74c06-98ae-486a-9e67-fc5674c75288",
                                            "state": {
                                                "id": "9c75a95b-9f42-4ca9-a152-78c492590a6f",
                                                "name": "DHAKA"
                                            }
                                        }
                                    ]
                                },
                                {
                                    "id": "db758e15-588a-4c28-bae2-15069f2ce0f8",
                                    "name": "GOPALGANJ",
                                    "upazilas": [
                                        {
                                            "name": "KOTALIPARA",
                                            "id": "1729714e-61c8-4c5c-b062-7336efc80f74",
                                            "state": {
                                                "id": "9c75a95b-9f42-4ca9-a152-78c492590a6f",
                                                "name": "DHAKA"
                                            }
                                        },
                                        {
                                            "name": "MUKSUDPUR",
                                            "id": "52e46038-ba96-4a5c-96b5-1017b4eb6626",
                                            "state": {
                                                "id": "9c75a95b-9f42-4ca9-a152-78c492590a6f",
                                                "name": "DHAKA"
                                            }
                                        },
                                        {
                                            "name": "KASHIANI",
                                            "id": "9ea8f46d-358f-496e-b244-c3daf64e75c3",
                                            "state": {
                                                "id": "9c75a95b-9f42-4ca9-a152-78c492590a6f",
                                                "name": "DHAKA"
                                            }
                                        },
                                        {
                                            "name": "GOPALGANJ_SADAR",
                                            "id": "2ad2bc1d-038e-4d77-8754-a4eaa1ee4aa2",
                                            "state": {
                                                "id": "9c75a95b-9f42-4ca9-a152-78c492590a6f",
                                                "name": "DHAKA"
                                            }
                                        },
                                        {
                                            "name": "TUNGIPARA",
                                            "id": "18618e91-ce26-4c99-a7d1-a88be829a48b",
                                            "state": {
                                                "id": "9c75a95b-9f42-4ca9-a152-78c492590a6f",
                                                "name": "DHAKA"
                                            }
                                        }
                                    ]
                                },
                                {
                                    "id": "d1502152-1a34-423b-9811-576ccb88a3ea",
                                    "name": "KHULNA",
                                    "upazilas": [
                                        {
                                            "name": "BATIAGHATA",
                                            "id": "df3aa4c1-bfc8-4d9b-ade6-7c9dcc05e43b",
                                            "state": {
                                                "id": "642a6748-942f-473d-96c6-a6c1b2e00e05",
                                                "name": "KHULNA"
                                            }
                                        },
                                        {
                                            "name": "DACOPE",
                                            "id": "0510005c-3839-4f55-a93c-8147fa5657c3",
                                            "state": {
                                                "id": "642a6748-942f-473d-96c6-a6c1b2e00e05",
                                                "name": "KHULNA"
                                            }
                                        },
                                        {
                                            "name": "PAIKGACHHA",
                                            "id": "6dedbbd8-ad85-419e-a6f3-3b7b110beeef",
                                            "state": {
                                                "id": "642a6748-942f-473d-96c6-a6c1b2e00e05",
                                                "name": "KHULNA"
                                            }
                                        },
                                        {
                                            "name": "DIGHALIA",
                                            "id": "01a498b4-e2b8-4196-b1a8-37c83dd96d40",
                                            "state": {
                                                "id": "642a6748-942f-473d-96c6-a6c1b2e00e05",
                                                "name": "KHULNA"
                                            }
                                        },
                                        {
                                            "name": "TEROKHADA",
                                            "id": "78368a85-2301-4b61-b08c-bda0a7f2989d",
                                            "state": {
                                                "id": "642a6748-942f-473d-96c6-a6c1b2e00e05",
                                                "name": "KHULNA"
                                            }
                                        },
                                        {
                                            "name": "PHULTALA",
                                            "id": "de1c9dd2-c46c-4eb3-ae0d-ee1cbd77bfea",
                                            "state": {
                                                "id": "642a6748-942f-473d-96c6-a6c1b2e00e05",
                                                "name": "KHULNA"
                                            }
                                        },
                                        {
                                            "name": "DUMURIA",
                                            "id": "37c742e6-7aac-4034-8ed6-f0e58d0ad522",
                                            "state": {
                                                "id": "642a6748-942f-473d-96c6-a6c1b2e00e05",
                                                "name": "KHULNA"
                                            }
                                        },
                                        {
                                            "name": "KOYRA",
                                            "id": "4e5d83f1-3445-4445-a497-72dd54840c08",
                                            "state": {
                                                "id": "642a6748-942f-473d-96c6-a6c1b2e00e05",
                                                "name": "KHULNA"
                                            }
                                        },
                                        {
                                            "name": "RUPSA",
                                            "id": "0a761827-088c-4d43-a4d2-5904df789dcb",
                                            "state": {
                                                "id": "642a6748-942f-473d-96c6-a6c1b2e00e05",
                                                "name": "KHULNA"
                                            }
                                        }
                                    ]
                                },
                                {
                                    "id": "053cccf1-2ff4-4935-9b97-a7d73d2f29e2",
                                    "name": "NAOGAON",
                                    "upazilas": [
                                        {
                                            "name": "ATRAI",
                                            "id": "ca19d552-2c0f-4c03-99b5-9c84660083a9",
                                            "state": {
                                                "id": "d68c68d2-108e-4635-93d1-28c44525f178",
                                                "name": "RAJSHAHI"
                                            }
                                        },
                                        {
                                            "name": "RANINAGAR",
                                            "id": "bfcd8825-c7fa-4a19-8d0d-f097ba900ea6",
                                            "state": {
                                                "id": "d68c68d2-108e-4635-93d1-28c44525f178",
                                                "name": "RAJSHAHI"
                                            }
                                        },
                                        {
                                            "name": "DHAMOIRHAT",
                                            "id": "fdf566cf-11b6-4c01-ae47-c6c779feb92d",
                                            "state": {
                                                "id": "d68c68d2-108e-4635-93d1-28c44525f178",
                                                "name": "RAJSHAHI"
                                            }
                                        },
                                        {
                                            "name": "PATNITALA",
                                            "id": "1ef21421-63e5-42d4-854d-4da3c572a061",
                                            "state": {
                                                "id": "d68c68d2-108e-4635-93d1-28c44525f178",
                                                "name": "RAJSHAHI"
                                            }
                                        },
                                        {
                                            "name": "NIAMATPUR",
                                            "id": "cb79ca11-a7f4-4de9-8b73-726b9f277260",
                                            "state": {
                                                "id": "d68c68d2-108e-4635-93d1-28c44525f178",
                                                "name": "RAJSHAHI"
                                            }
                                        },
                                        {
                                            "name": "MOHADEVPUR",
                                            "id": "87fc4733-5ba9-4492-a4a3-477e1bbf4965",
                                            "state": {
                                                "id": "d68c68d2-108e-4635-93d1-28c44525f178",
                                                "name": "RAJSHAHI"
                                            }
                                        },
                                        {
                                            "name": "MANDA",
                                            "id": "38a158ef-7fae-4cdf-a906-9bfedbf5ee8d",
                                            "state": {
                                                "id": "d68c68d2-108e-4635-93d1-28c44525f178",
                                                "name": "RAJSHAHI"
                                            }
                                        },
                                        {
                                            "name": "NAOGAON_SADAR",
                                            "id": "433415ed-7b51-415a-9826-c5a655a42e1f",
                                            "state": {
                                                "id": "d68c68d2-108e-4635-93d1-28c44525f178",
                                                "name": "RAJSHAHI"
                                            }
                                        },
                                        {
                                            "name": "PORSHA",
                                            "id": "075b5f29-ffb3-4a22-8bce-255a305320d0",
                                            "state": {
                                                "id": "d68c68d2-108e-4635-93d1-28c44525f178",
                                                "name": "RAJSHAHI"
                                            }
                                        },
                                        {
                                            "name": "BADALGACHHI",
                                            "id": "5a52e1a2-7603-410d-b929-f07424bd3818",
                                            "state": {
                                                "id": "d68c68d2-108e-4635-93d1-28c44525f178",
                                                "name": "RAJSHAHI"
                                            }
                                        },
                                        {
                                            "name": "SAPAHAR",
                                            "id": "f24efbcc-3048-42d4-b2de-3cd80570f107",
                                            "state": {
                                                "id": "d68c68d2-108e-4635-93d1-28c44525f178",
                                                "name": "RAJSHAHI"
                                            }
                                        }
                                    ]
                                },
                                {
                                    "id": "3841e03e-b526-4568-b373-6fb874ae2dd2",
                                    "name": "NARAIL",
                                    "upazilas": [
                                        {
                                            "name": "NARAIL-S UPAZILLA",
                                            "id": "58236735-155d-45f5-81c6-d2528a3327e9",
                                            "state": {
                                                "id": "642a6748-942f-473d-96c6-a6c1b2e00e05",
                                                "name": "KHULNA"
                                            }
                                        },
                                        {
                                            "name": "LOHAGARA UPAZILLA",
                                            "id": "3a7dc21f-8d9e-4db5-83ad-4a42791fcaa4",
                                            "state": {
                                                "id": "642a6748-942f-473d-96c6-a6c1b2e00e05",
                                                "name": "KHULNA"
                                            }
                                        },
                                        {
                                            "name": "KALIA UPAZILLA",
                                            "id": "5e60afd8-8c2b-44ea-992f-027e764fc068",
                                            "state": {
                                                "id": "642a6748-942f-473d-96c6-a6c1b2e00e05",
                                                "name": "KHULNA"
                                            }
                                        }
                                    ]
                                },
                                {
                                    "id": "ba44bb5a-c4fc-4622-9b74-0b5641780581",
                                    "name": "MYMENSINGH",
                                    "upazilas": [
                                        {
                                            "name": "FULBARIA",
                                            "id": "14786483-84f3-4ac4-af4e-6928097bd398",
                                            "state": {
                                                "id": "f6395340-53b2-4824-8252-ef3a164b8446",
                                                "name": "MAYMENSINGH"
                                            }
                                        },
                                        {
                                            "name": "MUKTAGACHHA",
                                            "id": "6112996c-f960-4f30-bd1f-867050a656cb",
                                            "state": {
                                                "id": "f6395340-53b2-4824-8252-ef3a164b8446",
                                                "name": "MAYMENSINGH"
                                            }
                                        },
                                        {
                                            "name": "GAFFARGAON",
                                            "id": "f1027b1e-4a47-4e6f-9dca-8ee4974dcee3",
                                            "state": {
                                                "id": "f6395340-53b2-4824-8252-ef3a164b8446",
                                                "name": "MAYMENSINGH"
                                            }
                                        },
                                        {
                                            "name": "GAURIPUR",
                                            "id": "89af4299-90a2-4e9e-a201-d090d4f0a26a",
                                            "state": {
                                                "id": "f6395340-53b2-4824-8252-ef3a164b8446",
                                                "name": "MAYMENSINGH"
                                            }
                                        },
                                        {
                                            "name": "NANDAIL",
                                            "id": "4a7f82e3-e7f0-4dc1-b216-475ae369c902",
                                            "state": {
                                                "id": "f6395340-53b2-4824-8252-ef3a164b8446",
                                                "name": "MAYMENSINGH"
                                            }
                                        },
                                        {
                                            "name": "PHULPUR",
                                            "id": "e7f43bd5-defe-4d78-a9ea-8394b2d85ae8",
                                            "state": {
                                                "id": "f6395340-53b2-4824-8252-ef3a164b8446",
                                                "name": "MAYMENSINGH"
                                            }
                                        },
                                        {
                                            "name": "ISHWARGANJ",
                                            "id": "343276b0-a108-4b67-aa9f-6ff2eecfa3f1",
                                            "state": {
                                                "id": "f6395340-53b2-4824-8252-ef3a164b8446",
                                                "name": "MAYMENSINGH"
                                            }
                                        },
                                        {
                                            "name": "HALUAGHAT",
                                            "id": "b3cf9a18-0480-4a79-b898-0c9558158569",
                                            "state": {
                                                "id": "f6395340-53b2-4824-8252-ef3a164b8446",
                                                "name": "MAYMENSINGH"
                                            }
                                        },
                                        {
                                            "name": "MYMENSINGH_SADAR",
                                            "id": "944d5c60-96f6-4b1b-9245-57a7d1b8f80c",
                                            "state": {
                                                "id": "f6395340-53b2-4824-8252-ef3a164b8446",
                                                "name": "MAYMENSINGH"
                                            }
                                        },
                                        {
                                            "name": "TRISHAL",
                                            "id": "b54f2e4f-fadd-4386-a7fe-e29c806df77b",
                                            "state": {
                                                "id": "f6395340-53b2-4824-8252-ef3a164b8446",
                                                "name": "MAYMENSINGH"
                                            }
                                        },
                                        {
                                            "name": "DHOBAURA",
                                            "id": "90e06f5e-7571-4ce8-a713-53b94b2b6770",
                                            "state": {
                                                "id": "f6395340-53b2-4824-8252-ef3a164b8446",
                                                "name": "MAYMENSINGH"
                                            }
                                        },
                                        {
                                            "name": "BHALUKA",
                                            "id": "34920b68-a4b6-444b-95f5-d072d29fc1eb",
                                            "state": {
                                                "id": "f6395340-53b2-4824-8252-ef3a164b8446",
                                                "name": "MAYMENSINGH"
                                            }
                                        }
                                    ]
                                },
                                {
                                    "id": "bbed7d2c-59fb-43ce-a03c-8abd7a9f8f18",
                                    "name": "NARSINGDI",
                                    "upazilas": [
                                        {
                                            "name": "SHIBPUR",
                                            "id": "189fa0e5-3fba-4bb7-a1fa-1244de4d259c",
                                            "state": {
                                                "id": "9c75a95b-9f42-4ca9-a152-78c492590a6f",
                                                "name": "DHAKA"
                                            }
                                        },
                                        {
                                            "name": "MONOHARDI",
                                            "id": "243e2783-eb7e-4284-9ad6-461870dc8937",
                                            "state": {
                                                "id": "9c75a95b-9f42-4ca9-a152-78c492590a6f",
                                                "name": "DHAKA"
                                            }
                                        },
                                        {
                                            "name": "BELABO",
                                            "id": "785efd52-cefe-46f7-9a57-3a0b9ff6e8f6",
                                            "state": {
                                                "id": "9c75a95b-9f42-4ca9-a152-78c492590a6f",
                                                "name": "DHAKA"
                                            }
                                        },
                                        {
                                            "name": "RAIPURA, NARSINGDI",
                                            "id": "62845bb0-be44-48d6-a163-908e4b35b7fb",
                                            "state": {
                                                "id": "9c75a95b-9f42-4ca9-a152-78c492590a6f",
                                                "name": "DHAKA"
                                            }
                                        },
                                        {
                                            "name": "NARSINGDI_SADAR",
                                            "id": "06b56b35-2e12-44ba-b18f-22cd4d6ecb98",
                                            "state": {
                                                "id": "9c75a95b-9f42-4ca9-a152-78c492590a6f",
                                                "name": "DHAKA"
                                            }
                                        },
                                        {
                                            "name": "PALASH",
                                            "id": "ccd33f77-057f-4819-bdf6-a7da5785e2c5",
                                            "state": {
                                                "id": "9c75a95b-9f42-4ca9-a152-78c492590a6f",
                                                "name": "DHAKA"
                                            }
                                        }
                                    ]
                                },
                                {
                                    "id": "8b99d1ec-6c05-4e8e-b708-8216c9690652",
                                    "name": "RAJBARI",
                                    "upazilas": [
                                        {
                                            "name": "KALUKHALI",
                                            "id": "ad20fd23-08a0-4422-a4ce-2d664b65fc2e",
                                            "state": {
                                                "id": "9c75a95b-9f42-4ca9-a152-78c492590a6f",
                                                "name": "DHAKA"
                                            }
                                        },
                                        {
                                            "name": "RAJBARI_SADAR",
                                            "id": "a60723aa-280a-4b8b-a4fd-b2fa0323c4c4",
                                            "state": {
                                                "id": "9c75a95b-9f42-4ca9-a152-78c492590a6f",
                                                "name": "DHAKA"
                                            }
                                        },
                                        {
                                            "name": "BALIAKANDI",
                                            "id": "a654e917-d396-4a82-9e9d-9ab7581b3c1b",
                                            "state": {
                                                "id": "9c75a95b-9f42-4ca9-a152-78c492590a6f",
                                                "name": "DHAKA"
                                            }
                                        },
                                        {
                                            "name": "GOALANDAGHAT",
                                            "id": "7de09957-126b-4fee-9833-49f637931f79",
                                            "state": {
                                                "id": "9c75a95b-9f42-4ca9-a152-78c492590a6f",
                                                "name": "DHAKA"
                                            }
                                        },
                                        {
                                            "name": "PANGSHA",
                                            "id": "532c2c8a-0a92-4c5c-9710-622eabaab454",
                                            "state": {
                                                "id": "9c75a95b-9f42-4ca9-a152-78c492590a6f",
                                                "name": "DHAKA"
                                            }
                                        }
                                    ]
                                },
                                {
                                    "id": "8a26a551-dbef-4fa9-b50c-17a7fe590b13",
                                    "name": "SIRAJGONJ",
                                    "upazilas": [
                                        {
                                            "name": "KAZIPUR",
                                            "id": "b1363ee2-d297-4f58-a353-d94bba646dd6",
                                            "state": {
                                                "id": "d68c68d2-108e-4635-93d1-28c44525f178",
                                                "name": "RAJSHAHI"
                                            }
                                        },
                                        {
                                            "name": "RAIGANJ",
                                            "id": "3b9f4a36-dc41-48ab-9261-4843e2dee251",
                                            "state": {
                                                "id": "d68c68d2-108e-4635-93d1-28c44525f178",
                                                "name": "RAJSHAHI"
                                            }
                                        },
                                        {
                                            "name": "BELKUCHI",
                                            "id": "346c0522-e283-421d-9991-d95c10faf7b8",
                                            "state": {
                                                "id": "d68c68d2-108e-4635-93d1-28c44525f178",
                                                "name": "RAJSHAHI"
                                            }
                                        },
                                        {
                                            "name": "KAMARKHANDA",
                                            "id": "0012b1ec-f07e-4956-8208-d99e74a19aa7",
                                            "state": {
                                                "id": "d68c68d2-108e-4635-93d1-28c44525f178",
                                                "name": "RAJSHAHI"
                                            }
                                        },
                                        {
                                            "name": "SIRAJGANJ_SADAR",
                                            "id": "983f7c6b-9831-4027-b0f9-0e909b74e4ab",
                                            "state": {
                                                "id": "d68c68d2-108e-4635-93d1-28c44525f178",
                                                "name": "RAJSHAHI"
                                            }
                                        },
                                        {
                                            "name": "CHAUHALI",
                                            "id": "fa6ccc95-c941-4284-8d9f-7c4624683e0c",
                                            "state": {
                                                "id": "d68c68d2-108e-4635-93d1-28c44525f178",
                                                "name": "RAJSHAHI"
                                            }
                                        },
                                        {
                                            "name": "TARASH",
                                            "id": "72d45478-f1c8-4317-a912-5f90a6033813",
                                            "state": {
                                                "id": "d68c68d2-108e-4635-93d1-28c44525f178",
                                                "name": "RAJSHAHI"
                                            }
                                        },
                                        {
                                            "name": "SHAHJADPUR",
                                            "id": "aba04480-80aa-4c49-94f5-54a5f8cec70c",
                                            "state": {
                                                "id": "d68c68d2-108e-4635-93d1-28c44525f178",
                                                "name": "RAJSHAHI"
                                            }
                                        },
                                        {
                                            "name": "ULLAHPARA",
                                            "id": "2b03ca99-77d6-4dac-8c30-72fd7820b170",
                                            "state": {
                                                "id": "d68c68d2-108e-4635-93d1-28c44525f178",
                                                "name": "RAJSHAHI"
                                            }
                                        }
                                    ]
                                },
                                {
                                    "id": "3b2a6a3c-5159-471d-abe6-9f4ebad7e6c1",
                                    "name": "MAGURA",
                                    "upazilas": [
                                        {
                                            "name": "SHALIKHA",
                                            "id": "a2705dba-cae2-4e3d-86f6-8ed9c08df535",
                                            "state": {
                                                "id": "642a6748-942f-473d-96c6-a6c1b2e00e05",
                                                "name": "KHULNA"
                                            }
                                        },
                                        {
                                            "name": "MOHAMMADPUR",
                                            "id": "53edb99e-47b4-4979-b3f5-3d80de1b7118",
                                            "state": {
                                                "id": "642a6748-942f-473d-96c6-a6c1b2e00e05",
                                                "name": "KHULNA"
                                            }
                                        },
                                        {
                                            "name": "MAGURA_SADAR",
                                            "id": "dd0bd5ac-d63d-407d-bcf5-ba24191b7cba",
                                            "state": {
                                                "id": "642a6748-942f-473d-96c6-a6c1b2e00e05",
                                                "name": "KHULNA"
                                            }
                                        },
                                        {
                                            "name": "SREEPUR",
                                            "id": "4e4122d5-c778-4303-823f-8a95b13f3f77",
                                            "state": {
                                                "id": "642a6748-942f-473d-96c6-a6c1b2e00e05",
                                                "name": "KHULNA"
                                            }
                                        }
                                    ]
                                },
                                {
                                    "id": "9dd946ca-b2e9-4369-9456-5d7c8308901c",
                                    "name": "JHALOKATI",
                                    "upazilas": [
                                        {
                                            "name": "RAJAPUR",
                                            "id": "595eceec-72ac-4b2a-a8c1-4d1a9d8c93dc",
                                            "state": {
                                                "id": "5cbbb439-96e7-4f60-bf2f-abddd0d03e7e",
                                                "name": "BARISAL"
                                            }
                                        },
                                        {
                                            "name": "NALCHITY",
                                            "id": "c16b84e6-4636-4559-9713-bbfb460be2ec",
                                            "state": {
                                                "id": "5cbbb439-96e7-4f60-bf2f-abddd0d03e7e",
                                                "name": "BARISAL"
                                            }
                                        },
                                        {
                                            "name": "JHALOKATI_SADAR",
                                            "id": "3c848ec1-c630-48f7-8327-8230e4d16846",
                                            "state": {
                                                "id": "5cbbb439-96e7-4f60-bf2f-abddd0d03e7e",
                                                "name": "BARISAL"
                                            }
                                        },
                                        {
                                            "name": "KATHALIA",
                                            "id": "98bbf847-31a1-4d55-a771-a5d045976cfe",
                                            "state": {
                                                "id": "5cbbb439-96e7-4f60-bf2f-abddd0d03e7e",
                                                "name": "BARISAL"
                                            }
                                        }
                                    ]
                                },
                                {
                                    "id": "e9431d37-c6a8-49a5-b5f5-3d8c14bc8ec7",
                                    "name": "LALMONIRHAT",
                                    "upazilas": [
                                        {
                                            "name": "KALIGANJ",
                                            "id": "40f7ed07-08b0-4244-9f65-17971aaeb6d2",
                                            "state": {
                                                "id": "b8c19906-b4fc-4745-ac93-af957934136b",
                                                "name": "RANGPUR"
                                            }
                                        },
                                        {
                                            "name": "LALMANIRHAT_SADAR",
                                            "id": "c3fdab30-b48f-484a-bcab-d8fdb8038626",
                                            "state": {
                                                "id": "b8c19906-b4fc-4745-ac93-af957934136b",
                                                "name": "RANGPUR"
                                            }
                                        },
                                        {
                                            "name": "HATIBANDHA",
                                            "id": "81a52b21-ee0e-4b30-af0e-077ef3b01cc5",
                                            "state": {
                                                "id": "b8c19906-b4fc-4745-ac93-af957934136b",
                                                "name": "RANGPUR"
                                            }
                                        },
                                        {
                                            "name": "ADITMARI",
                                            "id": "b4123b8d-af34-4c2f-8755-8c8d37c59e89",
                                            "state": {
                                                "id": "b8c19906-b4fc-4745-ac93-af957934136b",
                                                "name": "RANGPUR"
                                            }
                                        },
                                        {
                                            "name": "PATGRAM",
                                            "id": "bff9e973-cc00-4aaa-8e53-4ca5ff6dab3d",
                                            "state": {
                                                "id": "b8c19906-b4fc-4745-ac93-af957934136b",
                                                "name": "RANGPUR"
                                            }
                                        }
                                    ]
                                },
                                {
                                    "id": "3244a7d0-e432-4753-841f-cdbd7aa1f437",
                                    "name": "SHARIATPUR",
                                    "upazilas": [
                                        {
                                            "name": "NARIA",
                                            "id": "3e8850ed-a488-46ae-afa3-5b567c539ba2",
                                            "state": {
                                                "id": "9c75a95b-9f42-4ca9-a152-78c492590a6f",
                                                "name": "DHAKA"
                                            }
                                        },
                                        {
                                            "name": "BHEDARGANJ",
                                            "id": "088a2bdf-e98a-407a-9096-01143b440bf1",
                                            "state": {
                                                "id": "9c75a95b-9f42-4ca9-a152-78c492590a6f",
                                                "name": "DHAKA"
                                            }
                                        },
                                        {
                                            "name": "JAJIRA",
                                            "id": "c37722a7-f975-43ee-856b-2059735e3915",
                                            "state": {
                                                "id": "9c75a95b-9f42-4ca9-a152-78c492590a6f",
                                                "name": "DHAKA"
                                            }
                                        },
                                        {
                                            "name": "DAMUDYA",
                                            "id": "e5e20af1-f619-4df7-be4a-ee1958717815",
                                            "state": {
                                                "id": "9c75a95b-9f42-4ca9-a152-78c492590a6f",
                                                "name": "DHAKA"
                                            }
                                        },
                                        {
                                            "name": "SHARIATPUR_SADAR -PALONG",
                                            "id": "0d38ea96-e004-4fab-93d8-88216ca015ef",
                                            "state": {
                                                "id": "9c75a95b-9f42-4ca9-a152-78c492590a6f",
                                                "name": "DHAKA"
                                            }
                                        },
                                        {
                                            "name": "GOSAIRHAT",
                                            "id": "92f19d77-dcd7-4b5b-95bc-de0ca310248c",
                                            "state": {
                                                "id": "9c75a95b-9f42-4ca9-a152-78c492590a6f",
                                                "name": "DHAKA"
                                            }
                                        }
                                    ]
                                },
                                {
                                    "id": "dd4ed0a1-039e-4411-9337-e3bf3f9def9b",
                                    "name": "FENI",
                                    "upazilas": [
                                        {
                                            "name": "SONAGAZI",
                                            "id": "27efec53-92df-41c3-bc6a-9e81493d016d",
                                            "state": {
                                                "id": "d4e8944a-6e8f-4d6e-a313-2228cfe9a567",
                                                "name": "CHITTAGONG"
                                            }
                                        },
                                        {
                                            "name": "DAGANBHYAN",
                                            "id": "53afc9e2-06de-4aa2-b8b0-a05e8293b780",
                                            "state": {
                                                "id": "d4e8944a-6e8f-4d6e-a313-2228cfe9a567",
                                                "name": "CHITTAGONG"
                                            }
                                        },
                                        {
                                            "name": "PARSHURAM",
                                            "id": "49ff9838-f33c-474c-b129-2c9ae86e3ee4",
                                            "state": {
                                                "id": "d4e8944a-6e8f-4d6e-a313-2228cfe9a567",
                                                "name": "CHITTAGONG"
                                            }
                                        },
                                        {
                                            "name": "CHAGALNAIYA",
                                            "id": "04c3cb80-8635-455a-a5fa-84dbaa621b70",
                                            "state": {
                                                "id": "d4e8944a-6e8f-4d6e-a313-2228cfe9a567",
                                                "name": "CHITTAGONG"
                                            }
                                        },
                                        {
                                            "name": "FHULGAZI",
                                            "id": "3290d327-252d-4ac8-b994-c32aa5683ffa",
                                            "state": {
                                                "id": "d4e8944a-6e8f-4d6e-a313-2228cfe9a567",
                                                "name": "CHITTAGONG"
                                            }
                                        },
                                        {
                                            "name": "FENI_SADAR",
                                            "id": "d7952bf9-ddfa-4bc5-a8f0-41dfc66a892e",
                                            "state": {
                                                "id": "d4e8944a-6e8f-4d6e-a313-2228cfe9a567",
                                                "name": "CHITTAGONG"
                                            }
                                        }
                                    ]
                                },
                                {
                                    "id": "970ee245-d795-4373-923b-1d66e666d1a6",
                                    "name": "PATUAKHALI",
                                    "upazilas": [
                                        {
                                            "name": "PATUAKHALI_SADAR",
                                            "id": "afda7029-c236-44ba-b3df-5855d1e83414",
                                            "state": {
                                                "id": "5cbbb439-96e7-4f60-bf2f-abddd0d03e7e",
                                                "name": "BARISAL"
                                            }
                                        },
                                        {
                                            "name": "DASHMINA",
                                            "id": "89e2dffc-cb82-4fdd-9f42-8823500f1b10",
                                            "state": {
                                                "id": "5cbbb439-96e7-4f60-bf2f-abddd0d03e7e",
                                                "name": "BARISAL"
                                            }
                                        },
                                        {
                                            "name": "MIRZAGANJ",
                                            "id": "485e7d51-a1c0-4758-84c1-72129e770eba",
                                            "state": {
                                                "id": "5cbbb439-96e7-4f60-bf2f-abddd0d03e7e",
                                                "name": "BARISAL"
                                            }
                                        },
                                        {
                                            "name": "KALAPARA",
                                            "id": "0f279548-56c6-469b-931d-98f8666550f4",
                                            "state": {
                                                "id": "5cbbb439-96e7-4f60-bf2f-abddd0d03e7e",
                                                "name": "BARISAL"
                                            }
                                        },
                                        {
                                            "name": "GALACHIPA",
                                            "id": "fe4542b1-4c54-435c-93bf-7528621355b9",
                                            "state": {
                                                "id": "5cbbb439-96e7-4f60-bf2f-abddd0d03e7e",
                                                "name": "BARISAL"
                                            }
                                        },
                                        {
                                            "name": "BAUPHAL",
                                            "id": "3befd289-1458-4cfc-bc85-f929255b4161",
                                            "state": {
                                                "id": "5cbbb439-96e7-4f60-bf2f-abddd0d03e7e",
                                                "name": "BARISAL"
                                            }
                                        },
                                        {
                                            "name": "RANGABALI",
                                            "id": "fd694849-085a-4e6e-b708-fc06792067cf",
                                            "state": {
                                                "id": "5cbbb439-96e7-4f60-bf2f-abddd0d03e7e",
                                                "name": "BARISAL"
                                            }
                                        },
                                        {
                                            "name": "DUMKI",
                                            "id": "acde2384-2fcd-4771-bf87-1b5b08efe4a3",
                                            "state": {
                                                "id": "5cbbb439-96e7-4f60-bf2f-abddd0d03e7e",
                                                "name": "BARISAL"
                                            }
                                        }
                                    ]
                                },
                                {
                                    "id": "467a49c1-9b1e-4409-a811-a2541a28cc9d",
                                    "name": "RANGPUR",
                                    "upazilas": [
                                        {
                                            "name": "TARAGANJ",
                                            "id": "f3cafdc7-ff33-4c9a-bf41-e092493e5e1b",
                                            "state": {
                                                "id": "b8c19906-b4fc-4745-ac93-af957934136b",
                                                "name": "RANGPUR"
                                            }
                                        },
                                        {
                                            "name": "GANGACHARA",
                                            "id": "331ce02e-1f27-429d-9256-95faacb19759",
                                            "state": {
                                                "id": "b8c19906-b4fc-4745-ac93-af957934136b",
                                                "name": "RANGPUR"
                                            }
                                        },
                                        {
                                            "name": "BADARGANJ",
                                            "id": "23b5ff55-5742-48ae-9dc6-b15f225a1268",
                                            "state": {
                                                "id": "b8c19906-b4fc-4745-ac93-af957934136b",
                                                "name": "RANGPUR"
                                            }
                                        },
                                        {
                                            "name": "KAUNIA",
                                            "id": "ea59b48e-61b7-40d5-a041-3189f4143167",
                                            "state": {
                                                "id": "b8c19906-b4fc-4745-ac93-af957934136b",
                                                "name": "RANGPUR"
                                            }
                                        },
                                        {
                                            "name": "PIRGACHHA",
                                            "id": "513d1649-1f41-498e-ac2d-6912f8b2327d",
                                            "state": {
                                                "id": "b8c19906-b4fc-4745-ac93-af957934136b",
                                                "name": "RANGPUR"
                                            }
                                        },
                                        {
                                            "name": "MITHAPUKUR",
                                            "id": "d8e55f9d-f8ec-4027-a775-ffb34e90a6c2",
                                            "state": {
                                                "id": "b8c19906-b4fc-4745-ac93-af957934136b",
                                                "name": "RANGPUR"
                                            }
                                        },
                                        {
                                            "name": "RANGPUR_SADAR",
                                            "id": "c7f28afe-ce75-4b54-9eb0-8ad04f863a9d",
                                            "state": {
                                                "id": "b8c19906-b4fc-4745-ac93-af957934136b",
                                                "name": "RANGPUR"
                                            }
                                        }
                                    ]
                                },
                                {
                                    "id": "086915fc-d139-4e2e-839c-b38a5be1e5f6",
                                    "name": "GAIBANDHA",
                                    "upazilas": [
                                        {
                                            "name": "SAGHATA",
                                            "id": "7b7f1bed-05af-46ef-9a98-c4be724fd5e2",
                                            "state": {
                                                "id": "b8c19906-b4fc-4745-ac93-af957934136b",
                                                "name": "RANGPUR"
                                            }
                                        },
                                        {
                                            "name": "SUNDARGANJ",
                                            "id": "b3c77682-f3b2-43a0-b18f-ce0fde8cd30d",
                                            "state": {
                                                "id": "b8c19906-b4fc-4745-ac93-af957934136b",
                                                "name": "RANGPUR"
                                            }
                                        },
                                        {
                                            "name": "GAIBANDHA_SADAR",
                                            "id": "549a592d-7e92-4dba-98a2-ccf8988786d4",
                                            "state": {
                                                "id": "b8c19906-b4fc-4745-ac93-af957934136b",
                                                "name": "RANGPUR"
                                            }
                                        },
                                        {
                                            "name": "PALASHBARI",
                                            "id": "4ca323ee-31f6-4126-a12e-b8ac59881175",
                                            "state": {
                                                "id": "b8c19906-b4fc-4745-ac93-af957934136b",
                                                "name": "RANGPUR"
                                            }
                                        },
                                        {
                                            "name": "GOBINDAGANJ",
                                            "id": "f28adc54-023d-4585-9859-72797f1a509b",
                                            "state": {
                                                "id": "b8c19906-b4fc-4745-ac93-af957934136b",
                                                "name": "RANGPUR"
                                            }
                                        },
                                        {
                                            "name": "FULCHHARI",
                                            "id": "a2a7553c-a2bd-44e5-bd52-0a085246f0a3",
                                            "state": {
                                                "id": "b8c19906-b4fc-4745-ac93-af957934136b",
                                                "name": "RANGPUR"
                                            }
                                        },
                                        {
                                            "name": "SADULLAPUR",
                                            "id": "e9b50e9e-ac38-4969-b483-d3972f87cee4",
                                            "state": {
                                                "id": "b8c19906-b4fc-4745-ac93-af957934136b",
                                                "name": "RANGPUR"
                                            }
                                        }
                                    ]
                                },
                                {
                                    "id": "1c714c0b-021b-4301-a593-2c83a2313649",
                                    "name": "JASHORE",
                                    "upazilas": [
                                        {
                                            "name": "JESSORE_SADAR",
                                            "id": "42f61364-59f7-4623-9426-6cdc057ec349",
                                            "state": {
                                                "id": "642a6748-942f-473d-96c6-a6c1b2e00e05",
                                                "name": "KHULNA"
                                            }
                                        },
                                        {
                                            "name": "JHIKARGACHHA",
                                            "id": "e8528241-9712-4342-9aeb-09f71796e266",
                                            "state": {
                                                "id": "642a6748-942f-473d-96c6-a6c1b2e00e05",
                                                "name": "KHULNA"
                                            }
                                        },
                                        {
                                            "name": "CHAUGACHHA",
                                            "id": "12c0fdba-54d7-44c3-8261-799edb2af99c",
                                            "state": {
                                                "id": "642a6748-942f-473d-96c6-a6c1b2e00e05",
                                                "name": "KHULNA"
                                            }
                                        },
                                        {
                                            "name": "SHARSHA",
                                            "id": "cbf6f38e-583e-4ccc-b6d4-79af79fa8219",
                                            "state": {
                                                "id": "642a6748-942f-473d-96c6-a6c1b2e00e05",
                                                "name": "KHULNA"
                                            }
                                        },
                                        {
                                            "name": "MANIRAMPUR",
                                            "id": "d0720ff4-ff9b-465d-91e9-aa3c8b7786e6",
                                            "state": {
                                                "id": "642a6748-942f-473d-96c6-a6c1b2e00e05",
                                                "name": "KHULNA"
                                            }
                                        },
                                        {
                                            "name": "KESHABPUR",
                                            "id": "eb816407-8817-4b72-a245-aa3d26a6730a",
                                            "state": {
                                                "id": "642a6748-942f-473d-96c6-a6c1b2e00e05",
                                                "name": "KHULNA"
                                            }
                                        },
                                        {
                                            "name": "BAGHERPARA",
                                            "id": "57a33475-5412-4756-96a0-c856f6e69819",
                                            "state": {
                                                "id": "642a6748-942f-473d-96c6-a6c1b2e00e05",
                                                "name": "KHULNA"
                                            }
                                        }
                                    ]
                                },
                                {
                                    "id": "e6fbbbf2-76b6-454c-aab1-00bae43ee7fb",
                                    "name": "CHANDPUR",
                                    "upazilas": [
                                        {
                                            "name": "MATLAB UTTAR",
                                            "id": "063793f3-d840-4cd8-9b37-16b346b5802b",
                                            "state": {
                                                "id": "d4e8944a-6e8f-4d6e-a313-2228cfe9a567",
                                                "name": "CHITTAGONG"
                                            }
                                        },
                                        {
                                            "name": "CHANDPUR_SADAR",
                                            "id": "ed3e766b-5c5f-4898-9807-c60656a34d68",
                                            "state": {
                                                "id": "d4e8944a-6e8f-4d6e-a313-2228cfe9a567",
                                                "name": "CHITTAGONG"
                                            }
                                        },
                                        {
                                            "name": "FARIDGANJ",
                                            "id": "80004c2e-4af7-4c54-a08f-7c5eab9de5b7",
                                            "state": {
                                                "id": "d4e8944a-6e8f-4d6e-a313-2228cfe9a567",
                                                "name": "CHITTAGONG"
                                            }
                                        },
                                        {
                                            "name": "SHAHRASTI",
                                            "id": "ce322d53-bbdb-415b-8d13-45a8185dce83",
                                            "state": {
                                                "id": "d4e8944a-6e8f-4d6e-a313-2228cfe9a567",
                                                "name": "CHITTAGONG"
                                            }
                                        },
                                        {
                                            "name": "HAIMCHAR",
                                            "id": "b7b43526-46a4-48d6-8d67-f4c15ba2afe0",
                                            "state": {
                                                "id": "d4e8944a-6e8f-4d6e-a313-2228cfe9a567",
                                                "name": "CHITTAGONG"
                                            }
                                        },
                                        {
                                            "name": "MATLAB DAKKHIN",
                                            "id": "c099cd9b-69a4-4e70-9314-2d54f940fcd8",
                                            "state": {
                                                "id": "d4e8944a-6e8f-4d6e-a313-2228cfe9a567",
                                                "name": "CHITTAGONG"
                                            }
                                        },
                                        {
                                            "name": "HAZIGANJ",
                                            "id": "d4f9f2a0-9974-4d64-9cf0-139a6619407e",
                                            "state": {
                                                "id": "d4e8944a-6e8f-4d6e-a313-2228cfe9a567",
                                                "name": "CHITTAGONG"
                                            }
                                        }
                                    ]
                                },
                                {
                                    "id": "82157ea8-5e09-483d-82b6-7fbc0c15ead9",
                                    "name": "CHUADANGA",
                                    "upazilas": [
                                        {
                                            "name": "JIBANNAGAR",
                                            "id": "056bb4e6-8df9-4275-8bd0-5de51d1375e5",
                                            "state": {
                                                "id": "642a6748-942f-473d-96c6-a6c1b2e00e05",
                                                "name": "KHULNA"
                                            }
                                        },
                                        {
                                            "name": "DAMURHUDA",
                                            "id": "48021efd-36b5-4321-8505-e9d5d2388c27",
                                            "state": {
                                                "id": "642a6748-942f-473d-96c6-a6c1b2e00e05",
                                                "name": "KHULNA"
                                            }
                                        },
                                        {
                                            "name": "CHUADANGA-S",
                                            "id": "6074f64e-f724-4a45-89fa-45dd861ff000",
                                            "state": {
                                                "id": "642a6748-942f-473d-96c6-a6c1b2e00e05",
                                                "name": "KHULNA"
                                            }
                                        },
                                        {
                                            "name": "ALAMDANGA",
                                            "id": "d0578b99-4bb0-4dbd-9c2c-55ba5b2dd713",
                                            "state": {
                                                "id": "642a6748-942f-473d-96c6-a6c1b2e00e05",
                                                "name": "KHULNA"
                                            }
                                        }
                                    ]
                                },
                                {
                                    "id": "fdd90dd4-29f5-47e3-9c83-86247e30e011",
                                    "name": "MANIKGANJ",
                                    "upazilas": [
                                        {
                                            "name": "SATURIA",
                                            "id": "d9009b9c-883f-44b8-8510-e89dd74298ef",
                                            "state": {
                                                "id": "9c75a95b-9f42-4ca9-a152-78c492590a6f",
                                                "name": "DHAKA"
                                            }
                                        },
                                        {
                                            "name": "SHIBALAYA",
                                            "id": "ab1e982e-faba-4f99-93af-8be8a4fd5fe5",
                                            "state": {
                                                "id": "9c75a95b-9f42-4ca9-a152-78c492590a6f",
                                                "name": "DHAKA"
                                            }
                                        },
                                        {
                                            "name": "GHIOR",
                                            "id": "39c075ea-6975-49d4-9028-f904f0bf6c6c",
                                            "state": {
                                                "id": "9c75a95b-9f42-4ca9-a152-78c492590a6f",
                                                "name": "DHAKA"
                                            }
                                        },
                                        {
                                            "name": "HARIRAMPUR",
                                            "id": "a11e3d5b-0753-4029-9491-ea2ea72465aa",
                                            "state": {
                                                "id": "9c75a95b-9f42-4ca9-a152-78c492590a6f",
                                                "name": "DHAKA"
                                            }
                                        },
                                        {
                                            "name": "SINGAIR",
                                            "id": "f178d21b-89ed-42df-a9a3-21f108b44d28",
                                            "state": {
                                                "id": "9c75a95b-9f42-4ca9-a152-78c492590a6f",
                                                "name": "DHAKA"
                                            }
                                        },
                                        {
                                            "name": "MANIKGANJ_SADAR",
                                            "id": "75442244-e5ad-4289-8a34-d5615d19b3a4",
                                            "state": {
                                                "id": "9c75a95b-9f42-4ca9-a152-78c492590a6f",
                                                "name": "DHAKA"
                                            }
                                        }
                                    ]
                                },
                                {
                                    "id": "eb65d06c-18a8-4220-abbb-a4fc1de8f740",
                                    "name": "MUNSHIGANJ",
                                    "upazilas": [
                                        {
                                            "name": "GAZARIA",
                                            "id": "d93e5ad7-1fa9-453b-be01-f707de0dee0d",
                                            "state": {
                                                "id": "9c75a95b-9f42-4ca9-a152-78c492590a6f",
                                                "name": "DHAKA"
                                            }
                                        },
                                        {
                                            "name": "LOHAJANG",
                                            "id": "8de67669-ef24-4fc0-974d-614802bc635c",
                                            "state": {
                                                "id": "9c75a95b-9f42-4ca9-a152-78c492590a6f",
                                                "name": "DHAKA"
                                            }
                                        },
                                        {
                                            "name": "SREENAGAR",
                                            "id": "8f4bf6d0-176e-46a3-911b-50fa597f928a",
                                            "state": {
                                                "id": "9c75a95b-9f42-4ca9-a152-78c492590a6f",
                                                "name": "DHAKA"
                                            }
                                        },
                                        {
                                            "name": "MUNSHIGANJ_SADAR",
                                            "id": "d0ee788a-80bc-41a6-85c0-285852acb1c1",
                                            "state": {
                                                "id": "9c75a95b-9f42-4ca9-a152-78c492590a6f",
                                                "name": "DHAKA"
                                            }
                                        },
                                        {
                                            "name": "SIRAJDIKHAN",
                                            "id": "76276c1f-b0a4-4ad9-8994-f7056d23bcfd",
                                            "state": {
                                                "id": "9c75a95b-9f42-4ca9-a152-78c492590a6f",
                                                "name": "DHAKA"
                                            }
                                        },
                                        {
                                            "name": "TONGIBARI",
                                            "id": "632c71cf-94e4-43da-b567-79d0e8ddc66c",
                                            "state": {
                                                "id": "9c75a95b-9f42-4ca9-a152-78c492590a6f",
                                                "name": "DHAKA"
                                            }
                                        }
                                    ]
                                },
                                {
                                    "id": "27088eef-3fb2-45db-83f6-7b5820818817",
                                    "name": "KUSHTIA",
                                    "upazilas": [
                                        {
                                            "name": "KUMARKHALI",
                                            "id": "f172ffc4-fc9f-49de-956b-6385b8fd74d3",
                                            "state": {
                                                "id": "642a6748-942f-473d-96c6-a6c1b2e00e05",
                                                "name": "KHULNA"
                                            }
                                        },
                                        {
                                            "name": "BHERAMARA",
                                            "id": "7a6ae3eb-abfb-4059-9759-59fc79242f27",
                                            "state": {
                                                "id": "642a6748-942f-473d-96c6-a6c1b2e00e05",
                                                "name": "KHULNA"
                                            }
                                        },
                                        {
                                            "name": "KUSHTIA_SADAR",
                                            "id": "080eebe9-aace-48e8-81c5-85b575971f51",
                                            "state": {
                                                "id": "642a6748-942f-473d-96c6-a6c1b2e00e05",
                                                "name": "KHULNA"
                                            }
                                        },
                                        {
                                            "name": "MIRPUR",
                                            "id": "b652dbdd-b30a-4afb-886c-9d59c58a8c0e",
                                            "state": {
                                                "id": "642a6748-942f-473d-96c6-a6c1b2e00e05",
                                                "name": "KHULNA"
                                            }
                                        },
                                        {
                                            "name": "KHOKSA",
                                            "id": "2efbd4a2-b662-4471-a226-7feb55866616",
                                            "state": {
                                                "id": "642a6748-942f-473d-96c6-a6c1b2e00e05",
                                                "name": "KHULNA"
                                            }
                                        },
                                        {
                                            "name": "DAULATPUR",
                                            "id": "ca60c131-5d3d-4e69-a08a-e346ffaea90a",
                                            "state": {
                                                "id": "642a6748-942f-473d-96c6-a6c1b2e00e05",
                                                "name": "KHULNA"
                                            }
                                        }
                                    ]
                                },
                                {
                                    "id": "3f0b76be-22bf-4ac9-8a29-0dc53c9641c5",
                                    "name": "BOGURA",
                                    "upazilas": [
                                        {
                                            "name": "SHERPUR",
                                            "id": "27718256-3ec0-4b90-803d-2e077b4c6bb7",
                                            "state": {
                                                "id": "d68c68d2-108e-4635-93d1-28c44525f178",
                                                "name": "RAJSHAHI"
                                            }
                                        },
                                        {
                                            "name": "SARIAKANDI",
                                            "id": "c5843f0e-3bc2-4e45-b823-b5ca3c5c9991",
                                            "state": {
                                                "id": "d68c68d2-108e-4635-93d1-28c44525f178",
                                                "name": "RAJSHAHI"
                                            }
                                        },
                                        {
                                            "name": "NANDIGRAM",
                                            "id": "1085c7de-e430-45fc-970e-79f4336a854a",
                                            "state": {
                                                "id": "d68c68d2-108e-4635-93d1-28c44525f178",
                                                "name": "RAJSHAHI"
                                            }
                                        },
                                        {
                                            "name": "ADAMDIGHI",
                                            "id": "d4fb9820-bf93-498b-bbd9-68c432008c8b",
                                            "state": {
                                                "id": "d68c68d2-108e-4635-93d1-28c44525f178",
                                                "name": "RAJSHAHI"
                                            }
                                        },
                                        {
                                            "name": "DHUNAT",
                                            "id": "4ae13d59-e9e4-47c7-afc0-9f8bfa03e321",
                                            "state": {
                                                "id": "d68c68d2-108e-4635-93d1-28c44525f178",
                                                "name": "RAJSHAHI"
                                            }
                                        },
                                        {
                                            "name": "GABTALI",
                                            "id": "23160f5f-aec6-4b0b-81c4-5aa895621020",
                                            "state": {
                                                "id": "d68c68d2-108e-4635-93d1-28c44525f178",
                                                "name": "RAJSHAHI"
                                            }
                                        },
                                        {
                                            "name": "SONATALA",
                                            "id": "72bf0fce-8301-4e93-b9ce-e7b776e5bd6f",
                                            "state": {
                                                "id": "d68c68d2-108e-4635-93d1-28c44525f178",
                                                "name": "RAJSHAHI"
                                            }
                                        },
                                        {
                                            "name": "BOGRA_SADAR",
                                            "id": "dcf677c9-ffde-466c-a5fd-72d273586b19",
                                            "state": {
                                                "id": "d68c68d2-108e-4635-93d1-28c44525f178",
                                                "name": "RAJSHAHI"
                                            }
                                        },
                                        {
                                            "name": "SAHAJANPUR",
                                            "id": "bfaadb41-661b-4556-8b5c-6d8a2611e817",
                                            "state": {
                                                "id": "d68c68d2-108e-4635-93d1-28c44525f178",
                                                "name": "RAJSHAHI"
                                            }
                                        },
                                        {
                                            "name": "KAHALOO",
                                            "id": "303a6199-9118-46c1-b9ec-68e991107bb5",
                                            "state": {
                                                "id": "d68c68d2-108e-4635-93d1-28c44525f178",
                                                "name": "RAJSHAHI"
                                            }
                                        },
                                        {
                                            "name": "DHUPCHANCHIA",
                                            "id": "25c404c7-009d-4b24-aa5b-8b2a8de06f02",
                                            "state": {
                                                "id": "d68c68d2-108e-4635-93d1-28c44525f178",
                                                "name": "RAJSHAHI"
                                            }
                                        }
                                    ]
                                },
                                {
                                    "id": "acac9cb9-207c-48b8-bf7f-2bb26c3cbaf3",
                                    "name": "SUNAMGANJ",
                                    "upazilas": [
                                        {
                                            "name": "DOWARABAZAR",
                                            "id": "cff4ac7e-408b-4f6b-87ab-3009304229e8",
                                            "state": {
                                                "id": "2f2f0cc1-587a-4dad-a3f0-83c0bac697ec",
                                                "name": "SYLHET"
                                            }
                                        },
                                        {
                                            "name": "JAMALGANJ",
                                            "id": "dc3ee901-0d99-4235-9097-9392156a30b2",
                                            "state": {
                                                "id": "2f2f0cc1-587a-4dad-a3f0-83c0bac697ec",
                                                "name": "SYLHET"
                                            }
                                        },
                                        {
                                            "name": "SUNAMGANJ_SADAR",
                                            "id": "4fef6ecc-27ee-4547-b1f2-cac270075800",
                                            "state": {
                                                "id": "2f2f0cc1-587a-4dad-a3f0-83c0bac697ec",
                                                "name": "SYLHET"
                                            }
                                        },
                                        {
                                            "name": "CHHATAK",
                                            "id": "2850075b-f85b-4b3e-9464-fb094fdab0d1",
                                            "state": {
                                                "id": "2f2f0cc1-587a-4dad-a3f0-83c0bac697ec",
                                                "name": "SYLHET"
                                            }
                                        },
                                        {
                                            "name": "BISHWAMVARPUR",
                                            "id": "bd2a5b8d-2db7-4457-890f-cb7949ab679b",
                                            "state": {
                                                "id": "2f2f0cc1-587a-4dad-a3f0-83c0bac697ec",
                                                "name": "SYLHET"
                                            }
                                        },
                                        {
                                            "name": "TAHIRPUR",
                                            "id": "e629bf90-c502-4b6a-ab23-1c0e2ed8c422",
                                            "state": {
                                                "id": "2f2f0cc1-587a-4dad-a3f0-83c0bac697ec",
                                                "name": "SYLHET"
                                            }
                                        },
                                        {
                                            "name": "SHANTHIGANJ",
                                            "id": "1d7a3c9c-c35f-4813-a587-a3b823c24929",
                                            "state": {
                                                "id": "2f2f0cc1-587a-4dad-a3f0-83c0bac697ec",
                                                "name": "SYLHET"
                                            }
                                        },
                                        {
                                            "name": "DHARAMPASHA",
                                            "id": "eef5310f-38fa-46a5-8c0d-1a1921b45c75",
                                            "state": {
                                                "id": "2f2f0cc1-587a-4dad-a3f0-83c0bac697ec",
                                                "name": "SYLHET"
                                            }
                                        },
                                        {
                                            "name": "DERAI",
                                            "id": "cdd49f46-021e-402f-b1e9-bab17bf44714",
                                            "state": {
                                                "id": "2f2f0cc1-587a-4dad-a3f0-83c0bac697ec",
                                                "name": "SYLHET"
                                            }
                                        },
                                        {
                                            "name": "SULLA",
                                            "id": "f4446cae-89b8-4db4-844b-d46ac7d71a8d",
                                            "state": {
                                                "id": "2f2f0cc1-587a-4dad-a3f0-83c0bac697ec",
                                                "name": "SYLHET"
                                            }
                                        },
                                        {
                                            "name": "MODHYANAGAR",
                                            "id": "f2eb6c8d-a10e-4f30-bf84-758a716f9e5b",
                                            "state": {
                                                "id": "2f2f0cc1-587a-4dad-a3f0-83c0bac697ec",
                                                "name": "SYLHET"
                                            }
                                        },
                                        {
                                            "name": "JAGANNATHPUR",
                                            "id": "ed7e25d5-9cae-409c-b4b6-ec487ae79e26",
                                            "state": {
                                                "id": "2f2f0cc1-587a-4dad-a3f0-83c0bac697ec",
                                                "name": "SYLHET"
                                            }
                                        }
                                    ]
                                },
                                {
                                    "id": "440478fc-7e81-4b0e-9e11-7a30d0240c6a",
                                    "name": "THAKURGAON",
                                    "upazilas": [
                                        {
                                            "name": "RANISANKAIL",
                                            "id": "3fe1bae0-b945-47c8-b858-143e99d1345c",
                                            "state": {
                                                "id": "b8c19906-b4fc-4745-ac93-af957934136b",
                                                "name": "RANGPUR"
                                            }
                                        },
                                        {
                                            "name": "BALIADANGI",
                                            "id": "bc011048-a141-4782-80e6-1de7933f976f",
                                            "state": {
                                                "id": "b8c19906-b4fc-4745-ac93-af957934136b",
                                                "name": "RANGPUR"
                                            }
                                        },
                                        {
                                            "name": "THAKURGAON_SADAR",
                                            "id": "e76216bc-9591-448d-bdd2-f11337f1d167",
                                            "state": {
                                                "id": "b8c19906-b4fc-4745-ac93-af957934136b",
                                                "name": "RANGPUR"
                                            }
                                        },
                                        {
                                            "name": "HARIPUR",
                                            "id": "a057fd71-762f-4e3b-94c4-b0c25f1330e1",
                                            "state": {
                                                "id": "b8c19906-b4fc-4745-ac93-af957934136b",
                                                "name": "RANGPUR"
                                            }
                                        },
                                        {
                                            "name": "PIRGANJ",
                                            "id": "6f84b588-ac8a-4a62-b9ea-5d2ca913c00c",
                                            "state": {
                                                "id": "b8c19906-b4fc-4745-ac93-af957934136b",
                                                "name": "RANGPUR"
                                            }
                                        }
                                    ]
                                },
                                {
                                    "id": "7597f272-f003-4db4-8568-e8f45cb1a56d",
                                    "name": "PANCHAGARH",
                                    "upazilas": [
                                        {
                                            "name": "TETULIA",
                                            "id": "4f9f299d-6613-41be-ab21-4997945547c1",
                                            "state": {
                                                "id": "b8c19906-b4fc-4745-ac93-af957934136b",
                                                "name": "RANGPUR"
                                            }
                                        },
                                        {
                                            "name": "ATWARI",
                                            "id": "1a02f5b1-d095-4d55-9d14-045721e6c40d",
                                            "state": {
                                                "id": "b8c19906-b4fc-4745-ac93-af957934136b",
                                                "name": "RANGPUR"
                                            }
                                        },
                                        {
                                            "name": "BODA",
                                            "id": "d005e319-3338-4877-936c-c01c42003faf",
                                            "state": {
                                                "id": "b8c19906-b4fc-4745-ac93-af957934136b",
                                                "name": "RANGPUR"
                                            }
                                        },
                                        {
                                            "name": "PANCHAGARH_SADAR",
                                            "id": "7c487b8b-afc0-426f-a5a3-2df6ca17e2b7",
                                            "state": {
                                                "id": "b8c19906-b4fc-4745-ac93-af957934136b",
                                                "name": "RANGPUR"
                                            }
                                        },
                                        {
                                            "name": "DEBIGANJ",
                                            "id": "c69f7be1-f80c-49a0-a422-816cc0aedbe2",
                                            "state": {
                                                "id": "b8c19906-b4fc-4745-ac93-af957934136b",
                                                "name": "RANGPUR"
                                            }
                                        }
                                    ]
                                },
                                {
                                    "id": "02e94441-6145-4fbc-b185-7147f9433b0d",
                                    "name": "KHAGRACHARI",
                                    "upazilas": [
                                        {
                                            "name": "LAKSHMICHHARI",
                                            "id": "15bb16dd-f946-4d7f-ba1a-3833795ce9ae",
                                            "state": {
                                                "id": "d4e8944a-6e8f-4d6e-a313-2228cfe9a567",
                                                "name": "CHITTAGONG"
                                            }
                                        },
                                        {
                                            "name": "MANIKCHHARI",
                                            "id": "7ccab6c5-4db7-4c96-b5c2-f9bf8f4b4b2e",
                                            "state": {
                                                "id": "d4e8944a-6e8f-4d6e-a313-2228cfe9a567",
                                                "name": "CHITTAGONG"
                                            }
                                        },
                                        {
                                            "name": "MAHALCHHARI",
                                            "id": "8d6273ce-8713-4857-8d7f-645ec8cf7b49",
                                            "state": {
                                                "id": "d4e8944a-6e8f-4d6e-a313-2228cfe9a567",
                                                "name": "CHITTAGONG"
                                            }
                                        },
                                        {
                                            "name": "DIGHINALA",
                                            "id": "56d905ea-5cc1-4c95-aa62-a369fa67ef86",
                                            "state": {
                                                "id": "d4e8944a-6e8f-4d6e-a313-2228cfe9a567",
                                                "name": "CHITTAGONG"
                                            }
                                        },
                                        {
                                            "name": "MATIRANGA",
                                            "id": "5a40f09b-f1fc-4a4c-9339-7242810be320",
                                            "state": {
                                                "id": "d4e8944a-6e8f-4d6e-a313-2228cfe9a567",
                                                "name": "CHITTAGONG"
                                            }
                                        },
                                        {
                                            "name": "PANCHHARI",
                                            "id": "72bf30e6-6965-4134-82ee-942435bf0cf8",
                                            "state": {
                                                "id": "d4e8944a-6e8f-4d6e-a313-2228cfe9a567",
                                                "name": "CHITTAGONG"
                                            }
                                        },
                                        {
                                            "name": "KHAGRACHHARI",
                                            "id": "0b5ba0d4-cf95-4748-a05d-3243c24b9c2b",
                                            "state": {
                                                "id": "d4e8944a-6e8f-4d6e-a313-2228cfe9a567",
                                                "name": "CHITTAGONG"
                                            }
                                        },
                                        {
                                            "name": "RAMGARH",
                                            "id": "3a985352-6aac-42ca-9d46-0104299d9d5b",
                                            "state": {
                                                "id": "d4e8944a-6e8f-4d6e-a313-2228cfe9a567",
                                                "name": "CHITTAGONG"
                                            }
                                        }
                                    ]
                                },
                                {
                                    "id": "2bdb9cb8-429c-4c87-8651-44eb75bba39f",
                                    "name": "RANGAMATI",
                                    "upazilas": [
                                        {
                                            "name": "KAPTAI",
                                            "id": "b1e5c4ba-9a01-40d7-ae06-e2eff4512f64",
                                            "state": {
                                                "id": "d4e8944a-6e8f-4d6e-a313-2228cfe9a567",
                                                "name": "CHITTAGONG"
                                            }
                                        },
                                        {
                                            "name": "BELAICHHARI",
                                            "id": "66e451b0-a6e5-4797-ae4e-6e3337e8f656",
                                            "state": {
                                                "id": "d4e8944a-6e8f-4d6e-a313-2228cfe9a567",
                                                "name": "CHITTAGONG"
                                            }
                                        },
                                        {
                                            "name": "LANGADU",
                                            "id": "b0ec8354-8a29-4b89-b657-29036d5ff491",
                                            "state": {
                                                "id": "d4e8944a-6e8f-4d6e-a313-2228cfe9a567",
                                                "name": "CHITTAGONG"
                                            }
                                        },
                                        {
                                            "name": "BAGAICHHARI",
                                            "id": "ab30a268-d429-4a3b-ac46-d6b3962a9746",
                                            "state": {
                                                "id": "d4e8944a-6e8f-4d6e-a313-2228cfe9a567",
                                                "name": "CHITTAGONG"
                                            }
                                        },
                                        {
                                            "name": "BARKAL",
                                            "id": "07a7db0e-69ce-417d-8268-7bebb57c11ae",
                                            "state": {
                                                "id": "d4e8944a-6e8f-4d6e-a313-2228cfe9a567",
                                                "name": "CHITTAGONG"
                                            }
                                        },
                                        {
                                            "name": "KAUKHALI",
                                            "id": "303fd905-dc54-4d74-8371-dfc1f477bfc9",
                                            "state": {
                                                "id": "d4e8944a-6e8f-4d6e-a313-2228cfe9a567",
                                                "name": "CHITTAGONG"
                                            }
                                        },
                                        {
                                            "name": "RAJASTHALI",
                                            "id": "1fcbd368-6caa-4dbd-a9fa-2a00e89e77fc",
                                            "state": {
                                                "id": "d4e8944a-6e8f-4d6e-a313-2228cfe9a567",
                                                "name": "CHITTAGONG"
                                            }
                                        },
                                        {
                                            "name": "JURAICHHARI",
                                            "id": "3f4328c9-7b1e-40e9-ad79-d66389645310",
                                            "state": {
                                                "id": "d4e8944a-6e8f-4d6e-a313-2228cfe9a567",
                                                "name": "CHITTAGONG"
                                            }
                                        },
                                        {
                                            "name": "NANNERCHAR",
                                            "id": "fb57848d-e0b9-4051-816c-712fac450852",
                                            "state": {
                                                "id": "d4e8944a-6e8f-4d6e-a313-2228cfe9a567",
                                                "name": "CHITTAGONG"
                                            }
                                        },
                                        {
                                            "name": "RANGAMATI_SADAR",
                                            "id": "1f383e09-c643-4780-a625-02d83259cd37",
                                            "state": {
                                                "id": "d4e8944a-6e8f-4d6e-a313-2228cfe9a567",
                                                "name": "CHITTAGONG"
                                            }
                                        }
                                    ]
                                }
                            ]
                        },
                        {
                            "name": "Pakistan",
                            "id": "bc79ebd2-95a6-46e5-8ade-e7f494021b83",
                            "districts": [
                                
                            ]
                        },
                        {
                            "name": "India",
                            "id": "82ec6692-b098-4803-8cc0-8df58d65ed10",
                            "districts": [
                                
                            ]
                        }
                    ]
                }
            },
            {
                "id": "ae0a4c53-9eea-4b4f-b7ab-98750eb58582",
                "region": {
                    "countries": [
                        {
                            "name": "Angola",
                            "id": "5e9f919f-2d42-42ec-8b6c-adf7f7b3cd0b",
                            "districts": [
                                
                            ]
                        },
                        {
                            "name": "Cabo Verde",
                            "id": "e5489353-76dd-4d8d-b61e-d349c6356c68",
                            "districts": [
                                
                            ]
                        },
                        {
                            "name": "Mali",
                            "id": "dd9791d1-fea1-4b9d-9076-37e499de6307",
                            "districts": [
                                
                            ]
                        },
                        {
                            "name": "British Indian Ocean Territory",
                            "id": "20479535-b47b-41ba-8cab-b7024bd8ec82",
                            "districts": [
                                
                            ]
                        },
                        {
                            "name": "Gambia",
                            "id": "efec8f57-a2fb-4f95-b662-d72b21d301ed",
                            "districts": [
                                
                            ]
                        },
                        {
                            "name": "Zambia",
                            "id": "4992bec5-10a9-49df-ad13-69aa7cdcfef6",
                            "districts": [
                                
                            ]
                        },
                        {
                            "name": "Eswatini",
                            "id": "d044d249-e941-47bb-8fae-8cab328ca575",
                            "districts": [
                                
                            ]
                        },
                        {
                            "name": "Mayotte",
                            "id": "f4b83278-abe2-46f6-b0c0-50eceba9a35f",
                            "districts": [
                                
                            ]
                        },
                        {
                            "name": "Burundi",
                            "id": "310ab811-40b5-48da-8a66-e7562f4cf9d1",
                            "districts": [
                                
                            ]
                        },
                        {
                            "name": "Liberia",
                            "id": "86d6e276-b027-4cf8-ad4d-c4793b3425cf",
                            "districts": [
                                
                            ]
                        },
                        {
                            "name": "Mauritius",
                            "id": "a06fe50f-4ff3-483a-83c6-01ce4068ab36",
                            "districts": [
                                
                            ]
                        },
                        {
                            "name": "Sao Tome and Principe",
                            "id": "712df7d0-5d1b-401b-a832-911354b38baf",
                            "districts": [
                                
                            ]
                        },
                        {
                            "name": "Senegal",
                            "id": "990cb125-2ede-4648-b5d4-698d0e6ad712",
                            "districts": [
                                
                            ]
                        },
                        {
                            "name": "Botswana",
                            "id": "f177f103-59bd-4527-831e-101af0a373bd",
                            "districts": [
                                
                            ]
                        },
                        {
                            "name": "Rwanda",
                            "id": "5507db6a-9757-40e2-a498-f8cb8df70fb8",
                            "districts": [
                                
                            ]
                        },
                        {
                            "name": "Niger",
                            "id": "74150778-002b-4ca3-a064-41c5cad3f026",
                            "districts": [
                                
                            ]
                        },
                        {
                            "name": "Benin",
                            "id": "ec5d7439-de38-46d4-8a31-7b23b9525984",
                            "districts": [
                                
                            ]
                        },
                        {
                            "name": "Réunion",
                            "id": "e0f20522-cffc-4e66-8e7d-9334f35fce95",
                            "districts": [
                                
                            ]
                        },
                        {
                            "name": "South Africa",
                            "id": "9a7647d2-60ca-429d-90e5-905edaff872c",
                            "districts": [
                                
                            ]
                        },
                        {
                            "name": "Ghana",
                            "id": "9662349e-2c36-496a-83d5-6f746ae768a7",
                            "districts": [
                                
                            ]
                        },
                        {
                            "name": "Congo",
                            "id": "33c8a05e-4d63-49cd-a5f1-0f4a1d5ab13e",
                            "districts": [
                                
                            ]
                        },
                        {
                            "name": "Guinea-Bissau",
                            "id": "64d1845d-1963-40bc-a31b-1f45084f1644",
                            "districts": [
                                
                            ]
                        },
                        {
                            "name": "Togo",
                            "id": "9d383757-b95f-44da-b535-3887ed82679f",
                            "districts": [
                                
                            ]
                        },
                        {
                            "name": "Namibia",
                            "id": "cf9f295f-bf4c-4a8b-8738-53c6a9ed55b1",
                            "districts": [
                                
                            ]
                        },
                        {
                            "name": "Djibouti",
                            "id": "ba974fdc-3dea-4b6b-a2f3-34624faa59a7",
                            "districts": [
                                
                            ]
                        },
                        {
                            "name": "Gabon",
                            "id": "8f6be81f-6b58-4a61-b684-5c2d620a0e74",
                            "districts": [
                                
                            ]
                        },
                        {
                            "name": "Lesotho",
                            "id": "300752f4-088e-403c-95b0-7a670c09f8cc",
                            "districts": [
                                
                            ]
                        },
                        {
                            "name": "Madagascar",
                            "id": "eb4c5e71-f839-4f3c-8e93-49ef57f4fe8d",
                            "districts": [
                                
                            ]
                        },
                        {
                            "name": "Uganda",
                            "id": "b1693449-e104-47c0-94db-f55cc6c850d5",
                            "districts": [
                                
                            ]
                        },
                        {
                            "name": "Côte d\"Ivoire",
                            "id": "59276e01-0d64-487a-aec6-332ae91f9909",
                            "districts": [
                                
                            ]
                        },
                        {
                            "name": "Nigeria",
                            "id": "3c94aa61-055d-4c38-a40b-67dff395beda",
                            "districts": [
                                
                            ]
                        },
                        {
                            "name": "Zimbabwe",
                            "id": "bfbf9853-bae3-4e57-b7cd-1e9228e8b1f3",
                            "districts": [
                                
                            ]
                        },
                        {
                            "name": "Seychelles",
                            "id": "4c63d1f6-87ba-45f1-9414-eb22bfba46c2",
                            "districts": [
                                
                            ]
                        },
                        {
                            "name": "Cameroon",
                            "id": "0495fba0-693d-433a-a9ef-6bc2ccab6093",
                            "districts": [
                                
                            ]
                        },
                        {
                            "name": "Guinea",
                            "id": "eda1a6fb-f95b-4664-b352-8a468c499b34",
                            "districts": [
                                
                            ]
                        },
                        {
                            "name": "Kenya",
                            "id": "06702720-9c60-4210-8eed-8824f1cc80c2",
                            "districts": [
                                
                            ]
                        },
                        {
                            "name": "Mozambique",
                            "id": "df394703-b3a5-4d0f-aa33-db8b10ba29ab",
                            "districts": [
                                
                            ]
                        },
                        {
                            "name": "Saint Helena, Ascension and Tristan da Cunha",
                            "id": "e379e052-1704-4e98-b4fd-fdac7ca1f9a0",
                            "districts": [
                                
                            ]
                        },
                        {
                            "name": "Ethiopia",
                            "id": "77d5d6a2-5f01-41b8-b06d-88b9efc618f8",
                            "districts": [
                                
                            ]
                        },
                        {
                            "name": "Comoros",
                            "id": "ae0a4c53-9eea-4b4f-b7ab-98750eb58582",
                            "districts": [
                                
                            ]
                        },
                        {
                            "name": "Malawi",
                            "id": "31ffdf7e-d375-4c19-8b4c-6ac8e4486727",
                            "districts": [
                                
                            ]
                        },
                        {
                            "name": "Somalia",
                            "id": "630c356f-e198-4cd0-8e91-b29002c2aca7",
                            "districts": [
                                
                            ]
                        },
                        {
                            "name": "Congo, Democratic Republic of the",
                            "id": "55a5fe27-565c-4963-88c0-9a3ec24dea5c",
                            "districts": [
                                
                            ]
                        },
                        {
                            "name": "Equatorial Guinea",
                            "id": "9d2dd243-9754-4962-a556-6dbbf85b248a",
                            "districts": [
                                
                            ]
                        },
                        {
                            "name": "Chad",
                            "id": "4c4abd99-f4df-4fee-bac5-e2a1eef7ec0f",
                            "districts": [
                                
                            ]
                        },
                        {
                            "name": "Tanzania, United Republic of",
                            "id": "30d8662e-655f-43c8-b307-a2dc0046ebe5",
                            "districts": [
                                
                            ]
                        },
                        {
                            "name": "Sierra Leone",
                            "id": "e2135c5c-dfd3-4d44-b16f-0c29186836ce",
                            "districts": [
                                
                            ]
                        },
                        {
                            "name": "Eritrea",
                            "id": "bdd50ea2-c82d-44e8-b493-09892c245a6d",
                            "districts": [
                                
                            ]
                        },
                        {
                            "name": "Central African Republic",
                            "id": "59d2224e-e8a9-4e08-bf66-6ca50cf3d5e7",
                            "districts": [
                                
                            ]
                        },
                        {
                            "name": "South Sudan",
                            "id": "96e00183-809e-408c-b2f2-0042a6a8a8ba",
                            "districts": [
                                
                            ]
                        },
                        {
                            "name": "Mauritania",
                            "id": "780c64c4-cea5-4b78-85af-7be29c96025f",
                            "districts": [
                                
                            ]
                        },
                        {
                            "name": "Burkina Faso",
                            "id": "cedf0037-0cb1-4ad8-8a83-9ae64bc44992",
                            "districts": [
                                
                            ]
                        }
                    ]
                }
            },
            {
                "id": "5fce3077-fac8-4461-bf35-b912844ea013",
                "region": {
                    "countries": [
                        {
                            "name": "Egypt",
                            "id": "118f9f5b-63b1-4bba-81bc-1f24d791fa1c",
                            "districts": [
                                
                            ]
                        },
                        {
                            "name": "Libya",
                            "id": "6a3d82cb-b14a-4f8d-8ec1-54104715b045",
                            "districts": [
                                
                            ]
                        },
                        {
                            "name": "Tunisia",
                            "id": "5fce3077-fac8-4461-bf35-b912844ea013",
                            "districts": [
                                
                            ]
                        },
                        {
                            "name": "Algeria",
                            "id": "7f7e022b-f273-4c30-aeae-b265e7caed1b",
                            "districts": [
                                
                            ]
                        },
                        {
                            "name": "Morocco",
                            "id": "edb88011-b648-4109-8190-f89775e98670",
                            "districts": [
                                
                            ]
                        },
                        {
                            "name": "Sudan",
                            "id": "6b0da14e-212e-4d9c-a26c-f37a13b1a0d4",
                            "districts": [
                                
                            ]
                        }
                    ]
                }
            },
            {
                "id": "e89a54d0-98ab-4404-b546-b87cdfab5e6c",
                "region": {
                    "countries": [
                        {
                            "name": "China",
                            "id": "99cdf9ef-7a80-40f1-801d-e294d5f9ee36",
                            "districts": [
                                
                            ]
                        },
                        {
                            "name": "Taiwan, Province of China",
                            "id": "46f6e154-7ea0-40e3-8ee2-68536a0b9e21",
                            "districts": [
                                
                            ]
                        },
                        {
                            "name": "Korea, Republic of",
                            "id": "2f24ae19-b361-4fe6-ac53-fbe75f5485d8",
                            "districts": [
                                
                            ]
                        },
                        {
                            "name": "Malaysia",
                            "id": "bb3e3ec0-3c59-46a6-9573-195fa8dd3c9e",
                            "districts": [
                                
                            ]
                        },
                        {
                            "name": "Korea (Democratic People\"s Republic of)",
                            "id": "6f72ac2e-f7a5-44c0-8726-98f91e72d8e9",
                            "districts": [
                                
                            ]
                        },
                        {
                            "name": "Myanmar",
                            "id": "7f1e32bc-9aae-4cd7-bcad-9dc6082d4811",
                            "districts": [
                                
                            ]
                        },
                        {
                            "name": "Macao",
                            "id": "e89a54d0-98ab-4404-b546-b87cdfab5e6c",
                            "districts": [
                                
                            ]
                        },
                        {
                            "name": "Mongolia",
                            "id": "8ccf4e8b-f765-4707-aff1-cb36bcbf5fb9",
                            "districts": [
                                
                            ]
                        },
                        {
                            "name": "Japan",
                            "id": "b893cdb3-ce45-4ff8-8c82-d0e5728d4fab",
                            "districts": [
                                
                            ]
                        },
                        {
                            "name": "Hong Kong",
                            "id": "66af6153-77ae-41b1-90bc-93e5d9a30416",
                            "districts": [
                                
                            ]
                        }
                    ]
                }
            },
            {
                "id": "6bd284f1-2216-4efc-a80e-218a56731a50",
                "region": {
                    "countries": [
                        {
                            "name": "Iran (Islamic Republic of)",
                            "id": "ea7eef91-f8f4-4603-b7a1-d7039e7033e6",
                            "districts": [
                                
                            ]
                        },
                        {
                            "name": "Sri Lanka",
                            "id": "63a03a51-55d6-4a05-91f9-4be04ceff568",
                            "districts": [
                                
                            ]
                        },
                        {
                            "name": "Cambodia",
                            "id": "1c1d7b9c-1af3-4247-9393-6ab5275ed775",
                            "districts": [
                                
                            ]
                        },
                        {
                            "name": "Indonesia",
                            "id": "a0e90a76-7360-4e64-874a-b88b33bff1c6",
                            "districts": [
                                
                            ]
                        },
                        {
                            "name": "Afghanistan",
                            "id": "1d4758ce-9410-46c2-9e4e-2c90c518f469",
                            "districts": [
                                
                            ]
                        },
                        {
                            "name": "Bhutan",
                            "id": "26ac5483-9a31-41bd-b79e-6c82c30cbd75",
                            "districts": [
                                
                            ]
                        },
                        {
                            "name": "Brunei Darussalam",
                            "id": "218b444b-0354-46bd-b768-b8d48eb632e1",
                            "districts": [
                                
                            ]
                        },
                        {
                            "name": "Maldives",
                            "id": "b0305117-6406-4e3f-bd9c-54999c52fd51",
                            "districts": [
                                
                            ]
                        },
                        {
                            "name": "Nepal",
                            "id": "74ec24a7-5308-4b97-890a-a1b2602ab430",
                            "districts": [
                                
                            ]
                        },
                        {
                            "name": "Bangladesh",
                            "id": "6bd284f1-2216-4efc-a80e-218a56731a50",
                            "districts": [
                                {
                                    "id": "052bb7cb-fa24-4e4e-8a1c-c8b5770f81be",
                                    "name": "BARISHAL",
                                    "upazilas": [
                                        {
                                            "name": "AGAILJHARA",
                                            "id": "a87e5293-71fd-4928-a4bc-3fc87b741bd6",
                                            "state": {
                                                "id": "5cbbb439-96e7-4f60-bf2f-abddd0d03e7e",
                                                "name": "BARISAL"
                                            }
                                        },
                                        {
                                            "name": "WAZIRPUR",
                                            "id": "69a7ae9a-af80-4721-8fa7-390bc7a9f056",
                                            "state": {
                                                "id": "5cbbb439-96e7-4f60-bf2f-abddd0d03e7e",
                                                "name": "BARISAL"
                                            }
                                        },
                                        {
                                            "name": "BANARIPARA",
                                            "id": "a1098f6d-e20c-46ff-a695-71d38485dfcd",
                                            "state": {
                                                "id": "5cbbb439-96e7-4f60-bf2f-abddd0d03e7e",
                                                "name": "BARISAL"
                                            }
                                        },
                                        {
                                            "name": "GAURNADI",
                                            "id": "e054f2d4-ba21-423c-8ce2-8790fd3e96e7",
                                            "state": {
                                                "id": "5cbbb439-96e7-4f60-bf2f-abddd0d03e7e",
                                                "name": "BARISAL"
                                            }
                                        },
                                        {
                                            "name": "HIZLA",
                                            "id": "25dc6a64-73d1-41c4-a7a6-3499e419ee76",
                                            "state": {
                                                "id": "5cbbb439-96e7-4f60-bf2f-abddd0d03e7e",
                                                "name": "BARISAL"
                                            }
                                        },
                                        {
                                            "name": "BARISAL_SADAR",
                                            "id": "3e841942-1acf-40d5-a8f8-e76fccbce201",
                                            "state": {
                                                "id": "5cbbb439-96e7-4f60-bf2f-abddd0d03e7e",
                                                "name": "BARISAL"
                                            }
                                        },
                                        {
                                            "name": "BAKERGANJ",
                                            "id": "898bb968-893a-4791-984c-303c28eee8d1",
                                            "state": {
                                                "id": "5cbbb439-96e7-4f60-bf2f-abddd0d03e7e",
                                                "name": "BARISAL"
                                            }
                                        },
                                        {
                                            "name": "BABUGANJ",
                                            "id": "4ecbd185-acfc-4406-8fd6-b3d94387bea9",
                                            "state": {
                                                "id": "5cbbb439-96e7-4f60-bf2f-abddd0d03e7e",
                                                "name": "BARISAL"
                                            }
                                        },
                                        {
                                            "name": "MEHENDIGANJ",
                                            "id": "4f5b876b-a14d-462f-8cea-0b63aa50a888",
                                            "state": {
                                                "id": "5cbbb439-96e7-4f60-bf2f-abddd0d03e7e",
                                                "name": "BARISAL"
                                            }
                                        },
                                        {
                                            "name": "MULADI",
                                            "id": "0084331b-30ca-4576-8b66-503c7b6a2d0c",
                                            "state": {
                                                "id": "5cbbb439-96e7-4f60-bf2f-abddd0d03e7e",
                                                "name": "BARISAL"
                                            }
                                        }
                                    ]
                                },
                                {
                                    "id": "01836026-20ee-4e28-9585-6bde8c8f98a1",
                                    "name": "KURIGRAM",
                                    "upazilas": [
                                        {
                                            "name": "KURIGRAM_SADAR",
                                            "id": "33b43668-894e-4861-a340-9ab38cfac767",
                                            "state": {
                                                "id": "b8c19906-b4fc-4745-ac93-af957934136b",
                                                "name": "RANGPUR"
                                            }
                                        },
                                        {
                                            "name": "BHURUNGAMARI",
                                            "id": "bd6a746c-8e29-4546-9bde-fe70e7c0b1d4",
                                            "state": {
                                                "id": "b8c19906-b4fc-4745-ac93-af957934136b",
                                                "name": "RANGPUR"
                                            }
                                        },
                                        {
                                            "name": "ULIPUR",
                                            "id": "114b95ad-d7c1-4805-addc-2034bc68d133",
                                            "state": {
                                                "id": "b8c19906-b4fc-4745-ac93-af957934136b",
                                                "name": "RANGPUR"
                                            }
                                        },
                                        {
                                            "name": "CHILMARI",
                                            "id": "b74d834a-c4df-4c64-b08b-00fb86c416bd",
                                            "state": {
                                                "id": "b8c19906-b4fc-4745-ac93-af957934136b",
                                                "name": "RANGPUR"
                                            }
                                        },
                                        {
                                            "name": "NAGESHWARI",
                                            "id": "3c5107f8-412a-47a6-a593-75a1577a2fae",
                                            "state": {
                                                "id": "b8c19906-b4fc-4745-ac93-af957934136b",
                                                "name": "RANGPUR"
                                            }
                                        },
                                        {
                                            "name": "RAJARHAT",
                                            "id": "abfb1886-a2ea-4887-afc3-60cc1d194b6e",
                                            "state": {
                                                "id": "b8c19906-b4fc-4745-ac93-af957934136b",
                                                "name": "RANGPUR"
                                            }
                                        },
                                        {
                                            "name": "PHULBARI",
                                            "id": "3580569a-211a-4991-9e10-f52fd97543a6",
                                            "state": {
                                                "id": "b8c19906-b4fc-4745-ac93-af957934136b",
                                                "name": "RANGPUR"
                                            }
                                        },
                                        {
                                            "name": "CHAR RAJIBPUR",
                                            "id": "7d27e425-d2d2-45a9-b7c9-188e05810c0d",
                                            "state": {
                                                "id": "b8c19906-b4fc-4745-ac93-af957934136b",
                                                "name": "RANGPUR"
                                            }
                                        },
                                        {
                                            "name": "ROWMARI",
                                            "id": "290ffa52-6bbb-4482-a054-ce4aff5f6930",
                                            "state": {
                                                "id": "b8c19906-b4fc-4745-ac93-af957934136b",
                                                "name": "RANGPUR"
                                            }
                                        }
                                    ]
                                },
                                {
                                    "id": "2fb6985f-ccb2-4004-89ac-b5b0de520533",
                                    "name": "DINAJPUR",
                                    "upazilas": [
                                        {
                                            "name": "KAHAROLE",
                                            "id": "55d8d92d-d612-4226-b008-60b84b7b8253",
                                            "state": {
                                                "id": "b8c19906-b4fc-4745-ac93-af957934136b",
                                                "name": "RANGPUR"
                                            }
                                        },
                                        {
                                            "name": "PARBATIPUR",
                                            "id": "6f58194a-7690-4ce0-b14e-bea704af6ee5",
                                            "state": {
                                                "id": "b8c19906-b4fc-4745-ac93-af957934136b",
                                                "name": "RANGPUR"
                                            }
                                        },
                                        {
                                            "name": "HAKIMPUR",
                                            "id": "cc45cab8-96dc-43c5-bbc1-040e75736c03",
                                            "state": {
                                                "id": "b8c19906-b4fc-4745-ac93-af957934136b",
                                                "name": "RANGPUR"
                                            }
                                        },
                                        {
                                            "name": "BIRGANJ",
                                            "id": "9afaa410-ddfd-44d2-95d3-d6cfb030acd7",
                                            "state": {
                                                "id": "b8c19906-b4fc-4745-ac93-af957934136b",
                                                "name": "RANGPUR"
                                            }
                                        },
                                        {
                                            "name": "BIRAL",
                                            "id": "a44acb60-2b84-4fbb-b73e-6030542fed2d",
                                            "state": {
                                                "id": "b8c19906-b4fc-4745-ac93-af957934136b",
                                                "name": "RANGPUR"
                                            }
                                        },
                                        {
                                            "name": "BIRAMPUR",
                                            "id": "5a316d35-7488-4a04-b718-819caf81d849",
                                            "state": {
                                                "id": "b8c19906-b4fc-4745-ac93-af957934136b",
                                                "name": "RANGPUR"
                                            }
                                        },
                                        {
                                            "name": "GHORAGHAT",
                                            "id": "5ea22106-1cb9-47de-8a20-28fdcf292598",
                                            "state": {
                                                "id": "b8c19906-b4fc-4745-ac93-af957934136b",
                                                "name": "RANGPUR"
                                            }
                                        },
                                        {
                                            "name": "KHANSAMA",
                                            "id": "0561e004-20dc-4efd-b2e3-4e1c48d86971",
                                            "state": {
                                                "id": "b8c19906-b4fc-4745-ac93-af957934136b",
                                                "name": "RANGPUR"
                                            }
                                        },
                                        {
                                            "name": "DINAJPUR_SADAR",
                                            "id": "e9d6959d-bf05-490a-a95d-6327f93c17b3",
                                            "state": {
                                                "id": "b8c19906-b4fc-4745-ac93-af957934136b",
                                                "name": "RANGPUR"
                                            }
                                        },
                                        {
                                            "name": "BOCHAGANJ",
                                            "id": "526f5997-d4ab-45f7-af53-6fcd25c1d1dc",
                                            "state": {
                                                "id": "b8c19906-b4fc-4745-ac93-af957934136b",
                                                "name": "RANGPUR"
                                            }
                                        },
                                        {
                                            "name": "CHIRIRBANDAR",
                                            "id": "d371b6be-98e7-44ec-98bb-4e3d06f4fd6c",
                                            "state": {
                                                "id": "b8c19906-b4fc-4745-ac93-af957934136b",
                                                "name": "RANGPUR"
                                            }
                                        },
                                        {
                                            "name": "NAWABGANJ",
                                            "id": "802bf9ac-1597-4c30-94cc-51b1e5cd9941",
                                            "state": {
                                                "id": "b8c19906-b4fc-4745-ac93-af957934136b",
                                                "name": "RANGPUR"
                                            }
                                        }
                                    ]
                                },
                                {
                                    "id": "fcbaee9a-6c04-4a77-a2a8-8ee8f0c812a8",
                                    "name": "BAGERHAT",
                                    "upazilas": [
                                        {
                                            "name": "FAKIRHAT",
                                            "id": "23926ee4-dec3-4ba8-aab6-eee9f7003126",
                                            "state": {
                                                "id": "642a6748-942f-473d-96c6-a6c1b2e00e05",
                                                "name": "KHULNA"
                                            }
                                        },
                                        {
                                            "name": "MORRELGANJ",
                                            "id": "c322b9de-9e52-471a-9642-0c7f9510e303",
                                            "state": {
                                                "id": "642a6748-942f-473d-96c6-a6c1b2e00e05",
                                                "name": "KHULNA"
                                            }
                                        },
                                        {
                                            "name": "RAMPAL",
                                            "id": "687c1175-6f6f-459a-aa56-50ea55ab1852",
                                            "state": {
                                                "id": "642a6748-942f-473d-96c6-a6c1b2e00e05",
                                                "name": "KHULNA"
                                            }
                                        },
                                        {
                                            "name": "MOLLAHAT",
                                            "id": "2a18a82f-5a29-4ec1-b383-bb00faf2f958",
                                            "state": {
                                                "id": "642a6748-942f-473d-96c6-a6c1b2e00e05",
                                                "name": "KHULNA"
                                            }
                                        },
                                        {
                                            "name": "MONGLA",
                                            "id": "4ce72789-eebe-4554-ac41-6e94b6a205d5",
                                            "state": {
                                                "id": "642a6748-942f-473d-96c6-a6c1b2e00e05",
                                                "name": "KHULNA"
                                            }
                                        },
                                        {
                                            "name": "CHITALMARI",
                                            "id": "a6c2a70a-e1dd-4565-9eb4-5a84dfd76d36",
                                            "state": {
                                                "id": "642a6748-942f-473d-96c6-a6c1b2e00e05",
                                                "name": "KHULNA"
                                            }
                                        },
                                        {
                                            "name": "SARANKHOLA",
                                            "id": "29e1d269-c6ca-461f-b8bc-b2cf623b2ed4",
                                            "state": {
                                                "id": "642a6748-942f-473d-96c6-a6c1b2e00e05",
                                                "name": "KHULNA"
                                            }
                                        },
                                        {
                                            "name": "KACHUA",
                                            "id": "458438b9-a371-4d34-a429-9ffc72c4bb5a",
                                            "state": {
                                                "id": "642a6748-942f-473d-96c6-a6c1b2e00e05",
                                                "name": "KHULNA"
                                            }
                                        },
                                        {
                                            "name": "BAGERHAT_SADAR",
                                            "id": "8929c669-4c91-4c08-a279-2b61b2b657cb",
                                            "state": {
                                                "id": "642a6748-942f-473d-96c6-a6c1b2e00e05",
                                                "name": "KHULNA"
                                            }
                                        }
                                    ]
                                },
                                {
                                    "id": "8be8ad99-4257-4c89-bc9f-3fd5b54ea42c",
                                    "name": "BARGUNA",
                                    "upazilas": [
                                        {
                                            "name": "BAMNA",
                                            "id": "0becbad0-8054-48ff-8804-70caef441fbc",
                                            "state": {
                                                "id": "5cbbb439-96e7-4f60-bf2f-abddd0d03e7e",
                                                "name": "BARISAL"
                                            }
                                        },
                                        {
                                            "name": "BARGUNA_SADAR",
                                            "id": "6c8d9659-3f6b-4572-89f6-877db489fb8e",
                                            "state": {
                                                "id": "5cbbb439-96e7-4f60-bf2f-abddd0d03e7e",
                                                "name": "BARISAL"
                                            }
                                        },
                                        {
                                            "name": "BETAGI",
                                            "id": "e84e7c7f-d62f-4111-ac9c-6a758d874fa4",
                                            "state": {
                                                "id": "5cbbb439-96e7-4f60-bf2f-abddd0d03e7e",
                                                "name": "BARISAL"
                                            }
                                        },
                                        {
                                            "name": "AMTALI",
                                            "id": "2061f193-da04-4462-ae2c-7d54a60c9790",
                                            "state": {
                                                "id": "5cbbb439-96e7-4f60-bf2f-abddd0d03e7e",
                                                "name": "BARISAL"
                                            }
                                        },
                                        {
                                            "name": "PATHARGHATA",
                                            "id": "1f651fda-0eb3-4efe-b2a1-751c1dbefb4b",
                                            "state": {
                                                "id": "5cbbb439-96e7-4f60-bf2f-abddd0d03e7e",
                                                "name": "BARISAL"
                                            }
                                        },
                                        {
                                            "name": "TALTALI",
                                            "id": "b6d60b5e-b58e-46be-8b53-370a5bdfe5f4",
                                            "state": {
                                                "id": "5cbbb439-96e7-4f60-bf2f-abddd0d03e7e",
                                                "name": "BARISAL"
                                            }
                                        }
                                    ]
                                },
                                {
                                    "id": "9966ea0c-b228-4955-bb2d-07a5095b2645",
                                    "name": "NATORE",
                                    "upazilas": [
                                        {
                                            "name": "NATORE_SADAR",
                                            "id": "ad6a8021-7b0f-4611-86dd-9522ae859ec2",
                                            "state": {
                                                "id": "d68c68d2-108e-4635-93d1-28c44525f178",
                                                "name": "RAJSHAHI"
                                            }
                                        },
                                        {
                                            "name": "BAGATIPARA",
                                            "id": "8c4fd017-e1a2-46b6-a5e7-4118456a6b1d",
                                            "state": {
                                                "id": "d68c68d2-108e-4635-93d1-28c44525f178",
                                                "name": "RAJSHAHI"
                                            }
                                        },
                                        {
                                            "name": "BARAIGRAM",
                                            "id": "b437a240-a56d-4fcf-8f7b-949ab16dd31d",
                                            "state": {
                                                "id": "d68c68d2-108e-4635-93d1-28c44525f178",
                                                "name": "RAJSHAHI"
                                            }
                                        },
                                        {
                                            "name": "LALPUR",
                                            "id": "b21e478e-7b5e-4c3d-b3a0-cf4e1ba07aac",
                                            "state": {
                                                "id": "d68c68d2-108e-4635-93d1-28c44525f178",
                                                "name": "RAJSHAHI"
                                            }
                                        }
                                    ]
                                },
                                {
                                    "id": "e84d4380-c4bb-4228-88c5-d82e8c1b0865",
                                    "name": "TANGAIL",
                                    "upazilas": [
                                        {
                                            "name": "TANGAIL_SADAR",
                                            "id": "2e5d24da-b036-45be-892b-7f296d666c78",
                                            "state": {
                                                "id": "9c75a95b-9f42-4ca9-a152-78c492590a6f",
                                                "name": "DHAKA"
                                            }
                                        },
                                        {
                                            "name": "DHANBARI",
                                            "id": "1456c986-adde-41d1-a0b0-403604bc0d93",
                                            "state": {
                                                "id": "9c75a95b-9f42-4ca9-a152-78c492590a6f",
                                                "name": "DHAKA"
                                            }
                                        },
                                        {
                                            "name": "DELDUAR",
                                            "id": "3a4c7f79-c00e-49e1-abac-816ed50dc3fb",
                                            "state": {
                                                "id": "9c75a95b-9f42-4ca9-a152-78c492590a6f",
                                                "name": "DHAKA"
                                            }
                                        },
                                        {
                                            "name": "GOPALPUR",
                                            "id": "b2a571f1-2242-424d-9023-7f0f25fd2bb8",
                                            "state": {
                                                "id": "9c75a95b-9f42-4ca9-a152-78c492590a6f",
                                                "name": "DHAKA"
                                            }
                                        },
                                        {
                                            "name": "BASAIL",
                                            "id": "eb604fd4-90f1-40e4-9519-d5a7ca445bfc",
                                            "state": {
                                                "id": "9c75a95b-9f42-4ca9-a152-78c492590a6f",
                                                "name": "DHAKA"
                                            }
                                        },
                                        {
                                            "name": "MIRZAPUR",
                                            "id": "124001b8-78ca-48ce-bbb6-47b461c63063",
                                            "state": {
                                                "id": "9c75a95b-9f42-4ca9-a152-78c492590a6f",
                                                "name": "DHAKA"
                                            }
                                        },
                                        {
                                            "name": "NAGARPUR",
                                            "id": "6cfd02f6-756a-4b9b-85ed-04258d99ca07",
                                            "state": {
                                                "id": "9c75a95b-9f42-4ca9-a152-78c492590a6f",
                                                "name": "DHAKA"
                                            }
                                        },
                                        {
                                            "name": "MADHUPUR",
                                            "id": "21165dd7-b75c-44fb-9e86-4460f532083b",
                                            "state": {
                                                "id": "9c75a95b-9f42-4ca9-a152-78c492590a6f",
                                                "name": "DHAKA"
                                            }
                                        },
                                        {
                                            "name": "BHUAPUR",
                                            "id": "5b9c7e29-0e43-4850-8dca-91a74dab06df",
                                            "state": {
                                                "id": "9c75a95b-9f42-4ca9-a152-78c492590a6f",
                                                "name": "DHAKA"
                                            }
                                        },
                                        {
                                            "name": "GHATAIL",
                                            "id": "6a30d344-ac16-4257-acae-53a8f5a3b49f",
                                            "state": {
                                                "id": "9c75a95b-9f42-4ca9-a152-78c492590a6f",
                                                "name": "DHAKA"
                                            }
                                        },
                                        {
                                            "name": "KALIHATI",
                                            "id": "efef7a8d-28a7-4a48-aeb2-9cc9c9785e37",
                                            "state": {
                                                "id": "9c75a95b-9f42-4ca9-a152-78c492590a6f",
                                                "name": "DHAKA"
                                            }
                                        },
                                        {
                                            "name": "SAKHIPUR",
                                            "id": "86572e49-e51d-4de7-a0d1-26c5bc008a97",
                                            "state": {
                                                "id": "9c75a95b-9f42-4ca9-a152-78c492590a6f",
                                                "name": "DHAKA"
                                            }
                                        }
                                    ]
                                },
                                {
                                    "id": "68d1c1a6-79cf-4614-af26-9c92f954a31f",
                                    "name": "JOYPURHAT",
                                    "upazilas": [
                                        {
                                            "name": "JOYPURHAT S",
                                            "id": "ef9c918e-c776-452b-a9c6-1626f887ed68",
                                            "state": {
                                                "id": "d68c68d2-108e-4635-93d1-28c44525f178",
                                                "name": "RAJSHAHI"
                                            }
                                        },
                                        {
                                            "name": "PANCHBIBI",
                                            "id": "3f918cbc-453d-4529-8bc7-54ea7d192610",
                                            "state": {
                                                "id": "d68c68d2-108e-4635-93d1-28c44525f178",
                                                "name": "RAJSHAHI"
                                            }
                                        },
                                        {
                                            "name": "KALAI",
                                            "id": "06ae58bb-d069-40da-a952-6f345ddaa58d",
                                            "state": {
                                                "id": "d68c68d2-108e-4635-93d1-28c44525f178",
                                                "name": "RAJSHAHI"
                                            }
                                        },
                                        {
                                            "name": "KHETLAL",
                                            "id": "1608a3cd-70aa-46ef-8424-3bcb6f1d83bc",
                                            "state": {
                                                "id": "d68c68d2-108e-4635-93d1-28c44525f178",
                                                "name": "RAJSHAHI"
                                            }
                                        },
                                        {
                                            "name": "AKKELPUR",
                                            "id": "74242c78-e84f-4f42-a882-039391447f6c",
                                            "state": {
                                                "id": "d68c68d2-108e-4635-93d1-28c44525f178",
                                                "name": "RAJSHAHI"
                                            }
                                        }
                                    ]
                                },
                                {
                                    "id": "554b09c8-da48-4e22-ad26-491dde9c455b",
                                    "name": "SATKHIRA",
                                    "upazilas": [
                                        {
                                            "name": "ASSASUNI",
                                            "id": "70a2a525-3a4e-4a75-93b6-0751526ae9fd",
                                            "state": {
                                                "id": "642a6748-942f-473d-96c6-a6c1b2e00e05",
                                                "name": "KHULNA"
                                            }
                                        },
                                        {
                                            "name": "SATKHIRA_SADAR",
                                            "id": "18bd63e5-67e7-417f-a94b-eace376e3c53",
                                            "state": {
                                                "id": "642a6748-942f-473d-96c6-a6c1b2e00e05",
                                                "name": "KHULNA"
                                            }
                                        },
                                        {
                                            "name": "KALAROA",
                                            "id": "2bbc4bea-0602-45d5-b8a7-347875b3e0c5",
                                            "state": {
                                                "id": "642a6748-942f-473d-96c6-a6c1b2e00e05",
                                                "name": "KHULNA"
                                            }
                                        },
                                        {
                                            "name": "DEBHATA",
                                            "id": "43ab5450-3fdf-48c5-af62-8eb39cc6bdbd",
                                            "state": {
                                                "id": "642a6748-942f-473d-96c6-a6c1b2e00e05",
                                                "name": "KHULNA"
                                            }
                                        },
                                        {
                                            "name": "SHYAMNAGAR",
                                            "id": "6c225dcc-fb72-4c69-8842-9e24ca8893b3",
                                            "state": {
                                                "id": "642a6748-942f-473d-96c6-a6c1b2e00e05",
                                                "name": "KHULNA"
                                            }
                                        },
                                        {
                                            "name": "TALA",
                                            "id": "9ba03b6b-a81e-460f-bc16-4070cf8853ce",
                                            "state": {
                                                "id": "642a6748-942f-473d-96c6-a6c1b2e00e05",
                                                "name": "KHULNA"
                                            }
                                        }
                                    ]
                                },
                                {
                                    "id": "8532a8c6-657b-43bc-8ed5-bd8d6ff60ace",
                                    "name": "RAJSHAHI",
                                    "upazilas": [
                                        {
                                            "name": "BAGMARA",
                                            "id": "f2ede638-eab8-4f99-8c6b-a210e841fd1d",
                                            "state": {
                                                "id": "d68c68d2-108e-4635-93d1-28c44525f178",
                                                "name": "RAJSHAHI"
                                            }
                                        },
                                        {
                                            "name": "MOHANPUR",
                                            "id": "7aaac890-91b5-403e-9e63-c3d143b36684",
                                            "state": {
                                                "id": "d68c68d2-108e-4635-93d1-28c44525f178",
                                                "name": "RAJSHAHI"
                                            }
                                        },
                                        {
                                            "name": "BAGHA",
                                            "id": "239db35c-a47a-4654-aa45-5b23ce80c442",
                                            "state": {
                                                "id": "d68c68d2-108e-4635-93d1-28c44525f178",
                                                "name": "RAJSHAHI"
                                            }
                                        },
                                        {
                                            "name": "GODAGARI",
                                            "id": "05d823af-b4fc-4dc6-a7c3-1327766addc8",
                                            "state": {
                                                "id": "d68c68d2-108e-4635-93d1-28c44525f178",
                                                "name": "RAJSHAHI"
                                            }
                                        },
                                        {
                                            "name": "PABA",
                                            "id": "7c7f7c74-c68b-4b89-b932-d8a3239bf9b7",
                                            "state": {
                                                "id": "d68c68d2-108e-4635-93d1-28c44525f178",
                                                "name": "RAJSHAHI"
                                            }
                                        },
                                        {
                                            "name": "TANORE",
                                            "id": "58c5cea6-ca41-4a91-a5fa-b9a5934401ac",
                                            "state": {
                                                "id": "d68c68d2-108e-4635-93d1-28c44525f178",
                                                "name": "RAJSHAHI"
                                            }
                                        },
                                        {
                                            "name": "CHARGHAT",
                                            "id": "aff4647e-2079-4cce-97b0-101fc74ae51b",
                                            "state": {
                                                "id": "d68c68d2-108e-4635-93d1-28c44525f178",
                                                "name": "RAJSHAHI"
                                            }
                                        },
                                        {
                                            "name": "DURGAPUR",
                                            "id": "4223b078-975d-44e9-9365-245f0cb05789",
                                            "state": {
                                                "id": "d68c68d2-108e-4635-93d1-28c44525f178",
                                                "name": "RAJSHAHI"
                                            }
                                        },
                                        {
                                            "name": "PUTHIA",
                                            "id": "2d476069-1315-4416-b9be-a0b422700c68",
                                            "state": {
                                                "id": "d68c68d2-108e-4635-93d1-28c44525f178",
                                                "name": "RAJSHAHI"
                                            }
                                        }
                                    ]
                                },
                                {
                                    "id": "d5260be7-24e7-4c50-9a49-0796cb51b216",
                                    "name": "CUMILLA",
                                    "upazilas": [
                                        {
                                            "name": "DAUDKANDI",
                                            "id": "c1e10c6b-deab-42cb-bdc5-c11244fff880",
                                            "state": {
                                                "id": "d4e8944a-6e8f-4d6e-a313-2228cfe9a567",
                                                "name": "CHITTAGONG"
                                            }
                                        },
                                        {
                                            "name": "DEBIDWAR",
                                            "id": "8226c704-027a-489c-abef-9a3758b49617",
                                            "state": {
                                                "id": "d4e8944a-6e8f-4d6e-a313-2228cfe9a567",
                                                "name": "CHITTAGONG"
                                            }
                                        },
                                        {
                                            "name": "BURICHONG",
                                            "id": "e6684874-0ce5-4f73-9eed-7b72049acf8d",
                                            "state": {
                                                "id": "d4e8944a-6e8f-4d6e-a313-2228cfe9a567",
                                                "name": "CHITTAGONG"
                                            }
                                        },
                                        {
                                            "name": "TITAS",
                                            "id": "b224fbca-58dd-4a13-a2bf-ac01636994e2",
                                            "state": {
                                                "id": "d4e8944a-6e8f-4d6e-a313-2228cfe9a567",
                                                "name": "CHITTAGONG"
                                            }
                                        },
                                        {
                                            "name": "CHANDINA",
                                            "id": "a5e4309c-694a-4781-aa98-f8ec016e4109",
                                            "state": {
                                                "id": "d4e8944a-6e8f-4d6e-a313-2228cfe9a567",
                                                "name": "CHITTAGONG"
                                            }
                                        },
                                        {
                                            "name": "LAKSAM",
                                            "id": "bca6900f-c079-4d77-8616-cd4416f42061",
                                            "state": {
                                                "id": "d4e8944a-6e8f-4d6e-a313-2228cfe9a567",
                                                "name": "CHITTAGONG"
                                            }
                                        },
                                        {
                                            "name": "BARURA",
                                            "id": "8d377f34-bb0c-4aca-82d3-fc9f396451e0",
                                            "state": {
                                                "id": "d4e8944a-6e8f-4d6e-a313-2228cfe9a567",
                                                "name": "CHITTAGONG"
                                            }
                                        },
                                        {
                                            "name": "MURADNAGAR",
                                            "id": "d088b585-95a1-4fac-86b4-0e3b436570d4",
                                            "state": {
                                                "id": "d4e8944a-6e8f-4d6e-a313-2228cfe9a567",
                                                "name": "CHITTAGONG"
                                            }
                                        },
                                        {
                                            "name": "MEGHNA",
                                            "id": "c0cfe679-e617-4907-ae22-20e0a4dd494b",
                                            "state": {
                                                "id": "d4e8944a-6e8f-4d6e-a313-2228cfe9a567",
                                                "name": "CHITTAGONG"
                                            }
                                        },
                                        {
                                            "name": "BRAHMANPARA",
                                            "id": "f35b2456-9e76-487c-a998-b51eb7a6eae4",
                                            "state": {
                                                "id": "d4e8944a-6e8f-4d6e-a313-2228cfe9a567",
                                                "name": "CHITTAGONG"
                                            }
                                        },
                                        {
                                            "name": "COMILLA_SADAR",
                                            "id": "6abbbc95-fa39-49c4-8127-1453fe90181c",
                                            "state": {
                                                "id": "d4e8944a-6e8f-4d6e-a313-2228cfe9a567",
                                                "name": "CHITTAGONG"
                                            }
                                        },
                                        {
                                            "name": "NANGALKOT",
                                            "id": "e9e0cac7-f5dd-44d5-b1e9-9e9e1166c478",
                                            "state": {
                                                "id": "d4e8944a-6e8f-4d6e-a313-2228cfe9a567",
                                                "name": "CHITTAGONG"
                                            }
                                        },
                                        {
                                            "name": "CHAUDDAGRAM",
                                            "id": "7c9eac52-0e2e-4867-b2ee-7c4cf3a1c643",
                                            "state": {
                                                "id": "d4e8944a-6e8f-4d6e-a313-2228cfe9a567",
                                                "name": "CHITTAGONG"
                                            }
                                        },
                                        {
                                            "name": "COMILLA_SADAR SOUTH",
                                            "id": "a8ea2db4-ee9b-4340-8537-83cd622292c2",
                                            "state": {
                                                "id": "d4e8944a-6e8f-4d6e-a313-2228cfe9a567",
                                                "name": "CHITTAGONG"
                                            }
                                        },
                                        {
                                            "name": "MONOHORGONJ",
                                            "id": "eabcbd1f-9f0e-494c-b8a3-16301fd6fa10",
                                            "state": {
                                                "id": "d4e8944a-6e8f-4d6e-a313-2228cfe9a567",
                                                "name": "CHITTAGONG"
                                            }
                                        },
                                        {
                                            "name": "HOMNA",
                                            "id": "07582306-d3c1-4cb1-b07e-23d0a4d62a5f",
                                            "state": {
                                                "id": "d4e8944a-6e8f-4d6e-a313-2228cfe9a567",
                                                "name": "CHITTAGONG"
                                            }
                                        }
                                    ]
                                },
                                {
                                    "id": "272e4693-e399-466a-b021-6728909093d3",
                                    "name": "BRAHMANBARIA",
                                    "upazilas": [
                                        {
                                            "name": "KASBA",
                                            "id": "4498e76d-1d3f-48af-9194-032e8d236b61",
                                            "state": {
                                                "id": "d4e8944a-6e8f-4d6e-a313-2228cfe9a567",
                                                "name": "CHITTAGONG"
                                            }
                                        },
                                        {
                                            "name": "BRAHMANBARIA_SADAR",
                                            "id": "4f269d37-5f46-460f-b145-ada17379cbfc",
                                            "state": {
                                                "id": "d4e8944a-6e8f-4d6e-a313-2228cfe9a567",
                                                "name": "CHITTAGONG"
                                            }
                                        },
                                        {
                                            "name": "ASHUGANJ",
                                            "id": "e5395c84-18d2-4543-a6ec-a707cfe81bcc",
                                            "state": {
                                                "id": "d4e8944a-6e8f-4d6e-a313-2228cfe9a567",
                                                "name": "CHITTAGONG"
                                            }
                                        },
                                        {
                                            "name": "BIJOYNAGAR",
                                            "id": "947631d1-8146-4df8-ae1e-4d04e7595de6",
                                            "state": {
                                                "id": "d4e8944a-6e8f-4d6e-a313-2228cfe9a567",
                                                "name": "CHITTAGONG"
                                            }
                                        },
                                        {
                                            "name": "BANCHARAMPUR",
                                            "id": "0db8bac6-d7d0-4100-869e-41ebe3eb92cd",
                                            "state": {
                                                "id": "d4e8944a-6e8f-4d6e-a313-2228cfe9a567",
                                                "name": "CHITTAGONG"
                                            }
                                        },
                                        {
                                            "name": "AKHAURA",
                                            "id": "5a302ebb-61a8-4e8c-8b59-6a7a49a7b201",
                                            "state": {
                                                "id": "d4e8944a-6e8f-4d6e-a313-2228cfe9a567",
                                                "name": "CHITTAGONG"
                                            }
                                        },
                                        {
                                            "name": "NASIRNAGAR",
                                            "id": "76484d2d-47cc-4c8b-99e1-24c94c3c330e",
                                            "state": {
                                                "id": "d4e8944a-6e8f-4d6e-a313-2228cfe9a567",
                                                "name": "CHITTAGONG"
                                            }
                                        },
                                        {
                                            "name": "NABINAGAR",
                                            "id": "84aeef02-dd01-48da-8468-ac1f5479bf70",
                                            "state": {
                                                "id": "d4e8944a-6e8f-4d6e-a313-2228cfe9a567",
                                                "name": "CHITTAGONG"
                                            }
                                        },
                                        {
                                            "name": "SARAIL",
                                            "id": "ba8e3375-d3cc-48f3-915c-9699081fa9d5",
                                            "state": {
                                                "id": "d4e8944a-6e8f-4d6e-a313-2228cfe9a567",
                                                "name": "CHITTAGONG"
                                            }
                                        },
                                        {
                                            "name": "SHAHBAZPUR TOWN",
                                            "id": "9aa10ffe-f68d-4c46-9994-04d746f5d1bc",
                                            "state": {
                                                "id": "d4e8944a-6e8f-4d6e-a313-2228cfe9a567",
                                                "name": "CHITTAGONG"
                                            }
                                        }
                                    ]
                                },
                                {
                                    "id": "3c67f19f-4e59-4fda-8503-117efa8b69d6",
                                    "name": "LAKSHMIPUR",
                                    "upazilas": [
                                        {
                                            "name": "RAMGATI",
                                            "id": "85171790-705a-43f5-ac34-99c2048f50f7",
                                            "state": {
                                                "id": "d4e8944a-6e8f-4d6e-a313-2228cfe9a567",
                                                "name": "CHITTAGONG"
                                            }
                                        },
                                        {
                                            "name": "RAIPUR",
                                            "id": "bed17fa7-df5e-41a3-905b-d4675de832ce",
                                            "state": {
                                                "id": "d4e8944a-6e8f-4d6e-a313-2228cfe9a567",
                                                "name": "CHITTAGONG"
                                            }
                                        },
                                        {
                                            "name": "LAKSHMIPUR_SADAR",
                                            "id": "2769623f-1de5-407a-8e77-ce987cbfc80e",
                                            "state": {
                                                "id": "d4e8944a-6e8f-4d6e-a313-2228cfe9a567",
                                                "name": "CHITTAGONG"
                                            }
                                        },
                                        {
                                            "name": "KOMOL NAGAR",
                                            "id": "7550df44-de22-487f-aa63-47fea04a985d",
                                            "state": {
                                                "id": "d4e8944a-6e8f-4d6e-a313-2228cfe9a567",
                                                "name": "CHITTAGONG"
                                            }
                                        },
                                        {
                                            "name": "RAMGANJ",
                                            "id": "b5ceb354-c53c-41c3-b9e5-83bf8be9ed17",
                                            "state": {
                                                "id": "d4e8944a-6e8f-4d6e-a313-2228cfe9a567",
                                                "name": "CHITTAGONG"
                                            }
                                        }
                                    ]
                                },
                                {
                                    "id": "1774b360-47d1-4c74-94f9-e92b49968263",
                                    "name": "NETROKONA",
                                    "upazilas": [
                                        {
                                            "name": "KALMAKANDA UPAZILLA",
                                            "id": "c06fd86e-e96d-4148-b393-c7a909eb6b5c",
                                            "state": {
                                                "id": "f6395340-53b2-4824-8252-ef3a164b8446",
                                                "name": "MAYMENSINGH"
                                            }
                                        },
                                        {
                                            "name": "MOHANGANJ UPAZILLA",
                                            "id": "8bdfbfde-f52f-4eda-a4dc-1ea70461cf15",
                                            "state": {
                                                "id": "f6395340-53b2-4824-8252-ef3a164b8446",
                                                "name": "MAYMENSINGH"
                                            }
                                        },
                                        {
                                            "name": "NETRAKONA-S UPAZILLA",
                                            "id": "8f6dd6df-f4b6-434f-a8d8-50363278501f",
                                            "state": {
                                                "id": "f6395340-53b2-4824-8252-ef3a164b8446",
                                                "name": "MAYMENSINGH"
                                            }
                                        },
                                        {
                                            "name": "BARHATTA UPAZILLA",
                                            "id": "98dd7d62-259b-4f9b-8bcb-c9b81440439b",
                                            "state": {
                                                "id": "f6395340-53b2-4824-8252-ef3a164b8446",
                                                "name": "MAYMENSINGH"
                                            }
                                        },
                                        {
                                            "name": "KHALIAJURI UPAZILLA",
                                            "id": "0a55806b-be24-484b-9c56-3b475d525ec3",
                                            "state": {
                                                "id": "f6395340-53b2-4824-8252-ef3a164b8446",
                                                "name": "MAYMENSINGH"
                                            }
                                        },
                                        {
                                            "name": "KENDUA UPAZILLA",
                                            "id": "0a227fd8-fa1a-437b-b3e8-80df07ce0127",
                                            "state": {
                                                "id": "f6395340-53b2-4824-8252-ef3a164b8446",
                                                "name": "MAYMENSINGH"
                                            }
                                        },
                                        {
                                            "name": "ATPARA UPAZILLA",
                                            "id": "0f88c435-a402-42a6-b543-fcaad9a10cf9",
                                            "state": {
                                                "id": "f6395340-53b2-4824-8252-ef3a164b8446",
                                                "name": "MAYMENSINGH"
                                            }
                                        },
                                        {
                                            "name": "PURBADHALA UPAZILLA",
                                            "id": "421e74d9-7bd0-4186-9468-99173c747a9a",
                                            "state": {
                                                "id": "f6395340-53b2-4824-8252-ef3a164b8446",
                                                "name": "MAYMENSINGH"
                                            }
                                        },
                                        {
                                            "name": "MADAN UPAZILLA",
                                            "id": "8a74093b-0358-4469-abcf-e179b122d97c",
                                            "state": {
                                                "id": "f6395340-53b2-4824-8252-ef3a164b8446",
                                                "name": "MAYMENSINGH"
                                            }
                                        },
                                        {
                                            "name": "DURGAPUR UPAZILLA",
                                            "id": "620df571-6ff3-4f42-9879-01d7fbd58664",
                                            "state": {
                                                "id": "f6395340-53b2-4824-8252-ef3a164b8446",
                                                "name": "MAYMENSINGH"
                                            }
                                        }
                                    ]
                                },
                                {
                                    "id": "f46364df-b16f-4916-9601-56bc37674090",
                                    "name": "MADARIPUR",
                                    "upazilas": [
                                        {
                                            "name": "RAJOIR",
                                            "id": "e93745bf-e56f-4059-9a47-0cdc7a6dd0e6",
                                            "state": {
                                                "id": "9c75a95b-9f42-4ca9-a152-78c492590a6f",
                                                "name": "DHAKA"
                                            }
                                        },
                                        {
                                            "name": "KALKINI",
                                            "id": "39b91e5b-54e0-4ef5-900c-0f260df1b12c",
                                            "state": {
                                                "id": "9c75a95b-9f42-4ca9-a152-78c492590a6f",
                                                "name": "DHAKA"
                                            }
                                        },
                                        {
                                            "name": "DASAR",
                                            "id": "3558fcad-3277-4d85-8b05-c4c39ad8add0",
                                            "state": {
                                                "id": "9c75a95b-9f42-4ca9-a152-78c492590a6f",
                                                "name": "DHAKA"
                                            }
                                        },
                                        {
                                            "name": "SHIBCHAR",
                                            "id": "2090422b-acad-447b-bdc5-f5df7813287d",
                                            "state": {
                                                "id": "9c75a95b-9f42-4ca9-a152-78c492590a6f",
                                                "name": "DHAKA"
                                            }
                                        },
                                        {
                                            "name": "MADARIPUR_SADAR",
                                            "id": "a0368a52-0c1a-4ca6-8c6f-3bddda0602bf",
                                            "state": {
                                                "id": "9c75a95b-9f42-4ca9-a152-78c492590a6f",
                                                "name": "DHAKA"
                                            }
                                        }
                                    ]
                                },
                                {
                                    "id": "03394485-abb0-4a8f-b928-9b986ca6cd35",
                                    "name": "NARAYANGANJ",
                                    "upazilas": [
                                        {
                                            "name": "NARYANGANJ_SADAR",
                                            "id": "204bc228-4838-4831-86c1-83fddbab206c",
                                            "state": {
                                                "id": "9c75a95b-9f42-4ca9-a152-78c492590a6f",
                                                "name": "DHAKA"
                                            }
                                        },
                                        {
                                            "name": "SONARGAON",
                                            "id": "f49e5635-d73c-4cea-83ee-5de520c1ceb3",
                                            "state": {
                                                "id": "9c75a95b-9f42-4ca9-a152-78c492590a6f",
                                                "name": "DHAKA"
                                            }
                                        },
                                        {
                                            "name": "ARAIHAZAR",
                                            "id": "5b715c3d-64d6-4144-81a2-c9c3222c3583",
                                            "state": {
                                                "id": "9c75a95b-9f42-4ca9-a152-78c492590a6f",
                                                "name": "DHAKA"
                                            }
                                        },
                                        {
                                            "name": "BANDAR",
                                            "id": "f745e13a-9ff7-4b1f-a370-3706ed8fe794",
                                            "state": {
                                                "id": "9c75a95b-9f42-4ca9-a152-78c492590a6f",
                                                "name": "DHAKA"
                                            }
                                        },
                                        {
                                            "name": "RUPGANJ",
                                            "id": "850fc0af-59a8-4beb-aeb5-f9d2a33fae32",
                                            "state": {
                                                "id": "9c75a95b-9f42-4ca9-a152-78c492590a6f",
                                                "name": "DHAKA"
                                            }
                                        },
                                        {
                                            "name": "SIDDIRGONJ",
                                            "id": "eb803c77-6bd5-4485-8984-cefc09569d46",
                                            "state": {
                                                "id": "9c75a95b-9f42-4ca9-a152-78c492590a6f",
                                                "name": "DHAKA"
                                            }
                                        }
                                    ]
                                },
                                {
                                    "id": "6988fbb2-ec1a-483e-b38d-b444db1232e4",
                                    "name": "GAZIPUR",
                                    "upazilas": [
                                        {
                                            "name": "SRIPUR",
                                            "id": "ff0b71cd-078d-4b86-bbfc-277f9e7831bd",
                                            "state": {
                                                "id": "9c75a95b-9f42-4ca9-a152-78c492590a6f",
                                                "name": "DHAKA"
                                            }
                                        },
                                        {
                                            "name": "KALIAKIOR",
                                            "id": "38522ca1-1e56-4afb-8e22-9fb942025670",
                                            "state": {
                                                "id": "9c75a95b-9f42-4ca9-a152-78c492590a6f",
                                                "name": "DHAKA"
                                            }
                                        },
                                        {
                                            "name": "TONGI",
                                            "id": "7d80f457-b9e9-4264-838e-5b085f402e99",
                                            "state": {
                                                "id": "9c75a95b-9f42-4ca9-a152-78c492590a6f",
                                                "name": "DHAKA"
                                            }
                                        },
                                        {
                                            "name": "KAPASIA",
                                            "id": "90c13f9e-25c6-41cc-aecc-da6ec1adf439",
                                            "state": {
                                                "id": "9c75a95b-9f42-4ca9-a152-78c492590a6f",
                                                "name": "DHAKA"
                                            }
                                        },
                                        {
                                            "name": "GAZIPUR_SADAR-JOYDEBPUR",
                                            "id": "9de27df1-812c-47be-a756-66b298a15281",
                                            "state": {
                                                "id": "9c75a95b-9f42-4ca9-a152-78c492590a6f",
                                                "name": "DHAKA"
                                            }
                                        }
                                    ]
                                },
                                {
                                    "id": "3e56df9f-26ae-4ec2-9d75-cbe655ee5fcd",
                                    "name": "NAWABGANJ",
                                    "upazilas": [
                                        {
                                            "name": "SHIBGANJ",
                                            "id": "5a69a253-29cc-437b-bd7f-765f9020b05c",
                                            "state": {
                                                "id": "d68c68d2-108e-4635-93d1-28c44525f178",
                                                "name": "RAJSHAHI"
                                            }
                                        },
                                        {
                                            "name": "NAWABGANJ_SADAR",
                                            "id": "38cf4ab6-34d7-4822-81c9-cf35860c09eb",
                                            "state": {
                                                "id": "d68c68d2-108e-4635-93d1-28c44525f178",
                                                "name": "RAJSHAHI"
                                            }
                                        },
                                        {
                                            "name": "BHOLAHAT",
                                            "id": "1fc07589-90dc-4484-91b3-b7aa6ea120c7",
                                            "state": {
                                                "id": "d68c68d2-108e-4635-93d1-28c44525f178",
                                                "name": "RAJSHAHI"
                                            }
                                        },
                                        {
                                            "name": "GOMASTAPUR",
                                            "id": "e02d73bf-e86e-49c6-a88f-386dba2e77f5",
                                            "state": {
                                                "id": "d68c68d2-108e-4635-93d1-28c44525f178",
                                                "name": "RAJSHAHI"
                                            }
                                        },
                                        {
                                            "name": "NACHOLE",
                                            "id": "ef4efc17-4d51-42ad-ab19-ad9ca8825334",
                                            "state": {
                                                "id": "d68c68d2-108e-4635-93d1-28c44525f178",
                                                "name": "RAJSHAHI"
                                            }
                                        }
                                    ]
                                },
                                {
                                    "id": "d9ba4812-1282-44de-9f59-c343ec5d1623",
                                    "name": "HABIGANJ",
                                    "upazilas": [
                                        {
                                            "name": "MADHABPUR",
                                            "id": "6b3a6f8c-2a46-4f42-9eec-ca4dce6db8d1",
                                            "state": {
                                                "id": "2f2f0cc1-587a-4dad-a3f0-83c0bac697ec",
                                                "name": "SYLHET"
                                            }
                                        },
                                        {
                                            "name": "AJMIRIGANJ",
                                            "id": "fe078d20-cdd6-4505-987f-75724794fc60",
                                            "state": {
                                                "id": "2f2f0cc1-587a-4dad-a3f0-83c0bac697ec",
                                                "name": "SYLHET"
                                            }
                                        },
                                        {
                                            "name": "HABIGANJ_SADAR",
                                            "id": "9abb2827-c6bf-4dff-88ba-08a8f443de07",
                                            "state": {
                                                "id": "2f2f0cc1-587a-4dad-a3f0-83c0bac697ec",
                                                "name": "SYLHET"
                                            }
                                        },
                                        {
                                            "name": "SHAISTAGONJ",
                                            "id": "7b1ffaa0-17d4-41aa-8a09-ef548e1ed0d3",
                                            "state": {
                                                "id": "2f2f0cc1-587a-4dad-a3f0-83c0bac697ec",
                                                "name": "SYLHET"
                                            }
                                        },
                                        {
                                            "name": "CHUNARUGHAT",
                                            "id": "e93527a1-bc76-4c94-9a0b-a1bf1ffeb2d9",
                                            "state": {
                                                "id": "2f2f0cc1-587a-4dad-a3f0-83c0bac697ec",
                                                "name": "SYLHET"
                                            }
                                        },
                                        {
                                            "name": "LAKHAI",
                                            "id": "63cbbda9-fd2e-4571-88a4-5ee93002ece0",
                                            "state": {
                                                "id": "2f2f0cc1-587a-4dad-a3f0-83c0bac697ec",
                                                "name": "SYLHET"
                                            }
                                        },
                                        {
                                            "name": "BANIACHANG",
                                            "id": "3c4a572a-fa59-4f9a-bb18-c3452a160f07",
                                            "state": {
                                                "id": "2f2f0cc1-587a-4dad-a3f0-83c0bac697ec",
                                                "name": "SYLHET"
                                            }
                                        },
                                        {
                                            "name": "BAHUBAL",
                                            "id": "0cc7bd46-ff4a-4097-8624-86a54e58635a",
                                            "state": {
                                                "id": "2f2f0cc1-587a-4dad-a3f0-83c0bac697ec",
                                                "name": "SYLHET"
                                            }
                                        },
                                        {
                                            "name": "NABIGANJ",
                                            "id": "753f6651-0ca3-4a21-8edc-9a33086ba51e",
                                            "state": {
                                                "id": "2f2f0cc1-587a-4dad-a3f0-83c0bac697ec",
                                                "name": "SYLHET"
                                            }
                                        }
                                    ]
                                },
                                {
                                    "id": "aec90468-bdf5-4909-9603-7fb165dd34b0",
                                    "name": "BANDARBAN",
                                    "upazilas": [
                                        {
                                            "name": "BANDARBAN_SADAR",
                                            "id": "29593331-9a0e-411b-b8dc-a3d3d92eb941",
                                            "state": {
                                                "id": "d4e8944a-6e8f-4d6e-a313-2228cfe9a567",
                                                "name": "CHITTAGONG"
                                            }
                                        },
                                        {
                                            "name": "LAMA",
                                            "id": "2e0b2174-f8fd-4253-8c0a-70683d748a3f",
                                            "state": {
                                                "id": "d4e8944a-6e8f-4d6e-a313-2228cfe9a567",
                                                "name": "CHITTAGONG"
                                            }
                                        },
                                        {
                                            "name": "ALI KADAM",
                                            "id": "9fde9ce1-993f-4259-91e7-3b98a24e8761",
                                            "state": {
                                                "id": "d4e8944a-6e8f-4d6e-a313-2228cfe9a567",
                                                "name": "CHITTAGONG"
                                            }
                                        },
                                        {
                                            "name": "ROWANGCHHARI",
                                            "id": "276ee236-ded6-41ca-8e0a-f78e67d2b3da",
                                            "state": {
                                                "id": "d4e8944a-6e8f-4d6e-a313-2228cfe9a567",
                                                "name": "CHITTAGONG"
                                            }
                                        },
                                        {
                                            "name": "THANCHI",
                                            "id": "03e46154-e64f-46e4-a1ec-e85ddf107787",
                                            "state": {
                                                "id": "d4e8944a-6e8f-4d6e-a313-2228cfe9a567",
                                                "name": "CHITTAGONG"
                                            }
                                        },
                                        {
                                            "name": "RUMA",
                                            "id": "1151bfe0-da1f-4b1f-b114-4bf1d90d22cc",
                                            "state": {
                                                "id": "d4e8944a-6e8f-4d6e-a313-2228cfe9a567",
                                                "name": "CHITTAGONG"
                                            }
                                        },
                                        {
                                            "name": "NAIKHONGCHHARI",
                                            "id": "6a91aef8-e8f4-4a6d-ba56-d0c2dc7c1825",
                                            "state": {
                                                "id": "d4e8944a-6e8f-4d6e-a313-2228cfe9a567",
                                                "name": "CHITTAGONG"
                                            }
                                        }
                                    ]
                                },
                                {
                                    "id": "c73a2eed-dabd-4afe-8697-b61c7660367c",
                                    "name": "SYLHET",
                                    "upazilas": [
                                        {
                                            "name": "COMPANIGANJ",
                                            "id": "31e28b0b-7ebc-421d-b4ba-639b9ca7cb53",
                                            "state": {
                                                "id": "2f2f0cc1-587a-4dad-a3f0-83c0bac697ec",
                                                "name": "SYLHET"
                                            }
                                        },
                                        {
                                            "name": "SYLHET_SADAR",
                                            "id": "a34f0b38-18e8-4262-86b2-1651bb537760",
                                            "state": {
                                                "id": "2f2f0cc1-587a-4dad-a3f0-83c0bac697ec",
                                                "name": "SYLHET"
                                            }
                                        },
                                        {
                                            "name": "BISHWANATH",
                                            "id": "d6ba0515-8d7b-4bfb-98c2-106a38549130",
                                            "state": {
                                                "id": "2f2f0cc1-587a-4dad-a3f0-83c0bac697ec",
                                                "name": "SYLHET"
                                            }
                                        },
                                        {
                                            "name": "KANAIGHAT",
                                            "id": "e031ef05-3d43-4ad6-b6f1-b773fbb9096d",
                                            "state": {
                                                "id": "2f2f0cc1-587a-4dad-a3f0-83c0bac697ec",
                                                "name": "SYLHET"
                                            }
                                        },
                                        {
                                            "name": "GOLAPGANJ",
                                            "id": "210156d5-afd9-4bd0-a11a-b9a4c5cbbdbc",
                                            "state": {
                                                "id": "2f2f0cc1-587a-4dad-a3f0-83c0bac697ec",
                                                "name": "SYLHET"
                                            }
                                        },
                                        {
                                            "name": "GOWAINGHAT",
                                            "id": "2dd4daf8-43b6-482d-a890-2bb2a70e8991",
                                            "state": {
                                                "id": "2f2f0cc1-587a-4dad-a3f0-83c0bac697ec",
                                                "name": "SYLHET"
                                            }
                                        },
                                        {
                                            "name": "ZAKIGANJ",
                                            "id": "30f4b678-fdec-482d-8f8a-e26c346f26ad",
                                            "state": {
                                                "id": "2f2f0cc1-587a-4dad-a3f0-83c0bac697ec",
                                                "name": "SYLHET"
                                            }
                                        },
                                        {
                                            "name": "JAINTIAPUR",
                                            "id": "8f86c696-7e8e-44a4-91cf-6561dd174a18",
                                            "state": {
                                                "id": "2f2f0cc1-587a-4dad-a3f0-83c0bac697ec",
                                                "name": "SYLHET"
                                            }
                                        },
                                        {
                                            "name": "DAKSHIN SURMA",
                                            "id": "ff180545-ebf0-481f-827b-2fa7cd6ee10b",
                                            "state": {
                                                "id": "2f2f0cc1-587a-4dad-a3f0-83c0bac697ec",
                                                "name": "SYLHET"
                                            }
                                        },
                                        {
                                            "name": "FENCHUGANJ",
                                            "id": "adaf36ec-689f-4591-b29c-8677a4e45f9e",
                                            "state": {
                                                "id": "2f2f0cc1-587a-4dad-a3f0-83c0bac697ec",
                                                "name": "SYLHET"
                                            }
                                        },
                                        {
                                            "name": "NOBIGONJ",
                                            "id": "c04977f2-7416-40cf-9c90-d828a9e789d5",
                                            "state": {
                                                "id": "2f2f0cc1-587a-4dad-a3f0-83c0bac697ec",
                                                "name": "SYLHET"
                                            }
                                        },
                                        {
                                            "name": "BEANIBAZAR",
                                            "id": "e5334066-cdb3-4529-a7a7-6cc3a6160265",
                                            "state": {
                                                "id": "2f2f0cc1-587a-4dad-a3f0-83c0bac697ec",
                                                "name": "SYLHET"
                                            }
                                        },
                                        {
                                            "name": "BALAGANJ",
                                            "id": "d92a9983-9313-470e-80da-9f025ed17212",
                                            "state": {
                                                "id": "2f2f0cc1-587a-4dad-a3f0-83c0bac697ec",
                                                "name": "SYLHET"
                                            }
                                        }
                                    ]
                                },
                                {
                                    "id": "86d79ef2-dc45-4d2d-8e54-fad70c79b647",
                                    "name": "PIROJPUR",
                                    "upazilas": [
                                        {
                                            "name": "NAZIRPUR",
                                            "id": "d7844a35-f652-4b30-925b-194f2396958d",
                                            "state": {
                                                "id": "5cbbb439-96e7-4f60-bf2f-abddd0d03e7e",
                                                "name": "BARISAL"
                                            }
                                        },
                                        {
                                            "name": "MATHBARIA",
                                            "id": "8e328e74-3026-4e46-8e67-fc37ce651dfe",
                                            "state": {
                                                "id": "5cbbb439-96e7-4f60-bf2f-abddd0d03e7e",
                                                "name": "BARISAL"
                                            }
                                        },
                                        {
                                            "name": "BHANDARIA",
                                            "id": "6c758ead-5526-424d-9228-1fc826c3c76e",
                                            "state": {
                                                "id": "5cbbb439-96e7-4f60-bf2f-abddd0d03e7e",
                                                "name": "BARISAL"
                                            }
                                        },
                                        {
                                            "name": "ZIANAGAR",
                                            "id": "316d4e46-74dc-458f-8750-e3643592b032",
                                            "state": {
                                                "id": "5cbbb439-96e7-4f60-bf2f-abddd0d03e7e",
                                                "name": "BARISAL"
                                            }
                                        },
                                        {
                                            "name": "PIROJPUR_SADAR",
                                            "id": "c98de406-4053-41d1-b72e-479d07b91a94",
                                            "state": {
                                                "id": "5cbbb439-96e7-4f60-bf2f-abddd0d03e7e",
                                                "name": "BARISAL"
                                            }
                                        },
                                        {
                                            "name": "NESARABAD",
                                            "id": "7dca70fe-76a9-4517-96bd-961f4a82c401",
                                            "state": {
                                                "id": "5cbbb439-96e7-4f60-bf2f-abddd0d03e7e",
                                                "name": "BARISAL"
                                            }
                                        }
                                    ]
                                },
                                {
                                    "id": "faeca4b5-c49e-4522-9d6b-b1f1786d3fe4",
                                    "name": "MEHERPUR",
                                    "upazilas": [
                                        {
                                            "name": "ANGNI",
                                            "id": "8dc5d275-9329-47d9-af59-fcad6d54bf3b",
                                            "state": {
                                                "id": "642a6748-942f-473d-96c6-a6c1b2e00e05",
                                                "name": "KHULNA"
                                            }
                                        },
                                        {
                                            "name": "MEHERPUR-S",
                                            "id": "90ee1389-ade9-47fd-b25b-0210a778cbb7",
                                            "state": {
                                                "id": "642a6748-942f-473d-96c6-a6c1b2e00e05",
                                                "name": "KHULNA"
                                            }
                                        },
                                        {
                                            "name": "MUJIB NAGAR",
                                            "id": "5d4ba578-bd32-4c79-9211-573b9174c19c",
                                            "state": {
                                                "id": "642a6748-942f-473d-96c6-a6c1b2e00e05",
                                                "name": "KHULNA"
                                            }
                                        }
                                    ]
                                },
                                {
                                    "id": "c9ee4e88-6a9e-4dca-a376-e34b12b08a7c",
                                    "name": "MAULVIBAZAR",
                                    "upazilas": [
                                        {
                                            "name": "RAJNAGAR",
                                            "id": "7d51ce73-16fe-47cf-ba03-0c064ccc14f0",
                                            "state": {
                                                "id": "2f2f0cc1-587a-4dad-a3f0-83c0bac697ec",
                                                "name": "SYLHET"
                                            }
                                        },
                                        {
                                            "name": "BARLEKHA",
                                            "id": "4787d06c-b9e4-43b1-80ef-21623028b031",
                                            "state": {
                                                "id": "2f2f0cc1-587a-4dad-a3f0-83c0bac697ec",
                                                "name": "SYLHET"
                                            }
                                        },
                                        {
                                            "name": "KULAURA",
                                            "id": "bd871dd2-4f8d-4c28-8d67-775939289225",
                                            "state": {
                                                "id": "2f2f0cc1-587a-4dad-a3f0-83c0bac697ec",
                                                "name": "SYLHET"
                                            }
                                        },
                                        {
                                            "name": "JURI",
                                            "id": "77753183-cece-4b78-85f7-fbb30b55cda4",
                                            "state": {
                                                "id": "2f2f0cc1-587a-4dad-a3f0-83c0bac697ec",
                                                "name": "SYLHET"
                                            }
                                        },
                                        {
                                            "name": "SREEMANGAL",
                                            "id": "8ee98bba-fc39-4bb2-9d83-e357a620b424",
                                            "state": {
                                                "id": "2f2f0cc1-587a-4dad-a3f0-83c0bac697ec",
                                                "name": "SYLHET"
                                            }
                                        },
                                        {
                                            "name": "KAMALGANJ",
                                            "id": "11e746ba-02ec-4142-9177-6740d9a5c6f9",
                                            "state": {
                                                "id": "2f2f0cc1-587a-4dad-a3f0-83c0bac697ec",
                                                "name": "SYLHET"
                                            }
                                        },
                                        {
                                            "name": "MOULVIBAZAR_SADAR",
                                            "id": "fb364596-f586-4335-9ab7-c7ab0104689f",
                                            "state": {
                                                "id": "2f2f0cc1-587a-4dad-a3f0-83c0bac697ec",
                                                "name": "SYLHET"
                                            }
                                        }
                                    ]
                                },
                                {
                                    "id": "1319d89d-5fb0-41b9-bdb5-05339617a6fa",
                                    "name": "SHERPUR",
                                    "upazilas": [
                                        {
                                            "name": "NAKLA",
                                            "id": "864fc566-3981-4a3a-b47a-bb549d6697f4",
                                            "state": {
                                                "id": "f6395340-53b2-4824-8252-ef3a164b8446",
                                                "name": "MAYMENSINGH"
                                            }
                                        },
                                        {
                                            "name": "JHENAIGATI",
                                            "id": "880b10a0-05da-46be-bf3e-354aac03cab7",
                                            "state": {
                                                "id": "f6395340-53b2-4824-8252-ef3a164b8446",
                                                "name": "MAYMENSINGH"
                                            }
                                        },
                                        {
                                            "name": "SREEBARDI",
                                            "id": "9f257f25-c5d3-471b-8364-62ce7eb59dfc",
                                            "state": {
                                                "id": "f6395340-53b2-4824-8252-ef3a164b8446",
                                                "name": "MAYMENSINGH"
                                            }
                                        },
                                        {
                                            "name": "SHERPUR_SADAR",
                                            "id": "cd07db73-b66e-456a-825f-81fc08cf337a",
                                            "state": {
                                                "id": "f6395340-53b2-4824-8252-ef3a164b8446",
                                                "name": "MAYMENSINGH"
                                            }
                                        },
                                        {
                                            "name": "NALITABARI",
                                            "id": "37c7e577-eeb5-4df5-877f-7ccee900a891",
                                            "state": {
                                                "id": "f6395340-53b2-4824-8252-ef3a164b8446",
                                                "name": "MAYMENSINGH"
                                            }
                                        }
                                    ]
                                },
                                {
                                    "id": "f9c3c547-adb4-4e53-a2a8-70bd5b31e3d7",
                                    "name": "FARIDPUR",
                                    "upazilas": [
                                        {
                                            "name": "CHARBHADRASAN",
                                            "id": "babc9507-275e-4611-ba34-4a080f4d42a8",
                                            "state": {
                                                "id": "9c75a95b-9f42-4ca9-a152-78c492590a6f",
                                                "name": "DHAKA"
                                            }
                                        },
                                        {
                                            "name": "FARIDPUR_SADAR",
                                            "id": "5f3eccfd-b863-4ccf-8c18-ad32f99e2859",
                                            "state": {
                                                "id": "9c75a95b-9f42-4ca9-a152-78c492590a6f",
                                                "name": "DHAKA"
                                            }
                                        },
                                        {
                                            "name": "ALFADANGA",
                                            "id": "259fd208-67c5-42b8-b98a-aa4a39290da5",
                                            "state": {
                                                "id": "9c75a95b-9f42-4ca9-a152-78c492590a6f",
                                                "name": "DHAKA"
                                            }
                                        },
                                        {
                                            "name": "Faridpur Sadar",
                                            "id": "99ac95fe-a484-448c-b9d8-5c9200b273e3",
                                            "state": {
                                                "id": "9c75a95b-9f42-4ca9-a152-78c492590a6f",
                                                "name": "DHAKA"
                                            }
                                        },
                                        {
                                            "name": "SADARPUR",
                                            "id": "f518eb87-fa45-438b-ac13-2415f3faea91",
                                            "state": {
                                                "id": "9c75a95b-9f42-4ca9-a152-78c492590a6f",
                                                "name": "DHAKA"
                                            }
                                        },
                                        {
                                            "name": "BHANGA",
                                            "id": "ed2d07c1-11c0-4f41-b499-fde54429851f",
                                            "state": {
                                                "id": "9c75a95b-9f42-4ca9-a152-78c492590a6f",
                                                "name": "DHAKA"
                                            }
                                        },
                                        {
                                            "name": "MADHUKHALI",
                                            "id": "6b341b59-641e-4db0-8dc0-2ce74ae664e9",
                                            "state": {
                                                "id": "9c75a95b-9f42-4ca9-a152-78c492590a6f",
                                                "name": "DHAKA"
                                            }
                                        },
                                        {
                                            "name": "NAGARKANDA",
                                            "id": "4d6dd97f-3b4c-4d48-8502-2f6e2c7c9274",
                                            "state": {
                                                "id": "9c75a95b-9f42-4ca9-a152-78c492590a6f",
                                                "name": "DHAKA"
                                            }
                                        },
                                        {
                                            "name": "BOALMARI",
                                            "id": "953e90ab-0015-4e6e-aa42-3d139c026a5d",
                                            "state": {
                                                "id": "9c75a95b-9f42-4ca9-a152-78c492590a6f",
                                                "name": "DHAKA"
                                            }
                                        },
                                        {
                                            "name": "SHALTHA",
                                            "id": "b67e6c94-f523-4359-a2a8-335a8d8dd43c",
                                            "state": {
                                                "id": "9c75a95b-9f42-4ca9-a152-78c492590a6f",
                                                "name": "DHAKA"
                                            }
                                        }
                                    ]
                                },
                                {
                                    "id": "8fdce543-067c-4c21-8ed2-f19c3fdf215b",
                                    "name": "NILPHAMARI",
                                    "upazilas": [
                                        {
                                            "name": "NILPHAMARI_SADAR",
                                            "id": "23cf2816-4cb3-4159-bb93-52a3fd781c00",
                                            "state": {
                                                "id": "b8c19906-b4fc-4745-ac93-af957934136b",
                                                "name": "RANGPUR"
                                            }
                                        },
                                        {
                                            "name": "JALDHAKA",
                                            "id": "623722ab-fa63-40cb-87d2-30f7b9f0b66b",
                                            "state": {
                                                "id": "b8c19906-b4fc-4745-ac93-af957934136b",
                                                "name": "RANGPUR"
                                            }
                                        },
                                        {
                                            "name": "DOMAR",
                                            "id": "a776cc51-7370-493a-a772-ccd1b0b20855",
                                            "state": {
                                                "id": "b8c19906-b4fc-4745-ac93-af957934136b",
                                                "name": "RANGPUR"
                                            }
                                        },
                                        {
                                            "name": "KISHOREGANJ",
                                            "id": "1deadcdb-a5f3-475b-95be-108a1046f978",
                                            "state": {
                                                "id": "b8c19906-b4fc-4745-ac93-af957934136b",
                                                "name": "RANGPUR"
                                            }
                                        },
                                        {
                                            "name": "SAIDPUR",
                                            "id": "a232edd2-b19a-4344-8c76-4ebd7090457a",
                                            "state": {
                                                "id": "b8c19906-b4fc-4745-ac93-af957934136b",
                                                "name": "RANGPUR"
                                            }
                                        },
                                        {
                                            "name": "DIMLA",
                                            "id": "1c92cece-1653-45ac-a086-24e8d852b562",
                                            "state": {
                                                "id": "b8c19906-b4fc-4745-ac93-af957934136b",
                                                "name": "RANGPUR"
                                            }
                                        }
                                    ]
                                },
                                {
                                    "id": "739583dc-519d-49b0-9582-d798a027ca79",
                                    "name": "COX'S BAZAR",
                                    "upazilas": [
                                        {
                                            "name": "COXS BAZAR SADAR",
                                            "id": "38c08333-395d-4aa8-86c0-8caea9a52c76",
                                            "state": {
                                                "id": "d4e8944a-6e8f-4d6e-a313-2228cfe9a567",
                                                "name": "CHITTAGONG"
                                            }
                                        },
                                        {
                                            "name": "TEKNAF",
                                            "id": "d41283c5-bca6-405f-8acf-e68e68e73308",
                                            "state": {
                                                "id": "d4e8944a-6e8f-4d6e-a313-2228cfe9a567",
                                                "name": "CHITTAGONG"
                                            }
                                        },
                                        {
                                            "name": "CHAKARIA",
                                            "id": "7a82b092-c530-4b72-985a-6e7c61a4f69f",
                                            "state": {
                                                "id": "d4e8944a-6e8f-4d6e-a313-2228cfe9a567",
                                                "name": "CHITTAGONG"
                                            }
                                        },
                                        {
                                            "name": "RAMU",
                                            "id": "529c05f5-dbc9-4442-9600-6debc27754d3",
                                            "state": {
                                                "id": "d4e8944a-6e8f-4d6e-a313-2228cfe9a567",
                                                "name": "CHITTAGONG"
                                            }
                                        },
                                        {
                                            "name": "EIDGAON",
                                            "id": "56f91627-c045-4618-b933-805104e9ed1f",
                                            "state": {
                                                "id": "d4e8944a-6e8f-4d6e-a313-2228cfe9a567",
                                                "name": "CHITTAGONG"
                                            }
                                        },
                                        {
                                            "name": "UKHIA",
                                            "id": "66dc64de-4a0b-4c4a-a6c8-80b63c9a3c75",
                                            "state": {
                                                "id": "d4e8944a-6e8f-4d6e-a313-2228cfe9a567",
                                                "name": "CHITTAGONG"
                                            }
                                        },
                                        {
                                            "name": "PEKUA",
                                            "id": "d01cb26d-4cfe-4017-a7c2-e9fdc0d8e2df",
                                            "state": {
                                                "id": "d4e8944a-6e8f-4d6e-a313-2228cfe9a567",
                                                "name": "CHITTAGONG"
                                            }
                                        },
                                        {
                                            "name": "MAHESHKHALI",
                                            "id": "c2ebc5a8-aaf2-4b98-a059-8beb05b34bdd",
                                            "state": {
                                                "id": "d4e8944a-6e8f-4d6e-a313-2228cfe9a567",
                                                "name": "CHITTAGONG"
                                            }
                                        },
                                        {
                                            "name": "KUTUBDIA",
                                            "id": "8f731bf7-fbb2-4b70-9e47-6d3d0d415d5d",
                                            "state": {
                                                "id": "d4e8944a-6e8f-4d6e-a313-2228cfe9a567",
                                                "name": "CHITTAGONG"
                                            }
                                        }
                                    ]
                                },
                                {
                                    "id": "2e26f8c1-97a7-44fc-9090-22af4de4ac9e",
                                    "name": "DHAKA",
                                    "upazilas": [
                                        {
                                            "name": "KERANIGANJ",
                                            "id": "37fa6ec5-6a13-4a35-b5c6-674b507edc01",
                                            "state": {
                                                "id": "9c75a95b-9f42-4ca9-a152-78c492590a6f",
                                                "name": "DHAKA"
                                            }
                                        },
                                        {
                                            "name": "DHAMRAI",
                                            "id": "9f2f6c8f-663f-4416-a1a7-1c59abb3852a",
                                            "state": {
                                                "id": "9c75a95b-9f42-4ca9-a152-78c492590a6f",
                                                "name": "DHAKA"
                                            }
                                        },
                                        {
                                            "name": "SAVAR",
                                            "id": "1a6db9e6-f058-4a33-a404-f7825a11a530",
                                            "state": {
                                                "id": "9c75a95b-9f42-4ca9-a152-78c492590a6f",
                                                "name": "DHAKA"
                                            }
                                        },
                                        {
                                            "name": "DOHAR",
                                            "id": "eaad1c5c-5972-4dd5-a18c-734fbadb8864",
                                            "state": {
                                                "id": "9c75a95b-9f42-4ca9-a152-78c492590a6f",
                                                "name": "DHAKA"
                                            }
                                        }
                                    ]
                                },
                                {
                                    "id": "f25de2cd-5ed8-44a8-9ae0-7d65c232f423",
                                    "name": "JAMALPUR",
                                    "upazilas": [
                                        {
                                            "name": "MELANDAHA",
                                            "id": "e5a81703-97d0-479b-a4fd-22a3a602697f",
                                            "state": {
                                                "id": "f6395340-53b2-4824-8252-ef3a164b8446",
                                                "name": "MAYMENSINGH"
                                            }
                                        },
                                        {
                                            "name": "NARUNDI POLICE I.C",
                                            "id": "c7710b29-c844-4892-9108-d73148cda29c",
                                            "state": {
                                                "id": "f6395340-53b2-4824-8252-ef3a164b8446",
                                                "name": "MAYMENSINGH"
                                            }
                                        },
                                        {
                                            "name": "ISLAMPUR",
                                            "id": "aedbc063-13ca-4e20-8357-eb22e8936000",
                                            "state": {
                                                "id": "f6395340-53b2-4824-8252-ef3a164b8446",
                                                "name": "MAYMENSINGH"
                                            }
                                        },
                                        {
                                            "name": "DEWANGANJ",
                                            "id": "1cc6d50f-87e6-4dd4-8a6e-9490a827621b",
                                            "state": {
                                                "id": "f6395340-53b2-4824-8252-ef3a164b8446",
                                                "name": "MAYMENSINGH"
                                            }
                                        },
                                        {
                                            "name": "JAMALPUR_SADAR",
                                            "id": "084e0df5-fe78-46ce-a473-939b9333bf40",
                                            "state": {
                                                "id": "f6395340-53b2-4824-8252-ef3a164b8446",
                                                "name": "MAYMENSINGH"
                                            }
                                        },
                                        {
                                            "name": "MADARGANJ",
                                            "id": "4782f9bd-aede-453f-8c96-7e2e10e8255b",
                                            "state": {
                                                "id": "f6395340-53b2-4824-8252-ef3a164b8446",
                                                "name": "MAYMENSINGH"
                                            }
                                        },
                                        {
                                            "name": "BAKSIGANJ",
                                            "id": "209bc080-4acc-4ac4-a88c-0ebc92355a2c",
                                            "state": {
                                                "id": "f6395340-53b2-4824-8252-ef3a164b8446",
                                                "name": "MAYMENSINGH"
                                            }
                                        },
                                        {
                                            "name": "SARISHABARI",
                                            "id": "c9d83f61-fe43-402a-9e0b-7f4df5cbe0e2",
                                            "state": {
                                                "id": "f6395340-53b2-4824-8252-ef3a164b8446",
                                                "name": "MAYMENSINGH"
                                            }
                                        }
                                    ]
                                },
                                {
                                    "id": "468da8cf-58f1-426f-ae73-d9554f7f71f6",
                                    "name": "NOAKHALI",
                                    "upazilas": [
                                        {
                                            "name": "COMPANYGANJ",
                                            "id": "87c2d2fe-377e-4bb3-aa56-93c5eb46ce99",
                                            "state": {
                                                "id": "d4e8944a-6e8f-4d6e-a313-2228cfe9a567",
                                                "name": "CHITTAGONG"
                                            }
                                        },
                                        {
                                            "name": "KOBIRHAT",
                                            "id": "edd18fb6-2dba-492a-bc59-f118923cfb9d",
                                            "state": {
                                                "id": "d4e8944a-6e8f-4d6e-a313-2228cfe9a567",
                                                "name": "CHITTAGONG"
                                            }
                                        },
                                        {
                                            "name": "BEGUMGANJ",
                                            "id": "fa8e1bdd-241d-484c-b5d8-82d5ee981528",
                                            "state": {
                                                "id": "d4e8944a-6e8f-4d6e-a313-2228cfe9a567",
                                                "name": "CHITTAGONG"
                                            }
                                        },
                                        {
                                            "name": "SUBORNO CHAR",
                                            "id": "e4fdab05-6c34-4af4-9a3c-9dd46abf24b1",
                                            "state": {
                                                "id": "d4e8944a-6e8f-4d6e-a313-2228cfe9a567",
                                                "name": "CHITTAGONG"
                                            }
                                        },
                                        {
                                            "name": "HATIA",
                                            "id": "8a144eff-edd1-4e0f-a6a8-70e1d8a19393",
                                            "state": {
                                                "id": "d4e8944a-6e8f-4d6e-a313-2228cfe9a567",
                                                "name": "CHITTAGONG"
                                            }
                                        },
                                        {
                                            "name": "SONAIMURI",
                                            "id": "ac50ed77-f382-46a1-a3d0-f0ad7d4788ac",
                                            "state": {
                                                "id": "d4e8944a-6e8f-4d6e-a313-2228cfe9a567",
                                                "name": "CHITTAGONG"
                                            }
                                        },
                                        {
                                            "name": "SHENBAG",
                                            "id": "e8164a0d-375a-4012-a790-694387014d4b",
                                            "state": {
                                                "id": "d4e8944a-6e8f-4d6e-a313-2228cfe9a567",
                                                "name": "CHITTAGONG"
                                            }
                                        },
                                        {
                                            "name": "CHATKHIL",
                                            "id": "59588ff2-33b7-4cd3-8e7e-fb302e9220c9",
                                            "state": {
                                                "id": "d4e8944a-6e8f-4d6e-a313-2228cfe9a567",
                                                "name": "CHITTAGONG"
                                            }
                                        },
                                        {
                                            "name": "NOAKHALI_SADAR",
                                            "id": "cb154cac-8111-4360-950e-daf4c472cbdf",
                                            "state": {
                                                "id": "d4e8944a-6e8f-4d6e-a313-2228cfe9a567",
                                                "name": "CHITTAGONG"
                                            }
                                        }
                                    ]
                                },
                                {
                                    "id": "54d0ae5a-d1d3-4212-a0df-9af09ff11378",
                                    "name": "CHATTOGRAM",
                                    "upazilas": [
                                        {
                                            "name": "BANSHKHALI",
                                            "id": "5ddabeca-76c8-4c6a-83e2-0c9cc8ad08d8",
                                            "state": {
                                                "id": "d4e8944a-6e8f-4d6e-a313-2228cfe9a567",
                                                "name": "CHITTAGONG"
                                            }
                                        },
                                        {
                                            "name": "FATIKCHHARI",
                                            "id": "711efd46-765f-4eda-a5a6-6199af270f52",
                                            "state": {
                                                "id": "d4e8944a-6e8f-4d6e-a313-2228cfe9a567",
                                                "name": "CHITTAGONG"
                                            }
                                        },
                                        {
                                            "name": "CHANDANAISH",
                                            "id": "f4bda4c9-417b-4cb2-8cdf-e79e95eede46",
                                            "state": {
                                                "id": "d4e8944a-6e8f-4d6e-a313-2228cfe9a567",
                                                "name": "CHITTAGONG"
                                            }
                                        },
                                        {
                                            "name": "SATKANIA",
                                            "id": "e6761574-7af1-405b-ab56-a967edf628f9",
                                            "state": {
                                                "id": "d4e8944a-6e8f-4d6e-a313-2228cfe9a567",
                                                "name": "CHITTAGONG"
                                            }
                                        },
                                        {
                                            "name": "SANDWIP",
                                            "id": "fa949a73-22a2-461a-b287-aac4effba9c6",
                                            "state": {
                                                "id": "d4e8944a-6e8f-4d6e-a313-2228cfe9a567",
                                                "name": "CHITTAGONG"
                                            }
                                        },
                                        {
                                            "name": "PATIYA",
                                            "id": "e6b414c2-9a47-4f78-bab7-c8c3859e24e1",
                                            "state": {
                                                "id": "d4e8944a-6e8f-4d6e-a313-2228cfe9a567",
                                                "name": "CHITTAGONG"
                                            }
                                        },
                                        {
                                            "name": "LOHAGARA",
                                            "id": "e78211f4-9d77-4e85-82e3-ec7fb12b64ce",
                                            "state": {
                                                "id": "d4e8944a-6e8f-4d6e-a313-2228cfe9a567",
                                                "name": "CHITTAGONG"
                                            }
                                        },
                                        {
                                            "name": "BOALKHALI",
                                            "id": "c414a0ec-ffab-45ea-bb72-bb1890086b90",
                                            "state": {
                                                "id": "d4e8944a-6e8f-4d6e-a313-2228cfe9a567",
                                                "name": "CHITTAGONG"
                                            }
                                        },
                                        {
                                            "name": "ANWARA",
                                            "id": "a0723800-077f-437f-9d36-9f745cb0b31e",
                                            "state": {
                                                "id": "d4e8944a-6e8f-4d6e-a313-2228cfe9a567",
                                                "name": "CHITTAGONG"
                                            }
                                        },
                                        {
                                            "name": "RAOZAN",
                                            "id": "95fb0054-aa7f-400c-b645-f0d90cb2a833",
                                            "state": {
                                                "id": "d4e8944a-6e8f-4d6e-a313-2228cfe9a567",
                                                "name": "CHITTAGONG"
                                            }
                                        },
                                        {
                                            "name": "MIRSHARAI",
                                            "id": "fe518ddf-6a83-4694-a2a6-ddeec0b93c18",
                                            "state": {
                                                "id": "d4e8944a-6e8f-4d6e-a313-2228cfe9a567",
                                                "name": "CHITTAGONG"
                                            }
                                        },
                                        {
                                            "name": "RANGUNIA",
                                            "id": "9c3e5edc-e95e-4671-89d4-974e7a31342e",
                                            "state": {
                                                "id": "d4e8944a-6e8f-4d6e-a313-2228cfe9a567",
                                                "name": "CHITTAGONG"
                                            }
                                        },
                                        {
                                            "name": "HATHAZARI",
                                            "id": "bda87d19-77d0-4c25-bca1-a911f4331afd",
                                            "state": {
                                                "id": "d4e8944a-6e8f-4d6e-a313-2228cfe9a567",
                                                "name": "CHITTAGONG"
                                            }
                                        },
                                        {
                                            "name": "SITAKUNDA",
                                            "id": "6fae4e24-7c93-493f-91f0-5fa877a326f4",
                                            "state": {
                                                "id": "d4e8944a-6e8f-4d6e-a313-2228cfe9a567",
                                                "name": "CHITTAGONG"
                                            }
                                        }
                                    ]
                                },
                                {
                                    "id": "66a27ec2-f335-413d-b228-4a4df8fa4eea",
                                    "name": "BHOLA",
                                    "upazilas": [
                                        {
                                            "name": "BHOLA_SADAR",
                                            "id": "3cbaa092-c96b-4845-a314-b9cdc02d61fd",
                                            "state": {
                                                "id": "5cbbb439-96e7-4f60-bf2f-abddd0d03e7e",
                                                "name": "BARISAL"
                                            }
                                        },
                                        {
                                            "name": "MANPURA",
                                            "id": "3220264c-e0d8-41c3-9b69-55cdd4aea21e",
                                            "state": {
                                                "id": "5cbbb439-96e7-4f60-bf2f-abddd0d03e7e",
                                                "name": "BARISAL"
                                            }
                                        },
                                        {
                                            "name": "BURHANUDDIN",
                                            "id": "692e6a01-748c-4451-8d67-e0f404c69572",
                                            "state": {
                                                "id": "5cbbb439-96e7-4f60-bf2f-abddd0d03e7e",
                                                "name": "BARISAL"
                                            }
                                        },
                                        {
                                            "name": "CHAR FASSON",
                                            "id": "9f23a216-4a71-48ef-8c7e-e20f01a67e4a",
                                            "state": {
                                                "id": "5cbbb439-96e7-4f60-bf2f-abddd0d03e7e",
                                                "name": "BARISAL"
                                            }
                                        },
                                        {
                                            "name": "DAULATKHAN",
                                            "id": "16ea4a9e-60b8-4eed-a011-d3d52d5a646d",
                                            "state": {
                                                "id": "5cbbb439-96e7-4f60-bf2f-abddd0d03e7e",
                                                "name": "BARISAL"
                                            }
                                        },
                                        {
                                            "name": "LALMOHAN",
                                            "id": "634c328d-d819-4c09-a1b4-ebe643071f5e",
                                            "state": {
                                                "id": "5cbbb439-96e7-4f60-bf2f-abddd0d03e7e",
                                                "name": "BARISAL"
                                            }
                                        },
                                        {
                                            "name": "TAZUMUDDIN",
                                            "id": "303c6383-711c-4c09-ba87-f261320d697e",
                                            "state": {
                                                "id": "5cbbb439-96e7-4f60-bf2f-abddd0d03e7e",
                                                "name": "BARISAL"
                                            }
                                        }
                                    ]
                                },
                                {
                                    "id": "00358d0a-f4c2-4374-908b-b37dac235fc0",
                                    "name": "JHENAIDAH",
                                    "upazilas": [
                                        {
                                            "name": "JHENAIDAH_SADAR",
                                            "id": "b730ac9a-c96e-4e9c-8583-dda0a4b61f9b",
                                            "state": {
                                                "id": "642a6748-942f-473d-96c6-a6c1b2e00e05",
                                                "name": "KHULNA"
                                            }
                                        },
                                        {
                                            "name": "SHAILKUPA",
                                            "id": "9216f983-c056-40f1-a143-463a2e4a2e84",
                                            "state": {
                                                "id": "642a6748-942f-473d-96c6-a6c1b2e00e05",
                                                "name": "KHULNA"
                                            }
                                        },
                                        {
                                            "name": "KOTCHANDPUR",
                                            "id": "7d743b39-a4ef-499b-b1eb-ccc7c9c1df81",
                                            "state": {
                                                "id": "642a6748-942f-473d-96c6-a6c1b2e00e05",
                                                "name": "KHULNA"
                                            }
                                        },
                                        {
                                            "name": "MAHESHPUR",
                                            "id": "9f3f6256-e1a0-457a-bf19-21fd5ccf253f",
                                            "state": {
                                                "id": "642a6748-942f-473d-96c6-a6c1b2e00e05",
                                                "name": "KHULNA"
                                            }
                                        },
                                        {
                                            "name": "HARINAKUNDA",
                                            "id": "8e2f9be1-24a7-48f6-9772-60c671fd5b2e",
                                            "state": {
                                                "id": "642a6748-942f-473d-96c6-a6c1b2e00e05",
                                                "name": "KHULNA"
                                            }
                                        }
                                    ]
                                },
                                {
                                    "id": "7a79fbbb-0414-4c68-ba03-a7d86e0f77ce",
                                    "name": "PABNA",
                                    "upazilas": [
                                        {
                                            "name": "BERA",
                                            "id": "9e859765-d526-4191-bab6-bf8d5a17317b",
                                            "state": {
                                                "id": "d68c68d2-108e-4635-93d1-28c44525f178",
                                                "name": "RAJSHAHI"
                                            }
                                        },
                                        {
                                            "name": "SUJANAGAR",
                                            "id": "a1b3c50a-d7af-4d16-a72d-4bdb5d0647b4",
                                            "state": {
                                                "id": "d68c68d2-108e-4635-93d1-28c44525f178",
                                                "name": "RAJSHAHI"
                                            }
                                        },
                                        {
                                            "name": "ATGHARIA",
                                            "id": "1faaac6e-d6b6-4852-9538-5c85438e47a5",
                                            "state": {
                                                "id": "d68c68d2-108e-4635-93d1-28c44525f178",
                                                "name": "RAJSHAHI"
                                            }
                                        },
                                        {
                                            "name": "SANTHIA",
                                            "id": "89ee778e-f765-4f8b-96d2-e00a6948199f",
                                            "state": {
                                                "id": "d68c68d2-108e-4635-93d1-28c44525f178",
                                                "name": "RAJSHAHI"
                                            }
                                        },
                                        {
                                            "name": "FARIDPUR",
                                            "id": "f9e13f42-2b4c-4af1-ae0b-186ee9fed178",
                                            "state": {
                                                "id": "d68c68d2-108e-4635-93d1-28c44525f178",
                                                "name": "RAJSHAHI"
                                            }
                                        },
                                        {
                                            "name": "BHANGURA",
                                            "id": "ce5f60e3-36ca-47e2-ac30-fea8af549985",
                                            "state": {
                                                "id": "d68c68d2-108e-4635-93d1-28c44525f178",
                                                "name": "RAJSHAHI"
                                            }
                                        },
                                        {
                                            "name": "CHATMOHAR",
                                            "id": "ee68ea82-2a16-46d4-a111-8d6a717363e3",
                                            "state": {
                                                "id": "d68c68d2-108e-4635-93d1-28c44525f178",
                                                "name": "RAJSHAHI"
                                            }
                                        },
                                        {
                                            "name": "ISHWARDI",
                                            "id": "e6f6b813-2ef3-429a-8dc6-3664b2d7af18",
                                            "state": {
                                                "id": "d68c68d2-108e-4635-93d1-28c44525f178",
                                                "name": "RAJSHAHI"
                                            }
                                        },
                                        {
                                            "name": "PABNA_SADAR",
                                            "id": "9a08add3-9997-4def-8a7e-2d4c47b78e1a",
                                            "state": {
                                                "id": "d68c68d2-108e-4635-93d1-28c44525f178",
                                                "name": "RAJSHAHI"
                                            }
                                        }
                                    ]
                                },
                                {
                                    "id": "c8c07a38-023f-4177-a946-7ea85bc5e62f",
                                    "name": "KISHOREGANJ",
                                    "upazilas": [
                                        {
                                            "name": "ASTAGRAM",
                                            "id": "8af0a33e-ec3f-4819-9c9a-d2e7b407340b",
                                            "state": {
                                                "id": "9c75a95b-9f42-4ca9-a152-78c492590a6f",
                                                "name": "DHAKA"
                                            }
                                        },
                                        {
                                            "name": "KATIADI",
                                            "id": "e14e5e25-3f0a-47a6-a16d-fe2023ec0a0e",
                                            "state": {
                                                "id": "9c75a95b-9f42-4ca9-a152-78c492590a6f",
                                                "name": "DHAKA"
                                            }
                                        },
                                        {
                                            "name": "MITHAMAIN",
                                            "id": "baa02b29-ad36-4df1-b296-07c71e4dabff",
                                            "state": {
                                                "id": "9c75a95b-9f42-4ca9-a152-78c492590a6f",
                                                "name": "DHAKA"
                                            }
                                        },
                                        {
                                            "name": "NIKLI",
                                            "id": "6f94a91b-a7e0-4690-83f4-82181b04c922",
                                            "state": {
                                                "id": "9c75a95b-9f42-4ca9-a152-78c492590a6f",
                                                "name": "DHAKA"
                                            }
                                        },
                                        {
                                            "name": "PAKUNDIA",
                                            "id": "3a4de8ba-819b-4935-843c-a3f1b5f6c421",
                                            "state": {
                                                "id": "9c75a95b-9f42-4ca9-a152-78c492590a6f",
                                                "name": "DHAKA"
                                            }
                                        },
                                        {
                                            "name": "KARIMGANJ",
                                            "id": "603092ee-3099-4b52-8b05-a76998c55ac0",
                                            "state": {
                                                "id": "9c75a95b-9f42-4ca9-a152-78c492590a6f",
                                                "name": "DHAKA"
                                            }
                                        },
                                        {
                                            "name": "KULIARCHAR",
                                            "id": "ba05daa9-21a2-4c7f-8a6f-4eca370e67c9",
                                            "state": {
                                                "id": "9c75a95b-9f42-4ca9-a152-78c492590a6f",
                                                "name": "DHAKA"
                                            }
                                        },
                                        {
                                            "name": "HOSSAINPUR",
                                            "id": "35ee81bc-c606-4f50-8c62-be135699f164",
                                            "state": {
                                                "id": "9c75a95b-9f42-4ca9-a152-78c492590a6f",
                                                "name": "DHAKA"
                                            }
                                        },
                                        {
                                            "name": "ITNA",
                                            "id": "64a6f7b6-ae00-48d7-91ff-d1afdd013728",
                                            "state": {
                                                "id": "9c75a95b-9f42-4ca9-a152-78c492590a6f",
                                                "name": "DHAKA"
                                            }
                                        },
                                        {
                                            "name": "BHAIRAB",
                                            "id": "f76de4f1-4367-46b4-ae35-25b31e161eaa",
                                            "state": {
                                                "id": "9c75a95b-9f42-4ca9-a152-78c492590a6f",
                                                "name": "DHAKA"
                                            }
                                        },
                                        {
                                            "name": "KISHOREGANJ_SADAR",
                                            "id": "f71d8ef1-88f4-4648-a927-1999cbec41e7",
                                            "state": {
                                                "id": "9c75a95b-9f42-4ca9-a152-78c492590a6f",
                                                "name": "DHAKA"
                                            }
                                        },
                                        {
                                            "name": "TARAIL",
                                            "id": "f5f8b58c-3d89-4a8f-8533-d689e34cbed3",
                                            "state": {
                                                "id": "9c75a95b-9f42-4ca9-a152-78c492590a6f",
                                                "name": "DHAKA"
                                            }
                                        },
                                        {
                                            "name": "BAJITPUR",
                                            "id": "d0a74c06-98ae-486a-9e67-fc5674c75288",
                                            "state": {
                                                "id": "9c75a95b-9f42-4ca9-a152-78c492590a6f",
                                                "name": "DHAKA"
                                            }
                                        }
                                    ]
                                },
                                {
                                    "id": "db758e15-588a-4c28-bae2-15069f2ce0f8",
                                    "name": "GOPALGANJ",
                                    "upazilas": [
                                        {
                                            "name": "KOTALIPARA",
                                            "id": "1729714e-61c8-4c5c-b062-7336efc80f74",
                                            "state": {
                                                "id": "9c75a95b-9f42-4ca9-a152-78c492590a6f",
                                                "name": "DHAKA"
                                            }
                                        },
                                        {
                                            "name": "MUKSUDPUR",
                                            "id": "52e46038-ba96-4a5c-96b5-1017b4eb6626",
                                            "state": {
                                                "id": "9c75a95b-9f42-4ca9-a152-78c492590a6f",
                                                "name": "DHAKA"
                                            }
                                        },
                                        {
                                            "name": "KASHIANI",
                                            "id": "9ea8f46d-358f-496e-b244-c3daf64e75c3",
                                            "state": {
                                                "id": "9c75a95b-9f42-4ca9-a152-78c492590a6f",
                                                "name": "DHAKA"
                                            }
                                        },
                                        {
                                            "name": "GOPALGANJ_SADAR",
                                            "id": "2ad2bc1d-038e-4d77-8754-a4eaa1ee4aa2",
                                            "state": {
                                                "id": "9c75a95b-9f42-4ca9-a152-78c492590a6f",
                                                "name": "DHAKA"
                                            }
                                        },
                                        {
                                            "name": "TUNGIPARA",
                                            "id": "18618e91-ce26-4c99-a7d1-a88be829a48b",
                                            "state": {
                                                "id": "9c75a95b-9f42-4ca9-a152-78c492590a6f",
                                                "name": "DHAKA"
                                            }
                                        }
                                    ]
                                },
                                {
                                    "id": "d1502152-1a34-423b-9811-576ccb88a3ea",
                                    "name": "KHULNA",
                                    "upazilas": [
                                        {
                                            "name": "BATIAGHATA",
                                            "id": "df3aa4c1-bfc8-4d9b-ade6-7c9dcc05e43b",
                                            "state": {
                                                "id": "642a6748-942f-473d-96c6-a6c1b2e00e05",
                                                "name": "KHULNA"
                                            }
                                        },
                                        {
                                            "name": "DACOPE",
                                            "id": "0510005c-3839-4f55-a93c-8147fa5657c3",
                                            "state": {
                                                "id": "642a6748-942f-473d-96c6-a6c1b2e00e05",
                                                "name": "KHULNA"
                                            }
                                        },
                                        {
                                            "name": "PAIKGACHHA",
                                            "id": "6dedbbd8-ad85-419e-a6f3-3b7b110beeef",
                                            "state": {
                                                "id": "642a6748-942f-473d-96c6-a6c1b2e00e05",
                                                "name": "KHULNA"
                                            }
                                        },
                                        {
                                            "name": "DIGHALIA",
                                            "id": "01a498b4-e2b8-4196-b1a8-37c83dd96d40",
                                            "state": {
                                                "id": "642a6748-942f-473d-96c6-a6c1b2e00e05",
                                                "name": "KHULNA"
                                            }
                                        },
                                        {
                                            "name": "TEROKHADA",
                                            "id": "78368a85-2301-4b61-b08c-bda0a7f2989d",
                                            "state": {
                                                "id": "642a6748-942f-473d-96c6-a6c1b2e00e05",
                                                "name": "KHULNA"
                                            }
                                        },
                                        {
                                            "name": "PHULTALA",
                                            "id": "de1c9dd2-c46c-4eb3-ae0d-ee1cbd77bfea",
                                            "state": {
                                                "id": "642a6748-942f-473d-96c6-a6c1b2e00e05",
                                                "name": "KHULNA"
                                            }
                                        },
                                        {
                                            "name": "DUMURIA",
                                            "id": "37c742e6-7aac-4034-8ed6-f0e58d0ad522",
                                            "state": {
                                                "id": "642a6748-942f-473d-96c6-a6c1b2e00e05",
                                                "name": "KHULNA"
                                            }
                                        },
                                        {
                                            "name": "KOYRA",
                                            "id": "4e5d83f1-3445-4445-a497-72dd54840c08",
                                            "state": {
                                                "id": "642a6748-942f-473d-96c6-a6c1b2e00e05",
                                                "name": "KHULNA"
                                            }
                                        },
                                        {
                                            "name": "RUPSA",
                                            "id": "0a761827-088c-4d43-a4d2-5904df789dcb",
                                            "state": {
                                                "id": "642a6748-942f-473d-96c6-a6c1b2e00e05",
                                                "name": "KHULNA"
                                            }
                                        }
                                    ]
                                },
                                {
                                    "id": "053cccf1-2ff4-4935-9b97-a7d73d2f29e2",
                                    "name": "NAOGAON",
                                    "upazilas": [
                                        {
                                            "name": "ATRAI",
                                            "id": "ca19d552-2c0f-4c03-99b5-9c84660083a9",
                                            "state": {
                                                "id": "d68c68d2-108e-4635-93d1-28c44525f178",
                                                "name": "RAJSHAHI"
                                            }
                                        },
                                        {
                                            "name": "RANINAGAR",
                                            "id": "bfcd8825-c7fa-4a19-8d0d-f097ba900ea6",
                                            "state": {
                                                "id": "d68c68d2-108e-4635-93d1-28c44525f178",
                                                "name": "RAJSHAHI"
                                            }
                                        },
                                        {
                                            "name": "DHAMOIRHAT",
                                            "id": "fdf566cf-11b6-4c01-ae47-c6c779feb92d",
                                            "state": {
                                                "id": "d68c68d2-108e-4635-93d1-28c44525f178",
                                                "name": "RAJSHAHI"
                                            }
                                        },
                                        {
                                            "name": "PATNITALA",
                                            "id": "1ef21421-63e5-42d4-854d-4da3c572a061",
                                            "state": {
                                                "id": "d68c68d2-108e-4635-93d1-28c44525f178",
                                                "name": "RAJSHAHI"
                                            }
                                        },
                                        {
                                            "name": "NIAMATPUR",
                                            "id": "cb79ca11-a7f4-4de9-8b73-726b9f277260",
                                            "state": {
                                                "id": "d68c68d2-108e-4635-93d1-28c44525f178",
                                                "name": "RAJSHAHI"
                                            }
                                        },
                                        {
                                            "name": "MOHADEVPUR",
                                            "id": "87fc4733-5ba9-4492-a4a3-477e1bbf4965",
                                            "state": {
                                                "id": "d68c68d2-108e-4635-93d1-28c44525f178",
                                                "name": "RAJSHAHI"
                                            }
                                        },
                                        {
                                            "name": "MANDA",
                                            "id": "38a158ef-7fae-4cdf-a906-9bfedbf5ee8d",
                                            "state": {
                                                "id": "d68c68d2-108e-4635-93d1-28c44525f178",
                                                "name": "RAJSHAHI"
                                            }
                                        },
                                        {
                                            "name": "NAOGAON_SADAR",
                                            "id": "433415ed-7b51-415a-9826-c5a655a42e1f",
                                            "state": {
                                                "id": "d68c68d2-108e-4635-93d1-28c44525f178",
                                                "name": "RAJSHAHI"
                                            }
                                        },
                                        {
                                            "name": "PORSHA",
                                            "id": "075b5f29-ffb3-4a22-8bce-255a305320d0",
                                            "state": {
                                                "id": "d68c68d2-108e-4635-93d1-28c44525f178",
                                                "name": "RAJSHAHI"
                                            }
                                        },
                                        {
                                            "name": "BADALGACHHI",
                                            "id": "5a52e1a2-7603-410d-b929-f07424bd3818",
                                            "state": {
                                                "id": "d68c68d2-108e-4635-93d1-28c44525f178",
                                                "name": "RAJSHAHI"
                                            }
                                        },
                                        {
                                            "name": "SAPAHAR",
                                            "id": "f24efbcc-3048-42d4-b2de-3cd80570f107",
                                            "state": {
                                                "id": "d68c68d2-108e-4635-93d1-28c44525f178",
                                                "name": "RAJSHAHI"
                                            }
                                        }
                                    ]
                                },
                                {
                                    "id": "3841e03e-b526-4568-b373-6fb874ae2dd2",
                                    "name": "NARAIL",
                                    "upazilas": [
                                        {
                                            "name": "NARAIL-S UPAZILLA",
                                            "id": "58236735-155d-45f5-81c6-d2528a3327e9",
                                            "state": {
                                                "id": "642a6748-942f-473d-96c6-a6c1b2e00e05",
                                                "name": "KHULNA"
                                            }
                                        },
                                        {
                                            "name": "LOHAGARA UPAZILLA",
                                            "id": "3a7dc21f-8d9e-4db5-83ad-4a42791fcaa4",
                                            "state": {
                                                "id": "642a6748-942f-473d-96c6-a6c1b2e00e05",
                                                "name": "KHULNA"
                                            }
                                        },
                                        {
                                            "name": "KALIA UPAZILLA",
                                            "id": "5e60afd8-8c2b-44ea-992f-027e764fc068",
                                            "state": {
                                                "id": "642a6748-942f-473d-96c6-a6c1b2e00e05",
                                                "name": "KHULNA"
                                            }
                                        }
                                    ]
                                },
                                {
                                    "id": "ba44bb5a-c4fc-4622-9b74-0b5641780581",
                                    "name": "MYMENSINGH",
                                    "upazilas": [
                                        {
                                            "name": "FULBARIA",
                                            "id": "14786483-84f3-4ac4-af4e-6928097bd398",
                                            "state": {
                                                "id": "f6395340-53b2-4824-8252-ef3a164b8446",
                                                "name": "MAYMENSINGH"
                                            }
                                        },
                                        {
                                            "name": "MUKTAGACHHA",
                                            "id": "6112996c-f960-4f30-bd1f-867050a656cb",
                                            "state": {
                                                "id": "f6395340-53b2-4824-8252-ef3a164b8446",
                                                "name": "MAYMENSINGH"
                                            }
                                        },
                                        {
                                            "name": "GAFFARGAON",
                                            "id": "f1027b1e-4a47-4e6f-9dca-8ee4974dcee3",
                                            "state": {
                                                "id": "f6395340-53b2-4824-8252-ef3a164b8446",
                                                "name": "MAYMENSINGH"
                                            }
                                        },
                                        {
                                            "name": "GAURIPUR",
                                            "id": "89af4299-90a2-4e9e-a201-d090d4f0a26a",
                                            "state": {
                                                "id": "f6395340-53b2-4824-8252-ef3a164b8446",
                                                "name": "MAYMENSINGH"
                                            }
                                        },
                                        {
                                            "name": "NANDAIL",
                                            "id": "4a7f82e3-e7f0-4dc1-b216-475ae369c902",
                                            "state": {
                                                "id": "f6395340-53b2-4824-8252-ef3a164b8446",
                                                "name": "MAYMENSINGH"
                                            }
                                        },
                                        {
                                            "name": "PHULPUR",
                                            "id": "e7f43bd5-defe-4d78-a9ea-8394b2d85ae8",
                                            "state": {
                                                "id": "f6395340-53b2-4824-8252-ef3a164b8446",
                                                "name": "MAYMENSINGH"
                                            }
                                        },
                                        {
                                            "name": "ISHWARGANJ",
                                            "id": "343276b0-a108-4b67-aa9f-6ff2eecfa3f1",
                                            "state": {
                                                "id": "f6395340-53b2-4824-8252-ef3a164b8446",
                                                "name": "MAYMENSINGH"
                                            }
                                        },
                                        {
                                            "name": "HALUAGHAT",
                                            "id": "b3cf9a18-0480-4a79-b898-0c9558158569",
                                            "state": {
                                                "id": "f6395340-53b2-4824-8252-ef3a164b8446",
                                                "name": "MAYMENSINGH"
                                            }
                                        },
                                        {
                                            "name": "MYMENSINGH_SADAR",
                                            "id": "944d5c60-96f6-4b1b-9245-57a7d1b8f80c",
                                            "state": {
                                                "id": "f6395340-53b2-4824-8252-ef3a164b8446",
                                                "name": "MAYMENSINGH"
                                            }
                                        },
                                        {
                                            "name": "TRISHAL",
                                            "id": "b54f2e4f-fadd-4386-a7fe-e29c806df77b",
                                            "state": {
                                                "id": "f6395340-53b2-4824-8252-ef3a164b8446",
                                                "name": "MAYMENSINGH"
                                            }
                                        },
                                        {
                                            "name": "DHOBAURA",
                                            "id": "90e06f5e-7571-4ce8-a713-53b94b2b6770",
                                            "state": {
                                                "id": "f6395340-53b2-4824-8252-ef3a164b8446",
                                                "name": "MAYMENSINGH"
                                            }
                                        },
                                        {
                                            "name": "BHALUKA",
                                            "id": "34920b68-a4b6-444b-95f5-d072d29fc1eb",
                                            "state": {
                                                "id": "f6395340-53b2-4824-8252-ef3a164b8446",
                                                "name": "MAYMENSINGH"
                                            }
                                        }
                                    ]
                                },
                                {
                                    "id": "bbed7d2c-59fb-43ce-a03c-8abd7a9f8f18",
                                    "name": "NARSINGDI",
                                    "upazilas": [
                                        {
                                            "name": "SHIBPUR",
                                            "id": "189fa0e5-3fba-4bb7-a1fa-1244de4d259c",
                                            "state": {
                                                "id": "9c75a95b-9f42-4ca9-a152-78c492590a6f",
                                                "name": "DHAKA"
                                            }
                                        },
                                        {
                                            "name": "MONOHARDI",
                                            "id": "243e2783-eb7e-4284-9ad6-461870dc8937",
                                            "state": {
                                                "id": "9c75a95b-9f42-4ca9-a152-78c492590a6f",
                                                "name": "DHAKA"
                                            }
                                        },
                                        {
                                            "name": "BELABO",
                                            "id": "785efd52-cefe-46f7-9a57-3a0b9ff6e8f6",
                                            "state": {
                                                "id": "9c75a95b-9f42-4ca9-a152-78c492590a6f",
                                                "name": "DHAKA"
                                            }
                                        },
                                        {
                                            "name": "RAIPURA, NARSINGDI",
                                            "id": "62845bb0-be44-48d6-a163-908e4b35b7fb",
                                            "state": {
                                                "id": "9c75a95b-9f42-4ca9-a152-78c492590a6f",
                                                "name": "DHAKA"
                                            }
                                        },
                                        {
                                            "name": "NARSINGDI_SADAR",
                                            "id": "06b56b35-2e12-44ba-b18f-22cd4d6ecb98",
                                            "state": {
                                                "id": "9c75a95b-9f42-4ca9-a152-78c492590a6f",
                                                "name": "DHAKA"
                                            }
                                        },
                                        {
                                            "name": "PALASH",
                                            "id": "ccd33f77-057f-4819-bdf6-a7da5785e2c5",
                                            "state": {
                                                "id": "9c75a95b-9f42-4ca9-a152-78c492590a6f",
                                                "name": "DHAKA"
                                            }
                                        }
                                    ]
                                },
                                {
                                    "id": "8b99d1ec-6c05-4e8e-b708-8216c9690652",
                                    "name": "RAJBARI",
                                    "upazilas": [
                                        {
                                            "name": "KALUKHALI",
                                            "id": "ad20fd23-08a0-4422-a4ce-2d664b65fc2e",
                                            "state": {
                                                "id": "9c75a95b-9f42-4ca9-a152-78c492590a6f",
                                                "name": "DHAKA"
                                            }
                                        },
                                        {
                                            "name": "RAJBARI_SADAR",
                                            "id": "a60723aa-280a-4b8b-a4fd-b2fa0323c4c4",
                                            "state": {
                                                "id": "9c75a95b-9f42-4ca9-a152-78c492590a6f",
                                                "name": "DHAKA"
                                            }
                                        },
                                        {
                                            "name": "BALIAKANDI",
                                            "id": "a654e917-d396-4a82-9e9d-9ab7581b3c1b",
                                            "state": {
                                                "id": "9c75a95b-9f42-4ca9-a152-78c492590a6f",
                                                "name": "DHAKA"
                                            }
                                        },
                                        {
                                            "name": "GOALANDAGHAT",
                                            "id": "7de09957-126b-4fee-9833-49f637931f79",
                                            "state": {
                                                "id": "9c75a95b-9f42-4ca9-a152-78c492590a6f",
                                                "name": "DHAKA"
                                            }
                                        },
                                        {
                                            "name": "PANGSHA",
                                            "id": "532c2c8a-0a92-4c5c-9710-622eabaab454",
                                            "state": {
                                                "id": "9c75a95b-9f42-4ca9-a152-78c492590a6f",
                                                "name": "DHAKA"
                                            }
                                        }
                                    ]
                                },
                                {
                                    "id": "8a26a551-dbef-4fa9-b50c-17a7fe590b13",
                                    "name": "SIRAJGONJ",
                                    "upazilas": [
                                        {
                                            "name": "KAZIPUR",
                                            "id": "b1363ee2-d297-4f58-a353-d94bba646dd6",
                                            "state": {
                                                "id": "d68c68d2-108e-4635-93d1-28c44525f178",
                                                "name": "RAJSHAHI"
                                            }
                                        },
                                        {
                                            "name": "RAIGANJ",
                                            "id": "3b9f4a36-dc41-48ab-9261-4843e2dee251",
                                            "state": {
                                                "id": "d68c68d2-108e-4635-93d1-28c44525f178",
                                                "name": "RAJSHAHI"
                                            }
                                        },
                                        {
                                            "name": "BELKUCHI",
                                            "id": "346c0522-e283-421d-9991-d95c10faf7b8",
                                            "state": {
                                                "id": "d68c68d2-108e-4635-93d1-28c44525f178",
                                                "name": "RAJSHAHI"
                                            }
                                        },
                                        {
                                            "name": "KAMARKHANDA",
                                            "id": "0012b1ec-f07e-4956-8208-d99e74a19aa7",
                                            "state": {
                                                "id": "d68c68d2-108e-4635-93d1-28c44525f178",
                                                "name": "RAJSHAHI"
                                            }
                                        },
                                        {
                                            "name": "SIRAJGANJ_SADAR",
                                            "id": "983f7c6b-9831-4027-b0f9-0e909b74e4ab",
                                            "state": {
                                                "id": "d68c68d2-108e-4635-93d1-28c44525f178",
                                                "name": "RAJSHAHI"
                                            }
                                        },
                                        {
                                            "name": "CHAUHALI",
                                            "id": "fa6ccc95-c941-4284-8d9f-7c4624683e0c",
                                            "state": {
                                                "id": "d68c68d2-108e-4635-93d1-28c44525f178",
                                                "name": "RAJSHAHI"
                                            }
                                        },
                                        {
                                            "name": "TARASH",
                                            "id": "72d45478-f1c8-4317-a912-5f90a6033813",
                                            "state": {
                                                "id": "d68c68d2-108e-4635-93d1-28c44525f178",
                                                "name": "RAJSHAHI"
                                            }
                                        },
                                        {
                                            "name": "SHAHJADPUR",
                                            "id": "aba04480-80aa-4c49-94f5-54a5f8cec70c",
                                            "state": {
                                                "id": "d68c68d2-108e-4635-93d1-28c44525f178",
                                                "name": "RAJSHAHI"
                                            }
                                        },
                                        {
                                            "name": "ULLAHPARA",
                                            "id": "2b03ca99-77d6-4dac-8c30-72fd7820b170",
                                            "state": {
                                                "id": "d68c68d2-108e-4635-93d1-28c44525f178",
                                                "name": "RAJSHAHI"
                                            }
                                        }
                                    ]
                                },
                                {
                                    "id": "3b2a6a3c-5159-471d-abe6-9f4ebad7e6c1",
                                    "name": "MAGURA",
                                    "upazilas": [
                                        {
                                            "name": "SHALIKHA",
                                            "id": "a2705dba-cae2-4e3d-86f6-8ed9c08df535",
                                            "state": {
                                                "id": "642a6748-942f-473d-96c6-a6c1b2e00e05",
                                                "name": "KHULNA"
                                            }
                                        },
                                        {
                                            "name": "MOHAMMADPUR",
                                            "id": "53edb99e-47b4-4979-b3f5-3d80de1b7118",
                                            "state": {
                                                "id": "642a6748-942f-473d-96c6-a6c1b2e00e05",
                                                "name": "KHULNA"
                                            }
                                        },
                                        {
                                            "name": "MAGURA_SADAR",
                                            "id": "dd0bd5ac-d63d-407d-bcf5-ba24191b7cba",
                                            "state": {
                                                "id": "642a6748-942f-473d-96c6-a6c1b2e00e05",
                                                "name": "KHULNA"
                                            }
                                        },
                                        {
                                            "name": "SREEPUR",
                                            "id": "4e4122d5-c778-4303-823f-8a95b13f3f77",
                                            "state": {
                                                "id": "642a6748-942f-473d-96c6-a6c1b2e00e05",
                                                "name": "KHULNA"
                                            }
                                        }
                                    ]
                                },
                                {
                                    "id": "9dd946ca-b2e9-4369-9456-5d7c8308901c",
                                    "name": "JHALOKATI",
                                    "upazilas": [
                                        {
                                            "name": "RAJAPUR",
                                            "id": "595eceec-72ac-4b2a-a8c1-4d1a9d8c93dc",
                                            "state": {
                                                "id": "5cbbb439-96e7-4f60-bf2f-abddd0d03e7e",
                                                "name": "BARISAL"
                                            }
                                        },
                                        {
                                            "name": "NALCHITY",
                                            "id": "c16b84e6-4636-4559-9713-bbfb460be2ec",
                                            "state": {
                                                "id": "5cbbb439-96e7-4f60-bf2f-abddd0d03e7e",
                                                "name": "BARISAL"
                                            }
                                        },
                                        {
                                            "name": "JHALOKATI_SADAR",
                                            "id": "3c848ec1-c630-48f7-8327-8230e4d16846",
                                            "state": {
                                                "id": "5cbbb439-96e7-4f60-bf2f-abddd0d03e7e",
                                                "name": "BARISAL"
                                            }
                                        },
                                        {
                                            "name": "KATHALIA",
                                            "id": "98bbf847-31a1-4d55-a771-a5d045976cfe",
                                            "state": {
                                                "id": "5cbbb439-96e7-4f60-bf2f-abddd0d03e7e",
                                                "name": "BARISAL"
                                            }
                                        }
                                    ]
                                },
                                {
                                    "id": "e9431d37-c6a8-49a5-b5f5-3d8c14bc8ec7",
                                    "name": "LALMONIRHAT",
                                    "upazilas": [
                                        {
                                            "name": "KALIGANJ",
                                            "id": "40f7ed07-08b0-4244-9f65-17971aaeb6d2",
                                            "state": {
                                                "id": "b8c19906-b4fc-4745-ac93-af957934136b",
                                                "name": "RANGPUR"
                                            }
                                        },
                                        {
                                            "name": "LALMANIRHAT_SADAR",
                                            "id": "c3fdab30-b48f-484a-bcab-d8fdb8038626",
                                            "state": {
                                                "id": "b8c19906-b4fc-4745-ac93-af957934136b",
                                                "name": "RANGPUR"
                                            }
                                        },
                                        {
                                            "name": "HATIBANDHA",
                                            "id": "81a52b21-ee0e-4b30-af0e-077ef3b01cc5",
                                            "state": {
                                                "id": "b8c19906-b4fc-4745-ac93-af957934136b",
                                                "name": "RANGPUR"
                                            }
                                        },
                                        {
                                            "name": "ADITMARI",
                                            "id": "b4123b8d-af34-4c2f-8755-8c8d37c59e89",
                                            "state": {
                                                "id": "b8c19906-b4fc-4745-ac93-af957934136b",
                                                "name": "RANGPUR"
                                            }
                                        },
                                        {
                                            "name": "PATGRAM",
                                            "id": "bff9e973-cc00-4aaa-8e53-4ca5ff6dab3d",
                                            "state": {
                                                "id": "b8c19906-b4fc-4745-ac93-af957934136b",
                                                "name": "RANGPUR"
                                            }
                                        }
                                    ]
                                },
                                {
                                    "id": "3244a7d0-e432-4753-841f-cdbd7aa1f437",
                                    "name": "SHARIATPUR",
                                    "upazilas": [
                                        {
                                            "name": "NARIA",
                                            "id": "3e8850ed-a488-46ae-afa3-5b567c539ba2",
                                            "state": {
                                                "id": "9c75a95b-9f42-4ca9-a152-78c492590a6f",
                                                "name": "DHAKA"
                                            }
                                        },
                                        {
                                            "name": "BHEDARGANJ",
                                            "id": "088a2bdf-e98a-407a-9096-01143b440bf1",
                                            "state": {
                                                "id": "9c75a95b-9f42-4ca9-a152-78c492590a6f",
                                                "name": "DHAKA"
                                            }
                                        },
                                        {
                                            "name": "JAJIRA",
                                            "id": "c37722a7-f975-43ee-856b-2059735e3915",
                                            "state": {
                                                "id": "9c75a95b-9f42-4ca9-a152-78c492590a6f",
                                                "name": "DHAKA"
                                            }
                                        },
                                        {
                                            "name": "DAMUDYA",
                                            "id": "e5e20af1-f619-4df7-be4a-ee1958717815",
                                            "state": {
                                                "id": "9c75a95b-9f42-4ca9-a152-78c492590a6f",
                                                "name": "DHAKA"
                                            }
                                        },
                                        {
                                            "name": "SHARIATPUR_SADAR -PALONG",
                                            "id": "0d38ea96-e004-4fab-93d8-88216ca015ef",
                                            "state": {
                                                "id": "9c75a95b-9f42-4ca9-a152-78c492590a6f",
                                                "name": "DHAKA"
                                            }
                                        },
                                        {
                                            "name": "GOSAIRHAT",
                                            "id": "92f19d77-dcd7-4b5b-95bc-de0ca310248c",
                                            "state": {
                                                "id": "9c75a95b-9f42-4ca9-a152-78c492590a6f",
                                                "name": "DHAKA"
                                            }
                                        }
                                    ]
                                },
                                {
                                    "id": "dd4ed0a1-039e-4411-9337-e3bf3f9def9b",
                                    "name": "FENI",
                                    "upazilas": [
                                        {
                                            "name": "SONAGAZI",
                                            "id": "27efec53-92df-41c3-bc6a-9e81493d016d",
                                            "state": {
                                                "id": "d4e8944a-6e8f-4d6e-a313-2228cfe9a567",
                                                "name": "CHITTAGONG"
                                            }
                                        },
                                        {
                                            "name": "DAGANBHYAN",
                                            "id": "53afc9e2-06de-4aa2-b8b0-a05e8293b780",
                                            "state": {
                                                "id": "d4e8944a-6e8f-4d6e-a313-2228cfe9a567",
                                                "name": "CHITTAGONG"
                                            }
                                        },
                                        {
                                            "name": "PARSHURAM",
                                            "id": "49ff9838-f33c-474c-b129-2c9ae86e3ee4",
                                            "state": {
                                                "id": "d4e8944a-6e8f-4d6e-a313-2228cfe9a567",
                                                "name": "CHITTAGONG"
                                            }
                                        },
                                        {
                                            "name": "CHAGALNAIYA",
                                            "id": "04c3cb80-8635-455a-a5fa-84dbaa621b70",
                                            "state": {
                                                "id": "d4e8944a-6e8f-4d6e-a313-2228cfe9a567",
                                                "name": "CHITTAGONG"
                                            }
                                        },
                                        {
                                            "name": "FHULGAZI",
                                            "id": "3290d327-252d-4ac8-b994-c32aa5683ffa",
                                            "state": {
                                                "id": "d4e8944a-6e8f-4d6e-a313-2228cfe9a567",
                                                "name": "CHITTAGONG"
                                            }
                                        },
                                        {
                                            "name": "FENI_SADAR",
                                            "id": "d7952bf9-ddfa-4bc5-a8f0-41dfc66a892e",
                                            "state": {
                                                "id": "d4e8944a-6e8f-4d6e-a313-2228cfe9a567",
                                                "name": "CHITTAGONG"
                                            }
                                        }
                                    ]
                                },
                                {
                                    "id": "970ee245-d795-4373-923b-1d66e666d1a6",
                                    "name": "PATUAKHALI",
                                    "upazilas": [
                                        {
                                            "name": "PATUAKHALI_SADAR",
                                            "id": "afda7029-c236-44ba-b3df-5855d1e83414",
                                            "state": {
                                                "id": "5cbbb439-96e7-4f60-bf2f-abddd0d03e7e",
                                                "name": "BARISAL"
                                            }
                                        },
                                        {
                                            "name": "DASHMINA",
                                            "id": "89e2dffc-cb82-4fdd-9f42-8823500f1b10",
                                            "state": {
                                                "id": "5cbbb439-96e7-4f60-bf2f-abddd0d03e7e",
                                                "name": "BARISAL"
                                            }
                                        },
                                        {
                                            "name": "MIRZAGANJ",
                                            "id": "485e7d51-a1c0-4758-84c1-72129e770eba",
                                            "state": {
                                                "id": "5cbbb439-96e7-4f60-bf2f-abddd0d03e7e",
                                                "name": "BARISAL"
                                            }
                                        },
                                        {
                                            "name": "KALAPARA",
                                            "id": "0f279548-56c6-469b-931d-98f8666550f4",
                                            "state": {
                                                "id": "5cbbb439-96e7-4f60-bf2f-abddd0d03e7e",
                                                "name": "BARISAL"
                                            }
                                        },
                                        {
                                            "name": "GALACHIPA",
                                            "id": "fe4542b1-4c54-435c-93bf-7528621355b9",
                                            "state": {
                                                "id": "5cbbb439-96e7-4f60-bf2f-abddd0d03e7e",
                                                "name": "BARISAL"
                                            }
                                        },
                                        {
                                            "name": "BAUPHAL",
                                            "id": "3befd289-1458-4cfc-bc85-f929255b4161",
                                            "state": {
                                                "id": "5cbbb439-96e7-4f60-bf2f-abddd0d03e7e",
                                                "name": "BARISAL"
                                            }
                                        },
                                        {
                                            "name": "RANGABALI",
                                            "id": "fd694849-085a-4e6e-b708-fc06792067cf",
                                            "state": {
                                                "id": "5cbbb439-96e7-4f60-bf2f-abddd0d03e7e",
                                                "name": "BARISAL"
                                            }
                                        },
                                        {
                                            "name": "DUMKI",
                                            "id": "acde2384-2fcd-4771-bf87-1b5b08efe4a3",
                                            "state": {
                                                "id": "5cbbb439-96e7-4f60-bf2f-abddd0d03e7e",
                                                "name": "BARISAL"
                                            }
                                        }
                                    ]
                                },
                                {
                                    "id": "467a49c1-9b1e-4409-a811-a2541a28cc9d",
                                    "name": "RANGPUR",
                                    "upazilas": [
                                        {
                                            "name": "TARAGANJ",
                                            "id": "f3cafdc7-ff33-4c9a-bf41-e092493e5e1b",
                                            "state": {
                                                "id": "b8c19906-b4fc-4745-ac93-af957934136b",
                                                "name": "RANGPUR"
                                            }
                                        },
                                        {
                                            "name": "GANGACHARA",
                                            "id": "331ce02e-1f27-429d-9256-95faacb19759",
                                            "state": {
                                                "id": "b8c19906-b4fc-4745-ac93-af957934136b",
                                                "name": "RANGPUR"
                                            }
                                        },
                                        {
                                            "name": "BADARGANJ",
                                            "id": "23b5ff55-5742-48ae-9dc6-b15f225a1268",
                                            "state": {
                                                "id": "b8c19906-b4fc-4745-ac93-af957934136b",
                                                "name": "RANGPUR"
                                            }
                                        },
                                        {
                                            "name": "KAUNIA",
                                            "id": "ea59b48e-61b7-40d5-a041-3189f4143167",
                                            "state": {
                                                "id": "b8c19906-b4fc-4745-ac93-af957934136b",
                                                "name": "RANGPUR"
                                            }
                                        },
                                        {
                                            "name": "PIRGACHHA",
                                            "id": "513d1649-1f41-498e-ac2d-6912f8b2327d",
                                            "state": {
                                                "id": "b8c19906-b4fc-4745-ac93-af957934136b",
                                                "name": "RANGPUR"
                                            }
                                        },
                                        {
                                            "name": "MITHAPUKUR",
                                            "id": "d8e55f9d-f8ec-4027-a775-ffb34e90a6c2",
                                            "state": {
                                                "id": "b8c19906-b4fc-4745-ac93-af957934136b",
                                                "name": "RANGPUR"
                                            }
                                        },
                                        {
                                            "name": "RANGPUR_SADAR",
                                            "id": "c7f28afe-ce75-4b54-9eb0-8ad04f863a9d",
                                            "state": {
                                                "id": "b8c19906-b4fc-4745-ac93-af957934136b",
                                                "name": "RANGPUR"
                                            }
                                        }
                                    ]
                                },
                                {
                                    "id": "086915fc-d139-4e2e-839c-b38a5be1e5f6",
                                    "name": "GAIBANDHA",
                                    "upazilas": [
                                        {
                                            "name": "SAGHATA",
                                            "id": "7b7f1bed-05af-46ef-9a98-c4be724fd5e2",
                                            "state": {
                                                "id": "b8c19906-b4fc-4745-ac93-af957934136b",
                                                "name": "RANGPUR"
                                            }
                                        },
                                        {
                                            "name": "SUNDARGANJ",
                                            "id": "b3c77682-f3b2-43a0-b18f-ce0fde8cd30d",
                                            "state": {
                                                "id": "b8c19906-b4fc-4745-ac93-af957934136b",
                                                "name": "RANGPUR"
                                            }
                                        },
                                        {
                                            "name": "GAIBANDHA_SADAR",
                                            "id": "549a592d-7e92-4dba-98a2-ccf8988786d4",
                                            "state": {
                                                "id": "b8c19906-b4fc-4745-ac93-af957934136b",
                                                "name": "RANGPUR"
                                            }
                                        },
                                        {
                                            "name": "PALASHBARI",
                                            "id": "4ca323ee-31f6-4126-a12e-b8ac59881175",
                                            "state": {
                                                "id": "b8c19906-b4fc-4745-ac93-af957934136b",
                                                "name": "RANGPUR"
                                            }
                                        },
                                        {
                                            "name": "GOBINDAGANJ",
                                            "id": "f28adc54-023d-4585-9859-72797f1a509b",
                                            "state": {
                                                "id": "b8c19906-b4fc-4745-ac93-af957934136b",
                                                "name": "RANGPUR"
                                            }
                                        },
                                        {
                                            "name": "FULCHHARI",
                                            "id": "a2a7553c-a2bd-44e5-bd52-0a085246f0a3",
                                            "state": {
                                                "id": "b8c19906-b4fc-4745-ac93-af957934136b",
                                                "name": "RANGPUR"
                                            }
                                        },
                                        {
                                            "name": "SADULLAPUR",
                                            "id": "e9b50e9e-ac38-4969-b483-d3972f87cee4",
                                            "state": {
                                                "id": "b8c19906-b4fc-4745-ac93-af957934136b",
                                                "name": "RANGPUR"
                                            }
                                        }
                                    ]
                                },
                                {
                                    "id": "1c714c0b-021b-4301-a593-2c83a2313649",
                                    "name": "JASHORE",
                                    "upazilas": [
                                        {
                                            "name": "JESSORE_SADAR",
                                            "id": "42f61364-59f7-4623-9426-6cdc057ec349",
                                            "state": {
                                                "id": "642a6748-942f-473d-96c6-a6c1b2e00e05",
                                                "name": "KHULNA"
                                            }
                                        },
                                        {
                                            "name": "JHIKARGACHHA",
                                            "id": "e8528241-9712-4342-9aeb-09f71796e266",
                                            "state": {
                                                "id": "642a6748-942f-473d-96c6-a6c1b2e00e05",
                                                "name": "KHULNA"
                                            }
                                        },
                                        {
                                            "name": "CHAUGACHHA",
                                            "id": "12c0fdba-54d7-44c3-8261-799edb2af99c",
                                            "state": {
                                                "id": "642a6748-942f-473d-96c6-a6c1b2e00e05",
                                                "name": "KHULNA"
                                            }
                                        },
                                        {
                                            "name": "SHARSHA",
                                            "id": "cbf6f38e-583e-4ccc-b6d4-79af79fa8219",
                                            "state": {
                                                "id": "642a6748-942f-473d-96c6-a6c1b2e00e05",
                                                "name": "KHULNA"
                                            }
                                        },
                                        {
                                            "name": "MANIRAMPUR",
                                            "id": "d0720ff4-ff9b-465d-91e9-aa3c8b7786e6",
                                            "state": {
                                                "id": "642a6748-942f-473d-96c6-a6c1b2e00e05",
                                                "name": "KHULNA"
                                            }
                                        },
                                        {
                                            "name": "KESHABPUR",
                                            "id": "eb816407-8817-4b72-a245-aa3d26a6730a",
                                            "state": {
                                                "id": "642a6748-942f-473d-96c6-a6c1b2e00e05",
                                                "name": "KHULNA"
                                            }
                                        },
                                        {
                                            "name": "BAGHERPARA",
                                            "id": "57a33475-5412-4756-96a0-c856f6e69819",
                                            "state": {
                                                "id": "642a6748-942f-473d-96c6-a6c1b2e00e05",
                                                "name": "KHULNA"
                                            }
                                        }
                                    ]
                                },
                                {
                                    "id": "e6fbbbf2-76b6-454c-aab1-00bae43ee7fb",
                                    "name": "CHANDPUR",
                                    "upazilas": [
                                        {
                                            "name": "MATLAB UTTAR",
                                            "id": "063793f3-d840-4cd8-9b37-16b346b5802b",
                                            "state": {
                                                "id": "d4e8944a-6e8f-4d6e-a313-2228cfe9a567",
                                                "name": "CHITTAGONG"
                                            }
                                        },
                                        {
                                            "name": "CHANDPUR_SADAR",
                                            "id": "ed3e766b-5c5f-4898-9807-c60656a34d68",
                                            "state": {
                                                "id": "d4e8944a-6e8f-4d6e-a313-2228cfe9a567",
                                                "name": "CHITTAGONG"
                                            }
                                        },
                                        {
                                            "name": "FARIDGANJ",
                                            "id": "80004c2e-4af7-4c54-a08f-7c5eab9de5b7",
                                            "state": {
                                                "id": "d4e8944a-6e8f-4d6e-a313-2228cfe9a567",
                                                "name": "CHITTAGONG"
                                            }
                                        },
                                        {
                                            "name": "SHAHRASTI",
                                            "id": "ce322d53-bbdb-415b-8d13-45a8185dce83",
                                            "state": {
                                                "id": "d4e8944a-6e8f-4d6e-a313-2228cfe9a567",
                                                "name": "CHITTAGONG"
                                            }
                                        },
                                        {
                                            "name": "HAIMCHAR",
                                            "id": "b7b43526-46a4-48d6-8d67-f4c15ba2afe0",
                                            "state": {
                                                "id": "d4e8944a-6e8f-4d6e-a313-2228cfe9a567",
                                                "name": "CHITTAGONG"
                                            }
                                        },
                                        {
                                            "name": "MATLAB DAKKHIN",
                                            "id": "c099cd9b-69a4-4e70-9314-2d54f940fcd8",
                                            "state": {
                                                "id": "d4e8944a-6e8f-4d6e-a313-2228cfe9a567",
                                                "name": "CHITTAGONG"
                                            }
                                        },
                                        {
                                            "name": "HAZIGANJ",
                                            "id": "d4f9f2a0-9974-4d64-9cf0-139a6619407e",
                                            "state": {
                                                "id": "d4e8944a-6e8f-4d6e-a313-2228cfe9a567",
                                                "name": "CHITTAGONG"
                                            }
                                        }
                                    ]
                                },
                                {
                                    "id": "82157ea8-5e09-483d-82b6-7fbc0c15ead9",
                                    "name": "CHUADANGA",
                                    "upazilas": [
                                        {
                                            "name": "JIBANNAGAR",
                                            "id": "056bb4e6-8df9-4275-8bd0-5de51d1375e5",
                                            "state": {
                                                "id": "642a6748-942f-473d-96c6-a6c1b2e00e05",
                                                "name": "KHULNA"
                                            }
                                        },
                                        {
                                            "name": "DAMURHUDA",
                                            "id": "48021efd-36b5-4321-8505-e9d5d2388c27",
                                            "state": {
                                                "id": "642a6748-942f-473d-96c6-a6c1b2e00e05",
                                                "name": "KHULNA"
                                            }
                                        },
                                        {
                                            "name": "CHUADANGA-S",
                                            "id": "6074f64e-f724-4a45-89fa-45dd861ff000",
                                            "state": {
                                                "id": "642a6748-942f-473d-96c6-a6c1b2e00e05",
                                                "name": "KHULNA"
                                            }
                                        },
                                        {
                                            "name": "ALAMDANGA",
                                            "id": "d0578b99-4bb0-4dbd-9c2c-55ba5b2dd713",
                                            "state": {
                                                "id": "642a6748-942f-473d-96c6-a6c1b2e00e05",
                                                "name": "KHULNA"
                                            }
                                        }
                                    ]
                                },
                                {
                                    "id": "fdd90dd4-29f5-47e3-9c83-86247e30e011",
                                    "name": "MANIKGANJ",
                                    "upazilas": [
                                        {
                                            "name": "SATURIA",
                                            "id": "d9009b9c-883f-44b8-8510-e89dd74298ef",
                                            "state": {
                                                "id": "9c75a95b-9f42-4ca9-a152-78c492590a6f",
                                                "name": "DHAKA"
                                            }
                                        },
                                        {
                                            "name": "SHIBALAYA",
                                            "id": "ab1e982e-faba-4f99-93af-8be8a4fd5fe5",
                                            "state": {
                                                "id": "9c75a95b-9f42-4ca9-a152-78c492590a6f",
                                                "name": "DHAKA"
                                            }
                                        },
                                        {
                                            "name": "GHIOR",
                                            "id": "39c075ea-6975-49d4-9028-f904f0bf6c6c",
                                            "state": {
                                                "id": "9c75a95b-9f42-4ca9-a152-78c492590a6f",
                                                "name": "DHAKA"
                                            }
                                        },
                                        {
                                            "name": "HARIRAMPUR",
                                            "id": "a11e3d5b-0753-4029-9491-ea2ea72465aa",
                                            "state": {
                                                "id": "9c75a95b-9f42-4ca9-a152-78c492590a6f",
                                                "name": "DHAKA"
                                            }
                                        },
                                        {
                                            "name": "SINGAIR",
                                            "id": "f178d21b-89ed-42df-a9a3-21f108b44d28",
                                            "state": {
                                                "id": "9c75a95b-9f42-4ca9-a152-78c492590a6f",
                                                "name": "DHAKA"
                                            }
                                        },
                                        {
                                            "name": "MANIKGANJ_SADAR",
                                            "id": "75442244-e5ad-4289-8a34-d5615d19b3a4",
                                            "state": {
                                                "id": "9c75a95b-9f42-4ca9-a152-78c492590a6f",
                                                "name": "DHAKA"
                                            }
                                        }
                                    ]
                                },
                                {
                                    "id": "eb65d06c-18a8-4220-abbb-a4fc1de8f740",
                                    "name": "MUNSHIGANJ",
                                    "upazilas": [
                                        {
                                            "name": "GAZARIA",
                                            "id": "d93e5ad7-1fa9-453b-be01-f707de0dee0d",
                                            "state": {
                                                "id": "9c75a95b-9f42-4ca9-a152-78c492590a6f",
                                                "name": "DHAKA"
                                            }
                                        },
                                        {
                                            "name": "LOHAJANG",
                                            "id": "8de67669-ef24-4fc0-974d-614802bc635c",
                                            "state": {
                                                "id": "9c75a95b-9f42-4ca9-a152-78c492590a6f",
                                                "name": "DHAKA"
                                            }
                                        },
                                        {
                                            "name": "SREENAGAR",
                                            "id": "8f4bf6d0-176e-46a3-911b-50fa597f928a",
                                            "state": {
                                                "id": "9c75a95b-9f42-4ca9-a152-78c492590a6f",
                                                "name": "DHAKA"
                                            }
                                        },
                                        {
                                            "name": "MUNSHIGANJ_SADAR",
                                            "id": "d0ee788a-80bc-41a6-85c0-285852acb1c1",
                                            "state": {
                                                "id": "9c75a95b-9f42-4ca9-a152-78c492590a6f",
                                                "name": "DHAKA"
                                            }
                                        },
                                        {
                                            "name": "SIRAJDIKHAN",
                                            "id": "76276c1f-b0a4-4ad9-8994-f7056d23bcfd",
                                            "state": {
                                                "id": "9c75a95b-9f42-4ca9-a152-78c492590a6f",
                                                "name": "DHAKA"
                                            }
                                        },
                                        {
                                            "name": "TONGIBARI",
                                            "id": "632c71cf-94e4-43da-b567-79d0e8ddc66c",
                                            "state": {
                                                "id": "9c75a95b-9f42-4ca9-a152-78c492590a6f",
                                                "name": "DHAKA"
                                            }
                                        }
                                    ]
                                },
                                {
                                    "id": "27088eef-3fb2-45db-83f6-7b5820818817",
                                    "name": "KUSHTIA",
                                    "upazilas": [
                                        {
                                            "name": "KUMARKHALI",
                                            "id": "f172ffc4-fc9f-49de-956b-6385b8fd74d3",
                                            "state": {
                                                "id": "642a6748-942f-473d-96c6-a6c1b2e00e05",
                                                "name": "KHULNA"
                                            }
                                        },
                                        {
                                            "name": "BHERAMARA",
                                            "id": "7a6ae3eb-abfb-4059-9759-59fc79242f27",
                                            "state": {
                                                "id": "642a6748-942f-473d-96c6-a6c1b2e00e05",
                                                "name": "KHULNA"
                                            }
                                        },
                                        {
                                            "name": "KUSHTIA_SADAR",
                                            "id": "080eebe9-aace-48e8-81c5-85b575971f51",
                                            "state": {
                                                "id": "642a6748-942f-473d-96c6-a6c1b2e00e05",
                                                "name": "KHULNA"
                                            }
                                        },
                                        {
                                            "name": "MIRPUR",
                                            "id": "b652dbdd-b30a-4afb-886c-9d59c58a8c0e",
                                            "state": {
                                                "id": "642a6748-942f-473d-96c6-a6c1b2e00e05",
                                                "name": "KHULNA"
                                            }
                                        },
                                        {
                                            "name": "KHOKSA",
                                            "id": "2efbd4a2-b662-4471-a226-7feb55866616",
                                            "state": {
                                                "id": "642a6748-942f-473d-96c6-a6c1b2e00e05",
                                                "name": "KHULNA"
                                            }
                                        },
                                        {
                                            "name": "DAULATPUR",
                                            "id": "ca60c131-5d3d-4e69-a08a-e346ffaea90a",
                                            "state": {
                                                "id": "642a6748-942f-473d-96c6-a6c1b2e00e05",
                                                "name": "KHULNA"
                                            }
                                        }
                                    ]
                                },
                                {
                                    "id": "3f0b76be-22bf-4ac9-8a29-0dc53c9641c5",
                                    "name": "BOGURA",
                                    "upazilas": [
                                        {
                                            "name": "SHERPUR",
                                            "id": "27718256-3ec0-4b90-803d-2e077b4c6bb7",
                                            "state": {
                                                "id": "d68c68d2-108e-4635-93d1-28c44525f178",
                                                "name": "RAJSHAHI"
                                            }
                                        },
                                        {
                                            "name": "SARIAKANDI",
                                            "id": "c5843f0e-3bc2-4e45-b823-b5ca3c5c9991",
                                            "state": {
                                                "id": "d68c68d2-108e-4635-93d1-28c44525f178",
                                                "name": "RAJSHAHI"
                                            }
                                        },
                                        {
                                            "name": "NANDIGRAM",
                                            "id": "1085c7de-e430-45fc-970e-79f4336a854a",
                                            "state": {
                                                "id": "d68c68d2-108e-4635-93d1-28c44525f178",
                                                "name": "RAJSHAHI"
                                            }
                                        },
                                        {
                                            "name": "ADAMDIGHI",
                                            "id": "d4fb9820-bf93-498b-bbd9-68c432008c8b",
                                            "state": {
                                                "id": "d68c68d2-108e-4635-93d1-28c44525f178",
                                                "name": "RAJSHAHI"
                                            }
                                        },
                                        {
                                            "name": "DHUNAT",
                                            "id": "4ae13d59-e9e4-47c7-afc0-9f8bfa03e321",
                                            "state": {
                                                "id": "d68c68d2-108e-4635-93d1-28c44525f178",
                                                "name": "RAJSHAHI"
                                            }
                                        },
                                        {
                                            "name": "GABTALI",
                                            "id": "23160f5f-aec6-4b0b-81c4-5aa895621020",
                                            "state": {
                                                "id": "d68c68d2-108e-4635-93d1-28c44525f178",
                                                "name": "RAJSHAHI"
                                            }
                                        },
                                        {
                                            "name": "SONATALA",
                                            "id": "72bf0fce-8301-4e93-b9ce-e7b776e5bd6f",
                                            "state": {
                                                "id": "d68c68d2-108e-4635-93d1-28c44525f178",
                                                "name": "RAJSHAHI"
                                            }
                                        },
                                        {
                                            "name": "BOGRA_SADAR",
                                            "id": "dcf677c9-ffde-466c-a5fd-72d273586b19",
                                            "state": {
                                                "id": "d68c68d2-108e-4635-93d1-28c44525f178",
                                                "name": "RAJSHAHI"
                                            }
                                        },
                                        {
                                            "name": "SAHAJANPUR",
                                            "id": "bfaadb41-661b-4556-8b5c-6d8a2611e817",
                                            "state": {
                                                "id": "d68c68d2-108e-4635-93d1-28c44525f178",
                                                "name": "RAJSHAHI"
                                            }
                                        },
                                        {
                                            "name": "KAHALOO",
                                            "id": "303a6199-9118-46c1-b9ec-68e991107bb5",
                                            "state": {
                                                "id": "d68c68d2-108e-4635-93d1-28c44525f178",
                                                "name": "RAJSHAHI"
                                            }
                                        },
                                        {
                                            "name": "DHUPCHANCHIA",
                                            "id": "25c404c7-009d-4b24-aa5b-8b2a8de06f02",
                                            "state": {
                                                "id": "d68c68d2-108e-4635-93d1-28c44525f178",
                                                "name": "RAJSHAHI"
                                            }
                                        }
                                    ]
                                },
                                {
                                    "id": "acac9cb9-207c-48b8-bf7f-2bb26c3cbaf3",
                                    "name": "SUNAMGANJ",
                                    "upazilas": [
                                        {
                                            "name": "DOWARABAZAR",
                                            "id": "cff4ac7e-408b-4f6b-87ab-3009304229e8",
                                            "state": {
                                                "id": "2f2f0cc1-587a-4dad-a3f0-83c0bac697ec",
                                                "name": "SYLHET"
                                            }
                                        },
                                        {
                                            "name": "JAMALGANJ",
                                            "id": "dc3ee901-0d99-4235-9097-9392156a30b2",
                                            "state": {
                                                "id": "2f2f0cc1-587a-4dad-a3f0-83c0bac697ec",
                                                "name": "SYLHET"
                                            }
                                        },
                                        {
                                            "name": "SUNAMGANJ_SADAR",
                                            "id": "4fef6ecc-27ee-4547-b1f2-cac270075800",
                                            "state": {
                                                "id": "2f2f0cc1-587a-4dad-a3f0-83c0bac697ec",
                                                "name": "SYLHET"
                                            }
                                        },
                                        {
                                            "name": "CHHATAK",
                                            "id": "2850075b-f85b-4b3e-9464-fb094fdab0d1",
                                            "state": {
                                                "id": "2f2f0cc1-587a-4dad-a3f0-83c0bac697ec",
                                                "name": "SYLHET"
                                            }
                                        },
                                        {
                                            "name": "BISHWAMVARPUR",
                                            "id": "bd2a5b8d-2db7-4457-890f-cb7949ab679b",
                                            "state": {
                                                "id": "2f2f0cc1-587a-4dad-a3f0-83c0bac697ec",
                                                "name": "SYLHET"
                                            }
                                        },
                                        {
                                            "name": "TAHIRPUR",
                                            "id": "e629bf90-c502-4b6a-ab23-1c0e2ed8c422",
                                            "state": {
                                                "id": "2f2f0cc1-587a-4dad-a3f0-83c0bac697ec",
                                                "name": "SYLHET"
                                            }
                                        },
                                        {
                                            "name": "SHANTHIGANJ",
                                            "id": "1d7a3c9c-c35f-4813-a587-a3b823c24929",
                                            "state": {
                                                "id": "2f2f0cc1-587a-4dad-a3f0-83c0bac697ec",
                                                "name": "SYLHET"
                                            }
                                        },
                                        {
                                            "name": "DHARAMPASHA",
                                            "id": "eef5310f-38fa-46a5-8c0d-1a1921b45c75",
                                            "state": {
                                                "id": "2f2f0cc1-587a-4dad-a3f0-83c0bac697ec",
                                                "name": "SYLHET"
                                            }
                                        },
                                        {
                                            "name": "DERAI",
                                            "id": "cdd49f46-021e-402f-b1e9-bab17bf44714",
                                            "state": {
                                                "id": "2f2f0cc1-587a-4dad-a3f0-83c0bac697ec",
                                                "name": "SYLHET"
                                            }
                                        },
                                        {
                                            "name": "SULLA",
                                            "id": "f4446cae-89b8-4db4-844b-d46ac7d71a8d",
                                            "state": {
                                                "id": "2f2f0cc1-587a-4dad-a3f0-83c0bac697ec",
                                                "name": "SYLHET"
                                            }
                                        },
                                        {
                                            "name": "MODHYANAGAR",
                                            "id": "f2eb6c8d-a10e-4f30-bf84-758a716f9e5b",
                                            "state": {
                                                "id": "2f2f0cc1-587a-4dad-a3f0-83c0bac697ec",
                                                "name": "SYLHET"
                                            }
                                        },
                                        {
                                            "name": "JAGANNATHPUR",
                                            "id": "ed7e25d5-9cae-409c-b4b6-ec487ae79e26",
                                            "state": {
                                                "id": "2f2f0cc1-587a-4dad-a3f0-83c0bac697ec",
                                                "name": "SYLHET"
                                            }
                                        }
                                    ]
                                },
                                {
                                    "id": "440478fc-7e81-4b0e-9e11-7a30d0240c6a",
                                    "name": "THAKURGAON",
                                    "upazilas": [
                                        {
                                            "name": "RANISANKAIL",
                                            "id": "3fe1bae0-b945-47c8-b858-143e99d1345c",
                                            "state": {
                                                "id": "b8c19906-b4fc-4745-ac93-af957934136b",
                                                "name": "RANGPUR"
                                            }
                                        },
                                        {
                                            "name": "BALIADANGI",
                                            "id": "bc011048-a141-4782-80e6-1de7933f976f",
                                            "state": {
                                                "id": "b8c19906-b4fc-4745-ac93-af957934136b",
                                                "name": "RANGPUR"
                                            }
                                        },
                                        {
                                            "name": "THAKURGAON_SADAR",
                                            "id": "e76216bc-9591-448d-bdd2-f11337f1d167",
                                            "state": {
                                                "id": "b8c19906-b4fc-4745-ac93-af957934136b",
                                                "name": "RANGPUR"
                                            }
                                        },
                                        {
                                            "name": "HARIPUR",
                                            "id": "a057fd71-762f-4e3b-94c4-b0c25f1330e1",
                                            "state": {
                                                "id": "b8c19906-b4fc-4745-ac93-af957934136b",
                                                "name": "RANGPUR"
                                            }
                                        },
                                        {
                                            "name": "PIRGANJ",
                                            "id": "6f84b588-ac8a-4a62-b9ea-5d2ca913c00c",
                                            "state": {
                                                "id": "b8c19906-b4fc-4745-ac93-af957934136b",
                                                "name": "RANGPUR"
                                            }
                                        }
                                    ]
                                },
                                {
                                    "id": "7597f272-f003-4db4-8568-e8f45cb1a56d",
                                    "name": "PANCHAGARH",
                                    "upazilas": [
                                        {
                                            "name": "TETULIA",
                                            "id": "4f9f299d-6613-41be-ab21-4997945547c1",
                                            "state": {
                                                "id": "b8c19906-b4fc-4745-ac93-af957934136b",
                                                "name": "RANGPUR"
                                            }
                                        },
                                        {
                                            "name": "ATWARI",
                                            "id": "1a02f5b1-d095-4d55-9d14-045721e6c40d",
                                            "state": {
                                                "id": "b8c19906-b4fc-4745-ac93-af957934136b",
                                                "name": "RANGPUR"
                                            }
                                        },
                                        {
                                            "name": "BODA",
                                            "id": "d005e319-3338-4877-936c-c01c42003faf",
                                            "state": {
                                                "id": "b8c19906-b4fc-4745-ac93-af957934136b",
                                                "name": "RANGPUR"
                                            }
                                        },
                                        {
                                            "name": "PANCHAGARH_SADAR",
                                            "id": "7c487b8b-afc0-426f-a5a3-2df6ca17e2b7",
                                            "state": {
                                                "id": "b8c19906-b4fc-4745-ac93-af957934136b",
                                                "name": "RANGPUR"
                                            }
                                        },
                                        {
                                            "name": "DEBIGANJ",
                                            "id": "c69f7be1-f80c-49a0-a422-816cc0aedbe2",
                                            "state": {
                                                "id": "b8c19906-b4fc-4745-ac93-af957934136b",
                                                "name": "RANGPUR"
                                            }
                                        }
                                    ]
                                },
                                {
                                    "id": "02e94441-6145-4fbc-b185-7147f9433b0d",
                                    "name": "KHAGRACHARI",
                                    "upazilas": [
                                        {
                                            "name": "LAKSHMICHHARI",
                                            "id": "15bb16dd-f946-4d7f-ba1a-3833795ce9ae",
                                            "state": {
                                                "id": "d4e8944a-6e8f-4d6e-a313-2228cfe9a567",
                                                "name": "CHITTAGONG"
                                            }
                                        },
                                        {
                                            "name": "MANIKCHHARI",
                                            "id": "7ccab6c5-4db7-4c96-b5c2-f9bf8f4b4b2e",
                                            "state": {
                                                "id": "d4e8944a-6e8f-4d6e-a313-2228cfe9a567",
                                                "name": "CHITTAGONG"
                                            }
                                        },
                                        {
                                            "name": "MAHALCHHARI",
                                            "id": "8d6273ce-8713-4857-8d7f-645ec8cf7b49",
                                            "state": {
                                                "id": "d4e8944a-6e8f-4d6e-a313-2228cfe9a567",
                                                "name": "CHITTAGONG"
                                            }
                                        },
                                        {
                                            "name": "DIGHINALA",
                                            "id": "56d905ea-5cc1-4c95-aa62-a369fa67ef86",
                                            "state": {
                                                "id": "d4e8944a-6e8f-4d6e-a313-2228cfe9a567",
                                                "name": "CHITTAGONG"
                                            }
                                        },
                                        {
                                            "name": "MATIRANGA",
                                            "id": "5a40f09b-f1fc-4a4c-9339-7242810be320",
                                            "state": {
                                                "id": "d4e8944a-6e8f-4d6e-a313-2228cfe9a567",
                                                "name": "CHITTAGONG"
                                            }
                                        },
                                        {
                                            "name": "PANCHHARI",
                                            "id": "72bf30e6-6965-4134-82ee-942435bf0cf8",
                                            "state": {
                                                "id": "d4e8944a-6e8f-4d6e-a313-2228cfe9a567",
                                                "name": "CHITTAGONG"
                                            }
                                        },
                                        {
                                            "name": "KHAGRACHHARI",
                                            "id": "0b5ba0d4-cf95-4748-a05d-3243c24b9c2b",
                                            "state": {
                                                "id": "d4e8944a-6e8f-4d6e-a313-2228cfe9a567",
                                                "name": "CHITTAGONG"
                                            }
                                        },
                                        {
                                            "name": "RAMGARH",
                                            "id": "3a985352-6aac-42ca-9d46-0104299d9d5b",
                                            "state": {
                                                "id": "d4e8944a-6e8f-4d6e-a313-2228cfe9a567",
                                                "name": "CHITTAGONG"
                                            }
                                        }
                                    ]
                                },
                                {
                                    "id": "2bdb9cb8-429c-4c87-8651-44eb75bba39f",
                                    "name": "RANGAMATI",
                                    "upazilas": [
                                        {
                                            "name": "KAPTAI",
                                            "id": "b1e5c4ba-9a01-40d7-ae06-e2eff4512f64",
                                            "state": {
                                                "id": "d4e8944a-6e8f-4d6e-a313-2228cfe9a567",
                                                "name": "CHITTAGONG"
                                            }
                                        },
                                        {
                                            "name": "BELAICHHARI",
                                            "id": "66e451b0-a6e5-4797-ae4e-6e3337e8f656",
                                            "state": {
                                                "id": "d4e8944a-6e8f-4d6e-a313-2228cfe9a567",
                                                "name": "CHITTAGONG"
                                            }
                                        },
                                        {
                                            "name": "LANGADU",
                                            "id": "b0ec8354-8a29-4b89-b657-29036d5ff491",
                                            "state": {
                                                "id": "d4e8944a-6e8f-4d6e-a313-2228cfe9a567",
                                                "name": "CHITTAGONG"
                                            }
                                        },
                                        {
                                            "name": "BAGAICHHARI",
                                            "id": "ab30a268-d429-4a3b-ac46-d6b3962a9746",
                                            "state": {
                                                "id": "d4e8944a-6e8f-4d6e-a313-2228cfe9a567",
                                                "name": "CHITTAGONG"
                                            }
                                        },
                                        {
                                            "name": "BARKAL",
                                            "id": "07a7db0e-69ce-417d-8268-7bebb57c11ae",
                                            "state": {
                                                "id": "d4e8944a-6e8f-4d6e-a313-2228cfe9a567",
                                                "name": "CHITTAGONG"
                                            }
                                        },
                                        {
                                            "name": "KAUKHALI",
                                            "id": "303fd905-dc54-4d74-8371-dfc1f477bfc9",
                                            "state": {
                                                "id": "d4e8944a-6e8f-4d6e-a313-2228cfe9a567",
                                                "name": "CHITTAGONG"
                                            }
                                        },
                                        {
                                            "name": "RAJASTHALI",
                                            "id": "1fcbd368-6caa-4dbd-a9fa-2a00e89e77fc",
                                            "state": {
                                                "id": "d4e8944a-6e8f-4d6e-a313-2228cfe9a567",
                                                "name": "CHITTAGONG"
                                            }
                                        },
                                        {
                                            "name": "JURAICHHARI",
                                            "id": "3f4328c9-7b1e-40e9-ad79-d66389645310",
                                            "state": {
                                                "id": "d4e8944a-6e8f-4d6e-a313-2228cfe9a567",
                                                "name": "CHITTAGONG"
                                            }
                                        },
                                        {
                                            "name": "NANNERCHAR",
                                            "id": "fb57848d-e0b9-4051-816c-712fac450852",
                                            "state": {
                                                "id": "d4e8944a-6e8f-4d6e-a313-2228cfe9a567",
                                                "name": "CHITTAGONG"
                                            }
                                        },
                                        {
                                            "name": "RANGAMATI_SADAR",
                                            "id": "1f383e09-c643-4780-a625-02d83259cd37",
                                            "state": {
                                                "id": "d4e8944a-6e8f-4d6e-a313-2228cfe9a567",
                                                "name": "CHITTAGONG"
                                            }
                                        }
                                    ]
                                }
                            ]
                        },
                        {
                            "name": "Pakistan",
                            "id": "bc79ebd2-95a6-46e5-8ade-e7f494021b83",
                            "districts": [
                                
                            ]
                        },
                        {
                            "name": "India",
                            "id": "82ec6692-b098-4803-8cc0-8df58d65ed10",
                            "districts": [
                                
                            ]
                        }
                    ]
                }
            },
            {
                "id": "eb6d71b2-8583-4c12-9063-5439639e4817",
                "region": {
                    "countries": [
                        {
                            "name": "Jordan",
                            "id": "57d77108-7390-4d8b-9175-09fa2278972f",
                            "districts": [
                                
                            ]
                        },
                        {
                            "name": "Yemen",
                            "id": "e36259b6-c350-4fdc-83dc-bfdbe04765d1",
                            "districts": [
                                
                            ]
                        },
                        {
                            "name": "Bahrain",
                            "id": "cb7d2601-26e1-4af4-b27c-1130bc908636",
                            "districts": [
                                
                            ]
                        },
                        {
                            "name": "Armenia",
                            "id": "8f0fda5d-e346-4016-8651-38bc0a9db13f",
                            "districts": [
                                
                            ]
                        },
                        {
                            "name": "Kuwait",
                            "id": "04c19ad3-d5fd-4432-be03-d0f3aa0bfef4",
                            "districts": [
                                
                            ]
                        },
                        {
                            "name": "United Arab Emirates",
                            "id": "191f578d-d3e2-49a4-803c-012c36fae6b8",
                            "districts": [
                                
                            ]
                        },
                        {
                            "name": "Lebanon",
                            "id": "7d6074eb-b44c-4e01-b064-9e67695b896b",
                            "districts": [
                                
                            ]
                        },
                        {
                            "name": "Singapore",
                            "id": "20786ba0-66e7-4c86-9e62-e27456f80ed0",
                            "districts": [
                                
                            ]
                        },
                        {
                            "name": "Palestine, State of",
                            "id": "c4dbf9dc-caad-4b9b-ab84-a178363717f4",
                            "districts": [
                                
                            ]
                        },
                        {
                            "name": "Syrian Arab Republic",
                            "id": "33760701-153e-4220-b9fa-ec4342d2f0e4",
                            "districts": [
                                
                            ]
                        },
                        {
                            "name": "Georgia",
                            "id": "371dea3e-0fa3-45de-898c-05dc08e4da37",
                            "districts": [
                                
                            ]
                        },
                        {
                            "name": "Oman",
                            "id": "ebba5457-cf3a-4c92-a296-c9304075a083",
                            "districts": [
                                
                            ]
                        },
                        {
                            "name": "Azerbaijan",
                            "id": "bf0dafd8-ebe6-4b98-86ab-ed8e16475794",
                            "districts": [
                                
                            ]
                        },
                        {
                            "name": "Philippines",
                            "id": "bd3959ff-aabe-46fa-ac07-055e8436407e",
                            "districts": [
                                
                            ]
                        },
                        {
                            "name": "Israel",
                            "id": "b9435680-f62e-4437-9179-0584ae6af227",
                            "districts": [
                                
                            ]
                        },
                        {
                            "name": "Turkey",
                            "id": "eb6d71b2-8583-4c12-9063-5439639e4817",
                            "districts": [
                                
                            ]
                        },
                        {
                            "name": "Qatar",
                            "id": "6bedb61d-4a24-414a-9ddd-adb4cc1cc389",
                            "districts": [
                                
                            ]
                        },
                        {
                            "name": "Cyprus",
                            "id": "9683b8ba-efbf-4e28-9a27-6d2108466189",
                            "districts": [
                                
                            ]
                        },
                        {
                            "name": "Iraq",
                            "id": "ea4c7ed2-9ce9-4151-9531-ff9af85def73",
                            "districts": [
                                
                            ]
                        },
                        {
                            "name": "Saudi Arabia",
                            "id": "b2d5c8d1-21a7-433a-a592-38268c29f913",
                            "districts": [
                                
                            ]
                        }
                    ]
                }
            },
            {
                "id": "bc79ebd2-95a6-46e5-8ade-e7f494021b83",
                "region": {
                    "countries": [
                        {
                            "name": "Iran (Islamic Republic of)",
                            "id": "ea7eef91-f8f4-4603-b7a1-d7039e7033e6",
                            "districts": [
                                
                            ]
                        },
                        {
                            "name": "Sri Lanka",
                            "id": "63a03a51-55d6-4a05-91f9-4be04ceff568",
                            "districts": [
                                
                            ]
                        },
                        {
                            "name": "Cambodia",
                            "id": "1c1d7b9c-1af3-4247-9393-6ab5275ed775",
                            "districts": [
                                
                            ]
                        },
                        {
                            "name": "Indonesia",
                            "id": "a0e90a76-7360-4e64-874a-b88b33bff1c6",
                            "districts": [
                                
                            ]
                        },
                        {
                            "name": "Afghanistan",
                            "id": "1d4758ce-9410-46c2-9e4e-2c90c518f469",
                            "districts": [
                                
                            ]
                        },
                        {
                            "name": "Bhutan",
                            "id": "26ac5483-9a31-41bd-b79e-6c82c30cbd75",
                            "districts": [
                                
                            ]
                        },
                        {
                            "name": "Brunei Darussalam",
                            "id": "218b444b-0354-46bd-b768-b8d48eb632e1",
                            "districts": [
                                
                            ]
                        },
                        {
                            "name": "Maldives",
                            "id": "b0305117-6406-4e3f-bd9c-54999c52fd51",
                            "districts": [
                                
                            ]
                        },
                        {
                            "name": "Nepal",
                            "id": "74ec24a7-5308-4b97-890a-a1b2602ab430",
                            "districts": [
                                
                            ]
                        },
                        {
                            "name": "Bangladesh",
                            "id": "6bd284f1-2216-4efc-a80e-218a56731a50",
                            "districts": [
                                {
                                    "id": "052bb7cb-fa24-4e4e-8a1c-c8b5770f81be",
                                    "name": "BARISHAL",
                                    "upazilas": [
                                        {
                                            "name": "AGAILJHARA",
                                            "id": "a87e5293-71fd-4928-a4bc-3fc87b741bd6",
                                            "state": {
                                                "id": "5cbbb439-96e7-4f60-bf2f-abddd0d03e7e",
                                                "name": "BARISAL"
                                            }
                                        },
                                        {
                                            "name": "WAZIRPUR",
                                            "id": "69a7ae9a-af80-4721-8fa7-390bc7a9f056",
                                            "state": {
                                                "id": "5cbbb439-96e7-4f60-bf2f-abddd0d03e7e",
                                                "name": "BARISAL"
                                            }
                                        },
                                        {
                                            "name": "BANARIPARA",
                                            "id": "a1098f6d-e20c-46ff-a695-71d38485dfcd",
                                            "state": {
                                                "id": "5cbbb439-96e7-4f60-bf2f-abddd0d03e7e",
                                                "name": "BARISAL"
                                            }
                                        },
                                        {
                                            "name": "GAURNADI",
                                            "id": "e054f2d4-ba21-423c-8ce2-8790fd3e96e7",
                                            "state": {
                                                "id": "5cbbb439-96e7-4f60-bf2f-abddd0d03e7e",
                                                "name": "BARISAL"
                                            }
                                        },
                                        {
                                            "name": "HIZLA",
                                            "id": "25dc6a64-73d1-41c4-a7a6-3499e419ee76",
                                            "state": {
                                                "id": "5cbbb439-96e7-4f60-bf2f-abddd0d03e7e",
                                                "name": "BARISAL"
                                            }
                                        },
                                        {
                                            "name": "BARISAL_SADAR",
                                            "id": "3e841942-1acf-40d5-a8f8-e76fccbce201",
                                            "state": {
                                                "id": "5cbbb439-96e7-4f60-bf2f-abddd0d03e7e",
                                                "name": "BARISAL"
                                            }
                                        },
                                        {
                                            "name": "BAKERGANJ",
                                            "id": "898bb968-893a-4791-984c-303c28eee8d1",
                                            "state": {
                                                "id": "5cbbb439-96e7-4f60-bf2f-abddd0d03e7e",
                                                "name": "BARISAL"
                                            }
                                        },
                                        {
                                            "name": "BABUGANJ",
                                            "id": "4ecbd185-acfc-4406-8fd6-b3d94387bea9",
                                            "state": {
                                                "id": "5cbbb439-96e7-4f60-bf2f-abddd0d03e7e",
                                                "name": "BARISAL"
                                            }
                                        },
                                        {
                                            "name": "MEHENDIGANJ",
                                            "id": "4f5b876b-a14d-462f-8cea-0b63aa50a888",
                                            "state": {
                                                "id": "5cbbb439-96e7-4f60-bf2f-abddd0d03e7e",
                                                "name": "BARISAL"
                                            }
                                        },
                                        {
                                            "name": "MULADI",
                                            "id": "0084331b-30ca-4576-8b66-503c7b6a2d0c",
                                            "state": {
                                                "id": "5cbbb439-96e7-4f60-bf2f-abddd0d03e7e",
                                                "name": "BARISAL"
                                            }
                                        }
                                    ]
                                },
                                {
                                    "id": "01836026-20ee-4e28-9585-6bde8c8f98a1",
                                    "name": "KURIGRAM",
                                    "upazilas": [
                                        {
                                            "name": "KURIGRAM_SADAR",
                                            "id": "33b43668-894e-4861-a340-9ab38cfac767",
                                            "state": {
                                                "id": "b8c19906-b4fc-4745-ac93-af957934136b",
                                                "name": "RANGPUR"
                                            }
                                        },
                                        {
                                            "name": "BHURUNGAMARI",
                                            "id": "bd6a746c-8e29-4546-9bde-fe70e7c0b1d4",
                                            "state": {
                                                "id": "b8c19906-b4fc-4745-ac93-af957934136b",
                                                "name": "RANGPUR"
                                            }
                                        },
                                        {
                                            "name": "ULIPUR",
                                            "id": "114b95ad-d7c1-4805-addc-2034bc68d133",
                                            "state": {
                                                "id": "b8c19906-b4fc-4745-ac93-af957934136b",
                                                "name": "RANGPUR"
                                            }
                                        },
                                        {
                                            "name": "CHILMARI",
                                            "id": "b74d834a-c4df-4c64-b08b-00fb86c416bd",
                                            "state": {
                                                "id": "b8c19906-b4fc-4745-ac93-af957934136b",
                                                "name": "RANGPUR"
                                            }
                                        },
                                        {
                                            "name": "NAGESHWARI",
                                            "id": "3c5107f8-412a-47a6-a593-75a1577a2fae",
                                            "state": {
                                                "id": "b8c19906-b4fc-4745-ac93-af957934136b",
                                                "name": "RANGPUR"
                                            }
                                        },
                                        {
                                            "name": "RAJARHAT",
                                            "id": "abfb1886-a2ea-4887-afc3-60cc1d194b6e",
                                            "state": {
                                                "id": "b8c19906-b4fc-4745-ac93-af957934136b",
                                                "name": "RANGPUR"
                                            }
                                        },
                                        {
                                            "name": "PHULBARI",
                                            "id": "3580569a-211a-4991-9e10-f52fd97543a6",
                                            "state": {
                                                "id": "b8c19906-b4fc-4745-ac93-af957934136b",
                                                "name": "RANGPUR"
                                            }
                                        },
                                        {
                                            "name": "CHAR RAJIBPUR",
                                            "id": "7d27e425-d2d2-45a9-b7c9-188e05810c0d",
                                            "state": {
                                                "id": "b8c19906-b4fc-4745-ac93-af957934136b",
                                                "name": "RANGPUR"
                                            }
                                        },
                                        {
                                            "name": "ROWMARI",
                                            "id": "290ffa52-6bbb-4482-a054-ce4aff5f6930",
                                            "state": {
                                                "id": "b8c19906-b4fc-4745-ac93-af957934136b",
                                                "name": "RANGPUR"
                                            }
                                        }
                                    ]
                                },
                                {
                                    "id": "2fb6985f-ccb2-4004-89ac-b5b0de520533",
                                    "name": "DINAJPUR",
                                    "upazilas": [
                                        {
                                            "name": "KAHAROLE",
                                            "id": "55d8d92d-d612-4226-b008-60b84b7b8253",
                                            "state": {
                                                "id": "b8c19906-b4fc-4745-ac93-af957934136b",
                                                "name": "RANGPUR"
                                            }
                                        },
                                        {
                                            "name": "PARBATIPUR",
                                            "id": "6f58194a-7690-4ce0-b14e-bea704af6ee5",
                                            "state": {
                                                "id": "b8c19906-b4fc-4745-ac93-af957934136b",
                                                "name": "RANGPUR"
                                            }
                                        },
                                        {
                                            "name": "HAKIMPUR",
                                            "id": "cc45cab8-96dc-43c5-bbc1-040e75736c03",
                                            "state": {
                                                "id": "b8c19906-b4fc-4745-ac93-af957934136b",
                                                "name": "RANGPUR"
                                            }
                                        },
                                        {
                                            "name": "BIRGANJ",
                                            "id": "9afaa410-ddfd-44d2-95d3-d6cfb030acd7",
                                            "state": {
                                                "id": "b8c19906-b4fc-4745-ac93-af957934136b",
                                                "name": "RANGPUR"
                                            }
                                        },
                                        {
                                            "name": "BIRAL",
                                            "id": "a44acb60-2b84-4fbb-b73e-6030542fed2d",
                                            "state": {
                                                "id": "b8c19906-b4fc-4745-ac93-af957934136b",
                                                "name": "RANGPUR"
                                            }
                                        },
                                        {
                                            "name": "BIRAMPUR",
                                            "id": "5a316d35-7488-4a04-b718-819caf81d849",
                                            "state": {
                                                "id": "b8c19906-b4fc-4745-ac93-af957934136b",
                                                "name": "RANGPUR"
                                            }
                                        },
                                        {
                                            "name": "GHORAGHAT",
                                            "id": "5ea22106-1cb9-47de-8a20-28fdcf292598",
                                            "state": {
                                                "id": "b8c19906-b4fc-4745-ac93-af957934136b",
                                                "name": "RANGPUR"
                                            }
                                        },
                                        {
                                            "name": "KHANSAMA",
                                            "id": "0561e004-20dc-4efd-b2e3-4e1c48d86971",
                                            "state": {
                                                "id": "b8c19906-b4fc-4745-ac93-af957934136b",
                                                "name": "RANGPUR"
                                            }
                                        },
                                        {
                                            "name": "DINAJPUR_SADAR",
                                            "id": "e9d6959d-bf05-490a-a95d-6327f93c17b3",
                                            "state": {
                                                "id": "b8c19906-b4fc-4745-ac93-af957934136b",
                                                "name": "RANGPUR"
                                            }
                                        },
                                        {
                                            "name": "BOCHAGANJ",
                                            "id": "526f5997-d4ab-45f7-af53-6fcd25c1d1dc",
                                            "state": {
                                                "id": "b8c19906-b4fc-4745-ac93-af957934136b",
                                                "name": "RANGPUR"
                                            }
                                        },
                                        {
                                            "name": "CHIRIRBANDAR",
                                            "id": "d371b6be-98e7-44ec-98bb-4e3d06f4fd6c",
                                            "state": {
                                                "id": "b8c19906-b4fc-4745-ac93-af957934136b",
                                                "name": "RANGPUR"
                                            }
                                        },
                                        {
                                            "name": "NAWABGANJ",
                                            "id": "802bf9ac-1597-4c30-94cc-51b1e5cd9941",
                                            "state": {
                                                "id": "b8c19906-b4fc-4745-ac93-af957934136b",
                                                "name": "RANGPUR"
                                            }
                                        }
                                    ]
                                },
                                {
                                    "id": "fcbaee9a-6c04-4a77-a2a8-8ee8f0c812a8",
                                    "name": "BAGERHAT",
                                    "upazilas": [
                                        {
                                            "name": "FAKIRHAT",
                                            "id": "23926ee4-dec3-4ba8-aab6-eee9f7003126",
                                            "state": {
                                                "id": "642a6748-942f-473d-96c6-a6c1b2e00e05",
                                                "name": "KHULNA"
                                            }
                                        },
                                        {
                                            "name": "MORRELGANJ",
                                            "id": "c322b9de-9e52-471a-9642-0c7f9510e303",
                                            "state": {
                                                "id": "642a6748-942f-473d-96c6-a6c1b2e00e05",
                                                "name": "KHULNA"
                                            }
                                        },
                                        {
                                            "name": "RAMPAL",
                                            "id": "687c1175-6f6f-459a-aa56-50ea55ab1852",
                                            "state": {
                                                "id": "642a6748-942f-473d-96c6-a6c1b2e00e05",
                                                "name": "KHULNA"
                                            }
                                        },
                                        {
                                            "name": "MOLLAHAT",
                                            "id": "2a18a82f-5a29-4ec1-b383-bb00faf2f958",
                                            "state": {
                                                "id": "642a6748-942f-473d-96c6-a6c1b2e00e05",
                                                "name": "KHULNA"
                                            }
                                        },
                                        {
                                            "name": "MONGLA",
                                            "id": "4ce72789-eebe-4554-ac41-6e94b6a205d5",
                                            "state": {
                                                "id": "642a6748-942f-473d-96c6-a6c1b2e00e05",
                                                "name": "KHULNA"
                                            }
                                        },
                                        {
                                            "name": "CHITALMARI",
                                            "id": "a6c2a70a-e1dd-4565-9eb4-5a84dfd76d36",
                                            "state": {
                                                "id": "642a6748-942f-473d-96c6-a6c1b2e00e05",
                                                "name": "KHULNA"
                                            }
                                        },
                                        {
                                            "name": "SARANKHOLA",
                                            "id": "29e1d269-c6ca-461f-b8bc-b2cf623b2ed4",
                                            "state": {
                                                "id": "642a6748-942f-473d-96c6-a6c1b2e00e05",
                                                "name": "KHULNA"
                                            }
                                        },
                                        {
                                            "name": "KACHUA",
                                            "id": "458438b9-a371-4d34-a429-9ffc72c4bb5a",
                                            "state": {
                                                "id": "642a6748-942f-473d-96c6-a6c1b2e00e05",
                                                "name": "KHULNA"
                                            }
                                        },
                                        {
                                            "name": "BAGERHAT_SADAR",
                                            "id": "8929c669-4c91-4c08-a279-2b61b2b657cb",
                                            "state": {
                                                "id": "642a6748-942f-473d-96c6-a6c1b2e00e05",
                                                "name": "KHULNA"
                                            }
                                        }
                                    ]
                                },
                                {
                                    "id": "8be8ad99-4257-4c89-bc9f-3fd5b54ea42c",
                                    "name": "BARGUNA",
                                    "upazilas": [
                                        {
                                            "name": "BAMNA",
                                            "id": "0becbad0-8054-48ff-8804-70caef441fbc",
                                            "state": {
                                                "id": "5cbbb439-96e7-4f60-bf2f-abddd0d03e7e",
                                                "name": "BARISAL"
                                            }
                                        },
                                        {
                                            "name": "BARGUNA_SADAR",
                                            "id": "6c8d9659-3f6b-4572-89f6-877db489fb8e",
                                            "state": {
                                                "id": "5cbbb439-96e7-4f60-bf2f-abddd0d03e7e",
                                                "name": "BARISAL"
                                            }
                                        },
                                        {
                                            "name": "BETAGI",
                                            "id": "e84e7c7f-d62f-4111-ac9c-6a758d874fa4",
                                            "state": {
                                                "id": "5cbbb439-96e7-4f60-bf2f-abddd0d03e7e",
                                                "name": "BARISAL"
                                            }
                                        },
                                        {
                                            "name": "AMTALI",
                                            "id": "2061f193-da04-4462-ae2c-7d54a60c9790",
                                            "state": {
                                                "id": "5cbbb439-96e7-4f60-bf2f-abddd0d03e7e",
                                                "name": "BARISAL"
                                            }
                                        },
                                        {
                                            "name": "PATHARGHATA",
                                            "id": "1f651fda-0eb3-4efe-b2a1-751c1dbefb4b",
                                            "state": {
                                                "id": "5cbbb439-96e7-4f60-bf2f-abddd0d03e7e",
                                                "name": "BARISAL"
                                            }
                                        },
                                        {
                                            "name": "TALTALI",
                                            "id": "b6d60b5e-b58e-46be-8b53-370a5bdfe5f4",
                                            "state": {
                                                "id": "5cbbb439-96e7-4f60-bf2f-abddd0d03e7e",
                                                "name": "BARISAL"
                                            }
                                        }
                                    ]
                                },
                                {
                                    "id": "9966ea0c-b228-4955-bb2d-07a5095b2645",
                                    "name": "NATORE",
                                    "upazilas": [
                                        {
                                            "name": "NATORE_SADAR",
                                            "id": "ad6a8021-7b0f-4611-86dd-9522ae859ec2",
                                            "state": {
                                                "id": "d68c68d2-108e-4635-93d1-28c44525f178",
                                                "name": "RAJSHAHI"
                                            }
                                        },
                                        {
                                            "name": "BAGATIPARA",
                                            "id": "8c4fd017-e1a2-46b6-a5e7-4118456a6b1d",
                                            "state": {
                                                "id": "d68c68d2-108e-4635-93d1-28c44525f178",
                                                "name": "RAJSHAHI"
                                            }
                                        },
                                        {
                                            "name": "BARAIGRAM",
                                            "id": "b437a240-a56d-4fcf-8f7b-949ab16dd31d",
                                            "state": {
                                                "id": "d68c68d2-108e-4635-93d1-28c44525f178",
                                                "name": "RAJSHAHI"
                                            }
                                        },
                                        {
                                            "name": "LALPUR",
                                            "id": "b21e478e-7b5e-4c3d-b3a0-cf4e1ba07aac",
                                            "state": {
                                                "id": "d68c68d2-108e-4635-93d1-28c44525f178",
                                                "name": "RAJSHAHI"
                                            }
                                        }
                                    ]
                                },
                                {
                                    "id": "e84d4380-c4bb-4228-88c5-d82e8c1b0865",
                                    "name": "TANGAIL",
                                    "upazilas": [
                                        {
                                            "name": "TANGAIL_SADAR",
                                            "id": "2e5d24da-b036-45be-892b-7f296d666c78",
                                            "state": {
                                                "id": "9c75a95b-9f42-4ca9-a152-78c492590a6f",
                                                "name": "DHAKA"
                                            }
                                        },
                                        {
                                            "name": "DHANBARI",
                                            "id": "1456c986-adde-41d1-a0b0-403604bc0d93",
                                            "state": {
                                                "id": "9c75a95b-9f42-4ca9-a152-78c492590a6f",
                                                "name": "DHAKA"
                                            }
                                        },
                                        {
                                            "name": "DELDUAR",
                                            "id": "3a4c7f79-c00e-49e1-abac-816ed50dc3fb",
                                            "state": {
                                                "id": "9c75a95b-9f42-4ca9-a152-78c492590a6f",
                                                "name": "DHAKA"
                                            }
                                        },
                                        {
                                            "name": "GOPALPUR",
                                            "id": "b2a571f1-2242-424d-9023-7f0f25fd2bb8",
                                            "state": {
                                                "id": "9c75a95b-9f42-4ca9-a152-78c492590a6f",
                                                "name": "DHAKA"
                                            }
                                        },
                                        {
                                            "name": "BASAIL",
                                            "id": "eb604fd4-90f1-40e4-9519-d5a7ca445bfc",
                                            "state": {
                                                "id": "9c75a95b-9f42-4ca9-a152-78c492590a6f",
                                                "name": "DHAKA"
                                            }
                                        },
                                        {
                                            "name": "MIRZAPUR",
                                            "id": "124001b8-78ca-48ce-bbb6-47b461c63063",
                                            "state": {
                                                "id": "9c75a95b-9f42-4ca9-a152-78c492590a6f",
                                                "name": "DHAKA"
                                            }
                                        },
                                        {
                                            "name": "NAGARPUR",
                                            "id": "6cfd02f6-756a-4b9b-85ed-04258d99ca07",
                                            "state": {
                                                "id": "9c75a95b-9f42-4ca9-a152-78c492590a6f",
                                                "name": "DHAKA"
                                            }
                                        },
                                        {
                                            "name": "MADHUPUR",
                                            "id": "21165dd7-b75c-44fb-9e86-4460f532083b",
                                            "state": {
                                                "id": "9c75a95b-9f42-4ca9-a152-78c492590a6f",
                                                "name": "DHAKA"
                                            }
                                        },
                                        {
                                            "name": "BHUAPUR",
                                            "id": "5b9c7e29-0e43-4850-8dca-91a74dab06df",
                                            "state": {
                                                "id": "9c75a95b-9f42-4ca9-a152-78c492590a6f",
                                                "name": "DHAKA"
                                            }
                                        },
                                        {
                                            "name": "GHATAIL",
                                            "id": "6a30d344-ac16-4257-acae-53a8f5a3b49f",
                                            "state": {
                                                "id": "9c75a95b-9f42-4ca9-a152-78c492590a6f",
                                                "name": "DHAKA"
                                            }
                                        },
                                        {
                                            "name": "KALIHATI",
                                            "id": "efef7a8d-28a7-4a48-aeb2-9cc9c9785e37",
                                            "state": {
                                                "id": "9c75a95b-9f42-4ca9-a152-78c492590a6f",
                                                "name": "DHAKA"
                                            }
                                        },
                                        {
                                            "name": "SAKHIPUR",
                                            "id": "86572e49-e51d-4de7-a0d1-26c5bc008a97",
                                            "state": {
                                                "id": "9c75a95b-9f42-4ca9-a152-78c492590a6f",
                                                "name": "DHAKA"
                                            }
                                        }
                                    ]
                                },
                                {
                                    "id": "68d1c1a6-79cf-4614-af26-9c92f954a31f",
                                    "name": "JOYPURHAT",
                                    "upazilas": [
                                        {
                                            "name": "JOYPURHAT S",
                                            "id": "ef9c918e-c776-452b-a9c6-1626f887ed68",
                                            "state": {
                                                "id": "d68c68d2-108e-4635-93d1-28c44525f178",
                                                "name": "RAJSHAHI"
                                            }
                                        },
                                        {
                                            "name": "PANCHBIBI",
                                            "id": "3f918cbc-453d-4529-8bc7-54ea7d192610",
                                            "state": {
                                                "id": "d68c68d2-108e-4635-93d1-28c44525f178",
                                                "name": "RAJSHAHI"
                                            }
                                        },
                                        {
                                            "name": "KALAI",
                                            "id": "06ae58bb-d069-40da-a952-6f345ddaa58d",
                                            "state": {
                                                "id": "d68c68d2-108e-4635-93d1-28c44525f178",
                                                "name": "RAJSHAHI"
                                            }
                                        },
                                        {
                                            "name": "KHETLAL",
                                            "id": "1608a3cd-70aa-46ef-8424-3bcb6f1d83bc",
                                            "state": {
                                                "id": "d68c68d2-108e-4635-93d1-28c44525f178",
                                                "name": "RAJSHAHI"
                                            }
                                        },
                                        {
                                            "name": "AKKELPUR",
                                            "id": "74242c78-e84f-4f42-a882-039391447f6c",
                                            "state": {
                                                "id": "d68c68d2-108e-4635-93d1-28c44525f178",
                                                "name": "RAJSHAHI"
                                            }
                                        }
                                    ]
                                },
                                {
                                    "id": "554b09c8-da48-4e22-ad26-491dde9c455b",
                                    "name": "SATKHIRA",
                                    "upazilas": [
                                        {
                                            "name": "ASSASUNI",
                                            "id": "70a2a525-3a4e-4a75-93b6-0751526ae9fd",
                                            "state": {
                                                "id": "642a6748-942f-473d-96c6-a6c1b2e00e05",
                                                "name": "KHULNA"
                                            }
                                        },
                                        {
                                            "name": "SATKHIRA_SADAR",
                                            "id": "18bd63e5-67e7-417f-a94b-eace376e3c53",
                                            "state": {
                                                "id": "642a6748-942f-473d-96c6-a6c1b2e00e05",
                                                "name": "KHULNA"
                                            }
                                        },
                                        {
                                            "name": "KALAROA",
                                            "id": "2bbc4bea-0602-45d5-b8a7-347875b3e0c5",
                                            "state": {
                                                "id": "642a6748-942f-473d-96c6-a6c1b2e00e05",
                                                "name": "KHULNA"
                                            }
                                        },
                                        {
                                            "name": "DEBHATA",
                                            "id": "43ab5450-3fdf-48c5-af62-8eb39cc6bdbd",
                                            "state": {
                                                "id": "642a6748-942f-473d-96c6-a6c1b2e00e05",
                                                "name": "KHULNA"
                                            }
                                        },
                                        {
                                            "name": "SHYAMNAGAR",
                                            "id": "6c225dcc-fb72-4c69-8842-9e24ca8893b3",
                                            "state": {
                                                "id": "642a6748-942f-473d-96c6-a6c1b2e00e05",
                                                "name": "KHULNA"
                                            }
                                        },
                                        {
                                            "name": "TALA",
                                            "id": "9ba03b6b-a81e-460f-bc16-4070cf8853ce",
                                            "state": {
                                                "id": "642a6748-942f-473d-96c6-a6c1b2e00e05",
                                                "name": "KHULNA"
                                            }
                                        }
                                    ]
                                },
                                {
                                    "id": "8532a8c6-657b-43bc-8ed5-bd8d6ff60ace",
                                    "name": "RAJSHAHI",
                                    "upazilas": [
                                        {
                                            "name": "BAGMARA",
                                            "id": "f2ede638-eab8-4f99-8c6b-a210e841fd1d",
                                            "state": {
                                                "id": "d68c68d2-108e-4635-93d1-28c44525f178",
                                                "name": "RAJSHAHI"
                                            }
                                        },
                                        {
                                            "name": "MOHANPUR",
                                            "id": "7aaac890-91b5-403e-9e63-c3d143b36684",
                                            "state": {
                                                "id": "d68c68d2-108e-4635-93d1-28c44525f178",
                                                "name": "RAJSHAHI"
                                            }
                                        },
                                        {
                                            "name": "BAGHA",
                                            "id": "239db35c-a47a-4654-aa45-5b23ce80c442",
                                            "state": {
                                                "id": "d68c68d2-108e-4635-93d1-28c44525f178",
                                                "name": "RAJSHAHI"
                                            }
                                        },
                                        {
                                            "name": "GODAGARI",
                                            "id": "05d823af-b4fc-4dc6-a7c3-1327766addc8",
                                            "state": {
                                                "id": "d68c68d2-108e-4635-93d1-28c44525f178",
                                                "name": "RAJSHAHI"
                                            }
                                        },
                                        {
                                            "name": "PABA",
                                            "id": "7c7f7c74-c68b-4b89-b932-d8a3239bf9b7",
                                            "state": {
                                                "id": "d68c68d2-108e-4635-93d1-28c44525f178",
                                                "name": "RAJSHAHI"
                                            }
                                        },
                                        {
                                            "name": "TANORE",
                                            "id": "58c5cea6-ca41-4a91-a5fa-b9a5934401ac",
                                            "state": {
                                                "id": "d68c68d2-108e-4635-93d1-28c44525f178",
                                                "name": "RAJSHAHI"
                                            }
                                        },
                                        {
                                            "name": "CHARGHAT",
                                            "id": "aff4647e-2079-4cce-97b0-101fc74ae51b",
                                            "state": {
                                                "id": "d68c68d2-108e-4635-93d1-28c44525f178",
                                                "name": "RAJSHAHI"
                                            }
                                        },
                                        {
                                            "name": "DURGAPUR",
                                            "id": "4223b078-975d-44e9-9365-245f0cb05789",
                                            "state": {
                                                "id": "d68c68d2-108e-4635-93d1-28c44525f178",
                                                "name": "RAJSHAHI"
                                            }
                                        },
                                        {
                                            "name": "PUTHIA",
                                            "id": "2d476069-1315-4416-b9be-a0b422700c68",
                                            "state": {
                                                "id": "d68c68d2-108e-4635-93d1-28c44525f178",
                                                "name": "RAJSHAHI"
                                            }
                                        }
                                    ]
                                },
                                {
                                    "id": "d5260be7-24e7-4c50-9a49-0796cb51b216",
                                    "name": "CUMILLA",
                                    "upazilas": [
                                        {
                                            "name": "DAUDKANDI",
                                            "id": "c1e10c6b-deab-42cb-bdc5-c11244fff880",
                                            "state": {
                                                "id": "d4e8944a-6e8f-4d6e-a313-2228cfe9a567",
                                                "name": "CHITTAGONG"
                                            }
                                        },
                                        {
                                            "name": "DEBIDWAR",
                                            "id": "8226c704-027a-489c-abef-9a3758b49617",
                                            "state": {
                                                "id": "d4e8944a-6e8f-4d6e-a313-2228cfe9a567",
                                                "name": "CHITTAGONG"
                                            }
                                        },
                                        {
                                            "name": "BURICHONG",
                                            "id": "e6684874-0ce5-4f73-9eed-7b72049acf8d",
                                            "state": {
                                                "id": "d4e8944a-6e8f-4d6e-a313-2228cfe9a567",
                                                "name": "CHITTAGONG"
                                            }
                                        },
                                        {
                                            "name": "TITAS",
                                            "id": "b224fbca-58dd-4a13-a2bf-ac01636994e2",
                                            "state": {
                                                "id": "d4e8944a-6e8f-4d6e-a313-2228cfe9a567",
                                                "name": "CHITTAGONG"
                                            }
                                        },
                                        {
                                            "name": "CHANDINA",
                                            "id": "a5e4309c-694a-4781-aa98-f8ec016e4109",
                                            "state": {
                                                "id": "d4e8944a-6e8f-4d6e-a313-2228cfe9a567",
                                                "name": "CHITTAGONG"
                                            }
                                        },
                                        {
                                            "name": "LAKSAM",
                                            "id": "bca6900f-c079-4d77-8616-cd4416f42061",
                                            "state": {
                                                "id": "d4e8944a-6e8f-4d6e-a313-2228cfe9a567",
                                                "name": "CHITTAGONG"
                                            }
                                        },
                                        {
                                            "name": "BARURA",
                                            "id": "8d377f34-bb0c-4aca-82d3-fc9f396451e0",
                                            "state": {
                                                "id": "d4e8944a-6e8f-4d6e-a313-2228cfe9a567",
                                                "name": "CHITTAGONG"
                                            }
                                        },
                                        {
                                            "name": "MURADNAGAR",
                                            "id": "d088b585-95a1-4fac-86b4-0e3b436570d4",
                                            "state": {
                                                "id": "d4e8944a-6e8f-4d6e-a313-2228cfe9a567",
                                                "name": "CHITTAGONG"
                                            }
                                        },
                                        {
                                            "name": "MEGHNA",
                                            "id": "c0cfe679-e617-4907-ae22-20e0a4dd494b",
                                            "state": {
                                                "id": "d4e8944a-6e8f-4d6e-a313-2228cfe9a567",
                                                "name": "CHITTAGONG"
                                            }
                                        },
                                        {
                                            "name": "BRAHMANPARA",
                                            "id": "f35b2456-9e76-487c-a998-b51eb7a6eae4",
                                            "state": {
                                                "id": "d4e8944a-6e8f-4d6e-a313-2228cfe9a567",
                                                "name": "CHITTAGONG"
                                            }
                                        },
                                        {
                                            "name": "COMILLA_SADAR",
                                            "id": "6abbbc95-fa39-49c4-8127-1453fe90181c",
                                            "state": {
                                                "id": "d4e8944a-6e8f-4d6e-a313-2228cfe9a567",
                                                "name": "CHITTAGONG"
                                            }
                                        },
                                        {
                                            "name": "NANGALKOT",
                                            "id": "e9e0cac7-f5dd-44d5-b1e9-9e9e1166c478",
                                            "state": {
                                                "id": "d4e8944a-6e8f-4d6e-a313-2228cfe9a567",
                                                "name": "CHITTAGONG"
                                            }
                                        },
                                        {
                                            "name": "CHAUDDAGRAM",
                                            "id": "7c9eac52-0e2e-4867-b2ee-7c4cf3a1c643",
                                            "state": {
                                                "id": "d4e8944a-6e8f-4d6e-a313-2228cfe9a567",
                                                "name": "CHITTAGONG"
                                            }
                                        },
                                        {
                                            "name": "COMILLA_SADAR SOUTH",
                                            "id": "a8ea2db4-ee9b-4340-8537-83cd622292c2",
                                            "state": {
                                                "id": "d4e8944a-6e8f-4d6e-a313-2228cfe9a567",
                                                "name": "CHITTAGONG"
                                            }
                                        },
                                        {
                                            "name": "MONOHORGONJ",
                                            "id": "eabcbd1f-9f0e-494c-b8a3-16301fd6fa10",
                                            "state": {
                                                "id": "d4e8944a-6e8f-4d6e-a313-2228cfe9a567",
                                                "name": "CHITTAGONG"
                                            }
                                        },
                                        {
                                            "name": "HOMNA",
                                            "id": "07582306-d3c1-4cb1-b07e-23d0a4d62a5f",
                                            "state": {
                                                "id": "d4e8944a-6e8f-4d6e-a313-2228cfe9a567",
                                                "name": "CHITTAGONG"
                                            }
                                        }
                                    ]
                                },
                                {
                                    "id": "272e4693-e399-466a-b021-6728909093d3",
                                    "name": "BRAHMANBARIA",
                                    "upazilas": [
                                        {
                                            "name": "KASBA",
                                            "id": "4498e76d-1d3f-48af-9194-032e8d236b61",
                                            "state": {
                                                "id": "d4e8944a-6e8f-4d6e-a313-2228cfe9a567",
                                                "name": "CHITTAGONG"
                                            }
                                        },
                                        {
                                            "name": "BRAHMANBARIA_SADAR",
                                            "id": "4f269d37-5f46-460f-b145-ada17379cbfc",
                                            "state": {
                                                "id": "d4e8944a-6e8f-4d6e-a313-2228cfe9a567",
                                                "name": "CHITTAGONG"
                                            }
                                        },
                                        {
                                            "name": "ASHUGANJ",
                                            "id": "e5395c84-18d2-4543-a6ec-a707cfe81bcc",
                                            "state": {
                                                "id": "d4e8944a-6e8f-4d6e-a313-2228cfe9a567",
                                                "name": "CHITTAGONG"
                                            }
                                        },
                                        {
                                            "name": "BIJOYNAGAR",
                                            "id": "947631d1-8146-4df8-ae1e-4d04e7595de6",
                                            "state": {
                                                "id": "d4e8944a-6e8f-4d6e-a313-2228cfe9a567",
                                                "name": "CHITTAGONG"
                                            }
                                        },
                                        {
                                            "name": "BANCHARAMPUR",
                                            "id": "0db8bac6-d7d0-4100-869e-41ebe3eb92cd",
                                            "state": {
                                                "id": "d4e8944a-6e8f-4d6e-a313-2228cfe9a567",
                                                "name": "CHITTAGONG"
                                            }
                                        },
                                        {
                                            "name": "AKHAURA",
                                            "id": "5a302ebb-61a8-4e8c-8b59-6a7a49a7b201",
                                            "state": {
                                                "id": "d4e8944a-6e8f-4d6e-a313-2228cfe9a567",
                                                "name": "CHITTAGONG"
                                            }
                                        },
                                        {
                                            "name": "NASIRNAGAR",
                                            "id": "76484d2d-47cc-4c8b-99e1-24c94c3c330e",
                                            "state": {
                                                "id": "d4e8944a-6e8f-4d6e-a313-2228cfe9a567",
                                                "name": "CHITTAGONG"
                                            }
                                        },
                                        {
                                            "name": "NABINAGAR",
                                            "id": "84aeef02-dd01-48da-8468-ac1f5479bf70",
                                            "state": {
                                                "id": "d4e8944a-6e8f-4d6e-a313-2228cfe9a567",
                                                "name": "CHITTAGONG"
                                            }
                                        },
                                        {
                                            "name": "SARAIL",
                                            "id": "ba8e3375-d3cc-48f3-915c-9699081fa9d5",
                                            "state": {
                                                "id": "d4e8944a-6e8f-4d6e-a313-2228cfe9a567",
                                                "name": "CHITTAGONG"
                                            }
                                        },
                                        {
                                            "name": "SHAHBAZPUR TOWN",
                                            "id": "9aa10ffe-f68d-4c46-9994-04d746f5d1bc",
                                            "state": {
                                                "id": "d4e8944a-6e8f-4d6e-a313-2228cfe9a567",
                                                "name": "CHITTAGONG"
                                            }
                                        }
                                    ]
                                },
                                {
                                    "id": "3c67f19f-4e59-4fda-8503-117efa8b69d6",
                                    "name": "LAKSHMIPUR",
                                    "upazilas": [
                                        {
                                            "name": "RAMGATI",
                                            "id": "85171790-705a-43f5-ac34-99c2048f50f7",
                                            "state": {
                                                "id": "d4e8944a-6e8f-4d6e-a313-2228cfe9a567",
                                                "name": "CHITTAGONG"
                                            }
                                        },
                                        {
                                            "name": "RAIPUR",
                                            "id": "bed17fa7-df5e-41a3-905b-d4675de832ce",
                                            "state": {
                                                "id": "d4e8944a-6e8f-4d6e-a313-2228cfe9a567",
                                                "name": "CHITTAGONG"
                                            }
                                        },
                                        {
                                            "name": "LAKSHMIPUR_SADAR",
                                            "id": "2769623f-1de5-407a-8e77-ce987cbfc80e",
                                            "state": {
                                                "id": "d4e8944a-6e8f-4d6e-a313-2228cfe9a567",
                                                "name": "CHITTAGONG"
                                            }
                                        },
                                        {
                                            "name": "KOMOL NAGAR",
                                            "id": "7550df44-de22-487f-aa63-47fea04a985d",
                                            "state": {
                                                "id": "d4e8944a-6e8f-4d6e-a313-2228cfe9a567",
                                                "name": "CHITTAGONG"
                                            }
                                        },
                                        {
                                            "name": "RAMGANJ",
                                            "id": "b5ceb354-c53c-41c3-b9e5-83bf8be9ed17",
                                            "state": {
                                                "id": "d4e8944a-6e8f-4d6e-a313-2228cfe9a567",
                                                "name": "CHITTAGONG"
                                            }
                                        }
                                    ]
                                },
                                {
                                    "id": "1774b360-47d1-4c74-94f9-e92b49968263",
                                    "name": "NETROKONA",
                                    "upazilas": [
                                        {
                                            "name": "KALMAKANDA UPAZILLA",
                                            "id": "c06fd86e-e96d-4148-b393-c7a909eb6b5c",
                                            "state": {
                                                "id": "f6395340-53b2-4824-8252-ef3a164b8446",
                                                "name": "MAYMENSINGH"
                                            }
                                        },
                                        {
                                            "name": "MOHANGANJ UPAZILLA",
                                            "id": "8bdfbfde-f52f-4eda-a4dc-1ea70461cf15",
                                            "state": {
                                                "id": "f6395340-53b2-4824-8252-ef3a164b8446",
                                                "name": "MAYMENSINGH"
                                            }
                                        },
                                        {
                                            "name": "NETRAKONA-S UPAZILLA",
                                            "id": "8f6dd6df-f4b6-434f-a8d8-50363278501f",
                                            "state": {
                                                "id": "f6395340-53b2-4824-8252-ef3a164b8446",
                                                "name": "MAYMENSINGH"
                                            }
                                        },
                                        {
                                            "name": "BARHATTA UPAZILLA",
                                            "id": "98dd7d62-259b-4f9b-8bcb-c9b81440439b",
                                            "state": {
                                                "id": "f6395340-53b2-4824-8252-ef3a164b8446",
                                                "name": "MAYMENSINGH"
                                            }
                                        },
                                        {
                                            "name": "KHALIAJURI UPAZILLA",
                                            "id": "0a55806b-be24-484b-9c56-3b475d525ec3",
                                            "state": {
                                                "id": "f6395340-53b2-4824-8252-ef3a164b8446",
                                                "name": "MAYMENSINGH"
                                            }
                                        },
                                        {
                                            "name": "KENDUA UPAZILLA",
                                            "id": "0a227fd8-fa1a-437b-b3e8-80df07ce0127",
                                            "state": {
                                                "id": "f6395340-53b2-4824-8252-ef3a164b8446",
                                                "name": "MAYMENSINGH"
                                            }
                                        },
                                        {
                                            "name": "ATPARA UPAZILLA",
                                            "id": "0f88c435-a402-42a6-b543-fcaad9a10cf9",
                                            "state": {
                                                "id": "f6395340-53b2-4824-8252-ef3a164b8446",
                                                "name": "MAYMENSINGH"
                                            }
                                        },
                                        {
                                            "name": "PURBADHALA UPAZILLA",
                                            "id": "421e74d9-7bd0-4186-9468-99173c747a9a",
                                            "state": {
                                                "id": "f6395340-53b2-4824-8252-ef3a164b8446",
                                                "name": "MAYMENSINGH"
                                            }
                                        },
                                        {
                                            "name": "MADAN UPAZILLA",
                                            "id": "8a74093b-0358-4469-abcf-e179b122d97c",
                                            "state": {
                                                "id": "f6395340-53b2-4824-8252-ef3a164b8446",
                                                "name": "MAYMENSINGH"
                                            }
                                        },
                                        {
                                            "name": "DURGAPUR UPAZILLA",
                                            "id": "620df571-6ff3-4f42-9879-01d7fbd58664",
                                            "state": {
                                                "id": "f6395340-53b2-4824-8252-ef3a164b8446",
                                                "name": "MAYMENSINGH"
                                            }
                                        }
                                    ]
                                },
                                {
                                    "id": "f46364df-b16f-4916-9601-56bc37674090",
                                    "name": "MADARIPUR",
                                    "upazilas": [
                                        {
                                            "name": "RAJOIR",
                                            "id": "e93745bf-e56f-4059-9a47-0cdc7a6dd0e6",
                                            "state": {
                                                "id": "9c75a95b-9f42-4ca9-a152-78c492590a6f",
                                                "name": "DHAKA"
                                            }
                                        },
                                        {
                                            "name": "KALKINI",
                                            "id": "39b91e5b-54e0-4ef5-900c-0f260df1b12c",
                                            "state": {
                                                "id": "9c75a95b-9f42-4ca9-a152-78c492590a6f",
                                                "name": "DHAKA"
                                            }
                                        },
                                        {
                                            "name": "DASAR",
                                            "id": "3558fcad-3277-4d85-8b05-c4c39ad8add0",
                                            "state": {
                                                "id": "9c75a95b-9f42-4ca9-a152-78c492590a6f",
                                                "name": "DHAKA"
                                            }
                                        },
                                        {
                                            "name": "SHIBCHAR",
                                            "id": "2090422b-acad-447b-bdc5-f5df7813287d",
                                            "state": {
                                                "id": "9c75a95b-9f42-4ca9-a152-78c492590a6f",
                                                "name": "DHAKA"
                                            }
                                        },
                                        {
                                            "name": "MADARIPUR_SADAR",
                                            "id": "a0368a52-0c1a-4ca6-8c6f-3bddda0602bf",
                                            "state": {
                                                "id": "9c75a95b-9f42-4ca9-a152-78c492590a6f",
                                                "name": "DHAKA"
                                            }
                                        }
                                    ]
                                },
                                {
                                    "id": "03394485-abb0-4a8f-b928-9b986ca6cd35",
                                    "name": "NARAYANGANJ",
                                    "upazilas": [
                                        {
                                            "name": "NARYANGANJ_SADAR",
                                            "id": "204bc228-4838-4831-86c1-83fddbab206c",
                                            "state": {
                                                "id": "9c75a95b-9f42-4ca9-a152-78c492590a6f",
                                                "name": "DHAKA"
                                            }
                                        },
                                        {
                                            "name": "SONARGAON",
                                            "id": "f49e5635-d73c-4cea-83ee-5de520c1ceb3",
                                            "state": {
                                                "id": "9c75a95b-9f42-4ca9-a152-78c492590a6f",
                                                "name": "DHAKA"
                                            }
                                        },
                                        {
                                            "name": "ARAIHAZAR",
                                            "id": "5b715c3d-64d6-4144-81a2-c9c3222c3583",
                                            "state": {
                                                "id": "9c75a95b-9f42-4ca9-a152-78c492590a6f",
                                                "name": "DHAKA"
                                            }
                                        },
                                        {
                                            "name": "BANDAR",
                                            "id": "f745e13a-9ff7-4b1f-a370-3706ed8fe794",
                                            "state": {
                                                "id": "9c75a95b-9f42-4ca9-a152-78c492590a6f",
                                                "name": "DHAKA"
                                            }
                                        },
                                        {
                                            "name": "RUPGANJ",
                                            "id": "850fc0af-59a8-4beb-aeb5-f9d2a33fae32",
                                            "state": {
                                                "id": "9c75a95b-9f42-4ca9-a152-78c492590a6f",
                                                "name": "DHAKA"
                                            }
                                        },
                                        {
                                            "name": "SIDDIRGONJ",
                                            "id": "eb803c77-6bd5-4485-8984-cefc09569d46",
                                            "state": {
                                                "id": "9c75a95b-9f42-4ca9-a152-78c492590a6f",
                                                "name": "DHAKA"
                                            }
                                        }
                                    ]
                                },
                                {
                                    "id": "6988fbb2-ec1a-483e-b38d-b444db1232e4",
                                    "name": "GAZIPUR",
                                    "upazilas": [
                                        {
                                            "name": "SRIPUR",
                                            "id": "ff0b71cd-078d-4b86-bbfc-277f9e7831bd",
                                            "state": {
                                                "id": "9c75a95b-9f42-4ca9-a152-78c492590a6f",
                                                "name": "DHAKA"
                                            }
                                        },
                                        {
                                            "name": "KALIAKIOR",
                                            "id": "38522ca1-1e56-4afb-8e22-9fb942025670",
                                            "state": {
                                                "id": "9c75a95b-9f42-4ca9-a152-78c492590a6f",
                                                "name": "DHAKA"
                                            }
                                        },
                                        {
                                            "name": "TONGI",
                                            "id": "7d80f457-b9e9-4264-838e-5b085f402e99",
                                            "state": {
                                                "id": "9c75a95b-9f42-4ca9-a152-78c492590a6f",
                                                "name": "DHAKA"
                                            }
                                        },
                                        {
                                            "name": "KAPASIA",
                                            "id": "90c13f9e-25c6-41cc-aecc-da6ec1adf439",
                                            "state": {
                                                "id": "9c75a95b-9f42-4ca9-a152-78c492590a6f",
                                                "name": "DHAKA"
                                            }
                                        },
                                        {
                                            "name": "GAZIPUR_SADAR-JOYDEBPUR",
                                            "id": "9de27df1-812c-47be-a756-66b298a15281",
                                            "state": {
                                                "id": "9c75a95b-9f42-4ca9-a152-78c492590a6f",
                                                "name": "DHAKA"
                                            }
                                        }
                                    ]
                                },
                                {
                                    "id": "3e56df9f-26ae-4ec2-9d75-cbe655ee5fcd",
                                    "name": "NAWABGANJ",
                                    "upazilas": [
                                        {
                                            "name": "SHIBGANJ",
                                            "id": "5a69a253-29cc-437b-bd7f-765f9020b05c",
                                            "state": {
                                                "id": "d68c68d2-108e-4635-93d1-28c44525f178",
                                                "name": "RAJSHAHI"
                                            }
                                        },
                                        {
                                            "name": "NAWABGANJ_SADAR",
                                            "id": "38cf4ab6-34d7-4822-81c9-cf35860c09eb",
                                            "state": {
                                                "id": "d68c68d2-108e-4635-93d1-28c44525f178",
                                                "name": "RAJSHAHI"
                                            }
                                        },
                                        {
                                            "name": "BHOLAHAT",
                                            "id": "1fc07589-90dc-4484-91b3-b7aa6ea120c7",
                                            "state": {
                                                "id": "d68c68d2-108e-4635-93d1-28c44525f178",
                                                "name": "RAJSHAHI"
                                            }
                                        },
                                        {
                                            "name": "GOMASTAPUR",
                                            "id": "e02d73bf-e86e-49c6-a88f-386dba2e77f5",
                                            "state": {
                                                "id": "d68c68d2-108e-4635-93d1-28c44525f178",
                                                "name": "RAJSHAHI"
                                            }
                                        },
                                        {
                                            "name": "NACHOLE",
                                            "id": "ef4efc17-4d51-42ad-ab19-ad9ca8825334",
                                            "state": {
                                                "id": "d68c68d2-108e-4635-93d1-28c44525f178",
                                                "name": "RAJSHAHI"
                                            }
                                        }
                                    ]
                                },
                                {
                                    "id": "d9ba4812-1282-44de-9f59-c343ec5d1623",
                                    "name": "HABIGANJ",
                                    "upazilas": [
                                        {
                                            "name": "MADHABPUR",
                                            "id": "6b3a6f8c-2a46-4f42-9eec-ca4dce6db8d1",
                                            "state": {
                                                "id": "2f2f0cc1-587a-4dad-a3f0-83c0bac697ec",
                                                "name": "SYLHET"
                                            }
                                        },
                                        {
                                            "name": "AJMIRIGANJ",
                                            "id": "fe078d20-cdd6-4505-987f-75724794fc60",
                                            "state": {
                                                "id": "2f2f0cc1-587a-4dad-a3f0-83c0bac697ec",
                                                "name": "SYLHET"
                                            }
                                        },
                                        {
                                            "name": "HABIGANJ_SADAR",
                                            "id": "9abb2827-c6bf-4dff-88ba-08a8f443de07",
                                            "state": {
                                                "id": "2f2f0cc1-587a-4dad-a3f0-83c0bac697ec",
                                                "name": "SYLHET"
                                            }
                                        },
                                        {
                                            "name": "SHAISTAGONJ",
                                            "id": "7b1ffaa0-17d4-41aa-8a09-ef548e1ed0d3",
                                            "state": {
                                                "id": "2f2f0cc1-587a-4dad-a3f0-83c0bac697ec",
                                                "name": "SYLHET"
                                            }
                                        },
                                        {
                                            "name": "CHUNARUGHAT",
                                            "id": "e93527a1-bc76-4c94-9a0b-a1bf1ffeb2d9",
                                            "state": {
                                                "id": "2f2f0cc1-587a-4dad-a3f0-83c0bac697ec",
                                                "name": "SYLHET"
                                            }
                                        },
                                        {
                                            "name": "LAKHAI",
                                            "id": "63cbbda9-fd2e-4571-88a4-5ee93002ece0",
                                            "state": {
                                                "id": "2f2f0cc1-587a-4dad-a3f0-83c0bac697ec",
                                                "name": "SYLHET"
                                            }
                                        },
                                        {
                                            "name": "BANIACHANG",
                                            "id": "3c4a572a-fa59-4f9a-bb18-c3452a160f07",
                                            "state": {
                                                "id": "2f2f0cc1-587a-4dad-a3f0-83c0bac697ec",
                                                "name": "SYLHET"
                                            }
                                        },
                                        {
                                            "name": "BAHUBAL",
                                            "id": "0cc7bd46-ff4a-4097-8624-86a54e58635a",
                                            "state": {
                                                "id": "2f2f0cc1-587a-4dad-a3f0-83c0bac697ec",
                                                "name": "SYLHET"
                                            }
                                        },
                                        {
                                            "name": "NABIGANJ",
                                            "id": "753f6651-0ca3-4a21-8edc-9a33086ba51e",
                                            "state": {
                                                "id": "2f2f0cc1-587a-4dad-a3f0-83c0bac697ec",
                                                "name": "SYLHET"
                                            }
                                        }
                                    ]
                                },
                                {
                                    "id": "aec90468-bdf5-4909-9603-7fb165dd34b0",
                                    "name": "BANDARBAN",
                                    "upazilas": [
                                        {
                                            "name": "BANDARBAN_SADAR",
                                            "id": "29593331-9a0e-411b-b8dc-a3d3d92eb941",
                                            "state": {
                                                "id": "d4e8944a-6e8f-4d6e-a313-2228cfe9a567",
                                                "name": "CHITTAGONG"
                                            }
                                        },
                                        {
                                            "name": "LAMA",
                                            "id": "2e0b2174-f8fd-4253-8c0a-70683d748a3f",
                                            "state": {
                                                "id": "d4e8944a-6e8f-4d6e-a313-2228cfe9a567",
                                                "name": "CHITTAGONG"
                                            }
                                        },
                                        {
                                            "name": "ALI KADAM",
                                            "id": "9fde9ce1-993f-4259-91e7-3b98a24e8761",
                                            "state": {
                                                "id": "d4e8944a-6e8f-4d6e-a313-2228cfe9a567",
                                                "name": "CHITTAGONG"
                                            }
                                        },
                                        {
                                            "name": "ROWANGCHHARI",
                                            "id": "276ee236-ded6-41ca-8e0a-f78e67d2b3da",
                                            "state": {
                                                "id": "d4e8944a-6e8f-4d6e-a313-2228cfe9a567",
                                                "name": "CHITTAGONG"
                                            }
                                        },
                                        {
                                            "name": "THANCHI",
                                            "id": "03e46154-e64f-46e4-a1ec-e85ddf107787",
                                            "state": {
                                                "id": "d4e8944a-6e8f-4d6e-a313-2228cfe9a567",
                                                "name": "CHITTAGONG"
                                            }
                                        },
                                        {
                                            "name": "RUMA",
                                            "id": "1151bfe0-da1f-4b1f-b114-4bf1d90d22cc",
                                            "state": {
                                                "id": "d4e8944a-6e8f-4d6e-a313-2228cfe9a567",
                                                "name": "CHITTAGONG"
                                            }
                                        },
                                        {
                                            "name": "NAIKHONGCHHARI",
                                            "id": "6a91aef8-e8f4-4a6d-ba56-d0c2dc7c1825",
                                            "state": {
                                                "id": "d4e8944a-6e8f-4d6e-a313-2228cfe9a567",
                                                "name": "CHITTAGONG"
                                            }
                                        }
                                    ]
                                },
                                {
                                    "id": "c73a2eed-dabd-4afe-8697-b61c7660367c",
                                    "name": "SYLHET",
                                    "upazilas": [
                                        {
                                            "name": "COMPANIGANJ",
                                            "id": "31e28b0b-7ebc-421d-b4ba-639b9ca7cb53",
                                            "state": {
                                                "id": "2f2f0cc1-587a-4dad-a3f0-83c0bac697ec",
                                                "name": "SYLHET"
                                            }
                                        },
                                        {
                                            "name": "SYLHET_SADAR",
                                            "id": "a34f0b38-18e8-4262-86b2-1651bb537760",
                                            "state": {
                                                "id": "2f2f0cc1-587a-4dad-a3f0-83c0bac697ec",
                                                "name": "SYLHET"
                                            }
                                        },
                                        {
                                            "name": "BISHWANATH",
                                            "id": "d6ba0515-8d7b-4bfb-98c2-106a38549130",
                                            "state": {
                                                "id": "2f2f0cc1-587a-4dad-a3f0-83c0bac697ec",
                                                "name": "SYLHET"
                                            }
                                        },
                                        {
                                            "name": "KANAIGHAT",
                                            "id": "e031ef05-3d43-4ad6-b6f1-b773fbb9096d",
                                            "state": {
                                                "id": "2f2f0cc1-587a-4dad-a3f0-83c0bac697ec",
                                                "name": "SYLHET"
                                            }
                                        },
                                        {
                                            "name": "GOLAPGANJ",
                                            "id": "210156d5-afd9-4bd0-a11a-b9a4c5cbbdbc",
                                            "state": {
                                                "id": "2f2f0cc1-587a-4dad-a3f0-83c0bac697ec",
                                                "name": "SYLHET"
                                            }
                                        },
                                        {
                                            "name": "GOWAINGHAT",
                                            "id": "2dd4daf8-43b6-482d-a890-2bb2a70e8991",
                                            "state": {
                                                "id": "2f2f0cc1-587a-4dad-a3f0-83c0bac697ec",
                                                "name": "SYLHET"
                                            }
                                        },
                                        {
                                            "name": "ZAKIGANJ",
                                            "id": "30f4b678-fdec-482d-8f8a-e26c346f26ad",
                                            "state": {
                                                "id": "2f2f0cc1-587a-4dad-a3f0-83c0bac697ec",
                                                "name": "SYLHET"
                                            }
                                        },
                                        {
                                            "name": "JAINTIAPUR",
                                            "id": "8f86c696-7e8e-44a4-91cf-6561dd174a18",
                                            "state": {
                                                "id": "2f2f0cc1-587a-4dad-a3f0-83c0bac697ec",
                                                "name": "SYLHET"
                                            }
                                        },
                                        {
                                            "name": "DAKSHIN SURMA",
                                            "id": "ff180545-ebf0-481f-827b-2fa7cd6ee10b",
                                            "state": {
                                                "id": "2f2f0cc1-587a-4dad-a3f0-83c0bac697ec",
                                                "name": "SYLHET"
                                            }
                                        },
                                        {
                                            "name": "FENCHUGANJ",
                                            "id": "adaf36ec-689f-4591-b29c-8677a4e45f9e",
                                            "state": {
                                                "id": "2f2f0cc1-587a-4dad-a3f0-83c0bac697ec",
                                                "name": "SYLHET"
                                            }
                                        },
                                        {
                                            "name": "NOBIGONJ",
                                            "id": "c04977f2-7416-40cf-9c90-d828a9e789d5",
                                            "state": {
                                                "id": "2f2f0cc1-587a-4dad-a3f0-83c0bac697ec",
                                                "name": "SYLHET"
                                            }
                                        },
                                        {
                                            "name": "BEANIBAZAR",
                                            "id": "e5334066-cdb3-4529-a7a7-6cc3a6160265",
                                            "state": {
                                                "id": "2f2f0cc1-587a-4dad-a3f0-83c0bac697ec",
                                                "name": "SYLHET"
                                            }
                                        },
                                        {
                                            "name": "BALAGANJ",
                                            "id": "d92a9983-9313-470e-80da-9f025ed17212",
                                            "state": {
                                                "id": "2f2f0cc1-587a-4dad-a3f0-83c0bac697ec",
                                                "name": "SYLHET"
                                            }
                                        }
                                    ]
                                },
                                {
                                    "id": "86d79ef2-dc45-4d2d-8e54-fad70c79b647",
                                    "name": "PIROJPUR",
                                    "upazilas": [
                                        {
                                            "name": "NAZIRPUR",
                                            "id": "d7844a35-f652-4b30-925b-194f2396958d",
                                            "state": {
                                                "id": "5cbbb439-96e7-4f60-bf2f-abddd0d03e7e",
                                                "name": "BARISAL"
                                            }
                                        },
                                        {
                                            "name": "MATHBARIA",
                                            "id": "8e328e74-3026-4e46-8e67-fc37ce651dfe",
                                            "state": {
                                                "id": "5cbbb439-96e7-4f60-bf2f-abddd0d03e7e",
                                                "name": "BARISAL"
                                            }
                                        },
                                        {
                                            "name": "BHANDARIA",
                                            "id": "6c758ead-5526-424d-9228-1fc826c3c76e",
                                            "state": {
                                                "id": "5cbbb439-96e7-4f60-bf2f-abddd0d03e7e",
                                                "name": "BARISAL"
                                            }
                                        },
                                        {
                                            "name": "ZIANAGAR",
                                            "id": "316d4e46-74dc-458f-8750-e3643592b032",
                                            "state": {
                                                "id": "5cbbb439-96e7-4f60-bf2f-abddd0d03e7e",
                                                "name": "BARISAL"
                                            }
                                        },
                                        {
                                            "name": "PIROJPUR_SADAR",
                                            "id": "c98de406-4053-41d1-b72e-479d07b91a94",
                                            "state": {
                                                "id": "5cbbb439-96e7-4f60-bf2f-abddd0d03e7e",
                                                "name": "BARISAL"
                                            }
                                        },
                                        {
                                            "name": "NESARABAD",
                                            "id": "7dca70fe-76a9-4517-96bd-961f4a82c401",
                                            "state": {
                                                "id": "5cbbb439-96e7-4f60-bf2f-abddd0d03e7e",
                                                "name": "BARISAL"
                                            }
                                        }
                                    ]
                                },
                                {
                                    "id": "faeca4b5-c49e-4522-9d6b-b1f1786d3fe4",
                                    "name": "MEHERPUR",
                                    "upazilas": [
                                        {
                                            "name": "ANGNI",
                                            "id": "8dc5d275-9329-47d9-af59-fcad6d54bf3b",
                                            "state": {
                                                "id": "642a6748-942f-473d-96c6-a6c1b2e00e05",
                                                "name": "KHULNA"
                                            }
                                        },
                                        {
                                            "name": "MEHERPUR-S",
                                            "id": "90ee1389-ade9-47fd-b25b-0210a778cbb7",
                                            "state": {
                                                "id": "642a6748-942f-473d-96c6-a6c1b2e00e05",
                                                "name": "KHULNA"
                                            }
                                        },
                                        {
                                            "name": "MUJIB NAGAR",
                                            "id": "5d4ba578-bd32-4c79-9211-573b9174c19c",
                                            "state": {
                                                "id": "642a6748-942f-473d-96c6-a6c1b2e00e05",
                                                "name": "KHULNA"
                                            }
                                        }
                                    ]
                                },
                                {
                                    "id": "c9ee4e88-6a9e-4dca-a376-e34b12b08a7c",
                                    "name": "MAULVIBAZAR",
                                    "upazilas": [
                                        {
                                            "name": "RAJNAGAR",
                                            "id": "7d51ce73-16fe-47cf-ba03-0c064ccc14f0",
                                            "state": {
                                                "id": "2f2f0cc1-587a-4dad-a3f0-83c0bac697ec",
                                                "name": "SYLHET"
                                            }
                                        },
                                        {
                                            "name": "BARLEKHA",
                                            "id": "4787d06c-b9e4-43b1-80ef-21623028b031",
                                            "state": {
                                                "id": "2f2f0cc1-587a-4dad-a3f0-83c0bac697ec",
                                                "name": "SYLHET"
                                            }
                                        },
                                        {
                                            "name": "KULAURA",
                                            "id": "bd871dd2-4f8d-4c28-8d67-775939289225",
                                            "state": {
                                                "id": "2f2f0cc1-587a-4dad-a3f0-83c0bac697ec",
                                                "name": "SYLHET"
                                            }
                                        },
                                        {
                                            "name": "JURI",
                                            "id": "77753183-cece-4b78-85f7-fbb30b55cda4",
                                            "state": {
                                                "id": "2f2f0cc1-587a-4dad-a3f0-83c0bac697ec",
                                                "name": "SYLHET"
                                            }
                                        },
                                        {
                                            "name": "SREEMANGAL",
                                            "id": "8ee98bba-fc39-4bb2-9d83-e357a620b424",
                                            "state": {
                                                "id": "2f2f0cc1-587a-4dad-a3f0-83c0bac697ec",
                                                "name": "SYLHET"
                                            }
                                        },
                                        {
                                            "name": "KAMALGANJ",
                                            "id": "11e746ba-02ec-4142-9177-6740d9a5c6f9",
                                            "state": {
                                                "id": "2f2f0cc1-587a-4dad-a3f0-83c0bac697ec",
                                                "name": "SYLHET"
                                            }
                                        },
                                        {
                                            "name": "MOULVIBAZAR_SADAR",
                                            "id": "fb364596-f586-4335-9ab7-c7ab0104689f",
                                            "state": {
                                                "id": "2f2f0cc1-587a-4dad-a3f0-83c0bac697ec",
                                                "name": "SYLHET"
                                            }
                                        }
                                    ]
                                },
                                {
                                    "id": "1319d89d-5fb0-41b9-bdb5-05339617a6fa",
                                    "name": "SHERPUR",
                                    "upazilas": [
                                        {
                                            "name": "NAKLA",
                                            "id": "864fc566-3981-4a3a-b47a-bb549d6697f4",
                                            "state": {
                                                "id": "f6395340-53b2-4824-8252-ef3a164b8446",
                                                "name": "MAYMENSINGH"
                                            }
                                        },
                                        {
                                            "name": "JHENAIGATI",
                                            "id": "880b10a0-05da-46be-bf3e-354aac03cab7",
                                            "state": {
                                                "id": "f6395340-53b2-4824-8252-ef3a164b8446",
                                                "name": "MAYMENSINGH"
                                            }
                                        },
                                        {
                                            "name": "SREEBARDI",
                                            "id": "9f257f25-c5d3-471b-8364-62ce7eb59dfc",
                                            "state": {
                                                "id": "f6395340-53b2-4824-8252-ef3a164b8446",
                                                "name": "MAYMENSINGH"
                                            }
                                        },
                                        {
                                            "name": "SHERPUR_SADAR",
                                            "id": "cd07db73-b66e-456a-825f-81fc08cf337a",
                                            "state": {
                                                "id": "f6395340-53b2-4824-8252-ef3a164b8446",
                                                "name": "MAYMENSINGH"
                                            }
                                        },
                                        {
                                            "name": "NALITABARI",
                                            "id": "37c7e577-eeb5-4df5-877f-7ccee900a891",
                                            "state": {
                                                "id": "f6395340-53b2-4824-8252-ef3a164b8446",
                                                "name": "MAYMENSINGH"
                                            }
                                        }
                                    ]
                                },
                                {
                                    "id": "f9c3c547-adb4-4e53-a2a8-70bd5b31e3d7",
                                    "name": "FARIDPUR",
                                    "upazilas": [
                                        {
                                            "name": "CHARBHADRASAN",
                                            "id": "babc9507-275e-4611-ba34-4a080f4d42a8",
                                            "state": {
                                                "id": "9c75a95b-9f42-4ca9-a152-78c492590a6f",
                                                "name": "DHAKA"
                                            }
                                        },
                                        {
                                            "name": "FARIDPUR_SADAR",
                                            "id": "5f3eccfd-b863-4ccf-8c18-ad32f99e2859",
                                            "state": {
                                                "id": "9c75a95b-9f42-4ca9-a152-78c492590a6f",
                                                "name": "DHAKA"
                                            }
                                        },
                                        {
                                            "name": "ALFADANGA",
                                            "id": "259fd208-67c5-42b8-b98a-aa4a39290da5",
                                            "state": {
                                                "id": "9c75a95b-9f42-4ca9-a152-78c492590a6f",
                                                "name": "DHAKA"
                                            }
                                        },
                                        {
                                            "name": "Faridpur Sadar",
                                            "id": "99ac95fe-a484-448c-b9d8-5c9200b273e3",
                                            "state": {
                                                "id": "9c75a95b-9f42-4ca9-a152-78c492590a6f",
                                                "name": "DHAKA"
                                            }
                                        },
                                        {
                                            "name": "SADARPUR",
                                            "id": "f518eb87-fa45-438b-ac13-2415f3faea91",
                                            "state": {
                                                "id": "9c75a95b-9f42-4ca9-a152-78c492590a6f",
                                                "name": "DHAKA"
                                            }
                                        },
                                        {
                                            "name": "BHANGA",
                                            "id": "ed2d07c1-11c0-4f41-b499-fde54429851f",
                                            "state": {
                                                "id": "9c75a95b-9f42-4ca9-a152-78c492590a6f",
                                                "name": "DHAKA"
                                            }
                                        },
                                        {
                                            "name": "MADHUKHALI",
                                            "id": "6b341b59-641e-4db0-8dc0-2ce74ae664e9",
                                            "state": {
                                                "id": "9c75a95b-9f42-4ca9-a152-78c492590a6f",
                                                "name": "DHAKA"
                                            }
                                        },
                                        {
                                            "name": "NAGARKANDA",
                                            "id": "4d6dd97f-3b4c-4d48-8502-2f6e2c7c9274",
                                            "state": {
                                                "id": "9c75a95b-9f42-4ca9-a152-78c492590a6f",
                                                "name": "DHAKA"
                                            }
                                        },
                                        {
                                            "name": "BOALMARI",
                                            "id": "953e90ab-0015-4e6e-aa42-3d139c026a5d",
                                            "state": {
                                                "id": "9c75a95b-9f42-4ca9-a152-78c492590a6f",
                                                "name": "DHAKA"
                                            }
                                        },
                                        {
                                            "name": "SHALTHA",
                                            "id": "b67e6c94-f523-4359-a2a8-335a8d8dd43c",
                                            "state": {
                                                "id": "9c75a95b-9f42-4ca9-a152-78c492590a6f",
                                                "name": "DHAKA"
                                            }
                                        }
                                    ]
                                },
                                {
                                    "id": "8fdce543-067c-4c21-8ed2-f19c3fdf215b",
                                    "name": "NILPHAMARI",
                                    "upazilas": [
                                        {
                                            "name": "NILPHAMARI_SADAR",
                                            "id": "23cf2816-4cb3-4159-bb93-52a3fd781c00",
                                            "state": {
                                                "id": "b8c19906-b4fc-4745-ac93-af957934136b",
                                                "name": "RANGPUR"
                                            }
                                        },
                                        {
                                            "name": "JALDHAKA",
                                            "id": "623722ab-fa63-40cb-87d2-30f7b9f0b66b",
                                            "state": {
                                                "id": "b8c19906-b4fc-4745-ac93-af957934136b",
                                                "name": "RANGPUR"
                                            }
                                        },
                                        {
                                            "name": "DOMAR",
                                            "id": "a776cc51-7370-493a-a772-ccd1b0b20855",
                                            "state": {
                                                "id": "b8c19906-b4fc-4745-ac93-af957934136b",
                                                "name": "RANGPUR"
                                            }
                                        },
                                        {
                                            "name": "KISHOREGANJ",
                                            "id": "1deadcdb-a5f3-475b-95be-108a1046f978",
                                            "state": {
                                                "id": "b8c19906-b4fc-4745-ac93-af957934136b",
                                                "name": "RANGPUR"
                                            }
                                        },
                                        {
                                            "name": "SAIDPUR",
                                            "id": "a232edd2-b19a-4344-8c76-4ebd7090457a",
                                            "state": {
                                                "id": "b8c19906-b4fc-4745-ac93-af957934136b",
                                                "name": "RANGPUR"
                                            }
                                        },
                                        {
                                            "name": "DIMLA",
                                            "id": "1c92cece-1653-45ac-a086-24e8d852b562",
                                            "state": {
                                                "id": "b8c19906-b4fc-4745-ac93-af957934136b",
                                                "name": "RANGPUR"
                                            }
                                        }
                                    ]
                                },
                                {
                                    "id": "739583dc-519d-49b0-9582-d798a027ca79",
                                    "name": "COX'S BAZAR",
                                    "upazilas": [
                                        {
                                            "name": "COXS BAZAR SADAR",
                                            "id": "38c08333-395d-4aa8-86c0-8caea9a52c76",
                                            "state": {
                                                "id": "d4e8944a-6e8f-4d6e-a313-2228cfe9a567",
                                                "name": "CHITTAGONG"
                                            }
                                        },
                                        {
                                            "name": "TEKNAF",
                                            "id": "d41283c5-bca6-405f-8acf-e68e68e73308",
                                            "state": {
                                                "id": "d4e8944a-6e8f-4d6e-a313-2228cfe9a567",
                                                "name": "CHITTAGONG"
                                            }
                                        },
                                        {
                                            "name": "CHAKARIA",
                                            "id": "7a82b092-c530-4b72-985a-6e7c61a4f69f",
                                            "state": {
                                                "id": "d4e8944a-6e8f-4d6e-a313-2228cfe9a567",
                                                "name": "CHITTAGONG"
                                            }
                                        },
                                        {
                                            "name": "RAMU",
                                            "id": "529c05f5-dbc9-4442-9600-6debc27754d3",
                                            "state": {
                                                "id": "d4e8944a-6e8f-4d6e-a313-2228cfe9a567",
                                                "name": "CHITTAGONG"
                                            }
                                        },
                                        {
                                            "name": "EIDGAON",
                                            "id": "56f91627-c045-4618-b933-805104e9ed1f",
                                            "state": {
                                                "id": "d4e8944a-6e8f-4d6e-a313-2228cfe9a567",
                                                "name": "CHITTAGONG"
                                            }
                                        },
                                        {
                                            "name": "UKHIA",
                                            "id": "66dc64de-4a0b-4c4a-a6c8-80b63c9a3c75",
                                            "state": {
                                                "id": "d4e8944a-6e8f-4d6e-a313-2228cfe9a567",
                                                "name": "CHITTAGONG"
                                            }
                                        },
                                        {
                                            "name": "PEKUA",
                                            "id": "d01cb26d-4cfe-4017-a7c2-e9fdc0d8e2df",
                                            "state": {
                                                "id": "d4e8944a-6e8f-4d6e-a313-2228cfe9a567",
                                                "name": "CHITTAGONG"
                                            }
                                        },
                                        {
                                            "name": "MAHESHKHALI",
                                            "id": "c2ebc5a8-aaf2-4b98-a059-8beb05b34bdd",
                                            "state": {
                                                "id": "d4e8944a-6e8f-4d6e-a313-2228cfe9a567",
                                                "name": "CHITTAGONG"
                                            }
                                        },
                                        {
                                            "name": "KUTUBDIA",
                                            "id": "8f731bf7-fbb2-4b70-9e47-6d3d0d415d5d",
                                            "state": {
                                                "id": "d4e8944a-6e8f-4d6e-a313-2228cfe9a567",
                                                "name": "CHITTAGONG"
                                            }
                                        }
                                    ]
                                },
                                {
                                    "id": "2e26f8c1-97a7-44fc-9090-22af4de4ac9e",
                                    "name": "DHAKA",
                                    "upazilas": [
                                        {
                                            "name": "KERANIGANJ",
                                            "id": "37fa6ec5-6a13-4a35-b5c6-674b507edc01",
                                            "state": {
                                                "id": "9c75a95b-9f42-4ca9-a152-78c492590a6f",
                                                "name": "DHAKA"
                                            }
                                        },
                                        {
                                            "name": "DHAMRAI",
                                            "id": "9f2f6c8f-663f-4416-a1a7-1c59abb3852a",
                                            "state": {
                                                "id": "9c75a95b-9f42-4ca9-a152-78c492590a6f",
                                                "name": "DHAKA"
                                            }
                                        },
                                        {
                                            "name": "SAVAR",
                                            "id": "1a6db9e6-f058-4a33-a404-f7825a11a530",
                                            "state": {
                                                "id": "9c75a95b-9f42-4ca9-a152-78c492590a6f",
                                                "name": "DHAKA"
                                            }
                                        },
                                        {
                                            "name": "DOHAR",
                                            "id": "eaad1c5c-5972-4dd5-a18c-734fbadb8864",
                                            "state": {
                                                "id": "9c75a95b-9f42-4ca9-a152-78c492590a6f",
                                                "name": "DHAKA"
                                            }
                                        }
                                    ]
                                },
                                {
                                    "id": "f25de2cd-5ed8-44a8-9ae0-7d65c232f423",
                                    "name": "JAMALPUR",
                                    "upazilas": [
                                        {
                                            "name": "MELANDAHA",
                                            "id": "e5a81703-97d0-479b-a4fd-22a3a602697f",
                                            "state": {
                                                "id": "f6395340-53b2-4824-8252-ef3a164b8446",
                                                "name": "MAYMENSINGH"
                                            }
                                        },
                                        {
                                            "name": "NARUNDI POLICE I.C",
                                            "id": "c7710b29-c844-4892-9108-d73148cda29c",
                                            "state": {
                                                "id": "f6395340-53b2-4824-8252-ef3a164b8446",
                                                "name": "MAYMENSINGH"
                                            }
                                        },
                                        {
                                            "name": "ISLAMPUR",
                                            "id": "aedbc063-13ca-4e20-8357-eb22e8936000",
                                            "state": {
                                                "id": "f6395340-53b2-4824-8252-ef3a164b8446",
                                                "name": "MAYMENSINGH"
                                            }
                                        },
                                        {
                                            "name": "DEWANGANJ",
                                            "id": "1cc6d50f-87e6-4dd4-8a6e-9490a827621b",
                                            "state": {
                                                "id": "f6395340-53b2-4824-8252-ef3a164b8446",
                                                "name": "MAYMENSINGH"
                                            }
                                        },
                                        {
                                            "name": "JAMALPUR_SADAR",
                                            "id": "084e0df5-fe78-46ce-a473-939b9333bf40",
                                            "state": {
                                                "id": "f6395340-53b2-4824-8252-ef3a164b8446",
                                                "name": "MAYMENSINGH"
                                            }
                                        },
                                        {
                                            "name": "MADARGANJ",
                                            "id": "4782f9bd-aede-453f-8c96-7e2e10e8255b",
                                            "state": {
                                                "id": "f6395340-53b2-4824-8252-ef3a164b8446",
                                                "name": "MAYMENSINGH"
                                            }
                                        },
                                        {
                                            "name": "BAKSIGANJ",
                                            "id": "209bc080-4acc-4ac4-a88c-0ebc92355a2c",
                                            "state": {
                                                "id": "f6395340-53b2-4824-8252-ef3a164b8446",
                                                "name": "MAYMENSINGH"
                                            }
                                        },
                                        {
                                            "name": "SARISHABARI",
                                            "id": "c9d83f61-fe43-402a-9e0b-7f4df5cbe0e2",
                                            "state": {
                                                "id": "f6395340-53b2-4824-8252-ef3a164b8446",
                                                "name": "MAYMENSINGH"
                                            }
                                        }
                                    ]
                                },
                                {
                                    "id": "468da8cf-58f1-426f-ae73-d9554f7f71f6",
                                    "name": "NOAKHALI",
                                    "upazilas": [
                                        {
                                            "name": "COMPANYGANJ",
                                            "id": "87c2d2fe-377e-4bb3-aa56-93c5eb46ce99",
                                            "state": {
                                                "id": "d4e8944a-6e8f-4d6e-a313-2228cfe9a567",
                                                "name": "CHITTAGONG"
                                            }
                                        },
                                        {
                                            "name": "KOBIRHAT",
                                            "id": "edd18fb6-2dba-492a-bc59-f118923cfb9d",
                                            "state": {
                                                "id": "d4e8944a-6e8f-4d6e-a313-2228cfe9a567",
                                                "name": "CHITTAGONG"
                                            }
                                        },
                                        {
                                            "name": "BEGUMGANJ",
                                            "id": "fa8e1bdd-241d-484c-b5d8-82d5ee981528",
                                            "state": {
                                                "id": "d4e8944a-6e8f-4d6e-a313-2228cfe9a567",
                                                "name": "CHITTAGONG"
                                            }
                                        },
                                        {
                                            "name": "SUBORNO CHAR",
                                            "id": "e4fdab05-6c34-4af4-9a3c-9dd46abf24b1",
                                            "state": {
                                                "id": "d4e8944a-6e8f-4d6e-a313-2228cfe9a567",
                                                "name": "CHITTAGONG"
                                            }
                                        },
                                        {
                                            "name": "HATIA",
                                            "id": "8a144eff-edd1-4e0f-a6a8-70e1d8a19393",
                                            "state": {
                                                "id": "d4e8944a-6e8f-4d6e-a313-2228cfe9a567",
                                                "name": "CHITTAGONG"
                                            }
                                        },
                                        {
                                            "name": "SONAIMURI",
                                            "id": "ac50ed77-f382-46a1-a3d0-f0ad7d4788ac",
                                            "state": {
                                                "id": "d4e8944a-6e8f-4d6e-a313-2228cfe9a567",
                                                "name": "CHITTAGONG"
                                            }
                                        },
                                        {
                                            "name": "SHENBAG",
                                            "id": "e8164a0d-375a-4012-a790-694387014d4b",
                                            "state": {
                                                "id": "d4e8944a-6e8f-4d6e-a313-2228cfe9a567",
                                                "name": "CHITTAGONG"
                                            }
                                        },
                                        {
                                            "name": "CHATKHIL",
                                            "id": "59588ff2-33b7-4cd3-8e7e-fb302e9220c9",
                                            "state": {
                                                "id": "d4e8944a-6e8f-4d6e-a313-2228cfe9a567",
                                                "name": "CHITTAGONG"
                                            }
                                        },
                                        {
                                            "name": "NOAKHALI_SADAR",
                                            "id": "cb154cac-8111-4360-950e-daf4c472cbdf",
                                            "state": {
                                                "id": "d4e8944a-6e8f-4d6e-a313-2228cfe9a567",
                                                "name": "CHITTAGONG"
                                            }
                                        }
                                    ]
                                },
                                {
                                    "id": "54d0ae5a-d1d3-4212-a0df-9af09ff11378",
                                    "name": "CHATTOGRAM",
                                    "upazilas": [
                                        {
                                            "name": "BANSHKHALI",
                                            "id": "5ddabeca-76c8-4c6a-83e2-0c9cc8ad08d8",
                                            "state": {
                                                "id": "d4e8944a-6e8f-4d6e-a313-2228cfe9a567",
                                                "name": "CHITTAGONG"
                                            }
                                        },
                                        {
                                            "name": "FATIKCHHARI",
                                            "id": "711efd46-765f-4eda-a5a6-6199af270f52",
                                            "state": {
                                                "id": "d4e8944a-6e8f-4d6e-a313-2228cfe9a567",
                                                "name": "CHITTAGONG"
                                            }
                                        },
                                        {
                                            "name": "CHANDANAISH",
                                            "id": "f4bda4c9-417b-4cb2-8cdf-e79e95eede46",
                                            "state": {
                                                "id": "d4e8944a-6e8f-4d6e-a313-2228cfe9a567",
                                                "name": "CHITTAGONG"
                                            }
                                        },
                                        {
                                            "name": "SATKANIA",
                                            "id": "e6761574-7af1-405b-ab56-a967edf628f9",
                                            "state": {
                                                "id": "d4e8944a-6e8f-4d6e-a313-2228cfe9a567",
                                                "name": "CHITTAGONG"
                                            }
                                        },
                                        {
                                            "name": "SANDWIP",
                                            "id": "fa949a73-22a2-461a-b287-aac4effba9c6",
                                            "state": {
                                                "id": "d4e8944a-6e8f-4d6e-a313-2228cfe9a567",
                                                "name": "CHITTAGONG"
                                            }
                                        },
                                        {
                                            "name": "PATIYA",
                                            "id": "e6b414c2-9a47-4f78-bab7-c8c3859e24e1",
                                            "state": {
                                                "id": "d4e8944a-6e8f-4d6e-a313-2228cfe9a567",
                                                "name": "CHITTAGONG"
                                            }
                                        },
                                        {
                                            "name": "LOHAGARA",
                                            "id": "e78211f4-9d77-4e85-82e3-ec7fb12b64ce",
                                            "state": {
                                                "id": "d4e8944a-6e8f-4d6e-a313-2228cfe9a567",
                                                "name": "CHITTAGONG"
                                            }
                                        },
                                        {
                                            "name": "BOALKHALI",
                                            "id": "c414a0ec-ffab-45ea-bb72-bb1890086b90",
                                            "state": {
                                                "id": "d4e8944a-6e8f-4d6e-a313-2228cfe9a567",
                                                "name": "CHITTAGONG"
                                            }
                                        },
                                        {
                                            "name": "ANWARA",
                                            "id": "a0723800-077f-437f-9d36-9f745cb0b31e",
                                            "state": {
                                                "id": "d4e8944a-6e8f-4d6e-a313-2228cfe9a567",
                                                "name": "CHITTAGONG"
                                            }
                                        },
                                        {
                                            "name": "RAOZAN",
                                            "id": "95fb0054-aa7f-400c-b645-f0d90cb2a833",
                                            "state": {
                                                "id": "d4e8944a-6e8f-4d6e-a313-2228cfe9a567",
                                                "name": "CHITTAGONG"
                                            }
                                        },
                                        {
                                            "name": "MIRSHARAI",
                                            "id": "fe518ddf-6a83-4694-a2a6-ddeec0b93c18",
                                            "state": {
                                                "id": "d4e8944a-6e8f-4d6e-a313-2228cfe9a567",
                                                "name": "CHITTAGONG"
                                            }
                                        },
                                        {
                                            "name": "RANGUNIA",
                                            "id": "9c3e5edc-e95e-4671-89d4-974e7a31342e",
                                            "state": {
                                                "id": "d4e8944a-6e8f-4d6e-a313-2228cfe9a567",
                                                "name": "CHITTAGONG"
                                            }
                                        },
                                        {
                                            "name": "HATHAZARI",
                                            "id": "bda87d19-77d0-4c25-bca1-a911f4331afd",
                                            "state": {
                                                "id": "d4e8944a-6e8f-4d6e-a313-2228cfe9a567",
                                                "name": "CHITTAGONG"
                                            }
                                        },
                                        {
                                            "name": "SITAKUNDA",
                                            "id": "6fae4e24-7c93-493f-91f0-5fa877a326f4",
                                            "state": {
                                                "id": "d4e8944a-6e8f-4d6e-a313-2228cfe9a567",
                                                "name": "CHITTAGONG"
                                            }
                                        }
                                    ]
                                },
                                {
                                    "id": "66a27ec2-f335-413d-b228-4a4df8fa4eea",
                                    "name": "BHOLA",
                                    "upazilas": [
                                        {
                                            "name": "BHOLA_SADAR",
                                            "id": "3cbaa092-c96b-4845-a314-b9cdc02d61fd",
                                            "state": {
                                                "id": "5cbbb439-96e7-4f60-bf2f-abddd0d03e7e",
                                                "name": "BARISAL"
                                            }
                                        },
                                        {
                                            "name": "MANPURA",
                                            "id": "3220264c-e0d8-41c3-9b69-55cdd4aea21e",
                                            "state": {
                                                "id": "5cbbb439-96e7-4f60-bf2f-abddd0d03e7e",
                                                "name": "BARISAL"
                                            }
                                        },
                                        {
                                            "name": "BURHANUDDIN",
                                            "id": "692e6a01-748c-4451-8d67-e0f404c69572",
                                            "state": {
                                                "id": "5cbbb439-96e7-4f60-bf2f-abddd0d03e7e",
                                                "name": "BARISAL"
                                            }
                                        },
                                        {
                                            "name": "CHAR FASSON",
                                            "id": "9f23a216-4a71-48ef-8c7e-e20f01a67e4a",
                                            "state": {
                                                "id": "5cbbb439-96e7-4f60-bf2f-abddd0d03e7e",
                                                "name": "BARISAL"
                                            }
                                        },
                                        {
                                            "name": "DAULATKHAN",
                                            "id": "16ea4a9e-60b8-4eed-a011-d3d52d5a646d",
                                            "state": {
                                                "id": "5cbbb439-96e7-4f60-bf2f-abddd0d03e7e",
                                                "name": "BARISAL"
                                            }
                                        },
                                        {
                                            "name": "LALMOHAN",
                                            "id": "634c328d-d819-4c09-a1b4-ebe643071f5e",
                                            "state": {
                                                "id": "5cbbb439-96e7-4f60-bf2f-abddd0d03e7e",
                                                "name": "BARISAL"
                                            }
                                        },
                                        {
                                            "name": "TAZUMUDDIN",
                                            "id": "303c6383-711c-4c09-ba87-f261320d697e",
                                            "state": {
                                                "id": "5cbbb439-96e7-4f60-bf2f-abddd0d03e7e",
                                                "name": "BARISAL"
                                            }
                                        }
                                    ]
                                },
                                {
                                    "id": "00358d0a-f4c2-4374-908b-b37dac235fc0",
                                    "name": "JHENAIDAH",
                                    "upazilas": [
                                        {
                                            "name": "JHENAIDAH_SADAR",
                                            "id": "b730ac9a-c96e-4e9c-8583-dda0a4b61f9b",
                                            "state": {
                                                "id": "642a6748-942f-473d-96c6-a6c1b2e00e05",
                                                "name": "KHULNA"
                                            }
                                        },
                                        {
                                            "name": "SHAILKUPA",
                                            "id": "9216f983-c056-40f1-a143-463a2e4a2e84",
                                            "state": {
                                                "id": "642a6748-942f-473d-96c6-a6c1b2e00e05",
                                                "name": "KHULNA"
                                            }
                                        },
                                        {
                                            "name": "KOTCHANDPUR",
                                            "id": "7d743b39-a4ef-499b-b1eb-ccc7c9c1df81",
                                            "state": {
                                                "id": "642a6748-942f-473d-96c6-a6c1b2e00e05",
                                                "name": "KHULNA"
                                            }
                                        },
                                        {
                                            "name": "MAHESHPUR",
                                            "id": "9f3f6256-e1a0-457a-bf19-21fd5ccf253f",
                                            "state": {
                                                "id": "642a6748-942f-473d-96c6-a6c1b2e00e05",
                                                "name": "KHULNA"
                                            }
                                        },
                                        {
                                            "name": "HARINAKUNDA",
                                            "id": "8e2f9be1-24a7-48f6-9772-60c671fd5b2e",
                                            "state": {
                                                "id": "642a6748-942f-473d-96c6-a6c1b2e00e05",
                                                "name": "KHULNA"
                                            }
                                        }
                                    ]
                                },
                                {
                                    "id": "7a79fbbb-0414-4c68-ba03-a7d86e0f77ce",
                                    "name": "PABNA",
                                    "upazilas": [
                                        {
                                            "name": "BERA",
                                            "id": "9e859765-d526-4191-bab6-bf8d5a17317b",
                                            "state": {
                                                "id": "d68c68d2-108e-4635-93d1-28c44525f178",
                                                "name": "RAJSHAHI"
                                            }
                                        },
                                        {
                                            "name": "SUJANAGAR",
                                            "id": "a1b3c50a-d7af-4d16-a72d-4bdb5d0647b4",
                                            "state": {
                                                "id": "d68c68d2-108e-4635-93d1-28c44525f178",
                                                "name": "RAJSHAHI"
                                            }
                                        },
                                        {
                                            "name": "ATGHARIA",
                                            "id": "1faaac6e-d6b6-4852-9538-5c85438e47a5",
                                            "state": {
                                                "id": "d68c68d2-108e-4635-93d1-28c44525f178",
                                                "name": "RAJSHAHI"
                                            }
                                        },
                                        {
                                            "name": "SANTHIA",
                                            "id": "89ee778e-f765-4f8b-96d2-e00a6948199f",
                                            "state": {
                                                "id": "d68c68d2-108e-4635-93d1-28c44525f178",
                                                "name": "RAJSHAHI"
                                            }
                                        },
                                        {
                                            "name": "FARIDPUR",
                                            "id": "f9e13f42-2b4c-4af1-ae0b-186ee9fed178",
                                            "state": {
                                                "id": "d68c68d2-108e-4635-93d1-28c44525f178",
                                                "name": "RAJSHAHI"
                                            }
                                        },
                                        {
                                            "name": "BHANGURA",
                                            "id": "ce5f60e3-36ca-47e2-ac30-fea8af549985",
                                            "state": {
                                                "id": "d68c68d2-108e-4635-93d1-28c44525f178",
                                                "name": "RAJSHAHI"
                                            }
                                        },
                                        {
                                            "name": "CHATMOHAR",
                                            "id": "ee68ea82-2a16-46d4-a111-8d6a717363e3",
                                            "state": {
                                                "id": "d68c68d2-108e-4635-93d1-28c44525f178",
                                                "name": "RAJSHAHI"
                                            }
                                        },
                                        {
                                            "name": "ISHWARDI",
                                            "id": "e6f6b813-2ef3-429a-8dc6-3664b2d7af18",
                                            "state": {
                                                "id": "d68c68d2-108e-4635-93d1-28c44525f178",
                                                "name": "RAJSHAHI"
                                            }
                                        },
                                        {
                                            "name": "PABNA_SADAR",
                                            "id": "9a08add3-9997-4def-8a7e-2d4c47b78e1a",
                                            "state": {
                                                "id": "d68c68d2-108e-4635-93d1-28c44525f178",
                                                "name": "RAJSHAHI"
                                            }
                                        }
                                    ]
                                },
                                {
                                    "id": "c8c07a38-023f-4177-a946-7ea85bc5e62f",
                                    "name": "KISHOREGANJ",
                                    "upazilas": [
                                        {
                                            "name": "ASTAGRAM",
                                            "id": "8af0a33e-ec3f-4819-9c9a-d2e7b407340b",
                                            "state": {
                                                "id": "9c75a95b-9f42-4ca9-a152-78c492590a6f",
                                                "name": "DHAKA"
                                            }
                                        },
                                        {
                                            "name": "KATIADI",
                                            "id": "e14e5e25-3f0a-47a6-a16d-fe2023ec0a0e",
                                            "state": {
                                                "id": "9c75a95b-9f42-4ca9-a152-78c492590a6f",
                                                "name": "DHAKA"
                                            }
                                        },
                                        {
                                            "name": "MITHAMAIN",
                                            "id": "baa02b29-ad36-4df1-b296-07c71e4dabff",
                                            "state": {
                                                "id": "9c75a95b-9f42-4ca9-a152-78c492590a6f",
                                                "name": "DHAKA"
                                            }
                                        },
                                        {
                                            "name": "NIKLI",
                                            "id": "6f94a91b-a7e0-4690-83f4-82181b04c922",
                                            "state": {
                                                "id": "9c75a95b-9f42-4ca9-a152-78c492590a6f",
                                                "name": "DHAKA"
                                            }
                                        },
                                        {
                                            "name": "PAKUNDIA",
                                            "id": "3a4de8ba-819b-4935-843c-a3f1b5f6c421",
                                            "state": {
                                                "id": "9c75a95b-9f42-4ca9-a152-78c492590a6f",
                                                "name": "DHAKA"
                                            }
                                        },
                                        {
                                            "name": "KARIMGANJ",
                                            "id": "603092ee-3099-4b52-8b05-a76998c55ac0",
                                            "state": {
                                                "id": "9c75a95b-9f42-4ca9-a152-78c492590a6f",
                                                "name": "DHAKA"
                                            }
                                        },
                                        {
                                            "name": "KULIARCHAR",
                                            "id": "ba05daa9-21a2-4c7f-8a6f-4eca370e67c9",
                                            "state": {
                                                "id": "9c75a95b-9f42-4ca9-a152-78c492590a6f",
                                                "name": "DHAKA"
                                            }
                                        },
                                        {
                                            "name": "HOSSAINPUR",
                                            "id": "35ee81bc-c606-4f50-8c62-be135699f164",
                                            "state": {
                                                "id": "9c75a95b-9f42-4ca9-a152-78c492590a6f",
                                                "name": "DHAKA"
                                            }
                                        },
                                        {
                                            "name": "ITNA",
                                            "id": "64a6f7b6-ae00-48d7-91ff-d1afdd013728",
                                            "state": {
                                                "id": "9c75a95b-9f42-4ca9-a152-78c492590a6f",
                                                "name": "DHAKA"
                                            }
                                        },
                                        {
                                            "name": "BHAIRAB",
                                            "id": "f76de4f1-4367-46b4-ae35-25b31e161eaa",
                                            "state": {
                                                "id": "9c75a95b-9f42-4ca9-a152-78c492590a6f",
                                                "name": "DHAKA"
                                            }
                                        },
                                        {
                                            "name": "KISHOREGANJ_SADAR",
                                            "id": "f71d8ef1-88f4-4648-a927-1999cbec41e7",
                                            "state": {
                                                "id": "9c75a95b-9f42-4ca9-a152-78c492590a6f",
                                                "name": "DHAKA"
                                            }
                                        },
                                        {
                                            "name": "TARAIL",
                                            "id": "f5f8b58c-3d89-4a8f-8533-d689e34cbed3",
                                            "state": {
                                                "id": "9c75a95b-9f42-4ca9-a152-78c492590a6f",
                                                "name": "DHAKA"
                                            }
                                        },
                                        {
                                            "name": "BAJITPUR",
                                            "id": "d0a74c06-98ae-486a-9e67-fc5674c75288",
                                            "state": {
                                                "id": "9c75a95b-9f42-4ca9-a152-78c492590a6f",
                                                "name": "DHAKA"
                                            }
                                        }
                                    ]
                                },
                                {
                                    "id": "db758e15-588a-4c28-bae2-15069f2ce0f8",
                                    "name": "GOPALGANJ",
                                    "upazilas": [
                                        {
                                            "name": "KOTALIPARA",
                                            "id": "1729714e-61c8-4c5c-b062-7336efc80f74",
                                            "state": {
                                                "id": "9c75a95b-9f42-4ca9-a152-78c492590a6f",
                                                "name": "DHAKA"
                                            }
                                        },
                                        {
                                            "name": "MUKSUDPUR",
                                            "id": "52e46038-ba96-4a5c-96b5-1017b4eb6626",
                                            "state": {
                                                "id": "9c75a95b-9f42-4ca9-a152-78c492590a6f",
                                                "name": "DHAKA"
                                            }
                                        },
                                        {
                                            "name": "KASHIANI",
                                            "id": "9ea8f46d-358f-496e-b244-c3daf64e75c3",
                                            "state": {
                                                "id": "9c75a95b-9f42-4ca9-a152-78c492590a6f",
                                                "name": "DHAKA"
                                            }
                                        },
                                        {
                                            "name": "GOPALGANJ_SADAR",
                                            "id": "2ad2bc1d-038e-4d77-8754-a4eaa1ee4aa2",
                                            "state": {
                                                "id": "9c75a95b-9f42-4ca9-a152-78c492590a6f",
                                                "name": "DHAKA"
                                            }
                                        },
                                        {
                                            "name": "TUNGIPARA",
                                            "id": "18618e91-ce26-4c99-a7d1-a88be829a48b",
                                            "state": {
                                                "id": "9c75a95b-9f42-4ca9-a152-78c492590a6f",
                                                "name": "DHAKA"
                                            }
                                        }
                                    ]
                                },
                                {
                                    "id": "d1502152-1a34-423b-9811-576ccb88a3ea",
                                    "name": "KHULNA",
                                    "upazilas": [
                                        {
                                            "name": "BATIAGHATA",
                                            "id": "df3aa4c1-bfc8-4d9b-ade6-7c9dcc05e43b",
                                            "state": {
                                                "id": "642a6748-942f-473d-96c6-a6c1b2e00e05",
                                                "name": "KHULNA"
                                            }
                                        },
                                        {
                                            "name": "DACOPE",
                                            "id": "0510005c-3839-4f55-a93c-8147fa5657c3",
                                            "state": {
                                                "id": "642a6748-942f-473d-96c6-a6c1b2e00e05",
                                                "name": "KHULNA"
                                            }
                                        },
                                        {
                                            "name": "PAIKGACHHA",
                                            "id": "6dedbbd8-ad85-419e-a6f3-3b7b110beeef",
                                            "state": {
                                                "id": "642a6748-942f-473d-96c6-a6c1b2e00e05",
                                                "name": "KHULNA"
                                            }
                                        },
                                        {
                                            "name": "DIGHALIA",
                                            "id": "01a498b4-e2b8-4196-b1a8-37c83dd96d40",
                                            "state": {
                                                "id": "642a6748-942f-473d-96c6-a6c1b2e00e05",
                                                "name": "KHULNA"
                                            }
                                        },
                                        {
                                            "name": "TEROKHADA",
                                            "id": "78368a85-2301-4b61-b08c-bda0a7f2989d",
                                            "state": {
                                                "id": "642a6748-942f-473d-96c6-a6c1b2e00e05",
                                                "name": "KHULNA"
                                            }
                                        },
                                        {
                                            "name": "PHULTALA",
                                            "id": "de1c9dd2-c46c-4eb3-ae0d-ee1cbd77bfea",
                                            "state": {
                                                "id": "642a6748-942f-473d-96c6-a6c1b2e00e05",
                                                "name": "KHULNA"
                                            }
                                        },
                                        {
                                            "name": "DUMURIA",
                                            "id": "37c742e6-7aac-4034-8ed6-f0e58d0ad522",
                                            "state": {
                                                "id": "642a6748-942f-473d-96c6-a6c1b2e00e05",
                                                "name": "KHULNA"
                                            }
                                        },
                                        {
                                            "name": "KOYRA",
                                            "id": "4e5d83f1-3445-4445-a497-72dd54840c08",
                                            "state": {
                                                "id": "642a6748-942f-473d-96c6-a6c1b2e00e05",
                                                "name": "KHULNA"
                                            }
                                        },
                                        {
                                            "name": "RUPSA",
                                            "id": "0a761827-088c-4d43-a4d2-5904df789dcb",
                                            "state": {
                                                "id": "642a6748-942f-473d-96c6-a6c1b2e00e05",
                                                "name": "KHULNA"
                                            }
                                        }
                                    ]
                                },
                                {
                                    "id": "053cccf1-2ff4-4935-9b97-a7d73d2f29e2",
                                    "name": "NAOGAON",
                                    "upazilas": [
                                        {
                                            "name": "ATRAI",
                                            "id": "ca19d552-2c0f-4c03-99b5-9c84660083a9",
                                            "state": {
                                                "id": "d68c68d2-108e-4635-93d1-28c44525f178",
                                                "name": "RAJSHAHI"
                                            }
                                        },
                                        {
                                            "name": "RANINAGAR",
                                            "id": "bfcd8825-c7fa-4a19-8d0d-f097ba900ea6",
                                            "state": {
                                                "id": "d68c68d2-108e-4635-93d1-28c44525f178",
                                                "name": "RAJSHAHI"
                                            }
                                        },
                                        {
                                            "name": "DHAMOIRHAT",
                                            "id": "fdf566cf-11b6-4c01-ae47-c6c779feb92d",
                                            "state": {
                                                "id": "d68c68d2-108e-4635-93d1-28c44525f178",
                                                "name": "RAJSHAHI"
                                            }
                                        },
                                        {
                                            "name": "PATNITALA",
                                            "id": "1ef21421-63e5-42d4-854d-4da3c572a061",
                                            "state": {
                                                "id": "d68c68d2-108e-4635-93d1-28c44525f178",
                                                "name": "RAJSHAHI"
                                            }
                                        },
                                        {
                                            "name": "NIAMATPUR",
                                            "id": "cb79ca11-a7f4-4de9-8b73-726b9f277260",
                                            "state": {
                                                "id": "d68c68d2-108e-4635-93d1-28c44525f178",
                                                "name": "RAJSHAHI"
                                            }
                                        },
                                        {
                                            "name": "MOHADEVPUR",
                                            "id": "87fc4733-5ba9-4492-a4a3-477e1bbf4965",
                                            "state": {
                                                "id": "d68c68d2-108e-4635-93d1-28c44525f178",
                                                "name": "RAJSHAHI"
                                            }
                                        },
                                        {
                                            "name": "MANDA",
                                            "id": "38a158ef-7fae-4cdf-a906-9bfedbf5ee8d",
                                            "state": {
                                                "id": "d68c68d2-108e-4635-93d1-28c44525f178",
                                                "name": "RAJSHAHI"
                                            }
                                        },
                                        {
                                            "name": "NAOGAON_SADAR",
                                            "id": "433415ed-7b51-415a-9826-c5a655a42e1f",
                                            "state": {
                                                "id": "d68c68d2-108e-4635-93d1-28c44525f178",
                                                "name": "RAJSHAHI"
                                            }
                                        },
                                        {
                                            "name": "PORSHA",
                                            "id": "075b5f29-ffb3-4a22-8bce-255a305320d0",
                                            "state": {
                                                "id": "d68c68d2-108e-4635-93d1-28c44525f178",
                                                "name": "RAJSHAHI"
                                            }
                                        },
                                        {
                                            "name": "BADALGACHHI",
                                            "id": "5a52e1a2-7603-410d-b929-f07424bd3818",
                                            "state": {
                                                "id": "d68c68d2-108e-4635-93d1-28c44525f178",
                                                "name": "RAJSHAHI"
                                            }
                                        },
                                        {
                                            "name": "SAPAHAR",
                                            "id": "f24efbcc-3048-42d4-b2de-3cd80570f107",
                                            "state": {
                                                "id": "d68c68d2-108e-4635-93d1-28c44525f178",
                                                "name": "RAJSHAHI"
                                            }
                                        }
                                    ]
                                },
                                {
                                    "id": "3841e03e-b526-4568-b373-6fb874ae2dd2",
                                    "name": "NARAIL",
                                    "upazilas": [
                                        {
                                            "name": "NARAIL-S UPAZILLA",
                                            "id": "58236735-155d-45f5-81c6-d2528a3327e9",
                                            "state": {
                                                "id": "642a6748-942f-473d-96c6-a6c1b2e00e05",
                                                "name": "KHULNA"
                                            }
                                        },
                                        {
                                            "name": "LOHAGARA UPAZILLA",
                                            "id": "3a7dc21f-8d9e-4db5-83ad-4a42791fcaa4",
                                            "state": {
                                                "id": "642a6748-942f-473d-96c6-a6c1b2e00e05",
                                                "name": "KHULNA"
                                            }
                                        },
                                        {
                                            "name": "KALIA UPAZILLA",
                                            "id": "5e60afd8-8c2b-44ea-992f-027e764fc068",
                                            "state": {
                                                "id": "642a6748-942f-473d-96c6-a6c1b2e00e05",
                                                "name": "KHULNA"
                                            }
                                        }
                                    ]
                                },
                                {
                                    "id": "ba44bb5a-c4fc-4622-9b74-0b5641780581",
                                    "name": "MYMENSINGH",
                                    "upazilas": [
                                        {
                                            "name": "FULBARIA",
                                            "id": "14786483-84f3-4ac4-af4e-6928097bd398",
                                            "state": {
                                                "id": "f6395340-53b2-4824-8252-ef3a164b8446",
                                                "name": "MAYMENSINGH"
                                            }
                                        },
                                        {
                                            "name": "MUKTAGACHHA",
                                            "id": "6112996c-f960-4f30-bd1f-867050a656cb",
                                            "state": {
                                                "id": "f6395340-53b2-4824-8252-ef3a164b8446",
                                                "name": "MAYMENSINGH"
                                            }
                                        },
                                        {
                                            "name": "GAFFARGAON",
                                            "id": "f1027b1e-4a47-4e6f-9dca-8ee4974dcee3",
                                            "state": {
                                                "id": "f6395340-53b2-4824-8252-ef3a164b8446",
                                                "name": "MAYMENSINGH"
                                            }
                                        },
                                        {
                                            "name": "GAURIPUR",
                                            "id": "89af4299-90a2-4e9e-a201-d090d4f0a26a",
                                            "state": {
                                                "id": "f6395340-53b2-4824-8252-ef3a164b8446",
                                                "name": "MAYMENSINGH"
                                            }
                                        },
                                        {
                                            "name": "NANDAIL",
                                            "id": "4a7f82e3-e7f0-4dc1-b216-475ae369c902",
                                            "state": {
                                                "id": "f6395340-53b2-4824-8252-ef3a164b8446",
                                                "name": "MAYMENSINGH"
                                            }
                                        },
                                        {
                                            "name": "PHULPUR",
                                            "id": "e7f43bd5-defe-4d78-a9ea-8394b2d85ae8",
                                            "state": {
                                                "id": "f6395340-53b2-4824-8252-ef3a164b8446",
                                                "name": "MAYMENSINGH"
                                            }
                                        },
                                        {
                                            "name": "ISHWARGANJ",
                                            "id": "343276b0-a108-4b67-aa9f-6ff2eecfa3f1",
                                            "state": {
                                                "id": "f6395340-53b2-4824-8252-ef3a164b8446",
                                                "name": "MAYMENSINGH"
                                            }
                                        },
                                        {
                                            "name": "HALUAGHAT",
                                            "id": "b3cf9a18-0480-4a79-b898-0c9558158569",
                                            "state": {
                                                "id": "f6395340-53b2-4824-8252-ef3a164b8446",
                                                "name": "MAYMENSINGH"
                                            }
                                        },
                                        {
                                            "name": "MYMENSINGH_SADAR",
                                            "id": "944d5c60-96f6-4b1b-9245-57a7d1b8f80c",
                                            "state": {
                                                "id": "f6395340-53b2-4824-8252-ef3a164b8446",
                                                "name": "MAYMENSINGH"
                                            }
                                        },
                                        {
                                            "name": "TRISHAL",
                                            "id": "b54f2e4f-fadd-4386-a7fe-e29c806df77b",
                                            "state": {
                                                "id": "f6395340-53b2-4824-8252-ef3a164b8446",
                                                "name": "MAYMENSINGH"
                                            }
                                        },
                                        {
                                            "name": "DHOBAURA",
                                            "id": "90e06f5e-7571-4ce8-a713-53b94b2b6770",
                                            "state": {
                                                "id": "f6395340-53b2-4824-8252-ef3a164b8446",
                                                "name": "MAYMENSINGH"
                                            }
                                        },
                                        {
                                            "name": "BHALUKA",
                                            "id": "34920b68-a4b6-444b-95f5-d072d29fc1eb",
                                            "state": {
                                                "id": "f6395340-53b2-4824-8252-ef3a164b8446",
                                                "name": "MAYMENSINGH"
                                            }
                                        }
                                    ]
                                },
                                {
                                    "id": "bbed7d2c-59fb-43ce-a03c-8abd7a9f8f18",
                                    "name": "NARSINGDI",
                                    "upazilas": [
                                        {
                                            "name": "SHIBPUR",
                                            "id": "189fa0e5-3fba-4bb7-a1fa-1244de4d259c",
                                            "state": {
                                                "id": "9c75a95b-9f42-4ca9-a152-78c492590a6f",
                                                "name": "DHAKA"
                                            }
                                        },
                                        {
                                            "name": "MONOHARDI",
                                            "id": "243e2783-eb7e-4284-9ad6-461870dc8937",
                                            "state": {
                                                "id": "9c75a95b-9f42-4ca9-a152-78c492590a6f",
                                                "name": "DHAKA"
                                            }
                                        },
                                        {
                                            "name": "BELABO",
                                            "id": "785efd52-cefe-46f7-9a57-3a0b9ff6e8f6",
                                            "state": {
                                                "id": "9c75a95b-9f42-4ca9-a152-78c492590a6f",
                                                "name": "DHAKA"
                                            }
                                        },
                                        {
                                            "name": "RAIPURA, NARSINGDI",
                                            "id": "62845bb0-be44-48d6-a163-908e4b35b7fb",
                                            "state": {
                                                "id": "9c75a95b-9f42-4ca9-a152-78c492590a6f",
                                                "name": "DHAKA"
                                            }
                                        },
                                        {
                                            "name": "NARSINGDI_SADAR",
                                            "id": "06b56b35-2e12-44ba-b18f-22cd4d6ecb98",
                                            "state": {
                                                "id": "9c75a95b-9f42-4ca9-a152-78c492590a6f",
                                                "name": "DHAKA"
                                            }
                                        },
                                        {
                                            "name": "PALASH",
                                            "id": "ccd33f77-057f-4819-bdf6-a7da5785e2c5",
                                            "state": {
                                                "id": "9c75a95b-9f42-4ca9-a152-78c492590a6f",
                                                "name": "DHAKA"
                                            }
                                        }
                                    ]
                                },
                                {
                                    "id": "8b99d1ec-6c05-4e8e-b708-8216c9690652",
                                    "name": "RAJBARI",
                                    "upazilas": [
                                        {
                                            "name": "KALUKHALI",
                                            "id": "ad20fd23-08a0-4422-a4ce-2d664b65fc2e",
                                            "state": {
                                                "id": "9c75a95b-9f42-4ca9-a152-78c492590a6f",
                                                "name": "DHAKA"
                                            }
                                        },
                                        {
                                            "name": "RAJBARI_SADAR",
                                            "id": "a60723aa-280a-4b8b-a4fd-b2fa0323c4c4",
                                            "state": {
                                                "id": "9c75a95b-9f42-4ca9-a152-78c492590a6f",
                                                "name": "DHAKA"
                                            }
                                        },
                                        {
                                            "name": "BALIAKANDI",
                                            "id": "a654e917-d396-4a82-9e9d-9ab7581b3c1b",
                                            "state": {
                                                "id": "9c75a95b-9f42-4ca9-a152-78c492590a6f",
                                                "name": "DHAKA"
                                            }
                                        },
                                        {
                                            "name": "GOALANDAGHAT",
                                            "id": "7de09957-126b-4fee-9833-49f637931f79",
                                            "state": {
                                                "id": "9c75a95b-9f42-4ca9-a152-78c492590a6f",
                                                "name": "DHAKA"
                                            }
                                        },
                                        {
                                            "name": "PANGSHA",
                                            "id": "532c2c8a-0a92-4c5c-9710-622eabaab454",
                                            "state": {
                                                "id": "9c75a95b-9f42-4ca9-a152-78c492590a6f",
                                                "name": "DHAKA"
                                            }
                                        }
                                    ]
                                },
                                {
                                    "id": "8a26a551-dbef-4fa9-b50c-17a7fe590b13",
                                    "name": "SIRAJGONJ",
                                    "upazilas": [
                                        {
                                            "name": "KAZIPUR",
                                            "id": "b1363ee2-d297-4f58-a353-d94bba646dd6",
                                            "state": {
                                                "id": "d68c68d2-108e-4635-93d1-28c44525f178",
                                                "name": "RAJSHAHI"
                                            }
                                        },
                                        {
                                            "name": "RAIGANJ",
                                            "id": "3b9f4a36-dc41-48ab-9261-4843e2dee251",
                                            "state": {
                                                "id": "d68c68d2-108e-4635-93d1-28c44525f178",
                                                "name": "RAJSHAHI"
                                            }
                                        },
                                        {
                                            "name": "BELKUCHI",
                                            "id": "346c0522-e283-421d-9991-d95c10faf7b8",
                                            "state": {
                                                "id": "d68c68d2-108e-4635-93d1-28c44525f178",
                                                "name": "RAJSHAHI"
                                            }
                                        },
                                        {
                                            "name": "KAMARKHANDA",
                                            "id": "0012b1ec-f07e-4956-8208-d99e74a19aa7",
                                            "state": {
                                                "id": "d68c68d2-108e-4635-93d1-28c44525f178",
                                                "name": "RAJSHAHI"
                                            }
                                        },
                                        {
                                            "name": "SIRAJGANJ_SADAR",
                                            "id": "983f7c6b-9831-4027-b0f9-0e909b74e4ab",
                                            "state": {
                                                "id": "d68c68d2-108e-4635-93d1-28c44525f178",
                                                "name": "RAJSHAHI"
                                            }
                                        },
                                        {
                                            "name": "CHAUHALI",
                                            "id": "fa6ccc95-c941-4284-8d9f-7c4624683e0c",
                                            "state": {
                                                "id": "d68c68d2-108e-4635-93d1-28c44525f178",
                                                "name": "RAJSHAHI"
                                            }
                                        },
                                        {
                                            "name": "TARASH",
                                            "id": "72d45478-f1c8-4317-a912-5f90a6033813",
                                            "state": {
                                                "id": "d68c68d2-108e-4635-93d1-28c44525f178",
                                                "name": "RAJSHAHI"
                                            }
                                        },
                                        {
                                            "name": "SHAHJADPUR",
                                            "id": "aba04480-80aa-4c49-94f5-54a5f8cec70c",
                                            "state": {
                                                "id": "d68c68d2-108e-4635-93d1-28c44525f178",
                                                "name": "RAJSHAHI"
                                            }
                                        },
                                        {
                                            "name": "ULLAHPARA",
                                            "id": "2b03ca99-77d6-4dac-8c30-72fd7820b170",
                                            "state": {
                                                "id": "d68c68d2-108e-4635-93d1-28c44525f178",
                                                "name": "RAJSHAHI"
                                            }
                                        }
                                    ]
                                },
                                {
                                    "id": "3b2a6a3c-5159-471d-abe6-9f4ebad7e6c1",
                                    "name": "MAGURA",
                                    "upazilas": [
                                        {
                                            "name": "SHALIKHA",
                                            "id": "a2705dba-cae2-4e3d-86f6-8ed9c08df535",
                                            "state": {
                                                "id": "642a6748-942f-473d-96c6-a6c1b2e00e05",
                                                "name": "KHULNA"
                                            }
                                        },
                                        {
                                            "name": "MOHAMMADPUR",
                                            "id": "53edb99e-47b4-4979-b3f5-3d80de1b7118",
                                            "state": {
                                                "id": "642a6748-942f-473d-96c6-a6c1b2e00e05",
                                                "name": "KHULNA"
                                            }
                                        },
                                        {
                                            "name": "MAGURA_SADAR",
                                            "id": "dd0bd5ac-d63d-407d-bcf5-ba24191b7cba",
                                            "state": {
                                                "id": "642a6748-942f-473d-96c6-a6c1b2e00e05",
                                                "name": "KHULNA"
                                            }
                                        },
                                        {
                                            "name": "SREEPUR",
                                            "id": "4e4122d5-c778-4303-823f-8a95b13f3f77",
                                            "state": {
                                                "id": "642a6748-942f-473d-96c6-a6c1b2e00e05",
                                                "name": "KHULNA"
                                            }
                                        }
                                    ]
                                },
                                {
                                    "id": "9dd946ca-b2e9-4369-9456-5d7c8308901c",
                                    "name": "JHALOKATI",
                                    "upazilas": [
                                        {
                                            "name": "RAJAPUR",
                                            "id": "595eceec-72ac-4b2a-a8c1-4d1a9d8c93dc",
                                            "state": {
                                                "id": "5cbbb439-96e7-4f60-bf2f-abddd0d03e7e",
                                                "name": "BARISAL"
                                            }
                                        },
                                        {
                                            "name": "NALCHITY",
                                            "id": "c16b84e6-4636-4559-9713-bbfb460be2ec",
                                            "state": {
                                                "id": "5cbbb439-96e7-4f60-bf2f-abddd0d03e7e",
                                                "name": "BARISAL"
                                            }
                                        },
                                        {
                                            "name": "JHALOKATI_SADAR",
                                            "id": "3c848ec1-c630-48f7-8327-8230e4d16846",
                                            "state": {
                                                "id": "5cbbb439-96e7-4f60-bf2f-abddd0d03e7e",
                                                "name": "BARISAL"
                                            }
                                        },
                                        {
                                            "name": "KATHALIA",
                                            "id": "98bbf847-31a1-4d55-a771-a5d045976cfe",
                                            "state": {
                                                "id": "5cbbb439-96e7-4f60-bf2f-abddd0d03e7e",
                                                "name": "BARISAL"
                                            }
                                        }
                                    ]
                                },
                                {
                                    "id": "e9431d37-c6a8-49a5-b5f5-3d8c14bc8ec7",
                                    "name": "LALMONIRHAT",
                                    "upazilas": [
                                        {
                                            "name": "KALIGANJ",
                                            "id": "40f7ed07-08b0-4244-9f65-17971aaeb6d2",
                                            "state": {
                                                "id": "b8c19906-b4fc-4745-ac93-af957934136b",
                                                "name": "RANGPUR"
                                            }
                                        },
                                        {
                                            "name": "LALMANIRHAT_SADAR",
                                            "id": "c3fdab30-b48f-484a-bcab-d8fdb8038626",
                                            "state": {
                                                "id": "b8c19906-b4fc-4745-ac93-af957934136b",
                                                "name": "RANGPUR"
                                            }
                                        },
                                        {
                                            "name": "HATIBANDHA",
                                            "id": "81a52b21-ee0e-4b30-af0e-077ef3b01cc5",
                                            "state": {
                                                "id": "b8c19906-b4fc-4745-ac93-af957934136b",
                                                "name": "RANGPUR"
                                            }
                                        },
                                        {
                                            "name": "ADITMARI",
                                            "id": "b4123b8d-af34-4c2f-8755-8c8d37c59e89",
                                            "state": {
                                                "id": "b8c19906-b4fc-4745-ac93-af957934136b",
                                                "name": "RANGPUR"
                                            }
                                        },
                                        {
                                            "name": "PATGRAM",
                                            "id": "bff9e973-cc00-4aaa-8e53-4ca5ff6dab3d",
                                            "state": {
                                                "id": "b8c19906-b4fc-4745-ac93-af957934136b",
                                                "name": "RANGPUR"
                                            }
                                        }
                                    ]
                                },
                                {
                                    "id": "3244a7d0-e432-4753-841f-cdbd7aa1f437",
                                    "name": "SHARIATPUR",
                                    "upazilas": [
                                        {
                                            "name": "NARIA",
                                            "id": "3e8850ed-a488-46ae-afa3-5b567c539ba2",
                                            "state": {
                                                "id": "9c75a95b-9f42-4ca9-a152-78c492590a6f",
                                                "name": "DHAKA"
                                            }
                                        },
                                        {
                                            "name": "BHEDARGANJ",
                                            "id": "088a2bdf-e98a-407a-9096-01143b440bf1",
                                            "state": {
                                                "id": "9c75a95b-9f42-4ca9-a152-78c492590a6f",
                                                "name": "DHAKA"
                                            }
                                        },
                                        {
                                            "name": "JAJIRA",
                                            "id": "c37722a7-f975-43ee-856b-2059735e3915",
                                            "state": {
                                                "id": "9c75a95b-9f42-4ca9-a152-78c492590a6f",
                                                "name": "DHAKA"
                                            }
                                        },
                                        {
                                            "name": "DAMUDYA",
                                            "id": "e5e20af1-f619-4df7-be4a-ee1958717815",
                                            "state": {
                                                "id": "9c75a95b-9f42-4ca9-a152-78c492590a6f",
                                                "name": "DHAKA"
                                            }
                                        },
                                        {
                                            "name": "SHARIATPUR_SADAR -PALONG",
                                            "id": "0d38ea96-e004-4fab-93d8-88216ca015ef",
                                            "state": {
                                                "id": "9c75a95b-9f42-4ca9-a152-78c492590a6f",
                                                "name": "DHAKA"
                                            }
                                        },
                                        {
                                            "name": "GOSAIRHAT",
                                            "id": "92f19d77-dcd7-4b5b-95bc-de0ca310248c",
                                            "state": {
                                                "id": "9c75a95b-9f42-4ca9-a152-78c492590a6f",
                                                "name": "DHAKA"
                                            }
                                        }
                                    ]
                                },
                                {
                                    "id": "dd4ed0a1-039e-4411-9337-e3bf3f9def9b",
                                    "name": "FENI",
                                    "upazilas": [
                                        {
                                            "name": "SONAGAZI",
                                            "id": "27efec53-92df-41c3-bc6a-9e81493d016d",
                                            "state": {
                                                "id": "d4e8944a-6e8f-4d6e-a313-2228cfe9a567",
                                                "name": "CHITTAGONG"
                                            }
                                        },
                                        {
                                            "name": "DAGANBHYAN",
                                            "id": "53afc9e2-06de-4aa2-b8b0-a05e8293b780",
                                            "state": {
                                                "id": "d4e8944a-6e8f-4d6e-a313-2228cfe9a567",
                                                "name": "CHITTAGONG"
                                            }
                                        },
                                        {
                                            "name": "PARSHURAM",
                                            "id": "49ff9838-f33c-474c-b129-2c9ae86e3ee4",
                                            "state": {
                                                "id": "d4e8944a-6e8f-4d6e-a313-2228cfe9a567",
                                                "name": "CHITTAGONG"
                                            }
                                        },
                                        {
                                            "name": "CHAGALNAIYA",
                                            "id": "04c3cb80-8635-455a-a5fa-84dbaa621b70",
                                            "state": {
                                                "id": "d4e8944a-6e8f-4d6e-a313-2228cfe9a567",
                                                "name": "CHITTAGONG"
                                            }
                                        },
                                        {
                                            "name": "FHULGAZI",
                                            "id": "3290d327-252d-4ac8-b994-c32aa5683ffa",
                                            "state": {
                                                "id": "d4e8944a-6e8f-4d6e-a313-2228cfe9a567",
                                                "name": "CHITTAGONG"
                                            }
                                        },
                                        {
                                            "name": "FENI_SADAR",
                                            "id": "d7952bf9-ddfa-4bc5-a8f0-41dfc66a892e",
                                            "state": {
                                                "id": "d4e8944a-6e8f-4d6e-a313-2228cfe9a567",
                                                "name": "CHITTAGONG"
                                            }
                                        }
                                    ]
                                },
                                {
                                    "id": "970ee245-d795-4373-923b-1d66e666d1a6",
                                    "name": "PATUAKHALI",
                                    "upazilas": [
                                        {
                                            "name": "PATUAKHALI_SADAR",
                                            "id": "afda7029-c236-44ba-b3df-5855d1e83414",
                                            "state": {
                                                "id": "5cbbb439-96e7-4f60-bf2f-abddd0d03e7e",
                                                "name": "BARISAL"
                                            }
                                        },
                                        {
                                            "name": "DASHMINA",
                                            "id": "89e2dffc-cb82-4fdd-9f42-8823500f1b10",
                                            "state": {
                                                "id": "5cbbb439-96e7-4f60-bf2f-abddd0d03e7e",
                                                "name": "BARISAL"
                                            }
                                        },
                                        {
                                            "name": "MIRZAGANJ",
                                            "id": "485e7d51-a1c0-4758-84c1-72129e770eba",
                                            "state": {
                                                "id": "5cbbb439-96e7-4f60-bf2f-abddd0d03e7e",
                                                "name": "BARISAL"
                                            }
                                        },
                                        {
                                            "name": "KALAPARA",
                                            "id": "0f279548-56c6-469b-931d-98f8666550f4",
                                            "state": {
                                                "id": "5cbbb439-96e7-4f60-bf2f-abddd0d03e7e",
                                                "name": "BARISAL"
                                            }
                                        },
                                        {
                                            "name": "GALACHIPA",
                                            "id": "fe4542b1-4c54-435c-93bf-7528621355b9",
                                            "state": {
                                                "id": "5cbbb439-96e7-4f60-bf2f-abddd0d03e7e",
                                                "name": "BARISAL"
                                            }
                                        },
                                        {
                                            "name": "BAUPHAL",
                                            "id": "3befd289-1458-4cfc-bc85-f929255b4161",
                                            "state": {
                                                "id": "5cbbb439-96e7-4f60-bf2f-abddd0d03e7e",
                                                "name": "BARISAL"
                                            }
                                        },
                                        {
                                            "name": "RANGABALI",
                                            "id": "fd694849-085a-4e6e-b708-fc06792067cf",
                                            "state": {
                                                "id": "5cbbb439-96e7-4f60-bf2f-abddd0d03e7e",
                                                "name": "BARISAL"
                                            }
                                        },
                                        {
                                            "name": "DUMKI",
                                            "id": "acde2384-2fcd-4771-bf87-1b5b08efe4a3",
                                            "state": {
                                                "id": "5cbbb439-96e7-4f60-bf2f-abddd0d03e7e",
                                                "name": "BARISAL"
                                            }
                                        }
                                    ]
                                },
                                {
                                    "id": "467a49c1-9b1e-4409-a811-a2541a28cc9d",
                                    "name": "RANGPUR",
                                    "upazilas": [
                                        {
                                            "name": "TARAGANJ",
                                            "id": "f3cafdc7-ff33-4c9a-bf41-e092493e5e1b",
                                            "state": {
                                                "id": "b8c19906-b4fc-4745-ac93-af957934136b",
                                                "name": "RANGPUR"
                                            }
                                        },
                                        {
                                            "name": "GANGACHARA",
                                            "id": "331ce02e-1f27-429d-9256-95faacb19759",
                                            "state": {
                                                "id": "b8c19906-b4fc-4745-ac93-af957934136b",
                                                "name": "RANGPUR"
                                            }
                                        },
                                        {
                                            "name": "BADARGANJ",
                                            "id": "23b5ff55-5742-48ae-9dc6-b15f225a1268",
                                            "state": {
                                                "id": "b8c19906-b4fc-4745-ac93-af957934136b",
                                                "name": "RANGPUR"
                                            }
                                        },
                                        {
                                            "name": "KAUNIA",
                                            "id": "ea59b48e-61b7-40d5-a041-3189f4143167",
                                            "state": {
                                                "id": "b8c19906-b4fc-4745-ac93-af957934136b",
                                                "name": "RANGPUR"
                                            }
                                        },
                                        {
                                            "name": "PIRGACHHA",
                                            "id": "513d1649-1f41-498e-ac2d-6912f8b2327d",
                                            "state": {
                                                "id": "b8c19906-b4fc-4745-ac93-af957934136b",
                                                "name": "RANGPUR"
                                            }
                                        },
                                        {
                                            "name": "MITHAPUKUR",
                                            "id": "d8e55f9d-f8ec-4027-a775-ffb34e90a6c2",
                                            "state": {
                                                "id": "b8c19906-b4fc-4745-ac93-af957934136b",
                                                "name": "RANGPUR"
                                            }
                                        },
                                        {
                                            "name": "RANGPUR_SADAR",
                                            "id": "c7f28afe-ce75-4b54-9eb0-8ad04f863a9d",
                                            "state": {
                                                "id": "b8c19906-b4fc-4745-ac93-af957934136b",
                                                "name": "RANGPUR"
                                            }
                                        }
                                    ]
                                },
                                {
                                    "id": "086915fc-d139-4e2e-839c-b38a5be1e5f6",
                                    "name": "GAIBANDHA",
                                    "upazilas": [
                                        {
                                            "name": "SAGHATA",
                                            "id": "7b7f1bed-05af-46ef-9a98-c4be724fd5e2",
                                            "state": {
                                                "id": "b8c19906-b4fc-4745-ac93-af957934136b",
                                                "name": "RANGPUR"
                                            }
                                        },
                                        {
                                            "name": "SUNDARGANJ",
                                            "id": "b3c77682-f3b2-43a0-b18f-ce0fde8cd30d",
                                            "state": {
                                                "id": "b8c19906-b4fc-4745-ac93-af957934136b",
                                                "name": "RANGPUR"
                                            }
                                        },
                                        {
                                            "name": "GAIBANDHA_SADAR",
                                            "id": "549a592d-7e92-4dba-98a2-ccf8988786d4",
                                            "state": {
                                                "id": "b8c19906-b4fc-4745-ac93-af957934136b",
                                                "name": "RANGPUR"
                                            }
                                        },
                                        {
                                            "name": "PALASHBARI",
                                            "id": "4ca323ee-31f6-4126-a12e-b8ac59881175",
                                            "state": {
                                                "id": "b8c19906-b4fc-4745-ac93-af957934136b",
                                                "name": "RANGPUR"
                                            }
                                        },
                                        {
                                            "name": "GOBINDAGANJ",
                                            "id": "f28adc54-023d-4585-9859-72797f1a509b",
                                            "state": {
                                                "id": "b8c19906-b4fc-4745-ac93-af957934136b",
                                                "name": "RANGPUR"
                                            }
                                        },
                                        {
                                            "name": "FULCHHARI",
                                            "id": "a2a7553c-a2bd-44e5-bd52-0a085246f0a3",
                                            "state": {
                                                "id": "b8c19906-b4fc-4745-ac93-af957934136b",
                                                "name": "RANGPUR"
                                            }
                                        },
                                        {
                                            "name": "SADULLAPUR",
                                            "id": "e9b50e9e-ac38-4969-b483-d3972f87cee4",
                                            "state": {
                                                "id": "b8c19906-b4fc-4745-ac93-af957934136b",
                                                "name": "RANGPUR"
                                            }
                                        }
                                    ]
                                },
                                {
                                    "id": "1c714c0b-021b-4301-a593-2c83a2313649",
                                    "name": "JASHORE",
                                    "upazilas": [
                                        {
                                            "name": "JESSORE_SADAR",
                                            "id": "42f61364-59f7-4623-9426-6cdc057ec349",
                                            "state": {
                                                "id": "642a6748-942f-473d-96c6-a6c1b2e00e05",
                                                "name": "KHULNA"
                                            }
                                        },
                                        {
                                            "name": "JHIKARGACHHA",
                                            "id": "e8528241-9712-4342-9aeb-09f71796e266",
                                            "state": {
                                                "id": "642a6748-942f-473d-96c6-a6c1b2e00e05",
                                                "name": "KHULNA"
                                            }
                                        },
                                        {
                                            "name": "CHAUGACHHA",
                                            "id": "12c0fdba-54d7-44c3-8261-799edb2af99c",
                                            "state": {
                                                "id": "642a6748-942f-473d-96c6-a6c1b2e00e05",
                                                "name": "KHULNA"
                                            }
                                        },
                                        {
                                            "name": "SHARSHA",
                                            "id": "cbf6f38e-583e-4ccc-b6d4-79af79fa8219",
                                            "state": {
                                                "id": "642a6748-942f-473d-96c6-a6c1b2e00e05",
                                                "name": "KHULNA"
                                            }
                                        },
                                        {
                                            "name": "MANIRAMPUR",
                                            "id": "d0720ff4-ff9b-465d-91e9-aa3c8b7786e6",
                                            "state": {
                                                "id": "642a6748-942f-473d-96c6-a6c1b2e00e05",
                                                "name": "KHULNA"
                                            }
                                        },
                                        {
                                            "name": "KESHABPUR",
                                            "id": "eb816407-8817-4b72-a245-aa3d26a6730a",
                                            "state": {
                                                "id": "642a6748-942f-473d-96c6-a6c1b2e00e05",
                                                "name": "KHULNA"
                                            }
                                        },
                                        {
                                            "name": "BAGHERPARA",
                                            "id": "57a33475-5412-4756-96a0-c856f6e69819",
                                            "state": {
                                                "id": "642a6748-942f-473d-96c6-a6c1b2e00e05",
                                                "name": "KHULNA"
                                            }
                                        }
                                    ]
                                },
                                {
                                    "id": "e6fbbbf2-76b6-454c-aab1-00bae43ee7fb",
                                    "name": "CHANDPUR",
                                    "upazilas": [
                                        {
                                            "name": "MATLAB UTTAR",
                                            "id": "063793f3-d840-4cd8-9b37-16b346b5802b",
                                            "state": {
                                                "id": "d4e8944a-6e8f-4d6e-a313-2228cfe9a567",
                                                "name": "CHITTAGONG"
                                            }
                                        },
                                        {
                                            "name": "CHANDPUR_SADAR",
                                            "id": "ed3e766b-5c5f-4898-9807-c60656a34d68",
                                            "state": {
                                                "id": "d4e8944a-6e8f-4d6e-a313-2228cfe9a567",
                                                "name": "CHITTAGONG"
                                            }
                                        },
                                        {
                                            "name": "FARIDGANJ",
                                            "id": "80004c2e-4af7-4c54-a08f-7c5eab9de5b7",
                                            "state": {
                                                "id": "d4e8944a-6e8f-4d6e-a313-2228cfe9a567",
                                                "name": "CHITTAGONG"
                                            }
                                        },
                                        {
                                            "name": "SHAHRASTI",
                                            "id": "ce322d53-bbdb-415b-8d13-45a8185dce83",
                                            "state": {
                                                "id": "d4e8944a-6e8f-4d6e-a313-2228cfe9a567",
                                                "name": "CHITTAGONG"
                                            }
                                        },
                                        {
                                            "name": "HAIMCHAR",
                                            "id": "b7b43526-46a4-48d6-8d67-f4c15ba2afe0",
                                            "state": {
                                                "id": "d4e8944a-6e8f-4d6e-a313-2228cfe9a567",
                                                "name": "CHITTAGONG"
                                            }
                                        },
                                        {
                                            "name": "MATLAB DAKKHIN",
                                            "id": "c099cd9b-69a4-4e70-9314-2d54f940fcd8",
                                            "state": {
                                                "id": "d4e8944a-6e8f-4d6e-a313-2228cfe9a567",
                                                "name": "CHITTAGONG"
                                            }
                                        },
                                        {
                                            "name": "HAZIGANJ",
                                            "id": "d4f9f2a0-9974-4d64-9cf0-139a6619407e",
                                            "state": {
                                                "id": "d4e8944a-6e8f-4d6e-a313-2228cfe9a567",
                                                "name": "CHITTAGONG"
                                            }
                                        }
                                    ]
                                },
                                {
                                    "id": "82157ea8-5e09-483d-82b6-7fbc0c15ead9",
                                    "name": "CHUADANGA",
                                    "upazilas": [
                                        {
                                            "name": "JIBANNAGAR",
                                            "id": "056bb4e6-8df9-4275-8bd0-5de51d1375e5",
                                            "state": {
                                                "id": "642a6748-942f-473d-96c6-a6c1b2e00e05",
                                                "name": "KHULNA"
                                            }
                                        },
                                        {
                                            "name": "DAMURHUDA",
                                            "id": "48021efd-36b5-4321-8505-e9d5d2388c27",
                                            "state": {
                                                "id": "642a6748-942f-473d-96c6-a6c1b2e00e05",
                                                "name": "KHULNA"
                                            }
                                        },
                                        {
                                            "name": "CHUADANGA-S",
                                            "id": "6074f64e-f724-4a45-89fa-45dd861ff000",
                                            "state": {
                                                "id": "642a6748-942f-473d-96c6-a6c1b2e00e05",
                                                "name": "KHULNA"
                                            }
                                        },
                                        {
                                            "name": "ALAMDANGA",
                                            "id": "d0578b99-4bb0-4dbd-9c2c-55ba5b2dd713",
                                            "state": {
                                                "id": "642a6748-942f-473d-96c6-a6c1b2e00e05",
                                                "name": "KHULNA"
                                            }
                                        }
                                    ]
                                },
                                {
                                    "id": "fdd90dd4-29f5-47e3-9c83-86247e30e011",
                                    "name": "MANIKGANJ",
                                    "upazilas": [
                                        {
                                            "name": "SATURIA",
                                            "id": "d9009b9c-883f-44b8-8510-e89dd74298ef",
                                            "state": {
                                                "id": "9c75a95b-9f42-4ca9-a152-78c492590a6f",
                                                "name": "DHAKA"
                                            }
                                        },
                                        {
                                            "name": "SHIBALAYA",
                                            "id": "ab1e982e-faba-4f99-93af-8be8a4fd5fe5",
                                            "state": {
                                                "id": "9c75a95b-9f42-4ca9-a152-78c492590a6f",
                                                "name": "DHAKA"
                                            }
                                        },
                                        {
                                            "name": "GHIOR",
                                            "id": "39c075ea-6975-49d4-9028-f904f0bf6c6c",
                                            "state": {
                                                "id": "9c75a95b-9f42-4ca9-a152-78c492590a6f",
                                                "name": "DHAKA"
                                            }
                                        },
                                        {
                                            "name": "HARIRAMPUR",
                                            "id": "a11e3d5b-0753-4029-9491-ea2ea72465aa",
                                            "state": {
                                                "id": "9c75a95b-9f42-4ca9-a152-78c492590a6f",
                                                "name": "DHAKA"
                                            }
                                        },
                                        {
                                            "name": "SINGAIR",
                                            "id": "f178d21b-89ed-42df-a9a3-21f108b44d28",
                                            "state": {
                                                "id": "9c75a95b-9f42-4ca9-a152-78c492590a6f",
                                                "name": "DHAKA"
                                            }
                                        },
                                        {
                                            "name": "MANIKGANJ_SADAR",
                                            "id": "75442244-e5ad-4289-8a34-d5615d19b3a4",
                                            "state": {
                                                "id": "9c75a95b-9f42-4ca9-a152-78c492590a6f",
                                                "name": "DHAKA"
                                            }
                                        }
                                    ]
                                },
                                {
                                    "id": "eb65d06c-18a8-4220-abbb-a4fc1de8f740",
                                    "name": "MUNSHIGANJ",
                                    "upazilas": [
                                        {
                                            "name": "GAZARIA",
                                            "id": "d93e5ad7-1fa9-453b-be01-f707de0dee0d",
                                            "state": {
                                                "id": "9c75a95b-9f42-4ca9-a152-78c492590a6f",
                                                "name": "DHAKA"
                                            }
                                        },
                                        {
                                            "name": "LOHAJANG",
                                            "id": "8de67669-ef24-4fc0-974d-614802bc635c",
                                            "state": {
                                                "id": "9c75a95b-9f42-4ca9-a152-78c492590a6f",
                                                "name": "DHAKA"
                                            }
                                        },
                                        {
                                            "name": "SREENAGAR",
                                            "id": "8f4bf6d0-176e-46a3-911b-50fa597f928a",
                                            "state": {
                                                "id": "9c75a95b-9f42-4ca9-a152-78c492590a6f",
                                                "name": "DHAKA"
                                            }
                                        },
                                        {
                                            "name": "MUNSHIGANJ_SADAR",
                                            "id": "d0ee788a-80bc-41a6-85c0-285852acb1c1",
                                            "state": {
                                                "id": "9c75a95b-9f42-4ca9-a152-78c492590a6f",
                                                "name": "DHAKA"
                                            }
                                        },
                                        {
                                            "name": "SIRAJDIKHAN",
                                            "id": "76276c1f-b0a4-4ad9-8994-f7056d23bcfd",
                                            "state": {
                                                "id": "9c75a95b-9f42-4ca9-a152-78c492590a6f",
                                                "name": "DHAKA"
                                            }
                                        },
                                        {
                                            "name": "TONGIBARI",
                                            "id": "632c71cf-94e4-43da-b567-79d0e8ddc66c",
                                            "state": {
                                                "id": "9c75a95b-9f42-4ca9-a152-78c492590a6f",
                                                "name": "DHAKA"
                                            }
                                        }
                                    ]
                                },
                                {
                                    "id": "27088eef-3fb2-45db-83f6-7b5820818817",
                                    "name": "KUSHTIA",
                                    "upazilas": [
                                        {
                                            "name": "KUMARKHALI",
                                            "id": "f172ffc4-fc9f-49de-956b-6385b8fd74d3",
                                            "state": {
                                                "id": "642a6748-942f-473d-96c6-a6c1b2e00e05",
                                                "name": "KHULNA"
                                            }
                                        },
                                        {
                                            "name": "BHERAMARA",
                                            "id": "7a6ae3eb-abfb-4059-9759-59fc79242f27",
                                            "state": {
                                                "id": "642a6748-942f-473d-96c6-a6c1b2e00e05",
                                                "name": "KHULNA"
                                            }
                                        },
                                        {
                                            "name": "KUSHTIA_SADAR",
                                            "id": "080eebe9-aace-48e8-81c5-85b575971f51",
                                            "state": {
                                                "id": "642a6748-942f-473d-96c6-a6c1b2e00e05",
                                                "name": "KHULNA"
                                            }
                                        },
                                        {
                                            "name": "MIRPUR",
                                            "id": "b652dbdd-b30a-4afb-886c-9d59c58a8c0e",
                                            "state": {
                                                "id": "642a6748-942f-473d-96c6-a6c1b2e00e05",
                                                "name": "KHULNA"
                                            }
                                        },
                                        {
                                            "name": "KHOKSA",
                                            "id": "2efbd4a2-b662-4471-a226-7feb55866616",
                                            "state": {
                                                "id": "642a6748-942f-473d-96c6-a6c1b2e00e05",
                                                "name": "KHULNA"
                                            }
                                        },
                                        {
                                            "name": "DAULATPUR",
                                            "id": "ca60c131-5d3d-4e69-a08a-e346ffaea90a",
                                            "state": {
                                                "id": "642a6748-942f-473d-96c6-a6c1b2e00e05",
                                                "name": "KHULNA"
                                            }
                                        }
                                    ]
                                },
                                {
                                    "id": "3f0b76be-22bf-4ac9-8a29-0dc53c9641c5",
                                    "name": "BOGURA",
                                    "upazilas": [
                                        {
                                            "name": "SHERPUR",
                                            "id": "27718256-3ec0-4b90-803d-2e077b4c6bb7",
                                            "state": {
                                                "id": "d68c68d2-108e-4635-93d1-28c44525f178",
                                                "name": "RAJSHAHI"
                                            }
                                        },
                                        {
                                            "name": "SARIAKANDI",
                                            "id": "c5843f0e-3bc2-4e45-b823-b5ca3c5c9991",
                                            "state": {
                                                "id": "d68c68d2-108e-4635-93d1-28c44525f178",
                                                "name": "RAJSHAHI"
                                            }
                                        },
                                        {
                                            "name": "NANDIGRAM",
                                            "id": "1085c7de-e430-45fc-970e-79f4336a854a",
                                            "state": {
                                                "id": "d68c68d2-108e-4635-93d1-28c44525f178",
                                                "name": "RAJSHAHI"
                                            }
                                        },
                                        {
                                            "name": "ADAMDIGHI",
                                            "id": "d4fb9820-bf93-498b-bbd9-68c432008c8b",
                                            "state": {
                                                "id": "d68c68d2-108e-4635-93d1-28c44525f178",
                                                "name": "RAJSHAHI"
                                            }
                                        },
                                        {
                                            "name": "DHUNAT",
                                            "id": "4ae13d59-e9e4-47c7-afc0-9f8bfa03e321",
                                            "state": {
                                                "id": "d68c68d2-108e-4635-93d1-28c44525f178",
                                                "name": "RAJSHAHI"
                                            }
                                        },
                                        {
                                            "name": "GABTALI",
                                            "id": "23160f5f-aec6-4b0b-81c4-5aa895621020",
                                            "state": {
                                                "id": "d68c68d2-108e-4635-93d1-28c44525f178",
                                                "name": "RAJSHAHI"
                                            }
                                        },
                                        {
                                            "name": "SONATALA",
                                            "id": "72bf0fce-8301-4e93-b9ce-e7b776e5bd6f",
                                            "state": {
                                                "id": "d68c68d2-108e-4635-93d1-28c44525f178",
                                                "name": "RAJSHAHI"
                                            }
                                        },
                                        {
                                            "name": "BOGRA_SADAR",
                                            "id": "dcf677c9-ffde-466c-a5fd-72d273586b19",
                                            "state": {
                                                "id": "d68c68d2-108e-4635-93d1-28c44525f178",
                                                "name": "RAJSHAHI"
                                            }
                                        },
                                        {
                                            "name": "SAHAJANPUR",
                                            "id": "bfaadb41-661b-4556-8b5c-6d8a2611e817",
                                            "state": {
                                                "id": "d68c68d2-108e-4635-93d1-28c44525f178",
                                                "name": "RAJSHAHI"
                                            }
                                        },
                                        {
                                            "name": "KAHALOO",
                                            "id": "303a6199-9118-46c1-b9ec-68e991107bb5",
                                            "state": {
                                                "id": "d68c68d2-108e-4635-93d1-28c44525f178",
                                                "name": "RAJSHAHI"
                                            }
                                        },
                                        {
                                            "name": "DHUPCHANCHIA",
                                            "id": "25c404c7-009d-4b24-aa5b-8b2a8de06f02",
                                            "state": {
                                                "id": "d68c68d2-108e-4635-93d1-28c44525f178",
                                                "name": "RAJSHAHI"
                                            }
                                        }
                                    ]
                                },
                                {
                                    "id": "acac9cb9-207c-48b8-bf7f-2bb26c3cbaf3",
                                    "name": "SUNAMGANJ",
                                    "upazilas": [
                                        {
                                            "name": "DOWARABAZAR",
                                            "id": "cff4ac7e-408b-4f6b-87ab-3009304229e8",
                                            "state": {
                                                "id": "2f2f0cc1-587a-4dad-a3f0-83c0bac697ec",
                                                "name": "SYLHET"
                                            }
                                        },
                                        {
                                            "name": "JAMALGANJ",
                                            "id": "dc3ee901-0d99-4235-9097-9392156a30b2",
                                            "state": {
                                                "id": "2f2f0cc1-587a-4dad-a3f0-83c0bac697ec",
                                                "name": "SYLHET"
                                            }
                                        },
                                        {
                                            "name": "SUNAMGANJ_SADAR",
                                            "id": "4fef6ecc-27ee-4547-b1f2-cac270075800",
                                            "state": {
                                                "id": "2f2f0cc1-587a-4dad-a3f0-83c0bac697ec",
                                                "name": "SYLHET"
                                            }
                                        },
                                        {
                                            "name": "CHHATAK",
                                            "id": "2850075b-f85b-4b3e-9464-fb094fdab0d1",
                                            "state": {
                                                "id": "2f2f0cc1-587a-4dad-a3f0-83c0bac697ec",
                                                "name": "SYLHET"
                                            }
                                        },
                                        {
                                            "name": "BISHWAMVARPUR",
                                            "id": "bd2a5b8d-2db7-4457-890f-cb7949ab679b",
                                            "state": {
                                                "id": "2f2f0cc1-587a-4dad-a3f0-83c0bac697ec",
                                                "name": "SYLHET"
                                            }
                                        },
                                        {
                                            "name": "TAHIRPUR",
                                            "id": "e629bf90-c502-4b6a-ab23-1c0e2ed8c422",
                                            "state": {
                                                "id": "2f2f0cc1-587a-4dad-a3f0-83c0bac697ec",
                                                "name": "SYLHET"
                                            }
                                        },
                                        {
                                            "name": "SHANTHIGANJ",
                                            "id": "1d7a3c9c-c35f-4813-a587-a3b823c24929",
                                            "state": {
                                                "id": "2f2f0cc1-587a-4dad-a3f0-83c0bac697ec",
                                                "name": "SYLHET"
                                            }
                                        },
                                        {
                                            "name": "DHARAMPASHA",
                                            "id": "eef5310f-38fa-46a5-8c0d-1a1921b45c75",
                                            "state": {
                                                "id": "2f2f0cc1-587a-4dad-a3f0-83c0bac697ec",
                                                "name": "SYLHET"
                                            }
                                        },
                                        {
                                            "name": "DERAI",
                                            "id": "cdd49f46-021e-402f-b1e9-bab17bf44714",
                                            "state": {
                                                "id": "2f2f0cc1-587a-4dad-a3f0-83c0bac697ec",
                                                "name": "SYLHET"
                                            }
                                        },
                                        {
                                            "name": "SULLA",
                                            "id": "f4446cae-89b8-4db4-844b-d46ac7d71a8d",
                                            "state": {
                                                "id": "2f2f0cc1-587a-4dad-a3f0-83c0bac697ec",
                                                "name": "SYLHET"
                                            }
                                        },
                                        {
                                            "name": "MODHYANAGAR",
                                            "id": "f2eb6c8d-a10e-4f30-bf84-758a716f9e5b",
                                            "state": {
                                                "id": "2f2f0cc1-587a-4dad-a3f0-83c0bac697ec",
                                                "name": "SYLHET"
                                            }
                                        },
                                        {
                                            "name": "JAGANNATHPUR",
                                            "id": "ed7e25d5-9cae-409c-b4b6-ec487ae79e26",
                                            "state": {
                                                "id": "2f2f0cc1-587a-4dad-a3f0-83c0bac697ec",
                                                "name": "SYLHET"
                                            }
                                        }
                                    ]
                                },
                                {
                                    "id": "440478fc-7e81-4b0e-9e11-7a30d0240c6a",
                                    "name": "THAKURGAON",
                                    "upazilas": [
                                        {
                                            "name": "RANISANKAIL",
                                            "id": "3fe1bae0-b945-47c8-b858-143e99d1345c",
                                            "state": {
                                                "id": "b8c19906-b4fc-4745-ac93-af957934136b",
                                                "name": "RANGPUR"
                                            }
                                        },
                                        {
                                            "name": "BALIADANGI",
                                            "id": "bc011048-a141-4782-80e6-1de7933f976f",
                                            "state": {
                                                "id": "b8c19906-b4fc-4745-ac93-af957934136b",
                                                "name": "RANGPUR"
                                            }
                                        },
                                        {
                                            "name": "THAKURGAON_SADAR",
                                            "id": "e76216bc-9591-448d-bdd2-f11337f1d167",
                                            "state": {
                                                "id": "b8c19906-b4fc-4745-ac93-af957934136b",
                                                "name": "RANGPUR"
                                            }
                                        },
                                        {
                                            "name": "HARIPUR",
                                            "id": "a057fd71-762f-4e3b-94c4-b0c25f1330e1",
                                            "state": {
                                                "id": "b8c19906-b4fc-4745-ac93-af957934136b",
                                                "name": "RANGPUR"
                                            }
                                        },
                                        {
                                            "name": "PIRGANJ",
                                            "id": "6f84b588-ac8a-4a62-b9ea-5d2ca913c00c",
                                            "state": {
                                                "id": "b8c19906-b4fc-4745-ac93-af957934136b",
                                                "name": "RANGPUR"
                                            }
                                        }
                                    ]
                                },
                                {
                                    "id": "7597f272-f003-4db4-8568-e8f45cb1a56d",
                                    "name": "PANCHAGARH",
                                    "upazilas": [
                                        {
                                            "name": "TETULIA",
                                            "id": "4f9f299d-6613-41be-ab21-4997945547c1",
                                            "state": {
                                                "id": "b8c19906-b4fc-4745-ac93-af957934136b",
                                                "name": "RANGPUR"
                                            }
                                        },
                                        {
                                            "name": "ATWARI",
                                            "id": "1a02f5b1-d095-4d55-9d14-045721e6c40d",
                                            "state": {
                                                "id": "b8c19906-b4fc-4745-ac93-af957934136b",
                                                "name": "RANGPUR"
                                            }
                                        },
                                        {
                                            "name": "BODA",
                                            "id": "d005e319-3338-4877-936c-c01c42003faf",
                                            "state": {
                                                "id": "b8c19906-b4fc-4745-ac93-af957934136b",
                                                "name": "RANGPUR"
                                            }
                                        },
                                        {
                                            "name": "PANCHAGARH_SADAR",
                                            "id": "7c487b8b-afc0-426f-a5a3-2df6ca17e2b7",
                                            "state": {
                                                "id": "b8c19906-b4fc-4745-ac93-af957934136b",
                                                "name": "RANGPUR"
                                            }
                                        },
                                        {
                                            "name": "DEBIGANJ",
                                            "id": "c69f7be1-f80c-49a0-a422-816cc0aedbe2",
                                            "state": {
                                                "id": "b8c19906-b4fc-4745-ac93-af957934136b",
                                                "name": "RANGPUR"
                                            }
                                        }
                                    ]
                                },
                                {
                                    "id": "02e94441-6145-4fbc-b185-7147f9433b0d",
                                    "name": "KHAGRACHARI",
                                    "upazilas": [
                                        {
                                            "name": "LAKSHMICHHARI",
                                            "id": "15bb16dd-f946-4d7f-ba1a-3833795ce9ae",
                                            "state": {
                                                "id": "d4e8944a-6e8f-4d6e-a313-2228cfe9a567",
                                                "name": "CHITTAGONG"
                                            }
                                        },
                                        {
                                            "name": "MANIKCHHARI",
                                            "id": "7ccab6c5-4db7-4c96-b5c2-f9bf8f4b4b2e",
                                            "state": {
                                                "id": "d4e8944a-6e8f-4d6e-a313-2228cfe9a567",
                                                "name": "CHITTAGONG"
                                            }
                                        },
                                        {
                                            "name": "MAHALCHHARI",
                                            "id": "8d6273ce-8713-4857-8d7f-645ec8cf7b49",
                                            "state": {
                                                "id": "d4e8944a-6e8f-4d6e-a313-2228cfe9a567",
                                                "name": "CHITTAGONG"
                                            }
                                        },
                                        {
                                            "name": "DIGHINALA",
                                            "id": "56d905ea-5cc1-4c95-aa62-a369fa67ef86",
                                            "state": {
                                                "id": "d4e8944a-6e8f-4d6e-a313-2228cfe9a567",
                                                "name": "CHITTAGONG"
                                            }
                                        },
                                        {
                                            "name": "MATIRANGA",
                                            "id": "5a40f09b-f1fc-4a4c-9339-7242810be320",
                                            "state": {
                                                "id": "d4e8944a-6e8f-4d6e-a313-2228cfe9a567",
                                                "name": "CHITTAGONG"
                                            }
                                        },
                                        {
                                            "name": "PANCHHARI",
                                            "id": "72bf30e6-6965-4134-82ee-942435bf0cf8",
                                            "state": {
                                                "id": "d4e8944a-6e8f-4d6e-a313-2228cfe9a567",
                                                "name": "CHITTAGONG"
                                            }
                                        },
                                        {
                                            "name": "KHAGRACHHARI",
                                            "id": "0b5ba0d4-cf95-4748-a05d-3243c24b9c2b",
                                            "state": {
                                                "id": "d4e8944a-6e8f-4d6e-a313-2228cfe9a567",
                                                "name": "CHITTAGONG"
                                            }
                                        },
                                        {
                                            "name": "RAMGARH",
                                            "id": "3a985352-6aac-42ca-9d46-0104299d9d5b",
                                            "state": {
                                                "id": "d4e8944a-6e8f-4d6e-a313-2228cfe9a567",
                                                "name": "CHITTAGONG"
                                            }
                                        }
                                    ]
                                },
                                {
                                    "id": "2bdb9cb8-429c-4c87-8651-44eb75bba39f",
                                    "name": "RANGAMATI",
                                    "upazilas": [
                                        {
                                            "name": "KAPTAI",
                                            "id": "b1e5c4ba-9a01-40d7-ae06-e2eff4512f64",
                                            "state": {
                                                "id": "d4e8944a-6e8f-4d6e-a313-2228cfe9a567",
                                                "name": "CHITTAGONG"
                                            }
                                        },
                                        {
                                            "name": "BELAICHHARI",
                                            "id": "66e451b0-a6e5-4797-ae4e-6e3337e8f656",
                                            "state": {
                                                "id": "d4e8944a-6e8f-4d6e-a313-2228cfe9a567",
                                                "name": "CHITTAGONG"
                                            }
                                        },
                                        {
                                            "name": "LANGADU",
                                            "id": "b0ec8354-8a29-4b89-b657-29036d5ff491",
                                            "state": {
                                                "id": "d4e8944a-6e8f-4d6e-a313-2228cfe9a567",
                                                "name": "CHITTAGONG"
                                            }
                                        },
                                        {
                                            "name": "BAGAICHHARI",
                                            "id": "ab30a268-d429-4a3b-ac46-d6b3962a9746",
                                            "state": {
                                                "id": "d4e8944a-6e8f-4d6e-a313-2228cfe9a567",
                                                "name": "CHITTAGONG"
                                            }
                                        },
                                        {
                                            "name": "BARKAL",
                                            "id": "07a7db0e-69ce-417d-8268-7bebb57c11ae",
                                            "state": {
                                                "id": "d4e8944a-6e8f-4d6e-a313-2228cfe9a567",
                                                "name": "CHITTAGONG"
                                            }
                                        },
                                        {
                                            "name": "KAUKHALI",
                                            "id": "303fd905-dc54-4d74-8371-dfc1f477bfc9",
                                            "state": {
                                                "id": "d4e8944a-6e8f-4d6e-a313-2228cfe9a567",
                                                "name": "CHITTAGONG"
                                            }
                                        },
                                        {
                                            "name": "RAJASTHALI",
                                            "id": "1fcbd368-6caa-4dbd-a9fa-2a00e89e77fc",
                                            "state": {
                                                "id": "d4e8944a-6e8f-4d6e-a313-2228cfe9a567",
                                                "name": "CHITTAGONG"
                                            }
                                        },
                                        {
                                            "name": "JURAICHHARI",
                                            "id": "3f4328c9-7b1e-40e9-ad79-d66389645310",
                                            "state": {
                                                "id": "d4e8944a-6e8f-4d6e-a313-2228cfe9a567",
                                                "name": "CHITTAGONG"
                                            }
                                        },
                                        {
                                            "name": "NANNERCHAR",
                                            "id": "fb57848d-e0b9-4051-816c-712fac450852",
                                            "state": {
                                                "id": "d4e8944a-6e8f-4d6e-a313-2228cfe9a567",
                                                "name": "CHITTAGONG"
                                            }
                                        },
                                        {
                                            "name": "RANGAMATI_SADAR",
                                            "id": "1f383e09-c643-4780-a625-02d83259cd37",
                                            "state": {
                                                "id": "d4e8944a-6e8f-4d6e-a313-2228cfe9a567",
                                                "name": "CHITTAGONG"
                                            }
                                        }
                                    ]
                                }
                            ]
                        },
                        {
                            "name": "Pakistan",
                            "id": "bc79ebd2-95a6-46e5-8ade-e7f494021b83",
                            "districts": [
                                
                            ]
                        },
                        {
                            "name": "India",
                            "id": "82ec6692-b098-4803-8cc0-8df58d65ed10",
                            "districts": [
                                
                            ]
                        }
                    ]
                }
            },
            {
                "id": "7f7e022b-f273-4c30-aeae-b265e7caed1b",
                "region": {
                    "countries": [
                        {
                            "name": "Egypt",
                            "id": "118f9f5b-63b1-4bba-81bc-1f24d791fa1c",
                            "districts": [
                                
                            ]
                        },
                        {
                            "name": "Libya",
                            "id": "6a3d82cb-b14a-4f8d-8ec1-54104715b045",
                            "districts": [
                                
                            ]
                        },
                        {
                            "name": "Tunisia",
                            "id": "5fce3077-fac8-4461-bf35-b912844ea013",
                            "districts": [
                                
                            ]
                        },
                        {
                            "name": "Algeria",
                            "id": "7f7e022b-f273-4c30-aeae-b265e7caed1b",
                            "districts": [
                                
                            ]
                        },
                        {
                            "name": "Morocco",
                            "id": "edb88011-b648-4109-8190-f89775e98670",
                            "districts": [
                                
                            ]
                        },
                        {
                            "name": "Sudan",
                            "id": "6b0da14e-212e-4d9c-a26c-f37a13b1a0d4",
                            "districts": [
                                
                            ]
                        }
                    ]
                }
            },
            {
                "id": "6bedb61d-4a24-414a-9ddd-adb4cc1cc389",
                "region": {
                    "countries": [
                        {
                            "name": "Jordan",
                            "id": "57d77108-7390-4d8b-9175-09fa2278972f",
                            "districts": [
                                
                            ]
                        },
                        {
                            "name": "Yemen",
                            "id": "e36259b6-c350-4fdc-83dc-bfdbe04765d1",
                            "districts": [
                                
                            ]
                        },
                        {
                            "name": "Bahrain",
                            "id": "cb7d2601-26e1-4af4-b27c-1130bc908636",
                            "districts": [
                                
                            ]
                        },
                        {
                            "name": "Armenia",
                            "id": "8f0fda5d-e346-4016-8651-38bc0a9db13f",
                            "districts": [
                                
                            ]
                        },
                        {
                            "name": "Kuwait",
                            "id": "04c19ad3-d5fd-4432-be03-d0f3aa0bfef4",
                            "districts": [
                                
                            ]
                        },
                        {
                            "name": "United Arab Emirates",
                            "id": "191f578d-d3e2-49a4-803c-012c36fae6b8",
                            "districts": [
                                
                            ]
                        },
                        {
                            "name": "Lebanon",
                            "id": "7d6074eb-b44c-4e01-b064-9e67695b896b",
                            "districts": [
                                
                            ]
                        },
                        {
                            "name": "Singapore",
                            "id": "20786ba0-66e7-4c86-9e62-e27456f80ed0",
                            "districts": [
                                
                            ]
                        },
                        {
                            "name": "Palestine, State of",
                            "id": "c4dbf9dc-caad-4b9b-ab84-a178363717f4",
                            "districts": [
                                
                            ]
                        },
                        {
                            "name": "Syrian Arab Republic",
                            "id": "33760701-153e-4220-b9fa-ec4342d2f0e4",
                            "districts": [
                                
                            ]
                        },
                        {
                            "name": "Georgia",
                            "id": "371dea3e-0fa3-45de-898c-05dc08e4da37",
                            "districts": [
                                
                            ]
                        },
                        {
                            "name": "Oman",
                            "id": "ebba5457-cf3a-4c92-a296-c9304075a083",
                            "districts": [
                                
                            ]
                        },
                        {
                            "name": "Azerbaijan",
                            "id": "bf0dafd8-ebe6-4b98-86ab-ed8e16475794",
                            "districts": [
                                
                            ]
                        },
                        {
                            "name": "Philippines",
                            "id": "bd3959ff-aabe-46fa-ac07-055e8436407e",
                            "districts": [
                                
                            ]
                        },
                        {
                            "name": "Israel",
                            "id": "b9435680-f62e-4437-9179-0584ae6af227",
                            "districts": [
                                
                            ]
                        },
                        {
                            "name": "Turkey",
                            "id": "eb6d71b2-8583-4c12-9063-5439639e4817",
                            "districts": [
                                
                            ]
                        },
                        {
                            "name": "Qatar",
                            "id": "6bedb61d-4a24-414a-9ddd-adb4cc1cc389",
                            "districts": [
                                
                            ]
                        },
                        {
                            "name": "Cyprus",
                            "id": "9683b8ba-efbf-4e28-9a27-6d2108466189",
                            "districts": [
                                
                            ]
                        },
                        {
                            "name": "Iraq",
                            "id": "ea4c7ed2-9ce9-4151-9531-ff9af85def73",
                            "districts": [
                                
                            ]
                        },
                        {
                            "name": "Saudi Arabia",
                            "id": "b2d5c8d1-21a7-433a-a592-38268c29f913",
                            "districts": [
                                
                            ]
                        }
                    ]
                }
            },
            {
                "id": "31ffdf7e-d375-4c19-8b4c-6ac8e4486727",
                "region": {
                    "countries": [
                        {
                            "name": "Angola",
                            "id": "5e9f919f-2d42-42ec-8b6c-adf7f7b3cd0b",
                            "districts": [
                                
                            ]
                        },
                        {
                            "name": "Cabo Verde",
                            "id": "e5489353-76dd-4d8d-b61e-d349c6356c68",
                            "districts": [
                                
                            ]
                        },
                        {
                            "name": "Mali",
                            "id": "dd9791d1-fea1-4b9d-9076-37e499de6307",
                            "districts": [
                                
                            ]
                        },
                        {
                            "name": "British Indian Ocean Territory",
                            "id": "20479535-b47b-41ba-8cab-b7024bd8ec82",
                            "districts": [
                                
                            ]
                        },
                        {
                            "name": "Gambia",
                            "id": "efec8f57-a2fb-4f95-b662-d72b21d301ed",
                            "districts": [
                                
                            ]
                        },
                        {
                            "name": "Zambia",
                            "id": "4992bec5-10a9-49df-ad13-69aa7cdcfef6",
                            "districts": [
                                
                            ]
                        },
                        {
                            "name": "Eswatini",
                            "id": "d044d249-e941-47bb-8fae-8cab328ca575",
                            "districts": [
                                
                            ]
                        },
                        {
                            "name": "Mayotte",
                            "id": "f4b83278-abe2-46f6-b0c0-50eceba9a35f",
                            "districts": [
                                
                            ]
                        },
                        {
                            "name": "Burundi",
                            "id": "310ab811-40b5-48da-8a66-e7562f4cf9d1",
                            "districts": [
                                
                            ]
                        },
                        {
                            "name": "Liberia",
                            "id": "86d6e276-b027-4cf8-ad4d-c4793b3425cf",
                            "districts": [
                                
                            ]
                        },
                        {
                            "name": "Mauritius",
                            "id": "a06fe50f-4ff3-483a-83c6-01ce4068ab36",
                            "districts": [
                                
                            ]
                        },
                        {
                            "name": "Sao Tome and Principe",
                            "id": "712df7d0-5d1b-401b-a832-911354b38baf",
                            "districts": [
                                
                            ]
                        },
                        {
                            "name": "Senegal",
                            "id": "990cb125-2ede-4648-b5d4-698d0e6ad712",
                            "districts": [
                                
                            ]
                        },
                        {
                            "name": "Botswana",
                            "id": "f177f103-59bd-4527-831e-101af0a373bd",
                            "districts": [
                                
                            ]
                        },
                        {
                            "name": "Rwanda",
                            "id": "5507db6a-9757-40e2-a498-f8cb8df70fb8",
                            "districts": [
                                
                            ]
                        },
                        {
                            "name": "Niger",
                            "id": "74150778-002b-4ca3-a064-41c5cad3f026",
                            "districts": [
                                
                            ]
                        },
                        {
                            "name": "Benin",
                            "id": "ec5d7439-de38-46d4-8a31-7b23b9525984",
                            "districts": [
                                
                            ]
                        },
                        {
                            "name": "Réunion",
                            "id": "e0f20522-cffc-4e66-8e7d-9334f35fce95",
                            "districts": [
                                
                            ]
                        },
                        {
                            "name": "South Africa",
                            "id": "9a7647d2-60ca-429d-90e5-905edaff872c",
                            "districts": [
                                
                            ]
                        },
                        {
                            "name": "Ghana",
                            "id": "9662349e-2c36-496a-83d5-6f746ae768a7",
                            "districts": [
                                
                            ]
                        },
                        {
                            "name": "Congo",
                            "id": "33c8a05e-4d63-49cd-a5f1-0f4a1d5ab13e",
                            "districts": [
                                
                            ]
                        },
                        {
                            "name": "Guinea-Bissau",
                            "id": "64d1845d-1963-40bc-a31b-1f45084f1644",
                            "districts": [
                                
                            ]
                        },
                        {
                            "name": "Togo",
                            "id": "9d383757-b95f-44da-b535-3887ed82679f",
                            "districts": [
                                
                            ]
                        },
                        {
                            "name": "Namibia",
                            "id": "cf9f295f-bf4c-4a8b-8738-53c6a9ed55b1",
                            "districts": [
                                
                            ]
                        },
                        {
                            "name": "Djibouti",
                            "id": "ba974fdc-3dea-4b6b-a2f3-34624faa59a7",
                            "districts": [
                                
                            ]
                        },
                        {
                            "name": "Gabon",
                            "id": "8f6be81f-6b58-4a61-b684-5c2d620a0e74",
                            "districts": [
                                
                            ]
                        },
                        {
                            "name": "Lesotho",
                            "id": "300752f4-088e-403c-95b0-7a670c09f8cc",
                            "districts": [
                                
                            ]
                        },
                        {
                            "name": "Madagascar",
                            "id": "eb4c5e71-f839-4f3c-8e93-49ef57f4fe8d",
                            "districts": [
                                
                            ]
                        },
                        {
                            "name": "Uganda",
                            "id": "b1693449-e104-47c0-94db-f55cc6c850d5",
                            "districts": [
                                
                            ]
                        },
                        {
                            "name": "Côte d\"Ivoire",
                            "id": "59276e01-0d64-487a-aec6-332ae91f9909",
                            "districts": [
                                
                            ]
                        },
                        {
                            "name": "Nigeria",
                            "id": "3c94aa61-055d-4c38-a40b-67dff395beda",
                            "districts": [
                                
                            ]
                        },
                        {
                            "name": "Zimbabwe",
                            "id": "bfbf9853-bae3-4e57-b7cd-1e9228e8b1f3",
                            "districts": [
                                
                            ]
                        },
                        {
                            "name": "Seychelles",
                            "id": "4c63d1f6-87ba-45f1-9414-eb22bfba46c2",
                            "districts": [
                                
                            ]
                        },
                        {
                            "name": "Cameroon",
                            "id": "0495fba0-693d-433a-a9ef-6bc2ccab6093",
                            "districts": [
                                
                            ]
                        },
                        {
                            "name": "Guinea",
                            "id": "eda1a6fb-f95b-4664-b352-8a468c499b34",
                            "districts": [
                                
                            ]
                        },
                        {
                            "name": "Kenya",
                            "id": "06702720-9c60-4210-8eed-8824f1cc80c2",
                            "districts": [
                                
                            ]
                        },
                        {
                            "name": "Mozambique",
                            "id": "df394703-b3a5-4d0f-aa33-db8b10ba29ab",
                            "districts": [
                                
                            ]
                        },
                        {
                            "name": "Saint Helena, Ascension and Tristan da Cunha",
                            "id": "e379e052-1704-4e98-b4fd-fdac7ca1f9a0",
                            "districts": [
                                
                            ]
                        },
                        {
                            "name": "Ethiopia",
                            "id": "77d5d6a2-5f01-41b8-b06d-88b9efc618f8",
                            "districts": [
                                
                            ]
                        },
                        {
                            "name": "Comoros",
                            "id": "ae0a4c53-9eea-4b4f-b7ab-98750eb58582",
                            "districts": [
                                
                            ]
                        },
                        {
                            "name": "Malawi",
                            "id": "31ffdf7e-d375-4c19-8b4c-6ac8e4486727",
                            "districts": [
                                
                            ]
                        },
                        {
                            "name": "Somalia",
                            "id": "630c356f-e198-4cd0-8e91-b29002c2aca7",
                            "districts": [
                                
                            ]
                        },
                        {
                            "name": "Congo, Democratic Republic of the",
                            "id": "55a5fe27-565c-4963-88c0-9a3ec24dea5c",
                            "districts": [
                                
                            ]
                        },
                        {
                            "name": "Equatorial Guinea",
                            "id": "9d2dd243-9754-4962-a556-6dbbf85b248a",
                            "districts": [
                                
                            ]
                        },
                        {
                            "name": "Chad",
                            "id": "4c4abd99-f4df-4fee-bac5-e2a1eef7ec0f",
                            "districts": [
                                
                            ]
                        },
                        {
                            "name": "Tanzania, United Republic of",
                            "id": "30d8662e-655f-43c8-b307-a2dc0046ebe5",
                            "districts": [
                                
                            ]
                        },
                        {
                            "name": "Sierra Leone",
                            "id": "e2135c5c-dfd3-4d44-b16f-0c29186836ce",
                            "districts": [
                                
                            ]
                        },
                        {
                            "name": "Eritrea",
                            "id": "bdd50ea2-c82d-44e8-b493-09892c245a6d",
                            "districts": [
                                
                            ]
                        },
                        {
                            "name": "Central African Republic",
                            "id": "59d2224e-e8a9-4e08-bf66-6ca50cf3d5e7",
                            "districts": [
                                
                            ]
                        },
                        {
                            "name": "South Sudan",
                            "id": "96e00183-809e-408c-b2f2-0042a6a8a8ba",
                            "districts": [
                                
                            ]
                        },
                        {
                            "name": "Mauritania",
                            "id": "780c64c4-cea5-4b78-85af-7be29c96025f",
                            "districts": [
                                
                            ]
                        },
                        {
                            "name": "Burkina Faso",
                            "id": "cedf0037-0cb1-4ad8-8a83-9ae64bc44992",
                            "districts": [
                                
                            ]
                        }
                    ]
                }
            },
            {
                "id": "630c356f-e198-4cd0-8e91-b29002c2aca7",
                "region": {
                    "countries": [
                        {
                            "name": "Angola",
                            "id": "5e9f919f-2d42-42ec-8b6c-adf7f7b3cd0b",
                            "districts": [
                                
                            ]
                        },
                        {
                            "name": "Cabo Verde",
                            "id": "e5489353-76dd-4d8d-b61e-d349c6356c68",
                            "districts": [
                                
                            ]
                        },
                        {
                            "name": "Mali",
                            "id": "dd9791d1-fea1-4b9d-9076-37e499de6307",
                            "districts": [
                                
                            ]
                        },
                        {
                            "name": "British Indian Ocean Territory",
                            "id": "20479535-b47b-41ba-8cab-b7024bd8ec82",
                            "districts": [
                                
                            ]
                        },
                        {
                            "name": "Gambia",
                            "id": "efec8f57-a2fb-4f95-b662-d72b21d301ed",
                            "districts": [
                                
                            ]
                        },
                        {
                            "name": "Zambia",
                            "id": "4992bec5-10a9-49df-ad13-69aa7cdcfef6",
                            "districts": [
                                
                            ]
                        },
                        {
                            "name": "Eswatini",
                            "id": "d044d249-e941-47bb-8fae-8cab328ca575",
                            "districts": [
                                
                            ]
                        },
                        {
                            "name": "Mayotte",
                            "id": "f4b83278-abe2-46f6-b0c0-50eceba9a35f",
                            "districts": [
                                
                            ]
                        },
                        {
                            "name": "Burundi",
                            "id": "310ab811-40b5-48da-8a66-e7562f4cf9d1",
                            "districts": [
                                
                            ]
                        },
                        {
                            "name": "Liberia",
                            "id": "86d6e276-b027-4cf8-ad4d-c4793b3425cf",
                            "districts": [
                                
                            ]
                        },
                        {
                            "name": "Mauritius",
                            "id": "a06fe50f-4ff3-483a-83c6-01ce4068ab36",
                            "districts": [
                                
                            ]
                        },
                        {
                            "name": "Sao Tome and Principe",
                            "id": "712df7d0-5d1b-401b-a832-911354b38baf",
                            "districts": [
                                
                            ]
                        },
                        {
                            "name": "Senegal",
                            "id": "990cb125-2ede-4648-b5d4-698d0e6ad712",
                            "districts": [
                                
                            ]
                        },
                        {
                            "name": "Botswana",
                            "id": "f177f103-59bd-4527-831e-101af0a373bd",
                            "districts": [
                                
                            ]
                        },
                        {
                            "name": "Rwanda",
                            "id": "5507db6a-9757-40e2-a498-f8cb8df70fb8",
                            "districts": [
                                
                            ]
                        },
                        {
                            "name": "Niger",
                            "id": "74150778-002b-4ca3-a064-41c5cad3f026",
                            "districts": [
                                
                            ]
                        },
                        {
                            "name": "Benin",
                            "id": "ec5d7439-de38-46d4-8a31-7b23b9525984",
                            "districts": [
                                
                            ]
                        },
                        {
                            "name": "Réunion",
                            "id": "e0f20522-cffc-4e66-8e7d-9334f35fce95",
                            "districts": [
                                
                            ]
                        },
                        {
                            "name": "South Africa",
                            "id": "9a7647d2-60ca-429d-90e5-905edaff872c",
                            "districts": [
                                
                            ]
                        },
                        {
                            "name": "Ghana",
                            "id": "9662349e-2c36-496a-83d5-6f746ae768a7",
                            "districts": [
                                
                            ]
                        },
                        {
                            "name": "Congo",
                            "id": "33c8a05e-4d63-49cd-a5f1-0f4a1d5ab13e",
                            "districts": [
                                
                            ]
                        },
                        {
                            "name": "Guinea-Bissau",
                            "id": "64d1845d-1963-40bc-a31b-1f45084f1644",
                            "districts": [
                                
                            ]
                        },
                        {
                            "name": "Togo",
                            "id": "9d383757-b95f-44da-b535-3887ed82679f",
                            "districts": [
                                
                            ]
                        },
                        {
                            "name": "Namibia",
                            "id": "cf9f295f-bf4c-4a8b-8738-53c6a9ed55b1",
                            "districts": [
                                
                            ]
                        },
                        {
                            "name": "Djibouti",
                            "id": "ba974fdc-3dea-4b6b-a2f3-34624faa59a7",
                            "districts": [
                                
                            ]
                        },
                        {
                            "name": "Gabon",
                            "id": "8f6be81f-6b58-4a61-b684-5c2d620a0e74",
                            "districts": [
                                
                            ]
                        },
                        {
                            "name": "Lesotho",
                            "id": "300752f4-088e-403c-95b0-7a670c09f8cc",
                            "districts": [
                                
                            ]
                        },
                        {
                            "name": "Madagascar",
                            "id": "eb4c5e71-f839-4f3c-8e93-49ef57f4fe8d",
                            "districts": [
                                
                            ]
                        },
                        {
                            "name": "Uganda",
                            "id": "b1693449-e104-47c0-94db-f55cc6c850d5",
                            "districts": [
                                
                            ]
                        },
                        {
                            "name": "Côte d\"Ivoire",
                            "id": "59276e01-0d64-487a-aec6-332ae91f9909",
                            "districts": [
                                
                            ]
                        },
                        {
                            "name": "Nigeria",
                            "id": "3c94aa61-055d-4c38-a40b-67dff395beda",
                            "districts": [
                                
                            ]
                        },
                        {
                            "name": "Zimbabwe",
                            "id": "bfbf9853-bae3-4e57-b7cd-1e9228e8b1f3",
                            "districts": [
                                
                            ]
                        },
                        {
                            "name": "Seychelles",
                            "id": "4c63d1f6-87ba-45f1-9414-eb22bfba46c2",
                            "districts": [
                                
                            ]
                        },
                        {
                            "name": "Cameroon",
                            "id": "0495fba0-693d-433a-a9ef-6bc2ccab6093",
                            "districts": [
                                
                            ]
                        },
                        {
                            "name": "Guinea",
                            "id": "eda1a6fb-f95b-4664-b352-8a468c499b34",
                            "districts": [
                                
                            ]
                        },
                        {
                            "name": "Kenya",
                            "id": "06702720-9c60-4210-8eed-8824f1cc80c2",
                            "districts": [
                                
                            ]
                        },
                        {
                            "name": "Mozambique",
                            "id": "df394703-b3a5-4d0f-aa33-db8b10ba29ab",
                            "districts": [
                                
                            ]
                        },
                        {
                            "name": "Saint Helena, Ascension and Tristan da Cunha",
                            "id": "e379e052-1704-4e98-b4fd-fdac7ca1f9a0",
                            "districts": [
                                
                            ]
                        },
                        {
                            "name": "Ethiopia",
                            "id": "77d5d6a2-5f01-41b8-b06d-88b9efc618f8",
                            "districts": [
                                
                            ]
                        },
                        {
                            "name": "Comoros",
                            "id": "ae0a4c53-9eea-4b4f-b7ab-98750eb58582",
                            "districts": [
                                
                            ]
                        },
                        {
                            "name": "Malawi",
                            "id": "31ffdf7e-d375-4c19-8b4c-6ac8e4486727",
                            "districts": [
                                
                            ]
                        },
                        {
                            "name": "Somalia",
                            "id": "630c356f-e198-4cd0-8e91-b29002c2aca7",
                            "districts": [
                                
                            ]
                        },
                        {
                            "name": "Congo, Democratic Republic of the",
                            "id": "55a5fe27-565c-4963-88c0-9a3ec24dea5c",
                            "districts": [
                                
                            ]
                        },
                        {
                            "name": "Equatorial Guinea",
                            "id": "9d2dd243-9754-4962-a556-6dbbf85b248a",
                            "districts": [
                                
                            ]
                        },
                        {
                            "name": "Chad",
                            "id": "4c4abd99-f4df-4fee-bac5-e2a1eef7ec0f",
                            "districts": [
                                
                            ]
                        },
                        {
                            "name": "Tanzania, United Republic of",
                            "id": "30d8662e-655f-43c8-b307-a2dc0046ebe5",
                            "districts": [
                                
                            ]
                        },
                        {
                            "name": "Sierra Leone",
                            "id": "e2135c5c-dfd3-4d44-b16f-0c29186836ce",
                            "districts": [
                                
                            ]
                        },
                        {
                            "name": "Eritrea",
                            "id": "bdd50ea2-c82d-44e8-b493-09892c245a6d",
                            "districts": [
                                
                            ]
                        },
                        {
                            "name": "Central African Republic",
                            "id": "59d2224e-e8a9-4e08-bf66-6ca50cf3d5e7",
                            "districts": [
                                
                            ]
                        },
                        {
                            "name": "South Sudan",
                            "id": "96e00183-809e-408c-b2f2-0042a6a8a8ba",
                            "districts": [
                                
                            ]
                        },
                        {
                            "name": "Mauritania",
                            "id": "780c64c4-cea5-4b78-85af-7be29c96025f",
                            "districts": [
                                
                            ]
                        },
                        {
                            "name": "Burkina Faso",
                            "id": "cedf0037-0cb1-4ad8-8a83-9ae64bc44992",
                            "districts": [
                                
                            ]
                        }
                    ]
                }
            },
            {
                "id": "55a5fe27-565c-4963-88c0-9a3ec24dea5c",
                "region": {
                    "countries": [
                        {
                            "name": "Angola",
                            "id": "5e9f919f-2d42-42ec-8b6c-adf7f7b3cd0b",
                            "districts": [
                                
                            ]
                        },
                        {
                            "name": "Cabo Verde",
                            "id": "e5489353-76dd-4d8d-b61e-d349c6356c68",
                            "districts": [
                                
                            ]
                        },
                        {
                            "name": "Mali",
                            "id": "dd9791d1-fea1-4b9d-9076-37e499de6307",
                            "districts": [
                                
                            ]
                        },
                        {
                            "name": "British Indian Ocean Territory",
                            "id": "20479535-b47b-41ba-8cab-b7024bd8ec82",
                            "districts": [
                                
                            ]
                        },
                        {
                            "name": "Gambia",
                            "id": "efec8f57-a2fb-4f95-b662-d72b21d301ed",
                            "districts": [
                                
                            ]
                        },
                        {
                            "name": "Zambia",
                            "id": "4992bec5-10a9-49df-ad13-69aa7cdcfef6",
                            "districts": [
                                
                            ]
                        },
                        {
                            "name": "Eswatini",
                            "id": "d044d249-e941-47bb-8fae-8cab328ca575",
                            "districts": [
                                
                            ]
                        },
                        {
                            "name": "Mayotte",
                            "id": "f4b83278-abe2-46f6-b0c0-50eceba9a35f",
                            "districts": [
                                
                            ]
                        },
                        {
                            "name": "Burundi",
                            "id": "310ab811-40b5-48da-8a66-e7562f4cf9d1",
                            "districts": [
                                
                            ]
                        },
                        {
                            "name": "Liberia",
                            "id": "86d6e276-b027-4cf8-ad4d-c4793b3425cf",
                            "districts": [
                                
                            ]
                        },
                        {
                            "name": "Mauritius",
                            "id": "a06fe50f-4ff3-483a-83c6-01ce4068ab36",
                            "districts": [
                                
                            ]
                        },
                        {
                            "name": "Sao Tome and Principe",
                            "id": "712df7d0-5d1b-401b-a832-911354b38baf",
                            "districts": [
                                
                            ]
                        },
                        {
                            "name": "Senegal",
                            "id": "990cb125-2ede-4648-b5d4-698d0e6ad712",
                            "districts": [
                                
                            ]
                        },
                        {
                            "name": "Botswana",
                            "id": "f177f103-59bd-4527-831e-101af0a373bd",
                            "districts": [
                                
                            ]
                        },
                        {
                            "name": "Rwanda",
                            "id": "5507db6a-9757-40e2-a498-f8cb8df70fb8",
                            "districts": [
                                
                            ]
                        },
                        {
                            "name": "Niger",
                            "id": "74150778-002b-4ca3-a064-41c5cad3f026",
                            "districts": [
                                
                            ]
                        },
                        {
                            "name": "Benin",
                            "id": "ec5d7439-de38-46d4-8a31-7b23b9525984",
                            "districts": [
                                
                            ]
                        },
                        {
                            "name": "Réunion",
                            "id": "e0f20522-cffc-4e66-8e7d-9334f35fce95",
                            "districts": [
                                
                            ]
                        },
                        {
                            "name": "South Africa",
                            "id": "9a7647d2-60ca-429d-90e5-905edaff872c",
                            "districts": [
                                
                            ]
                        },
                        {
                            "name": "Ghana",
                            "id": "9662349e-2c36-496a-83d5-6f746ae768a7",
                            "districts": [
                                
                            ]
                        },
                        {
                            "name": "Congo",
                            "id": "33c8a05e-4d63-49cd-a5f1-0f4a1d5ab13e",
                            "districts": [
                                
                            ]
                        },
                        {
                            "name": "Guinea-Bissau",
                            "id": "64d1845d-1963-40bc-a31b-1f45084f1644",
                            "districts": [
                                
                            ]
                        },
                        {
                            "name": "Togo",
                            "id": "9d383757-b95f-44da-b535-3887ed82679f",
                            "districts": [
                                
                            ]
                        },
                        {
                            "name": "Namibia",
                            "id": "cf9f295f-bf4c-4a8b-8738-53c6a9ed55b1",
                            "districts": [
                                
                            ]
                        },
                        {
                            "name": "Djibouti",
                            "id": "ba974fdc-3dea-4b6b-a2f3-34624faa59a7",
                            "districts": [
                                
                            ]
                        },
                        {
                            "name": "Gabon",
                            "id": "8f6be81f-6b58-4a61-b684-5c2d620a0e74",
                            "districts": [
                                
                            ]
                        },
                        {
                            "name": "Lesotho",
                            "id": "300752f4-088e-403c-95b0-7a670c09f8cc",
                            "districts": [
                                
                            ]
                        },
                        {
                            "name": "Madagascar",
                            "id": "eb4c5e71-f839-4f3c-8e93-49ef57f4fe8d",
                            "districts": [
                                
                            ]
                        },
                        {
                            "name": "Uganda",
                            "id": "b1693449-e104-47c0-94db-f55cc6c850d5",
                            "districts": [
                                
                            ]
                        },
                        {
                            "name": "Côte d\"Ivoire",
                            "id": "59276e01-0d64-487a-aec6-332ae91f9909",
                            "districts": [
                                
                            ]
                        },
                        {
                            "name": "Nigeria",
                            "id": "3c94aa61-055d-4c38-a40b-67dff395beda",
                            "districts": [
                                
                            ]
                        },
                        {
                            "name": "Zimbabwe",
                            "id": "bfbf9853-bae3-4e57-b7cd-1e9228e8b1f3",
                            "districts": [
                                
                            ]
                        },
                        {
                            "name": "Seychelles",
                            "id": "4c63d1f6-87ba-45f1-9414-eb22bfba46c2",
                            "districts": [
                                
                            ]
                        },
                        {
                            "name": "Cameroon",
                            "id": "0495fba0-693d-433a-a9ef-6bc2ccab6093",
                            "districts": [
                                
                            ]
                        },
                        {
                            "name": "Guinea",
                            "id": "eda1a6fb-f95b-4664-b352-8a468c499b34",
                            "districts": [
                                
                            ]
                        },
                        {
                            "name": "Kenya",
                            "id": "06702720-9c60-4210-8eed-8824f1cc80c2",
                            "districts": [
                                
                            ]
                        },
                        {
                            "name": "Mozambique",
                            "id": "df394703-b3a5-4d0f-aa33-db8b10ba29ab",
                            "districts": [
                                
                            ]
                        },
                        {
                            "name": "Saint Helena, Ascension and Tristan da Cunha",
                            "id": "e379e052-1704-4e98-b4fd-fdac7ca1f9a0",
                            "districts": [
                                
                            ]
                        },
                        {
                            "name": "Ethiopia",
                            "id": "77d5d6a2-5f01-41b8-b06d-88b9efc618f8",
                            "districts": [
                                
                            ]
                        },
                        {
                            "name": "Comoros",
                            "id": "ae0a4c53-9eea-4b4f-b7ab-98750eb58582",
                            "districts": [
                                
                            ]
                        },
                        {
                            "name": "Malawi",
                            "id": "31ffdf7e-d375-4c19-8b4c-6ac8e4486727",
                            "districts": [
                                
                            ]
                        },
                        {
                            "name": "Somalia",
                            "id": "630c356f-e198-4cd0-8e91-b29002c2aca7",
                            "districts": [
                                
                            ]
                        },
                        {
                            "name": "Congo, Democratic Republic of the",
                            "id": "55a5fe27-565c-4963-88c0-9a3ec24dea5c",
                            "districts": [
                                
                            ]
                        },
                        {
                            "name": "Equatorial Guinea",
                            "id": "9d2dd243-9754-4962-a556-6dbbf85b248a",
                            "districts": [
                                
                            ]
                        },
                        {
                            "name": "Chad",
                            "id": "4c4abd99-f4df-4fee-bac5-e2a1eef7ec0f",
                            "districts": [
                                
                            ]
                        },
                        {
                            "name": "Tanzania, United Republic of",
                            "id": "30d8662e-655f-43c8-b307-a2dc0046ebe5",
                            "districts": [
                                
                            ]
                        },
                        {
                            "name": "Sierra Leone",
                            "id": "e2135c5c-dfd3-4d44-b16f-0c29186836ce",
                            "districts": [
                                
                            ]
                        },
                        {
                            "name": "Eritrea",
                            "id": "bdd50ea2-c82d-44e8-b493-09892c245a6d",
                            "districts": [
                                
                            ]
                        },
                        {
                            "name": "Central African Republic",
                            "id": "59d2224e-e8a9-4e08-bf66-6ca50cf3d5e7",
                            "districts": [
                                
                            ]
                        },
                        {
                            "name": "South Sudan",
                            "id": "96e00183-809e-408c-b2f2-0042a6a8a8ba",
                            "districts": [
                                
                            ]
                        },
                        {
                            "name": "Mauritania",
                            "id": "780c64c4-cea5-4b78-85af-7be29c96025f",
                            "districts": [
                                
                            ]
                        },
                        {
                            "name": "Burkina Faso",
                            "id": "cedf0037-0cb1-4ad8-8a83-9ae64bc44992",
                            "districts": [
                                
                            ]
                        }
                    ]
                }
            },
            {
                "id": "9d2dd243-9754-4962-a556-6dbbf85b248a",
                "region": {
                    "countries": [
                        {
                            "name": "Angola",
                            "id": "5e9f919f-2d42-42ec-8b6c-adf7f7b3cd0b",
                            "districts": [
                                
                            ]
                        },
                        {
                            "name": "Cabo Verde",
                            "id": "e5489353-76dd-4d8d-b61e-d349c6356c68",
                            "districts": [
                                
                            ]
                        },
                        {
                            "name": "Mali",
                            "id": "dd9791d1-fea1-4b9d-9076-37e499de6307",
                            "districts": [
                                
                            ]
                        },
                        {
                            "name": "British Indian Ocean Territory",
                            "id": "20479535-b47b-41ba-8cab-b7024bd8ec82",
                            "districts": [
                                
                            ]
                        },
                        {
                            "name": "Gambia",
                            "id": "efec8f57-a2fb-4f95-b662-d72b21d301ed",
                            "districts": [
                                
                            ]
                        },
                        {
                            "name": "Zambia",
                            "id": "4992bec5-10a9-49df-ad13-69aa7cdcfef6",
                            "districts": [
                                
                            ]
                        },
                        {
                            "name": "Eswatini",
                            "id": "d044d249-e941-47bb-8fae-8cab328ca575",
                            "districts": [
                                
                            ]
                        },
                        {
                            "name": "Mayotte",
                            "id": "f4b83278-abe2-46f6-b0c0-50eceba9a35f",
                            "districts": [
                                
                            ]
                        },
                        {
                            "name": "Burundi",
                            "id": "310ab811-40b5-48da-8a66-e7562f4cf9d1",
                            "districts": [
                                
                            ]
                        },
                        {
                            "name": "Liberia",
                            "id": "86d6e276-b027-4cf8-ad4d-c4793b3425cf",
                            "districts": [
                                
                            ]
                        },
                        {
                            "name": "Mauritius",
                            "id": "a06fe50f-4ff3-483a-83c6-01ce4068ab36",
                            "districts": [
                                
                            ]
                        },
                        {
                            "name": "Sao Tome and Principe",
                            "id": "712df7d0-5d1b-401b-a832-911354b38baf",
                            "districts": [
                                
                            ]
                        },
                        {
                            "name": "Senegal",
                            "id": "990cb125-2ede-4648-b5d4-698d0e6ad712",
                            "districts": [
                                
                            ]
                        },
                        {
                            "name": "Botswana",
                            "id": "f177f103-59bd-4527-831e-101af0a373bd",
                            "districts": [
                                
                            ]
                        },
                        {
                            "name": "Rwanda",
                            "id": "5507db6a-9757-40e2-a498-f8cb8df70fb8",
                            "districts": [
                                
                            ]
                        },
                        {
                            "name": "Niger",
                            "id": "74150778-002b-4ca3-a064-41c5cad3f026",
                            "districts": [
                                
                            ]
                        },
                        {
                            "name": "Benin",
                            "id": "ec5d7439-de38-46d4-8a31-7b23b9525984",
                            "districts": [
                                
                            ]
                        },
                        {
                            "name": "Réunion",
                            "id": "e0f20522-cffc-4e66-8e7d-9334f35fce95",
                            "districts": [
                                
                            ]
                        },
                        {
                            "name": "South Africa",
                            "id": "9a7647d2-60ca-429d-90e5-905edaff872c",
                            "districts": [
                                
                            ]
                        },
                        {
                            "name": "Ghana",
                            "id": "9662349e-2c36-496a-83d5-6f746ae768a7",
                            "districts": [
                                
                            ]
                        },
                        {
                            "name": "Congo",
                            "id": "33c8a05e-4d63-49cd-a5f1-0f4a1d5ab13e",
                            "districts": [
                                
                            ]
                        },
                        {
                            "name": "Guinea-Bissau",
                            "id": "64d1845d-1963-40bc-a31b-1f45084f1644",
                            "districts": [
                                
                            ]
                        },
                        {
                            "name": "Togo",
                            "id": "9d383757-b95f-44da-b535-3887ed82679f",
                            "districts": [
                                
                            ]
                        },
                        {
                            "name": "Namibia",
                            "id": "cf9f295f-bf4c-4a8b-8738-53c6a9ed55b1",
                            "districts": [
                                
                            ]
                        },
                        {
                            "name": "Djibouti",
                            "id": "ba974fdc-3dea-4b6b-a2f3-34624faa59a7",
                            "districts": [
                                
                            ]
                        },
                        {
                            "name": "Gabon",
                            "id": "8f6be81f-6b58-4a61-b684-5c2d620a0e74",
                            "districts": [
                                
                            ]
                        },
                        {
                            "name": "Lesotho",
                            "id": "300752f4-088e-403c-95b0-7a670c09f8cc",
                            "districts": [
                                
                            ]
                        },
                        {
                            "name": "Madagascar",
                            "id": "eb4c5e71-f839-4f3c-8e93-49ef57f4fe8d",
                            "districts": [
                                
                            ]
                        },
                        {
                            "name": "Uganda",
                            "id": "b1693449-e104-47c0-94db-f55cc6c850d5",
                            "districts": [
                                
                            ]
                        },
                        {
                            "name": "Côte d\"Ivoire",
                            "id": "59276e01-0d64-487a-aec6-332ae91f9909",
                            "districts": [
                                
                            ]
                        },
                        {
                            "name": "Nigeria",
                            "id": "3c94aa61-055d-4c38-a40b-67dff395beda",
                            "districts": [
                                
                            ]
                        },
                        {
                            "name": "Zimbabwe",
                            "id": "bfbf9853-bae3-4e57-b7cd-1e9228e8b1f3",
                            "districts": [
                                
                            ]
                        },
                        {
                            "name": "Seychelles",
                            "id": "4c63d1f6-87ba-45f1-9414-eb22bfba46c2",
                            "districts": [
                                
                            ]
                        },
                        {
                            "name": "Cameroon",
                            "id": "0495fba0-693d-433a-a9ef-6bc2ccab6093",
                            "districts": [
                                
                            ]
                        },
                        {
                            "name": "Guinea",
                            "id": "eda1a6fb-f95b-4664-b352-8a468c499b34",
                            "districts": [
                                
                            ]
                        },
                        {
                            "name": "Kenya",
                            "id": "06702720-9c60-4210-8eed-8824f1cc80c2",
                            "districts": [
                                
                            ]
                        },
                        {
                            "name": "Mozambique",
                            "id": "df394703-b3a5-4d0f-aa33-db8b10ba29ab",
                            "districts": [
                                
                            ]
                        },
                        {
                            "name": "Saint Helena, Ascension and Tristan da Cunha",
                            "id": "e379e052-1704-4e98-b4fd-fdac7ca1f9a0",
                            "districts": [
                                
                            ]
                        },
                        {
                            "name": "Ethiopia",
                            "id": "77d5d6a2-5f01-41b8-b06d-88b9efc618f8",
                            "districts": [
                                
                            ]
                        },
                        {
                            "name": "Comoros",
                            "id": "ae0a4c53-9eea-4b4f-b7ab-98750eb58582",
                            "districts": [
                                
                            ]
                        },
                        {
                            "name": "Malawi",
                            "id": "31ffdf7e-d375-4c19-8b4c-6ac8e4486727",
                            "districts": [
                                
                            ]
                        },
                        {
                            "name": "Somalia",
                            "id": "630c356f-e198-4cd0-8e91-b29002c2aca7",
                            "districts": [
                                
                            ]
                        },
                        {
                            "name": "Congo, Democratic Republic of the",
                            "id": "55a5fe27-565c-4963-88c0-9a3ec24dea5c",
                            "districts": [
                                
                            ]
                        },
                        {
                            "name": "Equatorial Guinea",
                            "id": "9d2dd243-9754-4962-a556-6dbbf85b248a",
                            "districts": [
                                
                            ]
                        },
                        {
                            "name": "Chad",
                            "id": "4c4abd99-f4df-4fee-bac5-e2a1eef7ec0f",
                            "districts": [
                                
                            ]
                        },
                        {
                            "name": "Tanzania, United Republic of",
                            "id": "30d8662e-655f-43c8-b307-a2dc0046ebe5",
                            "districts": [
                                
                            ]
                        },
                        {
                            "name": "Sierra Leone",
                            "id": "e2135c5c-dfd3-4d44-b16f-0c29186836ce",
                            "districts": [
                                
                            ]
                        },
                        {
                            "name": "Eritrea",
                            "id": "bdd50ea2-c82d-44e8-b493-09892c245a6d",
                            "districts": [
                                
                            ]
                        },
                        {
                            "name": "Central African Republic",
                            "id": "59d2224e-e8a9-4e08-bf66-6ca50cf3d5e7",
                            "districts": [
                                
                            ]
                        },
                        {
                            "name": "South Sudan",
                            "id": "96e00183-809e-408c-b2f2-0042a6a8a8ba",
                            "districts": [
                                
                            ]
                        },
                        {
                            "name": "Mauritania",
                            "id": "780c64c4-cea5-4b78-85af-7be29c96025f",
                            "districts": [
                                
                            ]
                        },
                        {
                            "name": "Burkina Faso",
                            "id": "cedf0037-0cb1-4ad8-8a83-9ae64bc44992",
                            "districts": [
                                
                            ]
                        }
                    ]
                }
            },
            {
                "id": "4c4abd99-f4df-4fee-bac5-e2a1eef7ec0f",
                "region": {
                    "countries": [
                        {
                            "name": "Angola",
                            "id": "5e9f919f-2d42-42ec-8b6c-adf7f7b3cd0b",
                            "districts": [
                                
                            ]
                        },
                        {
                            "name": "Cabo Verde",
                            "id": "e5489353-76dd-4d8d-b61e-d349c6356c68",
                            "districts": [
                                
                            ]
                        },
                        {
                            "name": "Mali",
                            "id": "dd9791d1-fea1-4b9d-9076-37e499de6307",
                            "districts": [
                                
                            ]
                        },
                        {
                            "name": "British Indian Ocean Territory",
                            "id": "20479535-b47b-41ba-8cab-b7024bd8ec82",
                            "districts": [
                                
                            ]
                        },
                        {
                            "name": "Gambia",
                            "id": "efec8f57-a2fb-4f95-b662-d72b21d301ed",
                            "districts": [
                                
                            ]
                        },
                        {
                            "name": "Zambia",
                            "id": "4992bec5-10a9-49df-ad13-69aa7cdcfef6",
                            "districts": [
                                
                            ]
                        },
                        {
                            "name": "Eswatini",
                            "id": "d044d249-e941-47bb-8fae-8cab328ca575",
                            "districts": [
                                
                            ]
                        },
                        {
                            "name": "Mayotte",
                            "id": "f4b83278-abe2-46f6-b0c0-50eceba9a35f",
                            "districts": [
                                
                            ]
                        },
                        {
                            "name": "Burundi",
                            "id": "310ab811-40b5-48da-8a66-e7562f4cf9d1",
                            "districts": [
                                
                            ]
                        },
                        {
                            "name": "Liberia",
                            "id": "86d6e276-b027-4cf8-ad4d-c4793b3425cf",
                            "districts": [
                                
                            ]
                        },
                        {
                            "name": "Mauritius",
                            "id": "a06fe50f-4ff3-483a-83c6-01ce4068ab36",
                            "districts": [
                                
                            ]
                        },
                        {
                            "name": "Sao Tome and Principe",
                            "id": "712df7d0-5d1b-401b-a832-911354b38baf",
                            "districts": [
                                
                            ]
                        },
                        {
                            "name": "Senegal",
                            "id": "990cb125-2ede-4648-b5d4-698d0e6ad712",
                            "districts": [
                                
                            ]
                        },
                        {
                            "name": "Botswana",
                            "id": "f177f103-59bd-4527-831e-101af0a373bd",
                            "districts": [
                                
                            ]
                        },
                        {
                            "name": "Rwanda",
                            "id": "5507db6a-9757-40e2-a498-f8cb8df70fb8",
                            "districts": [
                                
                            ]
                        },
                        {
                            "name": "Niger",
                            "id": "74150778-002b-4ca3-a064-41c5cad3f026",
                            "districts": [
                                
                            ]
                        },
                        {
                            "name": "Benin",
                            "id": "ec5d7439-de38-46d4-8a31-7b23b9525984",
                            "districts": [
                                
                            ]
                        },
                        {
                            "name": "Réunion",
                            "id": "e0f20522-cffc-4e66-8e7d-9334f35fce95",
                            "districts": [
                                
                            ]
                        },
                        {
                            "name": "South Africa",
                            "id": "9a7647d2-60ca-429d-90e5-905edaff872c",
                            "districts": [
                                
                            ]
                        },
                        {
                            "name": "Ghana",
                            "id": "9662349e-2c36-496a-83d5-6f746ae768a7",
                            "districts": [
                                
                            ]
                        },
                        {
                            "name": "Congo",
                            "id": "33c8a05e-4d63-49cd-a5f1-0f4a1d5ab13e",
                            "districts": [
                                
                            ]
                        },
                        {
                            "name": "Guinea-Bissau",
                            "id": "64d1845d-1963-40bc-a31b-1f45084f1644",
                            "districts": [
                                
                            ]
                        },
                        {
                            "name": "Togo",
                            "id": "9d383757-b95f-44da-b535-3887ed82679f",
                            "districts": [
                                
                            ]
                        },
                        {
                            "name": "Namibia",
                            "id": "cf9f295f-bf4c-4a8b-8738-53c6a9ed55b1",
                            "districts": [
                                
                            ]
                        },
                        {
                            "name": "Djibouti",
                            "id": "ba974fdc-3dea-4b6b-a2f3-34624faa59a7",
                            "districts": [
                                
                            ]
                        },
                        {
                            "name": "Gabon",
                            "id": "8f6be81f-6b58-4a61-b684-5c2d620a0e74",
                            "districts": [
                                
                            ]
                        },
                        {
                            "name": "Lesotho",
                            "id": "300752f4-088e-403c-95b0-7a670c09f8cc",
                            "districts": [
                                
                            ]
                        },
                        {
                            "name": "Madagascar",
                            "id": "eb4c5e71-f839-4f3c-8e93-49ef57f4fe8d",
                            "districts": [
                                
                            ]
                        },
                        {
                            "name": "Uganda",
                            "id": "b1693449-e104-47c0-94db-f55cc6c850d5",
                            "districts": [
                                
                            ]
                        },
                        {
                            "name": "Côte d\"Ivoire",
                            "id": "59276e01-0d64-487a-aec6-332ae91f9909",
                            "districts": [
                                
                            ]
                        },
                        {
                            "name": "Nigeria",
                            "id": "3c94aa61-055d-4c38-a40b-67dff395beda",
                            "districts": [
                                
                            ]
                        },
                        {
                            "name": "Zimbabwe",
                            "id": "bfbf9853-bae3-4e57-b7cd-1e9228e8b1f3",
                            "districts": [
                                
                            ]
                        },
                        {
                            "name": "Seychelles",
                            "id": "4c63d1f6-87ba-45f1-9414-eb22bfba46c2",
                            "districts": [
                                
                            ]
                        },
                        {
                            "name": "Cameroon",
                            "id": "0495fba0-693d-433a-a9ef-6bc2ccab6093",
                            "districts": [
                                
                            ]
                        },
                        {
                            "name": "Guinea",
                            "id": "eda1a6fb-f95b-4664-b352-8a468c499b34",
                            "districts": [
                                
                            ]
                        },
                        {
                            "name": "Kenya",
                            "id": "06702720-9c60-4210-8eed-8824f1cc80c2",
                            "districts": [
                                
                            ]
                        },
                        {
                            "name": "Mozambique",
                            "id": "df394703-b3a5-4d0f-aa33-db8b10ba29ab",
                            "districts": [
                                
                            ]
                        },
                        {
                            "name": "Saint Helena, Ascension and Tristan da Cunha",
                            "id": "e379e052-1704-4e98-b4fd-fdac7ca1f9a0",
                            "districts": [
                                
                            ]
                        },
                        {
                            "name": "Ethiopia",
                            "id": "77d5d6a2-5f01-41b8-b06d-88b9efc618f8",
                            "districts": [
                                
                            ]
                        },
                        {
                            "name": "Comoros",
                            "id": "ae0a4c53-9eea-4b4f-b7ab-98750eb58582",
                            "districts": [
                                
                            ]
                        },
                        {
                            "name": "Malawi",
                            "id": "31ffdf7e-d375-4c19-8b4c-6ac8e4486727",
                            "districts": [
                                
                            ]
                        },
                        {
                            "name": "Somalia",
                            "id": "630c356f-e198-4cd0-8e91-b29002c2aca7",
                            "districts": [
                                
                            ]
                        },
                        {
                            "name": "Congo, Democratic Republic of the",
                            "id": "55a5fe27-565c-4963-88c0-9a3ec24dea5c",
                            "districts": [
                                
                            ]
                        },
                        {
                            "name": "Equatorial Guinea",
                            "id": "9d2dd243-9754-4962-a556-6dbbf85b248a",
                            "districts": [
                                
                            ]
                        },
                        {
                            "name": "Chad",
                            "id": "4c4abd99-f4df-4fee-bac5-e2a1eef7ec0f",
                            "districts": [
                                
                            ]
                        },
                        {
                            "name": "Tanzania, United Republic of",
                            "id": "30d8662e-655f-43c8-b307-a2dc0046ebe5",
                            "districts": [
                                
                            ]
                        },
                        {
                            "name": "Sierra Leone",
                            "id": "e2135c5c-dfd3-4d44-b16f-0c29186836ce",
                            "districts": [
                                
                            ]
                        },
                        {
                            "name": "Eritrea",
                            "id": "bdd50ea2-c82d-44e8-b493-09892c245a6d",
                            "districts": [
                                
                            ]
                        },
                        {
                            "name": "Central African Republic",
                            "id": "59d2224e-e8a9-4e08-bf66-6ca50cf3d5e7",
                            "districts": [
                                
                            ]
                        },
                        {
                            "name": "South Sudan",
                            "id": "96e00183-809e-408c-b2f2-0042a6a8a8ba",
                            "districts": [
                                
                            ]
                        },
                        {
                            "name": "Mauritania",
                            "id": "780c64c4-cea5-4b78-85af-7be29c96025f",
                            "districts": [
                                
                            ]
                        },
                        {
                            "name": "Burkina Faso",
                            "id": "cedf0037-0cb1-4ad8-8a83-9ae64bc44992",
                            "districts": [
                                
                            ]
                        }
                    ]
                }
            },
            {
                "id": "9683b8ba-efbf-4e28-9a27-6d2108466189",
                "region": {
                    "countries": [
                        {
                            "name": "Jordan",
                            "id": "57d77108-7390-4d8b-9175-09fa2278972f",
                            "districts": [
                                
                            ]
                        },
                        {
                            "name": "Yemen",
                            "id": "e36259b6-c350-4fdc-83dc-bfdbe04765d1",
                            "districts": [
                                
                            ]
                        },
                        {
                            "name": "Bahrain",
                            "id": "cb7d2601-26e1-4af4-b27c-1130bc908636",
                            "districts": [
                                
                            ]
                        },
                        {
                            "name": "Armenia",
                            "id": "8f0fda5d-e346-4016-8651-38bc0a9db13f",
                            "districts": [
                                
                            ]
                        },
                        {
                            "name": "Kuwait",
                            "id": "04c19ad3-d5fd-4432-be03-d0f3aa0bfef4",
                            "districts": [
                                
                            ]
                        },
                        {
                            "name": "United Arab Emirates",
                            "id": "191f578d-d3e2-49a4-803c-012c36fae6b8",
                            "districts": [
                                
                            ]
                        },
                        {
                            "name": "Lebanon",
                            "id": "7d6074eb-b44c-4e01-b064-9e67695b896b",
                            "districts": [
                                
                            ]
                        },
                        {
                            "name": "Singapore",
                            "id": "20786ba0-66e7-4c86-9e62-e27456f80ed0",
                            "districts": [
                                
                            ]
                        },
                        {
                            "name": "Palestine, State of",
                            "id": "c4dbf9dc-caad-4b9b-ab84-a178363717f4",
                            "districts": [
                                
                            ]
                        },
                        {
                            "name": "Syrian Arab Republic",
                            "id": "33760701-153e-4220-b9fa-ec4342d2f0e4",
                            "districts": [
                                
                            ]
                        },
                        {
                            "name": "Georgia",
                            "id": "371dea3e-0fa3-45de-898c-05dc08e4da37",
                            "districts": [
                                
                            ]
                        },
                        {
                            "name": "Oman",
                            "id": "ebba5457-cf3a-4c92-a296-c9304075a083",
                            "districts": [
                                
                            ]
                        },
                        {
                            "name": "Azerbaijan",
                            "id": "bf0dafd8-ebe6-4b98-86ab-ed8e16475794",
                            "districts": [
                                
                            ]
                        },
                        {
                            "name": "Philippines",
                            "id": "bd3959ff-aabe-46fa-ac07-055e8436407e",
                            "districts": [
                                
                            ]
                        },
                        {
                            "name": "Israel",
                            "id": "b9435680-f62e-4437-9179-0584ae6af227",
                            "districts": [
                                
                            ]
                        },
                        {
                            "name": "Turkey",
                            "id": "eb6d71b2-8583-4c12-9063-5439639e4817",
                            "districts": [
                                
                            ]
                        },
                        {
                            "name": "Qatar",
                            "id": "6bedb61d-4a24-414a-9ddd-adb4cc1cc389",
                            "districts": [
                                
                            ]
                        },
                        {
                            "name": "Cyprus",
                            "id": "9683b8ba-efbf-4e28-9a27-6d2108466189",
                            "districts": [
                                
                            ]
                        },
                        {
                            "name": "Iraq",
                            "id": "ea4c7ed2-9ce9-4151-9531-ff9af85def73",
                            "districts": [
                                
                            ]
                        },
                        {
                            "name": "Saudi Arabia",
                            "id": "b2d5c8d1-21a7-433a-a592-38268c29f913",
                            "districts": [
                                
                            ]
                        }
                    ]
                }
            },
            {
                "id": "8ccf4e8b-f765-4707-aff1-cb36bcbf5fb9",
                "region": {
                    "countries": [
                        {
                            "name": "China",
                            "id": "99cdf9ef-7a80-40f1-801d-e294d5f9ee36",
                            "districts": [
                                
                            ]
                        },
                        {
                            "name": "Taiwan, Province of China",
                            "id": "46f6e154-7ea0-40e3-8ee2-68536a0b9e21",
                            "districts": [
                                
                            ]
                        },
                        {
                            "name": "Korea, Republic of",
                            "id": "2f24ae19-b361-4fe6-ac53-fbe75f5485d8",
                            "districts": [
                                
                            ]
                        },
                        {
                            "name": "Malaysia",
                            "id": "bb3e3ec0-3c59-46a6-9573-195fa8dd3c9e",
                            "districts": [
                                
                            ]
                        },
                        {
                            "name": "Korea (Democratic People\"s Republic of)",
                            "id": "6f72ac2e-f7a5-44c0-8726-98f91e72d8e9",
                            "districts": [
                                
                            ]
                        },
                        {
                            "name": "Myanmar",
                            "id": "7f1e32bc-9aae-4cd7-bcad-9dc6082d4811",
                            "districts": [
                                
                            ]
                        },
                        {
                            "name": "Macao",
                            "id": "e89a54d0-98ab-4404-b546-b87cdfab5e6c",
                            "districts": [
                                
                            ]
                        },
                        {
                            "name": "Mongolia",
                            "id": "8ccf4e8b-f765-4707-aff1-cb36bcbf5fb9",
                            "districts": [
                                
                            ]
                        },
                        {
                            "name": "Japan",
                            "id": "b893cdb3-ce45-4ff8-8c82-d0e5728d4fab",
                            "districts": [
                                
                            ]
                        },
                        {
                            "name": "Hong Kong",
                            "id": "66af6153-77ae-41b1-90bc-93e5d9a30416",
                            "districts": [
                                
                            ]
                        }
                    ]
                }
            },
            {
                "id": "30d8662e-655f-43c8-b307-a2dc0046ebe5",
                "region": {
                    "countries": [
                        {
                            "name": "Angola",
                            "id": "5e9f919f-2d42-42ec-8b6c-adf7f7b3cd0b",
                            "districts": [
                                
                            ]
                        },
                        {
                            "name": "Cabo Verde",
                            "id": "e5489353-76dd-4d8d-b61e-d349c6356c68",
                            "districts": [
                                
                            ]
                        },
                        {
                            "name": "Mali",
                            "id": "dd9791d1-fea1-4b9d-9076-37e499de6307",
                            "districts": [
                                
                            ]
                        },
                        {
                            "name": "British Indian Ocean Territory",
                            "id": "20479535-b47b-41ba-8cab-b7024bd8ec82",
                            "districts": [
                                
                            ]
                        },
                        {
                            "name": "Gambia",
                            "id": "efec8f57-a2fb-4f95-b662-d72b21d301ed",
                            "districts": [
                                
                            ]
                        },
                        {
                            "name": "Zambia",
                            "id": "4992bec5-10a9-49df-ad13-69aa7cdcfef6",
                            "districts": [
                                
                            ]
                        },
                        {
                            "name": "Eswatini",
                            "id": "d044d249-e941-47bb-8fae-8cab328ca575",
                            "districts": [
                                
                            ]
                        },
                        {
                            "name": "Mayotte",
                            "id": "f4b83278-abe2-46f6-b0c0-50eceba9a35f",
                            "districts": [
                                
                            ]
                        },
                        {
                            "name": "Burundi",
                            "id": "310ab811-40b5-48da-8a66-e7562f4cf9d1",
                            "districts": [
                                
                            ]
                        },
                        {
                            "name": "Liberia",
                            "id": "86d6e276-b027-4cf8-ad4d-c4793b3425cf",
                            "districts": [
                                
                            ]
                        },
                        {
                            "name": "Mauritius",
                            "id": "a06fe50f-4ff3-483a-83c6-01ce4068ab36",
                            "districts": [
                                
                            ]
                        },
                        {
                            "name": "Sao Tome and Principe",
                            "id": "712df7d0-5d1b-401b-a832-911354b38baf",
                            "districts": [
                                
                            ]
                        },
                        {
                            "name": "Senegal",
                            "id": "990cb125-2ede-4648-b5d4-698d0e6ad712",
                            "districts": [
                                
                            ]
                        },
                        {
                            "name": "Botswana",
                            "id": "f177f103-59bd-4527-831e-101af0a373bd",
                            "districts": [
                                
                            ]
                        },
                        {
                            "name": "Rwanda",
                            "id": "5507db6a-9757-40e2-a498-f8cb8df70fb8",
                            "districts": [
                                
                            ]
                        },
                        {
                            "name": "Niger",
                            "id": "74150778-002b-4ca3-a064-41c5cad3f026",
                            "districts": [
                                
                            ]
                        },
                        {
                            "name": "Benin",
                            "id": "ec5d7439-de38-46d4-8a31-7b23b9525984",
                            "districts": [
                                
                            ]
                        },
                        {
                            "name": "Réunion",
                            "id": "e0f20522-cffc-4e66-8e7d-9334f35fce95",
                            "districts": [
                                
                            ]
                        },
                        {
                            "name": "South Africa",
                            "id": "9a7647d2-60ca-429d-90e5-905edaff872c",
                            "districts": [
                                
                            ]
                        },
                        {
                            "name": "Ghana",
                            "id": "9662349e-2c36-496a-83d5-6f746ae768a7",
                            "districts": [
                                
                            ]
                        },
                        {
                            "name": "Congo",
                            "id": "33c8a05e-4d63-49cd-a5f1-0f4a1d5ab13e",
                            "districts": [
                                
                            ]
                        },
                        {
                            "name": "Guinea-Bissau",
                            "id": "64d1845d-1963-40bc-a31b-1f45084f1644",
                            "districts": [
                                
                            ]
                        },
                        {
                            "name": "Togo",
                            "id": "9d383757-b95f-44da-b535-3887ed82679f",
                            "districts": [
                                
                            ]
                        },
                        {
                            "name": "Namibia",
                            "id": "cf9f295f-bf4c-4a8b-8738-53c6a9ed55b1",
                            "districts": [
                                
                            ]
                        },
                        {
                            "name": "Djibouti",
                            "id": "ba974fdc-3dea-4b6b-a2f3-34624faa59a7",
                            "districts": [
                                
                            ]
                        },
                        {
                            "name": "Gabon",
                            "id": "8f6be81f-6b58-4a61-b684-5c2d620a0e74",
                            "districts": [
                                
                            ]
                        },
                        {
                            "name": "Lesotho",
                            "id": "300752f4-088e-403c-95b0-7a670c09f8cc",
                            "districts": [
                                
                            ]
                        },
                        {
                            "name": "Madagascar",
                            "id": "eb4c5e71-f839-4f3c-8e93-49ef57f4fe8d",
                            "districts": [
                                
                            ]
                        },
                        {
                            "name": "Uganda",
                            "id": "b1693449-e104-47c0-94db-f55cc6c850d5",
                            "districts": [
                                
                            ]
                        },
                        {
                            "name": "Côte d\"Ivoire",
                            "id": "59276e01-0d64-487a-aec6-332ae91f9909",
                            "districts": [
                                
                            ]
                        },
                        {
                            "name": "Nigeria",
                            "id": "3c94aa61-055d-4c38-a40b-67dff395beda",
                            "districts": [
                                
                            ]
                        },
                        {
                            "name": "Zimbabwe",
                            "id": "bfbf9853-bae3-4e57-b7cd-1e9228e8b1f3",
                            "districts": [
                                
                            ]
                        },
                        {
                            "name": "Seychelles",
                            "id": "4c63d1f6-87ba-45f1-9414-eb22bfba46c2",
                            "districts": [
                                
                            ]
                        },
                        {
                            "name": "Cameroon",
                            "id": "0495fba0-693d-433a-a9ef-6bc2ccab6093",
                            "districts": [
                                
                            ]
                        },
                        {
                            "name": "Guinea",
                            "id": "eda1a6fb-f95b-4664-b352-8a468c499b34",
                            "districts": [
                                
                            ]
                        },
                        {
                            "name": "Kenya",
                            "id": "06702720-9c60-4210-8eed-8824f1cc80c2",
                            "districts": [
                                
                            ]
                        },
                        {
                            "name": "Mozambique",
                            "id": "df394703-b3a5-4d0f-aa33-db8b10ba29ab",
                            "districts": [
                                
                            ]
                        },
                        {
                            "name": "Saint Helena, Ascension and Tristan da Cunha",
                            "id": "e379e052-1704-4e98-b4fd-fdac7ca1f9a0",
                            "districts": [
                                
                            ]
                        },
                        {
                            "name": "Ethiopia",
                            "id": "77d5d6a2-5f01-41b8-b06d-88b9efc618f8",
                            "districts": [
                                
                            ]
                        },
                        {
                            "name": "Comoros",
                            "id": "ae0a4c53-9eea-4b4f-b7ab-98750eb58582",
                            "districts": [
                                
                            ]
                        },
                        {
                            "name": "Malawi",
                            "id": "31ffdf7e-d375-4c19-8b4c-6ac8e4486727",
                            "districts": [
                                
                            ]
                        },
                        {
                            "name": "Somalia",
                            "id": "630c356f-e198-4cd0-8e91-b29002c2aca7",
                            "districts": [
                                
                            ]
                        },
                        {
                            "name": "Congo, Democratic Republic of the",
                            "id": "55a5fe27-565c-4963-88c0-9a3ec24dea5c",
                            "districts": [
                                
                            ]
                        },
                        {
                            "name": "Equatorial Guinea",
                            "id": "9d2dd243-9754-4962-a556-6dbbf85b248a",
                            "districts": [
                                
                            ]
                        },
                        {
                            "name": "Chad",
                            "id": "4c4abd99-f4df-4fee-bac5-e2a1eef7ec0f",
                            "districts": [
                                
                            ]
                        },
                        {
                            "name": "Tanzania, United Republic of",
                            "id": "30d8662e-655f-43c8-b307-a2dc0046ebe5",
                            "districts": [
                                
                            ]
                        },
                        {
                            "name": "Sierra Leone",
                            "id": "e2135c5c-dfd3-4d44-b16f-0c29186836ce",
                            "districts": [
                                
                            ]
                        },
                        {
                            "name": "Eritrea",
                            "id": "bdd50ea2-c82d-44e8-b493-09892c245a6d",
                            "districts": [
                                
                            ]
                        },
                        {
                            "name": "Central African Republic",
                            "id": "59d2224e-e8a9-4e08-bf66-6ca50cf3d5e7",
                            "districts": [
                                
                            ]
                        },
                        {
                            "name": "South Sudan",
                            "id": "96e00183-809e-408c-b2f2-0042a6a8a8ba",
                            "districts": [
                                
                            ]
                        },
                        {
                            "name": "Mauritania",
                            "id": "780c64c4-cea5-4b78-85af-7be29c96025f",
                            "districts": [
                                
                            ]
                        },
                        {
                            "name": "Burkina Faso",
                            "id": "cedf0037-0cb1-4ad8-8a83-9ae64bc44992",
                            "districts": [
                                
                            ]
                        }
                    ]
                }
            },
            {
                "id": "e2135c5c-dfd3-4d44-b16f-0c29186836ce",
                "region": {
                    "countries": [
                        {
                            "name": "Angola",
                            "id": "5e9f919f-2d42-42ec-8b6c-adf7f7b3cd0b",
                            "districts": [
                                
                            ]
                        },
                        {
                            "name": "Cabo Verde",
                            "id": "e5489353-76dd-4d8d-b61e-d349c6356c68",
                            "districts": [
                                
                            ]
                        },
                        {
                            "name": "Mali",
                            "id": "dd9791d1-fea1-4b9d-9076-37e499de6307",
                            "districts": [
                                
                            ]
                        },
                        {
                            "name": "British Indian Ocean Territory",
                            "id": "20479535-b47b-41ba-8cab-b7024bd8ec82",
                            "districts": [
                                
                            ]
                        },
                        {
                            "name": "Gambia",
                            "id": "efec8f57-a2fb-4f95-b662-d72b21d301ed",
                            "districts": [
                                
                            ]
                        },
                        {
                            "name": "Zambia",
                            "id": "4992bec5-10a9-49df-ad13-69aa7cdcfef6",
                            "districts": [
                                
                            ]
                        },
                        {
                            "name": "Eswatini",
                            "id": "d044d249-e941-47bb-8fae-8cab328ca575",
                            "districts": [
                                
                            ]
                        },
                        {
                            "name": "Mayotte",
                            "id": "f4b83278-abe2-46f6-b0c0-50eceba9a35f",
                            "districts": [
                                
                            ]
                        },
                        {
                            "name": "Burundi",
                            "id": "310ab811-40b5-48da-8a66-e7562f4cf9d1",
                            "districts": [
                                
                            ]
                        },
                        {
                            "name": "Liberia",
                            "id": "86d6e276-b027-4cf8-ad4d-c4793b3425cf",
                            "districts": [
                                
                            ]
                        },
                        {
                            "name": "Mauritius",
                            "id": "a06fe50f-4ff3-483a-83c6-01ce4068ab36",
                            "districts": [
                                
                            ]
                        },
                        {
                            "name": "Sao Tome and Principe",
                            "id": "712df7d0-5d1b-401b-a832-911354b38baf",
                            "districts": [
                                
                            ]
                        },
                        {
                            "name": "Senegal",
                            "id": "990cb125-2ede-4648-b5d4-698d0e6ad712",
                            "districts": [
                                
                            ]
                        },
                        {
                            "name": "Botswana",
                            "id": "f177f103-59bd-4527-831e-101af0a373bd",
                            "districts": [
                                
                            ]
                        },
                        {
                            "name": "Rwanda",
                            "id": "5507db6a-9757-40e2-a498-f8cb8df70fb8",
                            "districts": [
                                
                            ]
                        },
                        {
                            "name": "Niger",
                            "id": "74150778-002b-4ca3-a064-41c5cad3f026",
                            "districts": [
                                
                            ]
                        },
                        {
                            "name": "Benin",
                            "id": "ec5d7439-de38-46d4-8a31-7b23b9525984",
                            "districts": [
                                
                            ]
                        },
                        {
                            "name": "Réunion",
                            "id": "e0f20522-cffc-4e66-8e7d-9334f35fce95",
                            "districts": [
                                
                            ]
                        },
                        {
                            "name": "South Africa",
                            "id": "9a7647d2-60ca-429d-90e5-905edaff872c",
                            "districts": [
                                
                            ]
                        },
                        {
                            "name": "Ghana",
                            "id": "9662349e-2c36-496a-83d5-6f746ae768a7",
                            "districts": [
                                
                            ]
                        },
                        {
                            "name": "Congo",
                            "id": "33c8a05e-4d63-49cd-a5f1-0f4a1d5ab13e",
                            "districts": [
                                
                            ]
                        },
                        {
                            "name": "Guinea-Bissau",
                            "id": "64d1845d-1963-40bc-a31b-1f45084f1644",
                            "districts": [
                                
                            ]
                        },
                        {
                            "name": "Togo",
                            "id": "9d383757-b95f-44da-b535-3887ed82679f",
                            "districts": [
                                
                            ]
                        },
                        {
                            "name": "Namibia",
                            "id": "cf9f295f-bf4c-4a8b-8738-53c6a9ed55b1",
                            "districts": [
                                
                            ]
                        },
                        {
                            "name": "Djibouti",
                            "id": "ba974fdc-3dea-4b6b-a2f3-34624faa59a7",
                            "districts": [
                                
                            ]
                        },
                        {
                            "name": "Gabon",
                            "id": "8f6be81f-6b58-4a61-b684-5c2d620a0e74",
                            "districts": [
                                
                            ]
                        },
                        {
                            "name": "Lesotho",
                            "id": "300752f4-088e-403c-95b0-7a670c09f8cc",
                            "districts": [
                                
                            ]
                        },
                        {
                            "name": "Madagascar",
                            "id": "eb4c5e71-f839-4f3c-8e93-49ef57f4fe8d",
                            "districts": [
                                
                            ]
                        },
                        {
                            "name": "Uganda",
                            "id": "b1693449-e104-47c0-94db-f55cc6c850d5",
                            "districts": [
                                
                            ]
                        },
                        {
                            "name": "Côte d\"Ivoire",
                            "id": "59276e01-0d64-487a-aec6-332ae91f9909",
                            "districts": [
                                
                            ]
                        },
                        {
                            "name": "Nigeria",
                            "id": "3c94aa61-055d-4c38-a40b-67dff395beda",
                            "districts": [
                                
                            ]
                        },
                        {
                            "name": "Zimbabwe",
                            "id": "bfbf9853-bae3-4e57-b7cd-1e9228e8b1f3",
                            "districts": [
                                
                            ]
                        },
                        {
                            "name": "Seychelles",
                            "id": "4c63d1f6-87ba-45f1-9414-eb22bfba46c2",
                            "districts": [
                                
                            ]
                        },
                        {
                            "name": "Cameroon",
                            "id": "0495fba0-693d-433a-a9ef-6bc2ccab6093",
                            "districts": [
                                
                            ]
                        },
                        {
                            "name": "Guinea",
                            "id": "eda1a6fb-f95b-4664-b352-8a468c499b34",
                            "districts": [
                                
                            ]
                        },
                        {
                            "name": "Kenya",
                            "id": "06702720-9c60-4210-8eed-8824f1cc80c2",
                            "districts": [
                                
                            ]
                        },
                        {
                            "name": "Mozambique",
                            "id": "df394703-b3a5-4d0f-aa33-db8b10ba29ab",
                            "districts": [
                                
                            ]
                        },
                        {
                            "name": "Saint Helena, Ascension and Tristan da Cunha",
                            "id": "e379e052-1704-4e98-b4fd-fdac7ca1f9a0",
                            "districts": [
                                
                            ]
                        },
                        {
                            "name": "Ethiopia",
                            "id": "77d5d6a2-5f01-41b8-b06d-88b9efc618f8",
                            "districts": [
                                
                            ]
                        },
                        {
                            "name": "Comoros",
                            "id": "ae0a4c53-9eea-4b4f-b7ab-98750eb58582",
                            "districts": [
                                
                            ]
                        },
                        {
                            "name": "Malawi",
                            "id": "31ffdf7e-d375-4c19-8b4c-6ac8e4486727",
                            "districts": [
                                
                            ]
                        },
                        {
                            "name": "Somalia",
                            "id": "630c356f-e198-4cd0-8e91-b29002c2aca7",
                            "districts": [
                                
                            ]
                        },
                        {
                            "name": "Congo, Democratic Republic of the",
                            "id": "55a5fe27-565c-4963-88c0-9a3ec24dea5c",
                            "districts": [
                                
                            ]
                        },
                        {
                            "name": "Equatorial Guinea",
                            "id": "9d2dd243-9754-4962-a556-6dbbf85b248a",
                            "districts": [
                                
                            ]
                        },
                        {
                            "name": "Chad",
                            "id": "4c4abd99-f4df-4fee-bac5-e2a1eef7ec0f",
                            "districts": [
                                
                            ]
                        },
                        {
                            "name": "Tanzania, United Republic of",
                            "id": "30d8662e-655f-43c8-b307-a2dc0046ebe5",
                            "districts": [
                                
                            ]
                        },
                        {
                            "name": "Sierra Leone",
                            "id": "e2135c5c-dfd3-4d44-b16f-0c29186836ce",
                            "districts": [
                                
                            ]
                        },
                        {
                            "name": "Eritrea",
                            "id": "bdd50ea2-c82d-44e8-b493-09892c245a6d",
                            "districts": [
                                
                            ]
                        },
                        {
                            "name": "Central African Republic",
                            "id": "59d2224e-e8a9-4e08-bf66-6ca50cf3d5e7",
                            "districts": [
                                
                            ]
                        },
                        {
                            "name": "South Sudan",
                            "id": "96e00183-809e-408c-b2f2-0042a6a8a8ba",
                            "districts": [
                                
                            ]
                        },
                        {
                            "name": "Mauritania",
                            "id": "780c64c4-cea5-4b78-85af-7be29c96025f",
                            "districts": [
                                
                            ]
                        },
                        {
                            "name": "Burkina Faso",
                            "id": "cedf0037-0cb1-4ad8-8a83-9ae64bc44992",
                            "districts": [
                                
                            ]
                        }
                    ]
                }
            },
            {
                "id": "edb88011-b648-4109-8190-f89775e98670",
                "region": {
                    "countries": [
                        {
                            "name": "Egypt",
                            "id": "118f9f5b-63b1-4bba-81bc-1f24d791fa1c",
                            "districts": [
                                
                            ]
                        },
                        {
                            "name": "Libya",
                            "id": "6a3d82cb-b14a-4f8d-8ec1-54104715b045",
                            "districts": [
                                
                            ]
                        },
                        {
                            "name": "Tunisia",
                            "id": "5fce3077-fac8-4461-bf35-b912844ea013",
                            "districts": [
                                
                            ]
                        },
                        {
                            "name": "Algeria",
                            "id": "7f7e022b-f273-4c30-aeae-b265e7caed1b",
                            "districts": [
                                
                            ]
                        },
                        {
                            "name": "Morocco",
                            "id": "edb88011-b648-4109-8190-f89775e98670",
                            "districts": [
                                
                            ]
                        },
                        {
                            "name": "Sudan",
                            "id": "6b0da14e-212e-4d9c-a26c-f37a13b1a0d4",
                            "districts": [
                                
                            ]
                        }
                    ]
                }
            },
            {
                "id": "bdd50ea2-c82d-44e8-b493-09892c245a6d",
                "region": {
                    "countries": [
                        {
                            "name": "Angola",
                            "id": "5e9f919f-2d42-42ec-8b6c-adf7f7b3cd0b",
                            "districts": [
                                
                            ]
                        },
                        {
                            "name": "Cabo Verde",
                            "id": "e5489353-76dd-4d8d-b61e-d349c6356c68",
                            "districts": [
                                
                            ]
                        },
                        {
                            "name": "Mali",
                            "id": "dd9791d1-fea1-4b9d-9076-37e499de6307",
                            "districts": [
                                
                            ]
                        },
                        {
                            "name": "British Indian Ocean Territory",
                            "id": "20479535-b47b-41ba-8cab-b7024bd8ec82",
                            "districts": [
                                
                            ]
                        },
                        {
                            "name": "Gambia",
                            "id": "efec8f57-a2fb-4f95-b662-d72b21d301ed",
                            "districts": [
                                
                            ]
                        },
                        {
                            "name": "Zambia",
                            "id": "4992bec5-10a9-49df-ad13-69aa7cdcfef6",
                            "districts": [
                                
                            ]
                        },
                        {
                            "name": "Eswatini",
                            "id": "d044d249-e941-47bb-8fae-8cab328ca575",
                            "districts": [
                                
                            ]
                        },
                        {
                            "name": "Mayotte",
                            "id": "f4b83278-abe2-46f6-b0c0-50eceba9a35f",
                            "districts": [
                                
                            ]
                        },
                        {
                            "name": "Burundi",
                            "id": "310ab811-40b5-48da-8a66-e7562f4cf9d1",
                            "districts": [
                                
                            ]
                        },
                        {
                            "name": "Liberia",
                            "id": "86d6e276-b027-4cf8-ad4d-c4793b3425cf",
                            "districts": [
                                
                            ]
                        },
                        {
                            "name": "Mauritius",
                            "id": "a06fe50f-4ff3-483a-83c6-01ce4068ab36",
                            "districts": [
                                
                            ]
                        },
                        {
                            "name": "Sao Tome and Principe",
                            "id": "712df7d0-5d1b-401b-a832-911354b38baf",
                            "districts": [
                                
                            ]
                        },
                        {
                            "name": "Senegal",
                            "id": "990cb125-2ede-4648-b5d4-698d0e6ad712",
                            "districts": [
                                
                            ]
                        },
                        {
                            "name": "Botswana",
                            "id": "f177f103-59bd-4527-831e-101af0a373bd",
                            "districts": [
                                
                            ]
                        },
                        {
                            "name": "Rwanda",
                            "id": "5507db6a-9757-40e2-a498-f8cb8df70fb8",
                            "districts": [
                                
                            ]
                        },
                        {
                            "name": "Niger",
                            "id": "74150778-002b-4ca3-a064-41c5cad3f026",
                            "districts": [
                                
                            ]
                        },
                        {
                            "name": "Benin",
                            "id": "ec5d7439-de38-46d4-8a31-7b23b9525984",
                            "districts": [
                                
                            ]
                        },
                        {
                            "name": "Réunion",
                            "id": "e0f20522-cffc-4e66-8e7d-9334f35fce95",
                            "districts": [
                                
                            ]
                        },
                        {
                            "name": "South Africa",
                            "id": "9a7647d2-60ca-429d-90e5-905edaff872c",
                            "districts": [
                                
                            ]
                        },
                        {
                            "name": "Ghana",
                            "id": "9662349e-2c36-496a-83d5-6f746ae768a7",
                            "districts": [
                                
                            ]
                        },
                        {
                            "name": "Congo",
                            "id": "33c8a05e-4d63-49cd-a5f1-0f4a1d5ab13e",
                            "districts": [
                                
                            ]
                        },
                        {
                            "name": "Guinea-Bissau",
                            "id": "64d1845d-1963-40bc-a31b-1f45084f1644",
                            "districts": [
                                
                            ]
                        },
                        {
                            "name": "Togo",
                            "id": "9d383757-b95f-44da-b535-3887ed82679f",
                            "districts": [
                                
                            ]
                        },
                        {
                            "name": "Namibia",
                            "id": "cf9f295f-bf4c-4a8b-8738-53c6a9ed55b1",
                            "districts": [
                                
                            ]
                        },
                        {
                            "name": "Djibouti",
                            "id": "ba974fdc-3dea-4b6b-a2f3-34624faa59a7",
                            "districts": [
                                
                            ]
                        },
                        {
                            "name": "Gabon",
                            "id": "8f6be81f-6b58-4a61-b684-5c2d620a0e74",
                            "districts": [
                                
                            ]
                        },
                        {
                            "name": "Lesotho",
                            "id": "300752f4-088e-403c-95b0-7a670c09f8cc",
                            "districts": [
                                
                            ]
                        },
                        {
                            "name": "Madagascar",
                            "id": "eb4c5e71-f839-4f3c-8e93-49ef57f4fe8d",
                            "districts": [
                                
                            ]
                        },
                        {
                            "name": "Uganda",
                            "id": "b1693449-e104-47c0-94db-f55cc6c850d5",
                            "districts": [
                                
                            ]
                        },
                        {
                            "name": "Côte d\"Ivoire",
                            "id": "59276e01-0d64-487a-aec6-332ae91f9909",
                            "districts": [
                                
                            ]
                        },
                        {
                            "name": "Nigeria",
                            "id": "3c94aa61-055d-4c38-a40b-67dff395beda",
                            "districts": [
                                
                            ]
                        },
                        {
                            "name": "Zimbabwe",
                            "id": "bfbf9853-bae3-4e57-b7cd-1e9228e8b1f3",
                            "districts": [
                                
                            ]
                        },
                        {
                            "name": "Seychelles",
                            "id": "4c63d1f6-87ba-45f1-9414-eb22bfba46c2",
                            "districts": [
                                
                            ]
                        },
                        {
                            "name": "Cameroon",
                            "id": "0495fba0-693d-433a-a9ef-6bc2ccab6093",
                            "districts": [
                                
                            ]
                        },
                        {
                            "name": "Guinea",
                            "id": "eda1a6fb-f95b-4664-b352-8a468c499b34",
                            "districts": [
                                
                            ]
                        },
                        {
                            "name": "Kenya",
                            "id": "06702720-9c60-4210-8eed-8824f1cc80c2",
                            "districts": [
                                
                            ]
                        },
                        {
                            "name": "Mozambique",
                            "id": "df394703-b3a5-4d0f-aa33-db8b10ba29ab",
                            "districts": [
                                
                            ]
                        },
                        {
                            "name": "Saint Helena, Ascension and Tristan da Cunha",
                            "id": "e379e052-1704-4e98-b4fd-fdac7ca1f9a0",
                            "districts": [
                                
                            ]
                        },
                        {
                            "name": "Ethiopia",
                            "id": "77d5d6a2-5f01-41b8-b06d-88b9efc618f8",
                            "districts": [
                                
                            ]
                        },
                        {
                            "name": "Comoros",
                            "id": "ae0a4c53-9eea-4b4f-b7ab-98750eb58582",
                            "districts": [
                                
                            ]
                        },
                        {
                            "name": "Malawi",
                            "id": "31ffdf7e-d375-4c19-8b4c-6ac8e4486727",
                            "districts": [
                                
                            ]
                        },
                        {
                            "name": "Somalia",
                            "id": "630c356f-e198-4cd0-8e91-b29002c2aca7",
                            "districts": [
                                
                            ]
                        },
                        {
                            "name": "Congo, Democratic Republic of the",
                            "id": "55a5fe27-565c-4963-88c0-9a3ec24dea5c",
                            "districts": [
                                
                            ]
                        },
                        {
                            "name": "Equatorial Guinea",
                            "id": "9d2dd243-9754-4962-a556-6dbbf85b248a",
                            "districts": [
                                
                            ]
                        },
                        {
                            "name": "Chad",
                            "id": "4c4abd99-f4df-4fee-bac5-e2a1eef7ec0f",
                            "districts": [
                                
                            ]
                        },
                        {
                            "name": "Tanzania, United Republic of",
                            "id": "30d8662e-655f-43c8-b307-a2dc0046ebe5",
                            "districts": [
                                
                            ]
                        },
                        {
                            "name": "Sierra Leone",
                            "id": "e2135c5c-dfd3-4d44-b16f-0c29186836ce",
                            "districts": [
                                
                            ]
                        },
                        {
                            "name": "Eritrea",
                            "id": "bdd50ea2-c82d-44e8-b493-09892c245a6d",
                            "districts": [
                                
                            ]
                        },
                        {
                            "name": "Central African Republic",
                            "id": "59d2224e-e8a9-4e08-bf66-6ca50cf3d5e7",
                            "districts": [
                                
                            ]
                        },
                        {
                            "name": "South Sudan",
                            "id": "96e00183-809e-408c-b2f2-0042a6a8a8ba",
                            "districts": [
                                
                            ]
                        },
                        {
                            "name": "Mauritania",
                            "id": "780c64c4-cea5-4b78-85af-7be29c96025f",
                            "districts": [
                                
                            ]
                        },
                        {
                            "name": "Burkina Faso",
                            "id": "cedf0037-0cb1-4ad8-8a83-9ae64bc44992",
                            "districts": [
                                
                            ]
                        }
                    ]
                }
            },
            {
                "id": "59d2224e-e8a9-4e08-bf66-6ca50cf3d5e7",
                "region": {
                    "countries": [
                        {
                            "name": "Angola",
                            "id": "5e9f919f-2d42-42ec-8b6c-adf7f7b3cd0b",
                            "districts": [
                                
                            ]
                        },
                        {
                            "name": "Cabo Verde",
                            "id": "e5489353-76dd-4d8d-b61e-d349c6356c68",
                            "districts": [
                                
                            ]
                        },
                        {
                            "name": "Mali",
                            "id": "dd9791d1-fea1-4b9d-9076-37e499de6307",
                            "districts": [
                                
                            ]
                        },
                        {
                            "name": "British Indian Ocean Territory",
                            "id": "20479535-b47b-41ba-8cab-b7024bd8ec82",
                            "districts": [
                                
                            ]
                        },
                        {
                            "name": "Gambia",
                            "id": "efec8f57-a2fb-4f95-b662-d72b21d301ed",
                            "districts": [
                                
                            ]
                        },
                        {
                            "name": "Zambia",
                            "id": "4992bec5-10a9-49df-ad13-69aa7cdcfef6",
                            "districts": [
                                
                            ]
                        },
                        {
                            "name": "Eswatini",
                            "id": "d044d249-e941-47bb-8fae-8cab328ca575",
                            "districts": [
                                
                            ]
                        },
                        {
                            "name": "Mayotte",
                            "id": "f4b83278-abe2-46f6-b0c0-50eceba9a35f",
                            "districts": [
                                
                            ]
                        },
                        {
                            "name": "Burundi",
                            "id": "310ab811-40b5-48da-8a66-e7562f4cf9d1",
                            "districts": [
                                
                            ]
                        },
                        {
                            "name": "Liberia",
                            "id": "86d6e276-b027-4cf8-ad4d-c4793b3425cf",
                            "districts": [
                                
                            ]
                        },
                        {
                            "name": "Mauritius",
                            "id": "a06fe50f-4ff3-483a-83c6-01ce4068ab36",
                            "districts": [
                                
                            ]
                        },
                        {
                            "name": "Sao Tome and Principe",
                            "id": "712df7d0-5d1b-401b-a832-911354b38baf",
                            "districts": [
                                
                            ]
                        },
                        {
                            "name": "Senegal",
                            "id": "990cb125-2ede-4648-b5d4-698d0e6ad712",
                            "districts": [
                                
                            ]
                        },
                        {
                            "name": "Botswana",
                            "id": "f177f103-59bd-4527-831e-101af0a373bd",
                            "districts": [
                                
                            ]
                        },
                        {
                            "name": "Rwanda",
                            "id": "5507db6a-9757-40e2-a498-f8cb8df70fb8",
                            "districts": [
                                
                            ]
                        },
                        {
                            "name": "Niger",
                            "id": "74150778-002b-4ca3-a064-41c5cad3f026",
                            "districts": [
                                
                            ]
                        },
                        {
                            "name": "Benin",
                            "id": "ec5d7439-de38-46d4-8a31-7b23b9525984",
                            "districts": [
                                
                            ]
                        },
                        {
                            "name": "Réunion",
                            "id": "e0f20522-cffc-4e66-8e7d-9334f35fce95",
                            "districts": [
                                
                            ]
                        },
                        {
                            "name": "South Africa",
                            "id": "9a7647d2-60ca-429d-90e5-905edaff872c",
                            "districts": [
                                
                            ]
                        },
                        {
                            "name": "Ghana",
                            "id": "9662349e-2c36-496a-83d5-6f746ae768a7",
                            "districts": [
                                
                            ]
                        },
                        {
                            "name": "Congo",
                            "id": "33c8a05e-4d63-49cd-a5f1-0f4a1d5ab13e",
                            "districts": [
                                
                            ]
                        },
                        {
                            "name": "Guinea-Bissau",
                            "id": "64d1845d-1963-40bc-a31b-1f45084f1644",
                            "districts": [
                                
                            ]
                        },
                        {
                            "name": "Togo",
                            "id": "9d383757-b95f-44da-b535-3887ed82679f",
                            "districts": [
                                
                            ]
                        },
                        {
                            "name": "Namibia",
                            "id": "cf9f295f-bf4c-4a8b-8738-53c6a9ed55b1",
                            "districts": [
                                
                            ]
                        },
                        {
                            "name": "Djibouti",
                            "id": "ba974fdc-3dea-4b6b-a2f3-34624faa59a7",
                            "districts": [
                                
                            ]
                        },
                        {
                            "name": "Gabon",
                            "id": "8f6be81f-6b58-4a61-b684-5c2d620a0e74",
                            "districts": [
                                
                            ]
                        },
                        {
                            "name": "Lesotho",
                            "id": "300752f4-088e-403c-95b0-7a670c09f8cc",
                            "districts": [
                                
                            ]
                        },
                        {
                            "name": "Madagascar",
                            "id": "eb4c5e71-f839-4f3c-8e93-49ef57f4fe8d",
                            "districts": [
                                
                            ]
                        },
                        {
                            "name": "Uganda",
                            "id": "b1693449-e104-47c0-94db-f55cc6c850d5",
                            "districts": [
                                
                            ]
                        },
                        {
                            "name": "Côte d\"Ivoire",
                            "id": "59276e01-0d64-487a-aec6-332ae91f9909",
                            "districts": [
                                
                            ]
                        },
                        {
                            "name": "Nigeria",
                            "id": "3c94aa61-055d-4c38-a40b-67dff395beda",
                            "districts": [
                                
                            ]
                        },
                        {
                            "name": "Zimbabwe",
                            "id": "bfbf9853-bae3-4e57-b7cd-1e9228e8b1f3",
                            "districts": [
                                
                            ]
                        },
                        {
                            "name": "Seychelles",
                            "id": "4c63d1f6-87ba-45f1-9414-eb22bfba46c2",
                            "districts": [
                                
                            ]
                        },
                        {
                            "name": "Cameroon",
                            "id": "0495fba0-693d-433a-a9ef-6bc2ccab6093",
                            "districts": [
                                
                            ]
                        },
                        {
                            "name": "Guinea",
                            "id": "eda1a6fb-f95b-4664-b352-8a468c499b34",
                            "districts": [
                                
                            ]
                        },
                        {
                            "name": "Kenya",
                            "id": "06702720-9c60-4210-8eed-8824f1cc80c2",
                            "districts": [
                                
                            ]
                        },
                        {
                            "name": "Mozambique",
                            "id": "df394703-b3a5-4d0f-aa33-db8b10ba29ab",
                            "districts": [
                                
                            ]
                        },
                        {
                            "name": "Saint Helena, Ascension and Tristan da Cunha",
                            "id": "e379e052-1704-4e98-b4fd-fdac7ca1f9a0",
                            "districts": [
                                
                            ]
                        },
                        {
                            "name": "Ethiopia",
                            "id": "77d5d6a2-5f01-41b8-b06d-88b9efc618f8",
                            "districts": [
                                
                            ]
                        },
                        {
                            "name": "Comoros",
                            "id": "ae0a4c53-9eea-4b4f-b7ab-98750eb58582",
                            "districts": [
                                
                            ]
                        },
                        {
                            "name": "Malawi",
                            "id": "31ffdf7e-d375-4c19-8b4c-6ac8e4486727",
                            "districts": [
                                
                            ]
                        },
                        {
                            "name": "Somalia",
                            "id": "630c356f-e198-4cd0-8e91-b29002c2aca7",
                            "districts": [
                                
                            ]
                        },
                        {
                            "name": "Congo, Democratic Republic of the",
                            "id": "55a5fe27-565c-4963-88c0-9a3ec24dea5c",
                            "districts": [
                                
                            ]
                        },
                        {
                            "name": "Equatorial Guinea",
                            "id": "9d2dd243-9754-4962-a556-6dbbf85b248a",
                            "districts": [
                                
                            ]
                        },
                        {
                            "name": "Chad",
                            "id": "4c4abd99-f4df-4fee-bac5-e2a1eef7ec0f",
                            "districts": [
                                
                            ]
                        },
                        {
                            "name": "Tanzania, United Republic of",
                            "id": "30d8662e-655f-43c8-b307-a2dc0046ebe5",
                            "districts": [
                                
                            ]
                        },
                        {
                            "name": "Sierra Leone",
                            "id": "e2135c5c-dfd3-4d44-b16f-0c29186836ce",
                            "districts": [
                                
                            ]
                        },
                        {
                            "name": "Eritrea",
                            "id": "bdd50ea2-c82d-44e8-b493-09892c245a6d",
                            "districts": [
                                
                            ]
                        },
                        {
                            "name": "Central African Republic",
                            "id": "59d2224e-e8a9-4e08-bf66-6ca50cf3d5e7",
                            "districts": [
                                
                            ]
                        },
                        {
                            "name": "South Sudan",
                            "id": "96e00183-809e-408c-b2f2-0042a6a8a8ba",
                            "districts": [
                                
                            ]
                        },
                        {
                            "name": "Mauritania",
                            "id": "780c64c4-cea5-4b78-85af-7be29c96025f",
                            "districts": [
                                
                            ]
                        },
                        {
                            "name": "Burkina Faso",
                            "id": "cedf0037-0cb1-4ad8-8a83-9ae64bc44992",
                            "districts": [
                                
                            ]
                        }
                    ]
                }
            },
            {
                "id": "d1c132e4-e157-47fd-906c-458d7df6ba96",
                "region": {
                    "countries": [
                        {
                            "name": "Kyrgyzstan",
                            "id": "c046ec2c-b375-45c7-9558-cb8adfca0651",
                            "districts": [
                                
                            ]
                        },
                        {
                            "name": "Uzbekistan",
                            "id": "997ef444-25be-4a56-896e-bc450f736b57",
                            "districts": [
                                
                            ]
                        },
                        {
                            "name": "Kazakhstan",
                            "id": "26bc4b50-82d3-4b68-817d-795f011ee9af",
                            "districts": [
                                
                            ]
                        },
                        {
                            "name": "Thailand",
                            "id": "b7a44eef-15f4-4b45-bdef-070637f8af87",
                            "districts": [
                                
                            ]
                        },
                        {
                            "name": "Timor-Leste",
                            "id": "5d000f83-13ca-4649-bb2d-d2be565f0a2c",
                            "districts": [
                                
                            ]
                        },
                        {
                            "name": "Lao People\"s Democratic Republic",
                            "id": "98815a15-47a6-4679-86d8-5e1a5214ba11",
                            "districts": [
                                
                            ]
                        },
                        {
                            "name": "Tajikistan",
                            "id": "d1c132e4-e157-47fd-906c-458d7df6ba96",
                            "districts": [
                                
                            ]
                        },
                        {
                            "name": "Turkmenistan",
                            "id": "ecde24a4-68ca-45de-9021-e9c3a446caff",
                            "districts": [
                                
                            ]
                        },
                        {
                            "name": "Viet Nam",
                            "id": "c9d61dfb-f6d4-4ecc-a4a8-b6fc4861376a",
                            "districts": [
                                
                            ]
                        }
                    ]
                }
            },
            {
                "id": "ecde24a4-68ca-45de-9021-e9c3a446caff",
                "region": {
                    "countries": [
                        {
                            "name": "Kyrgyzstan",
                            "id": "c046ec2c-b375-45c7-9558-cb8adfca0651",
                            "districts": [
                                
                            ]
                        },
                        {
                            "name": "Uzbekistan",
                            "id": "997ef444-25be-4a56-896e-bc450f736b57",
                            "districts": [
                                
                            ]
                        },
                        {
                            "name": "Kazakhstan",
                            "id": "26bc4b50-82d3-4b68-817d-795f011ee9af",
                            "districts": [
                                
                            ]
                        },
                        {
                            "name": "Thailand",
                            "id": "b7a44eef-15f4-4b45-bdef-070637f8af87",
                            "districts": [
                                
                            ]
                        },
                        {
                            "name": "Timor-Leste",
                            "id": "5d000f83-13ca-4649-bb2d-d2be565f0a2c",
                            "districts": [
                                
                            ]
                        },
                        {
                            "name": "Lao People\"s Democratic Republic",
                            "id": "98815a15-47a6-4679-86d8-5e1a5214ba11",
                            "districts": [
                                
                            ]
                        },
                        {
                            "name": "Tajikistan",
                            "id": "d1c132e4-e157-47fd-906c-458d7df6ba96",
                            "districts": [
                                
                            ]
                        },
                        {
                            "name": "Turkmenistan",
                            "id": "ecde24a4-68ca-45de-9021-e9c3a446caff",
                            "districts": [
                                
                            ]
                        },
                        {
                            "name": "Viet Nam",
                            "id": "c9d61dfb-f6d4-4ecc-a4a8-b6fc4861376a",
                            "districts": [
                                
                            ]
                        }
                    ]
                }
            },
            {
                "id": "ea4c7ed2-9ce9-4151-9531-ff9af85def73",
                "region": {
                    "countries": [
                        {
                            "name": "Jordan",
                            "id": "57d77108-7390-4d8b-9175-09fa2278972f",
                            "districts": [
                                
                            ]
                        },
                        {
                            "name": "Yemen",
                            "id": "e36259b6-c350-4fdc-83dc-bfdbe04765d1",
                            "districts": [
                                
                            ]
                        },
                        {
                            "name": "Bahrain",
                            "id": "cb7d2601-26e1-4af4-b27c-1130bc908636",
                            "districts": [
                                
                            ]
                        },
                        {
                            "name": "Armenia",
                            "id": "8f0fda5d-e346-4016-8651-38bc0a9db13f",
                            "districts": [
                                
                            ]
                        },
                        {
                            "name": "Kuwait",
                            "id": "04c19ad3-d5fd-4432-be03-d0f3aa0bfef4",
                            "districts": [
                                
                            ]
                        },
                        {
                            "name": "United Arab Emirates",
                            "id": "191f578d-d3e2-49a4-803c-012c36fae6b8",
                            "districts": [
                                
                            ]
                        },
                        {
                            "name": "Lebanon",
                            "id": "7d6074eb-b44c-4e01-b064-9e67695b896b",
                            "districts": [
                                
                            ]
                        },
                        {
                            "name": "Singapore",
                            "id": "20786ba0-66e7-4c86-9e62-e27456f80ed0",
                            "districts": [
                                
                            ]
                        },
                        {
                            "name": "Palestine, State of",
                            "id": "c4dbf9dc-caad-4b9b-ab84-a178363717f4",
                            "districts": [
                                
                            ]
                        },
                        {
                            "name": "Syrian Arab Republic",
                            "id": "33760701-153e-4220-b9fa-ec4342d2f0e4",
                            "districts": [
                                
                            ]
                        },
                        {
                            "name": "Georgia",
                            "id": "371dea3e-0fa3-45de-898c-05dc08e4da37",
                            "districts": [
                                
                            ]
                        },
                        {
                            "name": "Oman",
                            "id": "ebba5457-cf3a-4c92-a296-c9304075a083",
                            "districts": [
                                
                            ]
                        },
                        {
                            "name": "Azerbaijan",
                            "id": "bf0dafd8-ebe6-4b98-86ab-ed8e16475794",
                            "districts": [
                                
                            ]
                        },
                        {
                            "name": "Philippines",
                            "id": "bd3959ff-aabe-46fa-ac07-055e8436407e",
                            "districts": [
                                
                            ]
                        },
                        {
                            "name": "Israel",
                            "id": "b9435680-f62e-4437-9179-0584ae6af227",
                            "districts": [
                                
                            ]
                        },
                        {
                            "name": "Turkey",
                            "id": "eb6d71b2-8583-4c12-9063-5439639e4817",
                            "districts": [
                                
                            ]
                        },
                        {
                            "name": "Qatar",
                            "id": "6bedb61d-4a24-414a-9ddd-adb4cc1cc389",
                            "districts": [
                                
                            ]
                        },
                        {
                            "name": "Cyprus",
                            "id": "9683b8ba-efbf-4e28-9a27-6d2108466189",
                            "districts": [
                                
                            ]
                        },
                        {
                            "name": "Iraq",
                            "id": "ea4c7ed2-9ce9-4151-9531-ff9af85def73",
                            "districts": [
                                
                            ]
                        },
                        {
                            "name": "Saudi Arabia",
                            "id": "b2d5c8d1-21a7-433a-a592-38268c29f913",
                            "districts": [
                                
                            ]
                        }
                    ]
                }
            },
            {
                "id": "96e00183-809e-408c-b2f2-0042a6a8a8ba",
                "region": {
                    "countries": [
                        {
                            "name": "Angola",
                            "id": "5e9f919f-2d42-42ec-8b6c-adf7f7b3cd0b",
                            "districts": [
                                
                            ]
                        },
                        {
                            "name": "Cabo Verde",
                            "id": "e5489353-76dd-4d8d-b61e-d349c6356c68",
                            "districts": [
                                
                            ]
                        },
                        {
                            "name": "Mali",
                            "id": "dd9791d1-fea1-4b9d-9076-37e499de6307",
                            "districts": [
                                
                            ]
                        },
                        {
                            "name": "British Indian Ocean Territory",
                            "id": "20479535-b47b-41ba-8cab-b7024bd8ec82",
                            "districts": [
                                
                            ]
                        },
                        {
                            "name": "Gambia",
                            "id": "efec8f57-a2fb-4f95-b662-d72b21d301ed",
                            "districts": [
                                
                            ]
                        },
                        {
                            "name": "Zambia",
                            "id": "4992bec5-10a9-49df-ad13-69aa7cdcfef6",
                            "districts": [
                                
                            ]
                        },
                        {
                            "name": "Eswatini",
                            "id": "d044d249-e941-47bb-8fae-8cab328ca575",
                            "districts": [
                                
                            ]
                        },
                        {
                            "name": "Mayotte",
                            "id": "f4b83278-abe2-46f6-b0c0-50eceba9a35f",
                            "districts": [
                                
                            ]
                        },
                        {
                            "name": "Burundi",
                            "id": "310ab811-40b5-48da-8a66-e7562f4cf9d1",
                            "districts": [
                                
                            ]
                        },
                        {
                            "name": "Liberia",
                            "id": "86d6e276-b027-4cf8-ad4d-c4793b3425cf",
                            "districts": [
                                
                            ]
                        },
                        {
                            "name": "Mauritius",
                            "id": "a06fe50f-4ff3-483a-83c6-01ce4068ab36",
                            "districts": [
                                
                            ]
                        },
                        {
                            "name": "Sao Tome and Principe",
                            "id": "712df7d0-5d1b-401b-a832-911354b38baf",
                            "districts": [
                                
                            ]
                        },
                        {
                            "name": "Senegal",
                            "id": "990cb125-2ede-4648-b5d4-698d0e6ad712",
                            "districts": [
                                
                            ]
                        },
                        {
                            "name": "Botswana",
                            "id": "f177f103-59bd-4527-831e-101af0a373bd",
                            "districts": [
                                
                            ]
                        },
                        {
                            "name": "Rwanda",
                            "id": "5507db6a-9757-40e2-a498-f8cb8df70fb8",
                            "districts": [
                                
                            ]
                        },
                        {
                            "name": "Niger",
                            "id": "74150778-002b-4ca3-a064-41c5cad3f026",
                            "districts": [
                                
                            ]
                        },
                        {
                            "name": "Benin",
                            "id": "ec5d7439-de38-46d4-8a31-7b23b9525984",
                            "districts": [
                                
                            ]
                        },
                        {
                            "name": "Réunion",
                            "id": "e0f20522-cffc-4e66-8e7d-9334f35fce95",
                            "districts": [
                                
                            ]
                        },
                        {
                            "name": "South Africa",
                            "id": "9a7647d2-60ca-429d-90e5-905edaff872c",
                            "districts": [
                                
                            ]
                        },
                        {
                            "name": "Ghana",
                            "id": "9662349e-2c36-496a-83d5-6f746ae768a7",
                            "districts": [
                                
                            ]
                        },
                        {
                            "name": "Congo",
                            "id": "33c8a05e-4d63-49cd-a5f1-0f4a1d5ab13e",
                            "districts": [
                                
                            ]
                        },
                        {
                            "name": "Guinea-Bissau",
                            "id": "64d1845d-1963-40bc-a31b-1f45084f1644",
                            "districts": [
                                
                            ]
                        },
                        {
                            "name": "Togo",
                            "id": "9d383757-b95f-44da-b535-3887ed82679f",
                            "districts": [
                                
                            ]
                        },
                        {
                            "name": "Namibia",
                            "id": "cf9f295f-bf4c-4a8b-8738-53c6a9ed55b1",
                            "districts": [
                                
                            ]
                        },
                        {
                            "name": "Djibouti",
                            "id": "ba974fdc-3dea-4b6b-a2f3-34624faa59a7",
                            "districts": [
                                
                            ]
                        },
                        {
                            "name": "Gabon",
                            "id": "8f6be81f-6b58-4a61-b684-5c2d620a0e74",
                            "districts": [
                                
                            ]
                        },
                        {
                            "name": "Lesotho",
                            "id": "300752f4-088e-403c-95b0-7a670c09f8cc",
                            "districts": [
                                
                            ]
                        },
                        {
                            "name": "Madagascar",
                            "id": "eb4c5e71-f839-4f3c-8e93-49ef57f4fe8d",
                            "districts": [
                                
                            ]
                        },
                        {
                            "name": "Uganda",
                            "id": "b1693449-e104-47c0-94db-f55cc6c850d5",
                            "districts": [
                                
                            ]
                        },
                        {
                            "name": "Côte d\"Ivoire",
                            "id": "59276e01-0d64-487a-aec6-332ae91f9909",
                            "districts": [
                                
                            ]
                        },
                        {
                            "name": "Nigeria",
                            "id": "3c94aa61-055d-4c38-a40b-67dff395beda",
                            "districts": [
                                
                            ]
                        },
                        {
                            "name": "Zimbabwe",
                            "id": "bfbf9853-bae3-4e57-b7cd-1e9228e8b1f3",
                            "districts": [
                                
                            ]
                        },
                        {
                            "name": "Seychelles",
                            "id": "4c63d1f6-87ba-45f1-9414-eb22bfba46c2",
                            "districts": [
                                
                            ]
                        },
                        {
                            "name": "Cameroon",
                            "id": "0495fba0-693d-433a-a9ef-6bc2ccab6093",
                            "districts": [
                                
                            ]
                        },
                        {
                            "name": "Guinea",
                            "id": "eda1a6fb-f95b-4664-b352-8a468c499b34",
                            "districts": [
                                
                            ]
                        },
                        {
                            "name": "Kenya",
                            "id": "06702720-9c60-4210-8eed-8824f1cc80c2",
                            "districts": [
                                
                            ]
                        },
                        {
                            "name": "Mozambique",
                            "id": "df394703-b3a5-4d0f-aa33-db8b10ba29ab",
                            "districts": [
                                
                            ]
                        },
                        {
                            "name": "Saint Helena, Ascension and Tristan da Cunha",
                            "id": "e379e052-1704-4e98-b4fd-fdac7ca1f9a0",
                            "districts": [
                                
                            ]
                        },
                        {
                            "name": "Ethiopia",
                            "id": "77d5d6a2-5f01-41b8-b06d-88b9efc618f8",
                            "districts": [
                                
                            ]
                        },
                        {
                            "name": "Comoros",
                            "id": "ae0a4c53-9eea-4b4f-b7ab-98750eb58582",
                            "districts": [
                                
                            ]
                        },
                        {
                            "name": "Malawi",
                            "id": "31ffdf7e-d375-4c19-8b4c-6ac8e4486727",
                            "districts": [
                                
                            ]
                        },
                        {
                            "name": "Somalia",
                            "id": "630c356f-e198-4cd0-8e91-b29002c2aca7",
                            "districts": [
                                
                            ]
                        },
                        {
                            "name": "Congo, Democratic Republic of the",
                            "id": "55a5fe27-565c-4963-88c0-9a3ec24dea5c",
                            "districts": [
                                
                            ]
                        },
                        {
                            "name": "Equatorial Guinea",
                            "id": "9d2dd243-9754-4962-a556-6dbbf85b248a",
                            "districts": [
                                
                            ]
                        },
                        {
                            "name": "Chad",
                            "id": "4c4abd99-f4df-4fee-bac5-e2a1eef7ec0f",
                            "districts": [
                                
                            ]
                        },
                        {
                            "name": "Tanzania, United Republic of",
                            "id": "30d8662e-655f-43c8-b307-a2dc0046ebe5",
                            "districts": [
                                
                            ]
                        },
                        {
                            "name": "Sierra Leone",
                            "id": "e2135c5c-dfd3-4d44-b16f-0c29186836ce",
                            "districts": [
                                
                            ]
                        },
                        {
                            "name": "Eritrea",
                            "id": "bdd50ea2-c82d-44e8-b493-09892c245a6d",
                            "districts": [
                                
                            ]
                        },
                        {
                            "name": "Central African Republic",
                            "id": "59d2224e-e8a9-4e08-bf66-6ca50cf3d5e7",
                            "districts": [
                                
                            ]
                        },
                        {
                            "name": "South Sudan",
                            "id": "96e00183-809e-408c-b2f2-0042a6a8a8ba",
                            "districts": [
                                
                            ]
                        },
                        {
                            "name": "Mauritania",
                            "id": "780c64c4-cea5-4b78-85af-7be29c96025f",
                            "districts": [
                                
                            ]
                        },
                        {
                            "name": "Burkina Faso",
                            "id": "cedf0037-0cb1-4ad8-8a83-9ae64bc44992",
                            "districts": [
                                
                            ]
                        }
                    ]
                }
            },
            {
                "id": "c9d61dfb-f6d4-4ecc-a4a8-b6fc4861376a",
                "region": {
                    "countries": [
                        {
                            "name": "Kyrgyzstan",
                            "id": "c046ec2c-b375-45c7-9558-cb8adfca0651",
                            "districts": [
                                
                            ]
                        },
                        {
                            "name": "Uzbekistan",
                            "id": "997ef444-25be-4a56-896e-bc450f736b57",
                            "districts": [
                                
                            ]
                        },
                        {
                            "name": "Kazakhstan",
                            "id": "26bc4b50-82d3-4b68-817d-795f011ee9af",
                            "districts": [
                                
                            ]
                        },
                        {
                            "name": "Thailand",
                            "id": "b7a44eef-15f4-4b45-bdef-070637f8af87",
                            "districts": [
                                
                            ]
                        },
                        {
                            "name": "Timor-Leste",
                            "id": "5d000f83-13ca-4649-bb2d-d2be565f0a2c",
                            "districts": [
                                
                            ]
                        },
                        {
                            "name": "Lao People\"s Democratic Republic",
                            "id": "98815a15-47a6-4679-86d8-5e1a5214ba11",
                            "districts": [
                                
                            ]
                        },
                        {
                            "name": "Tajikistan",
                            "id": "d1c132e4-e157-47fd-906c-458d7df6ba96",
                            "districts": [
                                
                            ]
                        },
                        {
                            "name": "Turkmenistan",
                            "id": "ecde24a4-68ca-45de-9021-e9c3a446caff",
                            "districts": [
                                
                            ]
                        },
                        {
                            "name": "Viet Nam",
                            "id": "c9d61dfb-f6d4-4ecc-a4a8-b6fc4861376a",
                            "districts": [
                                
                            ]
                        }
                    ]
                }
            },
            {
                "id": "780c64c4-cea5-4b78-85af-7be29c96025f",
                "region": {
                    "countries": [
                        {
                            "name": "Angola",
                            "id": "5e9f919f-2d42-42ec-8b6c-adf7f7b3cd0b",
                            "districts": [
                                
                            ]
                        },
                        {
                            "name": "Cabo Verde",
                            "id": "e5489353-76dd-4d8d-b61e-d349c6356c68",
                            "districts": [
                                
                            ]
                        },
                        {
                            "name": "Mali",
                            "id": "dd9791d1-fea1-4b9d-9076-37e499de6307",
                            "districts": [
                                
                            ]
                        },
                        {
                            "name": "British Indian Ocean Territory",
                            "id": "20479535-b47b-41ba-8cab-b7024bd8ec82",
                            "districts": [
                                
                            ]
                        },
                        {
                            "name": "Gambia",
                            "id": "efec8f57-a2fb-4f95-b662-d72b21d301ed",
                            "districts": [
                                
                            ]
                        },
                        {
                            "name": "Zambia",
                            "id": "4992bec5-10a9-49df-ad13-69aa7cdcfef6",
                            "districts": [
                                
                            ]
                        },
                        {
                            "name": "Eswatini",
                            "id": "d044d249-e941-47bb-8fae-8cab328ca575",
                            "districts": [
                                
                            ]
                        },
                        {
                            "name": "Mayotte",
                            "id": "f4b83278-abe2-46f6-b0c0-50eceba9a35f",
                            "districts": [
                                
                            ]
                        },
                        {
                            "name": "Burundi",
                            "id": "310ab811-40b5-48da-8a66-e7562f4cf9d1",
                            "districts": [
                                
                            ]
                        },
                        {
                            "name": "Liberia",
                            "id": "86d6e276-b027-4cf8-ad4d-c4793b3425cf",
                            "districts": [
                                
                            ]
                        },
                        {
                            "name": "Mauritius",
                            "id": "a06fe50f-4ff3-483a-83c6-01ce4068ab36",
                            "districts": [
                                
                            ]
                        },
                        {
                            "name": "Sao Tome and Principe",
                            "id": "712df7d0-5d1b-401b-a832-911354b38baf",
                            "districts": [
                                
                            ]
                        },
                        {
                            "name": "Senegal",
                            "id": "990cb125-2ede-4648-b5d4-698d0e6ad712",
                            "districts": [
                                
                            ]
                        },
                        {
                            "name": "Botswana",
                            "id": "f177f103-59bd-4527-831e-101af0a373bd",
                            "districts": [
                                
                            ]
                        },
                        {
                            "name": "Rwanda",
                            "id": "5507db6a-9757-40e2-a498-f8cb8df70fb8",
                            "districts": [
                                
                            ]
                        },
                        {
                            "name": "Niger",
                            "id": "74150778-002b-4ca3-a064-41c5cad3f026",
                            "districts": [
                                
                            ]
                        },
                        {
                            "name": "Benin",
                            "id": "ec5d7439-de38-46d4-8a31-7b23b9525984",
                            "districts": [
                                
                            ]
                        },
                        {
                            "name": "Réunion",
                            "id": "e0f20522-cffc-4e66-8e7d-9334f35fce95",
                            "districts": [
                                
                            ]
                        },
                        {
                            "name": "South Africa",
                            "id": "9a7647d2-60ca-429d-90e5-905edaff872c",
                            "districts": [
                                
                            ]
                        },
                        {
                            "name": "Ghana",
                            "id": "9662349e-2c36-496a-83d5-6f746ae768a7",
                            "districts": [
                                
                            ]
                        },
                        {
                            "name": "Congo",
                            "id": "33c8a05e-4d63-49cd-a5f1-0f4a1d5ab13e",
                            "districts": [
                                
                            ]
                        },
                        {
                            "name": "Guinea-Bissau",
                            "id": "64d1845d-1963-40bc-a31b-1f45084f1644",
                            "districts": [
                                
                            ]
                        },
                        {
                            "name": "Togo",
                            "id": "9d383757-b95f-44da-b535-3887ed82679f",
                            "districts": [
                                
                            ]
                        },
                        {
                            "name": "Namibia",
                            "id": "cf9f295f-bf4c-4a8b-8738-53c6a9ed55b1",
                            "districts": [
                                
                            ]
                        },
                        {
                            "name": "Djibouti",
                            "id": "ba974fdc-3dea-4b6b-a2f3-34624faa59a7",
                            "districts": [
                                
                            ]
                        },
                        {
                            "name": "Gabon",
                            "id": "8f6be81f-6b58-4a61-b684-5c2d620a0e74",
                            "districts": [
                                
                            ]
                        },
                        {
                            "name": "Lesotho",
                            "id": "300752f4-088e-403c-95b0-7a670c09f8cc",
                            "districts": [
                                
                            ]
                        },
                        {
                            "name": "Madagascar",
                            "id": "eb4c5e71-f839-4f3c-8e93-49ef57f4fe8d",
                            "districts": [
                                
                            ]
                        },
                        {
                            "name": "Uganda",
                            "id": "b1693449-e104-47c0-94db-f55cc6c850d5",
                            "districts": [
                                
                            ]
                        },
                        {
                            "name": "Côte d\"Ivoire",
                            "id": "59276e01-0d64-487a-aec6-332ae91f9909",
                            "districts": [
                                
                            ]
                        },
                        {
                            "name": "Nigeria",
                            "id": "3c94aa61-055d-4c38-a40b-67dff395beda",
                            "districts": [
                                
                            ]
                        },
                        {
                            "name": "Zimbabwe",
                            "id": "bfbf9853-bae3-4e57-b7cd-1e9228e8b1f3",
                            "districts": [
                                
                            ]
                        },
                        {
                            "name": "Seychelles",
                            "id": "4c63d1f6-87ba-45f1-9414-eb22bfba46c2",
                            "districts": [
                                
                            ]
                        },
                        {
                            "name": "Cameroon",
                            "id": "0495fba0-693d-433a-a9ef-6bc2ccab6093",
                            "districts": [
                                
                            ]
                        },
                        {
                            "name": "Guinea",
                            "id": "eda1a6fb-f95b-4664-b352-8a468c499b34",
                            "districts": [
                                
                            ]
                        },
                        {
                            "name": "Kenya",
                            "id": "06702720-9c60-4210-8eed-8824f1cc80c2",
                            "districts": [
                                
                            ]
                        },
                        {
                            "name": "Mozambique",
                            "id": "df394703-b3a5-4d0f-aa33-db8b10ba29ab",
                            "districts": [
                                
                            ]
                        },
                        {
                            "name": "Saint Helena, Ascension and Tristan da Cunha",
                            "id": "e379e052-1704-4e98-b4fd-fdac7ca1f9a0",
                            "districts": [
                                
                            ]
                        },
                        {
                            "name": "Ethiopia",
                            "id": "77d5d6a2-5f01-41b8-b06d-88b9efc618f8",
                            "districts": [
                                
                            ]
                        },
                        {
                            "name": "Comoros",
                            "id": "ae0a4c53-9eea-4b4f-b7ab-98750eb58582",
                            "districts": [
                                
                            ]
                        },
                        {
                            "name": "Malawi",
                            "id": "31ffdf7e-d375-4c19-8b4c-6ac8e4486727",
                            "districts": [
                                
                            ]
                        },
                        {
                            "name": "Somalia",
                            "id": "630c356f-e198-4cd0-8e91-b29002c2aca7",
                            "districts": [
                                
                            ]
                        },
                        {
                            "name": "Congo, Democratic Republic of the",
                            "id": "55a5fe27-565c-4963-88c0-9a3ec24dea5c",
                            "districts": [
                                
                            ]
                        },
                        {
                            "name": "Equatorial Guinea",
                            "id": "9d2dd243-9754-4962-a556-6dbbf85b248a",
                            "districts": [
                                
                            ]
                        },
                        {
                            "name": "Chad",
                            "id": "4c4abd99-f4df-4fee-bac5-e2a1eef7ec0f",
                            "districts": [
                                
                            ]
                        },
                        {
                            "name": "Tanzania, United Republic of",
                            "id": "30d8662e-655f-43c8-b307-a2dc0046ebe5",
                            "districts": [
                                
                            ]
                        },
                        {
                            "name": "Sierra Leone",
                            "id": "e2135c5c-dfd3-4d44-b16f-0c29186836ce",
                            "districts": [
                                
                            ]
                        },
                        {
                            "name": "Eritrea",
                            "id": "bdd50ea2-c82d-44e8-b493-09892c245a6d",
                            "districts": [
                                
                            ]
                        },
                        {
                            "name": "Central African Republic",
                            "id": "59d2224e-e8a9-4e08-bf66-6ca50cf3d5e7",
                            "districts": [
                                
                            ]
                        },
                        {
                            "name": "South Sudan",
                            "id": "96e00183-809e-408c-b2f2-0042a6a8a8ba",
                            "districts": [
                                
                            ]
                        },
                        {
                            "name": "Mauritania",
                            "id": "780c64c4-cea5-4b78-85af-7be29c96025f",
                            "districts": [
                                
                            ]
                        },
                        {
                            "name": "Burkina Faso",
                            "id": "cedf0037-0cb1-4ad8-8a83-9ae64bc44992",
                            "districts": [
                                
                            ]
                        }
                    ]
                }
            },
            {
                "id": "b893cdb3-ce45-4ff8-8c82-d0e5728d4fab",
                "region": {
                    "countries": [
                        {
                            "name": "China",
                            "id": "99cdf9ef-7a80-40f1-801d-e294d5f9ee36",
                            "districts": [
                                
                            ]
                        },
                        {
                            "name": "Taiwan, Province of China",
                            "id": "46f6e154-7ea0-40e3-8ee2-68536a0b9e21",
                            "districts": [
                                
                            ]
                        },
                        {
                            "name": "Korea, Republic of",
                            "id": "2f24ae19-b361-4fe6-ac53-fbe75f5485d8",
                            "districts": [
                                
                            ]
                        },
                        {
                            "name": "Malaysia",
                            "id": "bb3e3ec0-3c59-46a6-9573-195fa8dd3c9e",
                            "districts": [
                                
                            ]
                        },
                        {
                            "name": "Korea (Democratic People\"s Republic of)",
                            "id": "6f72ac2e-f7a5-44c0-8726-98f91e72d8e9",
                            "districts": [
                                
                            ]
                        },
                        {
                            "name": "Myanmar",
                            "id": "7f1e32bc-9aae-4cd7-bcad-9dc6082d4811",
                            "districts": [
                                
                            ]
                        },
                        {
                            "name": "Macao",
                            "id": "e89a54d0-98ab-4404-b546-b87cdfab5e6c",
                            "districts": [
                                
                            ]
                        },
                        {
                            "name": "Mongolia",
                            "id": "8ccf4e8b-f765-4707-aff1-cb36bcbf5fb9",
                            "districts": [
                                
                            ]
                        },
                        {
                            "name": "Japan",
                            "id": "b893cdb3-ce45-4ff8-8c82-d0e5728d4fab",
                            "districts": [
                                
                            ]
                        },
                        {
                            "name": "Hong Kong",
                            "id": "66af6153-77ae-41b1-90bc-93e5d9a30416",
                            "districts": [
                                
                            ]
                        }
                    ]
                }
            },
            {
                "id": "82ec6692-b098-4803-8cc0-8df58d65ed10",
                "region": {
                    "countries": [
                        {
                            "name": "Iran (Islamic Republic of)",
                            "id": "ea7eef91-f8f4-4603-b7a1-d7039e7033e6",
                            "districts": [
                                
                            ]
                        },
                        {
                            "name": "Sri Lanka",
                            "id": "63a03a51-55d6-4a05-91f9-4be04ceff568",
                            "districts": [
                                
                            ]
                        },
                        {
                            "name": "Cambodia",
                            "id": "1c1d7b9c-1af3-4247-9393-6ab5275ed775",
                            "districts": [
                                
                            ]
                        },
                        {
                            "name": "Indonesia",
                            "id": "a0e90a76-7360-4e64-874a-b88b33bff1c6",
                            "districts": [
                                
                            ]
                        },
                        {
                            "name": "Afghanistan",
                            "id": "1d4758ce-9410-46c2-9e4e-2c90c518f469",
                            "districts": [
                                
                            ]
                        },
                        {
                            "name": "Bhutan",
                            "id": "26ac5483-9a31-41bd-b79e-6c82c30cbd75",
                            "districts": [
                                
                            ]
                        },
                        {
                            "name": "Brunei Darussalam",
                            "id": "218b444b-0354-46bd-b768-b8d48eb632e1",
                            "districts": [
                                
                            ]
                        },
                        {
                            "name": "Maldives",
                            "id": "b0305117-6406-4e3f-bd9c-54999c52fd51",
                            "districts": [
                                
                            ]
                        },
                        {
                            "name": "Nepal",
                            "id": "74ec24a7-5308-4b97-890a-a1b2602ab430",
                            "districts": [
                                
                            ]
                        },
                        {
                            "name": "Bangladesh",
                            "id": "6bd284f1-2216-4efc-a80e-218a56731a50",
                            "districts": [
                                {
                                    "id": "052bb7cb-fa24-4e4e-8a1c-c8b5770f81be",
                                    "name": "BARISHAL",
                                    "upazilas": [
                                        {
                                            "name": "AGAILJHARA",
                                            "id": "a87e5293-71fd-4928-a4bc-3fc87b741bd6",
                                            "state": {
                                                "id": "5cbbb439-96e7-4f60-bf2f-abddd0d03e7e",
                                                "name": "BARISAL"
                                            }
                                        },
                                        {
                                            "name": "WAZIRPUR",
                                            "id": "69a7ae9a-af80-4721-8fa7-390bc7a9f056",
                                            "state": {
                                                "id": "5cbbb439-96e7-4f60-bf2f-abddd0d03e7e",
                                                "name": "BARISAL"
                                            }
                                        },
                                        {
                                            "name": "BANARIPARA",
                                            "id": "a1098f6d-e20c-46ff-a695-71d38485dfcd",
                                            "state": {
                                                "id": "5cbbb439-96e7-4f60-bf2f-abddd0d03e7e",
                                                "name": "BARISAL"
                                            }
                                        },
                                        {
                                            "name": "GAURNADI",
                                            "id": "e054f2d4-ba21-423c-8ce2-8790fd3e96e7",
                                            "state": {
                                                "id": "5cbbb439-96e7-4f60-bf2f-abddd0d03e7e",
                                                "name": "BARISAL"
                                            }
                                        },
                                        {
                                            "name": "HIZLA",
                                            "id": "25dc6a64-73d1-41c4-a7a6-3499e419ee76",
                                            "state": {
                                                "id": "5cbbb439-96e7-4f60-bf2f-abddd0d03e7e",
                                                "name": "BARISAL"
                                            }
                                        },
                                        {
                                            "name": "BARISAL_SADAR",
                                            "id": "3e841942-1acf-40d5-a8f8-e76fccbce201",
                                            "state": {
                                                "id": "5cbbb439-96e7-4f60-bf2f-abddd0d03e7e",
                                                "name": "BARISAL"
                                            }
                                        },
                                        {
                                            "name": "BAKERGANJ",
                                            "id": "898bb968-893a-4791-984c-303c28eee8d1",
                                            "state": {
                                                "id": "5cbbb439-96e7-4f60-bf2f-abddd0d03e7e",
                                                "name": "BARISAL"
                                            }
                                        },
                                        {
                                            "name": "BABUGANJ",
                                            "id": "4ecbd185-acfc-4406-8fd6-b3d94387bea9",
                                            "state": {
                                                "id": "5cbbb439-96e7-4f60-bf2f-abddd0d03e7e",
                                                "name": "BARISAL"
                                            }
                                        },
                                        {
                                            "name": "MEHENDIGANJ",
                                            "id": "4f5b876b-a14d-462f-8cea-0b63aa50a888",
                                            "state": {
                                                "id": "5cbbb439-96e7-4f60-bf2f-abddd0d03e7e",
                                                "name": "BARISAL"
                                            }
                                        },
                                        {
                                            "name": "MULADI",
                                            "id": "0084331b-30ca-4576-8b66-503c7b6a2d0c",
                                            "state": {
                                                "id": "5cbbb439-96e7-4f60-bf2f-abddd0d03e7e",
                                                "name": "BARISAL"
                                            }
                                        }
                                    ]
                                },
                                {
                                    "id": "01836026-20ee-4e28-9585-6bde8c8f98a1",
                                    "name": "KURIGRAM",
                                    "upazilas": [
                                        {
                                            "name": "KURIGRAM_SADAR",
                                            "id": "33b43668-894e-4861-a340-9ab38cfac767",
                                            "state": {
                                                "id": "b8c19906-b4fc-4745-ac93-af957934136b",
                                                "name": "RANGPUR"
                                            }
                                        },
                                        {
                                            "name": "BHURUNGAMARI",
                                            "id": "bd6a746c-8e29-4546-9bde-fe70e7c0b1d4",
                                            "state": {
                                                "id": "b8c19906-b4fc-4745-ac93-af957934136b",
                                                "name": "RANGPUR"
                                            }
                                        },
                                        {
                                            "name": "ULIPUR",
                                            "id": "114b95ad-d7c1-4805-addc-2034bc68d133",
                                            "state": {
                                                "id": "b8c19906-b4fc-4745-ac93-af957934136b",
                                                "name": "RANGPUR"
                                            }
                                        },
                                        {
                                            "name": "CHILMARI",
                                            "id": "b74d834a-c4df-4c64-b08b-00fb86c416bd",
                                            "state": {
                                                "id": "b8c19906-b4fc-4745-ac93-af957934136b",
                                                "name": "RANGPUR"
                                            }
                                        },
                                        {
                                            "name": "NAGESHWARI",
                                            "id": "3c5107f8-412a-47a6-a593-75a1577a2fae",
                                            "state": {
                                                "id": "b8c19906-b4fc-4745-ac93-af957934136b",
                                                "name": "RANGPUR"
                                            }
                                        },
                                        {
                                            "name": "RAJARHAT",
                                            "id": "abfb1886-a2ea-4887-afc3-60cc1d194b6e",
                                            "state": {
                                                "id": "b8c19906-b4fc-4745-ac93-af957934136b",
                                                "name": "RANGPUR"
                                            }
                                        },
                                        {
                                            "name": "PHULBARI",
                                            "id": "3580569a-211a-4991-9e10-f52fd97543a6",
                                            "state": {
                                                "id": "b8c19906-b4fc-4745-ac93-af957934136b",
                                                "name": "RANGPUR"
                                            }
                                        },
                                        {
                                            "name": "CHAR RAJIBPUR",
                                            "id": "7d27e425-d2d2-45a9-b7c9-188e05810c0d",
                                            "state": {
                                                "id": "b8c19906-b4fc-4745-ac93-af957934136b",
                                                "name": "RANGPUR"
                                            }
                                        },
                                        {
                                            "name": "ROWMARI",
                                            "id": "290ffa52-6bbb-4482-a054-ce4aff5f6930",
                                            "state": {
                                                "id": "b8c19906-b4fc-4745-ac93-af957934136b",
                                                "name": "RANGPUR"
                                            }
                                        }
                                    ]
                                },
                                {
                                    "id": "2fb6985f-ccb2-4004-89ac-b5b0de520533",
                                    "name": "DINAJPUR",
                                    "upazilas": [
                                        {
                                            "name": "KAHAROLE",
                                            "id": "55d8d92d-d612-4226-b008-60b84b7b8253",
                                            "state": {
                                                "id": "b8c19906-b4fc-4745-ac93-af957934136b",
                                                "name": "RANGPUR"
                                            }
                                        },
                                        {
                                            "name": "PARBATIPUR",
                                            "id": "6f58194a-7690-4ce0-b14e-bea704af6ee5",
                                            "state": {
                                                "id": "b8c19906-b4fc-4745-ac93-af957934136b",
                                                "name": "RANGPUR"
                                            }
                                        },
                                        {
                                            "name": "HAKIMPUR",
                                            "id": "cc45cab8-96dc-43c5-bbc1-040e75736c03",
                                            "state": {
                                                "id": "b8c19906-b4fc-4745-ac93-af957934136b",
                                                "name": "RANGPUR"
                                            }
                                        },
                                        {
                                            "name": "BIRGANJ",
                                            "id": "9afaa410-ddfd-44d2-95d3-d6cfb030acd7",
                                            "state": {
                                                "id": "b8c19906-b4fc-4745-ac93-af957934136b",
                                                "name": "RANGPUR"
                                            }
                                        },
                                        {
                                            "name": "BIRAL",
                                            "id": "a44acb60-2b84-4fbb-b73e-6030542fed2d",
                                            "state": {
                                                "id": "b8c19906-b4fc-4745-ac93-af957934136b",
                                                "name": "RANGPUR"
                                            }
                                        },
                                        {
                                            "name": "BIRAMPUR",
                                            "id": "5a316d35-7488-4a04-b718-819caf81d849",
                                            "state": {
                                                "id": "b8c19906-b4fc-4745-ac93-af957934136b",
                                                "name": "RANGPUR"
                                            }
                                        },
                                        {
                                            "name": "GHORAGHAT",
                                            "id": "5ea22106-1cb9-47de-8a20-28fdcf292598",
                                            "state": {
                                                "id": "b8c19906-b4fc-4745-ac93-af957934136b",
                                                "name": "RANGPUR"
                                            }
                                        },
                                        {
                                            "name": "KHANSAMA",
                                            "id": "0561e004-20dc-4efd-b2e3-4e1c48d86971",
                                            "state": {
                                                "id": "b8c19906-b4fc-4745-ac93-af957934136b",
                                                "name": "RANGPUR"
                                            }
                                        },
                                        {
                                            "name": "DINAJPUR_SADAR",
                                            "id": "e9d6959d-bf05-490a-a95d-6327f93c17b3",
                                            "state": {
                                                "id": "b8c19906-b4fc-4745-ac93-af957934136b",
                                                "name": "RANGPUR"
                                            }
                                        },
                                        {
                                            "name": "BOCHAGANJ",
                                            "id": "526f5997-d4ab-45f7-af53-6fcd25c1d1dc",
                                            "state": {
                                                "id": "b8c19906-b4fc-4745-ac93-af957934136b",
                                                "name": "RANGPUR"
                                            }
                                        },
                                        {
                                            "name": "CHIRIRBANDAR",
                                            "id": "d371b6be-98e7-44ec-98bb-4e3d06f4fd6c",
                                            "state": {
                                                "id": "b8c19906-b4fc-4745-ac93-af957934136b",
                                                "name": "RANGPUR"
                                            }
                                        },
                                        {
                                            "name": "NAWABGANJ",
                                            "id": "802bf9ac-1597-4c30-94cc-51b1e5cd9941",
                                            "state": {
                                                "id": "b8c19906-b4fc-4745-ac93-af957934136b",
                                                "name": "RANGPUR"
                                            }
                                        }
                                    ]
                                },
                                {
                                    "id": "fcbaee9a-6c04-4a77-a2a8-8ee8f0c812a8",
                                    "name": "BAGERHAT",
                                    "upazilas": [
                                        {
                                            "name": "FAKIRHAT",
                                            "id": "23926ee4-dec3-4ba8-aab6-eee9f7003126",
                                            "state": {
                                                "id": "642a6748-942f-473d-96c6-a6c1b2e00e05",
                                                "name": "KHULNA"
                                            }
                                        },
                                        {
                                            "name": "MORRELGANJ",
                                            "id": "c322b9de-9e52-471a-9642-0c7f9510e303",
                                            "state": {
                                                "id": "642a6748-942f-473d-96c6-a6c1b2e00e05",
                                                "name": "KHULNA"
                                            }
                                        },
                                        {
                                            "name": "RAMPAL",
                                            "id": "687c1175-6f6f-459a-aa56-50ea55ab1852",
                                            "state": {
                                                "id": "642a6748-942f-473d-96c6-a6c1b2e00e05",
                                                "name": "KHULNA"
                                            }
                                        },
                                        {
                                            "name": "MOLLAHAT",
                                            "id": "2a18a82f-5a29-4ec1-b383-bb00faf2f958",
                                            "state": {
                                                "id": "642a6748-942f-473d-96c6-a6c1b2e00e05",
                                                "name": "KHULNA"
                                            }
                                        },
                                        {
                                            "name": "MONGLA",
                                            "id": "4ce72789-eebe-4554-ac41-6e94b6a205d5",
                                            "state": {
                                                "id": "642a6748-942f-473d-96c6-a6c1b2e00e05",
                                                "name": "KHULNA"
                                            }
                                        },
                                        {
                                            "name": "CHITALMARI",
                                            "id": "a6c2a70a-e1dd-4565-9eb4-5a84dfd76d36",
                                            "state": {
                                                "id": "642a6748-942f-473d-96c6-a6c1b2e00e05",
                                                "name": "KHULNA"
                                            }
                                        },
                                        {
                                            "name": "SARANKHOLA",
                                            "id": "29e1d269-c6ca-461f-b8bc-b2cf623b2ed4",
                                            "state": {
                                                "id": "642a6748-942f-473d-96c6-a6c1b2e00e05",
                                                "name": "KHULNA"
                                            }
                                        },
                                        {
                                            "name": "KACHUA",
                                            "id": "458438b9-a371-4d34-a429-9ffc72c4bb5a",
                                            "state": {
                                                "id": "642a6748-942f-473d-96c6-a6c1b2e00e05",
                                                "name": "KHULNA"
                                            }
                                        },
                                        {
                                            "name": "BAGERHAT_SADAR",
                                            "id": "8929c669-4c91-4c08-a279-2b61b2b657cb",
                                            "state": {
                                                "id": "642a6748-942f-473d-96c6-a6c1b2e00e05",
                                                "name": "KHULNA"
                                            }
                                        }
                                    ]
                                },
                                {
                                    "id": "8be8ad99-4257-4c89-bc9f-3fd5b54ea42c",
                                    "name": "BARGUNA",
                                    "upazilas": [
                                        {
                                            "name": "BAMNA",
                                            "id": "0becbad0-8054-48ff-8804-70caef441fbc",
                                            "state": {
                                                "id": "5cbbb439-96e7-4f60-bf2f-abddd0d03e7e",
                                                "name": "BARISAL"
                                            }
                                        },
                                        {
                                            "name": "BARGUNA_SADAR",
                                            "id": "6c8d9659-3f6b-4572-89f6-877db489fb8e",
                                            "state": {
                                                "id": "5cbbb439-96e7-4f60-bf2f-abddd0d03e7e",
                                                "name": "BARISAL"
                                            }
                                        },
                                        {
                                            "name": "BETAGI",
                                            "id": "e84e7c7f-d62f-4111-ac9c-6a758d874fa4",
                                            "state": {
                                                "id": "5cbbb439-96e7-4f60-bf2f-abddd0d03e7e",
                                                "name": "BARISAL"
                                            }
                                        },
                                        {
                                            "name": "AMTALI",
                                            "id": "2061f193-da04-4462-ae2c-7d54a60c9790",
                                            "state": {
                                                "id": "5cbbb439-96e7-4f60-bf2f-abddd0d03e7e",
                                                "name": "BARISAL"
                                            }
                                        },
                                        {
                                            "name": "PATHARGHATA",
                                            "id": "1f651fda-0eb3-4efe-b2a1-751c1dbefb4b",
                                            "state": {
                                                "id": "5cbbb439-96e7-4f60-bf2f-abddd0d03e7e",
                                                "name": "BARISAL"
                                            }
                                        },
                                        {
                                            "name": "TALTALI",
                                            "id": "b6d60b5e-b58e-46be-8b53-370a5bdfe5f4",
                                            "state": {
                                                "id": "5cbbb439-96e7-4f60-bf2f-abddd0d03e7e",
                                                "name": "BARISAL"
                                            }
                                        }
                                    ]
                                },
                                {
                                    "id": "9966ea0c-b228-4955-bb2d-07a5095b2645",
                                    "name": "NATORE",
                                    "upazilas": [
                                        {
                                            "name": "NATORE_SADAR",
                                            "id": "ad6a8021-7b0f-4611-86dd-9522ae859ec2",
                                            "state": {
                                                "id": "d68c68d2-108e-4635-93d1-28c44525f178",
                                                "name": "RAJSHAHI"
                                            }
                                        },
                                        {
                                            "name": "BAGATIPARA",
                                            "id": "8c4fd017-e1a2-46b6-a5e7-4118456a6b1d",
                                            "state": {
                                                "id": "d68c68d2-108e-4635-93d1-28c44525f178",
                                                "name": "RAJSHAHI"
                                            }
                                        },
                                        {
                                            "name": "BARAIGRAM",
                                            "id": "b437a240-a56d-4fcf-8f7b-949ab16dd31d",
                                            "state": {
                                                "id": "d68c68d2-108e-4635-93d1-28c44525f178",
                                                "name": "RAJSHAHI"
                                            }
                                        },
                                        {
                                            "name": "LALPUR",
                                            "id": "b21e478e-7b5e-4c3d-b3a0-cf4e1ba07aac",
                                            "state": {
                                                "id": "d68c68d2-108e-4635-93d1-28c44525f178",
                                                "name": "RAJSHAHI"
                                            }
                                        }
                                    ]
                                },
                                {
                                    "id": "e84d4380-c4bb-4228-88c5-d82e8c1b0865",
                                    "name": "TANGAIL",
                                    "upazilas": [
                                        {
                                            "name": "TANGAIL_SADAR",
                                            "id": "2e5d24da-b036-45be-892b-7f296d666c78",
                                            "state": {
                                                "id": "9c75a95b-9f42-4ca9-a152-78c492590a6f",
                                                "name": "DHAKA"
                                            }
                                        },
                                        {
                                            "name": "DHANBARI",
                                            "id": "1456c986-adde-41d1-a0b0-403604bc0d93",
                                            "state": {
                                                "id": "9c75a95b-9f42-4ca9-a152-78c492590a6f",
                                                "name": "DHAKA"
                                            }
                                        },
                                        {
                                            "name": "DELDUAR",
                                            "id": "3a4c7f79-c00e-49e1-abac-816ed50dc3fb",
                                            "state": {
                                                "id": "9c75a95b-9f42-4ca9-a152-78c492590a6f",
                                                "name": "DHAKA"
                                            }
                                        },
                                        {
                                            "name": "GOPALPUR",
                                            "id": "b2a571f1-2242-424d-9023-7f0f25fd2bb8",
                                            "state": {
                                                "id": "9c75a95b-9f42-4ca9-a152-78c492590a6f",
                                                "name": "DHAKA"
                                            }
                                        },
                                        {
                                            "name": "BASAIL",
                                            "id": "eb604fd4-90f1-40e4-9519-d5a7ca445bfc",
                                            "state": {
                                                "id": "9c75a95b-9f42-4ca9-a152-78c492590a6f",
                                                "name": "DHAKA"
                                            }
                                        },
                                        {
                                            "name": "MIRZAPUR",
                                            "id": "124001b8-78ca-48ce-bbb6-47b461c63063",
                                            "state": {
                                                "id": "9c75a95b-9f42-4ca9-a152-78c492590a6f",
                                                "name": "DHAKA"
                                            }
                                        },
                                        {
                                            "name": "NAGARPUR",
                                            "id": "6cfd02f6-756a-4b9b-85ed-04258d99ca07",
                                            "state": {
                                                "id": "9c75a95b-9f42-4ca9-a152-78c492590a6f",
                                                "name": "DHAKA"
                                            }
                                        },
                                        {
                                            "name": "MADHUPUR",
                                            "id": "21165dd7-b75c-44fb-9e86-4460f532083b",
                                            "state": {
                                                "id": "9c75a95b-9f42-4ca9-a152-78c492590a6f",
                                                "name": "DHAKA"
                                            }
                                        },
                                        {
                                            "name": "BHUAPUR",
                                            "id": "5b9c7e29-0e43-4850-8dca-91a74dab06df",
                                            "state": {
                                                "id": "9c75a95b-9f42-4ca9-a152-78c492590a6f",
                                                "name": "DHAKA"
                                            }
                                        },
                                        {
                                            "name": "GHATAIL",
                                            "id": "6a30d344-ac16-4257-acae-53a8f5a3b49f",
                                            "state": {
                                                "id": "9c75a95b-9f42-4ca9-a152-78c492590a6f",
                                                "name": "DHAKA"
                                            }
                                        },
                                        {
                                            "name": "KALIHATI",
                                            "id": "efef7a8d-28a7-4a48-aeb2-9cc9c9785e37",
                                            "state": {
                                                "id": "9c75a95b-9f42-4ca9-a152-78c492590a6f",
                                                "name": "DHAKA"
                                            }
                                        },
                                        {
                                            "name": "SAKHIPUR",
                                            "id": "86572e49-e51d-4de7-a0d1-26c5bc008a97",
                                            "state": {
                                                "id": "9c75a95b-9f42-4ca9-a152-78c492590a6f",
                                                "name": "DHAKA"
                                            }
                                        }
                                    ]
                                },
                                {
                                    "id": "68d1c1a6-79cf-4614-af26-9c92f954a31f",
                                    "name": "JOYPURHAT",
                                    "upazilas": [
                                        {
                                            "name": "JOYPURHAT S",
                                            "id": "ef9c918e-c776-452b-a9c6-1626f887ed68",
                                            "state": {
                                                "id": "d68c68d2-108e-4635-93d1-28c44525f178",
                                                "name": "RAJSHAHI"
                                            }
                                        },
                                        {
                                            "name": "PANCHBIBI",
                                            "id": "3f918cbc-453d-4529-8bc7-54ea7d192610",
                                            "state": {
                                                "id": "d68c68d2-108e-4635-93d1-28c44525f178",
                                                "name": "RAJSHAHI"
                                            }
                                        },
                                        {
                                            "name": "KALAI",
                                            "id": "06ae58bb-d069-40da-a952-6f345ddaa58d",
                                            "state": {
                                                "id": "d68c68d2-108e-4635-93d1-28c44525f178",
                                                "name": "RAJSHAHI"
                                            }
                                        },
                                        {
                                            "name": "KHETLAL",
                                            "id": "1608a3cd-70aa-46ef-8424-3bcb6f1d83bc",
                                            "state": {
                                                "id": "d68c68d2-108e-4635-93d1-28c44525f178",
                                                "name": "RAJSHAHI"
                                            }
                                        },
                                        {
                                            "name": "AKKELPUR",
                                            "id": "74242c78-e84f-4f42-a882-039391447f6c",
                                            "state": {
                                                "id": "d68c68d2-108e-4635-93d1-28c44525f178",
                                                "name": "RAJSHAHI"
                                            }
                                        }
                                    ]
                                },
                                {
                                    "id": "554b09c8-da48-4e22-ad26-491dde9c455b",
                                    "name": "SATKHIRA",
                                    "upazilas": [
                                        {
                                            "name": "ASSASUNI",
                                            "id": "70a2a525-3a4e-4a75-93b6-0751526ae9fd",
                                            "state": {
                                                "id": "642a6748-942f-473d-96c6-a6c1b2e00e05",
                                                "name": "KHULNA"
                                            }
                                        },
                                        {
                                            "name": "SATKHIRA_SADAR",
                                            "id": "18bd63e5-67e7-417f-a94b-eace376e3c53",
                                            "state": {
                                                "id": "642a6748-942f-473d-96c6-a6c1b2e00e05",
                                                "name": "KHULNA"
                                            }
                                        },
                                        {
                                            "name": "KALAROA",
                                            "id": "2bbc4bea-0602-45d5-b8a7-347875b3e0c5",
                                            "state": {
                                                "id": "642a6748-942f-473d-96c6-a6c1b2e00e05",
                                                "name": "KHULNA"
                                            }
                                        },
                                        {
                                            "name": "DEBHATA",
                                            "id": "43ab5450-3fdf-48c5-af62-8eb39cc6bdbd",
                                            "state": {
                                                "id": "642a6748-942f-473d-96c6-a6c1b2e00e05",
                                                "name": "KHULNA"
                                            }
                                        },
                                        {
                                            "name": "SHYAMNAGAR",
                                            "id": "6c225dcc-fb72-4c69-8842-9e24ca8893b3",
                                            "state": {
                                                "id": "642a6748-942f-473d-96c6-a6c1b2e00e05",
                                                "name": "KHULNA"
                                            }
                                        },
                                        {
                                            "name": "TALA",
                                            "id": "9ba03b6b-a81e-460f-bc16-4070cf8853ce",
                                            "state": {
                                                "id": "642a6748-942f-473d-96c6-a6c1b2e00e05",
                                                "name": "KHULNA"
                                            }
                                        }
                                    ]
                                },
                                {
                                    "id": "8532a8c6-657b-43bc-8ed5-bd8d6ff60ace",
                                    "name": "RAJSHAHI",
                                    "upazilas": [
                                        {
                                            "name": "BAGMARA",
                                            "id": "f2ede638-eab8-4f99-8c6b-a210e841fd1d",
                                            "state": {
                                                "id": "d68c68d2-108e-4635-93d1-28c44525f178",
                                                "name": "RAJSHAHI"
                                            }
                                        },
                                        {
                                            "name": "MOHANPUR",
                                            "id": "7aaac890-91b5-403e-9e63-c3d143b36684",
                                            "state": {
                                                "id": "d68c68d2-108e-4635-93d1-28c44525f178",
                                                "name": "RAJSHAHI"
                                            }
                                        },
                                        {
                                            "name": "BAGHA",
                                            "id": "239db35c-a47a-4654-aa45-5b23ce80c442",
                                            "state": {
                                                "id": "d68c68d2-108e-4635-93d1-28c44525f178",
                                                "name": "RAJSHAHI"
                                            }
                                        },
                                        {
                                            "name": "GODAGARI",
                                            "id": "05d823af-b4fc-4dc6-a7c3-1327766addc8",
                                            "state": {
                                                "id": "d68c68d2-108e-4635-93d1-28c44525f178",
                                                "name": "RAJSHAHI"
                                            }
                                        },
                                        {
                                            "name": "PABA",
                                            "id": "7c7f7c74-c68b-4b89-b932-d8a3239bf9b7",
                                            "state": {
                                                "id": "d68c68d2-108e-4635-93d1-28c44525f178",
                                                "name": "RAJSHAHI"
                                            }
                                        },
                                        {
                                            "name": "TANORE",
                                            "id": "58c5cea6-ca41-4a91-a5fa-b9a5934401ac",
                                            "state": {
                                                "id": "d68c68d2-108e-4635-93d1-28c44525f178",
                                                "name": "RAJSHAHI"
                                            }
                                        },
                                        {
                                            "name": "CHARGHAT",
                                            "id": "aff4647e-2079-4cce-97b0-101fc74ae51b",
                                            "state": {
                                                "id": "d68c68d2-108e-4635-93d1-28c44525f178",
                                                "name": "RAJSHAHI"
                                            }
                                        },
                                        {
                                            "name": "DURGAPUR",
                                            "id": "4223b078-975d-44e9-9365-245f0cb05789",
                                            "state": {
                                                "id": "d68c68d2-108e-4635-93d1-28c44525f178",
                                                "name": "RAJSHAHI"
                                            }
                                        },
                                        {
                                            "name": "PUTHIA",
                                            "id": "2d476069-1315-4416-b9be-a0b422700c68",
                                            "state": {
                                                "id": "d68c68d2-108e-4635-93d1-28c44525f178",
                                                "name": "RAJSHAHI"
                                            }
                                        }
                                    ]
                                },
                                {
                                    "id": "d5260be7-24e7-4c50-9a49-0796cb51b216",
                                    "name": "CUMILLA",
                                    "upazilas": [
                                        {
                                            "name": "DAUDKANDI",
                                            "id": "c1e10c6b-deab-42cb-bdc5-c11244fff880",
                                            "state": {
                                                "id": "d4e8944a-6e8f-4d6e-a313-2228cfe9a567",
                                                "name": "CHITTAGONG"
                                            }
                                        },
                                        {
                                            "name": "DEBIDWAR",
                                            "id": "8226c704-027a-489c-abef-9a3758b49617",
                                            "state": {
                                                "id": "d4e8944a-6e8f-4d6e-a313-2228cfe9a567",
                                                "name": "CHITTAGONG"
                                            }
                                        },
                                        {
                                            "name": "BURICHONG",
                                            "id": "e6684874-0ce5-4f73-9eed-7b72049acf8d",
                                            "state": {
                                                "id": "d4e8944a-6e8f-4d6e-a313-2228cfe9a567",
                                                "name": "CHITTAGONG"
                                            }
                                        },
                                        {
                                            "name": "TITAS",
                                            "id": "b224fbca-58dd-4a13-a2bf-ac01636994e2",
                                            "state": {
                                                "id": "d4e8944a-6e8f-4d6e-a313-2228cfe9a567",
                                                "name": "CHITTAGONG"
                                            }
                                        },
                                        {
                                            "name": "CHANDINA",
                                            "id": "a5e4309c-694a-4781-aa98-f8ec016e4109",
                                            "state": {
                                                "id": "d4e8944a-6e8f-4d6e-a313-2228cfe9a567",
                                                "name": "CHITTAGONG"
                                            }
                                        },
                                        {
                                            "name": "LAKSAM",
                                            "id": "bca6900f-c079-4d77-8616-cd4416f42061",
                                            "state": {
                                                "id": "d4e8944a-6e8f-4d6e-a313-2228cfe9a567",
                                                "name": "CHITTAGONG"
                                            }
                                        },
                                        {
                                            "name": "BARURA",
                                            "id": "8d377f34-bb0c-4aca-82d3-fc9f396451e0",
                                            "state": {
                                                "id": "d4e8944a-6e8f-4d6e-a313-2228cfe9a567",
                                                "name": "CHITTAGONG"
                                            }
                                        },
                                        {
                                            "name": "MURADNAGAR",
                                            "id": "d088b585-95a1-4fac-86b4-0e3b436570d4",
                                            "state": {
                                                "id": "d4e8944a-6e8f-4d6e-a313-2228cfe9a567",
                                                "name": "CHITTAGONG"
                                            }
                                        },
                                        {
                                            "name": "MEGHNA",
                                            "id": "c0cfe679-e617-4907-ae22-20e0a4dd494b",
                                            "state": {
                                                "id": "d4e8944a-6e8f-4d6e-a313-2228cfe9a567",
                                                "name": "CHITTAGONG"
                                            }
                                        },
                                        {
                                            "name": "BRAHMANPARA",
                                            "id": "f35b2456-9e76-487c-a998-b51eb7a6eae4",
                                            "state": {
                                                "id": "d4e8944a-6e8f-4d6e-a313-2228cfe9a567",
                                                "name": "CHITTAGONG"
                                            }
                                        },
                                        {
                                            "name": "COMILLA_SADAR",
                                            "id": "6abbbc95-fa39-49c4-8127-1453fe90181c",
                                            "state": {
                                                "id": "d4e8944a-6e8f-4d6e-a313-2228cfe9a567",
                                                "name": "CHITTAGONG"
                                            }
                                        },
                                        {
                                            "name": "NANGALKOT",
                                            "id": "e9e0cac7-f5dd-44d5-b1e9-9e9e1166c478",
                                            "state": {
                                                "id": "d4e8944a-6e8f-4d6e-a313-2228cfe9a567",
                                                "name": "CHITTAGONG"
                                            }
                                        },
                                        {
                                            "name": "CHAUDDAGRAM",
                                            "id": "7c9eac52-0e2e-4867-b2ee-7c4cf3a1c643",
                                            "state": {
                                                "id": "d4e8944a-6e8f-4d6e-a313-2228cfe9a567",
                                                "name": "CHITTAGONG"
                                            }
                                        },
                                        {
                                            "name": "COMILLA_SADAR SOUTH",
                                            "id": "a8ea2db4-ee9b-4340-8537-83cd622292c2",
                                            "state": {
                                                "id": "d4e8944a-6e8f-4d6e-a313-2228cfe9a567",
                                                "name": "CHITTAGONG"
                                            }
                                        },
                                        {
                                            "name": "MONOHORGONJ",
                                            "id": "eabcbd1f-9f0e-494c-b8a3-16301fd6fa10",
                                            "state": {
                                                "id": "d4e8944a-6e8f-4d6e-a313-2228cfe9a567",
                                                "name": "CHITTAGONG"
                                            }
                                        },
                                        {
                                            "name": "HOMNA",
                                            "id": "07582306-d3c1-4cb1-b07e-23d0a4d62a5f",
                                            "state": {
                                                "id": "d4e8944a-6e8f-4d6e-a313-2228cfe9a567",
                                                "name": "CHITTAGONG"
                                            }
                                        }
                                    ]
                                },
                                {
                                    "id": "272e4693-e399-466a-b021-6728909093d3",
                                    "name": "BRAHMANBARIA",
                                    "upazilas": [
                                        {
                                            "name": "KASBA",
                                            "id": "4498e76d-1d3f-48af-9194-032e8d236b61",
                                            "state": {
                                                "id": "d4e8944a-6e8f-4d6e-a313-2228cfe9a567",
                                                "name": "CHITTAGONG"
                                            }
                                        },
                                        {
                                            "name": "BRAHMANBARIA_SADAR",
                                            "id": "4f269d37-5f46-460f-b145-ada17379cbfc",
                                            "state": {
                                                "id": "d4e8944a-6e8f-4d6e-a313-2228cfe9a567",
                                                "name": "CHITTAGONG"
                                            }
                                        },
                                        {
                                            "name": "ASHUGANJ",
                                            "id": "e5395c84-18d2-4543-a6ec-a707cfe81bcc",
                                            "state": {
                                                "id": "d4e8944a-6e8f-4d6e-a313-2228cfe9a567",
                                                "name": "CHITTAGONG"
                                            }
                                        },
                                        {
                                            "name": "BIJOYNAGAR",
                                            "id": "947631d1-8146-4df8-ae1e-4d04e7595de6",
                                            "state": {
                                                "id": "d4e8944a-6e8f-4d6e-a313-2228cfe9a567",
                                                "name": "CHITTAGONG"
                                            }
                                        },
                                        {
                                            "name": "BANCHARAMPUR",
                                            "id": "0db8bac6-d7d0-4100-869e-41ebe3eb92cd",
                                            "state": {
                                                "id": "d4e8944a-6e8f-4d6e-a313-2228cfe9a567",
                                                "name": "CHITTAGONG"
                                            }
                                        },
                                        {
                                            "name": "AKHAURA",
                                            "id": "5a302ebb-61a8-4e8c-8b59-6a7a49a7b201",
                                            "state": {
                                                "id": "d4e8944a-6e8f-4d6e-a313-2228cfe9a567",
                                                "name": "CHITTAGONG"
                                            }
                                        },
                                        {
                                            "name": "NASIRNAGAR",
                                            "id": "76484d2d-47cc-4c8b-99e1-24c94c3c330e",
                                            "state": {
                                                "id": "d4e8944a-6e8f-4d6e-a313-2228cfe9a567",
                                                "name": "CHITTAGONG"
                                            }
                                        },
                                        {
                                            "name": "NABINAGAR",
                                            "id": "84aeef02-dd01-48da-8468-ac1f5479bf70",
                                            "state": {
                                                "id": "d4e8944a-6e8f-4d6e-a313-2228cfe9a567",
                                                "name": "CHITTAGONG"
                                            }
                                        },
                                        {
                                            "name": "SARAIL",
                                            "id": "ba8e3375-d3cc-48f3-915c-9699081fa9d5",
                                            "state": {
                                                "id": "d4e8944a-6e8f-4d6e-a313-2228cfe9a567",
                                                "name": "CHITTAGONG"
                                            }
                                        },
                                        {
                                            "name": "SHAHBAZPUR TOWN",
                                            "id": "9aa10ffe-f68d-4c46-9994-04d746f5d1bc",
                                            "state": {
                                                "id": "d4e8944a-6e8f-4d6e-a313-2228cfe9a567",
                                                "name": "CHITTAGONG"
                                            }
                                        }
                                    ]
                                },
                                {
                                    "id": "3c67f19f-4e59-4fda-8503-117efa8b69d6",
                                    "name": "LAKSHMIPUR",
                                    "upazilas": [
                                        {
                                            "name": "RAMGATI",
                                            "id": "85171790-705a-43f5-ac34-99c2048f50f7",
                                            "state": {
                                                "id": "d4e8944a-6e8f-4d6e-a313-2228cfe9a567",
                                                "name": "CHITTAGONG"
                                            }
                                        },
                                        {
                                            "name": "RAIPUR",
                                            "id": "bed17fa7-df5e-41a3-905b-d4675de832ce",
                                            "state": {
                                                "id": "d4e8944a-6e8f-4d6e-a313-2228cfe9a567",
                                                "name": "CHITTAGONG"
                                            }
                                        },
                                        {
                                            "name": "LAKSHMIPUR_SADAR",
                                            "id": "2769623f-1de5-407a-8e77-ce987cbfc80e",
                                            "state": {
                                                "id": "d4e8944a-6e8f-4d6e-a313-2228cfe9a567",
                                                "name": "CHITTAGONG"
                                            }
                                        },
                                        {
                                            "name": "KOMOL NAGAR",
                                            "id": "7550df44-de22-487f-aa63-47fea04a985d",
                                            "state": {
                                                "id": "d4e8944a-6e8f-4d6e-a313-2228cfe9a567",
                                                "name": "CHITTAGONG"
                                            }
                                        },
                                        {
                                            "name": "RAMGANJ",
                                            "id": "b5ceb354-c53c-41c3-b9e5-83bf8be9ed17",
                                            "state": {
                                                "id": "d4e8944a-6e8f-4d6e-a313-2228cfe9a567",
                                                "name": "CHITTAGONG"
                                            }
                                        }
                                    ]
                                },
                                {
                                    "id": "1774b360-47d1-4c74-94f9-e92b49968263",
                                    "name": "NETROKONA",
                                    "upazilas": [
                                        {
                                            "name": "KALMAKANDA UPAZILLA",
                                            "id": "c06fd86e-e96d-4148-b393-c7a909eb6b5c",
                                            "state": {
                                                "id": "f6395340-53b2-4824-8252-ef3a164b8446",
                                                "name": "MAYMENSINGH"
                                            }
                                        },
                                        {
                                            "name": "MOHANGANJ UPAZILLA",
                                            "id": "8bdfbfde-f52f-4eda-a4dc-1ea70461cf15",
                                            "state": {
                                                "id": "f6395340-53b2-4824-8252-ef3a164b8446",
                                                "name": "MAYMENSINGH"
                                            }
                                        },
                                        {
                                            "name": "NETRAKONA-S UPAZILLA",
                                            "id": "8f6dd6df-f4b6-434f-a8d8-50363278501f",
                                            "state": {
                                                "id": "f6395340-53b2-4824-8252-ef3a164b8446",
                                                "name": "MAYMENSINGH"
                                            }
                                        },
                                        {
                                            "name": "BARHATTA UPAZILLA",
                                            "id": "98dd7d62-259b-4f9b-8bcb-c9b81440439b",
                                            "state": {
                                                "id": "f6395340-53b2-4824-8252-ef3a164b8446",
                                                "name": "MAYMENSINGH"
                                            }
                                        },
                                        {
                                            "name": "KHALIAJURI UPAZILLA",
                                            "id": "0a55806b-be24-484b-9c56-3b475d525ec3",
                                            "state": {
                                                "id": "f6395340-53b2-4824-8252-ef3a164b8446",
                                                "name": "MAYMENSINGH"
                                            }
                                        },
                                        {
                                            "name": "KENDUA UPAZILLA",
                                            "id": "0a227fd8-fa1a-437b-b3e8-80df07ce0127",
                                            "state": {
                                                "id": "f6395340-53b2-4824-8252-ef3a164b8446",
                                                "name": "MAYMENSINGH"
                                            }
                                        },
                                        {
                                            "name": "ATPARA UPAZILLA",
                                            "id": "0f88c435-a402-42a6-b543-fcaad9a10cf9",
                                            "state": {
                                                "id": "f6395340-53b2-4824-8252-ef3a164b8446",
                                                "name": "MAYMENSINGH"
                                            }
                                        },
                                        {
                                            "name": "PURBADHALA UPAZILLA",
                                            "id": "421e74d9-7bd0-4186-9468-99173c747a9a",
                                            "state": {
                                                "id": "f6395340-53b2-4824-8252-ef3a164b8446",
                                                "name": "MAYMENSINGH"
                                            }
                                        },
                                        {
                                            "name": "MADAN UPAZILLA",
                                            "id": "8a74093b-0358-4469-abcf-e179b122d97c",
                                            "state": {
                                                "id": "f6395340-53b2-4824-8252-ef3a164b8446",
                                                "name": "MAYMENSINGH"
                                            }
                                        },
                                        {
                                            "name": "DURGAPUR UPAZILLA",
                                            "id": "620df571-6ff3-4f42-9879-01d7fbd58664",
                                            "state": {
                                                "id": "f6395340-53b2-4824-8252-ef3a164b8446",
                                                "name": "MAYMENSINGH"
                                            }
                                        }
                                    ]
                                },
                                {
                                    "id": "f46364df-b16f-4916-9601-56bc37674090",
                                    "name": "MADARIPUR",
                                    "upazilas": [
                                        {
                                            "name": "RAJOIR",
                                            "id": "e93745bf-e56f-4059-9a47-0cdc7a6dd0e6",
                                            "state": {
                                                "id": "9c75a95b-9f42-4ca9-a152-78c492590a6f",
                                                "name": "DHAKA"
                                            }
                                        },
                                        {
                                            "name": "KALKINI",
                                            "id": "39b91e5b-54e0-4ef5-900c-0f260df1b12c",
                                            "state": {
                                                "id": "9c75a95b-9f42-4ca9-a152-78c492590a6f",
                                                "name": "DHAKA"
                                            }
                                        },
                                        {
                                            "name": "DASAR",
                                            "id": "3558fcad-3277-4d85-8b05-c4c39ad8add0",
                                            "state": {
                                                "id": "9c75a95b-9f42-4ca9-a152-78c492590a6f",
                                                "name": "DHAKA"
                                            }
                                        },
                                        {
                                            "name": "SHIBCHAR",
                                            "id": "2090422b-acad-447b-bdc5-f5df7813287d",
                                            "state": {
                                                "id": "9c75a95b-9f42-4ca9-a152-78c492590a6f",
                                                "name": "DHAKA"
                                            }
                                        },
                                        {
                                            "name": "MADARIPUR_SADAR",
                                            "id": "a0368a52-0c1a-4ca6-8c6f-3bddda0602bf",
                                            "state": {
                                                "id": "9c75a95b-9f42-4ca9-a152-78c492590a6f",
                                                "name": "DHAKA"
                                            }
                                        }
                                    ]
                                },
                                {
                                    "id": "03394485-abb0-4a8f-b928-9b986ca6cd35",
                                    "name": "NARAYANGANJ",
                                    "upazilas": [
                                        {
                                            "name": "NARYANGANJ_SADAR",
                                            "id": "204bc228-4838-4831-86c1-83fddbab206c",
                                            "state": {
                                                "id": "9c75a95b-9f42-4ca9-a152-78c492590a6f",
                                                "name": "DHAKA"
                                            }
                                        },
                                        {
                                            "name": "SONARGAON",
                                            "id": "f49e5635-d73c-4cea-83ee-5de520c1ceb3",
                                            "state": {
                                                "id": "9c75a95b-9f42-4ca9-a152-78c492590a6f",
                                                "name": "DHAKA"
                                            }
                                        },
                                        {
                                            "name": "ARAIHAZAR",
                                            "id": "5b715c3d-64d6-4144-81a2-c9c3222c3583",
                                            "state": {
                                                "id": "9c75a95b-9f42-4ca9-a152-78c492590a6f",
                                                "name": "DHAKA"
                                            }
                                        },
                                        {
                                            "name": "BANDAR",
                                            "id": "f745e13a-9ff7-4b1f-a370-3706ed8fe794",
                                            "state": {
                                                "id": "9c75a95b-9f42-4ca9-a152-78c492590a6f",
                                                "name": "DHAKA"
                                            }
                                        },
                                        {
                                            "name": "RUPGANJ",
                                            "id": "850fc0af-59a8-4beb-aeb5-f9d2a33fae32",
                                            "state": {
                                                "id": "9c75a95b-9f42-4ca9-a152-78c492590a6f",
                                                "name": "DHAKA"
                                            }
                                        },
                                        {
                                            "name": "SIDDIRGONJ",
                                            "id": "eb803c77-6bd5-4485-8984-cefc09569d46",
                                            "state": {
                                                "id": "9c75a95b-9f42-4ca9-a152-78c492590a6f",
                                                "name": "DHAKA"
                                            }
                                        }
                                    ]
                                },
                                {
                                    "id": "6988fbb2-ec1a-483e-b38d-b444db1232e4",
                                    "name": "GAZIPUR",
                                    "upazilas": [
                                        {
                                            "name": "SRIPUR",
                                            "id": "ff0b71cd-078d-4b86-bbfc-277f9e7831bd",
                                            "state": {
                                                "id": "9c75a95b-9f42-4ca9-a152-78c492590a6f",
                                                "name": "DHAKA"
                                            }
                                        },
                                        {
                                            "name": "KALIAKIOR",
                                            "id": "38522ca1-1e56-4afb-8e22-9fb942025670",
                                            "state": {
                                                "id": "9c75a95b-9f42-4ca9-a152-78c492590a6f",
                                                "name": "DHAKA"
                                            }
                                        },
                                        {
                                            "name": "TONGI",
                                            "id": "7d80f457-b9e9-4264-838e-5b085f402e99",
                                            "state": {
                                                "id": "9c75a95b-9f42-4ca9-a152-78c492590a6f",
                                                "name": "DHAKA"
                                            }
                                        },
                                        {
                                            "name": "KAPASIA",
                                            "id": "90c13f9e-25c6-41cc-aecc-da6ec1adf439",
                                            "state": {
                                                "id": "9c75a95b-9f42-4ca9-a152-78c492590a6f",
                                                "name": "DHAKA"
                                            }
                                        },
                                        {
                                            "name": "GAZIPUR_SADAR-JOYDEBPUR",
                                            "id": "9de27df1-812c-47be-a756-66b298a15281",
                                            "state": {
                                                "id": "9c75a95b-9f42-4ca9-a152-78c492590a6f",
                                                "name": "DHAKA"
                                            }
                                        }
                                    ]
                                },
                                {
                                    "id": "3e56df9f-26ae-4ec2-9d75-cbe655ee5fcd",
                                    "name": "NAWABGANJ",
                                    "upazilas": [
                                        {
                                            "name": "SHIBGANJ",
                                            "id": "5a69a253-29cc-437b-bd7f-765f9020b05c",
                                            "state": {
                                                "id": "d68c68d2-108e-4635-93d1-28c44525f178",
                                                "name": "RAJSHAHI"
                                            }
                                        },
                                        {
                                            "name": "NAWABGANJ_SADAR",
                                            "id": "38cf4ab6-34d7-4822-81c9-cf35860c09eb",
                                            "state": {
                                                "id": "d68c68d2-108e-4635-93d1-28c44525f178",
                                                "name": "RAJSHAHI"
                                            }
                                        },
                                        {
                                            "name": "BHOLAHAT",
                                            "id": "1fc07589-90dc-4484-91b3-b7aa6ea120c7",
                                            "state": {
                                                "id": "d68c68d2-108e-4635-93d1-28c44525f178",
                                                "name": "RAJSHAHI"
                                            }
                                        },
                                        {
                                            "name": "GOMASTAPUR",
                                            "id": "e02d73bf-e86e-49c6-a88f-386dba2e77f5",
                                            "state": {
                                                "id": "d68c68d2-108e-4635-93d1-28c44525f178",
                                                "name": "RAJSHAHI"
                                            }
                                        },
                                        {
                                            "name": "NACHOLE",
                                            "id": "ef4efc17-4d51-42ad-ab19-ad9ca8825334",
                                            "state": {
                                                "id": "d68c68d2-108e-4635-93d1-28c44525f178",
                                                "name": "RAJSHAHI"
                                            }
                                        }
                                    ]
                                },
                                {
                                    "id": "d9ba4812-1282-44de-9f59-c343ec5d1623",
                                    "name": "HABIGANJ",
                                    "upazilas": [
                                        {
                                            "name": "MADHABPUR",
                                            "id": "6b3a6f8c-2a46-4f42-9eec-ca4dce6db8d1",
                                            "state": {
                                                "id": "2f2f0cc1-587a-4dad-a3f0-83c0bac697ec",
                                                "name": "SYLHET"
                                            }
                                        },
                                        {
                                            "name": "AJMIRIGANJ",
                                            "id": "fe078d20-cdd6-4505-987f-75724794fc60",
                                            "state": {
                                                "id": "2f2f0cc1-587a-4dad-a3f0-83c0bac697ec",
                                                "name": "SYLHET"
                                            }
                                        },
                                        {
                                            "name": "HABIGANJ_SADAR",
                                            "id": "9abb2827-c6bf-4dff-88ba-08a8f443de07",
                                            "state": {
                                                "id": "2f2f0cc1-587a-4dad-a3f0-83c0bac697ec",
                                                "name": "SYLHET"
                                            }
                                        },
                                        {
                                            "name": "SHAISTAGONJ",
                                            "id": "7b1ffaa0-17d4-41aa-8a09-ef548e1ed0d3",
                                            "state": {
                                                "id": "2f2f0cc1-587a-4dad-a3f0-83c0bac697ec",
                                                "name": "SYLHET"
                                            }
                                        },
                                        {
                                            "name": "CHUNARUGHAT",
                                            "id": "e93527a1-bc76-4c94-9a0b-a1bf1ffeb2d9",
                                            "state": {
                                                "id": "2f2f0cc1-587a-4dad-a3f0-83c0bac697ec",
                                                "name": "SYLHET"
                                            }
                                        },
                                        {
                                            "name": "LAKHAI",
                                            "id": "63cbbda9-fd2e-4571-88a4-5ee93002ece0",
                                            "state": {
                                                "id": "2f2f0cc1-587a-4dad-a3f0-83c0bac697ec",
                                                "name": "SYLHET"
                                            }
                                        },
                                        {
                                            "name": "BANIACHANG",
                                            "id": "3c4a572a-fa59-4f9a-bb18-c3452a160f07",
                                            "state": {
                                                "id": "2f2f0cc1-587a-4dad-a3f0-83c0bac697ec",
                                                "name": "SYLHET"
                                            }
                                        },
                                        {
                                            "name": "BAHUBAL",
                                            "id": "0cc7bd46-ff4a-4097-8624-86a54e58635a",
                                            "state": {
                                                "id": "2f2f0cc1-587a-4dad-a3f0-83c0bac697ec",
                                                "name": "SYLHET"
                                            }
                                        },
                                        {
                                            "name": "NABIGANJ",
                                            "id": "753f6651-0ca3-4a21-8edc-9a33086ba51e",
                                            "state": {
                                                "id": "2f2f0cc1-587a-4dad-a3f0-83c0bac697ec",
                                                "name": "SYLHET"
                                            }
                                        }
                                    ]
                                },
                                {
                                    "id": "aec90468-bdf5-4909-9603-7fb165dd34b0",
                                    "name": "BANDARBAN",
                                    "upazilas": [
                                        {
                                            "name": "BANDARBAN_SADAR",
                                            "id": "29593331-9a0e-411b-b8dc-a3d3d92eb941",
                                            "state": {
                                                "id": "d4e8944a-6e8f-4d6e-a313-2228cfe9a567",
                                                "name": "CHITTAGONG"
                                            }
                                        },
                                        {
                                            "name": "LAMA",
                                            "id": "2e0b2174-f8fd-4253-8c0a-70683d748a3f",
                                            "state": {
                                                "id": "d4e8944a-6e8f-4d6e-a313-2228cfe9a567",
                                                "name": "CHITTAGONG"
                                            }
                                        },
                                        {
                                            "name": "ALI KADAM",
                                            "id": "9fde9ce1-993f-4259-91e7-3b98a24e8761",
                                            "state": {
                                                "id": "d4e8944a-6e8f-4d6e-a313-2228cfe9a567",
                                                "name": "CHITTAGONG"
                                            }
                                        },
                                        {
                                            "name": "ROWANGCHHARI",
                                            "id": "276ee236-ded6-41ca-8e0a-f78e67d2b3da",
                                            "state": {
                                                "id": "d4e8944a-6e8f-4d6e-a313-2228cfe9a567",
                                                "name": "CHITTAGONG"
                                            }
                                        },
                                        {
                                            "name": "THANCHI",
                                            "id": "03e46154-e64f-46e4-a1ec-e85ddf107787",
                                            "state": {
                                                "id": "d4e8944a-6e8f-4d6e-a313-2228cfe9a567",
                                                "name": "CHITTAGONG"
                                            }
                                        },
                                        {
                                            "name": "RUMA",
                                            "id": "1151bfe0-da1f-4b1f-b114-4bf1d90d22cc",
                                            "state": {
                                                "id": "d4e8944a-6e8f-4d6e-a313-2228cfe9a567",
                                                "name": "CHITTAGONG"
                                            }
                                        },
                                        {
                                            "name": "NAIKHONGCHHARI",
                                            "id": "6a91aef8-e8f4-4a6d-ba56-d0c2dc7c1825",
                                            "state": {
                                                "id": "d4e8944a-6e8f-4d6e-a313-2228cfe9a567",
                                                "name": "CHITTAGONG"
                                            }
                                        }
                                    ]
                                },
                                {
                                    "id": "c73a2eed-dabd-4afe-8697-b61c7660367c",
                                    "name": "SYLHET",
                                    "upazilas": [
                                        {
                                            "name": "COMPANIGANJ",
                                            "id": "31e28b0b-7ebc-421d-b4ba-639b9ca7cb53",
                                            "state": {
                                                "id": "2f2f0cc1-587a-4dad-a3f0-83c0bac697ec",
                                                "name": "SYLHET"
                                            }
                                        },
                                        {
                                            "name": "SYLHET_SADAR",
                                            "id": "a34f0b38-18e8-4262-86b2-1651bb537760",
                                            "state": {
                                                "id": "2f2f0cc1-587a-4dad-a3f0-83c0bac697ec",
                                                "name": "SYLHET"
                                            }
                                        },
                                        {
                                            "name": "BISHWANATH",
                                            "id": "d6ba0515-8d7b-4bfb-98c2-106a38549130",
                                            "state": {
                                                "id": "2f2f0cc1-587a-4dad-a3f0-83c0bac697ec",
                                                "name": "SYLHET"
                                            }
                                        },
                                        {
                                            "name": "KANAIGHAT",
                                            "id": "e031ef05-3d43-4ad6-b6f1-b773fbb9096d",
                                            "state": {
                                                "id": "2f2f0cc1-587a-4dad-a3f0-83c0bac697ec",
                                                "name": "SYLHET"
                                            }
                                        },
                                        {
                                            "name": "GOLAPGANJ",
                                            "id": "210156d5-afd9-4bd0-a11a-b9a4c5cbbdbc",
                                            "state": {
                                                "id": "2f2f0cc1-587a-4dad-a3f0-83c0bac697ec",
                                                "name": "SYLHET"
                                            }
                                        },
                                        {
                                            "name": "GOWAINGHAT",
                                            "id": "2dd4daf8-43b6-482d-a890-2bb2a70e8991",
                                            "state": {
                                                "id": "2f2f0cc1-587a-4dad-a3f0-83c0bac697ec",
                                                "name": "SYLHET"
                                            }
                                        },
                                        {
                                            "name": "ZAKIGANJ",
                                            "id": "30f4b678-fdec-482d-8f8a-e26c346f26ad",
                                            "state": {
                                                "id": "2f2f0cc1-587a-4dad-a3f0-83c0bac697ec",
                                                "name": "SYLHET"
                                            }
                                        },
                                        {
                                            "name": "JAINTIAPUR",
                                            "id": "8f86c696-7e8e-44a4-91cf-6561dd174a18",
                                            "state": {
                                                "id": "2f2f0cc1-587a-4dad-a3f0-83c0bac697ec",
                                                "name": "SYLHET"
                                            }
                                        },
                                        {
                                            "name": "DAKSHIN SURMA",
                                            "id": "ff180545-ebf0-481f-827b-2fa7cd6ee10b",
                                            "state": {
                                                "id": "2f2f0cc1-587a-4dad-a3f0-83c0bac697ec",
                                                "name": "SYLHET"
                                            }
                                        },
                                        {
                                            "name": "FENCHUGANJ",
                                            "id": "adaf36ec-689f-4591-b29c-8677a4e45f9e",
                                            "state": {
                                                "id": "2f2f0cc1-587a-4dad-a3f0-83c0bac697ec",
                                                "name": "SYLHET"
                                            }
                                        },
                                        {
                                            "name": "NOBIGONJ",
                                            "id": "c04977f2-7416-40cf-9c90-d828a9e789d5",
                                            "state": {
                                                "id": "2f2f0cc1-587a-4dad-a3f0-83c0bac697ec",
                                                "name": "SYLHET"
                                            }
                                        },
                                        {
                                            "name": "BEANIBAZAR",
                                            "id": "e5334066-cdb3-4529-a7a7-6cc3a6160265",
                                            "state": {
                                                "id": "2f2f0cc1-587a-4dad-a3f0-83c0bac697ec",
                                                "name": "SYLHET"
                                            }
                                        },
                                        {
                                            "name": "BALAGANJ",
                                            "id": "d92a9983-9313-470e-80da-9f025ed17212",
                                            "state": {
                                                "id": "2f2f0cc1-587a-4dad-a3f0-83c0bac697ec",
                                                "name": "SYLHET"
                                            }
                                        }
                                    ]
                                },
                                {
                                    "id": "86d79ef2-dc45-4d2d-8e54-fad70c79b647",
                                    "name": "PIROJPUR",
                                    "upazilas": [
                                        {
                                            "name": "NAZIRPUR",
                                            "id": "d7844a35-f652-4b30-925b-194f2396958d",
                                            "state": {
                                                "id": "5cbbb439-96e7-4f60-bf2f-abddd0d03e7e",
                                                "name": "BARISAL"
                                            }
                                        },
                                        {
                                            "name": "MATHBARIA",
                                            "id": "8e328e74-3026-4e46-8e67-fc37ce651dfe",
                                            "state": {
                                                "id": "5cbbb439-96e7-4f60-bf2f-abddd0d03e7e",
                                                "name": "BARISAL"
                                            }
                                        },
                                        {
                                            "name": "BHANDARIA",
                                            "id": "6c758ead-5526-424d-9228-1fc826c3c76e",
                                            "state": {
                                                "id": "5cbbb439-96e7-4f60-bf2f-abddd0d03e7e",
                                                "name": "BARISAL"
                                            }
                                        },
                                        {
                                            "name": "ZIANAGAR",
                                            "id": "316d4e46-74dc-458f-8750-e3643592b032",
                                            "state": {
                                                "id": "5cbbb439-96e7-4f60-bf2f-abddd0d03e7e",
                                                "name": "BARISAL"
                                            }
                                        },
                                        {
                                            "name": "PIROJPUR_SADAR",
                                            "id": "c98de406-4053-41d1-b72e-479d07b91a94",
                                            "state": {
                                                "id": "5cbbb439-96e7-4f60-bf2f-abddd0d03e7e",
                                                "name": "BARISAL"
                                            }
                                        },
                                        {
                                            "name": "NESARABAD",
                                            "id": "7dca70fe-76a9-4517-96bd-961f4a82c401",
                                            "state": {
                                                "id": "5cbbb439-96e7-4f60-bf2f-abddd0d03e7e",
                                                "name": "BARISAL"
                                            }
                                        }
                                    ]
                                },
                                {
                                    "id": "faeca4b5-c49e-4522-9d6b-b1f1786d3fe4",
                                    "name": "MEHERPUR",
                                    "upazilas": [
                                        {
                                            "name": "ANGNI",
                                            "id": "8dc5d275-9329-47d9-af59-fcad6d54bf3b",
                                            "state": {
                                                "id": "642a6748-942f-473d-96c6-a6c1b2e00e05",
                                                "name": "KHULNA"
                                            }
                                        },
                                        {
                                            "name": "MEHERPUR-S",
                                            "id": "90ee1389-ade9-47fd-b25b-0210a778cbb7",
                                            "state": {
                                                "id": "642a6748-942f-473d-96c6-a6c1b2e00e05",
                                                "name": "KHULNA"
                                            }
                                        },
                                        {
                                            "name": "MUJIB NAGAR",
                                            "id": "5d4ba578-bd32-4c79-9211-573b9174c19c",
                                            "state": {
                                                "id": "642a6748-942f-473d-96c6-a6c1b2e00e05",
                                                "name": "KHULNA"
                                            }
                                        }
                                    ]
                                },
                                {
                                    "id": "c9ee4e88-6a9e-4dca-a376-e34b12b08a7c",
                                    "name": "MAULVIBAZAR",
                                    "upazilas": [
                                        {
                                            "name": "RAJNAGAR",
                                            "id": "7d51ce73-16fe-47cf-ba03-0c064ccc14f0",
                                            "state": {
                                                "id": "2f2f0cc1-587a-4dad-a3f0-83c0bac697ec",
                                                "name": "SYLHET"
                                            }
                                        },
                                        {
                                            "name": "BARLEKHA",
                                            "id": "4787d06c-b9e4-43b1-80ef-21623028b031",
                                            "state": {
                                                "id": "2f2f0cc1-587a-4dad-a3f0-83c0bac697ec",
                                                "name": "SYLHET"
                                            }
                                        },
                                        {
                                            "name": "KULAURA",
                                            "id": "bd871dd2-4f8d-4c28-8d67-775939289225",
                                            "state": {
                                                "id": "2f2f0cc1-587a-4dad-a3f0-83c0bac697ec",
                                                "name": "SYLHET"
                                            }
                                        },
                                        {
                                            "name": "JURI",
                                            "id": "77753183-cece-4b78-85f7-fbb30b55cda4",
                                            "state": {
                                                "id": "2f2f0cc1-587a-4dad-a3f0-83c0bac697ec",
                                                "name": "SYLHET"
                                            }
                                        },
                                        {
                                            "name": "SREEMANGAL",
                                            "id": "8ee98bba-fc39-4bb2-9d83-e357a620b424",
                                            "state": {
                                                "id": "2f2f0cc1-587a-4dad-a3f0-83c0bac697ec",
                                                "name": "SYLHET"
                                            }
                                        },
                                        {
                                            "name": "KAMALGANJ",
                                            "id": "11e746ba-02ec-4142-9177-6740d9a5c6f9",
                                            "state": {
                                                "id": "2f2f0cc1-587a-4dad-a3f0-83c0bac697ec",
                                                "name": "SYLHET"
                                            }
                                        },
                                        {
                                            "name": "MOULVIBAZAR_SADAR",
                                            "id": "fb364596-f586-4335-9ab7-c7ab0104689f",
                                            "state": {
                                                "id": "2f2f0cc1-587a-4dad-a3f0-83c0bac697ec",
                                                "name": "SYLHET"
                                            }
                                        }
                                    ]
                                },
                                {
                                    "id": "1319d89d-5fb0-41b9-bdb5-05339617a6fa",
                                    "name": "SHERPUR",
                                    "upazilas": [
                                        {
                                            "name": "NAKLA",
                                            "id": "864fc566-3981-4a3a-b47a-bb549d6697f4",
                                            "state": {
                                                "id": "f6395340-53b2-4824-8252-ef3a164b8446",
                                                "name": "MAYMENSINGH"
                                            }
                                        },
                                        {
                                            "name": "JHENAIGATI",
                                            "id": "880b10a0-05da-46be-bf3e-354aac03cab7",
                                            "state": {
                                                "id": "f6395340-53b2-4824-8252-ef3a164b8446",
                                                "name": "MAYMENSINGH"
                                            }
                                        },
                                        {
                                            "name": "SREEBARDI",
                                            "id": "9f257f25-c5d3-471b-8364-62ce7eb59dfc",
                                            "state": {
                                                "id": "f6395340-53b2-4824-8252-ef3a164b8446",
                                                "name": "MAYMENSINGH"
                                            }
                                        },
                                        {
                                            "name": "SHERPUR_SADAR",
                                            "id": "cd07db73-b66e-456a-825f-81fc08cf337a",
                                            "state": {
                                                "id": "f6395340-53b2-4824-8252-ef3a164b8446",
                                                "name": "MAYMENSINGH"
                                            }
                                        },
                                        {
                                            "name": "NALITABARI",
                                            "id": "37c7e577-eeb5-4df5-877f-7ccee900a891",
                                            "state": {
                                                "id": "f6395340-53b2-4824-8252-ef3a164b8446",
                                                "name": "MAYMENSINGH"
                                            }
                                        }
                                    ]
                                },
                                {
                                    "id": "f9c3c547-adb4-4e53-a2a8-70bd5b31e3d7",
                                    "name": "FARIDPUR",
                                    "upazilas": [
                                        {
                                            "name": "CHARBHADRASAN",
                                            "id": "babc9507-275e-4611-ba34-4a080f4d42a8",
                                            "state": {
                                                "id": "9c75a95b-9f42-4ca9-a152-78c492590a6f",
                                                "name": "DHAKA"
                                            }
                                        },
                                        {
                                            "name": "FARIDPUR_SADAR",
                                            "id": "5f3eccfd-b863-4ccf-8c18-ad32f99e2859",
                                            "state": {
                                                "id": "9c75a95b-9f42-4ca9-a152-78c492590a6f",
                                                "name": "DHAKA"
                                            }
                                        },
                                        {
                                            "name": "ALFADANGA",
                                            "id": "259fd208-67c5-42b8-b98a-aa4a39290da5",
                                            "state": {
                                                "id": "9c75a95b-9f42-4ca9-a152-78c492590a6f",
                                                "name": "DHAKA"
                                            }
                                        },
                                        {
                                            "name": "Faridpur Sadar",
                                            "id": "99ac95fe-a484-448c-b9d8-5c9200b273e3",
                                            "state": {
                                                "id": "9c75a95b-9f42-4ca9-a152-78c492590a6f",
                                                "name": "DHAKA"
                                            }
                                        },
                                        {
                                            "name": "SADARPUR",
                                            "id": "f518eb87-fa45-438b-ac13-2415f3faea91",
                                            "state": {
                                                "id": "9c75a95b-9f42-4ca9-a152-78c492590a6f",
                                                "name": "DHAKA"
                                            }
                                        },
                                        {
                                            "name": "BHANGA",
                                            "id": "ed2d07c1-11c0-4f41-b499-fde54429851f",
                                            "state": {
                                                "id": "9c75a95b-9f42-4ca9-a152-78c492590a6f",
                                                "name": "DHAKA"
                                            }
                                        },
                                        {
                                            "name": "MADHUKHALI",
                                            "id": "6b341b59-641e-4db0-8dc0-2ce74ae664e9",
                                            "state": {
                                                "id": "9c75a95b-9f42-4ca9-a152-78c492590a6f",
                                                "name": "DHAKA"
                                            }
                                        },
                                        {
                                            "name": "NAGARKANDA",
                                            "id": "4d6dd97f-3b4c-4d48-8502-2f6e2c7c9274",
                                            "state": {
                                                "id": "9c75a95b-9f42-4ca9-a152-78c492590a6f",
                                                "name": "DHAKA"
                                            }
                                        },
                                        {
                                            "name": "BOALMARI",
                                            "id": "953e90ab-0015-4e6e-aa42-3d139c026a5d",
                                            "state": {
                                                "id": "9c75a95b-9f42-4ca9-a152-78c492590a6f",
                                                "name": "DHAKA"
                                            }
                                        },
                                        {
                                            "name": "SHALTHA",
                                            "id": "b67e6c94-f523-4359-a2a8-335a8d8dd43c",
                                            "state": {
                                                "id": "9c75a95b-9f42-4ca9-a152-78c492590a6f",
                                                "name": "DHAKA"
                                            }
                                        }
                                    ]
                                },
                                {
                                    "id": "8fdce543-067c-4c21-8ed2-f19c3fdf215b",
                                    "name": "NILPHAMARI",
                                    "upazilas": [
                                        {
                                            "name": "NILPHAMARI_SADAR",
                                            "id": "23cf2816-4cb3-4159-bb93-52a3fd781c00",
                                            "state": {
                                                "id": "b8c19906-b4fc-4745-ac93-af957934136b",
                                                "name": "RANGPUR"
                                            }
                                        },
                                        {
                                            "name": "JALDHAKA",
                                            "id": "623722ab-fa63-40cb-87d2-30f7b9f0b66b",
                                            "state": {
                                                "id": "b8c19906-b4fc-4745-ac93-af957934136b",
                                                "name": "RANGPUR"
                                            }
                                        },
                                        {
                                            "name": "DOMAR",
                                            "id": "a776cc51-7370-493a-a772-ccd1b0b20855",
                                            "state": {
                                                "id": "b8c19906-b4fc-4745-ac93-af957934136b",
                                                "name": "RANGPUR"
                                            }
                                        },
                                        {
                                            "name": "KISHOREGANJ",
                                            "id": "1deadcdb-a5f3-475b-95be-108a1046f978",
                                            "state": {
                                                "id": "b8c19906-b4fc-4745-ac93-af957934136b",
                                                "name": "RANGPUR"
                                            }
                                        },
                                        {
                                            "name": "SAIDPUR",
                                            "id": "a232edd2-b19a-4344-8c76-4ebd7090457a",
                                            "state": {
                                                "id": "b8c19906-b4fc-4745-ac93-af957934136b",
                                                "name": "RANGPUR"
                                            }
                                        },
                                        {
                                            "name": "DIMLA",
                                            "id": "1c92cece-1653-45ac-a086-24e8d852b562",
                                            "state": {
                                                "id": "b8c19906-b4fc-4745-ac93-af957934136b",
                                                "name": "RANGPUR"
                                            }
                                        }
                                    ]
                                },
                                {
                                    "id": "739583dc-519d-49b0-9582-d798a027ca79",
                                    "name": "COX'S BAZAR",
                                    "upazilas": [
                                        {
                                            "name": "COXS BAZAR SADAR",
                                            "id": "38c08333-395d-4aa8-86c0-8caea9a52c76",
                                            "state": {
                                                "id": "d4e8944a-6e8f-4d6e-a313-2228cfe9a567",
                                                "name": "CHITTAGONG"
                                            }
                                        },
                                        {
                                            "name": "TEKNAF",
                                            "id": "d41283c5-bca6-405f-8acf-e68e68e73308",
                                            "state": {
                                                "id": "d4e8944a-6e8f-4d6e-a313-2228cfe9a567",
                                                "name": "CHITTAGONG"
                                            }
                                        },
                                        {
                                            "name": "CHAKARIA",
                                            "id": "7a82b092-c530-4b72-985a-6e7c61a4f69f",
                                            "state": {
                                                "id": "d4e8944a-6e8f-4d6e-a313-2228cfe9a567",
                                                "name": "CHITTAGONG"
                                            }
                                        },
                                        {
                                            "name": "RAMU",
                                            "id": "529c05f5-dbc9-4442-9600-6debc27754d3",
                                            "state": {
                                                "id": "d4e8944a-6e8f-4d6e-a313-2228cfe9a567",
                                                "name": "CHITTAGONG"
                                            }
                                        },
                                        {
                                            "name": "EIDGAON",
                                            "id": "56f91627-c045-4618-b933-805104e9ed1f",
                                            "state": {
                                                "id": "d4e8944a-6e8f-4d6e-a313-2228cfe9a567",
                                                "name": "CHITTAGONG"
                                            }
                                        },
                                        {
                                            "name": "UKHIA",
                                            "id": "66dc64de-4a0b-4c4a-a6c8-80b63c9a3c75",
                                            "state": {
                                                "id": "d4e8944a-6e8f-4d6e-a313-2228cfe9a567",
                                                "name": "CHITTAGONG"
                                            }
                                        },
                                        {
                                            "name": "PEKUA",
                                            "id": "d01cb26d-4cfe-4017-a7c2-e9fdc0d8e2df",
                                            "state": {
                                                "id": "d4e8944a-6e8f-4d6e-a313-2228cfe9a567",
                                                "name": "CHITTAGONG"
                                            }
                                        },
                                        {
                                            "name": "MAHESHKHALI",
                                            "id": "c2ebc5a8-aaf2-4b98-a059-8beb05b34bdd",
                                            "state": {
                                                "id": "d4e8944a-6e8f-4d6e-a313-2228cfe9a567",
                                                "name": "CHITTAGONG"
                                            }
                                        },
                                        {
                                            "name": "KUTUBDIA",
                                            "id": "8f731bf7-fbb2-4b70-9e47-6d3d0d415d5d",
                                            "state": {
                                                "id": "d4e8944a-6e8f-4d6e-a313-2228cfe9a567",
                                                "name": "CHITTAGONG"
                                            }
                                        }
                                    ]
                                },
                                {
                                    "id": "2e26f8c1-97a7-44fc-9090-22af4de4ac9e",
                                    "name": "DHAKA",
                                    "upazilas": [
                                        {
                                            "name": "KERANIGANJ",
                                            "id": "37fa6ec5-6a13-4a35-b5c6-674b507edc01",
                                            "state": {
                                                "id": "9c75a95b-9f42-4ca9-a152-78c492590a6f",
                                                "name": "DHAKA"
                                            }
                                        },
                                        {
                                            "name": "DHAMRAI",
                                            "id": "9f2f6c8f-663f-4416-a1a7-1c59abb3852a",
                                            "state": {
                                                "id": "9c75a95b-9f42-4ca9-a152-78c492590a6f",
                                                "name": "DHAKA"
                                            }
                                        },
                                        {
                                            "name": "SAVAR",
                                            "id": "1a6db9e6-f058-4a33-a404-f7825a11a530",
                                            "state": {
                                                "id": "9c75a95b-9f42-4ca9-a152-78c492590a6f",
                                                "name": "DHAKA"
                                            }
                                        },
                                        {
                                            "name": "DOHAR",
                                            "id": "eaad1c5c-5972-4dd5-a18c-734fbadb8864",
                                            "state": {
                                                "id": "9c75a95b-9f42-4ca9-a152-78c492590a6f",
                                                "name": "DHAKA"
                                            }
                                        }
                                    ]
                                },
                                {
                                    "id": "f25de2cd-5ed8-44a8-9ae0-7d65c232f423",
                                    "name": "JAMALPUR",
                                    "upazilas": [
                                        {
                                            "name": "MELANDAHA",
                                            "id": "e5a81703-97d0-479b-a4fd-22a3a602697f",
                                            "state": {
                                                "id": "f6395340-53b2-4824-8252-ef3a164b8446",
                                                "name": "MAYMENSINGH"
                                            }
                                        },
                                        {
                                            "name": "NARUNDI POLICE I.C",
                                            "id": "c7710b29-c844-4892-9108-d73148cda29c",
                                            "state": {
                                                "id": "f6395340-53b2-4824-8252-ef3a164b8446",
                                                "name": "MAYMENSINGH"
                                            }
                                        },
                                        {
                                            "name": "ISLAMPUR",
                                            "id": "aedbc063-13ca-4e20-8357-eb22e8936000",
                                            "state": {
                                                "id": "f6395340-53b2-4824-8252-ef3a164b8446",
                                                "name": "MAYMENSINGH"
                                            }
                                        },
                                        {
                                            "name": "DEWANGANJ",
                                            "id": "1cc6d50f-87e6-4dd4-8a6e-9490a827621b",
                                            "state": {
                                                "id": "f6395340-53b2-4824-8252-ef3a164b8446",
                                                "name": "MAYMENSINGH"
                                            }
                                        },
                                        {
                                            "name": "JAMALPUR_SADAR",
                                            "id": "084e0df5-fe78-46ce-a473-939b9333bf40",
                                            "state": {
                                                "id": "f6395340-53b2-4824-8252-ef3a164b8446",
                                                "name": "MAYMENSINGH"
                                            }
                                        },
                                        {
                                            "name": "MADARGANJ",
                                            "id": "4782f9bd-aede-453f-8c96-7e2e10e8255b",
                                            "state": {
                                                "id": "f6395340-53b2-4824-8252-ef3a164b8446",
                                                "name": "MAYMENSINGH"
                                            }
                                        },
                                        {
                                            "name": "BAKSIGANJ",
                                            "id": "209bc080-4acc-4ac4-a88c-0ebc92355a2c",
                                            "state": {
                                                "id": "f6395340-53b2-4824-8252-ef3a164b8446",
                                                "name": "MAYMENSINGH"
                                            }
                                        },
                                        {
                                            "name": "SARISHABARI",
                                            "id": "c9d83f61-fe43-402a-9e0b-7f4df5cbe0e2",
                                            "state": {
                                                "id": "f6395340-53b2-4824-8252-ef3a164b8446",
                                                "name": "MAYMENSINGH"
                                            }
                                        }
                                    ]
                                },
                                {
                                    "id": "468da8cf-58f1-426f-ae73-d9554f7f71f6",
                                    "name": "NOAKHALI",
                                    "upazilas": [
                                        {
                                            "name": "COMPANYGANJ",
                                            "id": "87c2d2fe-377e-4bb3-aa56-93c5eb46ce99",
                                            "state": {
                                                "id": "d4e8944a-6e8f-4d6e-a313-2228cfe9a567",
                                                "name": "CHITTAGONG"
                                            }
                                        },
                                        {
                                            "name": "KOBIRHAT",
                                            "id": "edd18fb6-2dba-492a-bc59-f118923cfb9d",
                                            "state": {
                                                "id": "d4e8944a-6e8f-4d6e-a313-2228cfe9a567",
                                                "name": "CHITTAGONG"
                                            }
                                        },
                                        {
                                            "name": "BEGUMGANJ",
                                            "id": "fa8e1bdd-241d-484c-b5d8-82d5ee981528",
                                            "state": {
                                                "id": "d4e8944a-6e8f-4d6e-a313-2228cfe9a567",
                                                "name": "CHITTAGONG"
                                            }
                                        },
                                        {
                                            "name": "SUBORNO CHAR",
                                            "id": "e4fdab05-6c34-4af4-9a3c-9dd46abf24b1",
                                            "state": {
                                                "id": "d4e8944a-6e8f-4d6e-a313-2228cfe9a567",
                                                "name": "CHITTAGONG"
                                            }
                                        },
                                        {
                                            "name": "HATIA",
                                            "id": "8a144eff-edd1-4e0f-a6a8-70e1d8a19393",
                                            "state": {
                                                "id": "d4e8944a-6e8f-4d6e-a313-2228cfe9a567",
                                                "name": "CHITTAGONG"
                                            }
                                        },
                                        {
                                            "name": "SONAIMURI",
                                            "id": "ac50ed77-f382-46a1-a3d0-f0ad7d4788ac",
                                            "state": {
                                                "id": "d4e8944a-6e8f-4d6e-a313-2228cfe9a567",
                                                "name": "CHITTAGONG"
                                            }
                                        },
                                        {
                                            "name": "SHENBAG",
                                            "id": "e8164a0d-375a-4012-a790-694387014d4b",
                                            "state": {
                                                "id": "d4e8944a-6e8f-4d6e-a313-2228cfe9a567",
                                                "name": "CHITTAGONG"
                                            }
                                        },
                                        {
                                            "name": "CHATKHIL",
                                            "id": "59588ff2-33b7-4cd3-8e7e-fb302e9220c9",
                                            "state": {
                                                "id": "d4e8944a-6e8f-4d6e-a313-2228cfe9a567",
                                                "name": "CHITTAGONG"
                                            }
                                        },
                                        {
                                            "name": "NOAKHALI_SADAR",
                                            "id": "cb154cac-8111-4360-950e-daf4c472cbdf",
                                            "state": {
                                                "id": "d4e8944a-6e8f-4d6e-a313-2228cfe9a567",
                                                "name": "CHITTAGONG"
                                            }
                                        }
                                    ]
                                },
                                {
                                    "id": "54d0ae5a-d1d3-4212-a0df-9af09ff11378",
                                    "name": "CHATTOGRAM",
                                    "upazilas": [
                                        {
                                            "name": "BANSHKHALI",
                                            "id": "5ddabeca-76c8-4c6a-83e2-0c9cc8ad08d8",
                                            "state": {
                                                "id": "d4e8944a-6e8f-4d6e-a313-2228cfe9a567",
                                                "name": "CHITTAGONG"
                                            }
                                        },
                                        {
                                            "name": "FATIKCHHARI",
                                            "id": "711efd46-765f-4eda-a5a6-6199af270f52",
                                            "state": {
                                                "id": "d4e8944a-6e8f-4d6e-a313-2228cfe9a567",
                                                "name": "CHITTAGONG"
                                            }
                                        },
                                        {
                                            "name": "CHANDANAISH",
                                            "id": "f4bda4c9-417b-4cb2-8cdf-e79e95eede46",
                                            "state": {
                                                "id": "d4e8944a-6e8f-4d6e-a313-2228cfe9a567",
                                                "name": "CHITTAGONG"
                                            }
                                        },
                                        {
                                            "name": "SATKANIA",
                                            "id": "e6761574-7af1-405b-ab56-a967edf628f9",
                                            "state": {
                                                "id": "d4e8944a-6e8f-4d6e-a313-2228cfe9a567",
                                                "name": "CHITTAGONG"
                                            }
                                        },
                                        {
                                            "name": "SANDWIP",
                                            "id": "fa949a73-22a2-461a-b287-aac4effba9c6",
                                            "state": {
                                                "id": "d4e8944a-6e8f-4d6e-a313-2228cfe9a567",
                                                "name": "CHITTAGONG"
                                            }
                                        },
                                        {
                                            "name": "PATIYA",
                                            "id": "e6b414c2-9a47-4f78-bab7-c8c3859e24e1",
                                            "state": {
                                                "id": "d4e8944a-6e8f-4d6e-a313-2228cfe9a567",
                                                "name": "CHITTAGONG"
                                            }
                                        },
                                        {
                                            "name": "LOHAGARA",
                                            "id": "e78211f4-9d77-4e85-82e3-ec7fb12b64ce",
                                            "state": {
                                                "id": "d4e8944a-6e8f-4d6e-a313-2228cfe9a567",
                                                "name": "CHITTAGONG"
                                            }
                                        },
                                        {
                                            "name": "BOALKHALI",
                                            "id": "c414a0ec-ffab-45ea-bb72-bb1890086b90",
                                            "state": {
                                                "id": "d4e8944a-6e8f-4d6e-a313-2228cfe9a567",
                                                "name": "CHITTAGONG"
                                            }
                                        },
                                        {
                                            "name": "ANWARA",
                                            "id": "a0723800-077f-437f-9d36-9f745cb0b31e",
                                            "state": {
                                                "id": "d4e8944a-6e8f-4d6e-a313-2228cfe9a567",
                                                "name": "CHITTAGONG"
                                            }
                                        },
                                        {
                                            "name": "RAOZAN",
                                            "id": "95fb0054-aa7f-400c-b645-f0d90cb2a833",
                                            "state": {
                                                "id": "d4e8944a-6e8f-4d6e-a313-2228cfe9a567",
                                                "name": "CHITTAGONG"
                                            }
                                        },
                                        {
                                            "name": "MIRSHARAI",
                                            "id": "fe518ddf-6a83-4694-a2a6-ddeec0b93c18",
                                            "state": {
                                                "id": "d4e8944a-6e8f-4d6e-a313-2228cfe9a567",
                                                "name": "CHITTAGONG"
                                            }
                                        },
                                        {
                                            "name": "RANGUNIA",
                                            "id": "9c3e5edc-e95e-4671-89d4-974e7a31342e",
                                            "state": {
                                                "id": "d4e8944a-6e8f-4d6e-a313-2228cfe9a567",
                                                "name": "CHITTAGONG"
                                            }
                                        },
                                        {
                                            "name": "HATHAZARI",
                                            "id": "bda87d19-77d0-4c25-bca1-a911f4331afd",
                                            "state": {
                                                "id": "d4e8944a-6e8f-4d6e-a313-2228cfe9a567",
                                                "name": "CHITTAGONG"
                                            }
                                        },
                                        {
                                            "name": "SITAKUNDA",
                                            "id": "6fae4e24-7c93-493f-91f0-5fa877a326f4",
                                            "state": {
                                                "id": "d4e8944a-6e8f-4d6e-a313-2228cfe9a567",
                                                "name": "CHITTAGONG"
                                            }
                                        }
                                    ]
                                },
                                {
                                    "id": "66a27ec2-f335-413d-b228-4a4df8fa4eea",
                                    "name": "BHOLA",
                                    "upazilas": [
                                        {
                                            "name": "BHOLA_SADAR",
                                            "id": "3cbaa092-c96b-4845-a314-b9cdc02d61fd",
                                            "state": {
                                                "id": "5cbbb439-96e7-4f60-bf2f-abddd0d03e7e",
                                                "name": "BARISAL"
                                            }
                                        },
                                        {
                                            "name": "MANPURA",
                                            "id": "3220264c-e0d8-41c3-9b69-55cdd4aea21e",
                                            "state": {
                                                "id": "5cbbb439-96e7-4f60-bf2f-abddd0d03e7e",
                                                "name": "BARISAL"
                                            }
                                        },
                                        {
                                            "name": "BURHANUDDIN",
                                            "id": "692e6a01-748c-4451-8d67-e0f404c69572",
                                            "state": {
                                                "id": "5cbbb439-96e7-4f60-bf2f-abddd0d03e7e",
                                                "name": "BARISAL"
                                            }
                                        },
                                        {
                                            "name": "CHAR FASSON",
                                            "id": "9f23a216-4a71-48ef-8c7e-e20f01a67e4a",
                                            "state": {
                                                "id": "5cbbb439-96e7-4f60-bf2f-abddd0d03e7e",
                                                "name": "BARISAL"
                                            }
                                        },
                                        {
                                            "name": "DAULATKHAN",
                                            "id": "16ea4a9e-60b8-4eed-a011-d3d52d5a646d",
                                            "state": {
                                                "id": "5cbbb439-96e7-4f60-bf2f-abddd0d03e7e",
                                                "name": "BARISAL"
                                            }
                                        },
                                        {
                                            "name": "LALMOHAN",
                                            "id": "634c328d-d819-4c09-a1b4-ebe643071f5e",
                                            "state": {
                                                "id": "5cbbb439-96e7-4f60-bf2f-abddd0d03e7e",
                                                "name": "BARISAL"
                                            }
                                        },
                                        {
                                            "name": "TAZUMUDDIN",
                                            "id": "303c6383-711c-4c09-ba87-f261320d697e",
                                            "state": {
                                                "id": "5cbbb439-96e7-4f60-bf2f-abddd0d03e7e",
                                                "name": "BARISAL"
                                            }
                                        }
                                    ]
                                },
                                {
                                    "id": "00358d0a-f4c2-4374-908b-b37dac235fc0",
                                    "name": "JHENAIDAH",
                                    "upazilas": [
                                        {
                                            "name": "JHENAIDAH_SADAR",
                                            "id": "b730ac9a-c96e-4e9c-8583-dda0a4b61f9b",
                                            "state": {
                                                "id": "642a6748-942f-473d-96c6-a6c1b2e00e05",
                                                "name": "KHULNA"
                                            }
                                        },
                                        {
                                            "name": "SHAILKUPA",
                                            "id": "9216f983-c056-40f1-a143-463a2e4a2e84",
                                            "state": {
                                                "id": "642a6748-942f-473d-96c6-a6c1b2e00e05",
                                                "name": "KHULNA"
                                            }
                                        },
                                        {
                                            "name": "KOTCHANDPUR",
                                            "id": "7d743b39-a4ef-499b-b1eb-ccc7c9c1df81",
                                            "state": {
                                                "id": "642a6748-942f-473d-96c6-a6c1b2e00e05",
                                                "name": "KHULNA"
                                            }
                                        },
                                        {
                                            "name": "MAHESHPUR",
                                            "id": "9f3f6256-e1a0-457a-bf19-21fd5ccf253f",
                                            "state": {
                                                "id": "642a6748-942f-473d-96c6-a6c1b2e00e05",
                                                "name": "KHULNA"
                                            }
                                        },
                                        {
                                            "name": "HARINAKUNDA",
                                            "id": "8e2f9be1-24a7-48f6-9772-60c671fd5b2e",
                                            "state": {
                                                "id": "642a6748-942f-473d-96c6-a6c1b2e00e05",
                                                "name": "KHULNA"
                                            }
                                        }
                                    ]
                                },
                                {
                                    "id": "7a79fbbb-0414-4c68-ba03-a7d86e0f77ce",
                                    "name": "PABNA",
                                    "upazilas": [
                                        {
                                            "name": "BERA",
                                            "id": "9e859765-d526-4191-bab6-bf8d5a17317b",
                                            "state": {
                                                "id": "d68c68d2-108e-4635-93d1-28c44525f178",
                                                "name": "RAJSHAHI"
                                            }
                                        },
                                        {
                                            "name": "SUJANAGAR",
                                            "id": "a1b3c50a-d7af-4d16-a72d-4bdb5d0647b4",
                                            "state": {
                                                "id": "d68c68d2-108e-4635-93d1-28c44525f178",
                                                "name": "RAJSHAHI"
                                            }
                                        },
                                        {
                                            "name": "ATGHARIA",
                                            "id": "1faaac6e-d6b6-4852-9538-5c85438e47a5",
                                            "state": {
                                                "id": "d68c68d2-108e-4635-93d1-28c44525f178",
                                                "name": "RAJSHAHI"
                                            }
                                        },
                                        {
                                            "name": "SANTHIA",
                                            "id": "89ee778e-f765-4f8b-96d2-e00a6948199f",
                                            "state": {
                                                "id": "d68c68d2-108e-4635-93d1-28c44525f178",
                                                "name": "RAJSHAHI"
                                            }
                                        },
                                        {
                                            "name": "FARIDPUR",
                                            "id": "f9e13f42-2b4c-4af1-ae0b-186ee9fed178",
                                            "state": {
                                                "id": "d68c68d2-108e-4635-93d1-28c44525f178",
                                                "name": "RAJSHAHI"
                                            }
                                        },
                                        {
                                            "name": "BHANGURA",
                                            "id": "ce5f60e3-36ca-47e2-ac30-fea8af549985",
                                            "state": {
                                                "id": "d68c68d2-108e-4635-93d1-28c44525f178",
                                                "name": "RAJSHAHI"
                                            }
                                        },
                                        {
                                            "name": "CHATMOHAR",
                                            "id": "ee68ea82-2a16-46d4-a111-8d6a717363e3",
                                            "state": {
                                                "id": "d68c68d2-108e-4635-93d1-28c44525f178",
                                                "name": "RAJSHAHI"
                                            }
                                        },
                                        {
                                            "name": "ISHWARDI",
                                            "id": "e6f6b813-2ef3-429a-8dc6-3664b2d7af18",
                                            "state": {
                                                "id": "d68c68d2-108e-4635-93d1-28c44525f178",
                                                "name": "RAJSHAHI"
                                            }
                                        },
                                        {
                                            "name": "PABNA_SADAR",
                                            "id": "9a08add3-9997-4def-8a7e-2d4c47b78e1a",
                                            "state": {
                                                "id": "d68c68d2-108e-4635-93d1-28c44525f178",
                                                "name": "RAJSHAHI"
                                            }
                                        }
                                    ]
                                },
                                {
                                    "id": "c8c07a38-023f-4177-a946-7ea85bc5e62f",
                                    "name": "KISHOREGANJ",
                                    "upazilas": [
                                        {
                                            "name": "ASTAGRAM",
                                            "id": "8af0a33e-ec3f-4819-9c9a-d2e7b407340b",
                                            "state": {
                                                "id": "9c75a95b-9f42-4ca9-a152-78c492590a6f",
                                                "name": "DHAKA"
                                            }
                                        },
                                        {
                                            "name": "KATIADI",
                                            "id": "e14e5e25-3f0a-47a6-a16d-fe2023ec0a0e",
                                            "state": {
                                                "id": "9c75a95b-9f42-4ca9-a152-78c492590a6f",
                                                "name": "DHAKA"
                                            }
                                        },
                                        {
                                            "name": "MITHAMAIN",
                                            "id": "baa02b29-ad36-4df1-b296-07c71e4dabff",
                                            "state": {
                                                "id": "9c75a95b-9f42-4ca9-a152-78c492590a6f",
                                                "name": "DHAKA"
                                            }
                                        },
                                        {
                                            "name": "NIKLI",
                                            "id": "6f94a91b-a7e0-4690-83f4-82181b04c922",
                                            "state": {
                                                "id": "9c75a95b-9f42-4ca9-a152-78c492590a6f",
                                                "name": "DHAKA"
                                            }
                                        },
                                        {
                                            "name": "PAKUNDIA",
                                            "id": "3a4de8ba-819b-4935-843c-a3f1b5f6c421",
                                            "state": {
                                                "id": "9c75a95b-9f42-4ca9-a152-78c492590a6f",
                                                "name": "DHAKA"
                                            }
                                        },
                                        {
                                            "name": "KARIMGANJ",
                                            "id": "603092ee-3099-4b52-8b05-a76998c55ac0",
                                            "state": {
                                                "id": "9c75a95b-9f42-4ca9-a152-78c492590a6f",
                                                "name": "DHAKA"
                                            }
                                        },
                                        {
                                            "name": "KULIARCHAR",
                                            "id": "ba05daa9-21a2-4c7f-8a6f-4eca370e67c9",
                                            "state": {
                                                "id": "9c75a95b-9f42-4ca9-a152-78c492590a6f",
                                                "name": "DHAKA"
                                            }
                                        },
                                        {
                                            "name": "HOSSAINPUR",
                                            "id": "35ee81bc-c606-4f50-8c62-be135699f164",
                                            "state": {
                                                "id": "9c75a95b-9f42-4ca9-a152-78c492590a6f",
                                                "name": "DHAKA"
                                            }
                                        },
                                        {
                                            "name": "ITNA",
                                            "id": "64a6f7b6-ae00-48d7-91ff-d1afdd013728",
                                            "state": {
                                                "id": "9c75a95b-9f42-4ca9-a152-78c492590a6f",
                                                "name": "DHAKA"
                                            }
                                        },
                                        {
                                            "name": "BHAIRAB",
                                            "id": "f76de4f1-4367-46b4-ae35-25b31e161eaa",
                                            "state": {
                                                "id": "9c75a95b-9f42-4ca9-a152-78c492590a6f",
                                                "name": "DHAKA"
                                            }
                                        },
                                        {
                                            "name": "KISHOREGANJ_SADAR",
                                            "id": "f71d8ef1-88f4-4648-a927-1999cbec41e7",
                                            "state": {
                                                "id": "9c75a95b-9f42-4ca9-a152-78c492590a6f",
                                                "name": "DHAKA"
                                            }
                                        },
                                        {
                                            "name": "TARAIL",
                                            "id": "f5f8b58c-3d89-4a8f-8533-d689e34cbed3",
                                            "state": {
                                                "id": "9c75a95b-9f42-4ca9-a152-78c492590a6f",
                                                "name": "DHAKA"
                                            }
                                        },
                                        {
                                            "name": "BAJITPUR",
                                            "id": "d0a74c06-98ae-486a-9e67-fc5674c75288",
                                            "state": {
                                                "id": "9c75a95b-9f42-4ca9-a152-78c492590a6f",
                                                "name": "DHAKA"
                                            }
                                        }
                                    ]
                                },
                                {
                                    "id": "db758e15-588a-4c28-bae2-15069f2ce0f8",
                                    "name": "GOPALGANJ",
                                    "upazilas": [
                                        {
                                            "name": "KOTALIPARA",
                                            "id": "1729714e-61c8-4c5c-b062-7336efc80f74",
                                            "state": {
                                                "id": "9c75a95b-9f42-4ca9-a152-78c492590a6f",
                                                "name": "DHAKA"
                                            }
                                        },
                                        {
                                            "name": "MUKSUDPUR",
                                            "id": "52e46038-ba96-4a5c-96b5-1017b4eb6626",
                                            "state": {
                                                "id": "9c75a95b-9f42-4ca9-a152-78c492590a6f",
                                                "name": "DHAKA"
                                            }
                                        },
                                        {
                                            "name": "KASHIANI",
                                            "id": "9ea8f46d-358f-496e-b244-c3daf64e75c3",
                                            "state": {
                                                "id": "9c75a95b-9f42-4ca9-a152-78c492590a6f",
                                                "name": "DHAKA"
                                            }
                                        },
                                        {
                                            "name": "GOPALGANJ_SADAR",
                                            "id": "2ad2bc1d-038e-4d77-8754-a4eaa1ee4aa2",
                                            "state": {
                                                "id": "9c75a95b-9f42-4ca9-a152-78c492590a6f",
                                                "name": "DHAKA"
                                            }
                                        },
                                        {
                                            "name": "TUNGIPARA",
                                            "id": "18618e91-ce26-4c99-a7d1-a88be829a48b",
                                            "state": {
                                                "id": "9c75a95b-9f42-4ca9-a152-78c492590a6f",
                                                "name": "DHAKA"
                                            }
                                        }
                                    ]
                                },
                                {
                                    "id": "d1502152-1a34-423b-9811-576ccb88a3ea",
                                    "name": "KHULNA",
                                    "upazilas": [
                                        {
                                            "name": "BATIAGHATA",
                                            "id": "df3aa4c1-bfc8-4d9b-ade6-7c9dcc05e43b",
                                            "state": {
                                                "id": "642a6748-942f-473d-96c6-a6c1b2e00e05",
                                                "name": "KHULNA"
                                            }
                                        },
                                        {
                                            "name": "DACOPE",
                                            "id": "0510005c-3839-4f55-a93c-8147fa5657c3",
                                            "state": {
                                                "id": "642a6748-942f-473d-96c6-a6c1b2e00e05",
                                                "name": "KHULNA"
                                            }
                                        },
                                        {
                                            "name": "PAIKGACHHA",
                                            "id": "6dedbbd8-ad85-419e-a6f3-3b7b110beeef",
                                            "state": {
                                                "id": "642a6748-942f-473d-96c6-a6c1b2e00e05",
                                                "name": "KHULNA"
                                            }
                                        },
                                        {
                                            "name": "DIGHALIA",
                                            "id": "01a498b4-e2b8-4196-b1a8-37c83dd96d40",
                                            "state": {
                                                "id": "642a6748-942f-473d-96c6-a6c1b2e00e05",
                                                "name": "KHULNA"
                                            }
                                        },
                                        {
                                            "name": "TEROKHADA",
                                            "id": "78368a85-2301-4b61-b08c-bda0a7f2989d",
                                            "state": {
                                                "id": "642a6748-942f-473d-96c6-a6c1b2e00e05",
                                                "name": "KHULNA"
                                            }
                                        },
                                        {
                                            "name": "PHULTALA",
                                            "id": "de1c9dd2-c46c-4eb3-ae0d-ee1cbd77bfea",
                                            "state": {
                                                "id": "642a6748-942f-473d-96c6-a6c1b2e00e05",
                                                "name": "KHULNA"
                                            }
                                        },
                                        {
                                            "name": "DUMURIA",
                                            "id": "37c742e6-7aac-4034-8ed6-f0e58d0ad522",
                                            "state": {
                                                "id": "642a6748-942f-473d-96c6-a6c1b2e00e05",
                                                "name": "KHULNA"
                                            }
                                        },
                                        {
                                            "name": "KOYRA",
                                            "id": "4e5d83f1-3445-4445-a497-72dd54840c08",
                                            "state": {
                                                "id": "642a6748-942f-473d-96c6-a6c1b2e00e05",
                                                "name": "KHULNA"
                                            }
                                        },
                                        {
                                            "name": "RUPSA",
                                            "id": "0a761827-088c-4d43-a4d2-5904df789dcb",
                                            "state": {
                                                "id": "642a6748-942f-473d-96c6-a6c1b2e00e05",
                                                "name": "KHULNA"
                                            }
                                        }
                                    ]
                                },
                                {
                                    "id": "053cccf1-2ff4-4935-9b97-a7d73d2f29e2",
                                    "name": "NAOGAON",
                                    "upazilas": [
                                        {
                                            "name": "ATRAI",
                                            "id": "ca19d552-2c0f-4c03-99b5-9c84660083a9",
                                            "state": {
                                                "id": "d68c68d2-108e-4635-93d1-28c44525f178",
                                                "name": "RAJSHAHI"
                                            }
                                        },
                                        {
                                            "name": "RANINAGAR",
                                            "id": "bfcd8825-c7fa-4a19-8d0d-f097ba900ea6",
                                            "state": {
                                                "id": "d68c68d2-108e-4635-93d1-28c44525f178",
                                                "name": "RAJSHAHI"
                                            }
                                        },
                                        {
                                            "name": "DHAMOIRHAT",
                                            "id": "fdf566cf-11b6-4c01-ae47-c6c779feb92d",
                                            "state": {
                                                "id": "d68c68d2-108e-4635-93d1-28c44525f178",
                                                "name": "RAJSHAHI"
                                            }
                                        },
                                        {
                                            "name": "PATNITALA",
                                            "id": "1ef21421-63e5-42d4-854d-4da3c572a061",
                                            "state": {
                                                "id": "d68c68d2-108e-4635-93d1-28c44525f178",
                                                "name": "RAJSHAHI"
                                            }
                                        },
                                        {
                                            "name": "NIAMATPUR",
                                            "id": "cb79ca11-a7f4-4de9-8b73-726b9f277260",
                                            "state": {
                                                "id": "d68c68d2-108e-4635-93d1-28c44525f178",
                                                "name": "RAJSHAHI"
                                            }
                                        },
                                        {
                                            "name": "MOHADEVPUR",
                                            "id": "87fc4733-5ba9-4492-a4a3-477e1bbf4965",
                                            "state": {
                                                "id": "d68c68d2-108e-4635-93d1-28c44525f178",
                                                "name": "RAJSHAHI"
                                            }
                                        },
                                        {
                                            "name": "MANDA",
                                            "id": "38a158ef-7fae-4cdf-a906-9bfedbf5ee8d",
                                            "state": {
                                                "id": "d68c68d2-108e-4635-93d1-28c44525f178",
                                                "name": "RAJSHAHI"
                                            }
                                        },
                                        {
                                            "name": "NAOGAON_SADAR",
                                            "id": "433415ed-7b51-415a-9826-c5a655a42e1f",
                                            "state": {
                                                "id": "d68c68d2-108e-4635-93d1-28c44525f178",
                                                "name": "RAJSHAHI"
                                            }
                                        },
                                        {
                                            "name": "PORSHA",
                                            "id": "075b5f29-ffb3-4a22-8bce-255a305320d0",
                                            "state": {
                                                "id": "d68c68d2-108e-4635-93d1-28c44525f178",
                                                "name": "RAJSHAHI"
                                            }
                                        },
                                        {
                                            "name": "BADALGACHHI",
                                            "id": "5a52e1a2-7603-410d-b929-f07424bd3818",
                                            "state": {
                                                "id": "d68c68d2-108e-4635-93d1-28c44525f178",
                                                "name": "RAJSHAHI"
                                            }
                                        },
                                        {
                                            "name": "SAPAHAR",
                                            "id": "f24efbcc-3048-42d4-b2de-3cd80570f107",
                                            "state": {
                                                "id": "d68c68d2-108e-4635-93d1-28c44525f178",
                                                "name": "RAJSHAHI"
                                            }
                                        }
                                    ]
                                },
                                {
                                    "id": "3841e03e-b526-4568-b373-6fb874ae2dd2",
                                    "name": "NARAIL",
                                    "upazilas": [
                                        {
                                            "name": "NARAIL-S UPAZILLA",
                                            "id": "58236735-155d-45f5-81c6-d2528a3327e9",
                                            "state": {
                                                "id": "642a6748-942f-473d-96c6-a6c1b2e00e05",
                                                "name": "KHULNA"
                                            }
                                        },
                                        {
                                            "name": "LOHAGARA UPAZILLA",
                                            "id": "3a7dc21f-8d9e-4db5-83ad-4a42791fcaa4",
                                            "state": {
                                                "id": "642a6748-942f-473d-96c6-a6c1b2e00e05",
                                                "name": "KHULNA"
                                            }
                                        },
                                        {
                                            "name": "KALIA UPAZILLA",
                                            "id": "5e60afd8-8c2b-44ea-992f-027e764fc068",
                                            "state": {
                                                "id": "642a6748-942f-473d-96c6-a6c1b2e00e05",
                                                "name": "KHULNA"
                                            }
                                        }
                                    ]
                                },
                                {
                                    "id": "ba44bb5a-c4fc-4622-9b74-0b5641780581",
                                    "name": "MYMENSINGH",
                                    "upazilas": [
                                        {
                                            "name": "FULBARIA",
                                            "id": "14786483-84f3-4ac4-af4e-6928097bd398",
                                            "state": {
                                                "id": "f6395340-53b2-4824-8252-ef3a164b8446",
                                                "name": "MAYMENSINGH"
                                            }
                                        },
                                        {
                                            "name": "MUKTAGACHHA",
                                            "id": "6112996c-f960-4f30-bd1f-867050a656cb",
                                            "state": {
                                                "id": "f6395340-53b2-4824-8252-ef3a164b8446",
                                                "name": "MAYMENSINGH"
                                            }
                                        },
                                        {
                                            "name": "GAFFARGAON",
                                            "id": "f1027b1e-4a47-4e6f-9dca-8ee4974dcee3",
                                            "state": {
                                                "id": "f6395340-53b2-4824-8252-ef3a164b8446",
                                                "name": "MAYMENSINGH"
                                            }
                                        },
                                        {
                                            "name": "GAURIPUR",
                                            "id": "89af4299-90a2-4e9e-a201-d090d4f0a26a",
                                            "state": {
                                                "id": "f6395340-53b2-4824-8252-ef3a164b8446",
                                                "name": "MAYMENSINGH"
                                            }
                                        },
                                        {
                                            "name": "NANDAIL",
                                            "id": "4a7f82e3-e7f0-4dc1-b216-475ae369c902",
                                            "state": {
                                                "id": "f6395340-53b2-4824-8252-ef3a164b8446",
                                                "name": "MAYMENSINGH"
                                            }
                                        },
                                        {
                                            "name": "PHULPUR",
                                            "id": "e7f43bd5-defe-4d78-a9ea-8394b2d85ae8",
                                            "state": {
                                                "id": "f6395340-53b2-4824-8252-ef3a164b8446",
                                                "name": "MAYMENSINGH"
                                            }
                                        },
                                        {
                                            "name": "ISHWARGANJ",
                                            "id": "343276b0-a108-4b67-aa9f-6ff2eecfa3f1",
                                            "state": {
                                                "id": "f6395340-53b2-4824-8252-ef3a164b8446",
                                                "name": "MAYMENSINGH"
                                            }
                                        },
                                        {
                                            "name": "HALUAGHAT",
                                            "id": "b3cf9a18-0480-4a79-b898-0c9558158569",
                                            "state": {
                                                "id": "f6395340-53b2-4824-8252-ef3a164b8446",
                                                "name": "MAYMENSINGH"
                                            }
                                        },
                                        {
                                            "name": "MYMENSINGH_SADAR",
                                            "id": "944d5c60-96f6-4b1b-9245-57a7d1b8f80c",
                                            "state": {
                                                "id": "f6395340-53b2-4824-8252-ef3a164b8446",
                                                "name": "MAYMENSINGH"
                                            }
                                        },
                                        {
                                            "name": "TRISHAL",
                                            "id": "b54f2e4f-fadd-4386-a7fe-e29c806df77b",
                                            "state": {
                                                "id": "f6395340-53b2-4824-8252-ef3a164b8446",
                                                "name": "MAYMENSINGH"
                                            }
                                        },
                                        {
                                            "name": "DHOBAURA",
                                            "id": "90e06f5e-7571-4ce8-a713-53b94b2b6770",
                                            "state": {
                                                "id": "f6395340-53b2-4824-8252-ef3a164b8446",
                                                "name": "MAYMENSINGH"
                                            }
                                        },
                                        {
                                            "name": "BHALUKA",
                                            "id": "34920b68-a4b6-444b-95f5-d072d29fc1eb",
                                            "state": {
                                                "id": "f6395340-53b2-4824-8252-ef3a164b8446",
                                                "name": "MAYMENSINGH"
                                            }
                                        }
                                    ]
                                },
                                {
                                    "id": "bbed7d2c-59fb-43ce-a03c-8abd7a9f8f18",
                                    "name": "NARSINGDI",
                                    "upazilas": [
                                        {
                                            "name": "SHIBPUR",
                                            "id": "189fa0e5-3fba-4bb7-a1fa-1244de4d259c",
                                            "state": {
                                                "id": "9c75a95b-9f42-4ca9-a152-78c492590a6f",
                                                "name": "DHAKA"
                                            }
                                        },
                                        {
                                            "name": "MONOHARDI",
                                            "id": "243e2783-eb7e-4284-9ad6-461870dc8937",
                                            "state": {
                                                "id": "9c75a95b-9f42-4ca9-a152-78c492590a6f",
                                                "name": "DHAKA"
                                            }
                                        },
                                        {
                                            "name": "BELABO",
                                            "id": "785efd52-cefe-46f7-9a57-3a0b9ff6e8f6",
                                            "state": {
                                                "id": "9c75a95b-9f42-4ca9-a152-78c492590a6f",
                                                "name": "DHAKA"
                                            }
                                        },
                                        {
                                            "name": "RAIPURA, NARSINGDI",
                                            "id": "62845bb0-be44-48d6-a163-908e4b35b7fb",
                                            "state": {
                                                "id": "9c75a95b-9f42-4ca9-a152-78c492590a6f",
                                                "name": "DHAKA"
                                            }
                                        },
                                        {
                                            "name": "NARSINGDI_SADAR",
                                            "id": "06b56b35-2e12-44ba-b18f-22cd4d6ecb98",
                                            "state": {
                                                "id": "9c75a95b-9f42-4ca9-a152-78c492590a6f",
                                                "name": "DHAKA"
                                            }
                                        },
                                        {
                                            "name": "PALASH",
                                            "id": "ccd33f77-057f-4819-bdf6-a7da5785e2c5",
                                            "state": {
                                                "id": "9c75a95b-9f42-4ca9-a152-78c492590a6f",
                                                "name": "DHAKA"
                                            }
                                        }
                                    ]
                                },
                                {
                                    "id": "8b99d1ec-6c05-4e8e-b708-8216c9690652",
                                    "name": "RAJBARI",
                                    "upazilas": [
                                        {
                                            "name": "KALUKHALI",
                                            "id": "ad20fd23-08a0-4422-a4ce-2d664b65fc2e",
                                            "state": {
                                                "id": "9c75a95b-9f42-4ca9-a152-78c492590a6f",
                                                "name": "DHAKA"
                                            }
                                        },
                                        {
                                            "name": "RAJBARI_SADAR",
                                            "id": "a60723aa-280a-4b8b-a4fd-b2fa0323c4c4",
                                            "state": {
                                                "id": "9c75a95b-9f42-4ca9-a152-78c492590a6f",
                                                "name": "DHAKA"
                                            }
                                        },
                                        {
                                            "name": "BALIAKANDI",
                                            "id": "a654e917-d396-4a82-9e9d-9ab7581b3c1b",
                                            "state": {
                                                "id": "9c75a95b-9f42-4ca9-a152-78c492590a6f",
                                                "name": "DHAKA"
                                            }
                                        },
                                        {
                                            "name": "GOALANDAGHAT",
                                            "id": "7de09957-126b-4fee-9833-49f637931f79",
                                            "state": {
                                                "id": "9c75a95b-9f42-4ca9-a152-78c492590a6f",
                                                "name": "DHAKA"
                                            }
                                        },
                                        {
                                            "name": "PANGSHA",
                                            "id": "532c2c8a-0a92-4c5c-9710-622eabaab454",
                                            "state": {
                                                "id": "9c75a95b-9f42-4ca9-a152-78c492590a6f",
                                                "name": "DHAKA"
                                            }
                                        }
                                    ]
                                },
                                {
                                    "id": "8a26a551-dbef-4fa9-b50c-17a7fe590b13",
                                    "name": "SIRAJGONJ",
                                    "upazilas": [
                                        {
                                            "name": "KAZIPUR",
                                            "id": "b1363ee2-d297-4f58-a353-d94bba646dd6",
                                            "state": {
                                                "id": "d68c68d2-108e-4635-93d1-28c44525f178",
                                                "name": "RAJSHAHI"
                                            }
                                        },
                                        {
                                            "name": "RAIGANJ",
                                            "id": "3b9f4a36-dc41-48ab-9261-4843e2dee251",
                                            "state": {
                                                "id": "d68c68d2-108e-4635-93d1-28c44525f178",
                                                "name": "RAJSHAHI"
                                            }
                                        },
                                        {
                                            "name": "BELKUCHI",
                                            "id": "346c0522-e283-421d-9991-d95c10faf7b8",
                                            "state": {
                                                "id": "d68c68d2-108e-4635-93d1-28c44525f178",
                                                "name": "RAJSHAHI"
                                            }
                                        },
                                        {
                                            "name": "KAMARKHANDA",
                                            "id": "0012b1ec-f07e-4956-8208-d99e74a19aa7",
                                            "state": {
                                                "id": "d68c68d2-108e-4635-93d1-28c44525f178",
                                                "name": "RAJSHAHI"
                                            }
                                        },
                                        {
                                            "name": "SIRAJGANJ_SADAR",
                                            "id": "983f7c6b-9831-4027-b0f9-0e909b74e4ab",
                                            "state": {
                                                "id": "d68c68d2-108e-4635-93d1-28c44525f178",
                                                "name": "RAJSHAHI"
                                            }
                                        },
                                        {
                                            "name": "CHAUHALI",
                                            "id": "fa6ccc95-c941-4284-8d9f-7c4624683e0c",
                                            "state": {
                                                "id": "d68c68d2-108e-4635-93d1-28c44525f178",
                                                "name": "RAJSHAHI"
                                            }
                                        },
                                        {
                                            "name": "TARASH",
                                            "id": "72d45478-f1c8-4317-a912-5f90a6033813",
                                            "state": {
                                                "id": "d68c68d2-108e-4635-93d1-28c44525f178",
                                                "name": "RAJSHAHI"
                                            }
                                        },
                                        {
                                            "name": "SHAHJADPUR",
                                            "id": "aba04480-80aa-4c49-94f5-54a5f8cec70c",
                                            "state": {
                                                "id": "d68c68d2-108e-4635-93d1-28c44525f178",
                                                "name": "RAJSHAHI"
                                            }
                                        },
                                        {
                                            "name": "ULLAHPARA",
                                            "id": "2b03ca99-77d6-4dac-8c30-72fd7820b170",
                                            "state": {
                                                "id": "d68c68d2-108e-4635-93d1-28c44525f178",
                                                "name": "RAJSHAHI"
                                            }
                                        }
                                    ]
                                },
                                {
                                    "id": "3b2a6a3c-5159-471d-abe6-9f4ebad7e6c1",
                                    "name": "MAGURA",
                                    "upazilas": [
                                        {
                                            "name": "SHALIKHA",
                                            "id": "a2705dba-cae2-4e3d-86f6-8ed9c08df535",
                                            "state": {
                                                "id": "642a6748-942f-473d-96c6-a6c1b2e00e05",
                                                "name": "KHULNA"
                                            }
                                        },
                                        {
                                            "name": "MOHAMMADPUR",
                                            "id": "53edb99e-47b4-4979-b3f5-3d80de1b7118",
                                            "state": {
                                                "id": "642a6748-942f-473d-96c6-a6c1b2e00e05",
                                                "name": "KHULNA"
                                            }
                                        },
                                        {
                                            "name": "MAGURA_SADAR",
                                            "id": "dd0bd5ac-d63d-407d-bcf5-ba24191b7cba",
                                            "state": {
                                                "id": "642a6748-942f-473d-96c6-a6c1b2e00e05",
                                                "name": "KHULNA"
                                            }
                                        },
                                        {
                                            "name": "SREEPUR",
                                            "id": "4e4122d5-c778-4303-823f-8a95b13f3f77",
                                            "state": {
                                                "id": "642a6748-942f-473d-96c6-a6c1b2e00e05",
                                                "name": "KHULNA"
                                            }
                                        }
                                    ]
                                },
                                {
                                    "id": "9dd946ca-b2e9-4369-9456-5d7c8308901c",
                                    "name": "JHALOKATI",
                                    "upazilas": [
                                        {
                                            "name": "RAJAPUR",
                                            "id": "595eceec-72ac-4b2a-a8c1-4d1a9d8c93dc",
                                            "state": {
                                                "id": "5cbbb439-96e7-4f60-bf2f-abddd0d03e7e",
                                                "name": "BARISAL"
                                            }
                                        },
                                        {
                                            "name": "NALCHITY",
                                            "id": "c16b84e6-4636-4559-9713-bbfb460be2ec",
                                            "state": {
                                                "id": "5cbbb439-96e7-4f60-bf2f-abddd0d03e7e",
                                                "name": "BARISAL"
                                            }
                                        },
                                        {
                                            "name": "JHALOKATI_SADAR",
                                            "id": "3c848ec1-c630-48f7-8327-8230e4d16846",
                                            "state": {
                                                "id": "5cbbb439-96e7-4f60-bf2f-abddd0d03e7e",
                                                "name": "BARISAL"
                                            }
                                        },
                                        {
                                            "name": "KATHALIA",
                                            "id": "98bbf847-31a1-4d55-a771-a5d045976cfe",
                                            "state": {
                                                "id": "5cbbb439-96e7-4f60-bf2f-abddd0d03e7e",
                                                "name": "BARISAL"
                                            }
                                        }
                                    ]
                                },
                                {
                                    "id": "e9431d37-c6a8-49a5-b5f5-3d8c14bc8ec7",
                                    "name": "LALMONIRHAT",
                                    "upazilas": [
                                        {
                                            "name": "KALIGANJ",
                                            "id": "40f7ed07-08b0-4244-9f65-17971aaeb6d2",
                                            "state": {
                                                "id": "b8c19906-b4fc-4745-ac93-af957934136b",
                                                "name": "RANGPUR"
                                            }
                                        },
                                        {
                                            "name": "LALMANIRHAT_SADAR",
                                            "id": "c3fdab30-b48f-484a-bcab-d8fdb8038626",
                                            "state": {
                                                "id": "b8c19906-b4fc-4745-ac93-af957934136b",
                                                "name": "RANGPUR"
                                            }
                                        },
                                        {
                                            "name": "HATIBANDHA",
                                            "id": "81a52b21-ee0e-4b30-af0e-077ef3b01cc5",
                                            "state": {
                                                "id": "b8c19906-b4fc-4745-ac93-af957934136b",
                                                "name": "RANGPUR"
                                            }
                                        },
                                        {
                                            "name": "ADITMARI",
                                            "id": "b4123b8d-af34-4c2f-8755-8c8d37c59e89",
                                            "state": {
                                                "id": "b8c19906-b4fc-4745-ac93-af957934136b",
                                                "name": "RANGPUR"
                                            }
                                        },
                                        {
                                            "name": "PATGRAM",
                                            "id": "bff9e973-cc00-4aaa-8e53-4ca5ff6dab3d",
                                            "state": {
                                                "id": "b8c19906-b4fc-4745-ac93-af957934136b",
                                                "name": "RANGPUR"
                                            }
                                        }
                                    ]
                                },
                                {
                                    "id": "3244a7d0-e432-4753-841f-cdbd7aa1f437",
                                    "name": "SHARIATPUR",
                                    "upazilas": [
                                        {
                                            "name": "NARIA",
                                            "id": "3e8850ed-a488-46ae-afa3-5b567c539ba2",
                                            "state": {
                                                "id": "9c75a95b-9f42-4ca9-a152-78c492590a6f",
                                                "name": "DHAKA"
                                            }
                                        },
                                        {
                                            "name": "BHEDARGANJ",
                                            "id": "088a2bdf-e98a-407a-9096-01143b440bf1",
                                            "state": {
                                                "id": "9c75a95b-9f42-4ca9-a152-78c492590a6f",
                                                "name": "DHAKA"
                                            }
                                        },
                                        {
                                            "name": "JAJIRA",
                                            "id": "c37722a7-f975-43ee-856b-2059735e3915",
                                            "state": {
                                                "id": "9c75a95b-9f42-4ca9-a152-78c492590a6f",
                                                "name": "DHAKA"
                                            }
                                        },
                                        {
                                            "name": "DAMUDYA",
                                            "id": "e5e20af1-f619-4df7-be4a-ee1958717815",
                                            "state": {
                                                "id": "9c75a95b-9f42-4ca9-a152-78c492590a6f",
                                                "name": "DHAKA"
                                            }
                                        },
                                        {
                                            "name": "SHARIATPUR_SADAR -PALONG",
                                            "id": "0d38ea96-e004-4fab-93d8-88216ca015ef",
                                            "state": {
                                                "id": "9c75a95b-9f42-4ca9-a152-78c492590a6f",
                                                "name": "DHAKA"
                                            }
                                        },
                                        {
                                            "name": "GOSAIRHAT",
                                            "id": "92f19d77-dcd7-4b5b-95bc-de0ca310248c",
                                            "state": {
                                                "id": "9c75a95b-9f42-4ca9-a152-78c492590a6f",
                                                "name": "DHAKA"
                                            }
                                        }
                                    ]
                                },
                                {
                                    "id": "dd4ed0a1-039e-4411-9337-e3bf3f9def9b",
                                    "name": "FENI",
                                    "upazilas": [
                                        {
                                            "name": "SONAGAZI",
                                            "id": "27efec53-92df-41c3-bc6a-9e81493d016d",
                                            "state": {
                                                "id": "d4e8944a-6e8f-4d6e-a313-2228cfe9a567",
                                                "name": "CHITTAGONG"
                                            }
                                        },
                                        {
                                            "name": "DAGANBHYAN",
                                            "id": "53afc9e2-06de-4aa2-b8b0-a05e8293b780",
                                            "state": {
                                                "id": "d4e8944a-6e8f-4d6e-a313-2228cfe9a567",
                                                "name": "CHITTAGONG"
                                            }
                                        },
                                        {
                                            "name": "PARSHURAM",
                                            "id": "49ff9838-f33c-474c-b129-2c9ae86e3ee4",
                                            "state": {
                                                "id": "d4e8944a-6e8f-4d6e-a313-2228cfe9a567",
                                                "name": "CHITTAGONG"
                                            }
                                        },
                                        {
                                            "name": "CHAGALNAIYA",
                                            "id": "04c3cb80-8635-455a-a5fa-84dbaa621b70",
                                            "state": {
                                                "id": "d4e8944a-6e8f-4d6e-a313-2228cfe9a567",
                                                "name": "CHITTAGONG"
                                            }
                                        },
                                        {
                                            "name": "FHULGAZI",
                                            "id": "3290d327-252d-4ac8-b994-c32aa5683ffa",
                                            "state": {
                                                "id": "d4e8944a-6e8f-4d6e-a313-2228cfe9a567",
                                                "name": "CHITTAGONG"
                                            }
                                        },
                                        {
                                            "name": "FENI_SADAR",
                                            "id": "d7952bf9-ddfa-4bc5-a8f0-41dfc66a892e",
                                            "state": {
                                                "id": "d4e8944a-6e8f-4d6e-a313-2228cfe9a567",
                                                "name": "CHITTAGONG"
                                            }
                                        }
                                    ]
                                },
                                {
                                    "id": "970ee245-d795-4373-923b-1d66e666d1a6",
                                    "name": "PATUAKHALI",
                                    "upazilas": [
                                        {
                                            "name": "PATUAKHALI_SADAR",
                                            "id": "afda7029-c236-44ba-b3df-5855d1e83414",
                                            "state": {
                                                "id": "5cbbb439-96e7-4f60-bf2f-abddd0d03e7e",
                                                "name": "BARISAL"
                                            }
                                        },
                                        {
                                            "name": "DASHMINA",
                                            "id": "89e2dffc-cb82-4fdd-9f42-8823500f1b10",
                                            "state": {
                                                "id": "5cbbb439-96e7-4f60-bf2f-abddd0d03e7e",
                                                "name": "BARISAL"
                                            }
                                        },
                                        {
                                            "name": "MIRZAGANJ",
                                            "id": "485e7d51-a1c0-4758-84c1-72129e770eba",
                                            "state": {
                                                "id": "5cbbb439-96e7-4f60-bf2f-abddd0d03e7e",
                                                "name": "BARISAL"
                                            }
                                        },
                                        {
                                            "name": "KALAPARA",
                                            "id": "0f279548-56c6-469b-931d-98f8666550f4",
                                            "state": {
                                                "id": "5cbbb439-96e7-4f60-bf2f-abddd0d03e7e",
                                                "name": "BARISAL"
                                            }
                                        },
                                        {
                                            "name": "GALACHIPA",
                                            "id": "fe4542b1-4c54-435c-93bf-7528621355b9",
                                            "state": {
                                                "id": "5cbbb439-96e7-4f60-bf2f-abddd0d03e7e",
                                                "name": "BARISAL"
                                            }
                                        },
                                        {
                                            "name": "BAUPHAL",
                                            "id": "3befd289-1458-4cfc-bc85-f929255b4161",
                                            "state": {
                                                "id": "5cbbb439-96e7-4f60-bf2f-abddd0d03e7e",
                                                "name": "BARISAL"
                                            }
                                        },
                                        {
                                            "name": "RANGABALI",
                                            "id": "fd694849-085a-4e6e-b708-fc06792067cf",
                                            "state": {
                                                "id": "5cbbb439-96e7-4f60-bf2f-abddd0d03e7e",
                                                "name": "BARISAL"
                                            }
                                        },
                                        {
                                            "name": "DUMKI",
                                            "id": "acde2384-2fcd-4771-bf87-1b5b08efe4a3",
                                            "state": {
                                                "id": "5cbbb439-96e7-4f60-bf2f-abddd0d03e7e",
                                                "name": "BARISAL"
                                            }
                                        }
                                    ]
                                },
                                {
                                    "id": "467a49c1-9b1e-4409-a811-a2541a28cc9d",
                                    "name": "RANGPUR",
                                    "upazilas": [
                                        {
                                            "name": "TARAGANJ",
                                            "id": "f3cafdc7-ff33-4c9a-bf41-e092493e5e1b",
                                            "state": {
                                                "id": "b8c19906-b4fc-4745-ac93-af957934136b",
                                                "name": "RANGPUR"
                                            }
                                        },
                                        {
                                            "name": "GANGACHARA",
                                            "id": "331ce02e-1f27-429d-9256-95faacb19759",
                                            "state": {
                                                "id": "b8c19906-b4fc-4745-ac93-af957934136b",
                                                "name": "RANGPUR"
                                            }
                                        },
                                        {
                                            "name": "BADARGANJ",
                                            "id": "23b5ff55-5742-48ae-9dc6-b15f225a1268",
                                            "state": {
                                                "id": "b8c19906-b4fc-4745-ac93-af957934136b",
                                                "name": "RANGPUR"
                                            }
                                        },
                                        {
                                            "name": "KAUNIA",
                                            "id": "ea59b48e-61b7-40d5-a041-3189f4143167",
                                            "state": {
                                                "id": "b8c19906-b4fc-4745-ac93-af957934136b",
                                                "name": "RANGPUR"
                                            }
                                        },
                                        {
                                            "name": "PIRGACHHA",
                                            "id": "513d1649-1f41-498e-ac2d-6912f8b2327d",
                                            "state": {
                                                "id": "b8c19906-b4fc-4745-ac93-af957934136b",
                                                "name": "RANGPUR"
                                            }
                                        },
                                        {
                                            "name": "MITHAPUKUR",
                                            "id": "d8e55f9d-f8ec-4027-a775-ffb34e90a6c2",
                                            "state": {
                                                "id": "b8c19906-b4fc-4745-ac93-af957934136b",
                                                "name": "RANGPUR"
                                            }
                                        },
                                        {
                                            "name": "RANGPUR_SADAR",
                                            "id": "c7f28afe-ce75-4b54-9eb0-8ad04f863a9d",
                                            "state": {
                                                "id": "b8c19906-b4fc-4745-ac93-af957934136b",
                                                "name": "RANGPUR"
                                            }
                                        }
                                    ]
                                },
                                {
                                    "id": "086915fc-d139-4e2e-839c-b38a5be1e5f6",
                                    "name": "GAIBANDHA",
                                    "upazilas": [
                                        {
                                            "name": "SAGHATA",
                                            "id": "7b7f1bed-05af-46ef-9a98-c4be724fd5e2",
                                            "state": {
                                                "id": "b8c19906-b4fc-4745-ac93-af957934136b",
                                                "name": "RANGPUR"
                                            }
                                        },
                                        {
                                            "name": "SUNDARGANJ",
                                            "id": "b3c77682-f3b2-43a0-b18f-ce0fde8cd30d",
                                            "state": {
                                                "id": "b8c19906-b4fc-4745-ac93-af957934136b",
                                                "name": "RANGPUR"
                                            }
                                        },
                                        {
                                            "name": "GAIBANDHA_SADAR",
                                            "id": "549a592d-7e92-4dba-98a2-ccf8988786d4",
                                            "state": {
                                                "id": "b8c19906-b4fc-4745-ac93-af957934136b",
                                                "name": "RANGPUR"
                                            }
                                        },
                                        {
                                            "name": "PALASHBARI",
                                            "id": "4ca323ee-31f6-4126-a12e-b8ac59881175",
                                            "state": {
                                                "id": "b8c19906-b4fc-4745-ac93-af957934136b",
                                                "name": "RANGPUR"
                                            }
                                        },
                                        {
                                            "name": "GOBINDAGANJ",
                                            "id": "f28adc54-023d-4585-9859-72797f1a509b",
                                            "state": {
                                                "id": "b8c19906-b4fc-4745-ac93-af957934136b",
                                                "name": "RANGPUR"
                                            }
                                        },
                                        {
                                            "name": "FULCHHARI",
                                            "id": "a2a7553c-a2bd-44e5-bd52-0a085246f0a3",
                                            "state": {
                                                "id": "b8c19906-b4fc-4745-ac93-af957934136b",
                                                "name": "RANGPUR"
                                            }
                                        },
                                        {
                                            "name": "SADULLAPUR",
                                            "id": "e9b50e9e-ac38-4969-b483-d3972f87cee4",
                                            "state": {
                                                "id": "b8c19906-b4fc-4745-ac93-af957934136b",
                                                "name": "RANGPUR"
                                            }
                                        }
                                    ]
                                },
                                {
                                    "id": "1c714c0b-021b-4301-a593-2c83a2313649",
                                    "name": "JASHORE",
                                    "upazilas": [
                                        {
                                            "name": "JESSORE_SADAR",
                                            "id": "42f61364-59f7-4623-9426-6cdc057ec349",
                                            "state": {
                                                "id": "642a6748-942f-473d-96c6-a6c1b2e00e05",
                                                "name": "KHULNA"
                                            }
                                        },
                                        {
                                            "name": "JHIKARGACHHA",
                                            "id": "e8528241-9712-4342-9aeb-09f71796e266",
                                            "state": {
                                                "id": "642a6748-942f-473d-96c6-a6c1b2e00e05",
                                                "name": "KHULNA"
                                            }
                                        },
                                        {
                                            "name": "CHAUGACHHA",
                                            "id": "12c0fdba-54d7-44c3-8261-799edb2af99c",
                                            "state": {
                                                "id": "642a6748-942f-473d-96c6-a6c1b2e00e05",
                                                "name": "KHULNA"
                                            }
                                        },
                                        {
                                            "name": "SHARSHA",
                                            "id": "cbf6f38e-583e-4ccc-b6d4-79af79fa8219",
                                            "state": {
                                                "id": "642a6748-942f-473d-96c6-a6c1b2e00e05",
                                                "name": "KHULNA"
                                            }
                                        },
                                        {
                                            "name": "MANIRAMPUR",
                                            "id": "d0720ff4-ff9b-465d-91e9-aa3c8b7786e6",
                                            "state": {
                                                "id": "642a6748-942f-473d-96c6-a6c1b2e00e05",
                                                "name": "KHULNA"
                                            }
                                        },
                                        {
                                            "name": "KESHABPUR",
                                            "id": "eb816407-8817-4b72-a245-aa3d26a6730a",
                                            "state": {
                                                "id": "642a6748-942f-473d-96c6-a6c1b2e00e05",
                                                "name": "KHULNA"
                                            }
                                        },
                                        {
                                            "name": "BAGHERPARA",
                                            "id": "57a33475-5412-4756-96a0-c856f6e69819",
                                            "state": {
                                                "id": "642a6748-942f-473d-96c6-a6c1b2e00e05",
                                                "name": "KHULNA"
                                            }
                                        }
                                    ]
                                },
                                {
                                    "id": "e6fbbbf2-76b6-454c-aab1-00bae43ee7fb",
                                    "name": "CHANDPUR",
                                    "upazilas": [
                                        {
                                            "name": "MATLAB UTTAR",
                                            "id": "063793f3-d840-4cd8-9b37-16b346b5802b",
                                            "state": {
                                                "id": "d4e8944a-6e8f-4d6e-a313-2228cfe9a567",
                                                "name": "CHITTAGONG"
                                            }
                                        },
                                        {
                                            "name": "CHANDPUR_SADAR",
                                            "id": "ed3e766b-5c5f-4898-9807-c60656a34d68",
                                            "state": {
                                                "id": "d4e8944a-6e8f-4d6e-a313-2228cfe9a567",
                                                "name": "CHITTAGONG"
                                            }
                                        },
                                        {
                                            "name": "FARIDGANJ",
                                            "id": "80004c2e-4af7-4c54-a08f-7c5eab9de5b7",
                                            "state": {
                                                "id": "d4e8944a-6e8f-4d6e-a313-2228cfe9a567",
                                                "name": "CHITTAGONG"
                                            }
                                        },
                                        {
                                            "name": "SHAHRASTI",
                                            "id": "ce322d53-bbdb-415b-8d13-45a8185dce83",
                                            "state": {
                                                "id": "d4e8944a-6e8f-4d6e-a313-2228cfe9a567",
                                                "name": "CHITTAGONG"
                                            }
                                        },
                                        {
                                            "name": "HAIMCHAR",
                                            "id": "b7b43526-46a4-48d6-8d67-f4c15ba2afe0",
                                            "state": {
                                                "id": "d4e8944a-6e8f-4d6e-a313-2228cfe9a567",
                                                "name": "CHITTAGONG"
                                            }
                                        },
                                        {
                                            "name": "MATLAB DAKKHIN",
                                            "id": "c099cd9b-69a4-4e70-9314-2d54f940fcd8",
                                            "state": {
                                                "id": "d4e8944a-6e8f-4d6e-a313-2228cfe9a567",
                                                "name": "CHITTAGONG"
                                            }
                                        },
                                        {
                                            "name": "HAZIGANJ",
                                            "id": "d4f9f2a0-9974-4d64-9cf0-139a6619407e",
                                            "state": {
                                                "id": "d4e8944a-6e8f-4d6e-a313-2228cfe9a567",
                                                "name": "CHITTAGONG"
                                            }
                                        }
                                    ]
                                },
                                {
                                    "id": "82157ea8-5e09-483d-82b6-7fbc0c15ead9",
                                    "name": "CHUADANGA",
                                    "upazilas": [
                                        {
                                            "name": "JIBANNAGAR",
                                            "id": "056bb4e6-8df9-4275-8bd0-5de51d1375e5",
                                            "state": {
                                                "id": "642a6748-942f-473d-96c6-a6c1b2e00e05",
                                                "name": "KHULNA"
                                            }
                                        },
                                        {
                                            "name": "DAMURHUDA",
                                            "id": "48021efd-36b5-4321-8505-e9d5d2388c27",
                                            "state": {
                                                "id": "642a6748-942f-473d-96c6-a6c1b2e00e05",
                                                "name": "KHULNA"
                                            }
                                        },
                                        {
                                            "name": "CHUADANGA-S",
                                            "id": "6074f64e-f724-4a45-89fa-45dd861ff000",
                                            "state": {
                                                "id": "642a6748-942f-473d-96c6-a6c1b2e00e05",
                                                "name": "KHULNA"
                                            }
                                        },
                                        {
                                            "name": "ALAMDANGA",
                                            "id": "d0578b99-4bb0-4dbd-9c2c-55ba5b2dd713",
                                            "state": {
                                                "id": "642a6748-942f-473d-96c6-a6c1b2e00e05",
                                                "name": "KHULNA"
                                            }
                                        }
                                    ]
                                },
                                {
                                    "id": "fdd90dd4-29f5-47e3-9c83-86247e30e011",
                                    "name": "MANIKGANJ",
                                    "upazilas": [
                                        {
                                            "name": "SATURIA",
                                            "id": "d9009b9c-883f-44b8-8510-e89dd74298ef",
                                            "state": {
                                                "id": "9c75a95b-9f42-4ca9-a152-78c492590a6f",
                                                "name": "DHAKA"
                                            }
                                        },
                                        {
                                            "name": "SHIBALAYA",
                                            "id": "ab1e982e-faba-4f99-93af-8be8a4fd5fe5",
                                            "state": {
                                                "id": "9c75a95b-9f42-4ca9-a152-78c492590a6f",
                                                "name": "DHAKA"
                                            }
                                        },
                                        {
                                            "name": "GHIOR",
                                            "id": "39c075ea-6975-49d4-9028-f904f0bf6c6c",
                                            "state": {
                                                "id": "9c75a95b-9f42-4ca9-a152-78c492590a6f",
                                                "name": "DHAKA"
                                            }
                                        },
                                        {
                                            "name": "HARIRAMPUR",
                                            "id": "a11e3d5b-0753-4029-9491-ea2ea72465aa",
                                            "state": {
                                                "id": "9c75a95b-9f42-4ca9-a152-78c492590a6f",
                                                "name": "DHAKA"
                                            }
                                        },
                                        {
                                            "name": "SINGAIR",
                                            "id": "f178d21b-89ed-42df-a9a3-21f108b44d28",
                                            "state": {
                                                "id": "9c75a95b-9f42-4ca9-a152-78c492590a6f",
                                                "name": "DHAKA"
                                            }
                                        },
                                        {
                                            "name": "MANIKGANJ_SADAR",
                                            "id": "75442244-e5ad-4289-8a34-d5615d19b3a4",
                                            "state": {
                                                "id": "9c75a95b-9f42-4ca9-a152-78c492590a6f",
                                                "name": "DHAKA"
                                            }
                                        }
                                    ]
                                },
                                {
                                    "id": "eb65d06c-18a8-4220-abbb-a4fc1de8f740",
                                    "name": "MUNSHIGANJ",
                                    "upazilas": [
                                        {
                                            "name": "GAZARIA",
                                            "id": "d93e5ad7-1fa9-453b-be01-f707de0dee0d",
                                            "state": {
                                                "id": "9c75a95b-9f42-4ca9-a152-78c492590a6f",
                                                "name": "DHAKA"
                                            }
                                        },
                                        {
                                            "name": "LOHAJANG",
                                            "id": "8de67669-ef24-4fc0-974d-614802bc635c",
                                            "state": {
                                                "id": "9c75a95b-9f42-4ca9-a152-78c492590a6f",
                                                "name": "DHAKA"
                                            }
                                        },
                                        {
                                            "name": "SREENAGAR",
                                            "id": "8f4bf6d0-176e-46a3-911b-50fa597f928a",
                                            "state": {
                                                "id": "9c75a95b-9f42-4ca9-a152-78c492590a6f",
                                                "name": "DHAKA"
                                            }
                                        },
                                        {
                                            "name": "MUNSHIGANJ_SADAR",
                                            "id": "d0ee788a-80bc-41a6-85c0-285852acb1c1",
                                            "state": {
                                                "id": "9c75a95b-9f42-4ca9-a152-78c492590a6f",
                                                "name": "DHAKA"
                                            }
                                        },
                                        {
                                            "name": "SIRAJDIKHAN",
                                            "id": "76276c1f-b0a4-4ad9-8994-f7056d23bcfd",
                                            "state": {
                                                "id": "9c75a95b-9f42-4ca9-a152-78c492590a6f",
                                                "name": "DHAKA"
                                            }
                                        },
                                        {
                                            "name": "TONGIBARI",
                                            "id": "632c71cf-94e4-43da-b567-79d0e8ddc66c",
                                            "state": {
                                                "id": "9c75a95b-9f42-4ca9-a152-78c492590a6f",
                                                "name": "DHAKA"
                                            }
                                        }
                                    ]
                                },
                                {
                                    "id": "27088eef-3fb2-45db-83f6-7b5820818817",
                                    "name": "KUSHTIA",
                                    "upazilas": [
                                        {
                                            "name": "KUMARKHALI",
                                            "id": "f172ffc4-fc9f-49de-956b-6385b8fd74d3",
                                            "state": {
                                                "id": "642a6748-942f-473d-96c6-a6c1b2e00e05",
                                                "name": "KHULNA"
                                            }
                                        },
                                        {
                                            "name": "BHERAMARA",
                                            "id": "7a6ae3eb-abfb-4059-9759-59fc79242f27",
                                            "state": {
                                                "id": "642a6748-942f-473d-96c6-a6c1b2e00e05",
                                                "name": "KHULNA"
                                            }
                                        },
                                        {
                                            "name": "KUSHTIA_SADAR",
                                            "id": "080eebe9-aace-48e8-81c5-85b575971f51",
                                            "state": {
                                                "id": "642a6748-942f-473d-96c6-a6c1b2e00e05",
                                                "name": "KHULNA"
                                            }
                                        },
                                        {
                                            "name": "MIRPUR",
                                            "id": "b652dbdd-b30a-4afb-886c-9d59c58a8c0e",
                                            "state": {
                                                "id": "642a6748-942f-473d-96c6-a6c1b2e00e05",
                                                "name": "KHULNA"
                                            }
                                        },
                                        {
                                            "name": "KHOKSA",
                                            "id": "2efbd4a2-b662-4471-a226-7feb55866616",
                                            "state": {
                                                "id": "642a6748-942f-473d-96c6-a6c1b2e00e05",
                                                "name": "KHULNA"
                                            }
                                        },
                                        {
                                            "name": "DAULATPUR",
                                            "id": "ca60c131-5d3d-4e69-a08a-e346ffaea90a",
                                            "state": {
                                                "id": "642a6748-942f-473d-96c6-a6c1b2e00e05",
                                                "name": "KHULNA"
                                            }
                                        }
                                    ]
                                },
                                {
                                    "id": "3f0b76be-22bf-4ac9-8a29-0dc53c9641c5",
                                    "name": "BOGURA",
                                    "upazilas": [
                                        {
                                            "name": "SHERPUR",
                                            "id": "27718256-3ec0-4b90-803d-2e077b4c6bb7",
                                            "state": {
                                                "id": "d68c68d2-108e-4635-93d1-28c44525f178",
                                                "name": "RAJSHAHI"
                                            }
                                        },
                                        {
                                            "name": "SARIAKANDI",
                                            "id": "c5843f0e-3bc2-4e45-b823-b5ca3c5c9991",
                                            "state": {
                                                "id": "d68c68d2-108e-4635-93d1-28c44525f178",
                                                "name": "RAJSHAHI"
                                            }
                                        },
                                        {
                                            "name": "NANDIGRAM",
                                            "id": "1085c7de-e430-45fc-970e-79f4336a854a",
                                            "state": {
                                                "id": "d68c68d2-108e-4635-93d1-28c44525f178",
                                                "name": "RAJSHAHI"
                                            }
                                        },
                                        {
                                            "name": "ADAMDIGHI",
                                            "id": "d4fb9820-bf93-498b-bbd9-68c432008c8b",
                                            "state": {
                                                "id": "d68c68d2-108e-4635-93d1-28c44525f178",
                                                "name": "RAJSHAHI"
                                            }
                                        },
                                        {
                                            "name": "DHUNAT",
                                            "id": "4ae13d59-e9e4-47c7-afc0-9f8bfa03e321",
                                            "state": {
                                                "id": "d68c68d2-108e-4635-93d1-28c44525f178",
                                                "name": "RAJSHAHI"
                                            }
                                        },
                                        {
                                            "name": "GABTALI",
                                            "id": "23160f5f-aec6-4b0b-81c4-5aa895621020",
                                            "state": {
                                                "id": "d68c68d2-108e-4635-93d1-28c44525f178",
                                                "name": "RAJSHAHI"
                                            }
                                        },
                                        {
                                            "name": "SONATALA",
                                            "id": "72bf0fce-8301-4e93-b9ce-e7b776e5bd6f",
                                            "state": {
                                                "id": "d68c68d2-108e-4635-93d1-28c44525f178",
                                                "name": "RAJSHAHI"
                                            }
                                        },
                                        {
                                            "name": "BOGRA_SADAR",
                                            "id": "dcf677c9-ffde-466c-a5fd-72d273586b19",
                                            "state": {
                                                "id": "d68c68d2-108e-4635-93d1-28c44525f178",
                                                "name": "RAJSHAHI"
                                            }
                                        },
                                        {
                                            "name": "SAHAJANPUR",
                                            "id": "bfaadb41-661b-4556-8b5c-6d8a2611e817",
                                            "state": {
                                                "id": "d68c68d2-108e-4635-93d1-28c44525f178",
                                                "name": "RAJSHAHI"
                                            }
                                        },
                                        {
                                            "name": "KAHALOO",
                                            "id": "303a6199-9118-46c1-b9ec-68e991107bb5",
                                            "state": {
                                                "id": "d68c68d2-108e-4635-93d1-28c44525f178",
                                                "name": "RAJSHAHI"
                                            }
                                        },
                                        {
                                            "name": "DHUPCHANCHIA",
                                            "id": "25c404c7-009d-4b24-aa5b-8b2a8de06f02",
                                            "state": {
                                                "id": "d68c68d2-108e-4635-93d1-28c44525f178",
                                                "name": "RAJSHAHI"
                                            }
                                        }
                                    ]
                                },
                                {
                                    "id": "acac9cb9-207c-48b8-bf7f-2bb26c3cbaf3",
                                    "name": "SUNAMGANJ",
                                    "upazilas": [
                                        {
                                            "name": "DOWARABAZAR",
                                            "id": "cff4ac7e-408b-4f6b-87ab-3009304229e8",
                                            "state": {
                                                "id": "2f2f0cc1-587a-4dad-a3f0-83c0bac697ec",
                                                "name": "SYLHET"
                                            }
                                        },
                                        {
                                            "name": "JAMALGANJ",
                                            "id": "dc3ee901-0d99-4235-9097-9392156a30b2",
                                            "state": {
                                                "id": "2f2f0cc1-587a-4dad-a3f0-83c0bac697ec",
                                                "name": "SYLHET"
                                            }
                                        },
                                        {
                                            "name": "SUNAMGANJ_SADAR",
                                            "id": "4fef6ecc-27ee-4547-b1f2-cac270075800",
                                            "state": {
                                                "id": "2f2f0cc1-587a-4dad-a3f0-83c0bac697ec",
                                                "name": "SYLHET"
                                            }
                                        },
                                        {
                                            "name": "CHHATAK",
                                            "id": "2850075b-f85b-4b3e-9464-fb094fdab0d1",
                                            "state": {
                                                "id": "2f2f0cc1-587a-4dad-a3f0-83c0bac697ec",
                                                "name": "SYLHET"
                                            }
                                        },
                                        {
                                            "name": "BISHWAMVARPUR",
                                            "id": "bd2a5b8d-2db7-4457-890f-cb7949ab679b",
                                            "state": {
                                                "id": "2f2f0cc1-587a-4dad-a3f0-83c0bac697ec",
                                                "name": "SYLHET"
                                            }
                                        },
                                        {
                                            "name": "TAHIRPUR",
                                            "id": "e629bf90-c502-4b6a-ab23-1c0e2ed8c422",
                                            "state": {
                                                "id": "2f2f0cc1-587a-4dad-a3f0-83c0bac697ec",
                                                "name": "SYLHET"
                                            }
                                        },
                                        {
                                            "name": "SHANTHIGANJ",
                                            "id": "1d7a3c9c-c35f-4813-a587-a3b823c24929",
                                            "state": {
                                                "id": "2f2f0cc1-587a-4dad-a3f0-83c0bac697ec",
                                                "name": "SYLHET"
                                            }
                                        },
                                        {
                                            "name": "DHARAMPASHA",
                                            "id": "eef5310f-38fa-46a5-8c0d-1a1921b45c75",
                                            "state": {
                                                "id": "2f2f0cc1-587a-4dad-a3f0-83c0bac697ec",
                                                "name": "SYLHET"
                                            }
                                        },
                                        {
                                            "name": "DERAI",
                                            "id": "cdd49f46-021e-402f-b1e9-bab17bf44714",
                                            "state": {
                                                "id": "2f2f0cc1-587a-4dad-a3f0-83c0bac697ec",
                                                "name": "SYLHET"
                                            }
                                        },
                                        {
                                            "name": "SULLA",
                                            "id": "f4446cae-89b8-4db4-844b-d46ac7d71a8d",
                                            "state": {
                                                "id": "2f2f0cc1-587a-4dad-a3f0-83c0bac697ec",
                                                "name": "SYLHET"
                                            }
                                        },
                                        {
                                            "name": "MODHYANAGAR",
                                            "id": "f2eb6c8d-a10e-4f30-bf84-758a716f9e5b",
                                            "state": {
                                                "id": "2f2f0cc1-587a-4dad-a3f0-83c0bac697ec",
                                                "name": "SYLHET"
                                            }
                                        },
                                        {
                                            "name": "JAGANNATHPUR",
                                            "id": "ed7e25d5-9cae-409c-b4b6-ec487ae79e26",
                                            "state": {
                                                "id": "2f2f0cc1-587a-4dad-a3f0-83c0bac697ec",
                                                "name": "SYLHET"
                                            }
                                        }
                                    ]
                                },
                                {
                                    "id": "440478fc-7e81-4b0e-9e11-7a30d0240c6a",
                                    "name": "THAKURGAON",
                                    "upazilas": [
                                        {
                                            "name": "RANISANKAIL",
                                            "id": "3fe1bae0-b945-47c8-b858-143e99d1345c",
                                            "state": {
                                                "id": "b8c19906-b4fc-4745-ac93-af957934136b",
                                                "name": "RANGPUR"
                                            }
                                        },
                                        {
                                            "name": "BALIADANGI",
                                            "id": "bc011048-a141-4782-80e6-1de7933f976f",
                                            "state": {
                                                "id": "b8c19906-b4fc-4745-ac93-af957934136b",
                                                "name": "RANGPUR"
                                            }
                                        },
                                        {
                                            "name": "THAKURGAON_SADAR",
                                            "id": "e76216bc-9591-448d-bdd2-f11337f1d167",
                                            "state": {
                                                "id": "b8c19906-b4fc-4745-ac93-af957934136b",
                                                "name": "RANGPUR"
                                            }
                                        },
                                        {
                                            "name": "HARIPUR",
                                            "id": "a057fd71-762f-4e3b-94c4-b0c25f1330e1",
                                            "state": {
                                                "id": "b8c19906-b4fc-4745-ac93-af957934136b",
                                                "name": "RANGPUR"
                                            }
                                        },
                                        {
                                            "name": "PIRGANJ",
                                            "id": "6f84b588-ac8a-4a62-b9ea-5d2ca913c00c",
                                            "state": {
                                                "id": "b8c19906-b4fc-4745-ac93-af957934136b",
                                                "name": "RANGPUR"
                                            }
                                        }
                                    ]
                                },
                                {
                                    "id": "7597f272-f003-4db4-8568-e8f45cb1a56d",
                                    "name": "PANCHAGARH",
                                    "upazilas": [
                                        {
                                            "name": "TETULIA",
                                            "id": "4f9f299d-6613-41be-ab21-4997945547c1",
                                            "state": {
                                                "id": "b8c19906-b4fc-4745-ac93-af957934136b",
                                                "name": "RANGPUR"
                                            }
                                        },
                                        {
                                            "name": "ATWARI",
                                            "id": "1a02f5b1-d095-4d55-9d14-045721e6c40d",
                                            "state": {
                                                "id": "b8c19906-b4fc-4745-ac93-af957934136b",
                                                "name": "RANGPUR"
                                            }
                                        },
                                        {
                                            "name": "BODA",
                                            "id": "d005e319-3338-4877-936c-c01c42003faf",
                                            "state": {
                                                "id": "b8c19906-b4fc-4745-ac93-af957934136b",
                                                "name": "RANGPUR"
                                            }
                                        },
                                        {
                                            "name": "PANCHAGARH_SADAR",
                                            "id": "7c487b8b-afc0-426f-a5a3-2df6ca17e2b7",
                                            "state": {
                                                "id": "b8c19906-b4fc-4745-ac93-af957934136b",
                                                "name": "RANGPUR"
                                            }
                                        },
                                        {
                                            "name": "DEBIGANJ",
                                            "id": "c69f7be1-f80c-49a0-a422-816cc0aedbe2",
                                            "state": {
                                                "id": "b8c19906-b4fc-4745-ac93-af957934136b",
                                                "name": "RANGPUR"
                                            }
                                        }
                                    ]
                                },
                                {
                                    "id": "02e94441-6145-4fbc-b185-7147f9433b0d",
                                    "name": "KHAGRACHARI",
                                    "upazilas": [
                                        {
                                            "name": "LAKSHMICHHARI",
                                            "id": "15bb16dd-f946-4d7f-ba1a-3833795ce9ae",
                                            "state": {
                                                "id": "d4e8944a-6e8f-4d6e-a313-2228cfe9a567",
                                                "name": "CHITTAGONG"
                                            }
                                        },
                                        {
                                            "name": "MANIKCHHARI",
                                            "id": "7ccab6c5-4db7-4c96-b5c2-f9bf8f4b4b2e",
                                            "state": {
                                                "id": "d4e8944a-6e8f-4d6e-a313-2228cfe9a567",
                                                "name": "CHITTAGONG"
                                            }
                                        },
                                        {
                                            "name": "MAHALCHHARI",
                                            "id": "8d6273ce-8713-4857-8d7f-645ec8cf7b49",
                                            "state": {
                                                "id": "d4e8944a-6e8f-4d6e-a313-2228cfe9a567",
                                                "name": "CHITTAGONG"
                                            }
                                        },
                                        {
                                            "name": "DIGHINALA",
                                            "id": "56d905ea-5cc1-4c95-aa62-a369fa67ef86",
                                            "state": {
                                                "id": "d4e8944a-6e8f-4d6e-a313-2228cfe9a567",
                                                "name": "CHITTAGONG"
                                            }
                                        },
                                        {
                                            "name": "MATIRANGA",
                                            "id": "5a40f09b-f1fc-4a4c-9339-7242810be320",
                                            "state": {
                                                "id": "d4e8944a-6e8f-4d6e-a313-2228cfe9a567",
                                                "name": "CHITTAGONG"
                                            }
                                        },
                                        {
                                            "name": "PANCHHARI",
                                            "id": "72bf30e6-6965-4134-82ee-942435bf0cf8",
                                            "state": {
                                                "id": "d4e8944a-6e8f-4d6e-a313-2228cfe9a567",
                                                "name": "CHITTAGONG"
                                            }
                                        },
                                        {
                                            "name": "KHAGRACHHARI",
                                            "id": "0b5ba0d4-cf95-4748-a05d-3243c24b9c2b",
                                            "state": {
                                                "id": "d4e8944a-6e8f-4d6e-a313-2228cfe9a567",
                                                "name": "CHITTAGONG"
                                            }
                                        },
                                        {
                                            "name": "RAMGARH",
                                            "id": "3a985352-6aac-42ca-9d46-0104299d9d5b",
                                            "state": {
                                                "id": "d4e8944a-6e8f-4d6e-a313-2228cfe9a567",
                                                "name": "CHITTAGONG"
                                            }
                                        }
                                    ]
                                },
                                {
                                    "id": "2bdb9cb8-429c-4c87-8651-44eb75bba39f",
                                    "name": "RANGAMATI",
                                    "upazilas": [
                                        {
                                            "name": "KAPTAI",
                                            "id": "b1e5c4ba-9a01-40d7-ae06-e2eff4512f64",
                                            "state": {
                                                "id": "d4e8944a-6e8f-4d6e-a313-2228cfe9a567",
                                                "name": "CHITTAGONG"
                                            }
                                        },
                                        {
                                            "name": "BELAICHHARI",
                                            "id": "66e451b0-a6e5-4797-ae4e-6e3337e8f656",
                                            "state": {
                                                "id": "d4e8944a-6e8f-4d6e-a313-2228cfe9a567",
                                                "name": "CHITTAGONG"
                                            }
                                        },
                                        {
                                            "name": "LANGADU",
                                            "id": "b0ec8354-8a29-4b89-b657-29036d5ff491",
                                            "state": {
                                                "id": "d4e8944a-6e8f-4d6e-a313-2228cfe9a567",
                                                "name": "CHITTAGONG"
                                            }
                                        },
                                        {
                                            "name": "BAGAICHHARI",
                                            "id": "ab30a268-d429-4a3b-ac46-d6b3962a9746",
                                            "state": {
                                                "id": "d4e8944a-6e8f-4d6e-a313-2228cfe9a567",
                                                "name": "CHITTAGONG"
                                            }
                                        },
                                        {
                                            "name": "BARKAL",
                                            "id": "07a7db0e-69ce-417d-8268-7bebb57c11ae",
                                            "state": {
                                                "id": "d4e8944a-6e8f-4d6e-a313-2228cfe9a567",
                                                "name": "CHITTAGONG"
                                            }
                                        },
                                        {
                                            "name": "KAUKHALI",
                                            "id": "303fd905-dc54-4d74-8371-dfc1f477bfc9",
                                            "state": {
                                                "id": "d4e8944a-6e8f-4d6e-a313-2228cfe9a567",
                                                "name": "CHITTAGONG"
                                            }
                                        },
                                        {
                                            "name": "RAJASTHALI",
                                            "id": "1fcbd368-6caa-4dbd-a9fa-2a00e89e77fc",
                                            "state": {
                                                "id": "d4e8944a-6e8f-4d6e-a313-2228cfe9a567",
                                                "name": "CHITTAGONG"
                                            }
                                        },
                                        {
                                            "name": "JURAICHHARI",
                                            "id": "3f4328c9-7b1e-40e9-ad79-d66389645310",
                                            "state": {
                                                "id": "d4e8944a-6e8f-4d6e-a313-2228cfe9a567",
                                                "name": "CHITTAGONG"
                                            }
                                        },
                                        {
                                            "name": "NANNERCHAR",
                                            "id": "fb57848d-e0b9-4051-816c-712fac450852",
                                            "state": {
                                                "id": "d4e8944a-6e8f-4d6e-a313-2228cfe9a567",
                                                "name": "CHITTAGONG"
                                            }
                                        },
                                        {
                                            "name": "RANGAMATI_SADAR",
                                            "id": "1f383e09-c643-4780-a625-02d83259cd37",
                                            "state": {
                                                "id": "d4e8944a-6e8f-4d6e-a313-2228cfe9a567",
                                                "name": "CHITTAGONG"
                                            }
                                        }
                                    ]
                                }
                            ]
                        },
                        {
                            "name": "Pakistan",
                            "id": "bc79ebd2-95a6-46e5-8ade-e7f494021b83",
                            "districts": [
                                
                            ]
                        },
                        {
                            "name": "India",
                            "id": "82ec6692-b098-4803-8cc0-8df58d65ed10",
                            "districts": [
                                
                            ]
                        }
                    ]
                }
            },
            {
                "id": "cedf0037-0cb1-4ad8-8a83-9ae64bc44992",
                "region": {
                    "countries": [
                        {
                            "name": "Angola",
                            "id": "5e9f919f-2d42-42ec-8b6c-adf7f7b3cd0b",
                            "districts": [
                                
                            ]
                        },
                        {
                            "name": "Cabo Verde",
                            "id": "e5489353-76dd-4d8d-b61e-d349c6356c68",
                            "districts": [
                                
                            ]
                        },
                        {
                            "name": "Mali",
                            "id": "dd9791d1-fea1-4b9d-9076-37e499de6307",
                            "districts": [
                                
                            ]
                        },
                        {
                            "name": "British Indian Ocean Territory",
                            "id": "20479535-b47b-41ba-8cab-b7024bd8ec82",
                            "districts": [
                                
                            ]
                        },
                        {
                            "name": "Gambia",
                            "id": "efec8f57-a2fb-4f95-b662-d72b21d301ed",
                            "districts": [
                                
                            ]
                        },
                        {
                            "name": "Zambia",
                            "id": "4992bec5-10a9-49df-ad13-69aa7cdcfef6",
                            "districts": [
                                
                            ]
                        },
                        {
                            "name": "Eswatini",
                            "id": "d044d249-e941-47bb-8fae-8cab328ca575",
                            "districts": [
                                
                            ]
                        },
                        {
                            "name": "Mayotte",
                            "id": "f4b83278-abe2-46f6-b0c0-50eceba9a35f",
                            "districts": [
                                
                            ]
                        },
                        {
                            "name": "Burundi",
                            "id": "310ab811-40b5-48da-8a66-e7562f4cf9d1",
                            "districts": [
                                
                            ]
                        },
                        {
                            "name": "Liberia",
                            "id": "86d6e276-b027-4cf8-ad4d-c4793b3425cf",
                            "districts": [
                                
                            ]
                        },
                        {
                            "name": "Mauritius",
                            "id": "a06fe50f-4ff3-483a-83c6-01ce4068ab36",
                            "districts": [
                                
                            ]
                        },
                        {
                            "name": "Sao Tome and Principe",
                            "id": "712df7d0-5d1b-401b-a832-911354b38baf",
                            "districts": [
                                
                            ]
                        },
                        {
                            "name": "Senegal",
                            "id": "990cb125-2ede-4648-b5d4-698d0e6ad712",
                            "districts": [
                                
                            ]
                        },
                        {
                            "name": "Botswana",
                            "id": "f177f103-59bd-4527-831e-101af0a373bd",
                            "districts": [
                                
                            ]
                        },
                        {
                            "name": "Rwanda",
                            "id": "5507db6a-9757-40e2-a498-f8cb8df70fb8",
                            "districts": [
                                
                            ]
                        },
                        {
                            "name": "Niger",
                            "id": "74150778-002b-4ca3-a064-41c5cad3f026",
                            "districts": [
                                
                            ]
                        },
                        {
                            "name": "Benin",
                            "id": "ec5d7439-de38-46d4-8a31-7b23b9525984",
                            "districts": [
                                
                            ]
                        },
                        {
                            "name": "Réunion",
                            "id": "e0f20522-cffc-4e66-8e7d-9334f35fce95",
                            "districts": [
                                
                            ]
                        },
                        {
                            "name": "South Africa",
                            "id": "9a7647d2-60ca-429d-90e5-905edaff872c",
                            "districts": [
                                
                            ]
                        },
                        {
                            "name": "Ghana",
                            "id": "9662349e-2c36-496a-83d5-6f746ae768a7",
                            "districts": [
                                
                            ]
                        },
                        {
                            "name": "Congo",
                            "id": "33c8a05e-4d63-49cd-a5f1-0f4a1d5ab13e",
                            "districts": [
                                
                            ]
                        },
                        {
                            "name": "Guinea-Bissau",
                            "id": "64d1845d-1963-40bc-a31b-1f45084f1644",
                            "districts": [
                                
                            ]
                        },
                        {
                            "name": "Togo",
                            "id": "9d383757-b95f-44da-b535-3887ed82679f",
                            "districts": [
                                
                            ]
                        },
                        {
                            "name": "Namibia",
                            "id": "cf9f295f-bf4c-4a8b-8738-53c6a9ed55b1",
                            "districts": [
                                
                            ]
                        },
                        {
                            "name": "Djibouti",
                            "id": "ba974fdc-3dea-4b6b-a2f3-34624faa59a7",
                            "districts": [
                                
                            ]
                        },
                        {
                            "name": "Gabon",
                            "id": "8f6be81f-6b58-4a61-b684-5c2d620a0e74",
                            "districts": [
                                
                            ]
                        },
                        {
                            "name": "Lesotho",
                            "id": "300752f4-088e-403c-95b0-7a670c09f8cc",
                            "districts": [
                                
                            ]
                        },
                        {
                            "name": "Madagascar",
                            "id": "eb4c5e71-f839-4f3c-8e93-49ef57f4fe8d",
                            "districts": [
                                
                            ]
                        },
                        {
                            "name": "Uganda",
                            "id": "b1693449-e104-47c0-94db-f55cc6c850d5",
                            "districts": [
                                
                            ]
                        },
                        {
                            "name": "Côte d\"Ivoire",
                            "id": "59276e01-0d64-487a-aec6-332ae91f9909",
                            "districts": [
                                
                            ]
                        },
                        {
                            "name": "Nigeria",
                            "id": "3c94aa61-055d-4c38-a40b-67dff395beda",
                            "districts": [
                                
                            ]
                        },
                        {
                            "name": "Zimbabwe",
                            "id": "bfbf9853-bae3-4e57-b7cd-1e9228e8b1f3",
                            "districts": [
                                
                            ]
                        },
                        {
                            "name": "Seychelles",
                            "id": "4c63d1f6-87ba-45f1-9414-eb22bfba46c2",
                            "districts": [
                                
                            ]
                        },
                        {
                            "name": "Cameroon",
                            "id": "0495fba0-693d-433a-a9ef-6bc2ccab6093",
                            "districts": [
                                
                            ]
                        },
                        {
                            "name": "Guinea",
                            "id": "eda1a6fb-f95b-4664-b352-8a468c499b34",
                            "districts": [
                                
                            ]
                        },
                        {
                            "name": "Kenya",
                            "id": "06702720-9c60-4210-8eed-8824f1cc80c2",
                            "districts": [
                                
                            ]
                        },
                        {
                            "name": "Mozambique",
                            "id": "df394703-b3a5-4d0f-aa33-db8b10ba29ab",
                            "districts": [
                                
                            ]
                        },
                        {
                            "name": "Saint Helena, Ascension and Tristan da Cunha",
                            "id": "e379e052-1704-4e98-b4fd-fdac7ca1f9a0",
                            "districts": [
                                
                            ]
                        },
                        {
                            "name": "Ethiopia",
                            "id": "77d5d6a2-5f01-41b8-b06d-88b9efc618f8",
                            "districts": [
                                
                            ]
                        },
                        {
                            "name": "Comoros",
                            "id": "ae0a4c53-9eea-4b4f-b7ab-98750eb58582",
                            "districts": [
                                
                            ]
                        },
                        {
                            "name": "Malawi",
                            "id": "31ffdf7e-d375-4c19-8b4c-6ac8e4486727",
                            "districts": [
                                
                            ]
                        },
                        {
                            "name": "Somalia",
                            "id": "630c356f-e198-4cd0-8e91-b29002c2aca7",
                            "districts": [
                                
                            ]
                        },
                        {
                            "name": "Congo, Democratic Republic of the",
                            "id": "55a5fe27-565c-4963-88c0-9a3ec24dea5c",
                            "districts": [
                                
                            ]
                        },
                        {
                            "name": "Equatorial Guinea",
                            "id": "9d2dd243-9754-4962-a556-6dbbf85b248a",
                            "districts": [
                                
                            ]
                        },
                        {
                            "name": "Chad",
                            "id": "4c4abd99-f4df-4fee-bac5-e2a1eef7ec0f",
                            "districts": [
                                
                            ]
                        },
                        {
                            "name": "Tanzania, United Republic of",
                            "id": "30d8662e-655f-43c8-b307-a2dc0046ebe5",
                            "districts": [
                                
                            ]
                        },
                        {
                            "name": "Sierra Leone",
                            "id": "e2135c5c-dfd3-4d44-b16f-0c29186836ce",
                            "districts": [
                                
                            ]
                        },
                        {
                            "name": "Eritrea",
                            "id": "bdd50ea2-c82d-44e8-b493-09892c245a6d",
                            "districts": [
                                
                            ]
                        },
                        {
                            "name": "Central African Republic",
                            "id": "59d2224e-e8a9-4e08-bf66-6ca50cf3d5e7",
                            "districts": [
                                
                            ]
                        },
                        {
                            "name": "South Sudan",
                            "id": "96e00183-809e-408c-b2f2-0042a6a8a8ba",
                            "districts": [
                                
                            ]
                        },
                        {
                            "name": "Mauritania",
                            "id": "780c64c4-cea5-4b78-85af-7be29c96025f",
                            "districts": [
                                
                            ]
                        },
                        {
                            "name": "Burkina Faso",
                            "id": "cedf0037-0cb1-4ad8-8a83-9ae64bc44992",
                            "districts": [
                                
                            ]
                        }
                    ]
                }
            },
            {
                "id": "6b0da14e-212e-4d9c-a26c-f37a13b1a0d4",
                "region": {
                    "countries": [
                        {
                            "name": "Egypt",
                            "id": "118f9f5b-63b1-4bba-81bc-1f24d791fa1c",
                            "districts": [
                                
                            ]
                        },
                        {
                            "name": "Libya",
                            "id": "6a3d82cb-b14a-4f8d-8ec1-54104715b045",
                            "districts": [
                                
                            ]
                        },
                        {
                            "name": "Tunisia",
                            "id": "5fce3077-fac8-4461-bf35-b912844ea013",
                            "districts": [
                                
                            ]
                        },
                        {
                            "name": "Algeria",
                            "id": "7f7e022b-f273-4c30-aeae-b265e7caed1b",
                            "districts": [
                                
                            ]
                        },
                        {
                            "name": "Morocco",
                            "id": "edb88011-b648-4109-8190-f89775e98670",
                            "districts": [
                                
                            ]
                        },
                        {
                            "name": "Sudan",
                            "id": "6b0da14e-212e-4d9c-a26c-f37a13b1a0d4",
                            "districts": [
                                
                            ]
                        }
                    ]
                }
            },
            {
                "id": "b2d5c8d1-21a7-433a-a592-38268c29f913",
                "region": {
                    "countries": [
                        {
                            "name": "Jordan",
                            "id": "57d77108-7390-4d8b-9175-09fa2278972f",
                            "districts": [
                                
                            ]
                        },
                        {
                            "name": "Yemen",
                            "id": "e36259b6-c350-4fdc-83dc-bfdbe04765d1",
                            "districts": [
                                
                            ]
                        },
                        {
                            "name": "Bahrain",
                            "id": "cb7d2601-26e1-4af4-b27c-1130bc908636",
                            "districts": [
                                
                            ]
                        },
                        {
                            "name": "Armenia",
                            "id": "8f0fda5d-e346-4016-8651-38bc0a9db13f",
                            "districts": [
                                
                            ]
                        },
                        {
                            "name": "Kuwait",
                            "id": "04c19ad3-d5fd-4432-be03-d0f3aa0bfef4",
                            "districts": [
                                
                            ]
                        },
                        {
                            "name": "United Arab Emirates",
                            "id": "191f578d-d3e2-49a4-803c-012c36fae6b8",
                            "districts": [
                                
                            ]
                        },
                        {
                            "name": "Lebanon",
                            "id": "7d6074eb-b44c-4e01-b064-9e67695b896b",
                            "districts": [
                                
                            ]
                        },
                        {
                            "name": "Singapore",
                            "id": "20786ba0-66e7-4c86-9e62-e27456f80ed0",
                            "districts": [
                                
                            ]
                        },
                        {
                            "name": "Palestine, State of",
                            "id": "c4dbf9dc-caad-4b9b-ab84-a178363717f4",
                            "districts": [
                                
                            ]
                        },
                        {
                            "name": "Syrian Arab Republic",
                            "id": "33760701-153e-4220-b9fa-ec4342d2f0e4",
                            "districts": [
                                
                            ]
                        },
                        {
                            "name": "Georgia",
                            "id": "371dea3e-0fa3-45de-898c-05dc08e4da37",
                            "districts": [
                                
                            ]
                        },
                        {
                            "name": "Oman",
                            "id": "ebba5457-cf3a-4c92-a296-c9304075a083",
                            "districts": [
                                
                            ]
                        },
                        {
                            "name": "Azerbaijan",
                            "id": "bf0dafd8-ebe6-4b98-86ab-ed8e16475794",
                            "districts": [
                                
                            ]
                        },
                        {
                            "name": "Philippines",
                            "id": "bd3959ff-aabe-46fa-ac07-055e8436407e",
                            "districts": [
                                
                            ]
                        },
                        {
                            "name": "Israel",
                            "id": "b9435680-f62e-4437-9179-0584ae6af227",
                            "districts": [
                                
                            ]
                        },
                        {
                            "name": "Turkey",
                            "id": "eb6d71b2-8583-4c12-9063-5439639e4817",
                            "districts": [
                                
                            ]
                        },
                        {
                            "name": "Qatar",
                            "id": "6bedb61d-4a24-414a-9ddd-adb4cc1cc389",
                            "districts": [
                                
                            ]
                        },
                        {
                            "name": "Cyprus",
                            "id": "9683b8ba-efbf-4e28-9a27-6d2108466189",
                            "districts": [
                                
                            ]
                        },
                        {
                            "name": "Iraq",
                            "id": "ea4c7ed2-9ce9-4151-9531-ff9af85def73",
                            "districts": [
                                
                            ]
                        },
                        {
                            "name": "Saudi Arabia",
                            "id": "b2d5c8d1-21a7-433a-a592-38268c29f913",
                            "districts": [
                                
                            ]
                        }
                    ]
                }
            },
            {
                "id": "66af6153-77ae-41b1-90bc-93e5d9a30416",
                "region": {
                    "countries": [
                        {
                            "name": "China",
                            "id": "99cdf9ef-7a80-40f1-801d-e294d5f9ee36",
                            "districts": [
                                
                            ]
                        },
                        {
                            "name": "Taiwan, Province of China",
                            "id": "46f6e154-7ea0-40e3-8ee2-68536a0b9e21",
                            "districts": [
                                
                            ]
                        },
                        {
                            "name": "Korea, Republic of",
                            "id": "2f24ae19-b361-4fe6-ac53-fbe75f5485d8",
                            "districts": [
                                
                            ]
                        },
                        {
                            "name": "Malaysia",
                            "id": "bb3e3ec0-3c59-46a6-9573-195fa8dd3c9e",
                            "districts": [
                                
                            ]
                        },
                        {
                            "name": "Korea (Democratic People\"s Republic of)",
                            "id": "6f72ac2e-f7a5-44c0-8726-98f91e72d8e9",
                            "districts": [
                                
                            ]
                        },
                        {
                            "name": "Myanmar",
                            "id": "7f1e32bc-9aae-4cd7-bcad-9dc6082d4811",
                            "districts": [
                                
                            ]
                        },
                        {
                            "name": "Macao",
                            "id": "e89a54d0-98ab-4404-b546-b87cdfab5e6c",
                            "districts": [
                                
                            ]
                        },
                        {
                            "name": "Mongolia",
                            "id": "8ccf4e8b-f765-4707-aff1-cb36bcbf5fb9",
                            "districts": [
                                
                            ]
                        },
                        {
                            "name": "Japan",
                            "id": "b893cdb3-ce45-4ff8-8c82-d0e5728d4fab",
                            "districts": [
                                
                            ]
                        },
                        {
                            "name": "Hong Kong",
                            "id": "66af6153-77ae-41b1-90bc-93e5d9a30416",
                            "districts": [
                                
                            ]
                        }
                    ]
                }
            }
        ]
    }
}
Array is not null
HTTP/1.1 200 OK
Date: Mon, 17 Jul 2023 14:31:30 GMT
Content-Type: application/json; charset=utf-8
Transfer-Encoding: chunked
Connection: keep-alive
x-powered-by: Express
access-control-allow-origin: *
etag: W/"35b-nroq8rmz0fg5RgaeDRZp2FlQfIU"
strict-transport-security: max-age=15724800; includeSubDomains
CF-Cache-Status: DYNAMIC
Report-To: {"endpoints":[{"url":"https:\/\/a.nel.cloudflare.com\/report\/v3?s=dbK0P2FGcqlcNC%2FQO%2F3BOgOUsWp36m9M%2FAxb85DShseMdXOFkslnsz1HbSTutd0fYKkl66%2Bwq5%2BMyNQt37s9qefAYWbYhCbn%2F8nX%2FzwWT9armRw%2FVL03fEXNQt9g7%2BaMydN3euXldslKMnzWxcRVZOPooBwonyBBTC47rFAX%2FTEh0ZnPLA%3D%3D"}],"group":"cf-nel","max_age":604800}
NEL: {"success_fraction":0,"report_to":"cf-nel","max_age":604800}
Server: cloudflare
CF-RAY: 7e83305e4fe83366-DAC
Content-Encoding: gzip
alt-svc: h3=":443"; ma=86400

{
    "data": {
        "connectConsoleLoginWithPassword": {
            "connect_id": "+8801674831500",
            "device_is_verified": true,
            "_token": "eyJhbGciOiJIUzI1NiIsInR5cCI6IkpXVCJ9.eyJpZCI6ImQyNzA0ZjFiLTBmZTEtNGZhYy05ZGQ3LTlmMWI3YzI3N2U4NSIsImdreWNfdXNlcl9pZCI6ImEzMzhkN2RjLTdjNzAtNDM4Zi04NjRmLWNkMjgzZmZkM2ZkZiIsInVzZXJfY2F0ZWdvcnlfaWQiOiJlNWM3ZmVjNi1lNTk1LTRkZWQtYTgzNy1iZjJmYWUyMWYxNDEiLCJyb2xlX3R5cGVfaWQiOiI0M2FiMzllZi0yN2NjLTQzYzItOTIzYy0wNzU1MmIxNjQ5NmUiLCJjb25uZWN0X2lkIjoiKzg4MDE2NzQ4MzE1MDAiLCJhcHBfaWQiOiI0YmIxMjEwZi03MzdhLTQ0YzItODM2NS01OGQ4ODlmMjc1MDQiLCJkZXZpY2VfaWQiOiI2YzY0NDI5MC00OWQ1LTQ5YzUtODY1YS04YmU5MWVhZWNkYjEiLCJkZXZpY2VfcGxhdGZvcm1fdHlwZV9pZCI6IjAxYTM5ZjYyLWY1ZjQtNGNiMi04NzBlLWRlZDE0OGRmOTZiOCIsImdreWNfY2F0ZWdvcnlfaWQiOiI0NjIxZGY2Yi0zZGNkLTRlYzAtOTkyMC02MmFiYjBiY2I2OTciLCJpYXQiOjE2ODk2MDQyOTAsImV4cCI6MTY4OTYzNDI5MH0.ruBIwak14WsyQcLXa62cTfWGmCu1cEm5H5j2gxS9Vdg"
        }
    }
}
{"data":{"connectConsoleLoginWithPassword":{"connect_id":"+8801674831500","device_is_verified":true,"_token":"eyJhbGciOiJIUzI1NiIsInR5cCI6IkpXVCJ9.eyJpZCI6ImQyNzA0ZjFiLTBmZTEtNGZhYy05ZGQ3LTlmMWI3YzI3N2U4NSIsImdreWNfdXNlcl9pZCI6ImEzMzhkN2RjLTdjNzAtNDM4Zi04NjRmLWNkMjgzZmZkM2ZkZiIsInVzZXJfY2F0ZWdvcnlfaWQiOiJlNWM3ZmVjNi1lNTk1LTRkZWQtYTgzNy1iZjJmYWUyMWYxNDEiLCJyb2xlX3R5cGVfaWQiOiI0M2FiMzllZi0yN2NjLTQzYzItOTIzYy0wNzU1MmIxNjQ5NmUiLCJjb25uZWN0X2lkIjoiKzg4MDE2NzQ4MzE1MDAiLCJhcHBfaWQiOiI0YmIxMjEwZi03MzdhLTQ0YzItODM2NS01OGQ4ODlmMjc1MDQiLCJkZXZpY2VfaWQiOiI2YzY0NDI5MC00OWQ1LTQ5YzUtODY1YS04YmU5MWVhZWNkYjEiLCJkZXZpY2VfcGxhdGZvcm1fdHlwZV9pZCI6IjAxYTM5ZjYyLWY1ZjQtNGNiMi04NzBlLWRlZDE0OGRmOTZiOCIsImdreWNfY2F0ZWdvcnlfaWQiOiI0NjIxZGY2Yi0zZGNkLTRlYzAtOTkyMC02MmFiYjBiY2I2OTciLCJpYXQiOjE2ODk2MDQyOTAsImV4cCI6MTY4OTYzNDI5MH0.ruBIwak14WsyQcLXa62cTfWGmCu1cEm5H5j2gxS9Vdg"}}}

Array is Not null
]]></system-out>
  <system-err><![CDATA[]]></system-err>
</testsuite>
