<?xml version="1.0" encoding="UTF-8"?>
<testsuite name="connect_console.connect_console_financial_service.connect_console_kyc_request_information.mutations" tests="5" skipped="0" failures="1" errors="0" timestamp="2023-07-18T10:55:41" hostname="DESKTOP-0SGIEQL" time="6.997">
  <properties/>
  <testcase name="MutationKycBulkRequest" classname="connect_console.connect_console_financial_service.connect_console_kyc_request_information.mutations" time="3.09"/>
  <testcase name="MutationKycRequest" classname="connect_console.connect_console_financial_service.connect_console_kyc_request_information.mutations" time="2.674"/>
  <testcase name="MutationKycRequestInformationInsertOne" classname="connect_console.connect_console_financial_service.connect_console_kyc_request_information.mutations" time="0.31">
    <failure message="java.lang.NullPointerException" type="java.lang.NullPointerException">java.lang.NullPointerException
	at connect_console.connect_console_financial_service.connect_console_kyc_request_information.testcase.mutationKycRequestInformationInsertOne(testcase.java:392)
	at connect_console.connect_console_financial_service.connect_console_kyc_request_information.mutations.MutationKycRequestInformationInsertOne(mutations.java:36)
	at sun.reflect.NativeMethodAccessorImpl.invoke0(Native Method)
	at sun.reflect.NativeMethodAccessorImpl.invoke(NativeMethodAccessorImpl.java:62)
	at sun.reflect.DelegatingMethodAccessorImpl.invoke(DelegatingMethodAccessorImpl.java:43)
	at java.lang.reflect.Method.invoke(Method.java:498)
	at org.testng.internal.MethodInvocationHelper.invokeMethod(MethodInvocationHelper.java:134)
	at org.testng.internal.TestInvoker.invokeMethod(TestInvoker.java:597)
	at org.testng.internal.TestInvoker.invokeTestMethod(TestInvoker.java:173)
	at org.testng.internal.MethodRunner.runInSequence(MethodRunner.java:46)
	at org.testng.internal.TestInvoker$MethodInvocationAgent.invoke(TestInvoker.java:816)
	at org.testng.internal.TestInvoker.invokeTestMethods(TestInvoker.java:146)
	at org.testng.internal.TestMethodWorker.invokeTestMethods(TestMethodWorker.java:146)
	at org.testng.internal.TestMethodWorker.run(TestMethodWorker.java:128)
	at java.util.ArrayList.forEach(ArrayList.java:1259)
	at org.testng.TestRunner.privateRun(TestRunner.java:766)
	at org.testng.TestRunner.run(TestRunner.java:587)
	at org.testng.SuiteRunner.runTest(SuiteRunner.java:384)
	at org.testng.SuiteRunner.runSequentially(SuiteRunner.java:378)
	at org.testng.SuiteRunner.privateRun(SuiteRunner.java:337)
	at org.testng.SuiteRunner.run(SuiteRunner.java:286)
	at org.testng.SuiteRunnerWorker.runSuite(SuiteRunnerWorker.java:53)
	at org.testng.SuiteRunnerWorker.run(SuiteRunnerWorker.java:96)
	at org.testng.TestNG.runSuitesSequentially(TestNG.java:1187)
	at org.testng.TestNG.runSuitesLocally(TestNG.java:1109)
	at org.testng.TestNG.runSuites(TestNG.java:1039)
	at org.testng.TestNG.run(TestNG.java:1007)
	at org.gradle.api.internal.tasks.testing.testng.TestNGTestClassProcessor.runTests(TestNGTestClassProcessor.java:141)
	at org.gradle.api.internal.tasks.testing.testng.TestNGTestClassProcessor.stop(TestNGTestClassProcessor.java:90)
	at org.gradle.api.internal.tasks.testing.SuiteTestClassProcessor.stop(SuiteTestClassProcessor.java:61)
	at sun.reflect.NativeMethodAccessorImpl.invoke0(Native Method)
	at sun.reflect.NativeMethodAccessorImpl.invoke(NativeMethodAccessorImpl.java:62)
	at sun.reflect.DelegatingMethodAccessorImpl.invoke(DelegatingMethodAccessorImpl.java:43)
	at java.lang.reflect.Method.invoke(Method.java:498)
	at org.gradle.internal.dispatch.ReflectionDispatch.dispatch(ReflectionDispatch.java:36)
	at org.gradle.internal.dispatch.ReflectionDispatch.dispatch(ReflectionDispatch.java:24)
	at org.gradle.internal.dispatch.ContextClassLoaderDispatch.dispatch(ContextClassLoaderDispatch.java:33)
	at org.gradle.internal.dispatch.ProxyDispatchAdapter$DispatchingInvocationHandler.invoke(ProxyDispatchAdapter.java:94)
	at com.sun.proxy.$Proxy2.stop(Unknown Source)
	at org.gradle.api.internal.tasks.testing.worker.TestWorker$3.run(TestWorker.java:193)
	at org.gradle.api.internal.tasks.testing.worker.TestWorker.executeAndMaintainThreadName(TestWorker.java:129)
	at org.gradle.api.internal.tasks.testing.worker.TestWorker.execute(TestWorker.java:100)
	at org.gradle.api.internal.tasks.testing.worker.TestWorker.execute(TestWorker.java:60)
	at org.gradle.process.internal.worker.child.ActionExecutionWorker.execute(ActionExecutionWorker.java:56)
	at org.gradle.process.internal.worker.child.SystemApplicationClassLoaderWorker.call(SystemApplicationClassLoaderWorker.java:133)
	at org.gradle.process.internal.worker.child.SystemApplicationClassLoaderWorker.call(SystemApplicationClassLoaderWorker.java:71)
	at worker.org.gradle.process.internal.worker.GradleWorkerMain.run(GradleWorkerMain.java:69)
	at worker.org.gradle.process.internal.worker.GradleWorkerMain.main(GradleWorkerMain.java:74)
</failure>
  </testcase>
  <testcase name="MutationStatementBulkRequest" classname="connect_console.connect_console_financial_service.connect_console_kyc_request_information.mutations" time="0.373"/>
  <testcase name="MutationStatementRequest" classname="connect_console.connect_console_financial_service.connect_console_kyc_request_information.mutations" time="0.431"/>
  <system-out><![CDATA[HTTP/1.1 200 OK
Date: Tue, 18 Jul 2023 10:55:44 GMT
Content-Type: application/json; charset=utf-8
Transfer-Encoding: chunked
Connection: keep-alive
x-powered-by: Express
access-control-allow-origin: *
etag: W/"7c-sMA37C6irskN+GJp+gS9p9IkBz0"
strict-transport-security: max-age=15724800; includeSubDomains
CF-Cache-Status: DYNAMIC
Report-To: {"endpoints":[{"url":"https:\/\/a.nel.cloudflare.com\/report\/v3?s=XeUKs%2BGGdx%2Fm4Q8h484Vj6pi%2FUJXG%2Fn1Hl2Z4avhAeggubeaUd5d28j%2FSdcFj4uVV7%2BMpcPKL5Nhzle2Fj%2BaQQIQjyfluVqTFhrBj4RSDnsTzvnzy1A8tcUFseZIiY7k3%2FQMxDpuvSAyYIPzYfw%2FEi%2FCkCgjVlwkYc4%2F2qSoOi3RaRT5Vg%3D%3D"}],"group":"cf-nel","max_age":604800}
NEL: {"success_fraction":0,"report_to":"cf-nel","max_age":604800}
Server: cloudflare
CF-RAY: 7e8a31ae29cc4ea0-DAC
Content-Encoding: gzip
alt-svc: h3=":443"; ma=86400

{
    "data": {
        "connectConsoleFinancialServiceKycRequestInformationClientKycBulkRequest": "File has been successfully uploaded."
    }
}
Message is: File has been successfully uploaded.
Array is not null
HTTP/1.1 200 OK
Date: Tue, 18 Jul 2023 10:55:48 GMT
Content-Type: application/json; charset=utf-8
Transfer-Encoding: chunked
Connection: keep-alive
x-powered-by: Express
access-control-allow-origin: *
etag: W/"9d-Jj2/SXxXodl40lRd7VP13WwmPVg"
strict-transport-security: max-age=15724800; includeSubDomains
CF-Cache-Status: DYNAMIC
Report-To: {"endpoints":[{"url":"https:\/\/a.nel.cloudflare.com\/report\/v3?s=VNBw3i2GhRQ%2ByZ01y%2FYgbyphTzu19H5Iz53VGjCmH8uOPjYwhcstICP04DyTZyzE75PVhChXwTNSVt9rFUGRLRV5IJdKg%2FZG53J0nzuYlonRPQKtu2TBbGWSaZzpqP4MxjcmMTn5L84DQ9Ume2GDIOxytCfVJ0cCSTqjvMm3oam7CKnGfg%3D%3D"}],"group":"cf-nel","max_age":604800}
NEL: {"success_fraction":0,"report_to":"cf-nel","max_age":604800}
Server: cloudflare
CF-RAY: 7e8a31b65b374ea2-DAC
Content-Encoding: gzip
alt-svc: h3=":443"; ma=86400

{
    "data": {
        "connectConsoleFinancialServiceKycRequestInformationClientKycRequest": {
            "id": "cff36432-392c-4e29-a48b-aa09d83cdef8",
            "kyc_request_no": "MVAB2OL84P"
        }
    }
}
{"data":{"connectConsoleFinancialServiceKycRequestInformationClientKycRequest":{"id":"cff36432-392c-4e29-a48b-aa09d83cdef8","kyc_request_no":"MVAB2OL84P"}}}

kyc_request_no is MVAB2OL84P
Expected Matching true
Array is not null
HTTP/1.1 200 OK
Date: Tue, 18 Jul 2023 10:55:48 GMT
Content-Type: application/json; charset=utf-8
Transfer-Encoding: chunked
Connection: keep-alive
x-powered-by: Express
access-control-allow-origin: *
etag: W/"4f-F7vU9ToF1Zm9i8yzTJ+SHN/WOdE"
strict-transport-security: max-age=15724800; includeSubDomains
CF-Cache-Status: DYNAMIC
Report-To: {"endpoints":[{"url":"https:\/\/a.nel.cloudflare.com\/report\/v3?s=PueeGRD8pwjcyV3fSik0bx4vjWvntUCyDU0tjWSerO9znxQIOs%2FIbYzfu8EO28qeePOywZNYYfLFB5qtNlhSYnom7Ybt0TMEfbQH43JdIGXxhl5KZ2fydOl2jEF7%2Fber47I5drlZyF2yfmvKcJcc8KPxy7zZkIyXHw9xAeRgX14%2FrjiIUA%3D%3D"}],"group":"cf-nel","max_age":604800}
NEL: {"success_fraction":0,"report_to":"cf-nel","max_age":604800}
Server: cloudflare
CF-RAY: 7e8a31c6dc154ea0-DAC
Content-Encoding: gzip
alt-svc: h3=":443"; ma=86400

{
    "data": {
        "connectConsoleFinancialServiceKycRequestInformationInsertOne": null
    }
}
{"data":{"connectConsoleFinancialServiceKycRequestInformationInsertOne":null}}

HTTP/1.1 200 OK
Date: Tue, 18 Jul 2023 10:55:48 GMT
Content-Type: application/json; charset=utf-8
Transfer-Encoding: chunked
Connection: keep-alive
x-powered-by: Express
access-control-allow-origin: *
etag: W/"88-BZ1IRffZeIHzxKcvvixGU+cBCHU"
strict-transport-security: max-age=15724800; includeSubDomains
CF-Cache-Status: DYNAMIC
Report-To: {"endpoints":[{"url":"https:\/\/a.nel.cloudflare.com\/report\/v3?s=DiCBBlCsCoAcyNc%2FRKmiaqkTYn57d8%2FgKBmkbXC6AUC1nwnG5v5Ekw7iqmUkfUuTRG1mAzXXocmBgff3yeYkcU7jYGkusog75azBVubbGRd5VyZ4OoiYM%2FsFKApm1ygBeQdPlEmiEdmw4pPsDwU97IyoU9CJRLZimKpUTMV%2FSiZ5A07qHA%3D%3D"}],"group":"cf-nel","max_age":604800}
NEL: {"success_fraction":0,"report_to":"cf-nel","max_age":604800}
Server: cloudflare
CF-RAY: 7e8a31c8ee654ea4-DAC
Content-Encoding: gzip
alt-svc: h3=":443"; ma=86400

{
    "data": {
        "connectConsoleFinancialServiceStatementRequestInformationClientStatementBulkRequest": "File has been successfully uploaded."
    }
}
Message is: File has been successfully uploaded.
Array is not null
HTTP/1.1 200 OK
Date: Tue, 18 Jul 2023 10:55:49 GMT
Content-Type: application/json; charset=utf-8
Transfer-Encoding: chunked
Connection: keep-alive
x-powered-by: Express
access-control-allow-origin: *
etag: W/"ba-fKQcsme05HuTsUjlAfp5MXvENtM"
strict-transport-security: max-age=15724800; includeSubDomains
CF-Cache-Status: DYNAMIC
Report-To: {"endpoints":[{"url":"https:\/\/a.nel.cloudflare.com\/report\/v3?s=O9cVAsLviFr0UH%2FljFuFDOXOztEZ4Zg02KNxEGQ%2Fi%2F8vZyaV4SmsY0l5CrOEQnRUU0d%2B9FsmP3OjpuwHnoXJFXy4wsEFE08D5%2BXL6hQaIRZQnrG%2FOAAfHoCbQknpAc86ceSvy9CSu4qzyDJ4CCXFPWO2lIz8Twdp1Oru6n5%2Ft%2B5QSf31wA%3D%3D"}],"group":"cf-nel","max_age":604800}
NEL: {"success_fraction":0,"report_to":"cf-nel","max_age":604800}
Server: cloudflare
CF-RAY: 7e8a31cb29824e9c-DAC
Content-Encoding: gzip
alt-svc: h3=":443"; ma=86400

{
    "data": {
        "connectConsoleFinancialServiceStatementRequestInformationClientStatementRequest": {
            "client_app_id": "ef7551e0-936a-4727-8efd-6c77a156df9e",
            "statement_request_no": "3KX8E688M8"
        }
    }
}
{"data":{"connectConsoleFinancialServiceStatementRequestInformationClientStatementRequest":{"client_app_id":"ef7551e0-936a-4727-8efd-6c77a156df9e","statement_request_no":"3KX8E688M8"}}}

kyc_request_no is 3KX8E688M8
Expected Matching true
Array is not null
]]></system-out>
  <system-err><![CDATA[]]></system-err>
</testsuite>
