<?xml version="1.0" encoding="UTF-8"?>
<testsuite name="TestRuner" tests="1" skipped="0" failures="1" errors="0" timestamp="2023-06-19T13:05:34" hostname="DESKTOP-0SGIEQL" time="3.982">
  <properties/>
  <testcase name="KycRequestInformation()" classname="TestRuner" time="3.982">
    <failure message="java.lang.ArrayIndexOutOfBoundsException: 5" type="java.lang.ArrayIndexOutOfBoundsException">java.lang.ArrayIndexOutOfBoundsException: 5
	at TestCase.queryKycRequestInformation(TestCase.java:123)
	at TestRuner.KycRequestInformation(TestRuner.java:30)
	at sun.reflect.NativeMethodAccessorImpl.invoke0(Native Method)
	at sun.reflect.NativeMethodAccessorImpl.invoke(NativeMethodAccessorImpl.java:62)
	at sun.reflect.DelegatingMethodAccessorImpl.invoke(DelegatingMethodAccessorImpl.java:43)
	at java.lang.reflect.Method.invoke(Method.java:498)
	at org.junit.platform.commons.util.ReflectionUtils.invokeMethod(ReflectionUtils.java:688)
	at org.junit.jupiter.engine.execution.MethodInvocation.proceed(MethodInvocation.java:60)
	at org.junit.jupiter.engine.execution.InvocationInterceptorChain$ValidatingInvocation.proceed(InvocationInterceptorChain.java:131)
	at org.junit.jupiter.engine.extension.TimeoutExtension.intercept(TimeoutExtension.java:149)
	at org.junit.jupiter.engine.extension.TimeoutExtension.interceptTestableMethod(TimeoutExtension.java:140)
	at org.junit.jupiter.engine.extension.TimeoutExtension.interceptTestMethod(TimeoutExtension.java:84)
	at org.junit.jupiter.engine.execution.ExecutableInvoker$ReflectiveInterceptorCall.lambda$ofVoidMethod$0(ExecutableInvoker.java:115)
	at org.junit.jupiter.engine.execution.ExecutableInvoker.lambda$invoke$0(ExecutableInvoker.java:105)
	at org.junit.jupiter.engine.execution.InvocationInterceptorChain$InterceptedInvocation.proceed(InvocationInterceptorChain.java:106)
	at org.junit.jupiter.engine.execution.InvocationInterceptorChain.proceed(InvocationInterceptorChain.java:64)
	at org.junit.jupiter.engine.execution.InvocationInterceptorChain.chainAndInvoke(InvocationInterceptorChain.java:45)
	at org.junit.jupiter.engine.execution.InvocationInterceptorChain.invoke(InvocationInterceptorChain.java:37)
	at org.junit.jupiter.engine.execution.ExecutableInvoker.invoke(ExecutableInvoker.java:104)
	at org.junit.jupiter.engine.execution.ExecutableInvoker.invoke(ExecutableInvoker.java:98)
	at org.junit.jupiter.engine.descriptor.TestMethodTestDescriptor.lambda$invokeTestMethod$6(TestMethodTestDescriptor.java:210)
	at org.junit.platform.engine.support.hierarchical.ThrowableCollector.execute(ThrowableCollector.java:73)
	at org.junit.jupiter.engine.descriptor.TestMethodTestDescriptor.invokeTestMethod(TestMethodTestDescriptor.java:206)
	at org.junit.jupiter.engine.descriptor.TestMethodTestDescriptor.execute(TestMethodTestDescriptor.java:131)
	at org.junit.jupiter.engine.descriptor.TestMethodTestDescriptor.execute(TestMethodTestDescriptor.java:65)
	at org.junit.platform.engine.support.hierarchical.NodeTestTask.lambda$executeRecursively$5(NodeTestTask.java:139)
	at org.junit.platform.engine.support.hierarchical.ThrowableCollector.execute(ThrowableCollector.java:73)
	at org.junit.platform.engine.support.hierarchical.NodeTestTask.lambda$executeRecursively$7(NodeTestTask.java:129)
	at org.junit.platform.engine.support.hierarchical.Node.around(Node.java:137)
	at org.junit.platform.engine.support.hierarchical.NodeTestTask.lambda$executeRecursively$8(NodeTestTask.java:127)
	at org.junit.platform.engine.support.hierarchical.ThrowableCollector.execute(ThrowableCollector.java:73)
	at org.junit.platform.engine.support.hierarchical.NodeTestTask.executeRecursively(NodeTestTask.java:126)
	at org.junit.platform.engine.support.hierarchical.NodeTestTask.execute(NodeTestTask.java:84)
	at java.util.ArrayList.forEach(ArrayList.java:1259)
	at org.junit.platform.engine.support.hierarchical.SameThreadHierarchicalTestExecutorService.invokeAll(SameThreadHierarchicalTestExecutorService.java:38)
	at org.junit.platform.engine.support.hierarchical.NodeTestTask.lambda$executeRecursively$5(NodeTestTask.java:143)
	at org.junit.platform.engine.support.hierarchical.ThrowableCollector.execute(ThrowableCollector.java:73)
	at org.junit.platform.engine.support.hierarchical.NodeTestTask.lambda$executeRecursively$7(NodeTestTask.java:129)
	at org.junit.platform.engine.support.hierarchical.Node.around(Node.java:137)
	at org.junit.platform.engine.support.hierarchical.NodeTestTask.lambda$executeRecursively$8(NodeTestTask.java:127)
	at org.junit.platform.engine.support.hierarchical.ThrowableCollector.execute(ThrowableCollector.java:73)
	at org.junit.platform.engine.support.hierarchical.NodeTestTask.executeRecursively(NodeTestTask.java:126)
	at org.junit.platform.engine.support.hierarchical.NodeTestTask.execute(NodeTestTask.java:84)
	at java.util.ArrayList.forEach(ArrayList.java:1259)
	at org.junit.platform.engine.support.hierarchical.SameThreadHierarchicalTestExecutorService.invokeAll(SameThreadHierarchicalTestExecutorService.java:38)
	at org.junit.platform.engine.support.hierarchical.NodeTestTask.lambda$executeRecursively$5(NodeTestTask.java:143)
	at org.junit.platform.engine.support.hierarchical.ThrowableCollector.execute(ThrowableCollector.java:73)
	at org.junit.platform.engine.support.hierarchical.NodeTestTask.lambda$executeRecursively$7(NodeTestTask.java:129)
	at org.junit.platform.engine.support.hierarchical.Node.around(Node.java:137)
	at org.junit.platform.engine.support.hierarchical.NodeTestTask.lambda$executeRecursively$8(NodeTestTask.java:127)
	at org.junit.platform.engine.support.hierarchical.ThrowableCollector.execute(ThrowableCollector.java:73)
	at org.junit.platform.engine.support.hierarchical.NodeTestTask.executeRecursively(NodeTestTask.java:126)
	at org.junit.platform.engine.support.hierarchical.NodeTestTask.execute(NodeTestTask.java:84)
	at org.junit.platform.engine.support.hierarchical.SameThreadHierarchicalTestExecutorService.submit(SameThreadHierarchicalTestExecutorService.java:32)
	at org.junit.platform.engine.support.hierarchical.HierarchicalTestExecutor.execute(HierarchicalTestExecutor.java:57)
	at org.junit.platform.engine.support.hierarchical.HierarchicalTestEngine.execute(HierarchicalTestEngine.java:51)
	at org.junit.platform.launcher.core.EngineExecutionOrchestrator.execute(EngineExecutionOrchestrator.java:108)
	at org.junit.platform.launcher.core.EngineExecutionOrchestrator.execute(EngineExecutionOrchestrator.java:88)
	at org.junit.platform.launcher.core.EngineExecutionOrchestrator.lambda$execute$0(EngineExecutionOrchestrator.java:54)
	at org.junit.platform.launcher.core.EngineExecutionOrchestrator.withInterceptedStreams(EngineExecutionOrchestrator.java:67)
	at org.junit.platform.launcher.core.EngineExecutionOrchestrator.execute(EngineExecutionOrchestrator.java:52)
	at org.junit.platform.launcher.core.DefaultLauncher.execute(DefaultLauncher.java:96)
	at org.junit.platform.launcher.core.DefaultLauncher.execute(DefaultLauncher.java:75)
	at org.gradle.api.internal.tasks.testing.junitplatform.JUnitPlatformTestClassProcessor$CollectAllTestClassesExecutor.processAllTestClasses(JUnitPlatformTestClassProcessor.java:99)
	at org.gradle.api.internal.tasks.testing.junitplatform.JUnitPlatformTestClassProcessor$CollectAllTestClassesExecutor.access$000(JUnitPlatformTestClassProcessor.java:79)
	at org.gradle.api.internal.tasks.testing.junitplatform.JUnitPlatformTestClassProcessor.stop(JUnitPlatformTestClassProcessor.java:75)
	at org.gradle.api.internal.tasks.testing.SuiteTestClassProcessor.stop(SuiteTestClassProcessor.java:61)
	at sun.reflect.NativeMethodAccessorImpl.invoke0(Native Method)
	at sun.reflect.NativeMethodAccessorImpl.invoke(NativeMethodAccessorImpl.java:62)
	at sun.reflect.DelegatingMethodAccessorImpl.invoke(DelegatingMethodAccessorImpl.java:43)
	at java.lang.reflect.Method.invoke(Method.java:498)
	at org.gradle.internal.dispatch.ReflectionDispatch.dispatch(ReflectionDispatch.java:36)
	at org.gradle.internal.dispatch.ReflectionDispatch.dispatch(ReflectionDispatch.java:24)
	at org.gradle.internal.dispatch.ContextClassLoaderDispatch.dispatch(ContextClassLoaderDispatch.java:33)
	at org.gradle.internal.dispatch.ProxyDispatchAdapter$DispatchingInvocationHandler.invoke(ProxyDispatchAdapter.java:94)
	at com.sun.proxy.$Proxy2.stop(Unknown Source)
	at org.gradle.api.internal.tasks.testing.worker.TestWorker.stop(TestWorker.java:135)
	at sun.reflect.NativeMethodAccessorImpl.invoke0(Native Method)
	at sun.reflect.NativeMethodAccessorImpl.invoke(NativeMethodAccessorImpl.java:62)
	at sun.reflect.DelegatingMethodAccessorImpl.invoke(DelegatingMethodAccessorImpl.java:43)
	at java.lang.reflect.Method.invoke(Method.java:498)
	at org.gradle.internal.dispatch.ReflectionDispatch.dispatch(ReflectionDispatch.java:36)
	at org.gradle.internal.dispatch.ReflectionDispatch.dispatch(ReflectionDispatch.java:24)
	at org.gradle.internal.remote.internal.hub.MessageHubBackedObjectConnection$DispatchWrapper.dispatch(MessageHubBackedObjectConnection.java:182)
	at org.gradle.internal.remote.internal.hub.MessageHubBackedObjectConnection$DispatchWrapper.dispatch(MessageHubBackedObjectConnection.java:164)
	at org.gradle.internal.remote.internal.hub.MessageHub$Handler.run(MessageHub.java:414)
	at org.gradle.internal.concurrent.ExecutorPolicy$CatchAndRecordFailures.onExecute(ExecutorPolicy.java:64)
	at org.gradle.internal.concurrent.ManagedExecutorImpl$1.run(ManagedExecutorImpl.java:48)
	at java.util.concurrent.ThreadPoolExecutor.runWorker(ThreadPoolExecutor.java:1149)
	at java.util.concurrent.ThreadPoolExecutor$Worker.run(ThreadPoolExecutor.java:624)
	at org.gradle.internal.concurrent.ThreadFactoryImpl$ManagedThreadRunnable.run(ThreadFactoryImpl.java:56)
	at java.lang.Thread.run(Thread.java:748)
</failure>
  </testcase>
  <system-out><![CDATA[{"data":{"connectConsoleFinancialServiceKycRequestInformationClientKycRequestsByUserAndApp":{"take":50,"total":58,"result":[{"status":"APPROVED","kyc_accounts":[{"account_number":"c7db5f957de1b70c5984c966358f46502ba6818a0a2cfd32875536eb7f080ebd","account_holder_name":"Mahbub Ahmad","psp_branch_or_agent":{"id":"e24c5ccf-723d-4a56-9d2f-418aff592c1e","name":"Dhanmondi"},"psp_id":"4171b743-6f3e-438d-a662-ce412efdbe12","psp_branch_or_agent_id":"e24c5ccf-723d-4a56-9d2f-418aff592c1e","psp_account_type_id":"de0b99cb-566c-4ba8-a2c0-5e9df1356b27","psp_account_type":{"name":"Bank Account "}}],"client_app_id":"ef7551e0-936a-4727-8efd-6c77a156df9e","client_app":{"name":"ACME BANK"}},{"status":"APPROVED","kyc_accounts":[{"account_number":"1f9ea113ccfbc8bc52bb3a80118fec287b6087687c49989864f40729c5d890fe","account_holder_name":"Mehedi Hasan","psp_branch_or_agent":{"id":"a7fb910f-6abd-4ae8-81e1-f5bd345de46b","name":"Chawk Bazar"},"psp_id":"4171b743-6f3e-438d-a662-ce412efdbe12","psp_branch_or_agent_id":"a7fb910f-6abd-4ae8-81e1-f5bd345de46b","psp_account_type_id":"de0b99cb-566c-4ba8-a2c0-5e9df1356b27","psp_account_type":{"name":"Bank Account "}}],"client_app_id":"ef7551e0-936a-4727-8efd-6c77a156df9e","client_app":{"name":"ACME BANK"}},{"status":"APPROVED","kyc_accounts":[{"account_number":"290d89ef7d4b668a18fb3fdbbfffb8036efb52759ea1111870c0926f31066b60","account_holder_name":"Muhammad Mozzammel Haque","psp_branch_or_agent":{"id":"3b73c245-912e-42c2-8e50-d619c0530e47","name":"Head Office"},"psp_id":"4171b743-6f3e-438d-a662-ce412efdbe12","psp_branch_or_agent_id":"3b73c245-912e-42c2-8e50-d619c0530e47","psp_account_type_id":"de0b99cb-566c-4ba8-a2c0-5e9df1356b27","psp_account_type":{"name":"Bank Account "}}],"client_app_id":"ef7551e0-936a-4727-8efd-6c77a156df9e","client_app":{"name":"ACME BANK"}},{"status":"INITIATED","kyc_accounts":[{"account_number":"1f9ea113ccfbc8bc52bb3a80118fec287b6087687c49989864f40729c5d890fe","account_holder_name":"Mehedi Hasan","psp_branch_or_agent":{"id":"8c403334-4eab-4d1a-8a06-97b34601fb93","name":"Gulshan"},"psp_id":"4171b743-6f3e-438d-a662-ce412efdbe12","psp_branch_or_agent_id":"8c403334-4eab-4d1a-8a06-97b34601fb93","psp_account_type_id":"de0b99cb-566c-4ba8-a2c0-5e9df1356b27","psp_account_type":{"name":"Bank Account "}}],"client_app_id":"ef7551e0-936a-4727-8efd-6c77a156df9e","client_app":{"name":"ACME BANK"}},{"status":"INITIATED","kyc_accounts":[{"account_number":"1f9ea113ccfbc8bc52bb3a80118fec287b6087687c49989864f40729c5d890fe","account_holder_name":"Mehedi Hasan","psp_branch_or_agent":{"id":"e24c5ccf-723d-4a56-9d2f-418aff592c1e","name":"Dhanmondi"},"psp_id":"4171b743-6f3e-438d-a662-ce412efdbe12","psp_branch_or_agent_id":"e24c5ccf-723d-4a56-9d2f-418aff592c1e","psp_account_type_id":"de0b99cb-566c-4ba8-a2c0-5e9df1356b27","psp_account_type":{"name":"Bank Account "}}],"client_app_id":"ef7551e0-936a-4727-8efd-6c77a156df9e","client_app":{"name":"ACME BANK"}},{"status":"INITIATED","kyc_accounts":[{"account_number":"290d89ef7d4b668a18fb3fdbbfffb8036efb52759ea1111870c0926f31066b60","account_holder_name":"Muhammad Mozzammel Haque","psp_branch_or_agent":{"id":"3b73c245-912e-42c2-8e50-d619c0530e47","name":"Head Office"},"psp_id":"4171b743-6f3e-438d-a662-ce412efdbe12","psp_branch_or_agent_id":"3b73c245-912e-42c2-8e50-d619c0530e47","psp_account_type_id":"de0b99cb-566c-4ba8-a2c0-5e9df1356b27","psp_account_type":{"name":"Bank Account "}}],"client_app_id":"ef7551e0-936a-4727-8efd-6c77a156df9e","client_app":{"name":"ACME BANK"}},{"status":"REJECTED","kyc_accounts":[{"account_number":"AxFJeJ8WJ3fY2D3SP5yJp5nJATsayw","account_holder_name":"Muhammad Mozzammel Haque","psp_branch_or_agent":{"id":"3b73c245-912e-42c2-8e50-d619c0530e47","name":"Head Office"},"psp_id":"4171b743-6f3e-438d-a662-ce412efdbe12","psp_branch_or_agent_id":"3b73c245-912e-42c2-8e50-d619c0530e47","psp_account_type_id":"de0b99cb-566c-4ba8-a2c0-5e9df1356b27","psp_account_type":{"name":"Bank Account "}}],"client_app_id":"ef7551e0-936a-4727-8efd-6c77a156df9e","client_app":{"name":"ACME BANK"}},{"status":"APPROVED","kyc_accounts":[{"account_number":"c7db5f957de1b70c5984c966358f46502ba6818a0a2cfd32875536eb7f080ebd","account_holder_name":"Mahbub Ahmad","psp_branch_or_agent":{"id":"8c403334-4eab-4d1a-8a06-97b34601fb93","name":"Gulshan"},"psp_id":"4171b743-6f3e-438d-a662-ce412efdbe12","psp_branch_or_agent_id":"8c403334-4eab-4d1a-8a06-97b34601fb93","psp_account_type_id":"de0b99cb-566c-4ba8-a2c0-5e9df1356b27","psp_account_type":{"name":"Bank Account "}}],"client_app_id":"ef7551e0-936a-4727-8efd-6c77a156df9e","client_app":{"name":"ACME BANK"}},{"status":"APPROVED","kyc_accounts":[{"account_number":"290d89ef7d4b668a18fb3fdbbfffb8036efb52759ea1111870c0926f31066b60","account_holder_name":"Muhammad Mozzammel Haque","psp_branch_or_agent":{"id":"3b73c245-912e-42c2-8e50-d619c0530e47","name":"Head Office"},"psp_id":"4171b743-6f3e-438d-a662-ce412efdbe12","psp_branch_or_agent_id":"3b73c245-912e-42c2-8e50-d619c0530e47","psp_account_type_id":"de0b99cb-566c-4ba8-a2c0-5e9df1356b27","psp_account_type":{"name":"Bank Account "}}],"client_app_id":"ef7551e0-936a-4727-8efd-6c77a156df9e","client_app":{"name":"ACME BANK"}},{"status":"APPROVED","kyc_accounts":[{"account_number":"d1326bd8a492c29bbe9e018b698bd5ba448f29b9c528526ae114ea8d1228ee74","account_holder_name":"Redwan-ul Karim Ansari","psp_branch_or_agent":{"id":"cea07b09-8fe2-4ef7-9c6e-53084e3db14a","name":"Banani"},"psp_id":"4171b743-6f3e-438d-a662-ce412efdbe12","psp_branch_or_agent_id":"cea07b09-8fe2-4ef7-9c6e-53084e3db14a","psp_account_type_id":"de0b99cb-566c-4ba8-a2c0-5e9df1356b27","psp_account_type":{"name":"Bank Account "}}],"client_app_id":"ef7551e0-936a-4727-8efd-6c77a156df9e","client_app":{"name":"ACME BANK"}},{"status":"APPROVED","kyc_accounts":[{"account_number":"290d89ef7d4b668a18fb3fdbbfffb8036efb52759ea1111870c0926f31066b60","account_holder_name":"Muhammad Mozzammel Haque","psp_branch_or_agent":{"id":"3b73c245-912e-42c2-8e50-d619c0530e47","name":"Head Office"},"psp_id":"4171b743-6f3e-438d-a662-ce412efdbe12","psp_branch_or_agent_id":"3b73c245-912e-42c2-8e50-d619c0530e47","psp_account_type_id":"de0b99cb-566c-4ba8-a2c0-5e9df1356b27","psp_account_type":{"name":"Bank Account "}}],"client_app_id":"ef7551e0-936a-4727-8efd-6c77a156df9e","client_app":{"name":"ACME BANK"}},{"status":"APPROVED","kyc_accounts":[{"account_number":"290d89ef7d4b668a18fb3fdbbfffb8036efb52759ea1111870c0926f31066b60","account_holder_name":"Muhammad Mozzammel Haque","psp_branch_or_agent":{"id":"3b73c245-912e-42c2-8e50-d619c0530e47","name":"Head Office"},"psp_id":"4171b743-6f3e-438d-a662-ce412efdbe12","psp_branch_or_agent_id":"3b73c245-912e-42c2-8e50-d619c0530e47","psp_account_type_id":"de0b99cb-566c-4ba8-a2c0-5e9df1356b27","psp_account_type":{"name":"Bank Account "}}],"client_app_id":"ef7551e0-936a-4727-8efd-6c77a156df9e","client_app":{"name":"ACME BANK"}},{"status":"APPROVED","kyc_accounts":[{"account_number":"d2fcd8c8ea71c7d0400c30ed4c66bdcec3383858216f7c435156b44b4302e202","account_holder_name":"Monir Hossan","psp_branch_or_agent":{"id":"e24c5ccf-723d-4a56-9d2f-418aff592c1e","name":"Dhanmondi"},"psp_id":"4171b743-6f3e-438d-a662-ce412efdbe12","psp_branch_or_agent_id":"e24c5ccf-723d-4a56-9d2f-418aff592c1e","psp_account_type_id":"de0b99cb-566c-4ba8-a2c0-5e9df1356b27","psp_account_type":{"name":"Bank Account "}}],"client_app_id":"ef7551e0-936a-4727-8efd-6c77a156df9e","client_app":{"name":"ACME BANK"}},{"status":"INITIATED","kyc_accounts":[{"account_number":"1f9ea113ccfbc8bc52bb3a80118fec287b6087687c49989864f40729c5d890fe","account_holder_name":"Mehedi Hasan","psp_branch_or_agent":{"id":"3b73c245-912e-42c2-8e50-d619c0530e47","name":"Head Office"},"psp_id":"4171b743-6f3e-438d-a662-ce412efdbe12","psp_branch_or_agent_id":"3b73c245-912e-42c2-8e50-d619c0530e47","psp_account_type_id":"de0b99cb-566c-4ba8-a2c0-5e9df1356b27","psp_account_type":{"name":"Bank Account "}}],"client_app_id":"ef7551e0-936a-4727-8efd-6c77a156df9e","client_app":{"name":"ACME BANK"}},{"status":"APPROVED","kyc_accounts":[{"account_number":"c7db5f957de1b70c5984c966358f46502ba6818a0a2cfd32875536eb7f080ebd","account_holder_name":"Mahbub Ahmad","psp_branch_or_agent":{"id":"8c403334-4eab-4d1a-8a06-97b34601fb93","name":"Gulshan"},"psp_id":"4171b743-6f3e-438d-a662-ce412efdbe12","psp_branch_or_agent_id":"8c403334-4eab-4d1a-8a06-97b34601fb93","psp_account_type_id":"de0b99cb-566c-4ba8-a2c0-5e9df1356b27","psp_account_type":{"name":"Bank Account "}}],"client_app_id":"ef7551e0-936a-4727-8efd-6c77a156df9e","client_app":{"name":"ACME BANK"}},{"status":"INITIATED","kyc_accounts":[{"account_number":"1f9ea113ccfbc8bc52bb3a80118fec287b6087687c49989864f40729c5d890fe","account_holder_name":"Mehedi Hasan","psp_branch_or_agent":{"id":"8c403334-4eab-4d1a-8a06-97b34601fb93","name":"Gulshan"},"psp_id":"4171b743-6f3e-438d-a662-ce412efdbe12","psp_branch_or_agent_id":"8c403334-4eab-4d1a-8a06-97b34601fb93","psp_account_type_id":"de0b99cb-566c-4ba8-a2c0-5e9df1356b27","psp_account_type":{"name":"Bank Account "}}],"client_app_id":"ef7551e0-936a-4727-8efd-6c77a156df9e","client_app":{"name":"ACME BANK"}},{"status":"REJECTED","kyc_accounts":[{"account_number":"1f9ea113ccfbc8bc52bb3a80118fec287b6087687c49989864f40729c5d890fe","account_holder_name":"Mehedi Hasan","psp_branch_or_agent":{"id":"cea07b09-8fe2-4ef7-9c6e-53084e3db14a","name":"Banani"},"psp_id":"4171b743-6f3e-438d-a662-ce412efdbe12","psp_branch_or_agent_id":"cea07b09-8fe2-4ef7-9c6e-53084e3db14a","psp_account_type_id":"de0b99cb-566c-4ba8-a2c0-5e9df1356b27","psp_account_type":{"name":"Bank Account "}}],"client_app_id":"ef7551e0-936a-4727-8efd-6c77a156df9e","client_app":{"name":"ACME BANK"}},{"status":"APPROVED","kyc_accounts":[{"account_number":"290d89ef7d4b668a18fb3fdbbfffb8036efb52759ea1111870c0926f31066b60","account_holder_name":"Muhammad Mozzammel Haque","psp_branch_or_agent":{"id":"3b73c245-912e-42c2-8e50-d619c0530e47","name":"Head Office"},"psp_id":"4171b743-6f3e-438d-a662-ce412efdbe12","psp_branch_or_agent_id":"3b73c245-912e-42c2-8e50-d619c0530e47","psp_account_type_id":"de0b99cb-566c-4ba8-a2c0-5e9df1356b27","psp_account_type":{"name":"Bank Account "}}],"client_app_id":"ef7551e0-936a-4727-8efd-6c77a156df9e","client_app":{"name":"ACME BANK"}},{"status":"APPROVED","kyc_accounts":[{"account_number":"1f9ea113ccfbc8bc52bb3a80118fec287b6087687c49989864f40729c5d890fe","account_holder_name":"Mehedi Hasan","psp_branch_or_agent":{"id":"e24c5ccf-723d-4a56-9d2f-418aff592c1e","name":"Dhanmondi"},"psp_id":"4171b743-6f3e-438d-a662-ce412efdbe12","psp_branch_or_agent_id":"e24c5ccf-723d-4a56-9d2f-418aff592c1e","psp_account_type_id":"de0b99cb-566c-4ba8-a2c0-5e9df1356b27","psp_account_type":{"name":"Bank Account "}}],"client_app_id":"ef7551e0-936a-4727-8efd-6c77a156df9e","client_app":{"name":"ACME BANK"}},{"status":"INITIATED","kyc_accounts":[{"account_number":"d2fcd8c8ea71c7d0400c30ed4c66bdcec3383858216f7c435156b44b4302e202","account_holder_name":"Monir Hossan","psp_branch_or_agent":{"id":"cea07b09-8fe2-4ef7-9c6e-53084e3db14a","name":"Banani"},"psp_id":"4171b743-6f3e-438d-a662-ce412efdbe12","psp_branch_or_agent_id":"cea07b09-8fe2-4ef7-9c6e-53084e3db14a","psp_account_type_id":"de0b99cb-566c-4ba8-a2c0-5e9df1356b27","psp_account_type":{"name":"Bank Account "}}],"client_app_id":"ef7551e0-936a-4727-8efd-6c77a156df9e","client_app":{"name":"ACME BANK"}},{"status":"APPROVED","kyc_accounts":[{"account_number":"1f9ea113ccfbc8bc52bb3a80118fec287b6087687c49989864f40729c5d890fe","account_holder_name":"Mehedi Hasan","psp_branch_or_agent":{"id":"e24c5ccf-723d-4a56-9d2f-418aff592c1e","name":"Dhanmondi"},"psp_id":"4171b743-6f3e-438d-a662-ce412efdbe12","psp_branch_or_agent_id":"e24c5ccf-723d-4a56-9d2f-418aff592c1e","psp_account_type_id":"de0b99cb-566c-4ba8-a2c0-5e9df1356b27","psp_account_type":{"name":"Bank Account "}}],"client_app_id":"ef7551e0-936a-4727-8efd-6c77a156df9e","client_app":{"name":"ACME BANK"}},{"status":"INITIATED","kyc_accounts":[{"account_number":"1f9ea113ccfbc8bc52bb3a80118fec287b6087687c49989864f40729c5d890fe","account_holder_name":"Mehedi Hasan","psp_branch_or_agent":{"id":"ecc5e691-71c9-4188-9fae-a5d74cc4c978","name":"Karwan Bazar"},"psp_id":"4171b743-6f3e-438d-a662-ce412efdbe12","psp_branch_or_agent_id":"ecc5e691-71c9-4188-9fae-a5d74cc4c978","psp_account_type_id":"de0b99cb-566c-4ba8-a2c0-5e9df1356b27","psp_account_type":{"name":"Bank Account "}}],"client_app_id":"ef7551e0-936a-4727-8efd-6c77a156df9e","client_app":{"name":"ACME BANK"}},{"status":"APPROVED","kyc_accounts":[{"account_number":"290d89ef7d4b668a18fb3fdbbfffb8036efb52759ea1111870c0926f31066b60","account_holder_name":"Muhammad Mozzammel Haque","psp_branch_or_agent":{"id":"3b73c245-912e-42c2-8e50-d619c0530e47","name":"Head Office"},"psp_id":"4171b743-6f3e-438d-a662-ce412efdbe12","psp_branch_or_agent_id":"3b73c245-912e-42c2-8e50-d619c0530e47","psp_account_type_id":"de0b99cb-566c-4ba8-a2c0-5e9df1356b27","psp_account_type":{"name":"Bank Account "}}],"client_app_id":"ef7551e0-936a-4727-8efd-6c77a156df9e","client_app":{"name":"ACME BANK"}},{"status":"APPROVED","kyc_accounts":[{"account_number":"1f9ea113ccfbc8bc52bb3a80118fec287b6087687c49989864f40729c5d890fe","account_holder_name":"Mehedi Hasan","psp_branch_or_agent":{"id":"e24c5ccf-723d-4a56-9d2f-418aff592c1e","name":"Dhanmondi"},"psp_id":"4171b743-6f3e-438d-a662-ce412efdbe12","psp_branch_or_agent_id":"e24c5ccf-723d-4a56-9d2f-418aff592c1e","psp_account_type_id":"de0b99cb-566c-4ba8-a2c0-5e9df1356b27","psp_account_type":{"name":"Bank Account "}}],"client_app_id":"ef7551e0-936a-4727-8efd-6c77a156df9e","client_app":{"name":"ACME BANK"}},{"status":"APPROVED","kyc_accounts":[{"account_number":"290d89ef7d4b668a18fb3fdbbfffb8036efb52759ea1111870c0926f31066b60","account_holder_name":"Muhammad Mozzammel Haque","psp_branch_or_agent":{"id":"3b73c245-912e-42c2-8e50-d619c0530e47","name":"Head Office"},"psp_id":"4171b743-6f3e-438d-a662-ce412efdbe12","psp_branch_or_agent_id":"3b73c245-912e-42c2-8e50-d619c0530e47","psp_account_type_id":"de0b99cb-566c-4ba8-a2c0-5e9df1356b27","psp_account_type":{"name":"Bank Account "}}],"client_app_id":"ef7551e0-936a-4727-8efd-6c77a156df9e","client_app":{"name":"ACME BANK"}},{"status":"APPROVED","kyc_accounts":[{"account_number":"290d89ef7d4b668a18fb3fdbbfffb8036efb52759ea1111870c0926f31066b60","account_holder_name":"Muhammad Mozzammel Haque","psp_branch_or_agent":{"id":"8c403334-4eab-4d1a-8a06-97b34601fb93","name":"Gulshan"},"psp_id":"4171b743-6f3e-438d-a662-ce412efdbe12","psp_branch_or_agent_id":"8c403334-4eab-4d1a-8a06-97b34601fb93","psp_account_type_id":"de0b99cb-566c-4ba8-a2c0-5e9df1356b27","psp_account_type":{"name":"Bank Account "}}],"client_app_id":"ef7551e0-936a-4727-8efd-6c77a156df9e","client_app":{"name":"ACME BANK"}},{"status":"INITIATED","kyc_accounts":[{"account_number":"1f9ea113ccfbc8bc52bb3a80118fec287b6087687c49989864f40729c5d890fe","account_holder_name":"Mehedi Hasan","psp_branch_or_agent":{"id":"a7fb910f-6abd-4ae8-81e1-f5bd345de46b","name":"Chawk Bazar"},"psp_id":"4171b743-6f3e-438d-a662-ce412efdbe12","psp_branch_or_agent_id":"a7fb910f-6abd-4ae8-81e1-f5bd345de46b","psp_account_type_id":"de0b99cb-566c-4ba8-a2c0-5e9df1356b27","psp_account_type":{"name":"Bank Account "}}],"client_app_id":"ef7551e0-936a-4727-8efd-6c77a156df9e","client_app":{"name":"ACME BANK"}},{"status":"APPROVED","kyc_accounts":[{"account_number":"1f9ea113ccfbc8bc52bb3a80118fec287b6087687c49989864f40729c5d890fe","account_holder_name":"Mehedi Hasan","psp_branch_or_agent":{"id":"8c403334-4eab-4d1a-8a06-97b34601fb93","name":"Gulshan"},"psp_id":"4171b743-6f3e-438d-a662-ce412efdbe12","psp_branch_or_agent_id":"8c403334-4eab-4d1a-8a06-97b34601fb93","psp_account_type_id":"de0b99cb-566c-4ba8-a2c0-5e9df1356b27","psp_account_type":{"name":"Bank Account "}}],"client_app_id":"ef7551e0-936a-4727-8efd-6c77a156df9e","client_app":{"name":"ACME BANK"}},{"status":"APPROVED","kyc_accounts":[{"account_number":"AxFJeJ8WJ3fY2D3SP5yJp5nJATsayw","account_holder_name":"Muhammad Mozzammel Haque","psp_branch_or_agent":{"id":"3b73c245-912e-42c2-8e50-d619c0530e47","name":"Head Office"},"psp_id":"4171b743-6f3e-438d-a662-ce412efdbe12","psp_branch_or_agent_id":"3b73c245-912e-42c2-8e50-d619c0530e47","psp_account_type_id":"de0b99cb-566c-4ba8-a2c0-5e9df1356b27","psp_account_type":{"name":"Bank Account "}}],"client_app_id":"ef7551e0-936a-4727-8efd-6c77a156df9e","client_app":{"name":"ACME BANK"}},{"status":"INITIATED","kyc_accounts":[{"account_number":"d2fcd8c8ea71c7d0400c30ed4c66bdcec3383858216f7c435156b44b4302e202","account_holder_name":"Monir Hossan","psp_branch_or_agent":{"id":"a7fb910f-6abd-4ae8-81e1-f5bd345de46b","name":"Chawk Bazar"},"psp_id":"4171b743-6f3e-438d-a662-ce412efdbe12","psp_branch_or_agent_id":"a7fb910f-6abd-4ae8-81e1-f5bd345de46b","psp_account_type_id":"de0b99cb-566c-4ba8-a2c0-5e9df1356b27","psp_account_type":{"name":"Bank Account "}}],"client_app_id":"ef7551e0-936a-4727-8efd-6c77a156df9e","client_app":{"name":"ACME BANK"}},{"status":"APPROVED","kyc_accounts":[{"account_number":"290d89ef7d4b668a18fb3fdbbfffb8036efb52759ea1111870c0926f31066b60","account_holder_name":"Muhammad Mozzammel Haque","psp_branch_or_agent":{"id":"3b73c245-912e-42c2-8e50-d619c0530e47","name":"Head Office"},"psp_id":"4171b743-6f3e-438d-a662-ce412efdbe12","psp_branch_or_agent_id":"3b73c245-912e-42c2-8e50-d619c0530e47","psp_account_type_id":"de0b99cb-566c-4ba8-a2c0-5e9df1356b27","psp_account_type":{"name":"Bank Account "}}],"client_app_id":"ef7551e0-936a-4727-8efd-6c77a156df9e","client_app":{"name":"ACME BANK"}},{"status":"APPROVED","kyc_accounts":[{"account_number":"1f9ea113ccfbc8bc52bb3a80118fec287b6087687c49989864f40729c5d890fe","account_holder_name":"Mehedi Hasan","psp_branch_or_agent":{"id":"e24c5ccf-723d-4a56-9d2f-418aff592c1e","name":"Dhanmondi"},"psp_id":"4171b743-6f3e-438d-a662-ce412efdbe12","psp_branch_or_agent_id":"e24c5ccf-723d-4a56-9d2f-418aff592c1e","psp_account_type_id":"de0b99cb-566c-4ba8-a2c0-5e9df1356b27","psp_account_type":{"name":"Bank Account "}}],"client_app_id":"ef7551e0-936a-4727-8efd-6c77a156df9e","client_app":{"name":"ACME BANK"}},{"status":"APPROVED","kyc_accounts":[{"account_number":"290d89ef7d4b668a18fb3fdbbfffb8036efb52759ea1111870c0926f31066b60","account_holder_name":"Muhammad Mozzammel Haque","psp_branch_or_agent":{"id":"3b73c245-912e-42c2-8e50-d619c0530e47","name":"Head Office"},"psp_id":"4171b743-6f3e-438d-a662-ce412efdbe12","psp_branch_or_agent_id":"3b73c245-912e-42c2-8e50-d619c0530e47","psp_account_type_id":"de0b99cb-566c-4ba8-a2c0-5e9df1356b27","psp_account_type":{"name":"Bank Account "}}],"client_app_id":"ef7551e0-936a-4727-8efd-6c77a156df9e","client_app":{"name":"ACME BANK"}},{"status":"INITIATED","kyc_accounts":[{"account_number":"1f9ea113ccfbc8bc52bb3a80118fec287b6087687c49989864f40729c5d890fe","account_holder_name":"Mehedi Hasan","psp_branch_or_agent":{"id":"8c403334-4eab-4d1a-8a06-97b34601fb93","name":"Gulshan"},"psp_id":"4171b743-6f3e-438d-a662-ce412efdbe12","psp_branch_or_agent_id":"8c403334-4eab-4d1a-8a06-97b34601fb93","psp_account_type_id":"de0b99cb-566c-4ba8-a2c0-5e9df1356b27","psp_account_type":{"name":"Bank Account "}}],"client_app_id":"ef7551e0-936a-4727-8efd-6c77a156df9e","client_app":{"name":"ACME BANK"}},{"status":"APPROVED","kyc_accounts":[{"account_number":"290d89ef7d4b668a18fb3fdbbfffb8036efb52759ea1111870c0926f31066b60","account_holder_name":"Muhammad Mozzammel Haque","psp_branch_or_agent":{"id":"3b73c245-912e-42c2-8e50-d619c0530e47","name":"Head Office"},"psp_id":"4171b743-6f3e-438d-a662-ce412efdbe12","psp_branch_or_agent_id":"3b73c245-912e-42c2-8e50-d619c0530e47","psp_account_type_id":"de0b99cb-566c-4ba8-a2c0-5e9df1356b27","psp_account_type":{"name":"Bank Account "}}],"client_app_id":"ef7551e0-936a-4727-8efd-6c77a156df9e","client_app":{"name":"ACME BANK"}},{"status":"APPROVED","kyc_accounts":[{"account_number":"290d89ef7d4b668a18fb3fdbbfffb8036efb52759ea1111870c0926f31066b60","account_holder_name":"Muhammad Mozzammel Haque","psp_branch_or_agent":{"id":"3b73c245-912e-42c2-8e50-d619c0530e47","name":"Head Office"},"psp_id":"4171b743-6f3e-438d-a662-ce412efdbe12","psp_branch_or_agent_id":"3b73c245-912e-42c2-8e50-d619c0530e47","psp_account_type_id":"de0b99cb-566c-4ba8-a2c0-5e9df1356b27","psp_account_type":{"name":"Bank Account "}}],"client_app_id":"ef7551e0-936a-4727-8efd-6c77a156df9e","client_app":{"name":"ACME BANK"}},{"status":"APPROVED","kyc_accounts":[{"account_number":"290d89ef7d4b668a18fb3fdbbfffb8036efb52759ea1111870c0926f31066b60","account_holder_name":"Muhammad Mozzammel Haque","psp_branch_or_agent":{"id":"3b73c245-912e-42c2-8e50-d619c0530e47","name":"Head Office"},"psp_id":"4171b743-6f3e-438d-a662-ce412efdbe12","psp_branch_or_agent_id":"3b73c245-912e-42c2-8e50-d619c0530e47","psp_account_type_id":"de0b99cb-566c-4ba8-a2c0-5e9df1356b27","psp_account_type":{"name":"Bank Account "}}],"client_app_id":"ef7551e0-936a-4727-8efd-6c77a156df9e","client_app":{"name":"ACME BANK"}},{"status":"INITIATED","kyc_accounts":[],"client_app_id":"ef7551e0-936a-4727-8efd-6c77a156df9e","client_app":{"name":"ACME BANK"}},{"status":"INITIATED","kyc_accounts":[{"account_number":"1f9ea113ccfbc8bc52bb3a80118fec287b6087687c49989864f40729c5d890fe","account_holder_name":"Mehedi Hasan","psp_branch_or_agent":{"id":"e24c5ccf-723d-4a56-9d2f-418aff592c1e","name":"Dhanmondi"},"psp_id":"4171b743-6f3e-438d-a662-ce412efdbe12","psp_branch_or_agent_id":"e24c5ccf-723d-4a56-9d2f-418aff592c1e","psp_account_type_id":"de0b99cb-566c-4ba8-a2c0-5e9df1356b27","psp_account_type":{"name":"Bank Account "}}],"client_app_id":"ef7551e0-936a-4727-8efd-6c77a156df9e","client_app":{"name":"ACME BANK"}},{"status":"INITIATED","kyc_accounts":[{"account_number":"1f9ea113ccfbc8bc52bb3a80118fec287b6087687c49989864f40729c5d890fe","account_holder_name":"Mehedi Hasan","psp_branch_or_agent":{"id":"ecc5e691-71c9-4188-9fae-a5d74cc4c978","name":"Karwan Bazar"},"psp_id":"4171b743-6f3e-438d-a662-ce412efdbe12","psp_branch_or_agent_id":"ecc5e691-71c9-4188-9fae-a5d74cc4c978","psp_account_type_id":"de0b99cb-566c-4ba8-a2c0-5e9df1356b27","psp_account_type":{"name":"Bank Account "}}],"client_app_id":"ef7551e0-936a-4727-8efd-6c77a156df9e","client_app":{"name":"ACME BANK"}},{"status":"INITIATED","kyc_accounts":[{"account_number":"AxFJeJ8WJ3fY2D3SP5yJp5nJATsayw","account_holder_name":"Muhammad Mozzammel Haque","psp_branch_or_agent":{"id":"3b73c245-912e-42c2-8e50-d619c0530e47","name":"Head Office"},"psp_id":"4171b743-6f3e-438d-a662-ce412efdbe12","psp_branch_or_agent_id":"3b73c245-912e-42c2-8e50-d619c0530e47","psp_account_type_id":"de0b99cb-566c-4ba8-a2c0-5e9df1356b27","psp_account_type":{"name":"Bank Account "}}],"client_app_id":"ef7551e0-936a-4727-8efd-6c77a156df9e","client_app":{"name":"ACME BANK"}},{"status":"APPROVED","kyc_accounts":[{"account_number":"290d89ef7d4b668a18fb3fdbbfffb8036efb52759ea1111870c0926f31066b60","account_holder_name":"Muhammad Mozzammel Haque","psp_branch_or_agent":{"id":"a7fb910f-6abd-4ae8-81e1-f5bd345de46b","name":"Chawk Bazar"},"psp_id":"4171b743-6f3e-438d-a662-ce412efdbe12","psp_branch_or_agent_id":"a7fb910f-6abd-4ae8-81e1-f5bd345de46b","psp_account_type_id":"de0b99cb-566c-4ba8-a2c0-5e9df1356b27","psp_account_type":{"name":"Bank Account "}}],"client_app_id":"ef7551e0-936a-4727-8efd-6c77a156df9e","client_app":{"name":"ACME BANK"}},{"status":"INITIATED","kyc_accounts":[{"account_number":"d2fcd8c8ea71c7d0400c30ed4c66bdcec3383858216f7c435156b44b4302e202","account_holder_name":"Monir Hossan","psp_branch_or_agent":{"id":"cea07b09-8fe2-4ef7-9c6e-53084e3db14a","name":"Banani"},"psp_id":"4171b743-6f3e-438d-a662-ce412efdbe12","psp_branch_or_agent_id":"cea07b09-8fe2-4ef7-9c6e-53084e3db14a","psp_account_type_id":"de0b99cb-566c-4ba8-a2c0-5e9df1356b27","psp_account_type":{"name":"Bank Account "}}],"client_app_id":"ef7551e0-936a-4727-8efd-6c77a156df9e","client_app":{"name":"ACME BANK"}},{"status":"APPROVED","kyc_accounts":[{"account_number":"c7db5f957de1b70c5984c966358f46502ba6818a0a2cfd32875536eb7f080ebd","account_holder_name":"Mahbub Ahmad","psp_branch_or_agent":{"id":"a7fb910f-6abd-4ae8-81e1-f5bd345de46b","name":"Chawk Bazar"},"psp_id":"4171b743-6f3e-438d-a662-ce412efdbe12","psp_branch_or_agent_id":"a7fb910f-6abd-4ae8-81e1-f5bd345de46b","psp_account_type_id":"de0b99cb-566c-4ba8-a2c0-5e9df1356b27","psp_account_type":{"name":"Bank Account "}}],"client_app_id":"ef7551e0-936a-4727-8efd-6c77a156df9e","client_app":{"name":"ACME BANK"}},{"status":"APPROVED","kyc_accounts":[{"account_number":"d1326bd8a492c29bbe9e018b698bd5ba448f29b9c528526ae114ea8d1228ee74","account_holder_name":"Redwan-ul Karim Ansari","psp_branch_or_agent":{"id":"cea07b09-8fe2-4ef7-9c6e-53084e3db14a","name":"Banani"},"psp_id":"4171b743-6f3e-438d-a662-ce412efdbe12","psp_branch_or_agent_id":"cea07b09-8fe2-4ef7-9c6e-53084e3db14a","psp_account_type_id":"de0b99cb-566c-4ba8-a2c0-5e9df1356b27","psp_account_type":{"name":"Bank Account "}}],"client_app_id":"ef7551e0-936a-4727-8efd-6c77a156df9e","client_app":{"name":"ACME BANK"}},{"status":"APPROVED","kyc_accounts":[{"account_number":"1f9ea113ccfbc8bc52bb3a80118fec287b6087687c49989864f40729c5d890fe","account_holder_name":"Mehedi Hasan","psp_branch_or_agent":{"id":"8c403334-4eab-4d1a-8a06-97b34601fb93","name":"Gulshan"},"psp_id":"4171b743-6f3e-438d-a662-ce412efdbe12","psp_branch_or_agent_id":"8c403334-4eab-4d1a-8a06-97b34601fb93","psp_account_type_id":"de0b99cb-566c-4ba8-a2c0-5e9df1356b27","psp_account_type":{"name":"Bank Account "}}],"client_app_id":"ef7551e0-936a-4727-8efd-6c77a156df9e","client_app":{"name":"ACME BANK"}},{"status":"APPROVED","kyc_accounts":[{"account_number":"f21431aa3d924d7b3caff14fdfa86f269a61d3208ee40a3a994c4c5f0da2cb9f","account_holder_name":"Muqtasid Haque","psp_branch_or_agent":{"id":"8c403334-4eab-4d1a-8a06-97b34601fb93","name":"Gulshan"},"psp_id":"4171b743-6f3e-438d-a662-ce412efdbe12","psp_branch_or_agent_id":"8c403334-4eab-4d1a-8a06-97b34601fb93","psp_account_type_id":"de0b99cb-566c-4ba8-a2c0-5e9df1356b27","psp_account_type":{"name":"Bank Account "}}],"client_app_id":"ef7551e0-936a-4727-8efd-6c77a156df9e","client_app":{"name":"ACME BANK"}},{"status":"INITIATED","kyc_accounts":[{"account_number":"1f9ea113ccfbc8bc52bb3a80118fec287b6087687c49989864f40729c5d890fe","account_holder_name":"Mehedi Hasan","psp_branch_or_agent":{"id":"3b73c245-912e-42c2-8e50-d619c0530e47","name":"Head Office"},"psp_id":"4171b743-6f3e-438d-a662-ce412efdbe12","psp_branch_or_agent_id":"3b73c245-912e-42c2-8e50-d619c0530e47","psp_account_type_id":"de0b99cb-566c-4ba8-a2c0-5e9df1356b27","psp_account_type":{"name":"Bank Account "}}],"client_app_id":"ef7551e0-936a-4727-8efd-6c77a156df9e","client_app":{"name":"ACME BANK"}},{"status":"APPROVED","kyc_accounts":[{"account_number":"1f9ea113ccfbc8bc52bb3a80118fec287b6087687c49989864f40729c5d890fe","account_holder_name":"Mehedi Hasan","psp_branch_or_agent":{"id":"e24c5ccf-723d-4a56-9d2f-418aff592c1e","name":"Dhanmondi"},"psp_id":"4171b743-6f3e-438d-a662-ce412efdbe12","psp_branch_or_agent_id":"e24c5ccf-723d-4a56-9d2f-418aff592c1e","psp_account_type_id":"de0b99cb-566c-4ba8-a2c0-5e9df1356b27","psp_account_type":{"name":"Bank Account "}}],"client_app_id":"ef7551e0-936a-4727-8efd-6c77a156df9e","client_app":{"name":"ACME BANK"}},{"status":"INITIATED","kyc_accounts":[{"account_number":"d2fcd8c8ea71c7d0400c30ed4c66bdcec3383858216f7c435156b44b4302e202","account_holder_name":"Monir Hossan","psp_branch_or_agent":{"id":"cea07b09-8fe2-4ef7-9c6e-53084e3db14a","name":"Banani"},"psp_id":"4171b743-6f3e-438d-a662-ce412efdbe12","psp_branch_or_agent_id":"cea07b09-8fe2-4ef7-9c6e-53084e3db14a","psp_account_type_id":"de0b99cb-566c-4ba8-a2c0-5e9df1356b27","psp_account_type":{"name":"Bank Account "}}],"client_app_id":"ef7551e0-936a-4727-8efd-6c77a156df9e","client_app":{"name":"ACME BANK"}}],"skip":0}}}

Account Holder name = Mahbub Ahmad
Account Holder name = Mehedi Hasan
Account Holder name = Muhammad Mozzammel Haque
Account Holder name = Mehedi Hasan
Account Holder name = Mehedi Hasan
]]></system-out>
  <system-err><![CDATA[]]></system-err>
</testsuite>
